[log] tee initialized at 2025-11-05 01:05:10 -> temp_Bidi_cvae\session_20251105-010510.log
Using CUDA device 0: NVIDIA GeForce RTX 4060 Laptop GPU
[log] tee initialized at 2025-11-05 01:05:13 -> temp_Bidi_cvae\cvae_20251105-010513\train.log
[L_trust] using 20000 ref rows from temp_Bidi_cvae\proxy\proxy_Ytr_norm.npy
 >> Epoch 001 | Train Total=94.3115 | Val post/prior Total=44173520.0601/1.1174, Recon post/prior=18.6671/0.7920, KL=440598980.0972, CycSim post/prior=0.1786/0.1349, CycMeas=0.2012, PriorBnd post/prior=5.59e+00/1.42e-03 | Best inf | Patience 1/40
[Update] best val_cyc_meas improved to 0.201151 @ epoch 1
 >> Epoch 002 | Train Total=0.4688 | Val post/prior Total=3719.0696/1.0118, Recon post/prior=1.2915/0.7533, KL=36223.0722, CycSim post/prior=0.1409/0.0977, CycMeas=0.1738, PriorBnd post/prior=1.30e-01/4.56e-04 | Best 0.2012 | Patience 1/40
[Update] best val_cyc_meas improved to 0.173766 @ epoch 2
 >> Epoch 003 | Train Total=0.3550 | Val post/prior Total=763.3879/0.9773, Recon post/prior=0.7926/0.7397, KL=7616.8394, CycSim post/prior=0.1321/0.0918, CycMeas=0.1567, PriorBnd post/prior=1.36e-02/2.94e-04 | Best 0.1738 | Patience 1/40
[Update] best val_cyc_meas improved to 0.156660 @ epoch 3
 >> Epoch 004 | Train Total=0.3205 | Val post/prior Total=197.0259/0.9458, Recon post/prior=0.9158/0.7285, KL=1795.1525, CycSim post/prior=0.1166/0.0704, CycMeas=0.1628, PriorBnd post/prior=6.20e-02/2.98e-04 | Best 0.1567 | Patience 1/40
 >> Epoch 005 | Train Total=0.3023 | Val post/prior Total=5.2247/0.9307, Recon post/prior=0.7399/0.7278, KL=43.2704, CycSim post/prior=0.1132/0.0782, CycMeas=0.1335, PriorBnd post/prior=1.86e-03/1.98e-04 | Best 0.1567 | Patience 2/40
[Update] best val_cyc_meas improved to 0.133486 @ epoch 5
 >> Epoch 006 | Train Total=0.2914 | Val post/prior Total=17.7940/0.9124, Recon post/prior=0.7609/0.7188, KL=162.0708, CycSim post/prior=0.1070/0.0651, CycMeas=0.1411, PriorBnd post/prior=9.78e-03/1.99e-04 | Best 0.1335 | Patience 1/40
 >> Epoch 007 | Train Total=0.2836 | Val post/prior Total=1.3028/0.9174, Recon post/prior=0.7257/0.7166, KL=4.4312, CycSim post/prior=0.1041/0.0695, CycMeas=0.1435, PriorBnd post/prior=1.48e-03/1.61e-04 | Best 0.1335 | Patience 2/40
 >> Epoch 008 | Train Total=0.2791 | Val post/prior Total=2.5721/0.8894, Recon post/prior=0.7328/0.7149, KL=16.6074, CycSim post/prior=0.0967/0.0635, CycMeas=0.1195, PriorBnd post/prior=2.94e-03/1.39e-04 | Best 0.1335 | Patience 3/40
[Update] best val_cyc_meas improved to 0.119525 @ epoch 8
 >> Epoch 009 | Train Total=0.2747 | Val post/prior Total=2.1318/0.8897, Recon post/prior=0.7383/0.7124, KL=10.6067, CycSim post/prior=0.0963/0.0615, CycMeas=0.1259, PriorBnd post/prior=6.02e-03/1.18e-04 | Best 0.1195 | Patience 1/40
 >> Epoch 010 | Train Total=0.2721 | Val post/prior Total=1.3907/0.8772, Recon post/prior=0.7289/0.7089, KL=4.8070, CycSim post/prior=0.0926/0.0579, CycMeas=0.1201, PriorBnd post/prior=4.32e-03/1.28e-04 | Best 0.1195 | Patience 2/40
 >> Epoch 011 | Train Total=0.2701 | Val post/prior Total=1.1621/0.8645, Recon post/prior=0.7198/0.7060, KL=3.0148, CycSim post/prior=0.0918/0.0559, CycMeas=0.1106, PriorBnd post/prior=2.63e-03/1.22e-04 | Best 0.1195 | Patience 3/40
[Update] best val_cyc_meas improved to 0.110555 @ epoch 11
 >> Epoch 012 | Train Total=0.2690 | Val post/prior Total=0.9018/0.8745, Recon post/prior=0.7159/0.7069, KL=0.6305, CycSim post/prior=0.0915/0.0585, CycMeas=0.1181, PriorBnd post/prior=1.70e-03/9.47e-05 | Best 0.1106 | Patience 1/40
 >> Epoch 013 | Train Total=0.2673 | Val post/prior Total=0.8987/0.8784, Recon post/prior=0.7157/0.7063, KL=0.6344, CycSim post/prior=0.0892/0.0598, CycMeas=0.1220, PriorBnd post/prior=1.40e-03/8.13e-05 | Best 0.1106 | Patience 2/40
 >> Epoch 014 | Train Total=0.2649 | Val post/prior Total=0.8823/0.8689, Recon post/prior=0.7119/0.7021, KL=0.4350, CycSim post/prior=0.0934/0.0614, CycMeas=0.1127, PriorBnd post/prior=1.75e-03/8.23e-05 | Best 0.1106 | Patience 3/40
 >> Epoch 015 | Train Total=0.2647 | Val post/prior Total=0.8774/0.8754, Recon post/prior=0.7123/0.7031, KL=0.3138, CycSim post/prior=0.0928/0.0659, CycMeas=0.1130, PriorBnd post/prior=1.78e-03/8.50e-05 | Best 0.1106 | Patience 4/40
 >> Epoch 016 | Train Total=0.2630 | Val post/prior Total=0.8389/0.8516, Recon post/prior=0.7044/0.6967, KL=0.2407, CycSim post/prior=0.0849/0.0534, CycMeas=0.1097, PriorBnd post/prior=1.34e-03/7.98e-05 | Best 0.1106 | Patience 5/40
[Update] best val_cyc_meas improved to 0.109716 @ epoch 16
 >> Epoch 017 | Train Total=0.2614 | Val post/prior Total=0.8179/0.8447, Recon post/prior=0.7008/0.6956, KL=0.1392, CycSim post/prior=0.0828/0.0513, CycMeas=0.1055, PriorBnd post/prior=4.86e-04/8.66e-05 | Best 0.1097 | Patience 1/40
[Update] best val_cyc_meas improved to 0.105463 @ epoch 17
 >> Epoch 018 | Train Total=0.2608 | Val post/prior Total=0.8169/0.8463, Recon post/prior=0.7019/0.6957, KL=0.1361, CycSim post/prior=0.0803/0.0509, CycMeas=0.1081, PriorBnd post/prior=9.36e-04/7.02e-05 | Best 0.1055 | Patience 1/40
 >> Epoch 019 | Train Total=0.2594 | Val post/prior Total=0.8146/0.8475, Recon post/prior=0.7006/0.6956, KL=0.1103, CycSim post/prior=0.0826/0.0557, CycMeas=0.1026, PriorBnd post/prior=7.29e-04/6.43e-05 | Best 0.1055 | Patience 2/40
[Update] best val_cyc_meas improved to 0.102618 @ epoch 19
 >> Epoch 020 | Train Total=0.2599 | Val post/prior Total=0.8239/0.8383, Recon post/prior=0.7022/0.6925, KL=0.0678, CycSim post/prior=0.0817/0.0522, CycMeas=0.1000, PriorBnd post/prior=1.72e-03/8.41e-05 | Best 0.1026 | Patience 1/40
[Update] best val_cyc_meas improved to 0.099965 @ epoch 20
 >> Epoch 021 | Train Total=0.2590 | Val post/prior Total=0.8093/0.8410, Recon post/prior=0.6977/0.6921, KL=0.0807, CycSim post/prior=0.0815/0.0526, CycMeas=0.1032, PriorBnd post/prior=8.58e-04/6.48e-05 | Best 0.1000 | Patience 1/40
 >> Epoch 022 | Train Total=0.2572 | Val post/prior Total=0.8032/0.8441, Recon post/prior=0.6973/0.6934, KL=0.0415, CycSim post/prior=0.0817/0.0567, CycMeas=0.0995, PriorBnd post/prior=5.03e-04/6.98e-05 | Best 0.1000 | Patience 2/40
[Update] best val_cyc_meas improved to 0.099488 @ epoch 22
 >> Epoch 023 | Train Total=0.2566 | Val post/prior Total=0.8085/0.8533, Recon post/prior=0.6961/0.6914, KL=0.0467, CycSim post/prior=0.0865/0.0590, CycMeas=0.1101, PriorBnd post/prior=5.92e-04/5.63e-05 | Best 0.0995 | Patience 1/40
 >> Epoch 024 | Train Total=0.2554 | Val post/prior Total=0.8001/0.8427, Recon post/prior=0.6947/0.6912, KL=0.0331, CycSim post/prior=0.0824/0.0568, CycMeas=0.1004, PriorBnd post/prior=4.03e-04/5.09e-05 | Best 0.0995 | Patience 2/40
 >> Epoch 025 | Train Total=0.2553 | Val post/prior Total=0.8031/0.8409, Recon post/prior=0.6943/0.6895, KL=0.0467, CycSim post/prior=0.0835/0.0555, CycMeas=0.1022, PriorBnd post/prior=5.77e-04/5.66e-05 | Best 0.0995 | Patience 3/40
 >> Epoch 026 | Train Total=0.2556 | Val post/prior Total=0.7939/0.8296, Recon post/prior=0.6907/0.6856, KL=0.0503, CycSim post/prior=0.0779/0.0497, CycMeas=0.1015, PriorBnd post/prior=8.13e-04/6.10e-05 | Best 0.0995 | Patience 4/40
 >> Epoch 027 | Train Total=0.2558 | Val post/prior Total=0.7911/0.8421, Recon post/prior=0.6943/0.6916, KL=0.0311, CycSim post/prior=0.0755/0.0543, CycMeas=0.1028, PriorBnd post/prior=2.48e-04/5.03e-05 | Best 0.0995 | Patience 5/40
 >> Epoch 028 | Train Total=0.2562 | Val post/prior Total=0.7897/0.8209, Recon post/prior=0.6881/0.6817, KL=0.0374, CycSim post/prior=0.0762/0.0463, CycMeas=0.1003, PriorBnd post/prior=1.04e-03/6.31e-05 | Best 0.0995 | Patience 6/40
 >> Epoch 029 | Train Total=0.2571 | Val post/prior Total=0.7787/0.8162, Recon post/prior=0.6835/0.6795, KL=0.0324, CycSim post/prior=0.0738/0.0452, CycMeas=0.0989, PriorBnd post/prior=3.54e-04/5.83e-05 | Best 0.0995 | Patience 7/40
[Update] best val_cyc_meas improved to 0.098909 @ epoch 29
 >> Epoch 030 | Train Total=0.2550 | Val post/prior Total=0.7801/0.8175, Recon post/prior=0.6842/0.6790, KL=0.0365, CycSim post/prior=0.0731/0.0450, CycMeas=0.1014, PriorBnd post/prior=6.03e-04/7.50e-05 | Best 0.0989 | Patience 1/40
 >> Epoch 031 | Train Total=0.2559 | Val post/prior Total=0.7768/0.8181, Recon post/prior=0.6830/0.6786, KL=0.0305, CycSim post/prior=0.0721/0.0454, CycMeas=0.1022, PriorBnd post/prior=5.43e-04/5.37e-05 | Best 0.0989 | Patience 2/40
 >> Epoch 032 | Train Total=0.2548 | Val post/prior Total=0.7768/0.8205, Recon post/prior=0.6836/0.6801, KL=0.0284, CycSim post/prior=0.0725/0.0472, CycMeas=0.1007, PriorBnd post/prior=3.30e-04/5.15e-05 | Best 0.0989 | Patience 3/40
 >> Epoch 033 | Train Total=0.2548 | Val post/prior Total=0.7968/0.8504, Recon post/prior=0.6900/0.6876, KL=0.0454, CycSim post/prior=0.0827/0.0622, CycMeas=0.1063, PriorBnd post/prior=2.12e-04/4.96e-05 | Best 0.0989 | Patience 4/40
 >> Epoch 034 | Train Total=0.2545 | Val post/prior Total=0.7751/0.8116, Recon post/prior=0.6796/0.6747, KL=0.0282, CycSim post/prior=0.0739/0.0451, CycMeas=0.0994, PriorBnd post/prior=4.33e-04/6.93e-05 | Best 0.0989 | Patience 5/40
 >> Epoch 035 | Train Total=0.2563 | Val post/prior Total=0.7756/0.8124, Recon post/prior=0.6790/0.6737, KL=0.0272, CycSim post/prior=0.0746/0.0465, CycMeas=0.0994, PriorBnd post/prior=7.22e-04/5.87e-05 | Best 0.0989 | Patience 6/40
 >> Epoch 036 | Train Total=0.2560 | Val post/prior Total=0.7758/0.8159, Recon post/prior=0.6801/0.6747, KL=0.0268, CycSim post/prior=0.0736/0.0479, CycMeas=0.1004, PriorBnd post/prior=7.47e-04/6.55e-05 | Best 0.0989 | Patience 7/40
 >> Epoch 037 | Train Total=0.2566 | Val post/prior Total=0.7783/0.8171, Recon post/prior=0.6792/0.6741, KL=0.0267, CycSim post/prior=0.0765/0.0498, CycMeas=0.0998, PriorBnd post/prior=6.34e-04/6.75e-05 | Best 0.0989 | Patience 8/40
 >> Epoch 038 | Train Total=0.2570 | Val post/prior Total=0.7672/0.8082, Recon post/prior=0.6758/0.6722, KL=0.0260, CycSim post/prior=0.0711/0.0446, CycMeas=0.0990, PriorBnd post/prior=2.13e-04/5.90e-05 | Best 0.0989 | Patience 9/40
 >> Epoch 039 | Train Total=0.2565 | Val post/prior Total=0.7728/0.8171, Recon post/prior=0.6761/0.6710, KL=0.0272, CycSim post/prior=0.0748/0.0468, CycMeas=0.1082, PriorBnd post/prior=5.25e-04/6.45e-05 | Best 0.0989 | Patience 10/40
 >> Epoch 040 | Train Total=0.2565 | Val post/prior Total=0.7708/0.8159, Recon post/prior=0.6775/0.6740, KL=0.0235, CycSim post/prior=0.0729/0.0494, CycMeas=0.0990, PriorBnd post/prior=3.75e-04/4.51e-05 | Best 0.0989 | Patience 11/40
 >> Epoch 041 | Train Total=0.2582 | Val post/prior Total=0.7733/0.8128, Recon post/prior=0.6748/0.6705, KL=0.0253, CycSim post/prior=0.0769/0.0476, CycMeas=0.1022, PriorBnd post/prior=3.65e-04/6.44e-05 | Best 0.0989 | Patience 12/40
 >> Epoch 042 | Train Total=0.2569 | Val post/prior Total=0.7711/0.8184, Recon post/prior=0.6753/0.6711, KL=0.0239, CycSim post/prior=0.0748/0.0478, CycMeas=0.1082, PriorBnd post/prior=4.42e-04/6.96e-05 | Best 0.0989 | Patience 13/40
 >> Epoch 043 | Train Total=0.2583 | Val post/prior Total=0.7630/0.8135, Recon post/prior=0.6743/0.6708, KL=0.0219, CycSim post/prior=0.0688/0.0455, CycMeas=0.1060, PriorBnd post/prior=5.37e-04/4.86e-05 | Best 0.0989 | Patience 14/40
 >> Epoch 044 | Train Total=0.2593 | Val post/prior Total=0.7697/0.8156, Recon post/prior=0.6763/0.6736, KL=0.0208, CycSim post/prior=0.0735/0.0497, CycMeas=0.0990, PriorBnd post/prior=1.14e-04/3.86e-05 | Best 0.0989 | Patience 15/40
 >> Epoch 045 | Train Total=0.2588 | Val post/prior Total=0.7638/0.8034, Recon post/prior=0.6718/0.6679, KL=0.0234, CycSim post/prior=0.0717/0.0440, CycMeas=0.0990, PriorBnd post/prior=3.35e-04/6.79e-05 | Best 0.0989 | Patience 16/40
 >> Epoch 046 | Train Total=0.2601 | Val post/prior Total=0.7612/0.8042, Recon post/prior=0.6722/0.6681, KL=0.0222, CycSim post/prior=0.0693/0.0445, CycMeas=0.0992, PriorBnd post/prior=4.19e-04/5.17e-05 | Best 0.0989 | Patience 17/40
 >> Epoch 047 | Train Total=0.2589 | Val post/prior Total=0.7610/0.8026, Recon post/prior=0.6717/0.6674, KL=0.0224, CycSim post/prior=0.0693/0.0440, CycMeas=0.0987, PriorBnd post/prior=4.75e-04/5.59e-05 | Best 0.0989 | Patience 18/40
[Update] best val_cyc_meas improved to 0.098694 @ epoch 47
 >> Epoch 048 | Train Total=0.2604 | Val post/prior Total=0.7659/0.8064, Recon post/prior=0.6713/0.6674, KL=0.0215, CycSim post/prior=0.0744/0.0469, CycMeas=0.0993, PriorBnd post/prior=1.71e-04/4.74e-05 | Best 0.0987 | Patience 1/40
 >> Epoch 049 | Train Total=0.2599 | Val post/prior Total=0.7671/0.8069, Recon post/prior=0.6697/0.6653, KL=0.0213, CycSim post/prior=0.0764/0.0473, CycMeas=0.1017, PriorBnd post/prior=3.55e-04/6.23e-05 | Best 0.0987 | Patience 2/40
 >> Epoch 050 | Train Total=0.2605 | Val post/prior Total=0.7767/0.8248, Recon post/prior=0.6768/0.6736, KL=0.0199, CycSim post/prior=0.0786/0.0550, CycMeas=0.1025, PriorBnd post/prior=4.23e-04/4.29e-05 | Best 0.0987 | Patience 3/40
 >> Epoch 051 | Train Total=0.2624 | Val post/prior Total=0.7637/0.8024, Recon post/prior=0.6694/0.6648, KL=0.0216, CycSim post/prior=0.0736/0.0446, CycMeas=0.1008, PriorBnd post/prior=4.99e-04/5.74e-05 | Best 0.0987 | Patience 4/40
 >> Epoch 052 | Train Total=0.2624 | Val post/prior Total=0.7591/0.7972, Recon post/prior=0.6682/0.6632, KL=0.0223, CycSim post/prior=0.0708/0.0422, CycMeas=0.0999, PriorBnd post/prior=4.16e-04/6.23e-05 | Best 0.0987 | Patience 5/40
 >> Epoch 053 | Train Total=0.2631 | Val post/prior Total=0.7592/0.7978, Recon post/prior=0.6677/0.6631, KL=0.0213, CycSim post/prior=0.0713/0.0437, CycMeas=0.0985, PriorBnd post/prior=3.68e-04/6.08e-05 | Best 0.0987 | Patience 6/40
[Update] best val_cyc_meas improved to 0.098476 @ epoch 53
 >> Epoch 054 | Train Total=0.2637 | Val post/prior Total=0.7562/0.7939, Recon post/prior=0.6664/0.6620, KL=0.0209, CycSim post/prior=0.0702/0.0414, CycMeas=0.0984, PriorBnd post/prior=2.32e-04/5.93e-05 | Best 0.0985 | Patience 1/40
[Update] best val_cyc_meas improved to 0.098356 @ epoch 54
 >> Epoch 055 | Train Total=0.2634 | Val post/prior Total=0.7591/0.8030, Recon post/prior=0.6689/0.6649, KL=0.0189, CycSim post/prior=0.0707/0.0461, CycMeas=0.0992, PriorBnd post/prior=3.53e-04/5.29e-05 | Best 0.0984 | Patience 1/40
 >> Epoch 056 | Train Total=0.2648 | Val post/prior Total=0.7573/0.8018, Recon post/prior=0.6686/0.6654, KL=0.0200, CycSim post/prior=0.0695/0.0446, CycMeas=0.0993, PriorBnd post/prior=1.34e-04/4.69e-05 | Best 0.0984 | Patience 2/40
 >> Epoch 057 | Train Total=0.2660 | Val post/prior Total=0.7636/0.8053, Recon post/prior=0.6694/0.6652, KL=0.0202, CycSim post/prior=0.0737/0.0481, CycMeas=0.0987, PriorBnd post/prior=4.26e-04/4.72e-05 | Best 0.0984 | Patience 3/40
 >> Epoch 058 | Train Total=0.2658 | Val post/prior Total=0.7545/0.7953, Recon post/prior=0.6662/0.6614, KL=0.0190, CycSim post/prior=0.0688/0.0430, CycMeas=0.0985, PriorBnd post/prior=3.95e-04/6.33e-05 | Best 0.0984 | Patience 4/40
 >> Epoch 059 | Train Total=0.2666 | Val post/prior Total=0.7621/0.8029, Recon post/prior=0.6679/0.6632, KL=0.0183, CycSim post/prior=0.0735/0.0474, CycMeas=0.0992, PriorBnd post/prior=4.34e-04/5.85e-05 | Best 0.0984 | Patience 5/40
 >> Epoch 060 | Train Total=0.2678 | Val post/prior Total=0.7565/0.8002, Recon post/prior=0.6683/0.6638, KL=0.0198, CycSim post/prior=0.0686/0.0433, CycMeas=0.1014, PriorBnd post/prior=4.05e-04/4.82e-05 | Best 0.0984 | Patience 6/40
 >> Epoch 061 | Train Total=0.2690 | Val post/prior Total=0.7548/0.7995, Recon post/prior=0.6681/0.6644, KL=0.0189, CycSim post/prior=0.0678/0.0440, CycMeas=0.0985, PriorBnd post/prior=2.97e-04/5.19e-05 | Best 0.0984 | Patience 7/40
 >> Epoch 062 | Train Total=0.2675 | Val post/prior Total=0.7620/0.8039, Recon post/prior=0.6696/0.6654, KL=0.0201, CycSim post/prior=0.0721/0.0470, CycMeas=0.0985, PriorBnd post/prior=4.61e-04/4.91e-05 | Best 0.0984 | Patience 8/40
 >> Epoch 063 | Train Total=0.2685 | Val post/prior Total=0.7563/0.7985, Recon post/prior=0.6675/0.6632, KL=0.0191, CycSim post/prior=0.0693/0.0439, CycMeas=0.0990, PriorBnd post/prior=3.75e-04/5.37e-05 | Best 0.0984 | Patience 9/40
 >> Epoch 064 | Train Total=0.2690 | Val post/prior Total=0.7539/0.7926, Recon post/prior=0.6651/0.6607, KL=0.0193, CycSim post/prior=0.0693/0.0413, CycMeas=0.0985, PriorBnd post/prior=3.50e-04/5.77e-05 | Best 0.0984 | Patience 10/40
 >> Epoch 065 | Train Total=0.2718 | Val post/prior Total=0.7564/0.7977, Recon post/prior=0.6673/0.6628, KL=0.0205, CycSim post/prior=0.0696/0.0439, CycMeas=0.0984, PriorBnd post/prior=4.45e-04/5.45e-05 | Best 0.0984 | Patience 11/40
 >> Epoch 066 | Train Total=0.2690 | Val post/prior Total=0.7555/0.7969, Recon post/prior=0.6668/0.6625, KL=0.0186, CycSim post/prior=0.0694/0.0435, CycMeas=0.0984, PriorBnd post/prior=3.12e-04/5.59e-05 | Best 0.0984 | Patience 12/40
 >> Epoch 067 | Train Total=0.2707 | Val post/prior Total=0.7643/0.8075, Recon post/prior=0.6688/0.6655, KL=0.0199, CycSim post/prior=0.0752/0.0502, CycMeas=0.0981, PriorBnd post/prior=1.56e-04/5.13e-05 | Best 0.0984 | Patience 13/40
[Update] best val_cyc_meas improved to 0.098124 @ epoch 67
 >> Epoch 068 | Train Total=0.2740 | Val post/prior Total=0.7580/0.8034, Recon post/prior=0.6684/0.6647, KL=0.0181, CycSim post/prior=0.0703/0.0472, CycMeas=0.0982, PriorBnd post/prior=2.68e-04/4.90e-05 | Best 0.0981 | Patience 1/40
 >> Epoch 069 | Train Total=0.2734 | Val post/prior Total=0.7562/0.7943, Recon post/prior=0.6653/0.6604, KL=0.0193, CycSim post/prior=0.0712/0.0431, CycMeas=0.0984, PriorBnd post/prior=3.30e-04/5.55e-05 | Best 0.0981 | Patience 2/40
 >> Epoch 070 | Train Total=0.2748 | Val post/prior Total=0.7535/0.7973, Recon post/prior=0.6654/0.6615, KL=0.0189, CycSim post/prior=0.0689/0.0437, CycMeas=0.1000, PriorBnd post/prior=2.74e-04/5.49e-05 | Best 0.0981 | Patience 3/40
 >> Epoch 071 | Train Total=0.2743 | Val post/prior Total=0.7632/0.7951, Recon post/prior=0.6671/0.6601, KL=0.0192, CycSim post/prior=0.0730/0.0440, CycMeas=0.0983, PriorBnd post/prior=8.95e-04/6.66e-05 | Best 0.0981 | Patience 4/40
 >> Epoch 072 | Train Total=0.2756 | Val post/prior Total=0.7539/0.7924, Recon post/prior=0.6636/0.6582, KL=0.0192, CycSim post/prior=0.0705/0.0425, CycMeas=0.0996, PriorBnd post/prior=4.97e-04/6.31e-05 | Best 0.0981 | Patience 5/40
 >> Epoch 073 | Train Total=0.2763 | Val post/prior Total=0.7554/0.7946, Recon post/prior=0.6653/0.6606, KL=0.0179, CycSim post/prior=0.0705/0.0435, CycMeas=0.0979, PriorBnd post/prior=3.57e-04/5.51e-05 | Best 0.0981 | Patience 6/40
[Update] best val_cyc_meas improved to 0.097945 @ epoch 73
 >> Epoch 074 | Train Total=0.2781 | Val post/prior Total=0.7546/0.7966, Recon post/prior=0.6651/0.6613, KL=0.0177, CycSim post/prior=0.0702/0.0442, CycMeas=0.0985, PriorBnd post/prior=2.29e-04/5.70e-05 | Best 0.0979 | Patience 1/40
 >> Epoch 075 | Train Total=0.2781 | Val post/prior Total=0.7576/0.7964, Recon post/prior=0.6668/0.6620, KL=0.0196, CycSim post/prior=0.0707/0.0438, CycMeas=0.0980, PriorBnd post/prior=4.51e-04/5.40e-05 | Best 0.0979 | Patience 2/40
 >> Epoch 076 | Train Total=0.2788 | Val post/prior Total=0.7551/0.7936, Recon post/prior=0.6644/0.6587, KL=0.0204, CycSim post/prior=0.0698/0.0415, CycMeas=0.1020, PriorBnd post/prior=8.25e-04/6.39e-05 | Best 0.0979 | Patience 3/40
 >> Epoch 077 | Train Total=0.2793 | Val post/prior Total=0.8049/0.8599, Recon post/prior=0.6823/0.6799, KL=0.0342, CycSim post/prior=0.0969/0.0777, CycMeas=0.1050, PriorBnd post/prior=3.33e-04/5.05e-05 | Best 0.0979 | Patience 4/40
 >> Epoch 078 | Train Total=0.2801 | Val post/prior Total=0.7788/0.8268, Recon post/prior=0.6743/0.6711, KL=0.0236, CycSim post/prior=0.0824/0.0610, CycMeas=0.0992, PriorBnd post/prior=3.21e-04/4.55e-05 | Best 0.0979 | Patience 5/40
 >> Epoch 079 | Train Total=0.2819 | Val post/prior Total=0.7564/0.8006, Recon post/prior=0.6657/0.6621, KL=0.0176, CycSim post/prior=0.0713/0.0469, CycMeas=0.0985, PriorBnd post/prior=1.94e-04/4.55e-05 | Best 0.0979 | Patience 6/40
 >> Epoch 080 | Train Total=0.2828 | Val post/prior Total=0.7539/0.7934, Recon post/prior=0.6638/0.6596, KL=0.0185, CycSim post/prior=0.0705/0.0428, CycMeas=0.0986, PriorBnd post/prior=2.54e-04/5.89e-05 | Best 0.0979 | Patience 7/40
 >> Epoch 081 | Train Total=0.2839 | Val post/prior Total=0.7586/0.7918, Recon post/prior=0.6643/0.6574, KL=0.0199, CycSim post/prior=0.0719/0.0418, CycMeas=0.1007, PriorBnd post/prior=1.05e-03/6.58e-05 | Best 0.0979 | Patience 8/40
 >> Epoch 082 | Train Total=0.2833 | Val post/prior Total=0.8230/0.8865, Recon post/prior=0.6906/0.6893, KL=0.0400, CycSim post/prior=0.1048/0.0884, CycMeas=0.1105, PriorBnd post/prior=8.05e-05/4.69e-05 | Best 0.0979 | Patience 9/40
 >> Epoch 083 | Train Total=0.2852 | Val post/prior Total=0.7647/0.8115, Recon post/prior=0.6693/0.6662, KL=0.0174, CycSim post/prior=0.0753/0.0520, CycMeas=0.0996, PriorBnd post/prior=2.81e-04/4.58e-05 | Best 0.0979 | Patience 10/40
 >> Epoch 084 | Train Total=0.2849 | Val post/prior Total=0.7515/0.7949, Recon post/prior=0.6649/0.6606, KL=0.0181, CycSim post/prior=0.0673/0.0436, CycMeas=0.0979, PriorBnd post/prior=4.47e-04/4.78e-05 | Best 0.0979 | Patience 11/40
[Update] best val_cyc_meas improved to 0.097930 @ epoch 84
 >> Epoch 085 | Train Total=0.2873 | Val post/prior Total=0.7527/0.7946, Recon post/prior=0.6636/0.6592, KL=0.0193, CycSim post/prior=0.0696/0.0434, CycMeas=0.0997, PriorBnd post/prior=3.07e-04/5.39e-05 | Best 0.0979 | Patience 1/40
 >> Epoch 086 | Train Total=0.2864 | Val post/prior Total=0.7534/0.7936, Recon post/prior=0.6640/0.6592, KL=0.0183, CycSim post/prior=0.0694/0.0420, CycMeas=0.1006, PriorBnd post/prior=5.54e-04/5.68e-05 | Best 0.0979 | Patience 2/40
 >> Epoch 087 | Train Total=0.2872 | Val post/prior Total=0.7546/0.7940, Recon post/prior=0.6623/0.6583, KL=0.0187, CycSim post/prior=0.0725/0.0449, CycMeas=0.0979, PriorBnd post/prior=1.24e-04/5.46e-05 | Best 0.0979 | Patience 3/40
[Update] best val_cyc_meas improved to 0.097899 @ epoch 87
 >> Epoch 088 | Train Total=0.2895 | Val post/prior Total=0.7626/0.7945, Recon post/prior=0.6632/0.6565, KL=0.0201, CycSim post/prior=0.0766/0.0432, CycMeas=0.1032, PriorBnd post/prior=7.59e-04/7.16e-05 | Best 0.0979 | Patience 1/40
 >> Epoch 089 | Train Total=0.2895 | Val post/prior Total=0.7588/0.8002, Recon post/prior=0.6656/0.6612, KL=0.0184, CycSim post/prior=0.0731/0.0472, CycMeas=0.0987, PriorBnd post/prior=3.81e-04/5.58e-05 | Best 0.0979 | Patience 2/40
 >> Epoch 090 | Train Total=0.2911 | Val post/prior Total=0.7543/0.7952, Recon post/prior=0.6646/0.6600, KL=0.0188, CycSim post/prior=0.0699/0.0440, CycMeas=0.0987, PriorBnd post/prior=4.42e-04/5.67e-05 | Best 0.0979 | Patience 3/40
 >> Epoch 091 | Train Total=0.2904 | Val post/prior Total=0.7820/0.8329, Recon post/prior=0.6743/0.6717, KL=0.0182, CycSim post/prior=0.0856/0.0650, CycMeas=0.1001, PriorBnd post/prior=2.51e-04/3.55e-05 | Best 0.0979 | Patience 4/40
 >> Epoch 092 | Train Total=0.2909 | Val post/prior Total=0.7621/0.8007, Recon post/prior=0.6645/0.6601, KL=0.0209, CycSim post/prior=0.0766/0.0477, CycMeas=0.0998, PriorBnd post/prior=4.00e-04/5.93e-05 | Best 0.0979 | Patience 5/40
 >> Epoch 093 | Train Total=0.2921 | Val post/prior Total=0.7544/0.7933, Recon post/prior=0.6645/0.6599, KL=0.0192, CycSim post/prior=0.0702/0.0427, CycMeas=0.0985, PriorBnd post/prior=4.39e-04/5.60e-05 | Best 0.0979 | Patience 6/40
 >> Epoch 094 | Train Total=0.2946 | Val post/prior Total=0.7536/0.7940, Recon post/prior=0.6638/0.6593, KL=0.0187, CycSim post/prior=0.0701/0.0432, CycMeas=0.0991, PriorBnd post/prior=4.32e-04/5.32e-05 | Best 0.0979 | Patience 7/40
 >> Epoch 095 | Train Total=0.2938 | Val post/prior Total=0.7689/0.8170, Recon post/prior=0.6715/0.6681, KL=0.0194, CycSim post/prior=0.0769/0.0558, CycMeas=0.0984, PriorBnd post/prior=2.30e-04/4.00e-05 | Best 0.0979 | Patience 8/40
 >> Epoch 096 | Train Total=0.2948 | Val post/prior Total=0.7569/0.7906, Recon post/prior=0.6631/0.6577, KL=0.0207, CycSim post/prior=0.0733/0.0427, CycMeas=0.0976, PriorBnd post/prior=4.02e-04/5.87e-05 | Best 0.0979 | Patience 9/40
[Update] best val_cyc_meas improved to 0.097584 @ epoch 96
 >> Epoch 097 | Train Total=0.2951 | Val post/prior Total=0.7657/0.8077, Recon post/prior=0.6666/0.6630, KL=0.0193, CycSim post/prior=0.0781/0.0517, CycMeas=0.0992, PriorBnd post/prior=2.45e-04/5.05e-05 | Best 0.0976 | Patience 1/40
 >> Epoch 098 | Train Total=0.2964 | Val post/prior Total=0.7565/0.7940, Recon post/prior=0.6642/0.6590, KL=0.0198, CycSim post/prior=0.0719/0.0441, CycMeas=0.0982, PriorBnd post/prior=5.30e-04/6.14e-05 | Best 0.0976 | Patience 2/40
 >> Epoch 099 | Train Total=0.2983 | Val post/prior Total=0.7542/0.7937, Recon post/prior=0.6629/0.6581, KL=0.0193, CycSim post/prior=0.0715/0.0429, CycMeas=0.1008, PriorBnd post/prior=3.56e-04/6.17e-05 | Best 0.0976 | Patience 3/40
 >> Epoch 100 | Train Total=0.2975 | Val post/prior Total=0.7536/0.7894, Recon post/prior=0.6625/0.6572, KL=0.0193, CycSim post/prior=0.0710/0.0415, CycMeas=0.0984, PriorBnd post/prior=5.06e-04/6.26e-05 | Best 0.0976 | Patience 4/40
 >> Epoch 101 | Train Total=0.2986 | Val post/prior Total=0.7545/0.7886, Recon post/prior=0.6634/0.6573, KL=0.0200, CycSim post/prior=0.0701/0.0412, CycMeas=0.0978, PriorBnd post/prior=6.80e-04/6.56e-05 | Best 0.0976 | Patience 5/40
 >> Epoch 102 | Train Total=0.2981 | Val post/prior Total=0.7539/0.7936, Recon post/prior=0.6642/0.6600, KL=0.0189, CycSim post/prior=0.0700/0.0423, CycMeas=0.0992, PriorBnd post/prior=3.53e-04/5.55e-05 | Best 0.0976 | Patience 6/40
 >> Epoch 103 | Train Total=0.3010 | Val post/prior Total=0.7545/0.7960, Recon post/prior=0.6649/0.6606, KL=0.0188, CycSim post/prior=0.0700/0.0448, CycMeas=0.0978, PriorBnd post/prior=3.74e-04/6.08e-05 | Best 0.0976 | Patience 7/40
 >> Epoch 104 | Train Total=0.2995 | Val post/prior Total=0.7559/0.7975, Recon post/prior=0.6655/0.6610, KL=0.0179, CycSim post/prior=0.0705/0.0453, CycMeas=0.0984, PriorBnd post/prior=4.58e-04/5.96e-05 | Best 0.0976 | Patience 8/40
 >> Epoch 105 | Train Total=0.3037 | Val post/prior Total=0.7575/0.7975, Recon post/prior=0.6654/0.6614, KL=0.0196, CycSim post/prior=0.0722/0.0450, CycMeas=0.0984, PriorBnd post/prior=3.19e-04/5.23e-05 | Best 0.0976 | Patience 9/40
 >> Epoch 106 | Train Total=0.3040 | Val post/prior Total=0.8075/0.8676, Recon post/prior=0.6858/0.6842, KL=0.0371, CycSim post/prior=0.0961/0.0797, CycMeas=0.1062, PriorBnd post/prior=8.47e-05/4.20e-05 | Best 0.0976 | Patience 10/40
 >> Epoch 107 | Train Total=0.3048 | Val post/prior Total=0.7517/0.7897, Recon post/prior=0.6635/0.6584, KL=0.0195, CycSim post/prior=0.0687/0.0411, CycMeas=0.0980, PriorBnd post/prior=4.00e-04/6.08e-05 | Best 0.0976 | Patience 11/40
 >> Epoch 108 | Train Total=0.3041 | Val post/prior Total=0.7674/0.8139, Recon post/prior=0.6709/0.6669, KL=0.0207, CycSim post/prior=0.0754/0.0544, CycMeas=0.0979, PriorBnd post/prior=6.32e-04/5.70e-05 | Best 0.0976 | Patience 12/40
 >> Epoch 109 | Train Total=0.3059 | Val post/prior Total=0.7582/0.7896, Recon post/prior=0.6645/0.6575, KL=0.0212, CycSim post/prior=0.0723/0.0419, CycMeas=0.0978, PriorBnd post/prior=7.63e-04/6.33e-05 | Best 0.0976 | Patience 13/40
 >> Epoch 110 | Train Total=0.3074 | Val post/prior Total=0.7629/0.7999, Recon post/prior=0.6643/0.6595, KL=0.0181, CycSim post/prior=0.0777/0.0490, CycMeas=0.0977, PriorBnd post/prior=3.39e-04/5.06e-05 | Best 0.0976 | Patience 14/40
 >> Epoch 111 | Train Total=0.3048 | Val post/prior Total=0.7573/0.7928, Recon post/prior=0.6640/0.6583, KL=0.0187, CycSim post/prior=0.0720/0.0433, CycMeas=0.0987, PriorBnd post/prior=7.94e-04/5.73e-05 | Best 0.0976 | Patience 15/40
 >> Epoch 112 | Train Total=0.3054 | Val post/prior Total=0.7882/0.8426, Recon post/prior=0.6780/0.6759, KL=0.0324, CycSim post/prior=0.0866/0.0670, CycMeas=0.1040, PriorBnd post/prior=1.20e-04/4.63e-05 | Best 0.0976 | Patience 16/40
 >> Epoch 113 | Train Total=0.3075 | Val post/prior Total=0.7602/0.7996, Recon post/prior=0.6664/0.6618, KL=0.0209, CycSim post/prior=0.0734/0.0464, CycMeas=0.0983, PriorBnd post/prior=4.59e-04/5.61e-05 | Best 0.0976 | Patience 17/40
 >> Epoch 114 | Train Total=0.3076 | Val post/prior Total=0.7524/0.7941, Recon post/prior=0.6632/0.6590, KL=0.0195, CycSim post/prior=0.0698/0.0431, CycMeas=0.0998, PriorBnd post/prior=2.37e-04/5.65e-05 | Best 0.0976 | Patience 18/40
 >> Epoch 115 | Train Total=0.3091 | Val post/prior Total=0.7522/0.7899, Recon post/prior=0.6635/0.6586, KL=0.0203, CycSim post/prior=0.0689/0.0411, CycMeas=0.0980, PriorBnd post/prior=4.76e-04/5.32e-05 | Best 0.0976 | Patience 19/40
 >> Epoch 116 | Train Total=0.3071 | Val post/prior Total=0.7575/0.7929, Recon post/prior=0.6637/0.6584, KL=0.0213, CycSim post/prior=0.0731/0.0432, CycMeas=0.0988, PriorBnd post/prior=4.41e-04/6.26e-05 | Best 0.0976 | Patience 20/40
 >> Epoch 117 | Train Total=0.3066 | Val post/prior Total=0.7583/0.7945, Recon post/prior=0.6658/0.6600, KL=0.0190, CycSim post/prior=0.0711/0.0436, CycMeas=0.0983, PriorBnd post/prior=6.55e-04/6.20e-05 | Best 0.0976 | Patience 21/40
 >> Epoch 118 | Train Total=0.3056 | Val post/prior Total=0.7570/0.8000, Recon post/prior=0.6660/0.6622, KL=0.0177, CycSim post/prior=0.0715/0.0462, CycMeas=0.0988, PriorBnd post/prior=3.49e-04/4.33e-05 | Best 0.0976 | Patience 22/40
 >> Epoch 119 | Train Total=0.3063 | Val post/prior Total=0.7498/0.7922, Recon post/prior=0.6640/0.6600, KL=0.0184, CycSim post/prior=0.0671/0.0419, CycMeas=0.0980, PriorBnd post/prior=2.88e-04/5.37e-05 | Best 0.0976 | Patience 23/40
 >> Epoch 120 | Train Total=0.3076 | Val post/prior Total=0.7598/0.7952, Recon post/prior=0.6630/0.6573, KL=0.0204, CycSim post/prior=0.0751/0.0445, CycMeas=0.1012, PriorBnd post/prior=6.23e-04/6.39e-05 | Best 0.0976 | Patience 24/40
 >> Epoch 121 | Train Total=0.3072 | Val post/prior Total=0.7617/0.8028, Recon post/prior=0.6669/0.6624, KL=0.0187, CycSim post/prior=0.0743/0.0487, CycMeas=0.0983, PriorBnd post/prior=3.80e-04/5.53e-05 | Best 0.0976 | Patience 25/40
 >> Epoch 122 | Train Total=0.3068 | Val post/prior Total=0.7576/0.7979, Recon post/prior=0.6662/0.6609, KL=0.0188, CycSim post/prior=0.0711/0.0456, CycMeas=0.0986, PriorBnd post/prior=5.79e-04/5.05e-05 | Best 0.0976 | Patience 26/40
 >> Epoch 123 | Train Total=0.3084 | Val post/prior Total=0.7519/0.7916, Recon post/prior=0.6636/0.6581, KL=0.0192, CycSim post/prior=0.0685/0.0417, CycMeas=0.0998, PriorBnd post/prior=4.84e-04/5.92e-05 | Best 0.0976 | Patience 27/40
 >> Epoch 124 | Train Total=0.3064 | Val post/prior Total=0.7575/0.7949, Recon post/prior=0.6642/0.6590, KL=0.0196, CycSim post/prior=0.0729/0.0447, CycMeas=0.0984, PriorBnd post/prior=5.33e-04/5.82e-05 | Best 0.0976 | Patience 28/40
 >> Epoch 125 | Train Total=0.3054 | Val post/prior Total=0.7611/0.7979, Recon post/prior=0.6635/0.6576, KL=0.0195, CycSim post/prior=0.0759/0.0460, CycMeas=0.1020, PriorBnd post/prior=7.33e-04/6.36e-05 | Best 0.0976 | Patience 29/40
 >> Epoch 126 | Train Total=0.3070 | Val post/prior Total=0.7841/0.8339, Recon post/prior=0.6757/0.6730, KL=0.0225, CycSim post/prior=0.0860/0.0661, CycMeas=0.0981, PriorBnd post/prior=8.48e-05/3.58e-05 | Best 0.0976 | Patience 30/40
 >> Epoch 127 | Train Total=0.3072 | Val post/prior Total=0.7744/0.8177, Recon post/prior=0.6708/0.6666, KL=0.0200, CycSim post/prior=0.0817/0.0575, CycMeas=0.0986, PriorBnd post/prior=4.35e-04/5.05e-05 | Best 0.0976 | Patience 31/40
 >> Epoch 128 | Train Total=0.3045 | Val post/prior Total=0.7602/0.7993, Recon post/prior=0.6647/0.6605, KL=0.0233, CycSim post/prior=0.0748/0.0474, CycMeas=0.0981, PriorBnd post/prior=2.87e-04/5.84e-05 | Best 0.0976 | Patience 32/40
 >> Epoch 129 | Train Total=0.3062 | Val post/prior Total=0.7556/0.8001, Recon post/prior=0.6658/0.6622, KL=0.0193, CycSim post/prior=0.0704/0.0466, CycMeas=0.0982, PriorBnd post/prior=2.65e-04/5.77e-05 | Best 0.0976 | Patience 33/40
 >> Epoch 130 | Train Total=0.3055 | Val post/prior Total=0.7541/0.7975, Recon post/prior=0.6657/0.6616, KL=0.0179, CycSim post/prior=0.0689/0.0452, CycMeas=0.0977, PriorBnd post/prior=4.88e-04/5.12e-05 | Best 0.0976 | Patience 34/40
 >> Epoch 131 | Train Total=0.3052 | Val post/prior Total=0.7534/0.7915, Recon post/prior=0.6628/0.6581, KL=0.0187, CycSim post/prior=0.0709/0.0428, CycMeas=0.0981, PriorBnd post/prior=3.77e-04/5.51e-05 | Best 0.0976 | Patience 35/40
 >> Epoch 132 | Train Total=0.3053 | Val post/prior Total=0.7549/0.7914, Recon post/prior=0.6632/0.6580, KL=0.0195, CycSim post/prior=0.0715/0.0429, CycMeas=0.0979, PriorBnd post/prior=4.08e-04/6.02e-05 | Best 0.0976 | Patience 36/40
 >> Epoch 133 | Train Total=0.3063 | Val post/prior Total=0.7554/0.7978, Recon post/prior=0.6650/0.6610, KL=0.0181, CycSim post/prior=0.0710/0.0457, CycMeas=0.0981, PriorBnd post/prior=1.30e-04/4.72e-05 | Best 0.0976 | Patience 37/40
 >> Epoch 134 | Train Total=0.3056 | Val post/prior Total=0.7553/0.7897, Recon post/prior=0.6627/0.6572, KL=0.0207, CycSim post/prior=0.0719/0.0418, CycMeas=0.0985, PriorBnd post/prior=4.50e-04/6.64e-05 | Best 0.0976 | Patience 38/40
 >> Epoch 135 | Train Total=0.3065 | Val post/prior Total=0.7573/0.7930, Recon post/prior=0.6626/0.6573, KL=0.0202, CycSim post/prior=0.0736/0.0436, CycMeas=0.0998, PriorBnd post/prior=4.28e-04/6.48e-05 | Best 0.0976 | Patience 39/40
 >> Epoch 136 | Train Total=0.3072 | Val post/prior Total=0.7561/0.7976, Recon post/prior=0.6644/0.6596, KL=0.0190, CycSim post/prior=0.0717/0.0442, CycMeas=0.1018, PriorBnd post/prior=4.78e-04/5.81e-05 | Best 0.0976 | Patience 40/40
[EarlyStop] at epoch 136
[Diag] Start to calcaulte diag in test preocess... 
[Diag] wrote 28930 rows to temp_Bidi_cvae\cvae_20251105-010513\diag_test.csv
[Diag] proxy_floor_ps  P50=0.0095  P90=0.0228  P95=0.0348  P99=0.2440
[Test] prior total=0.789308 | prior recon=0.657282 | kl=0.013781 | prior cyc_sim=0.041745 | cyc_meas=0.098008 | prior_l2=0.352580 | prior_bnd=0.000018 | 
