[log] tee initialized at 2025-11-20 17:57:15 -> temp_Unidi_cvae_symmetric\cvae_20251120-175715\train.log
[L_trust] using 20000 ref rows from temp_Unidi_cvae_symmetric\proxy\proxy_Ytr_norm.npy
 >> Epoch 001 | Train Total=0.9156 | Val post/prior Total=0.8615/1.2645, Recon post/prior=0.6931/0.6840, KL=0.0578, CycSim post/prior=0.1284/0.0503, CycMeas=0.6468, PriorBnd post/prior=1.26e-06/2.94e-07 | Best inf | Patience 1/40
[Update] best val_cyc_meas improved to 0.646750 @ epoch 1
 >> Epoch 002 | Train Total=0.7427 | Val post/prior Total=0.8180/0.8847, Recon post/prior=0.6730/0.6663, KL=0.0284, CycSim post/prior=0.1136/0.0555, CycMeas=0.1860, PriorBnd post/prior=1.05e-06/1.00e-07 | Best 0.6468 | Patience 1/40
[Update] best val_cyc_meas improved to 0.185992 @ epoch 2
 >> Epoch 003 | Train Total=0.7185 | Val post/prior Total=0.7835/0.8899, Recon post/prior=0.6599/0.6549, KL=0.0194, CycSim post/prior=0.0973/0.0393, CycMeas=0.2310, PriorBnd post/prior=1.15e-06/2.81e-07 | Best 0.1860 | Patience 1/40
 >> Epoch 004 | Train Total=0.7037 | Val post/prior Total=0.7659/0.8130, Recon post/prior=0.6523/0.6471, KL=0.0152, CycSim post/prior=0.0896/0.0350, CycMeas=0.1509, PriorBnd post/prior=7.40e-07/2.16e-07 | Best 0.1860 | Patience 2/40
[Update] best val_cyc_meas improved to 0.150936 @ epoch 4
 >> Epoch 005 | Train Total=0.6939 | Val post/prior Total=0.7611/0.8173, Recon post/prior=0.6455/0.6414, KL=0.0126, CycSim post/prior=0.0917/0.0361, CycMeas=0.1616, PriorBnd post/prior=7.30e-07/3.95e-07 | Best 0.1509 | Patience 1/40
 >> Epoch 006 | Train Total=0.6894 | Val post/prior Total=0.7537/0.8089, Recon post/prior=0.6432/0.6393, KL=0.0111, CycSim post/prior=0.0875/0.0412, CycMeas=0.1462, PriorBnd post/prior=6.61e-07/3.10e-07 | Best 0.1509 | Patience 2/40
[Update] best val_cyc_meas improved to 0.146173 @ epoch 6
 >> Epoch 007 | Train Total=0.6850 | Val post/prior Total=0.7339/0.7778, Recon post/prior=0.6354/0.6319, KL=0.0101, CycSim post/prior=0.0777/0.0371, CycMeas=0.1226, PriorBnd post/prior=1.05e-06/8.93e-07 | Best 0.1462 | Patience 1/40
[Update] best val_cyc_meas improved to 0.122606 @ epoch 7
 >> Epoch 008 | Train Total=0.6802 | Val post/prior Total=0.7286/0.7756, Recon post/prior=0.6336/0.6293, KL=0.0096, CycSim post/prior=0.0748/0.0316, CycMeas=0.1314, PriorBnd post/prior=1.22e-06/1.03e-06 | Best 0.1226 | Patience 1/40
 >> Epoch 009 | Train Total=0.6763 | Val post/prior Total=0.7437/0.8392, Recon post/prior=0.6298/0.6257, KL=0.0098, CycSim post/prior=0.0906/0.0393, CycMeas=0.2038, PriorBnd post/prior=1.33e-06/9.87e-07 | Best 0.1226 | Patience 2/40
 >> Epoch 010 | Train Total=0.6750 | Val post/prior Total=0.7159/0.7418, Recon post/prior=0.6255/0.6227, KL=0.0083, CycSim post/prior=0.0712/0.0298, CycMeas=0.0999, PriorBnd post/prior=7.78e-07/3.69e-07 | Best 0.1226 | Patience 3/40
[Update] best val_cyc_meas improved to 0.099931 @ epoch 10
 >> Epoch 011 | Train Total=0.6738 | Val post/prior Total=0.7102/0.7690, Recon post/prior=0.6225/0.6196, KL=0.0077, CycSim post/prior=0.0691/0.0302, CycMeas=0.1372, PriorBnd post/prior=5.52e-07/6.02e-07 | Best 0.0999 | Patience 1/40
 >> Epoch 012 | Train Total=0.6684 | Val post/prior Total=0.7089/0.7500, Recon post/prior=0.6185/0.6154, KL=0.0076, CycSim post/prior=0.0712/0.0276, CycMeas=0.1227, PriorBnd post/prior=7.73e-07/4.11e-07 | Best 0.0999 | Patience 2/40
 >> Epoch 013 | Train Total=0.6677 | Val post/prior Total=0.7047/0.7496, Recon post/prior=0.6167/0.6154, KL=0.0073, CycSim post/prior=0.0693/0.0342, CycMeas=0.1121, PriorBnd post/prior=1.60e-06/1.06e-06 | Best 0.0999 | Patience 3/40
 >> Epoch 014 | Train Total=0.6658 | Val post/prior Total=0.7119/0.7469, Recon post/prior=0.6136/0.6106, KL=0.0073, CycSim post/prior=0.0778/0.0339, CycMeas=0.1153, PriorBnd post/prior=8.10e-07/6.17e-07 | Best 0.0999 | Patience 4/40
 >> Epoch 015 | Train Total=0.6636 | Val post/prior Total=0.7002/0.7299, Recon post/prior=0.6120/0.6089, KL=0.0071, CycSim post/prior=0.0695/0.0286, CycMeas=0.1042, PriorBnd post/prior=5.36e-07/3.78e-07 | Best 0.0999 | Patience 5/40
 >> Epoch 016 | Train Total=0.6606 | Val post/prior Total=0.7000/0.7416, Recon post/prior=0.6093/0.6066, KL=0.0070, CycSim post/prior=0.0715/0.0296, CycMeas=0.1199, PriorBnd post/prior=1.32e-06/1.06e-06 | Best 0.0999 | Patience 6/40
 >> Epoch 017 | Train Total=0.6609 | Val post/prior Total=0.6995/0.7235, Recon post/prior=0.6087/0.6062, KL=0.0065, CycSim post/prior=0.0717/0.0316, CycMeas=0.0948, PriorBnd post/prior=1.03e-06/6.74e-07 | Best 0.0999 | Patience 7/40
[Update] best val_cyc_meas improved to 0.094776 @ epoch 17
 >> Epoch 018 | Train Total=0.6612 | Val post/prior Total=0.6954/0.7261, Recon post/prior=0.6068/0.6032, KL=0.0068, CycSim post/prior=0.0698/0.0291, CycMeas=0.1054, PriorBnd post/prior=1.35e-06/6.49e-07 | Best 0.0948 | Patience 1/40
 >> Epoch 019 | Train Total=0.6573 | Val post/prior Total=0.6897/0.7288, Recon post/prior=0.6067/0.6049, KL=0.0067, CycSim post/prior=0.0652/0.0315, CycMeas=0.1033, PriorBnd post/prior=4.84e-07/3.08e-07 | Best 0.0948 | Patience 2/40
 >> Epoch 020 | Train Total=0.6563 | Val post/prior Total=0.6870/0.7081, Recon post/prior=0.6045/0.6013, KL=0.0061, CycSim post/prior=0.0648/0.0261, CycMeas=0.0899, PriorBnd post/prior=8.45e-07/4.01e-07 | Best 0.0948 | Patience 3/40
[Update] best val_cyc_meas improved to 0.089901 @ epoch 20
 >> Epoch 021 | Train Total=0.6577 | Val post/prior Total=0.6869/0.7137, Recon post/prior=0.6016/0.5979, KL=0.0063, CycSim post/prior=0.0671/0.0254, CycMeas=0.1022, PriorBnd post/prior=1.85e-06/1.16e-06 | Best 0.0899 | Patience 1/40
 >> Epoch 022 | Train Total=0.6565 | Val post/prior Total=0.6805/0.7126, Recon post/prior=0.6015/0.5988, KL=0.0063, CycSim post/prior=0.0619/0.0255, CycMeas=0.0995, PriorBnd post/prior=8.17e-07/4.74e-07 | Best 0.0899 | Patience 2/40
 >> Epoch 023 | Train Total=0.6543 | Val post/prior Total=0.6898/0.7116, Recon post/prior=0.5998/0.5967, KL=0.0063, CycSim post/prior=0.0711/0.0294, CycMeas=0.0951, PriorBnd post/prior=1.41e-06/8.23e-07 | Best 0.0899 | Patience 3/40
 >> Epoch 024 | Train Total=0.6548 | Val post/prior Total=0.6840/0.7008, Recon post/prior=0.5997/0.5962, KL=0.0060, CycSim post/prior=0.0663/0.0256, CycMeas=0.0878, PriorBnd post/prior=8.84e-07/5.91e-07 | Best 0.0899 | Patience 4/40
[Update] best val_cyc_meas improved to 0.087829 @ epoch 24
 >> Epoch 025 | Train Total=0.6580 | Val post/prior Total=0.6840/0.7015, Recon post/prior=0.5976/0.5947, KL=0.0061, CycSim post/prior=0.0680/0.0270, CycMeas=0.0884, PriorBnd post/prior=1.47e-06/1.23e-06 | Best 0.0878 | Patience 1/40
 >> Epoch 026 | Train Total=0.6545 | Val post/prior Total=0.6849/0.7018, Recon post/prior=0.5975/0.5940, KL=0.0064, CycSim post/prior=0.0688/0.0262, CycMeas=0.0911, PriorBnd post/prior=1.63e-06/6.84e-07 | Best 0.0878 | Patience 2/40
 >> Epoch 027 | Train Total=0.6544 | Val post/prior Total=0.6762/0.6977, Recon post/prior=0.5969/0.5939, KL=0.0058, CycSim post/prior=0.0622/0.0241, CycMeas=0.0892, PriorBnd post/prior=1.96e-06/1.07e-06 | Best 0.0878 | Patience 3/40
 >> Epoch 028 | Train Total=0.6546 | Val post/prior Total=0.6910/0.7207, Recon post/prior=0.5978/0.5953, KL=0.0059, CycSim post/prior=0.0738/0.0331, CycMeas=0.1028, PriorBnd post/prior=1.23e-06/1.10e-06 | Best 0.0878 | Patience 4/40
 >> Epoch 029 | Train Total=0.6565 | Val post/prior Total=0.6805/0.7011, Recon post/prior=0.5958/0.5926, KL=0.0059, CycSim post/prior=0.0666/0.0259, CycMeas=0.0925, PriorBnd post/prior=1.10e-06/6.26e-07 | Best 0.0878 | Patience 5/40
 >> Epoch 030 | Train Total=0.6545 | Val post/prior Total=0.6874/0.7060, Recon post/prior=0.5971/0.5936, KL=0.0059, CycSim post/prior=0.0713/0.0291, CycMeas=0.0924, PriorBnd post/prior=1.49e-06/1.19e-06 | Best 0.0878 | Patience 6/40
 >> Epoch 031 | Train Total=0.6555 | Val post/prior Total=0.6747/0.6922, Recon post/prior=0.5956/0.5918, KL=0.0059, CycSim post/prior=0.0619/0.0227, CycMeas=0.0871, PriorBnd post/prior=1.43e-06/7.64e-07 | Best 0.0878 | Patience 7/40
[Update] best val_cyc_meas improved to 0.087065 @ epoch 31
 >> Epoch 032 | Train Total=0.6548 | Val post/prior Total=0.6758/0.6980, Recon post/prior=0.5973/0.5954, KL=0.0060, CycSim post/prior=0.0614/0.0253, CycMeas=0.0858, PriorBnd post/prior=1.24e-06/5.91e-07 | Best 0.0871 | Patience 1/40
[Update] best val_cyc_meas improved to 0.085805 @ epoch 32
 >> Epoch 033 | Train Total=0.6562 | Val post/prior Total=0.6765/0.6992, Recon post/prior=0.5971/0.5953, KL=0.0059, CycSim post/prior=0.0623/0.0248, CycMeas=0.0882, PriorBnd post/prior=9.48e-07/5.14e-07 | Best 0.0858 | Patience 1/40
 >> Epoch 034 | Train Total=0.6559 | Val post/prior Total=0.6766/0.6993, Recon post/prior=0.5967/0.5943, KL=0.0063, CycSim post/prior=0.0625/0.0254, CycMeas=0.0886, PriorBnd post/prior=1.04e-06/5.58e-07 | Best 0.0858 | Patience 2/40
 >> Epoch 035 | Train Total=0.6561 | Val post/prior Total=0.6812/0.7018, Recon post/prior=0.5944/0.5921, KL=0.0059, CycSim post/prior=0.0684/0.0257, CycMeas=0.0941, PriorBnd post/prior=1.49e-06/1.21e-06 | Best 0.0858 | Patience 3/40
 >> Epoch 036 | Train Total=0.6555 | Val post/prior Total=0.6755/0.6992, Recon post/prior=0.5942/0.5916, KL=0.0060, CycSim post/prior=0.0638/0.0251, CycMeas=0.0923, PriorBnd post/prior=2.47e-06/1.46e-06 | Best 0.0858 | Patience 4/40
 >> Epoch 037 | Train Total=0.6555 | Val post/prior Total=0.6795/0.6947, Recon post/prior=0.5937/0.5906, KL=0.0063, CycSim post/prior=0.0675/0.0260, CycMeas=0.0867, PriorBnd post/prior=2.42e-06/1.52e-06 | Best 0.0858 | Patience 5/40
 >> Epoch 038 | Train Total=0.6574 | Val post/prior Total=0.6701/0.6935, Recon post/prior=0.5935/0.5909, KL=0.0060, CycSim post/prior=0.0599/0.0240, CycMeas=0.0878, PriorBnd post/prior=1.51e-06/9.22e-07 | Best 0.0858 | Patience 6/40
 >> Epoch 039 | Train Total=0.6573 | Val post/prior Total=0.6765/0.6956, Recon post/prior=0.5955/0.5910, KL=0.0060, CycSim post/prior=0.0634/0.0246, CycMeas=0.0893, PriorBnd post/prior=1.75e-06/1.09e-06 | Best 0.0858 | Patience 7/40
 >> Epoch 040 | Train Total=0.6585 | Val post/prior Total=0.6797/0.6999, Recon post/prior=0.5947/0.5917, KL=0.0062, CycSim post/prior=0.0669/0.0272, CycMeas=0.0899, PriorBnd post/prior=1.06e-06/8.38e-07 | Best 0.0858 | Patience 8/40
 >> Epoch 041 | Train Total=0.6590 | Val post/prior Total=0.6788/0.6997, Recon post/prior=0.5940/0.5904, KL=0.0060, CycSim post/prior=0.0667/0.0254, CycMeas=0.0941, PriorBnd post/prior=1.52e-06/1.06e-06 | Best 0.0858 | Patience 9/40
 >> Epoch 042 | Train Total=0.6601 | Val post/prior Total=0.6784/0.6977, Recon post/prior=0.5928/0.5880, KL=0.0057, CycSim post/prior=0.0674/0.0263, CycMeas=0.0931, PriorBnd post/prior=1.80e-06/1.27e-06 | Best 0.0858 | Patience 10/40
 >> Epoch 043 | Train Total=0.6610 | Val post/prior Total=0.6779/0.7000, Recon post/prior=0.5933/0.5905, KL=0.0059, CycSim post/prior=0.0665/0.0259, CycMeas=0.0935, PriorBnd post/prior=1.98e-06/1.09e-06 | Best 0.0858 | Patience 11/40
 >> Epoch 044 | Train Total=0.6627 | Val post/prior Total=0.6738/0.6912, Recon post/prior=0.5922/0.5892, KL=0.0058, CycSim post/prior=0.0640/0.0236, CycMeas=0.0876, PriorBnd post/prior=2.14e-06/1.11e-06 | Best 0.0858 | Patience 12/40
 >> Epoch 045 | Train Total=0.6623 | Val post/prior Total=0.6755/0.6924, Recon post/prior=0.5925/0.5890, KL=0.0058, CycSim post/prior=0.0652/0.0237, CycMeas=0.0893, PriorBnd post/prior=1.29e-06/9.28e-07 | Best 0.0858 | Patience 13/40
 >> Epoch 046 | Train Total=0.6635 | Val post/prior Total=0.6773/0.6939, Recon post/prior=0.5930/0.5889, KL=0.0059, CycSim post/prior=0.0663/0.0248, CycMeas=0.0894, PriorBnd post/prior=2.09e-06/1.75e-06 | Best 0.0858 | Patience 14/40
 >> Epoch 047 | Train Total=0.6636 | Val post/prior Total=0.6715/0.6942, Recon post/prior=0.5922/0.5889, KL=0.0059, CycSim post/prior=0.0621/0.0229, CycMeas=0.0929, PriorBnd post/prior=2.11e-06/1.03e-06 | Best 0.0858 | Patience 15/40
 >> Epoch 048 | Train Total=0.6642 | Val post/prior Total=0.6730/0.6909, Recon post/prior=0.5928/0.5891, KL=0.0059, CycSim post/prior=0.0629/0.0242, CycMeas=0.0865, PriorBnd post/prior=9.70e-07/1.01e-06 | Best 0.0858 | Patience 16/40
 >> Epoch 049 | Train Total=0.6643 | Val post/prior Total=0.6718/0.6899, Recon post/prior=0.5931/0.5897, KL=0.0057, CycSim post/prior=0.0617/0.0238, CycMeas=0.0850, PriorBnd post/prior=1.48e-06/8.20e-07 | Best 0.0858 | Patience 17/40
[Update] best val_cyc_meas improved to 0.085015 @ epoch 49
 >> Epoch 050 | Train Total=0.6664 | Val post/prior Total=0.6765/0.6995, Recon post/prior=0.5946/0.5923, KL=0.0061, CycSim post/prior=0.0642/0.0260, CycMeas=0.0905, PriorBnd post/prior=1.85e-06/1.20e-06 | Best 0.0850 | Patience 1/40
 >> Epoch 051 | Train Total=0.6666 | Val post/prior Total=0.6862/0.7014, Recon post/prior=0.5937/0.5909, KL=0.0058, CycSim post/prior=0.0731/0.0297, CycMeas=0.0891, PriorBnd post/prior=3.75e-06/2.17e-06 | Best 0.0850 | Patience 2/40
 >> Epoch 052 | Train Total=0.6661 | Val post/prior Total=0.6715/0.6921, Recon post/prior=0.5925/0.5906, KL=0.0058, CycSim post/prior=0.0619/0.0242, CycMeas=0.0861, PriorBnd post/prior=1.06e-06/8.40e-07 | Best 0.0850 | Patience 3/40
 >> Epoch 053 | Train Total=0.6677 | Val post/prior Total=0.6760/0.6913, Recon post/prior=0.5922/0.5879, KL=0.0058, CycSim post/prior=0.0658/0.0247, CycMeas=0.0877, PriorBnd post/prior=1.88e-06/1.32e-06 | Best 0.0850 | Patience 4/40
 >> Epoch 054 | Train Total=0.6679 | Val post/prior Total=0.6761/0.6912, Recon post/prior=0.5931/0.5894, KL=0.0058, CycSim post/prior=0.0652/0.0236, CycMeas=0.0874, PriorBnd post/prior=2.23e-06/1.38e-06 | Best 0.0850 | Patience 5/40
 >> Epoch 055 | Train Total=0.6702 | Val post/prior Total=0.6798/0.6955, Recon post/prior=0.5926/0.5888, KL=0.0056, CycSim post/prior=0.0688/0.0260, CycMeas=0.0899, PriorBnd post/prior=1.56e-06/1.01e-06 | Best 0.0850 | Patience 6/40
 >> Epoch 056 | Train Total=0.6697 | Val post/prior Total=0.6770/0.6941, Recon post/prior=0.5926/0.5886, KL=0.0057, CycSim post/prior=0.0664/0.0250, CycMeas=0.0899, PriorBnd post/prior=1.89e-06/1.00e-06 | Best 0.0850 | Patience 7/40
 >> Epoch 057 | Train Total=0.6704 | Val post/prior Total=0.6736/0.6920, Recon post/prior=0.5926/0.5893, KL=0.0057, CycSim post/prior=0.0635/0.0242, CycMeas=0.0875, PriorBnd post/prior=1.38e-06/9.58e-07 | Best 0.0850 | Patience 8/40
 >> Epoch 058 | Train Total=0.6732 | Val post/prior Total=0.6727/0.6936, Recon post/prior=0.5933/0.5910, KL=0.0059, CycSim post/prior=0.0622/0.0250, CycMeas=0.0863, PriorBnd post/prior=1.65e-06/9.19e-07 | Best 0.0850 | Patience 9/40
 >> Epoch 059 | Train Total=0.6738 | Val post/prior Total=0.6782/0.7008, Recon post/prior=0.5931/0.5897, KL=0.0059, CycSim post/prior=0.0670/0.0255, CycMeas=0.0961, PriorBnd post/prior=9.49e-07/4.59e-07 | Best 0.0850 | Patience 10/40
 >> Epoch 060 | Train Total=0.6728 | Val post/prior Total=0.6758/0.6911, Recon post/prior=0.5925/0.5889, KL=0.0056, CycSim post/prior=0.0655/0.0242, CycMeas=0.0869, PriorBnd post/prior=1.72e-06/1.29e-06 | Best 0.0850 | Patience 11/40
 >> Epoch 061 | Train Total=0.6723 | Val post/prior Total=0.6742/0.6923, Recon post/prior=0.5922/0.5894, KL=0.0056, CycSim post/prior=0.0644/0.0253, CycMeas=0.0863, PriorBnd post/prior=1.46e-06/1.06e-06 | Best 0.0850 | Patience 12/40
 >> Epoch 062 | Train Total=0.6770 | Val post/prior Total=0.6740/0.6935, Recon post/prior=0.5924/0.5892, KL=0.0060, CycSim post/prior=0.0640/0.0241, CycMeas=0.0898, PriorBnd post/prior=1.32e-06/7.81e-07 | Best 0.0850 | Patience 13/40
 >> Epoch 063 | Train Total=0.6771 | Val post/prior Total=0.6737/0.6901, Recon post/prior=0.5927/0.5884, KL=0.0056, CycSim post/prior=0.0635/0.0235, CycMeas=0.0873, PriorBnd post/prior=1.49e-06/1.06e-06 | Best 0.0850 | Patience 14/40
 >> Epoch 064 | Train Total=0.6758 | Val post/prior Total=0.6761/0.6984, Recon post/prior=0.5959/0.5931, KL=0.0058, CycSim post/prior=0.0628/0.0261, CycMeas=0.0880, PriorBnd post/prior=1.67e-06/8.93e-07 | Best 0.0850 | Patience 15/40
 >> Epoch 065 | Train Total=0.6789 | Val post/prior Total=0.6759/0.6952, Recon post/prior=0.5923/0.5894, KL=0.0059, CycSim post/prior=0.0656/0.0239, CycMeas=0.0918, PriorBnd post/prior=1.29e-06/9.33e-07 | Best 0.0850 | Patience 16/40
 >> Epoch 066 | Train Total=0.6779 | Val post/prior Total=0.6758/0.6942, Recon post/prior=0.5927/0.5903, KL=0.0058, CycSim post/prior=0.0653/0.0257, CycMeas=0.0869, PriorBnd post/prior=9.36e-07/6.43e-07 | Best 0.0850 | Patience 17/40
 >> Epoch 067 | Train Total=0.6773 | Val post/prior Total=0.6757/0.6944, Recon post/prior=0.5936/0.5901, KL=0.0058, CycSim post/prior=0.0645/0.0240, CycMeas=0.0898, PriorBnd post/prior=1.70e-06/9.75e-07 | Best 0.0850 | Patience 18/40
 >> Epoch 068 | Train Total=0.6792 | Val post/prior Total=0.6766/0.6931, Recon post/prior=0.5921/0.5900, KL=0.0058, CycSim post/prior=0.0665/0.0251, CycMeas=0.0868, PriorBnd post/prior=1.56e-06/1.11e-06 | Best 0.0850 | Patience 19/40
 >> Epoch 069 | Train Total=0.6812 | Val post/prior Total=0.6704/0.6996, Recon post/prior=0.5937/0.5903, KL=0.0059, CycSim post/prior=0.0600/0.0240, CycMeas=0.0961, PriorBnd post/prior=5.97e-07/4.02e-07 | Best 0.0850 | Patience 20/40
 >> Epoch 070 | Train Total=0.6819 | Val post/prior Total=0.6718/0.6917, Recon post/prior=0.5934/0.5904, KL=0.0058, CycSim post/prior=0.0614/0.0235, CycMeas=0.0869, PriorBnd post/prior=7.58e-07/5.57e-07 | Best 0.0850 | Patience 21/40
 >> Epoch 071 | Train Total=0.6817 | Val post/prior Total=0.6822/0.6957, Recon post/prior=0.5930/0.5906, KL=0.0059, CycSim post/prior=0.0704/0.0272, CycMeas=0.0862, PriorBnd post/prior=1.61e-06/8.24e-07 | Best 0.0850 | Patience 22/40
 >> Epoch 072 | Train Total=0.6824 | Val post/prior Total=0.6760/0.6976, Recon post/prior=0.5933/0.5900, KL=0.0058, CycSim post/prior=0.0650/0.0259, CycMeas=0.0911, PriorBnd post/prior=1.75e-06/1.12e-06 | Best 0.0850 | Patience 23/40
 >> Epoch 073 | Train Total=0.6825 | Val post/prior Total=0.6743/0.6930, Recon post/prior=0.5934/0.5903, KL=0.0060, CycSim post/prior=0.0634/0.0243, CycMeas=0.0874, PriorBnd post/prior=1.08e-06/5.29e-07 | Best 0.0850 | Patience 24/40
 >> Epoch 074 | Train Total=0.6851 | Val post/prior Total=0.6739/0.6891, Recon post/prior=0.5926/0.5890, KL=0.0057, CycSim post/prior=0.0638/0.0237, CycMeas=0.0851, PriorBnd post/prior=9.96e-07/8.00e-07 | Best 0.0850 | Patience 25/40
 >> Epoch 075 | Train Total=0.6852 | Val post/prior Total=0.6764/0.6965, Recon post/prior=0.5955/0.5923, KL=0.0058, CycSim post/prior=0.0634/0.0251, CycMeas=0.0881, PriorBnd post/prior=8.09e-07/4.73e-07 | Best 0.0850 | Patience 26/40
 >> Epoch 076 | Train Total=0.6857 | Val post/prior Total=0.6735/0.6961, Recon post/prior=0.5950/0.5917, KL=0.0063, CycSim post/prior=0.0614/0.0247, CycMeas=0.0890, PriorBnd post/prior=1.49e-06/5.28e-07 | Best 0.0850 | Patience 27/40
 >> Epoch 077 | Train Total=0.6878 | Val post/prior Total=0.6730/0.6894, Recon post/prior=0.5920/0.5886, KL=0.0057, CycSim post/prior=0.0636/0.0235, CycMeas=0.0863, PriorBnd post/prior=1.37e-06/9.70e-07 | Best 0.0850 | Patience 28/40
 >> Epoch 078 | Train Total=0.6874 | Val post/prior Total=0.6753/0.6941, Recon post/prior=0.5921/0.5898, KL=0.0056, CycSim post/prior=0.0655/0.0250, CycMeas=0.0885, PriorBnd post/prior=1.24e-06/1.17e-06 | Best 0.0850 | Patience 29/40
 >> Epoch 079 | Train Total=0.6872 | Val post/prior Total=0.6767/0.6929, Recon post/prior=0.5921/0.5887, KL=0.0057, CycSim post/prior=0.0665/0.0248, CycMeas=0.0886, PriorBnd post/prior=1.47e-06/1.23e-06 | Best 0.0850 | Patience 30/40
 >> Epoch 080 | Train Total=0.6905 | Val post/prior Total=0.6743/0.6934, Recon post/prior=0.5932/0.5910, KL=0.0058, CycSim post/prior=0.0637/0.0245, CycMeas=0.0868, PriorBnd post/prior=1.06e-06/6.32e-07 | Best 0.0850 | Patience 31/40
 >> Epoch 081 | Train Total=0.6883 | Val post/prior Total=0.6718/0.6889, Recon post/prior=0.5930/0.5890, KL=0.0057, CycSim post/prior=0.0617/0.0230, CycMeas=0.0859, PriorBnd post/prior=1.29e-06/6.12e-07 | Best 0.0850 | Patience 32/40
 >> Epoch 082 | Train Total=0.6897 | Val post/prior Total=0.6846/0.7055, Recon post/prior=0.5937/0.5905, KL=0.0061, CycSim post/prior=0.0717/0.0299, CycMeas=0.0944, PriorBnd post/prior=1.78e-06/1.25e-06 | Best 0.0850 | Patience 33/40
 >> Epoch 083 | Train Total=0.6914 | Val post/prior Total=0.6731/0.6897, Recon post/prior=0.5921/0.5889, KL=0.0056, CycSim post/prior=0.0635/0.0241, CycMeas=0.0854, PriorBnd post/prior=1.48e-06/8.88e-07 | Best 0.0850 | Patience 34/40
 >> Epoch 084 | Train Total=0.6904 | Val post/prior Total=0.6754/0.6938, Recon post/prior=0.5938/0.5906, KL=0.0058, CycSim post/prior=0.0641/0.0244, CycMeas=0.0879, PriorBnd post/prior=1.05e-06/6.79e-07 | Best 0.0850 | Patience 35/40
 >> Epoch 085 | Train Total=0.6915 | Val post/prior Total=0.6693/0.6928, Recon post/prior=0.5925/0.5897, KL=0.0057, CycSim post/prior=0.0600/0.0238, CycMeas=0.0886, PriorBnd post/prior=1.35e-06/6.25e-07 | Best 0.0850 | Patience 36/40
 >> Epoch 086 | Train Total=0.6937 | Val post/prior Total=0.6755/0.6896, Recon post/prior=0.5920/0.5885, KL=0.0057, CycSim post/prior=0.0656/0.0231, CycMeas=0.0872, PriorBnd post/prior=1.34e-06/1.07e-06 | Best 0.0850 | Patience 37/40
 >> Epoch 087 | Train Total=0.6932 | Val post/prior Total=0.6736/0.6896, Recon post/prior=0.5925/0.5892, KL=0.0057, CycSim post/prior=0.0636/0.0240, CycMeas=0.0851, PriorBnd post/prior=1.54e-06/6.84e-07 | Best 0.0850 | Patience 38/40
 >> Epoch 088 | Train Total=0.6924 | Val post/prior Total=0.6777/0.6943, Recon post/prior=0.5937/0.5901, KL=0.0055, CycSim post/prior=0.0662/0.0269, CycMeas=0.0854, PriorBnd post/prior=1.07e-06/8.58e-07 | Best 0.0850 | Patience 39/40
 >> Epoch 089 | Train Total=0.6953 | Val post/prior Total=0.6784/0.6921, Recon post/prior=0.5926/0.5884, KL=0.0058, CycSim post/prior=0.0675/0.0254, CycMeas=0.0870, PriorBnd post/prior=1.49e-06/1.03e-06 | Best 0.0850 | Patience 40/40
[EarlyStop] at epoch 89
[Diag] Start to calcaulte diag in test preocess... 
[Diag] wrote 60139 rows to temp_Unidi_cvae_symmetric\cvae_20251120-175715\diag_test.csv
[Diag] proxy_floor_ps  P50=0.0085  P90=0.0131  P95=0.0153  P99=0.0226
[Test] prior total=0.690281 | prior recon=0.589793 | kl=0.005619 | prior cyc_sim=0.023792 | cyc_meas=0.085436 | prior_l2=0.358926 | prior_bnd=0.000001 | 
