[log] tee initialized at 2025-11-05 13:15:25 -> temp_Bidi_cvae\session_20251105-131525.log
Using CUDA device 0: NVIDIA GeForce RTX 4060 Laptop GPU
[log] tee initialized at 2025-11-05 13:15:28 -> temp_Bidi_cvae\cvae_20251105-131528\train.log
[L_trust] using 20000 ref rows from temp_Bidi_cvae\proxy\proxy_Ytr_norm.npy
 >> Epoch 001 | Train Total=78.1972 | Val post/prior Total=11542457.3655/1.0436, Recon post/prior=9.9835/0.7590, KL=115068906.6128, CycSim post/prior=0.1591/0.1165, CycMeas=0.1782, PriorBnd post/prior=3.07e+00/7.24e-04 | Best inf | Patience 1/40
[Update] best val_cyc_meas improved to 0.178172 @ epoch 1
 >> Epoch 002 | Train Total=0.9490 | Val post/prior Total=896.5708/0.9604, Recon post/prior=0.9908/0.7227, KL=8718.4262, CycSim post/prior=0.1266/0.0866, CycMeas=0.1644, PriorBnd post/prior=6.82e-02/3.59e-04 | Best 0.1782 | Patience 1/40
[Update] best val_cyc_meas improved to 0.164396 @ epoch 2
 >> Epoch 003 | Train Total=0.8373 | Val post/prior Total=513.7055/0.9122, Recon post/prior=0.7361/0.7077, KL=5126.3638, CycSim post/prior=0.1173/0.0811, CycMeas=0.1311, PriorBnd post/prior=7.23e-03/2.51e-04 | Best 0.1644 | Patience 1/40
[Update] best val_cyc_meas improved to 0.131075 @ epoch 3
 >> Epoch 004 | Train Total=0.7991 | Val post/prior Total=103.4232/0.8655, Recon post/prior=0.7819/0.6935, KL=993.3172, CycSim post/prior=0.1024/0.0628, CycMeas=0.1175, PriorBnd post/prior=2.83e-02/2.62e-04 | Best 0.1311 | Patience 1/40
[Update] best val_cyc_meas improved to 0.117471 @ epoch 4
 >> Epoch 005 | Train Total=0.7761 | Val post/prior Total=3.7106/0.8693, Recon post/prior=0.6992/0.6913, KL=28.8557, CycSim post/prior=0.0985/0.0675, CycMeas=0.1181, PriorBnd post/prior=1.02e-03/1.51e-04 | Best 0.1175 | Patience 1/40
 >> Epoch 006 | Train Total=0.7621 | Val post/prior Total=11.7018/0.8573, Recon post/prior=0.7030/0.6786, KL=107.4045, CycSim post/prior=0.0972/0.0605, CycMeas=0.1291, PriorBnd post/prior=5.92e-03/1.75e-04 | Best 0.1175 | Patience 2/40
 >> Epoch 007 | Train Total=0.7509 | Val post/prior Total=1.1085/0.8573, Recon post/prior=0.6822/0.6749, KL=3.0856, CycSim post/prior=0.0940/0.0623, CycMeas=0.1311, PriorBnd post/prior=9.77e-04/1.23e-04 | Best 0.1175 | Patience 3/40
 >> Epoch 008 | Train Total=0.7421 | Val post/prior Total=2.2314/0.8274, Recon post/prior=0.6808/0.6700, KL=14.2946, CycSim post/prior=0.0838/0.0554, CycMeas=0.1100, PriorBnd post/prior=1.47e-03/1.18e-04 | Best 0.1175 | Patience 4/40
[Update] best val_cyc_meas improved to 0.110050 @ epoch 8
 >> Epoch 009 | Train Total=0.7354 | Val post/prior Total=1.5125/0.8265, Recon post/prior=0.6839/0.6663, KL=6.4766, CycSim post/prior=0.0837/0.0526, CycMeas=0.1175, PriorBnd post/prior=3.82e-03/1.16e-04 | Best 0.1100 | Patience 1/40
 >> Epoch 010 | Train Total=0.7298 | Val post/prior Total=1.2316/0.8048, Recon post/prior=0.6758/0.6608, KL=4.1944, CycSim post/prior=0.0827/0.0496, CycMeas=0.1018, PriorBnd post/prior=2.89e-03/1.04e-04 | Best 0.1100 | Patience 2/40
[Update] best val_cyc_meas improved to 0.101820 @ epoch 10
 >> Epoch 011 | Train Total=0.7263 | Val post/prior Total=1.0447/0.7998, Recon post/prior=0.6664/0.6564, KL=2.6753, CycSim post/prior=0.0829/0.0503, CycMeas=0.0997, PriorBnd post/prior=1.34e-03/1.14e-04 | Best 0.1018 | Patience 1/40
[Update] best val_cyc_meas improved to 0.099717 @ epoch 11
 >> Epoch 012 | Train Total=0.7214 | Val post/prior Total=0.8334/0.7985, Recon post/prior=0.6641/0.6557, KL=0.6536, CycSim post/prior=0.0790/0.0486, CycMeas=0.1018, PriorBnd post/prior=1.43e-03/1.12e-04 | Best 0.0997 | Patience 1/40
 >> Epoch 013 | Train Total=0.7182 | Val post/prior Total=0.8240/0.8034, Recon post/prior=0.6599/0.6530, KL=0.6539, CycSim post/prior=0.0775/0.0497, CycMeas=0.1096, PriorBnd post/prior=8.77e-04/9.09e-05 | Best 0.0997 | Patience 2/40
 >> Epoch 014 | Train Total=0.7136 | Val post/prior Total=0.8092/0.8006, Recon post/prior=0.6544/0.6465, KL=0.4520, CycSim post/prior=0.0850/0.0527, CycMeas=0.1096, PriorBnd post/prior=1.08e-03/9.60e-05 | Best 0.0997 | Patience 3/40
 >> Epoch 015 | Train Total=0.7087 | Val post/prior Total=0.7920/0.7996, Recon post/prior=0.6534/0.6462, KL=0.3437, CycSim post/prior=0.0793/0.0530, CycMeas=0.1083, PriorBnd post/prior=1.13e-03/9.98e-05 | Best 0.0997 | Patience 4/40
 >> Epoch 016 | Train Total=0.7039 | Val post/prior Total=0.7713/0.7830, Recon post/prior=0.6452/0.6382, KL=0.2910, CycSim post/prior=0.0768/0.0463, CycMeas=0.1074, PriorBnd post/prior=7.69e-04/1.04e-04 | Best 0.0997 | Patience 5/40
 >> Epoch 017 | Train Total=0.7017 | Val post/prior Total=0.7517/0.7756, Recon post/prior=0.6418/0.6364, KL=0.1536, CycSim post/prior=0.0759/0.0455, CycMeas=0.1015, PriorBnd post/prior=2.15e-04/9.77e-05 | Best 0.0997 | Patience 6/40
 >> Epoch 018 | Train Total=0.7014 | Val post/prior Total=0.7537/0.7735, Recon post/prior=0.6412/0.6346, KL=0.2008, CycSim post/prior=0.0732/0.0454, CycMeas=0.1013, PriorBnd post/prior=7.17e-04/8.90e-05 | Best 0.0997 | Patience 7/40
 >> Epoch 019 | Train Total=0.6976 | Val post/prior Total=0.7527/0.7834, Recon post/prior=0.6403/0.6355, KL=0.1510, CycSim post/prior=0.0783/0.0538, CycMeas=0.1000, PriorBnd post/prior=3.56e-04/8.62e-05 | Best 0.0997 | Patience 8/40
 >> Epoch 020 | Train Total=0.6957 | Val post/prior Total=0.7376/0.7676, Recon post/prior=0.6364/0.6291, KL=0.0769, CycSim post/prior=0.0726/0.0466, CycMeas=0.0988, PriorBnd post/prior=8.44e-04/1.16e-04 | Best 0.0997 | Patience 9/40
[Update] best val_cyc_meas improved to 0.098822 @ epoch 20
 >> Epoch 021 | Train Total=0.6930 | Val post/prior Total=0.7351/0.7703, Recon post/prior=0.6330/0.6277, KL=0.0952, CycSim post/prior=0.0737/0.0475, CycMeas=0.1026, PriorBnd post/prior=5.68e-04/9.55e-05 | Best 0.0988 | Patience 1/40
 >> Epoch 022 | Train Total=0.6907 | Val post/prior Total=0.7274/0.7739, Recon post/prior=0.6327/0.6286, KL=0.0440, CycSim post/prior=0.0724/0.0520, CycMeas=0.0993, PriorBnd post/prior=2.84e-04/9.28e-05 | Best 0.0988 | Patience 2/40
 >> Epoch 023 | Train Total=0.6886 | Val post/prior Total=0.7280/0.7710, Recon post/prior=0.6298/0.6256, KL=0.0493, CycSim post/prior=0.0749/0.0517, CycMeas=0.1000, PriorBnd post/prior=2.29e-04/6.78e-05 | Best 0.0988 | Patience 3/40
 >> Epoch 024 | Train Total=0.6860 | Val post/prior Total=0.7249/0.7758, Recon post/prior=0.6293/0.6255, KL=0.0347, CycSim post/prior=0.0740/0.0523, CycMeas=0.1052, PriorBnd post/prior=1.95e-04/7.02e-05 | Best 0.0988 | Patience 4/40
 >> Epoch 025 | Train Total=0.6848 | Val post/prior Total=0.7178/0.7623, Recon post/prior=0.6250/0.6205, KL=0.0504, CycSim post/prior=0.0702/0.0458, CycMeas=0.1042, PriorBnd post/prior=2.94e-04/7.74e-05 | Best 0.0988 | Patience 5/40
 >> Epoch 026 | Train Total=0.6837 | Val post/prior Total=0.7127/0.7570, Recon post/prior=0.6222/0.6178, KL=0.0567, CycSim post/prior=0.0677/0.0462, CycMeas=0.1003, PriorBnd post/prior=2.99e-04/8.70e-05 | Best 0.0988 | Patience 6/40
 >> Epoch 027 | Train Total=0.6830 | Val post/prior Total=0.7175/0.7685, Recon post/prior=0.6262/0.6233, KL=0.0337, CycSim post/prior=0.0705/0.0515, CycMeas=0.1000, PriorBnd post/prior=1.38e-04/7.64e-05 | Best 0.0988 | Patience 7/40
 >> Epoch 028 | Train Total=0.6817 | Val post/prior Total=0.7026/0.7425, Recon post/prior=0.6160/0.6110, KL=0.0427, CycSim post/prior=0.0653/0.0401, CycMeas=0.0994, PriorBnd post/prior=4.13e-04/9.41e-05 | Best 0.0988 | Patience 8/40
 >> Epoch 029 | Train Total=0.6803 | Val post/prior Total=0.7011/0.7464, Recon post/prior=0.6142/0.6104, KL=0.0386, CycSim post/prior=0.0662/0.0440, CycMeas=0.0994, PriorBnd post/prior=1.24e-04/9.10e-05 | Best 0.0988 | Patience 9/40
 >> Epoch 030 | Train Total=0.6783 | Val post/prior Total=0.6974/0.7428, Recon post/prior=0.6119/0.6073, KL=0.0391, CycSim post/prior=0.0649/0.0412, CycMeas=0.1029, PriorBnd post/prior=2.27e-04/1.02e-04 | Best 0.0988 | Patience 10/40
 >> Epoch 031 | Train Total=0.6771 | Val post/prior Total=0.6929/0.7382, Recon post/prior=0.6110/0.6062, KL=0.0352, CycSim post/prior=0.0621/0.0406, CycMeas=0.0994, PriorBnd post/prior=2.83e-04/9.42e-05 | Best 0.0988 | Patience 11/40
 >> Epoch 032 | Train Total=0.6754 | Val post/prior Total=0.6939/0.7421, Recon post/prior=0.6108/0.6070, KL=0.0339, CycSim post/prior=0.0635/0.0426, CycMeas=0.1005, PriorBnd post/prior=1.64e-04/9.59e-05 | Best 0.0988 | Patience 12/40
 >> Epoch 033 | Train Total=0.6742 | Val post/prior Total=0.7152/0.7739, Recon post/prior=0.6216/0.6195, KL=0.0490, CycSim post/prior=0.0711/0.0557, CycMeas=0.1051, PriorBnd post/prior=1.02e-04/8.05e-05 | Best 0.0988 | Patience 13/40
 >> Epoch 034 | Train Total=0.6740 | Val post/prior Total=0.6888/0.7333, Recon post/prior=0.6062/0.6013, KL=0.0321, CycSim post/prior=0.0630/0.0395, CycMeas=0.1008, PriorBnd post/prior=1.92e-04/9.60e-05 | Best 0.0988 | Patience 14/40
 >> Epoch 035 | Train Total=0.6746 | Val post/prior Total=0.6884/0.7347, Recon post/prior=0.6049/0.6004, KL=0.0316, CycSim post/prior=0.0638/0.0429, CycMeas=0.0987, PriorBnd post/prior=2.15e-04/9.90e-05 | Best 0.0988 | Patience 15/40
[Update] best val_cyc_meas improved to 0.098720 @ epoch 35
 >> Epoch 036 | Train Total=0.6738 | Val post/prior Total=0.6855/0.7325, Recon post/prior=0.6044/0.6007, KL=0.0307, CycSim post/prior=0.0619/0.0401, CycMeas=0.0999, PriorBnd post/prior=2.59e-04/1.04e-04 | Best 0.0987 | Patience 1/40
 >> Epoch 037 | Train Total=0.6733 | Val post/prior Total=0.6886/0.7374, Recon post/prior=0.6029/0.5987, KL=0.0310, CycSim post/prior=0.0656/0.0458, CycMeas=0.0998, PriorBnd post/prior=2.24e-04/1.05e-04 | Best 0.0987 | Patience 2/40
 >> Epoch 038 | Train Total=0.6727 | Val post/prior Total=0.6789/0.7282, Recon post/prior=0.6013/0.5970, KL=0.0292, CycSim post/prior=0.0591/0.0381, CycMeas=0.1020, PriorBnd post/prior=1.06e-04/1.08e-04 | Best 0.0987 | Patience 3/40
 >> Epoch 039 | Train Total=0.6711 | Val post/prior Total=0.6798/0.7311, Recon post/prior=0.5994/0.5950, KL=0.0311, CycSim post/prior=0.0612/0.0412, CycMeas=0.1036, PriorBnd post/prior=2.42e-04/1.07e-04 | Best 0.0987 | Patience 4/40
 >> Epoch 040 | Train Total=0.6704 | Val post/prior Total=0.6820/0.7306, Recon post/prior=0.6013/0.5976, KL=0.0270, CycSim post/prior=0.0620/0.0414, CycMeas=0.0995, PriorBnd post/prior=1.21e-04/9.38e-05 | Best 0.0987 | Patience 5/40
 >> Epoch 041 | Train Total=0.6702 | Val post/prior Total=0.6802/0.7279, Recon post/prior=0.5981/0.5946, KL=0.0287, CycSim post/prior=0.0629/0.0390, CycMeas=0.1032, PriorBnd post/prior=1.90e-04/1.08e-04 | Best 0.0987 | Patience 6/40
 >> Epoch 042 | Train Total=0.6706 | Val post/prior Total=0.6773/0.7283, Recon post/prior=0.5985/0.5944, KL=0.0271, CycSim post/prior=0.0604/0.0422, CycMeas=0.0993, PriorBnd post/prior=1.36e-04/1.02e-04 | Best 0.0987 | Patience 7/40
 >> Epoch 043 | Train Total=0.6701 | Val post/prior Total=0.6754/0.7258, Recon post/prior=0.5969/0.5932, KL=0.0257, CycSim post/prior=0.0601/0.0397, CycMeas=0.1013, PriorBnd post/prior=1.27e-04/9.54e-05 | Best 0.0987 | Patience 8/40
 >> Epoch 044 | Train Total=0.6708 | Val post/prior Total=0.6804/0.7314, Recon post/prior=0.6006/0.5967, KL=0.0236, CycSim post/prior=0.0616/0.0437, CycMeas=0.0983, PriorBnd post/prior=1.33e-04/8.97e-05 | Best 0.0987 | Patience 9/40
[Update] best val_cyc_meas improved to 0.098251 @ epoch 44
 >> Epoch 045 | Train Total=0.6698 | Val post/prior Total=0.6712/0.7207, Recon post/prior=0.5944/0.5905, KL=0.0270, CycSim post/prior=0.0585/0.0389, CycMeas=0.0995, PriorBnd post/prior=1.50e-04/1.06e-04 | Best 0.0983 | Patience 1/40
 >> Epoch 046 | Train Total=0.6700 | Val post/prior Total=0.6673/0.7190, Recon post/prior=0.5929/0.5892, KL=0.0259, CycSim post/prior=0.0566/0.0396, CycMeas=0.0980, PriorBnd post/prior=2.01e-04/1.01e-04 | Best 0.0983 | Patience 2/40
[Update] best val_cyc_meas improved to 0.098049 @ epoch 46
 >> Epoch 047 | Train Total=0.6679 | Val post/prior Total=0.6669/0.7196, Recon post/prior=0.5926/0.5887, KL=0.0261, CycSim post/prior=0.0565/0.0388, CycMeas=0.1005, PriorBnd post/prior=1.75e-04/9.48e-05 | Best 0.0980 | Patience 1/40
 >> Epoch 048 | Train Total=0.6696 | Val post/prior Total=0.6724/0.7199, Recon post/prior=0.5926/0.5880, KL=0.0257, CycSim post/prior=0.0613/0.0406, CycMeas=0.0992, PriorBnd post/prior=1.20e-04/9.37e-05 | Best 0.0980 | Patience 2/40
 >> Epoch 049 | Train Total=0.6685 | Val post/prior Total=0.6701/0.7166, Recon post/prior=0.5906/0.5861, KL=0.0246, CycSim post/prior=0.0609/0.0396, CycMeas=0.0986, PriorBnd post/prior=1.63e-04/1.08e-04 | Best 0.0980 | Patience 3/40
 >> Epoch 050 | Train Total=0.6693 | Val post/prior Total=0.6832/0.7401, Recon post/prior=0.5986/0.5960, KL=0.0224, CycSim post/prior=0.0656/0.0495, CycMeas=0.1013, PriorBnd post/prior=1.89e-04/7.76e-05 | Best 0.0980 | Patience 4/40
 >> Epoch 051 | Train Total=0.6712 | Val post/prior Total=0.6710/0.7208, Recon post/prior=0.5905/0.5866, KL=0.0253, CycSim post/prior=0.0618/0.0415, CycMeas=0.1005, PriorBnd post/prior=1.47e-04/1.03e-04 | Best 0.0980 | Patience 5/40
 >> Epoch 052 | Train Total=0.6702 | Val post/prior Total=0.6653/0.7129, Recon post/prior=0.5880/0.5832, KL=0.0256, CycSim post/prior=0.0590/0.0382, CycMeas=0.0997, PriorBnd post/prior=1.27e-04/1.08e-04 | Best 0.0980 | Patience 6/40
 >> Epoch 053 | Train Total=0.6693 | Val post/prior Total=0.6632/0.7100, Recon post/prior=0.5865/0.5823, KL=0.0252, CycSim post/prior=0.0586/0.0380, CycMeas=0.0975, PriorBnd post/prior=1.21e-04/1.11e-04 | Best 0.0980 | Patience 7/40
[Update] best val_cyc_meas improved to 0.097486 @ epoch 53
 >> Epoch 054 | Train Total=0.6705 | Val post/prior Total=0.6616/0.7118, Recon post/prior=0.5861/0.5815, KL=0.0247, CycSim post/prior=0.0576/0.0364, CycMeas=0.1032, PriorBnd post/prior=1.28e-04/1.09e-04 | Best 0.0975 | Patience 1/40
 >> Epoch 055 | Train Total=0.6696 | Val post/prior Total=0.6646/0.7142, Recon post/prior=0.5876/0.5831, KL=0.0222, CycSim post/prior=0.0592/0.0401, CycMeas=0.0987, PriorBnd post/prior=1.38e-04/1.01e-04 | Best 0.0975 | Patience 2/40
 >> Epoch 056 | Train Total=0.6703 | Val post/prior Total=0.6646/0.7166, Recon post/prior=0.5884/0.5848, KL=0.0241, CycSim post/prior=0.0584/0.0406, CycMeas=0.0989, PriorBnd post/prior=1.04e-04/9.07e-05 | Best 0.0975 | Patience 3/40
 >> Epoch 057 | Train Total=0.6707 | Val post/prior Total=0.6665/0.7168, Recon post/prior=0.5878/0.5845, KL=0.0242, CycSim post/prior=0.0604/0.0408, CycMeas=0.0993, PriorBnd post/prior=1.61e-04/1.03e-04 | Best 0.0975 | Patience 4/40
 >> Epoch 058 | Train Total=0.6710 | Val post/prior Total=0.6599/0.7087, Recon post/prior=0.5852/0.5809, KL=0.0221, CycSim post/prior=0.0571/0.0374, CycMeas=0.0987, PriorBnd post/prior=1.94e-04/1.17e-04 | Best 0.0975 | Patience 5/40
 >> Epoch 059 | Train Total=0.6719 | Val post/prior Total=0.6628/0.7130, Recon post/prior=0.5864/0.5826, KL=0.0212, CycSim post/prior=0.0587/0.0395, CycMeas=0.0989, PriorBnd post/prior=1.32e-04/1.00e-04 | Best 0.0975 | Patience 6/40
 >> Epoch 060 | Train Total=0.6718 | Val post/prior Total=0.6596/0.7101, Recon post/prior=0.5857/0.5818, KL=0.0231, CycSim post/prior=0.0564/0.0377, CycMeas=0.0988, PriorBnd post/prior=2.32e-04/1.02e-04 | Best 0.0975 | Patience 7/40
 >> Epoch 061 | Train Total=0.6744 | Val post/prior Total=0.6586/0.7103, Recon post/prior=0.5853/0.5822, KL=0.0222, CycSim post/prior=0.0561/0.0378, CycMeas=0.0984, PriorBnd post/prior=1.01e-04/9.47e-05 | Best 0.0975 | Patience 8/40
 >> Epoch 062 | Train Total=0.6729 | Val post/prior Total=0.6635/0.7128, Recon post/prior=0.5864/0.5825, KL=0.0232, CycSim post/prior=0.0592/0.0403, CycMeas=0.0976, PriorBnd post/prior=1.79e-04/9.79e-05 | Best 0.0975 | Patience 9/40
 >> Epoch 063 | Train Total=0.6725 | Val post/prior Total=0.6583/0.7096, Recon post/prior=0.5842/0.5806, KL=0.0228, CycSim post/prior=0.0566/0.0377, CycMeas=0.0996, PriorBnd post/prior=1.59e-04/1.01e-04 | Best 0.0975 | Patience 10/40
 >> Epoch 064 | Train Total=0.6733 | Val post/prior Total=0.6563/0.7046, Recon post/prior=0.5826/0.5784, KL=0.0222, CycSim post/prior=0.0563/0.0363, CycMeas=0.0982, PriorBnd post/prior=1.56e-04/1.12e-04 | Best 0.0975 | Patience 11/40
 >> Epoch 065 | Train Total=0.6755 | Val post/prior Total=0.6576/0.7075, Recon post/prior=0.5844/0.5802, KL=0.0238, CycSim post/prior=0.0559/0.0370, CycMeas=0.0988, PriorBnd post/prior=1.33e-04/9.99e-05 | Best 0.0975 | Patience 12/40
 >> Epoch 066 | Train Total=0.6738 | Val post/prior Total=0.6574/0.7087, Recon post/prior=0.5838/0.5796, KL=0.0220, CycSim post/prior=0.0563/0.0383, CycMeas=0.0990, PriorBnd post/prior=1.21e-04/1.00e-04 | Best 0.0975 | Patience 13/40
 >> Epoch 067 | Train Total=0.6741 | Val post/prior Total=0.6654/0.7162, Recon post/prior=0.5867/0.5829, KL=0.0229, CycSim post/prior=0.0606/0.0425, CycMeas=0.0980, PriorBnd post/prior=9.98e-05/9.83e-05 | Best 0.0975 | Patience 14/40
 >> Epoch 068 | Train Total=0.6765 | Val post/prior Total=0.6614/0.7166, Recon post/prior=0.5859/0.5830, KL=0.0206, CycSim post/prior=0.0581/0.0425, CycMeas=0.0982, PriorBnd post/prior=1.13e-04/8.98e-05 | Best 0.0975 | Patience 15/40
 >> Epoch 069 | Train Total=0.6763 | Val post/prior Total=0.6585/0.7060, Recon post/prior=0.5818/0.5774, KL=0.0225, CycSim post/prior=0.0588/0.0384, CycMeas=0.0982, PriorBnd post/prior=1.84e-04/1.10e-04 | Best 0.0975 | Patience 16/40
 >> Epoch 070 | Train Total=0.6774 | Val post/prior Total=0.6568/0.7088, Recon post/prior=0.5825/0.5788, KL=0.0227, CycSim post/prior=0.0568/0.0384, CycMeas=0.0999, PriorBnd post/prior=1.18e-04/1.05e-04 | Best 0.0975 | Patience 17/40
 >> Epoch 071 | Train Total=0.6771 | Val post/prior Total=0.6579/0.7044, Recon post/prior=0.5808/0.5764, KL=0.0219, CycSim post/prior=0.0592/0.0372, CycMeas=0.0991, PriorBnd post/prior=2.11e-04/1.16e-04 | Best 0.0975 | Patience 18/40
 >> Epoch 072 | Train Total=0.6781 | Val post/prior Total=0.6556/0.7026, Recon post/prior=0.5801/0.5752, KL=0.0224, CycSim post/prior=0.0577/0.0370, CycMeas=0.0986, PriorBnd post/prior=1.85e-04/1.21e-04 | Best 0.0975 | Patience 19/40
 >> Epoch 073 | Train Total=0.6785 | Val post/prior Total=0.6572/0.7065, Recon post/prior=0.5823/0.5782, KL=0.0205, CycSim post/prior=0.0575/0.0382, CycMeas=0.0982, PriorBnd post/prior=1.13e-04/1.03e-04 | Best 0.0975 | Patience 20/40
 >> Epoch 074 | Train Total=0.6796 | Val post/prior Total=0.6558/0.7043, Recon post/prior=0.5817/0.5774, KL=0.0205, CycSim post/prior=0.0568/0.0371, CycMeas=0.0980, PriorBnd post/prior=1.39e-04/1.17e-04 | Best 0.0975 | Patience 21/40
 >> Epoch 075 | Train Total=0.6794 | Val post/prior Total=0.6551/0.7045, Recon post/prior=0.5818/0.5777, KL=0.0226, CycSim post/prior=0.0559/0.0371, CycMeas=0.0979, PriorBnd post/prior=1.14e-04/1.09e-04 | Best 0.0975 | Patience 22/40
 >> Epoch 076 | Train Total=0.6807 | Val post/prior Total=0.6546/0.7021, Recon post/prior=0.5797/0.5752, KL=0.0240, CycSim post/prior=0.0571/0.0361, CycMeas=0.0993, PriorBnd post/prior=1.80e-04/1.20e-04 | Best 0.0975 | Patience 23/40
 >> Epoch 077 | Train Total=0.6810 | Val post/prior Total=0.7189/0.7786, Recon post/prior=0.6108/0.6086, KL=0.0381, CycSim post/prior=0.0842/0.0711, CycMeas=0.1018, PriorBnd post/prior=8.37e-05/6.94e-05 | Best 0.0975 | Patience 24/40
 >> Epoch 078 | Train Total=0.6812 | Val post/prior Total=0.6830/0.7409, Recon post/prior=0.5960/0.5940, KL=0.0265, CycSim post/prior=0.0674/0.0534, CycMeas=0.0990, PriorBnd post/prior=9.88e-05/6.92e-05 | Best 0.0975 | Patience 25/40
 >> Epoch 079 | Train Total=0.6834 | Val post/prior Total=0.6571/0.7090, Recon post/prior=0.5819/0.5786, KL=0.0204, CycSim post/prior=0.0577/0.0400, CycMeas=0.0980, PriorBnd post/prior=1.25e-04/9.89e-05 | Best 0.0975 | Patience 26/40
 >> Epoch 080 | Train Total=0.6839 | Val post/prior Total=0.6556/0.7038, Recon post/prior=0.5799/0.5759, KL=0.0220, CycSim post/prior=0.0580/0.0373, CycMeas=0.0988, PriorBnd post/prior=1.37e-04/1.12e-04 | Best 0.0975 | Patience 27/40
 >> Epoch 081 | Train Total=0.6844 | Val post/prior Total=0.6556/0.7011, Recon post/prior=0.5796/0.5743, KL=0.0236, CycSim post/prior=0.0580/0.0363, CycMeas=0.0991, PriorBnd post/prior=2.92e-04/1.22e-04 | Best 0.0975 | Patience 28/40
 >> Epoch 082 | Train Total=0.6849 | Val post/prior Total=0.7344/0.7993, Recon post/prior=0.6221/0.6212, KL=0.0441, CycSim post/prior=0.0874/0.0752, CycMeas=0.1059, PriorBnd post/prior=7.45e-05/7.29e-05 | Best 0.0975 | Patience 29/40
 >> Epoch 083 | Train Total=0.6862 | Val post/prior Total=0.6675/0.7244, Recon post/prior=0.5874/0.5840, KL=0.0197, CycSim post/prior=0.0621/0.0474, CycMeas=0.0996, PriorBnd post/prior=1.00e-04/8.08e-05 | Best 0.0975 | Patience 30/40
 >> Epoch 084 | Train Total=0.6864 | Val post/prior Total=0.6530/0.7044, Recon post/prior=0.5810/0.5769, KL=0.0219, CycSim post/prior=0.0549/0.0378, CycMeas=0.0977, PriorBnd post/prior=1.46e-04/1.03e-04 | Best 0.0975 | Patience 31/40
 >> Epoch 085 | Train Total=0.6876 | Val post/prior Total=0.6541/0.7044, Recon post/prior=0.5793/0.5752, KL=0.0228, CycSim post/prior=0.0572/0.0379, CycMeas=0.0996, PriorBnd post/prior=1.60e-04/1.08e-04 | Best 0.0975 | Patience 32/40
 >> Epoch 086 | Train Total=0.6888 | Val post/prior Total=0.6542/0.7017, Recon post/prior=0.5799/0.5753, KL=0.0217, CycSim post/prior=0.0568/0.0364, CycMeas=0.0983, PriorBnd post/prior=2.30e-04/1.04e-04 | Best 0.0975 | Patience 33/40
 >> Epoch 087 | Train Total=0.6897 | Val post/prior Total=0.6559/0.7029, Recon post/prior=0.5793/0.5743, KL=0.0221, CycSim post/prior=0.0587/0.0385, CycMeas=0.0979, PriorBnd post/prior=1.52e-04/1.11e-04 | Best 0.0975 | Patience 34/40
 >> Epoch 088 | Train Total=0.6901 | Val post/prior Total=0.6591/0.7030, Recon post/prior=0.5783/0.5735, KL=0.0236, CycSim post/prior=0.0620/0.0377, CycMeas=0.1002, PriorBnd post/prior=1.84e-04/1.31e-04 | Best 0.0975 | Patience 35/40
 >> Epoch 089 | Train Total=0.6906 | Val post/prior Total=0.6614/0.7135, Recon post/prior=0.5839/0.5803, KL=0.0218, CycSim post/prior=0.0596/0.0415, CycMeas=0.0994, PriorBnd post/prior=1.58e-04/1.06e-04 | Best 0.0975 | Patience 36/40
 >> Epoch 090 | Train Total=0.6925 | Val post/prior Total=0.6540/0.7028, Recon post/prior=0.5798/0.5757, KL=0.0219, CycSim post/prior=0.0568/0.0375, CycMeas=0.0976, PriorBnd post/prior=1.15e-04/1.10e-04 | Best 0.0975 | Patience 37/40
 >> Epoch 091 | Train Total=0.6925 | Val post/prior Total=0.6862/0.7459, Recon post/prior=0.5943/0.5923, KL=0.0206, CycSim post/prior=0.0720/0.0591, CycMeas=0.0989, PriorBnd post/prior=9.58e-05/6.70e-05 | Best 0.0975 | Patience 38/40
 >> Epoch 092 | Train Total=0.6914 | Val post/prior Total=0.6610/0.7110, Recon post/prior=0.5806/0.5775, KL=0.0244, CycSim post/prior=0.0617/0.0408, CycMeas=0.1006, PriorBnd post/prior=1.48e-04/1.13e-04 | Best 0.0975 | Patience 39/40
 >> Epoch 093 | Train Total=0.6942 | Val post/prior Total=0.6547/0.7023, Recon post/prior=0.5803/0.5755, KL=0.0225, CycSim post/prior=0.0569/0.0367, CycMeas=0.0984, PriorBnd post/prior=1.51e-04/1.11e-04 | Best 0.0975 | Patience 40/40
[EarlyStop] at epoch 93
[Diag] Start to calcaulte diag in test preocess... 
[Diag] wrote 28930 rows to temp_Bidi_cvae\cvae_20251105-131528\diag_test.csv
[Diag] proxy_floor_ps  P50=0.0095  P90=0.0228  P95=0.0348  P99=0.2440
[Test] prior total=0.707811 | prior recon=0.581443 | kl=0.016214 | prior cyc_sim=0.037083 | cyc_meas=0.097324 | prior_l2=0.400933 | prior_bnd=0.000060 | 
