[log] tee initialized at 2025-11-05 11:06:24 -> temp_Bidi_cvae\cvae_20251105-110624\train.log
[L_trust] using 20000 ref rows from temp_Bidi_cvae\proxy\proxy_Ytr_norm.npy
 >> Epoch 001 | Train Total=127.2923 | Val post/prior Total=1367489989.6766/1.1247, Recon post/prior=73.4548/0.7823, KL=13671951824.4254, CycSim post/prior=0.1844/0.1439, CycMeas=0.2091, PriorBnd post/prior=8.50e+00/1.41e-03 | Best inf | Patience 1/40
[Update] best val_cyc_meas improved to 0.209145 @ epoch 1
 >> Epoch 002 | Train Total=1.0440 | Val post/prior Total=18866.6024/0.9967, Recon post/prior=2.4734/0.7360, KL=177950.7633, CycSim post/prior=0.1409/0.0986, CycMeas=0.1752, PriorBnd post/prior=4.32e-01/4.70e-04 | Best 0.2091 | Patience 1/40
[Update] best val_cyc_meas improved to 0.175229 @ epoch 2
 >> Epoch 003 | Train Total=0.8885 | Val post/prior Total=2934.1503/0.9498, Recon post/prior=0.7989/0.7196, KL=29312.8906, CycSim post/prior=0.1308/0.0926, CycMeas=0.1460, PriorBnd post/prior=2.18e-02/3.37e-04 | Best 0.1752 | Patience 1/40
[Update] best val_cyc_meas improved to 0.146044 @ epoch 3
 >> Epoch 004 | Train Total=0.8326 | Val post/prior Total=790.6870/0.8892, Recon post/prior=1.0229/0.7042, KL=7471.4125, CycSim post/prior=0.1113/0.0684, CycMeas=0.1253, PriorBnd post/prior=1.05e-01/3.09e-04 | Best 0.1460 | Patience 1/40
[Update] best val_cyc_meas improved to 0.125253 @ epoch 4
 >> Epoch 005 | Train Total=0.8032 | Val post/prior Total=15.4143/0.8906, Recon post/prior=0.7195/0.7024, KL=144.9841, CycSim post/prior=0.1091/0.0757, CycMeas=0.1186, PriorBnd post/prior=2.82e-03/2.02e-04 | Best 0.1253 | Patience 1/40
[Update] best val_cyc_meas improved to 0.118620 @ epoch 5
 >> Epoch 006 | Train Total=0.7854 | Val post/prior Total=73.4936/0.8626, Recon post/prior=0.7374/0.6890, KL=717.7479, CycSim post/prior=0.1007/0.0612, CycMeas=0.1218, PriorBnd post/prior=1.28e-02/2.22e-04 | Best 0.1186 | Patience 1/40
 >> Epoch 007 | Train Total=0.7709 | Val post/prior Total=2.2018/0.8732, Recon post/prior=0.6949/0.6856, KL=13.7770, CycSim post/prior=0.0990/0.0662, CycMeas=0.1320, PriorBnd post/prior=1.67e-03/1.64e-04 | Best 0.1186 | Patience 2/40
 >> Epoch 008 | Train Total=0.7611 | Val post/prior Total=8.0583/0.8437, Recon post/prior=0.7006/0.6809, KL=71.6134, CycSim post/prior=0.0898/0.0594, CycMeas=0.1110, PriorBnd post/prior=3.31e-03/1.50e-04 | Best 0.1186 | Patience 3/40
[Update] best val_cyc_meas improved to 0.111027 @ epoch 8
 >> Epoch 009 | Train Total=0.7545 | Val post/prior Total=4.6833/0.8440, Recon post/prior=0.7073/0.6777, KL=36.0770, CycSim post/prior=0.0912/0.0579, CycMeas=0.1176, PriorBnd post/prior=7.15e-03/1.57e-04 | Best 0.1110 | Patience 1/40
 >> Epoch 010 | Train Total=0.7482 | Val post/prior Total=3.2910/0.8219, Recon post/prior=0.6939/0.6725, KL=24.0172, CycSim post/prior=0.0893/0.0549, CycMeas=0.1009, PriorBnd post/prior=5.12e-03/1.44e-04 | Best 0.1110 | Patience 2/40
[Update] best val_cyc_meas improved to 0.100857 @ epoch 10
 >> Epoch 011 | Train Total=0.7447 | Val post/prior Total=2.4456/0.8140, Recon post/prior=0.6812/0.6681, KL=16.2980, CycSim post/prior=0.0866/0.0523, CycMeas=0.1001, PriorBnd post/prior=2.51e-03/1.62e-04 | Best 0.1009 | Patience 1/40
[Update] best val_cyc_meas improved to 0.100069 @ epoch 11
 >> Epoch 012 | Train Total=0.7395 | Val post/prior Total=1.0561/0.8202, Recon post/prior=0.6773/0.6680, KL=2.6455, CycSim post/prior=0.0849/0.0533, CycMeas=0.1067, PriorBnd post/prior=1.89e-03/1.34e-04 | Best 0.1001 | Patience 1/40
 >> Epoch 013 | Train Total=0.7360 | Val post/prior Total=1.0428/0.8232, Recon post/prior=0.6744/0.6655, KL=2.5792, CycSim post/prior=0.0839/0.0545, CycMeas=0.1117, PriorBnd post/prior=1.26e-03/1.13e-04 | Best 0.1001 | Patience 2/40
 >> Epoch 014 | Train Total=0.7310 | Val post/prior Total=0.9844/0.8156, Recon post/prior=0.6694/0.6599, KL=1.9561, CycSim post/prior=0.0895/0.0572, CycMeas=0.1050, PriorBnd post/prior=1.60e-03/9.82e-05 | Best 0.1001 | Patience 3/40
 >> Epoch 015 | Train Total=0.7259 | Val post/prior Total=0.9314/0.8447, Recon post/prior=0.6697/0.6603, KL=1.3497, CycSim post/prior=0.0919/0.0656, CycMeas=0.1285, PriorBnd post/prior=1.67e-03/9.43e-05 | Best 0.1001 | Patience 4/40
 >> Epoch 016 | Train Total=0.7216 | Val post/prior Total=0.8761/0.8029, Recon post/prior=0.6602/0.6517, KL=1.1009, CycSim post/prior=0.0819/0.0491, CycMeas=0.1114, PriorBnd post/prior=1.16e-03/9.87e-05 | Best 0.1001 | Patience 5/40
 >> Epoch 017 | Train Total=0.7188 | Val post/prior Total=0.8056/0.7984, Recon post/prior=0.6565/0.6502, KL=0.4742, CycSim post/prior=0.0816/0.0504, CycMeas=0.1055, PriorBnd post/prior=5.44e-04/1.02e-04 | Best 0.1001 | Patience 6/40
 >> Epoch 018 | Train Total=0.7183 | Val post/prior Total=0.8262/0.7920, Recon post/prior=0.6562/0.6480, KL=0.7010, CycSim post/prior=0.0777/0.0470, CycMeas=0.1053, PriorBnd post/prior=1.19e-03/8.79e-05 | Best 0.1001 | Patience 7/40
 >> Epoch 019 | Train Total=0.7138 | Val post/prior Total=0.8007/0.7928, Recon post/prior=0.6542/0.6485, KL=0.4909, CycSim post/prior=0.0781/0.0508, CycMeas=0.1002, PriorBnd post/prior=6.23e-04/9.70e-05 | Best 0.1001 | Patience 8/40
 >> Epoch 020 | Train Total=0.7122 | Val post/prior Total=0.7785/0.7823, Recon post/prior=0.6519/0.6419, KL=0.1966, CycSim post/prior=0.0776/0.0479, CycMeas=0.0995, PriorBnd post/prior=1.68e-03/1.13e-04 | Best 0.1001 | Patience 9/40
[Update] best val_cyc_meas improved to 0.099489 @ epoch 20
 >> Epoch 021 | Train Total=0.7095 | Val post/prior Total=0.7812/0.7834, Recon post/prior=0.6473/0.6405, KL=0.3494, CycSim post/prior=0.0776/0.0484, CycMeas=0.1019, PriorBnd post/prior=9.46e-04/8.42e-05 | Best 0.0995 | Patience 1/40
 >> Epoch 022 | Train Total=0.7067 | Val post/prior Total=0.7532/0.7909, Recon post/prior=0.6466/0.6414, KL=0.0868, CycSim post/prior=0.0783/0.0548, CycMeas=0.1006, PriorBnd post/prior=6.18e-04/1.06e-04 | Best 0.0995 | Patience 2/40
 >> Epoch 023 | Train Total=0.7041 | Val post/prior Total=0.7550/0.7900, Recon post/prior=0.6433/0.6383, KL=0.1248, CycSim post/prior=0.0796/0.0522, CycMeas=0.1072, PriorBnd post/prior=4.19e-04/7.94e-05 | Best 0.0995 | Patience 3/40
 >> Epoch 024 | Train Total=0.7015 | Val post/prior Total=0.7437/0.7871, Recon post/prior=0.6423/0.6383, KL=0.0531, CycSim post/prior=0.0775/0.0514, CycMeas=0.1049, PriorBnd post/prior=2.51e-04/8.31e-05 | Best 0.0995 | Patience 4/40
 >> Epoch 025 | Train Total=0.7006 | Val post/prior Total=0.7470/0.7767, Recon post/prior=0.6388/0.6335, KL=0.1347, CycSim post/prior=0.0759/0.0489, CycMeas=0.1015, PriorBnd post/prior=4.68e-04/8.27e-05 | Best 0.0995 | Patience 5/40
 >> Epoch 026 | Train Total=0.6997 | Val post/prior Total=0.7441/0.7702, Recon post/prior=0.6362/0.6305, KL=0.1512, CycSim post/prior=0.0737/0.0471, CycMeas=0.0997, PriorBnd post/prior=7.04e-04/8.93e-05 | Best 0.0995 | Patience 6/40
 >> Epoch 027 | Train Total=0.6989 | Val post/prior Total=0.7384/0.7864, Recon post/prior=0.6399/0.6366, KL=0.0552, CycSim post/prior=0.0749/0.0526, CycMeas=0.1043, PriorBnd post/prior=1.72e-04/7.25e-05 | Best 0.0995 | Patience 7/40
 >> Epoch 028 | Train Total=0.6966 | Val post/prior Total=0.7335/0.7594, Recon post/prior=0.6309/0.6240, KL=0.1084, CycSim post/prior=0.0716/0.0432, CycMeas=0.1000, PriorBnd post/prior=8.92e-04/1.03e-04 | Best 0.0995 | Patience 8/40
 >> Epoch 029 | Train Total=0.6956 | Val post/prior Total=0.7242/0.7616, Recon post/prior=0.6271/0.6223, KL=0.0820, CycSim post/prior=0.0711/0.0437, CycMeas=0.1042, PriorBnd post/prior=2.55e-04/9.14e-05 | Best 0.0995 | Patience 9/40
 >> Epoch 030 | Train Total=0.6933 | Val post/prior Total=0.7219/0.7593, Recon post/prior=0.6256/0.6204, KL=0.0819, CycSim post/prior=0.0703/0.0439, CycMeas=0.1033, PriorBnd post/prior=3.31e-04/1.02e-04 | Best 0.0995 | Patience 10/40
 >> Epoch 031 | Train Total=0.6925 | Val post/prior Total=0.7173/0.7540, Recon post/prior=0.6252/0.6193, KL=0.0697, CycSim post/prior=0.0672/0.0424, CycMeas=0.1003, PriorBnd post/prior=5.90e-04/8.95e-05 | Best 0.0995 | Patience 11/40
 >> Epoch 032 | Train Total=0.6904 | Val post/prior Total=0.7191/0.7609, Recon post/prior=0.6248/0.6205, KL=0.0739, CycSim post/prior=0.0695/0.0466, CycMeas=0.1013, PriorBnd post/prior=2.54e-04/8.54e-05 | Best 0.0995 | Patience 12/40
 >> Epoch 033 | Train Total=0.6897 | Val post/prior Total=0.7351/0.7882, Recon post/prior=0.6345/0.6317, KL=0.0784, CycSim post/prior=0.0747/0.0558, CycMeas=0.1078, PriorBnd post/prior=1.55e-04/1.01e-04 | Best 0.0995 | Patience 13/40
 >> Epoch 034 | Train Total=0.6895 | Val post/prior Total=0.7110/0.7483, Recon post/prior=0.6197/0.6144, KL=0.0663, CycSim post/prior=0.0674/0.0408, CycMeas=0.1016, PriorBnd post/prior=3.21e-04/9.76e-05 | Best 0.0995 | Patience 14/40
 >> Epoch 035 | Train Total=0.6894 | Val post/prior Total=0.7114/0.7501, Recon post/prior=0.6194/0.6138, KL=0.0562, CycSim post/prior=0.0686/0.0438, CycMeas=0.1001, PriorBnd post/prior=5.00e-04/9.91e-05 | Best 0.0995 | Patience 15/40
 >> Epoch 036 | Train Total=0.6890 | Val post/prior Total=0.7100/0.7547, Recon post/prior=0.6191/0.6139, KL=0.0609, CycSim post/prior=0.0672/0.0443, CycMeas=0.1050, PriorBnd post/prior=5.81e-04/9.59e-05 | Best 0.0995 | Patience 16/40
 >> Epoch 037 | Train Total=0.6885 | Val post/prior Total=0.7088/0.7501, Recon post/prior=0.6172/0.6121, KL=0.0598, CycSim post/prior=0.0680/0.0454, CycMeas=0.0998, PriorBnd post/prior=3.22e-04/1.07e-04 | Best 0.0995 | Patience 17/40
 >> Epoch 038 | Train Total=0.6877 | Val post/prior Total=0.7000/0.7438, Recon post/prior=0.6155/0.6111, KL=0.0437, CycSim post/prior=0.0638/0.0405, CycMeas=0.1005, PriorBnd post/prior=1.52e-04/1.05e-04 | Best 0.0995 | Patience 18/40
 >> Epoch 039 | Train Total=0.6868 | Val post/prior Total=0.7046/0.7533, Recon post/prior=0.6143/0.6086, KL=0.0536, CycSim post/prior=0.0674/0.0445, CycMeas=0.1093, PriorBnd post/prior=4.82e-04/1.03e-04 | Best 0.0995 | Patience 19/40
 >> Epoch 040 | Train Total=0.6854 | Val post/prior Total=0.7044/0.7497, Recon post/prior=0.6160/0.6118, KL=0.0422, CycSim post/prior=0.0672/0.0447, CycMeas=0.1007, PriorBnd post/prior=1.86e-04/9.17e-05 | Best 0.0995 | Patience 20/40
 >> Epoch 041 | Train Total=0.6856 | Val post/prior Total=0.7047/0.7445, Recon post/prior=0.6128/0.6084, KL=0.0480, CycSim post/prior=0.0695/0.0427, CycMeas=0.1013, PriorBnd post/prior=2.73e-04/9.85e-05 | Best 0.0995 | Patience 21/40
 >> Epoch 042 | Train Total=0.6857 | Val post/prior Total=0.7012/0.7461, Recon post/prior=0.6135/0.6086, KL=0.0461, CycSim post/prior=0.0662/0.0444, CycMeas=0.1006, PriorBnd post/prior=3.73e-04/9.67e-05 | Best 0.0995 | Patience 22/40
 >> Epoch 043 | Train Total=0.6855 | Val post/prior Total=0.6956/0.7411, Recon post/prior=0.6117/0.6078, KL=0.0441, CycSim post/prior=0.0632/0.0408, CycMeas=0.1007, PriorBnd post/prior=1.93e-04/9.20e-05 | Best 0.0995 | Patience 23/40
 >> Epoch 044 | Train Total=0.6859 | Val post/prior Total=0.7040/0.7521, Recon post/prior=0.6156/0.6114, KL=0.0373, CycSim post/prior=0.0677/0.0483, CycMeas=0.0989, PriorBnd post/prior=1.65e-04/8.79e-05 | Best 0.0995 | Patience 24/40
[Update] best val_cyc_meas improved to 0.098926 @ epoch 44
 >> Epoch 045 | Train Total=0.6852 | Val post/prior Total=0.6956/0.7387, Recon post/prior=0.6096/0.6052, KL=0.0479, CycSim post/prior=0.0646/0.0409, CycMeas=0.1008, PriorBnd post/prior=2.00e-04/1.07e-04 | Best 0.0989 | Patience 1/40
 >> Epoch 046 | Train Total=0.6854 | Val post/prior Total=0.6895/0.7384, Recon post/prior=0.6086/0.6044, KL=0.0443, CycSim post/prior=0.0605/0.0413, CycMeas=0.1007, PriorBnd post/prior=2.94e-04/9.82e-05 | Best 0.0989 | Patience 2/40
 >> Epoch 047 | Train Total=0.6835 | Val post/prior Total=0.6892/0.7351, Recon post/prior=0.6081/0.6037, KL=0.0430, CycSim post/prior=0.0608/0.0403, CycMeas=0.0990, PriorBnd post/prior=2.66e-04/1.02e-04 | Best 0.0989 | Patience 3/40
 >> Epoch 048 | Train Total=0.6850 | Val post/prior Total=0.6948/0.7371, Recon post/prior=0.6082/0.6034, KL=0.0427, CycSim post/prior=0.0656/0.0421, CycMeas=0.0994, PriorBnd post/prior=1.15e-04/9.56e-05 | Best 0.0989 | Patience 4/40
 >> Epoch 049 | Train Total=0.6839 | Val post/prior Total=0.6949/0.7354, Recon post/prior=0.6068/0.6018, KL=0.0383, CycSim post/prior=0.0671/0.0421, CycMeas=0.0990, PriorBnd post/prior=2.60e-04/1.14e-04 | Best 0.0989 | Patience 5/40
 >> Epoch 050 | Train Total=0.6851 | Val post/prior Total=0.7045/0.7568, Recon post/prior=0.6139/0.6105, KL=0.0302, CycSim post/prior=0.0699/0.0506, CycMeas=0.1025, PriorBnd post/prior=3.48e-04/7.83e-05 | Best 0.0989 | Patience 6/40
 >> Epoch 051 | Train Total=0.6872 | Val post/prior Total=0.6934/0.7367, Recon post/prior=0.6062/0.6018, KL=0.0436, CycSim post/prior=0.0660/0.0422, CycMeas=0.1006, PriorBnd post/prior=2.36e-04/1.01e-04 | Best 0.0989 | Patience 7/40
 >> Epoch 052 | Train Total=0.6858 | Val post/prior Total=0.6875/0.7287, Recon post/prior=0.6038/0.5985, KL=0.0422, CycSim post/prior=0.0631/0.0390, CycMeas=0.0994, PriorBnd post/prior=1.88e-04/1.11e-04 | Best 0.0989 | Patience 8/40
 >> Epoch 053 | Train Total=0.6855 | Val post/prior Total=0.6879/0.7280, Recon post/prior=0.6029/0.5982, KL=0.0440, CycSim post/prior=0.0640/0.0397, CycMeas=0.0979, PriorBnd post/prior=2.09e-04/1.13e-04 | Best 0.0989 | Patience 9/40
[Update] best val_cyc_meas improved to 0.097867 @ epoch 53
 >> Epoch 054 | Train Total=0.6865 | Val post/prior Total=0.6858/0.7302, Recon post/prior=0.6022/0.5975, KL=0.0428, CycSim post/prior=0.0629/0.0383, CycMeas=0.1036, PriorBnd post/prior=1.74e-04/1.09e-04 | Best 0.0979 | Patience 1/40
 >> Epoch 055 | Train Total=0.6852 | Val post/prior Total=0.6866/0.7329, Recon post/prior=0.6039/0.5993, KL=0.0352, CycSim post/prior=0.0629/0.0424, CycMeas=0.0986, PriorBnd post/prior=1.77e-04/1.04e-04 | Best 0.0979 | Patience 2/40
 >> Epoch 056 | Train Total=0.6866 | Val post/prior Total=0.6870/0.7338, Recon post/prior=0.6046/0.6012, KL=0.0433, CycSim post/prior=0.0620/0.0411, CycMeas=0.0994, PriorBnd post/prior=1.19e-04/9.23e-05 | Best 0.0979 | Patience 3/40
 >> Epoch 057 | Train Total=0.6876 | Val post/prior Total=0.6903/0.7381, Recon post/prior=0.6044/0.6006, KL=0.0402, CycSim post/prior=0.0652/0.0429, CycMeas=0.1029, PriorBnd post/prior=2.31e-04/1.05e-04 | Best 0.0979 | Patience 4/40
 >> Epoch 058 | Train Total=0.6878 | Val post/prior Total=0.6823/0.7265, Recon post/prior=0.6019/0.5972, KL=0.0342, CycSim post/prior=0.0609/0.0395, CycMeas=0.0975, PriorBnd post/prior=3.22e-04/1.19e-04 | Best 0.0979 | Patience 5/40
[Update] best val_cyc_meas improved to 0.097541 @ epoch 58
 >> Epoch 059 | Train Total=0.6881 | Val post/prior Total=0.6870/0.7329, Recon post/prior=0.6033/0.5992, KL=0.0308, CycSim post/prior=0.0640/0.0422, CycMeas=0.0991, PriorBnd post/prior=2.25e-04/1.05e-04 | Best 0.0975 | Patience 1/40
 >> Epoch 060 | Train Total=0.6886 | Val post/prior Total=0.6813/0.7284, Recon post/prior=0.6027/0.5983, KL=0.0363, CycSim post/prior=0.0593/0.0389, CycMeas=0.0996, PriorBnd post/prior=3.11e-04/1.01e-04 | Best 0.0975 | Patience 2/40
 >> Epoch 061 | Train Total=0.6899 | Val post/prior Total=0.6815/0.7304, Recon post/prior=0.6024/0.5991, KL=0.0350, CycSim post/prior=0.0599/0.0405, CycMeas=0.0986, PriorBnd post/prior=1.65e-04/1.02e-04 | Best 0.0975 | Patience 3/40
 >> Epoch 062 | Train Total=0.6892 | Val post/prior Total=0.6884/0.7333, Recon post/prior=0.6040/0.5997, KL=0.0356, CycSim post/prior=0.0643/0.0430, CycMeas=0.0978, PriorBnd post/prior=2.82e-04/1.04e-04 | Best 0.0975 | Patience 4/40
 >> Epoch 063 | Train Total=0.6889 | Val post/prior Total=0.6815/0.7281, Recon post/prior=0.6016/0.5977, KL=0.0381, CycSim post/prior=0.0602/0.0392, CycMeas=0.0995, PriorBnd post/prior=2.57e-04/1.05e-04 | Best 0.0975 | Patience 5/40
 >> Epoch 064 | Train Total=0.6894 | Val post/prior Total=0.6782/0.7245, Recon post/prior=0.5998/0.5957, KL=0.0341, CycSim post/prior=0.0593/0.0381, CycMeas=0.0989, PriorBnd post/prior=2.27e-04/1.14e-04 | Best 0.0975 | Patience 6/40
 >> Epoch 065 | Train Total=0.6918 | Val post/prior Total=0.6811/0.7276, Recon post/prior=0.6018/0.5974, KL=0.0373, CycSim post/prior=0.0598/0.0392, CycMeas=0.0992, PriorBnd post/prior=2.29e-04/1.06e-04 | Best 0.0975 | Patience 7/40
 >> Epoch 066 | Train Total=0.6896 | Val post/prior Total=0.6797/0.7273, Recon post/prior=0.6012/0.5970, KL=0.0334, CycSim post/prior=0.0595/0.0394, CycMeas=0.0989, PriorBnd post/prior=1.57e-04/1.07e-04 | Best 0.0975 | Patience 8/40
 >> Epoch 067 | Train Total=0.6907 | Val post/prior Total=0.6902/0.7386, Recon post/prior=0.6045/0.6007, KL=0.0307, CycSim post/prior=0.0659/0.0463, CycMeas=0.0982, PriorBnd post/prior=1.06e-04/1.09e-04 | Best 0.0975 | Patience 9/40
 >> Epoch 068 | Train Total=0.6937 | Val post/prior Total=0.6828/0.7346, Recon post/prior=0.6030/0.5998, KL=0.0284, CycSim post/prior=0.0611/0.0435, CycMeas=0.0984, PriorBnd post/prior=1.30e-04/9.40e-05 | Best 0.0975 | Patience 10/40
 >> Epoch 069 | Train Total=0.6932 | Val post/prior Total=0.6807/0.7236, Recon post/prior=0.5993/0.5947, KL=0.0365, CycSim post/prior=0.0616/0.0389, CycMeas=0.0980, PriorBnd post/prior=2.37e-04/1.10e-04 | Best 0.0975 | Patience 11/40
 >> Epoch 070 | Train Total=0.6943 | Val post/prior Total=0.6796/0.7285, Recon post/prior=0.6001/0.5965, KL=0.0357, CycSim post/prior=0.0601/0.0403, CycMeas=0.0997, PriorBnd post/prior=1.37e-04/1.08e-04 | Best 0.0975 | Patience 12/40
 >> Epoch 071 | Train Total=0.6936 | Val post/prior Total=0.6803/0.7229, Recon post/prior=0.5987/0.5938, KL=0.0312, CycSim post/prior=0.0620/0.0384, CycMeas=0.0988, PriorBnd post/prior=3.09e-04/1.17e-04 | Best 0.0975 | Patience 13/40
 >> Epoch 072 | Train Total=0.6953 | Val post/prior Total=0.6798/0.7239, Recon post/prior=0.5981/0.5930, KL=0.0362, CycSim post/prior=0.0618/0.0392, CycMeas=0.0999, PriorBnd post/prior=2.82e-04/1.24e-04 | Best 0.0975 | Patience 14/40
 >> Epoch 073 | Train Total=0.6954 | Val post/prior Total=0.6802/0.7268, Recon post/prior=0.5998/0.5956, KL=0.0303, CycSim post/prior=0.0614/0.0407, CycMeas=0.0981, PriorBnd post/prior=1.20e-04/1.08e-04 | Best 0.0975 | Patience 15/40
 >> Epoch 074 | Train Total=0.6970 | Val post/prior Total=0.6782/0.7244, Recon post/prior=0.5996/0.5953, KL=0.0300, CycSim post/prior=0.0599/0.0390, CycMeas=0.0982, PriorBnd post/prior=2.12e-04/1.20e-04 | Best 0.0975 | Patience 16/40
 >> Epoch 075 | Train Total=0.6967 | Val post/prior Total=0.6776/0.7245, Recon post/prior=0.6000/0.5956, KL=0.0347, CycSim post/prior=0.0587/0.0384, CycMeas=0.0986, PriorBnd post/prior=2.48e-04/1.09e-04 | Best 0.0975 | Patience 17/40
 >> Epoch 076 | Train Total=0.6980 | Val post/prior Total=0.6782/0.7212, Recon post/prior=0.5975/0.5927, KL=0.0397, CycSim post/prior=0.0606/0.0374, CycMeas=0.0996, PriorBnd post/prior=3.19e-04/1.19e-04 | Best 0.0975 | Patience 18/40
 >> Epoch 077 | Train Total=0.6984 | Val post/prior Total=0.7427/0.7985, Recon post/prior=0.6265/0.6239, KL=0.0483, CycSim post/prior=0.0903/0.0741, CycMeas=0.1032, PriorBnd post/prior=1.50e-04/7.19e-05 | Best 0.0975 | Patience 19/40
 >> Epoch 078 | Train Total=0.6986 | Val post/prior Total=0.7057/0.7595, Recon post/prior=0.6126/0.6102, KL=0.0347, CycSim post/prior=0.0719/0.0554, CycMeas=0.0993, PriorBnd post/prior=1.49e-04/7.49e-05 | Best 0.0975 | Patience 20/40
 >> Epoch 079 | Train Total=0.7005 | Val post/prior Total=0.6813/0.7302, Recon post/prior=0.5999/0.5963, KL=0.0295, CycSim post/prior=0.0622/0.0427, CycMeas=0.0984, PriorBnd post/prior=1.57e-04/1.00e-04 | Best 0.0975 | Patience 21/40
 >> Epoch 080 | Train Total=0.7020 | Val post/prior Total=0.6785/0.7232, Recon post/prior=0.5979/0.5937, KL=0.0332, CycSim post/prior=0.0612/0.0383, CycMeas=0.0996, PriorBnd post/prior=2.03e-04/1.16e-04 | Best 0.0975 | Patience 22/40
 >> Epoch 081 | Train Total=0.7025 | Val post/prior Total=0.6804/0.7227, Recon post/prior=0.5974/0.5919, KL=0.0405, CycSim post/prior=0.0623/0.0380, CycMeas=0.1015, PriorBnd post/prior=4.51e-04/1.23e-04 | Best 0.0975 | Patience 23/40
 >> Epoch 082 | Train Total=0.7017 | Val post/prior Total=0.7581/0.8222, Recon post/prior=0.6369/0.6356, KL=0.0572, CycSim post/prior=0.0938/0.0790, CycMeas=0.1111, PriorBnd post/prior=7.87e-05/7.55e-05 | Best 0.0975 | Patience 24/40
 >> Epoch 083 | Train Total=0.7036 | Val post/prior Total=0.6909/0.7443, Recon post/prior=0.6045/0.6010, KL=0.0264, CycSim post/prior=0.0668/0.0491, CycMeas=0.1010, PriorBnd post/prior=1.23e-04/8.61e-05 | Best 0.0975 | Patience 25/40
 >> Epoch 084 | Train Total=0.7035 | Val post/prior Total=0.6754/0.7239, Recon post/prior=0.5987/0.5944, KL=0.0341, CycSim post/prior=0.0579/0.0391, CycMeas=0.0984, PriorBnd post/prior=1.92e-04/1.06e-04 | Best 0.0975 | Patience 26/40
 >> Epoch 085 | Train Total=0.7060 | Val post/prior Total=0.6773/0.7243, Recon post/prior=0.5973/0.5930, KL=0.0366, CycSim post/prior=0.0604/0.0390, CycMeas=0.1007, PriorBnd post/prior=2.33e-04/1.13e-04 | Best 0.0975 | Patience 27/40
 >> Epoch 086 | Train Total=0.7050 | Val post/prior Total=0.6784/0.7209, Recon post/prior=0.5979/0.5930, KL=0.0332, CycSim post/prior=0.0609/0.0378, CycMeas=0.0983, PriorBnd post/prior=4.00e-04/1.13e-04 | Best 0.0975 | Patience 28/40
 >> Epoch 087 | Train Total=0.7061 | Val post/prior Total=0.6794/0.7219, Recon post/prior=0.5972/0.5922, KL=0.0326, CycSim post/prior=0.0626/0.0396, CycMeas=0.0978, PriorBnd post/prior=1.86e-04/1.16e-04 | Best 0.0975 | Patience 29/40
 >> Epoch 088 | Train Total=0.7075 | Val post/prior Total=0.6836/0.7225, Recon post/prior=0.5965/0.5913, KL=0.0351, CycSim post/prior=0.0663/0.0388, CycMeas=0.1006, PriorBnd post/prior=2.86e-04/1.34e-04 | Best 0.0975 | Patience 30/40
 >> Epoch 089 | Train Total=0.7082 | Val post/prior Total=0.6847/0.7325, Recon post/prior=0.6012/0.5970, KL=0.0332, CycSim post/prior=0.0638/0.0430, CycMeas=0.1002, PriorBnd post/prior=2.53e-04/1.12e-04 | Best 0.0975 | Patience 31/40
 >> Epoch 090 | Train Total=0.7095 | Val post/prior Total=0.6781/0.7229, Recon post/prior=0.5980/0.5936, KL=0.0342, CycSim post/prior=0.0608/0.0393, CycMeas=0.0978, PriorBnd post/prior=1.51e-04/1.09e-04 | Best 0.0975 | Patience 32/40
 >> Epoch 091 | Train Total=0.7089 | Val post/prior Total=0.7081/0.7639, Recon post/prior=0.6109/0.6085, KL=0.0271, CycSim post/prior=0.0759/0.0604, CycMeas=0.0993, PriorBnd post/prior=1.31e-04/6.95e-05 | Best 0.0975 | Patience 33/40
 >> Epoch 092 | Train Total=0.7095 | Val post/prior Total=0.6841/0.7324, Recon post/prior=0.5987/0.5953, KL=0.0350, CycSim post/prior=0.0651/0.0421, CycMeas=0.1034, PriorBnd post/prior=1.95e-04/1.19e-04 | Best 0.0975 | Patience 34/40
 >> Epoch 093 | Train Total=0.7109 | Val post/prior Total=0.6779/0.7214, Recon post/prior=0.5980/0.5934, KL=0.0355, CycSim post/prior=0.0605/0.0381, CycMeas=0.0981, PriorBnd post/prior=1.82e-04/1.17e-04 | Best 0.0975 | Patience 35/40
 >> Epoch 094 | Train Total=0.7132 | Val post/prior Total=0.6777/0.7227, Recon post/prior=0.5974/0.5929, KL=0.0341, CycSim post/prior=0.0608/0.0387, CycMeas=0.0993, PriorBnd post/prior=2.73e-04/1.13e-04 | Best 0.0975 | Patience 36/40
 >> Epoch 095 | Train Total=0.7120 | Val post/prior Total=0.6974/0.7495, Recon post/prior=0.6092/0.6058, KL=0.0298, CycSim post/prior=0.0682/0.0515, CycMeas=0.0981, PriorBnd post/prior=9.89e-05/7.67e-05 | Best 0.0975 | Patience 37/40
 >> Epoch 096 | Train Total=0.7133 | Val post/prior Total=0.6800/0.7203, Recon post/prior=0.5970/0.5915, KL=0.0360, CycSim post/prior=0.0628/0.0387, CycMeas=0.0979, PriorBnd post/prior=3.21e-04/1.19e-04 | Best 0.0975 | Patience 38/40
 >> Epoch 097 | Train Total=0.7137 | Val post/prior Total=0.6883/0.7369, Recon post/prior=0.6010/0.5972, KL=0.0324, CycSim post/prior=0.0670/0.0469, CycMeas=0.0996, PriorBnd post/prior=1.61e-04/1.08e-04 | Best 0.0975 | Patience 39/40
 >> Epoch 098 | Train Total=0.7150 | Val post/prior Total=0.6766/0.7197, Recon post/prior=0.5966/0.5924, KL=0.0358, CycSim post/prior=0.0604/0.0374, CycMeas=0.0980, PriorBnd post/prior=2.46e-04/1.25e-04 | Best 0.0975 | Patience 40/40
[EarlyStop] at epoch 98
[Diag] Start to calcaulte diag in test preocess... 
[Diag] wrote 28930 rows to temp_Bidi_cvae\cvae_20251105-110624\diag_test.csv
[Diag] proxy_floor_ps  P50=0.0095  P90=0.0228  P95=0.0348  P99=0.2440
[Test] prior total=0.725130 | prior recon=0.596260 | kl=0.020837 | prior cyc_sim=0.038572 | cyc_meas=0.098392 | prior_l2=0.386962 | prior_bnd=0.000050 | 
