[log] tee initialized at 2025-11-07 21:21:59 -> /content/drive/MyDrive/DL_Training/ASM_HEMT/model_Bidi/session_20251107-212159.log
Using CUDA device 0: NVIDIA A100-SXM4-40GB
[log] tee initialized at 2025-11-07 21:22:21 -> /content/drive/MyDrive/DL_Training/ASM_HEMT/model_Bidi/cvae_20251107-212221/train.log
[L_trust] using 20000 ref rows from /content/drive/MyDrive/DL_Training/ASM_HEMT/model_Bidi/proxy/proxy_Ytr_norm.npy
 >> Epoch 001 | Train Total=72.7471 | Val post/prior Total=12.8450/1.2140, Recon post/prior=0.8968/0.7691, KL=31.1622, CycSim post/prior=0.1770/0.1447, CycMeas=0.3367, PriorBnd post/prior=3.52e-02/6.09e-04 | Best inf | Patience 1/40
[Update] best val_cyc_meas improved to 0.336725 @ epoch 1
 >> Epoch 002 | Train Total=1.2029 | Val post/prior Total=13.7468/0.9577, Recon post/prior=0.7906/0.7228, KL=55.3949, CycSim post/prior=0.1230/0.0904, CycMeas=0.1553, PriorBnd post/prior=1.59e-02/2.68e-04 | Best 0.3367 | Patience 1/40
[Update] best val_cyc_meas improved to 0.155331 @ epoch 2
 >> Epoch 003 | Train Total=1.0117 | Val post/prior Total=0.9355/0.9199, Recon post/prior=0.7145/0.7081, KL=0.4637, CycSim post/prior=0.1029/0.0764, CycMeas=0.1472, PriorBnd post/prior=1.00e-03/1.79e-04 | Best 0.1553 | Patience 1/40
[Update] best val_cyc_meas improved to 0.147243 @ epoch 3
 >> Epoch 004 | Train Total=0.9411 | Val post/prior Total=1.0144/0.8980, Recon post/prior=0.7177/0.6972, KL=0.3578, CycSim post/prior=0.0948/0.0702, CycMeas=0.1426, PriorBnd post/prior=4.27e-03/1.78e-04 | Best 0.1472 | Patience 1/40
[Update] best val_cyc_meas improved to 0.142612 @ epoch 4
 >> Epoch 005 | Train Total=0.8987 | Val post/prior Total=0.8273/0.8677, Recon post/prior=0.6955/0.6891, KL=0.0984, CycSim post/prior=0.0881/0.0646, CycMeas=0.1233, PriorBnd post/prior=9.21e-04/1.33e-04 | Best 0.1426 | Patience 1/40
[Update] best val_cyc_meas improved to 0.123272 @ epoch 5
 >> Epoch 006 | Train Total=0.8705 | Val post/prior Total=0.8631/0.8617, Recon post/prior=0.6944/0.6803, KL=0.0810, CycSim post/prior=0.0858/0.0601, CycMeas=0.1332, PriorBnd post/prior=3.27e-03/1.20e-04 | Best 0.1233 | Patience 1/40
 >> Epoch 007 | Train Total=0.8498 | Val post/prior Total=0.9901/0.8429, Recon post/prior=0.6997/0.6724, KL=0.0577, CycSim post/prior=0.0831/0.0579, CycMeas=0.1226, PriorBnd post/prior=6.42e-03/1.24e-04 | Best 0.1233 | Patience 2/40
[Update] best val_cyc_meas improved to 0.122626 @ epoch 7
 >> Epoch 008 | Train Total=0.8341 | Val post/prior Total=0.8097/0.8281, Recon post/prior=0.6806/0.6691, KL=0.0494, CycSim post/prior=0.0768/0.0558, CycMeas=0.1112, PriorBnd post/prior=1.88e-03/9.41e-05 | Best 0.1226 | Patience 1/40
[Update] best val_cyc_meas improved to 0.111225 @ epoch 8
 >> Epoch 009 | Train Total=0.8258 | Val post/prior Total=0.8117/0.8420, Recon post/prior=0.6806/0.6699, KL=0.0386, CycSim post/prior=0.0810/0.0588, CycMeas=0.1236, PriorBnd post/prior=2.44e-03/7.64e-05 | Best 0.1112 | Patience 1/40
 >> Epoch 010 | Train Total=0.8193 | Val post/prior Total=0.7795/0.8439, Recon post/prior=0.6759/0.6725, KL=0.0319, CycSim post/prior=0.0785/0.0595, CycMeas=0.1216, PriorBnd post/prior=3.56e-04/5.82e-05 | Best 0.1112 | Patience 2/40
 >> Epoch 011 | Train Total=0.8127 | Val post/prior Total=0.7897/0.8319, Recon post/prior=0.6736/0.6653, KL=0.0299, CycSim post/prior=0.0805/0.0617, CycMeas=0.1120, PriorBnd post/prior=1.39e-03/6.53e-05 | Best 0.1112 | Patience 3/40
 >> Epoch 012 | Train Total=0.8046 | Val post/prior Total=0.7719/0.8121, Recon post/prior=0.6656/0.6593, KL=0.0295, CycSim post/prior=0.0774/0.0552, CycMeas=0.1046, PriorBnd post/prior=1.12e-03/7.49e-05 | Best 0.1112 | Patience 4/40
[Update] best val_cyc_meas improved to 0.104574 @ epoch 12
 >> Epoch 013 | Train Total=0.7966 | Val post/prior Total=0.7852/0.8057, Recon post/prior=0.6646/0.6541, KL=0.0261, CycSim post/prior=0.0758/0.0518, CycMeas=0.1080, PriorBnd post/prior=2.36e-03/7.98e-05 | Best 0.1046 | Patience 1/40
 >> Epoch 014 | Train Total=0.7898 | Val post/prior Total=0.7731/0.8253, Recon post/prior=0.6593/0.6498, KL=0.0235, CycSim post/prior=0.0758/0.0533, CycMeas=0.1354, PriorBnd post/prior=1.88e-03/5.78e-05 | Best 0.1046 | Patience 2/40
 >> Epoch 015 | Train Total=0.7845 | Val post/prior Total=0.7531/0.8019, Recon post/prior=0.6540/0.6493, KL=0.0199, CycSim post/prior=0.0752/0.0531, CycMeas=0.1073, PriorBnd post/prior=6.92e-04/4.81e-05 | Best 0.1046 | Patience 3/40
 >> Epoch 016 | Train Total=0.7778 | Val post/prior Total=0.7791/0.8466, Recon post/prior=0.6652/0.6617, KL=0.0164, CycSim post/prior=0.0891/0.0706, CycMeas=0.1220, PriorBnd post/prior=5.33e-04/2.79e-05 | Best 0.1046 | Patience 4/40
 >> Epoch 017 | Train Total=0.7737 | Val post/prior Total=0.7487/0.7972, Recon post/prior=0.6532/0.6476, KL=0.0156, CycSim post/prior=0.0723/0.0552, CycMeas=0.1004, PriorBnd post/prior=9.08e-04/4.22e-05 | Best 0.1046 | Patience 5/40
[Update] best val_cyc_meas improved to 0.100415 @ epoch 17
 >> Epoch 018 | Train Total=0.7715 | Val post/prior Total=0.7655/0.7790, Recon post/prior=0.6493/0.6379, KL=0.0182, CycSim post/prior=0.0712/0.0486, CycMeas=0.0994, PriorBnd post/prior=2.17e-03/6.46e-05 | Best 0.1004 | Patience 1/40
[Update] best val_cyc_meas improved to 0.099366 @ epoch 18
 >> Epoch 019 | Train Total=0.7663 | Val post/prior Total=0.7485/0.7879, Recon post/prior=0.6495/0.6425, KL=0.0177, CycSim post/prior=0.0699/0.0506, CycMeas=0.1019, PriorBnd post/prior=1.16e-03/4.54e-05 | Best 0.0994 | Patience 1/40
 >> Epoch 020 | Train Total=0.7628 | Val post/prior Total=0.9599/0.7738, Recon post/prior=0.6598/0.6351, KL=0.0186, CycSim post/prior=0.0611/0.0471, CycMeas=0.0984, PriorBnd post/prior=5.64e-03/6.37e-05 | Best 0.0994 | Patience 2/40
[Update] best val_cyc_meas improved to 0.098408 @ epoch 20
 >> Epoch 021 | Train Total=0.7597 | Val post/prior Total=0.7387/0.7812, Recon post/prior=0.6439/0.6370, KL=0.0137, CycSim post/prior=0.0665/0.0506, CycMeas=0.1003, PriorBnd post/prior=1.13e-03/4.27e-05 | Best 0.0984 | Patience 1/40
 >> Epoch 022 | Train Total=0.7560 | Val post/prior Total=0.7183/0.7690, Recon post/prior=0.6364/0.6304, KL=0.0135, CycSim post/prior=0.0598/0.0456, CycMeas=0.1006, PriorBnd post/prior=9.28e-04/4.88e-05 | Best 0.0984 | Patience 2/40
 >> Epoch 023 | Train Total=0.7537 | Val post/prior Total=0.7216/0.7682, Recon post/prior=0.6351/0.6289, KL=0.0127, CycSim post/prior=0.0635/0.0455, CycMeas=0.1016, PriorBnd post/prior=1.06e-03/5.57e-05 | Best 0.0984 | Patience 3/40
 >> Epoch 024 | Train Total=0.7505 | Val post/prior Total=0.7258/0.7715, Recon post/prior=0.6362/0.6301, KL=0.0130, CycSim post/prior=0.0660/0.0486, CycMeas=0.0996, PriorBnd post/prior=9.28e-04/3.78e-05 | Best 0.0984 | Patience 4/40
 >> Epoch 025 | Train Total=0.7493 | Val post/prior Total=0.7213/0.7610, Recon post/prior=0.6324/0.6256, KL=0.0132, CycSim post/prior=0.0604/0.0435, CycMeas=0.0996, PriorBnd post/prior=1.24e-03/4.03e-05 | Best 0.0984 | Patience 5/40
 >> Epoch 026 | Train Total=0.7463 | Val post/prior Total=0.7481/0.7637, Recon post/prior=0.6357/0.6244, KL=0.0132, CycSim post/prior=0.0620/0.0464, CycMeas=0.1001, PriorBnd post/prior=2.16e-03/4.06e-05 | Best 0.0984 | Patience 6/40
 >> Epoch 027 | Train Total=0.7444 | Val post/prior Total=0.7139/0.7664, Recon post/prior=0.6315/0.6261, KL=0.0110, CycSim post/prior=0.0616/0.0482, CycMeas=0.0989, PriorBnd post/prior=8.30e-04/2.88e-05 | Best 0.0984 | Patience 7/40
 >> Epoch 028 | Train Total=0.7416 | Val post/prior Total=0.7499/0.7612, Recon post/prior=0.6317/0.6203, KL=0.0118, CycSim post/prior=0.0691/0.0478, CycMeas=0.1001, PriorBnd post/prior=2.12e-03/3.83e-05 | Best 0.0984 | Patience 8/40
 >> Epoch 029 | Train Total=0.7413 | Val post/prior Total=0.7021/0.7570, Recon post/prior=0.6248/0.6201, KL=0.0092, CycSim post/prior=0.0582/0.0443, CycMeas=0.1002, PriorBnd post/prior=6.58e-04/3.04e-05 | Best 0.0984 | Patience 9/40
 >> Epoch 030 | Train Total=0.7382 | Val post/prior Total=0.8146/0.7497, Recon post/prior=0.6344/0.6156, KL=0.0138, CycSim post/prior=0.0610/0.0428, CycMeas=0.0988, PriorBnd post/prior=4.35e-03/3.59e-05 | Best 0.0984 | Patience 10/40
 >> Epoch 031 | Train Total=0.7377 | Val post/prior Total=0.6974/0.7495, Recon post/prior=0.6200/0.6148, KL=0.0107, CycSim post/prior=0.0582/0.0430, CycMeas=0.0993, PriorBnd post/prior=6.51e-04/3.34e-05 | Best 0.0984 | Patience 11/40
 >> Epoch 032 | Train Total=0.7351 | Val post/prior Total=0.8629/0.7445, Recon post/prior=0.6344/0.6117, KL=0.0120, CycSim post/prior=0.0612/0.0417, CycMeas=0.0989, PriorBnd post/prior=5.73e-03/4.53e-05 | Best 0.0984 | Patience 12/40
 >> Epoch 033 | Train Total=0.7324 | Val post/prior Total=0.7282/0.7488, Recon post/prior=0.6244/0.6138, KL=0.0106, CycSim post/prior=0.0566/0.0428, CycMeas=0.0999, PriorBnd post/prior=2.48e-03/2.90e-05 | Best 0.0984 | Patience 13/40
 >> Epoch 034 | Train Total=0.7330 | Val post/prior Total=0.7725/0.7754, Recon post/prior=0.6377/0.6250, KL=0.0088, CycSim post/prior=0.0682/0.0551, CycMeas=0.1013, PriorBnd post/prior=2.82e-03/2.57e-05 | Best 0.0984 | Patience 14/40
 >> Epoch 035 | Train Total=0.7329 | Val post/prior Total=0.7762/0.8015, Recon post/prior=0.6429/0.6327, KL=0.0096, CycSim post/prior=0.0757/0.0671, CycMeas=0.1064, PriorBnd post/prior=2.49e-03/2.94e-05 | Best 0.0984 | Patience 15/40
 >> Epoch 036 | Train Total=0.7318 | Val post/prior Total=1.0721/0.7479, Recon post/prior=0.6419/0.6116, KL=0.0120, CycSim post/prior=0.0619/0.0434, CycMeas=0.1008, PriorBnd post/prior=7.08e-03/3.41e-05 | Best 0.0984 | Patience 16/40
 >> Epoch 037 | Train Total=0.7317 | Val post/prior Total=0.7684/0.7442, Recon post/prior=0.6241/0.6092, KL=0.0112, CycSim post/prior=0.0547/0.0424, CycMeas=0.1007, PriorBnd post/prior=3.36e-03/3.03e-05 | Best 0.0984 | Patience 17/40
 >> Epoch 038 | Train Total=0.7313 | Val post/prior Total=0.7182/0.7728, Recon post/prior=0.6255/0.6217, KL=0.0081, CycSim post/prior=0.0715/0.0554, CycMeas=0.1017, PriorBnd post/prior=6.49e-04/1.17e-05 | Best 0.0984 | Patience 18/40
 >> Epoch 039 | Train Total=0.7266 | Val post/prior Total=0.7049/0.7400, Recon post/prior=0.6163/0.6072, KL=0.0088, CycSim post/prior=0.0556/0.0417, CycMeas=0.0987, PriorBnd post/prior=1.78e-03/2.43e-05 | Best 0.0984 | Patience 19/40
 >> Epoch 040 | Train Total=0.7276 | Val post/prior Total=0.8720/0.7397, Recon post/prior=0.6271/0.6051, KL=0.0092, CycSim post/prior=0.0557/0.0433, CycMeas=0.0986, PriorBnd post/prior=4.47e-03/3.55e-05 | Best 0.0984 | Patience 20/40
 >> Epoch 041 | Train Total=0.7277 | Val post/prior Total=0.6967/0.7408, Recon post/prior=0.6142/0.6071, KL=0.0087, CycSim post/prior=0.0559/0.0423, CycMeas=0.0992, PriorBnd post/prior=1.38e-03/2.57e-05 | Best 0.0984 | Patience 21/40
 >> Epoch 042 | Train Total=0.7270 | Val post/prior Total=0.7669/0.8484, Recon post/prior=0.6469/0.6445, KL=0.0067, CycSim post/prior=0.0957/0.0879, CycMeas=0.1196, PriorBnd post/prior=4.47e-04/1.05e-05 | Best 0.0984 | Patience 22/40
 >> Epoch 043 | Train Total=0.7265 | Val post/prior Total=0.7171/0.7386, Recon post/prior=0.6151/0.6045, KL=0.0084, CycSim post/prior=0.0525/0.0426, CycMeas=0.0990, PriorBnd post/prior=2.11e-03/2.78e-05 | Best 0.0984 | Patience 23/40
 >> Epoch 044 | Train Total=0.7267 | Val post/prior Total=0.7258/0.7672, Recon post/prior=0.6241/0.6159, KL=0.0067, CycSim post/prior=0.0652/0.0574, CycMeas=0.0989, PriorBnd post/prior=1.88e-03/1.39e-05 | Best 0.0984 | Patience 24/40
 >> Epoch 045 | Train Total=0.7268 | Val post/prior Total=0.6954/0.7504, Recon post/prior=0.6118/0.6075, KL=0.0072, CycSim post/prior=0.0641/0.0499, CycMeas=0.0993, PriorBnd post/prior=6.63e-04/1.48e-05 | Best 0.0984 | Patience 25/40
 >> Epoch 046 | Train Total=0.7248 | Val post/prior Total=1.3240/0.7302, Recon post/prior=0.6376/0.5981, KL=0.0090, CycSim post/prior=0.0578/0.0414, CycMeas=0.0983, PriorBnd post/prior=9.63e-03/4.16e-05 | Best 0.0984 | Patience 26/40
[Update] best val_cyc_meas improved to 0.098288 @ epoch 46
 >> Epoch 047 | Train Total=0.7253 | Val post/prior Total=0.7865/0.7687, Recon post/prior=0.6320/0.6178, KL=0.0080, CycSim post/prior=0.0681/0.0563, CycMeas=0.1001, PriorBnd post/prior=3.46e-03/2.03e-05 | Best 0.0983 | Patience 1/40
 >> Epoch 048 | Train Total=0.7239 | Val post/prior Total=0.7128/0.7576, Recon post/prior=0.6184/0.6117, KL=0.0062, CycSim post/prior=0.0655/0.0526, CycMeas=0.0992, PriorBnd post/prior=1.27e-03/1.78e-05 | Best 0.0983 | Patience 2/40
 >> Epoch 049 | Train Total=0.7251 | Val post/prior Total=0.7081/0.7782, Recon post/prior=0.6214/0.6189, KL=0.0062, CycSim post/prior=0.0676/0.0636, CycMeas=0.0996, PriorBnd post/prior=4.79e-04/1.07e-05 | Best 0.0983 | Patience 3/40
 >> Epoch 050 | Train Total=0.7254 | Val post/prior Total=0.8204/0.7422, Recon post/prior=0.6215/0.6028, KL=0.0077, CycSim post/prior=0.0538/0.0476, CycMeas=0.0982, PriorBnd post/prior=4.69e-03/2.79e-05 | Best 0.0983 | Patience 4/40
[Update] best val_cyc_meas improved to 0.098199 @ epoch 50
 >> Epoch 051 | Train Total=0.7249 | Val post/prior Total=0.7288/0.7372, Recon post/prior=0.6118/0.6003, KL=0.0071, CycSim post/prior=0.0591/0.0445, CycMeas=0.0998, PriorBnd post/prior=2.34e-03/2.50e-05 | Best 0.0982 | Patience 1/40
 >> Epoch 052 | Train Total=0.7248 | Val post/prior Total=0.7159/0.7633, Recon post/prior=0.6205/0.6130, KL=0.0053, CycSim post/prior=0.0661/0.0565, CycMeas=0.0990, PriorBnd post/prior=1.57e-03/1.78e-05 | Best 0.0982 | Patience 2/40
 >> Epoch 053 | Train Total=0.7251 | Val post/prior Total=0.6949/0.7332, Recon post/prior=0.6084/0.5997, KL=0.0067, CycSim post/prior=0.0576/0.0431, CycMeas=0.0978, PriorBnd post/prior=1.56e-03/2.03e-05 | Best 0.0982 | Patience 3/40
[Update] best val_cyc_meas improved to 0.097807 @ epoch 53
 >> Epoch 054 | Train Total=0.7236 | Val post/prior Total=0.7674/0.7257, Recon post/prior=0.6108/0.5945, KL=0.0075, CycSim post/prior=0.0560/0.0406, CycMeas=0.0984, PriorBnd post/prior=4.03e-03/3.34e-05 | Best 0.0978 | Patience 1/40
 >> Epoch 055 | Train Total=0.7251 | Val post/prior Total=0.7177/0.7237, Recon post/prior=0.6065/0.5936, KL=0.0076, CycSim post/prior=0.0552/0.0400, CycMeas=0.0979, PriorBnd post/prior=2.86e-03/3.39e-05 | Best 0.0978 | Patience 2/40
 >> Epoch 056 | Train Total=0.7254 | Val post/prior Total=0.7197/0.7286, Recon post/prior=0.6082/0.5961, KL=0.0084, CycSim post/prior=0.0518/0.0421, CycMeas=0.0977, PriorBnd post/prior=2.83e-03/4.08e-05 | Best 0.0978 | Patience 3/40
[Update] best val_cyc_meas improved to 0.097674 @ epoch 56
 >> Epoch 057 | Train Total=0.7253 | Val post/prior Total=0.9620/0.7189, Recon post/prior=0.6190/0.5911, KL=0.0075, CycSim post/prior=0.0523/0.0386, CycMeas=0.0968, PriorBnd post/prior=7.78e-03/5.20e-05 | Best 0.0977 | Patience 1/40
[Update] best val_cyc_meas improved to 0.096795 @ epoch 57
 >> Epoch 058 | Train Total=0.7266 | Val post/prior Total=0.7297/0.7305, Recon post/prior=0.6084/0.5954, KL=0.0070, CycSim post/prior=0.0551/0.0442, CycMeas=0.0979, PriorBnd post/prior=3.16e-03/2.59e-05 | Best 0.0968 | Patience 1/40
 >> Epoch 059 | Train Total=0.7263 | Val post/prior Total=1.3788/0.7282, Recon post/prior=0.6291/0.5943, KL=0.0084, CycSim post/prior=0.0522/0.0433, CycMeas=0.0978, PriorBnd post/prior=1.09e-02/4.32e-05 | Best 0.0968 | Patience 2/40
 >> Epoch 060 | Train Total=0.7256 | Val post/prior Total=1.0852/0.7205, Recon post/prior=0.6245/0.5907, KL=0.0085, CycSim post/prior=0.0547/0.0400, CycMeas=0.0974, PriorBnd post/prior=8.67e-03/4.43e-05 | Best 0.0968 | Patience 3/40
 >> Epoch 061 | Train Total=0.7263 | Val post/prior Total=0.8283/0.7226, Recon post/prior=0.6121/0.5914, KL=0.0098, CycSim post/prior=0.0533/0.0409, CycMeas=0.0978, PriorBnd post/prior=5.23e-03/4.22e-05 | Best 0.0968 | Patience 4/40
 >> Epoch 062 | Train Total=0.7263 | Val post/prior Total=0.6976/0.7268, Recon post/prior=0.6028/0.5924, KL=0.0082, CycSim post/prior=0.0503/0.0439, CycMeas=0.0973, PriorBnd post/prior=2.12e-03/3.42e-05 | Best 0.0968 | Patience 5/40
 >> Epoch 063 | Train Total=0.7268 | Val post/prior Total=0.7625/0.7184, Recon post/prior=0.6053/0.5899, KL=0.0078, CycSim post/prior=0.0561/0.0389, CycMeas=0.0973, PriorBnd post/prior=3.67e-03/3.63e-05 | Best 0.0968 | Patience 6/40
 >> Epoch 064 | Train Total=0.7274 | Val post/prior Total=0.6901/0.7305, Recon post/prior=0.6035/0.5952, KL=0.0062, CycSim post/prior=0.0583/0.0446, CycMeas=0.0977, PriorBnd post/prior=1.45e-03/2.37e-05 | Best 0.0968 | Patience 7/40
 >> Epoch 065 | Train Total=0.7289 | Val post/prior Total=0.8776/0.7263, Recon post/prior=0.6176/0.5951, KL=0.0073, CycSim post/prior=0.0535/0.0414, CycMeas=0.0973, PriorBnd post/prior=6.04e-03/2.44e-05 | Best 0.0968 | Patience 8/40
 >> Epoch 066 | Train Total=0.7300 | Val post/prior Total=0.7354/0.7274, Recon post/prior=0.6075/0.5943, KL=0.0075, CycSim post/prior=0.0526/0.0428, CycMeas=0.0976, PriorBnd post/prior=3.52e-03/3.52e-05 | Best 0.0968 | Patience 9/40
 >> Epoch 067 | Train Total=0.7289 | Val post/prior Total=0.8050/0.7166, Recon post/prior=0.6087/0.5874, KL=0.0099, CycSim post/prior=0.0550/0.0396, CycMeas=0.0972, PriorBnd post/prior=4.83e-03/7.35e-05 | Best 0.0968 | Patience 10/40
 >> Epoch 068 | Train Total=0.7294 | Val post/prior Total=0.6912/0.7274, Recon post/prior=0.6016/0.5929, KL=0.0070, CycSim post/prior=0.0561/0.0440, CycMeas=0.0976, PriorBnd post/prior=1.51e-03/2.33e-05 | Best 0.0968 | Patience 11/40
 >> Epoch 069 | Train Total=0.7287 | Val post/prior Total=0.7487/0.7349, Recon post/prior=0.6113/0.5981, KL=0.0066, CycSim post/prior=0.0616/0.0461, CycMeas=0.0975, PriorBnd post/prior=2.88e-03/2.26e-05 | Best 0.0968 | Patience 12/40
 >> Epoch 070 | Train Total=0.7309 | Val post/prior Total=1.6480/0.7177, Recon post/prior=0.6301/0.5875, KL=0.0072, CycSim post/prior=0.0518/0.0405, CycMeas=0.0970, PriorBnd post/prior=1.06e-02/5.94e-05 | Best 0.0968 | Patience 13/40
 >> Epoch 071 | Train Total=0.7311 | Val post/prior Total=0.7541/0.7213, Recon post/prior=0.6054/0.5889, KL=0.0080, CycSim post/prior=0.0559/0.0419, CycMeas=0.0979, PriorBnd post/prior=3.30e-03/4.60e-05 | Best 0.0968 | Patience 14/40
 >> Epoch 072 | Train Total=0.7331 | Val post/prior Total=0.8120/0.7184, Recon post/prior=0.6084/0.5892, KL=0.0080, CycSim post/prior=0.0558/0.0395, CycMeas=0.0975, PriorBnd post/prior=4.34e-03/4.54e-05 | Best 0.0968 | Patience 15/40
 >> Epoch 073 | Train Total=0.7326 | Val post/prior Total=0.6714/0.7277, Recon post/prior=0.5990/0.5940, KL=0.0052, CycSim post/prior=0.0552/0.0438, CycMeas=0.0968, PriorBnd post/prior=5.38e-04/2.60e-05 | Best 0.0968 | Patience 16/40
 >> Epoch 074 | Train Total=0.7338 | Val post/prior Total=0.7138/0.7202, Recon post/prior=0.6014/0.5892, KL=0.0062, CycSim post/prior=0.0594/0.0409, CycMeas=0.0976, PriorBnd post/prior=2.36e-03/4.52e-05 | Best 0.0968 | Patience 17/40
 >> Epoch 075 | Train Total=0.7326 | Val post/prior Total=0.6771/0.7268, Recon post/prior=0.6007/0.5939, KL=0.0060, CycSim post/prior=0.0559/0.0429, CycMeas=0.0972, PriorBnd post/prior=9.99e-04/2.83e-05 | Best 0.0968 | Patience 18/40
 >> Epoch 076 | Train Total=0.7338 | Val post/prior Total=0.7430/0.8021, Recon post/prior=0.6287/0.6239, KL=0.0051, CycSim post/prior=0.0866/0.0774, CycMeas=0.1030, PriorBnd post/prior=1.01e-03/9.48e-06 | Best 0.0968 | Patience 19/40
 >> Epoch 077 | Train Total=0.7340 | Val post/prior Total=0.6802/0.7199, Recon post/prior=0.5988/0.5904, KL=0.0065, CycSim post/prior=0.0560/0.0397, CycMeas=0.0977, PriorBnd post/prior=1.30e-03/2.95e-05 | Best 0.0968 | Patience 20/40
 >> Epoch 078 | Train Total=0.7350 | Val post/prior Total=0.7023/0.7217, Recon post/prior=0.6010/0.5907, KL=0.0067, CycSim post/prior=0.0556/0.0410, CycMeas=0.0976, PriorBnd post/prior=2.04e-03/2.59e-05 | Best 0.0968 | Patience 21/40
 >> Epoch 079 | Train Total=0.7353 | Val post/prior Total=0.7085/0.7316, Recon post/prior=0.6049/0.5939, KL=0.0051, CycSim post/prior=0.0590/0.0465, CycMeas=0.0978, PriorBnd post/prior=2.00e-03/2.31e-05 | Best 0.0968 | Patience 22/40
 >> Epoch 080 | Train Total=0.7371 | Val post/prior Total=0.6885/0.7184, Recon post/prior=0.5986/0.5881, KL=0.0071, CycSim post/prior=0.0575/0.0403, CycMeas=0.0977, PriorBnd post/prior=1.88e-03/4.51e-05 | Best 0.0968 | Patience 23/40
 >> Epoch 081 | Train Total=0.7370 | Val post/prior Total=0.6893/0.7238, Recon post/prior=0.6001/0.5906, KL=0.0058, CycSim post/prior=0.0555/0.0426, CycMeas=0.0979, PriorBnd post/prior=1.52e-03/2.79e-05 | Best 0.0968 | Patience 24/40
 >> Epoch 082 | Train Total=0.7389 | Val post/prior Total=0.6892/0.7366, Recon post/prior=0.6043/0.5973, KL=0.0056, CycSim post/prior=0.0606/0.0481, CycMeas=0.0976, PriorBnd post/prior=1.27e-03/1.80e-05 | Best 0.0968 | Patience 25/40
 >> Epoch 083 | Train Total=0.7397 | Val post/prior Total=20.1838/0.7178, Recon post/prior=0.7688/0.5870, KL=0.0086, CycSim post/prior=0.0567/0.0402, CycMeas=0.0983, PriorBnd post/prior=4.98e-02/5.72e-05 | Best 0.0968 | Patience 26/40
 >> Epoch 084 | Train Total=0.7392 | Val post/prior Total=0.7295/0.7298, Recon post/prior=0.6071/0.5945, KL=0.0058, CycSim post/prior=0.0556/0.0446, CycMeas=0.0977, PriorBnd post/prior=3.02e-03/2.61e-05 | Best 0.0968 | Patience 27/40
 >> Epoch 085 | Train Total=0.7399 | Val post/prior Total=1.0691/0.7239, Recon post/prior=0.6222/0.5903, KL=0.0080, CycSim post/prior=0.0568/0.0427, CycMeas=0.0983, PriorBnd post/prior=8.26e-03/3.54e-05 | Best 0.0968 | Patience 28/40
 >> Epoch 086 | Train Total=0.7403 | Val post/prior Total=0.7025/0.7236, Recon post/prior=0.6020/0.5901, KL=0.0063, CycSim post/prior=0.0569/0.0434, CycMeas=0.0972, PriorBnd post/prior=2.17e-03/2.61e-05 | Best 0.0968 | Patience 29/40
 >> Epoch 087 | Train Total=0.7406 | Val post/prior Total=0.7414/0.7220, Recon post/prior=0.6044/0.5895, KL=0.0076, CycSim post/prior=0.0578/0.0406, CycMeas=0.1001, PriorBnd post/prior=3.07e-03/3.63e-05 | Best 0.0968 | Patience 30/40
 >> Epoch 088 | Train Total=0.7414 | Val post/prior Total=0.6890/0.7232, Recon post/prior=0.6004/0.5908, KL=0.0066, CycSim post/prior=0.0528/0.0424, CycMeas=0.0971, PriorBnd post/prior=1.84e-03/2.53e-05 | Best 0.0968 | Patience 31/40
 >> Epoch 089 | Train Total=0.7432 | Val post/prior Total=0.7884/0.7257, Recon post/prior=0.6108/0.5926, KL=0.0075, CycSim post/prior=0.0589/0.0429, CycMeas=0.0974, PriorBnd post/prior=4.23e-03/2.45e-05 | Best 0.0968 | Patience 32/40
 >> Epoch 090 | Train Total=0.7428 | Val post/prior Total=0.7167/0.7796, Recon post/prior=0.6185/0.6155, KL=0.0043, CycSim post/prior=0.0778/0.0688, CycMeas=0.0980, PriorBnd post/prior=4.42e-04/9.81e-06 | Best 0.0968 | Patience 33/40
 >> Epoch 091 | Train Total=0.7459 | Val post/prior Total=0.7020/0.7625, Recon post/prior=0.6154/0.6119, KL=0.0042, CycSim post/prior=0.0676/0.0581, CycMeas=0.0971, PriorBnd post/prior=5.51e-04/8.88e-06 | Best 0.0968 | Patience 34/40
 >> Epoch 092 | Train Total=0.7463 | Val post/prior Total=0.6830/0.7339, Recon post/prior=0.6028/0.5973, KL=0.0053, CycSim post/prior=0.0601/0.0463, CycMeas=0.0968, PriorBnd post/prior=9.04e-04/2.18e-05 | Best 0.0968 | Patience 35/40
 >> Epoch 093 | Train Total=0.7456 | Val post/prior Total=0.6794/0.7201, Recon post/prior=0.5981/0.5903, KL=0.0073, CycSim post/prior=0.0553/0.0407, CycMeas=0.0965, PriorBnd post/prior=1.23e-03/1.92e-05 | Best 0.0968 | Patience 36/40
[Update] best val_cyc_meas improved to 0.096516 @ epoch 93
 >> Epoch 094 | Train Total=0.7459 | Val post/prior Total=0.6795/0.7293, Recon post/prior=0.6010/0.5939, KL=0.0060, CycSim post/prior=0.0547/0.0450, CycMeas=0.0972, PriorBnd post/prior=1.28e-03/2.41e-05 | Best 0.0965 | Patience 1/40
 >> Epoch 095 | Train Total=0.7466 | Val post/prior Total=0.7080/0.7660, Recon post/prior=0.6146/0.6104, KL=0.0044, CycSim post/prior=0.0716/0.0619, CycMeas=0.0977, PriorBnd post/prior=7.40e-04/9.71e-06 | Best 0.0965 | Patience 2/40
 >> Epoch 096 | Train Total=0.7501 | Val post/prior Total=0.6872/0.7267, Recon post/prior=0.6005/0.5926, KL=0.0054, CycSim post/prior=0.0562/0.0439, CycMeas=0.0971, PriorBnd post/prior=1.57e-03/1.88e-05 | Best 0.0965 | Patience 3/40
 >> Epoch 097 | Train Total=0.7483 | Val post/prior Total=0.6955/0.7318, Recon post/prior=0.6034/0.5951, KL=0.0058, CycSim post/prior=0.0613/0.0465, CycMeas=0.0967, PriorBnd post/prior=1.66e-03/2.41e-05 | Best 0.0965 | Patience 4/40
 >> Epoch 098 | Train Total=0.7500 | Val post/prior Total=0.6925/0.7475, Recon post/prior=0.6081/0.6034, KL=0.0054, CycSim post/prior=0.0640/0.0520, CycMeas=0.0978, PriorBnd post/prior=7.83e-04/1.70e-05 | Best 0.0965 | Patience 5/40
 >> Epoch 099 | Train Total=0.7501 | Val post/prior Total=0.7509/0.7233, Recon post/prior=0.6040/0.5882, KL=0.0068, CycSim post/prior=0.0565/0.0445, CycMeas=0.0974, PriorBnd post/prior=3.29e-03/4.63e-05 | Best 0.0965 | Patience 6/40
 >> Epoch 100 | Train Total=0.7515 | Val post/prior Total=0.6877/0.7357, Recon post/prior=0.6034/0.5969, KL=0.0059, CycSim post/prior=0.0593/0.0475, CycMeas=0.0977, PriorBnd post/prior=1.31e-03/1.79e-05 | Best 0.0965 | Patience 7/40
 >> Epoch 101 | Train Total=0.7524 | Val post/prior Total=0.7374/0.7651, Recon post/prior=0.6224/0.6132, KL=0.0054, CycSim post/prior=0.0698/0.0585, CycMeas=0.0981, PriorBnd post/prior=2.00e-03/2.89e-05 | Best 0.0965 | Patience 8/40
 >> Epoch 102 | Train Total=0.7528 | Val post/prior Total=0.7516/0.7198, Recon post/prior=0.6042/0.5887, KL=0.0063, CycSim post/prior=0.0531/0.0415, CycMeas=0.0968, PriorBnd post/prior=3.30e-03/3.79e-05 | Best 0.0965 | Patience 9/40
 >> Epoch 103 | Train Total=0.7528 | Val post/prior Total=0.7241/0.7255, Recon post/prior=0.6060/0.5924, KL=0.0055, CycSim post/prior=0.0564/0.0433, CycMeas=0.0968, PriorBnd post/prior=3.53e-03/4.05e-05 | Best 0.0965 | Patience 10/40
 >> Epoch 104 | Train Total=0.7529 | Val post/prior Total=0.7181/0.7238, Recon post/prior=0.6040/0.5912, KL=0.0069, CycSim post/prior=0.0584/0.0423, CycMeas=0.0977, PriorBnd post/prior=2.44e-03/2.76e-05 | Best 0.0965 | Patience 11/40
 >> Epoch 105 | Train Total=0.7545 | Val post/prior Total=0.7529/0.7193, Recon post/prior=0.6049/0.5892, KL=0.0075, CycSim post/prior=0.0514/0.0407, CycMeas=0.0967, PriorBnd post/prior=3.37e-03/4.05e-05 | Best 0.0965 | Patience 12/40
 >> Epoch 106 | Train Total=0.7568 | Val post/prior Total=0.7118/0.7161, Recon post/prior=0.6013/0.5884, KL=0.0079, CycSim post/prior=0.0538/0.0388, CycMeas=0.0967, PriorBnd post/prior=2.73e-03/2.68e-05 | Best 0.0965 | Patience 13/40
 >> Epoch 107 | Train Total=0.7569 | Val post/prior Total=0.6767/0.7271, Recon post/prior=0.5989/0.5918, KL=0.0062, CycSim post/prior=0.0532/0.0446, CycMeas=0.0975, PriorBnd post/prior=1.17e-03/2.15e-05 | Best 0.0965 | Patience 14/40
 >> Epoch 108 | Train Total=0.7570 | Val post/prior Total=0.7596/0.7162, Recon post/prior=0.6046/0.5885, KL=0.0072, CycSim post/prior=0.0531/0.0387, CycMeas=0.0968, PriorBnd post/prior=3.26e-03/3.50e-05 | Best 0.0965 | Patience 15/40
 >> Epoch 109 | Train Total=0.7582 | Val post/prior Total=0.6743/0.7279, Recon post/prior=0.5989/0.5928, KL=0.0058, CycSim post/prior=0.0554/0.0447, CycMeas=0.0972, PriorBnd post/prior=1.04e-03/1.61e-05 | Best 0.0965 | Patience 16/40
 >> Epoch 110 | Train Total=0.7586 | Val post/prior Total=0.6951/0.7345, Recon post/prior=0.6046/0.5964, KL=0.0058, CycSim post/prior=0.0624/0.0473, CycMeas=0.0972, PriorBnd post/prior=1.33e-03/1.88e-05 | Best 0.0965 | Patience 17/40
 >> Epoch 111 | Train Total=0.7595 | Val post/prior Total=0.9568/0.7207, Recon post/prior=0.6145/0.5896, KL=0.0074, CycSim post/prior=0.0562/0.0415, CycMeas=0.0969, PriorBnd post/prior=6.04e-03/3.26e-05 | Best 0.0965 | Patience 18/40
 >> Epoch 112 | Train Total=0.7587 | Val post/prior Total=0.6789/0.7317, Recon post/prior=0.6007/0.5943, KL=0.0062, CycSim post/prior=0.0551/0.0466, CycMeas=0.0973, PriorBnd post/prior=1.08e-03/2.04e-05 | Best 0.0965 | Patience 19/40
 >> Epoch 113 | Train Total=0.7598 | Val post/prior Total=0.8881/0.7164, Recon post/prior=0.6104/0.5872, KL=0.0069, CycSim post/prior=0.0536/0.0400, CycMeas=0.0966, PriorBnd post/prior=5.97e-03/4.36e-05 | Best 0.0965 | Patience 20/40
 >> Epoch 114 | Train Total=0.7584 | Val post/prior Total=0.9188/0.7205, Recon post/prior=0.6111/0.5885, KL=0.0087, CycSim post/prior=0.0532/0.0411, CycMeas=0.0984, PriorBnd post/prior=5.21e-03/4.52e-05 | Best 0.0965 | Patience 21/40
 >> Epoch 115 | Train Total=0.7603 | Val post/prior Total=0.7271/0.7437, Recon post/prior=0.6116/0.6005, KL=0.0055, CycSim post/prior=0.0600/0.0518, CycMeas=0.0969, PriorBnd post/prior=2.68e-03/2.28e-05 | Best 0.0965 | Patience 22/40
 >> Epoch 116 | Train Total=0.7578 | Val post/prior Total=0.6938/0.7206, Recon post/prior=0.5997/0.5898, KL=0.0069, CycSim post/prior=0.0497/0.0410, CycMeas=0.0972, PriorBnd post/prior=2.09e-03/3.04e-05 | Best 0.0965 | Patience 23/40
 >> Epoch 117 | Train Total=0.7600 | Val post/prior Total=0.6968/0.7305, Recon post/prior=0.6036/0.5954, KL=0.0063, CycSim post/prior=0.0596/0.0448, CycMeas=0.0972, PriorBnd post/prior=1.55e-03/1.77e-05 | Best 0.0965 | Patience 24/40
 >> Epoch 118 | Train Total=0.7583 | Val post/prior Total=0.7824/0.7171, Recon post/prior=0.6076/0.5880, KL=0.0073, CycSim post/prior=0.0542/0.0401, CycMeas=0.0965, PriorBnd post/prior=4.63e-03/3.63e-05 | Best 0.0965 | Patience 25/40
[Update] best val_cyc_meas improved to 0.096452 @ epoch 118
 >> Epoch 119 | Train Total=0.7583 | Val post/prior Total=0.7786/0.7243, Recon post/prior=0.6084/0.5911, KL=0.0076, CycSim post/prior=0.0530/0.0434, CycMeas=0.0966, PriorBnd post/prior=4.63e-03/3.40e-05 | Best 0.0965 | Patience 1/40
 >> Epoch 120 | Train Total=0.7598 | Val post/prior Total=0.6752/0.7240, Recon post/prior=0.5989/0.5913, KL=0.0055, CycSim post/prior=0.0497/0.0430, CycMeas=0.0967, PriorBnd post/prior=1.58e-03/3.17e-05 | Best 0.0965 | Patience 2/40
 >> Epoch 121 | Train Total=0.7598 | Val post/prior Total=0.6817/0.7356, Recon post/prior=0.5993/0.5953, KL=0.0046, CycSim post/prior=0.0646/0.0488, CycMeas=0.0977, PriorBnd post/prior=3.86e-04/1.64e-05 | Best 0.0965 | Patience 3/40
 >> Epoch 122 | Train Total=0.7584 | Val post/prior Total=0.6792/0.7204, Recon post/prior=0.5987/0.5905, KL=0.0067, CycSim post/prior=0.0541/0.0404, CycMeas=0.0970, PriorBnd post/prior=1.42e-03/2.56e-05 | Best 0.0965 | Patience 4/40
 >> Epoch 123 | Train Total=0.7583 | Val post/prior Total=0.6891/0.7300, Recon post/prior=0.6014/0.5927, KL=0.0065, CycSim post/prior=0.0542/0.0465, CycMeas=0.0972, PriorBnd post/prior=1.86e-03/3.18e-05 | Best 0.0965 | Patience 5/40
 >> Epoch 124 | Train Total=0.7579 | Val post/prior Total=0.6955/0.7537, Recon post/prior=0.6072/0.6036, KL=0.0047, CycSim post/prior=0.0696/0.0566, CycMeas=0.0985, PriorBnd post/prior=3.79e-04/1.18e-05 | Best 0.0965 | Patience 6/40
 >> Epoch 125 | Train Total=0.7602 | Val post/prior Total=0.7109/0.7232, Recon post/prior=0.6022/0.5907, KL=0.0073, CycSim post/prior=0.0511/0.0428, CycMeas=0.0966, PriorBnd post/prior=2.57e-03/2.22e-05 | Best 0.0965 | Patience 7/40
 >> Epoch 126 | Train Total=0.7574 | Val post/prior Total=0.6643/0.7233, Recon post/prior=0.5960/0.5910, KL=0.0062, CycSim post/prior=0.0510/0.0426, CycMeas=0.0967, PriorBnd post/prior=8.21e-04/2.43e-05 | Best 0.0965 | Patience 8/40
 >> Epoch 127 | Train Total=0.7598 | Val post/prior Total=0.7875/0.7228, Recon post/prior=0.6072/0.5893, KL=0.0085, CycSim post/prior=0.0544/0.0428, CycMeas=0.0979, PriorBnd post/prior=4.54e-03/3.79e-05 | Best 0.0965 | Patience 9/40
 >> Epoch 128 | Train Total=0.7588 | Val post/prior Total=0.6893/0.7497, Recon post/prior=0.6072/0.6040, KL=0.0041, CycSim post/prior=0.0645/0.0535, CycMeas=0.0976, PriorBnd post/prior=3.76e-04/1.05e-05 | Best 0.0965 | Patience 10/40
 >> Epoch 129 | Train Total=0.7585 | Val post/prior Total=0.9615/0.7202, Recon post/prior=0.6149/0.5902, KL=0.0079, CycSim post/prior=0.0517/0.0403, CycMeas=0.0973, PriorBnd post/prior=5.75e-03/4.75e-05 | Best 0.0965 | Patience 11/40
 >> Epoch 130 | Train Total=0.7586 | Val post/prior Total=0.7034/0.7269, Recon post/prior=0.6033/0.5927, KL=0.0059, CycSim post/prior=0.0563/0.0438, CycMeas=0.0975, PriorBnd post/prior=1.97e-03/2.66e-05 | Best 0.0965 | Patience 12/40
 >> Epoch 131 | Train Total=0.7588 | Val post/prior Total=0.6858/0.7201, Recon post/prior=0.5990/0.5897, KL=0.0061, CycSim post/prior=0.0558/0.0410, CycMeas=0.0967, PriorBnd post/prior=1.68e-03/3.71e-05 | Best 0.0965 | Patience 13/40
 >> Epoch 132 | Train Total=0.7591 | Val post/prior Total=0.7280/0.7224, Recon post/prior=0.6019/0.5890, KL=0.0073, CycSim post/prior=0.0551/0.0422, CycMeas=0.0987, PriorBnd post/prior=2.84e-03/3.21e-05 | Best 0.0965 | Patience 14/40
 >> Epoch 133 | Train Total=0.7589 | Val post/prior Total=0.7240/0.7228, Recon post/prior=0.6035/0.5903, KL=0.0060, CycSim post/prior=0.0524/0.0427, CycMeas=0.0968, PriorBnd post/prior=2.94e-03/3.03e-05 | Best 0.0965 | Patience 15/40
 >> Epoch 134 | Train Total=0.7598 | Val post/prior Total=0.7122/0.7170, Recon post/prior=0.5999/0.5873, KL=0.0074, CycSim post/prior=0.0502/0.0404, CycMeas=0.0966, PriorBnd post/prior=2.74e-03/4.19e-05 | Best 0.0965 | Patience 16/40
 >> Epoch 135 | Train Total=0.7592 | Val post/prior Total=0.6971/0.7566, Recon post/prior=0.6123/0.6084, KL=0.0046, CycSim post/prior=0.0655/0.0553, CycMeas=0.0980, PriorBnd post/prior=7.44e-04/1.05e-05 | Best 0.0965 | Patience 17/40
 >> Epoch 136 | Train Total=0.7589 | Val post/prior Total=0.9810/0.7176, Recon post/prior=0.6167/0.5871, KL=0.0078, CycSim post/prior=0.0548/0.0405, CycMeas=0.0975, PriorBnd post/prior=7.65e-03/4.40e-05 | Best 0.0965 | Patience 18/40
 >> Epoch 137 | Train Total=0.7598 | Val post/prior Total=0.6853/0.7345, Recon post/prior=0.6028/0.5966, KL=0.0056, CycSim post/prior=0.0609/0.0468, CycMeas=0.0978, PriorBnd post/prior=9.72e-04/1.71e-05 | Best 0.0965 | Patience 19/40
 >> Epoch 138 | Train Total=0.7587 | Val post/prior Total=0.6714/0.7283, Recon post/prior=0.5990/0.5935, KL=0.0054, CycSim post/prior=0.0531/0.0445, CycMeas=0.0971, PriorBnd post/prior=8.75e-04/1.96e-05 | Best 0.0965 | Patience 20/40
 >> Epoch 139 | Train Total=0.7597 | Val post/prior Total=0.7970/0.7386, Recon post/prior=0.6142/0.5968, KL=0.0060, CycSim post/prior=0.0634/0.0500, CycMeas=0.0977, PriorBnd post/prior=3.65e-03/3.69e-05 | Best 0.0965 | Patience 21/40
 >> Epoch 140 | Train Total=0.7582 | Val post/prior Total=0.6860/0.7321, Recon post/prior=0.6017/0.5954, KL=0.0052, CycSim post/prior=0.0620/0.0457, CycMeas=0.0979, PriorBnd post/prior=1.01e-03/1.90e-05 | Best 0.0965 | Patience 22/40
 >> Epoch 141 | Train Total=0.7591 | Val post/prior Total=0.7186/0.7201, Recon post/prior=0.6030/0.5898, KL=0.0069, CycSim post/prior=0.0547/0.0405, CycMeas=0.0973, PriorBnd post/prior=2.84e-03/3.39e-05 | Best 0.0965 | Patience 23/40
 >> Epoch 142 | Train Total=0.7577 | Val post/prior Total=0.8503/0.7245, Recon post/prior=0.6149/0.5913, KL=0.0087, CycSim post/prior=0.0570/0.0436, CycMeas=0.0965, PriorBnd post/prior=6.00e-03/3.32e-05 | Best 0.0965 | Patience 24/40
 >> Epoch 143 | Train Total=0.7584 | Val post/prior Total=0.6912/0.7221, Recon post/prior=0.5996/0.5895, KL=0.0078, CycSim post/prior=0.0563/0.0430, CycMeas=0.0965, PriorBnd post/prior=1.81e-03/3.18e-05 | Best 0.0965 | Patience 25/40
 >> Epoch 144 | Train Total=0.7580 | Val post/prior Total=0.6834/0.7244, Recon post/prior=0.5997/0.5913, KL=0.0058, CycSim post/prior=0.0516/0.0427, CycMeas=0.0975, PriorBnd post/prior=1.82e-03/2.46e-05 | Best 0.0965 | Patience 26/40
 >> Epoch 145 | Train Total=0.7606 | Val post/prior Total=0.7584/0.7129, Recon post/prior=0.6032/0.5854, KL=0.0071, CycSim post/prior=0.0537/0.0383, CycMeas=0.0970, PriorBnd post/prior=3.85e-03/6.19e-05 | Best 0.0965 | Patience 27/40
 >> Epoch 146 | Train Total=0.7591 | Val post/prior Total=0.7119/0.7180, Recon post/prior=0.5996/0.5867, KL=0.0066, CycSim post/prior=0.0515/0.0413, CycMeas=0.0972, PriorBnd post/prior=2.52e-03/4.80e-05 | Best 0.0965 | Patience 28/40
 >> Epoch 147 | Train Total=0.7587 | Val post/prior Total=0.6887/0.7381, Recon post/prior=0.6055/0.5987, KL=0.0056, CycSim post/prior=0.0576/0.0486, CycMeas=0.0968, PriorBnd post/prior=1.31e-03/2.68e-05 | Best 0.0965 | Patience 29/40
 >> Epoch 148 | Train Total=0.7590 | Val post/prior Total=0.7052/0.7220, Recon post/prior=0.6012/0.5892, KL=0.0068, CycSim post/prior=0.0581/0.0428, CycMeas=0.0971, PriorBnd post/prior=2.27e-03/3.13e-05 | Best 0.0965 | Patience 30/40
 >> Epoch 149 | Train Total=0.7608 | Val post/prior Total=0.6688/0.7255, Recon post/prior=0.5976/0.5939, KL=0.0053, CycSim post/prior=0.0550/0.0418, CycMeas=0.0973, PriorBnd post/prior=4.16e-04/1.77e-05 | Best 0.0965 | Patience 31/40
 >> Epoch 150 | Train Total=0.7599 | Val post/prior Total=0.9900/0.7254, Recon post/prior=0.6156/0.5898, KL=0.0079, CycSim post/prior=0.0573/0.0412, CycMeas=0.1030, PriorBnd post/prior=5.68e-03/4.91e-05 | Best 0.0965 | Patience 32/40
 >> Epoch 151 | Train Total=0.7604 | Val post/prior Total=0.6710/0.7271, Recon post/prior=0.5989/0.5939, KL=0.0046, CycSim post/prior=0.0546/0.0431, CycMeas=0.0972, PriorBnd post/prior=6.33e-04/1.43e-05 | Best 0.0965 | Patience 33/40
 >> Epoch 152 | Train Total=0.7595 | Val post/prior Total=1.1927/0.7191, Recon post/prior=0.6228/0.5878, KL=0.0085, CycSim post/prior=0.0554/0.0414, CycMeas=0.0973, PriorBnd post/prior=9.15e-03/5.18e-05 | Best 0.0965 | Patience 34/40
 >> Epoch 153 | Train Total=0.7572 | Val post/prior Total=0.6957/0.7254, Recon post/prior=0.6008/0.5899, KL=0.0062, CycSim post/prior=0.0485/0.0448, CycMeas=0.0974, PriorBnd post/prior=2.38e-03/2.93e-05 | Best 0.0965 | Patience 35/40
 >> Epoch 154 | Train Total=0.7589 | Val post/prior Total=0.7098/0.7183, Recon post/prior=0.5996/0.5876, KL=0.0066, CycSim post/prior=0.0584/0.0411, CycMeas=0.0970, PriorBnd post/prior=2.55e-03/4.13e-05 | Best 0.0965 | Patience 36/40
 >> Epoch 155 | Train Total=0.7579 | Val post/prior Total=0.8510/0.7158, Recon post/prior=0.6086/0.5874, KL=0.0083, CycSim post/prior=0.0530/0.0392, CycMeas=0.0967, PriorBnd post/prior=5.88e-03/8.04e-05 | Best 0.0965 | Patience 37/40
 >> Epoch 156 | Train Total=0.7589 | Val post/prior Total=0.8820/0.7267, Recon post/prior=0.6143/0.5896, KL=0.0079, CycSim post/prior=0.0523/0.0461, CycMeas=0.0973, PriorBnd post/prior=6.08e-03/5.02e-05 | Best 0.0965 | Patience 38/40
 >> Epoch 157 | Train Total=0.7573 | Val post/prior Total=0.7295/0.7278, Recon post/prior=0.6058/0.5932, KL=0.0058, CycSim post/prior=0.0555/0.0443, CycMeas=0.0973, PriorBnd post/prior=2.58e-03/2.35e-05 | Best 0.0965 | Patience 39/40
 >> Epoch 158 | Train Total=0.7572 | Val post/prior Total=0.6787/0.7230, Recon post/prior=0.5989/0.5912, KL=0.0058, CycSim post/prior=0.0508/0.0420, CycMeas=0.0970, PriorBnd post/prior=1.43e-03/3.62e-05 | Best 0.0965 | Patience 40/40
[EarlyStop] at epoch 158
[Diag] Start to calcaulte diag in test preocess... 
[Diag] wrote 28930 rows to /content/drive/MyDrive/DL_Training/ASM_HEMT/model_Bidi/cvae_20251107-212221/diag_test.csv
[Diag] proxy_floor_ps  P50=0.0095  P90=0.0228  P95=0.0348  P99=0.2440
[Test] prior total=0.715973 | prior recon=0.587617 | kl=0.005732 | prior cyc_sim=0.039037 | cyc_meas=0.097097 | prior_l2=0.383310 | prior_bnd=0.000026 | 
