[log] tee initialized at 2025-11-28 02:12:44 -> temp_Unidi_cvae_14param_2channel\cvae_20251128-021244\train.log
[Data] Warning: Single measurement sample detected. Duplicating to N=2 for BatchNorm compatibility.
[Info] Loading dual proxies from temp_Unidi_cvae_14param_2channel/proxy_dual
[L_trust] using 20000 ref rows from temp_Unidi_cvae_14param_2channel/proxy_dual\proxy_Ytr_norm.npy
D:\Miniconda\envs\DL\Lib\site-packages\torch\optim\lr_scheduler.py:182: UserWarning: Detected call of `lr_scheduler.step()` before `optimizer.step()`. In PyTorch 1.1.0 and later, you should call them in the opposite order: `optimizer.step()` before `lr_scheduler.step()`.  Failure to do this will result in PyTorch skipping the first value of the learning rate schedule. See more details at https://pytorch.org/docs/stable/optim.html#how-to-adjust-learning-rate
  warnings.warn(
 >> Epoch 001 | Train Total=10.1383 | Val post/prior Total=6.9667/4.6795, Recon post/prior=0.9273/0.9224, KL=2.5633, | CycSim post total/iv/gm=0.4753/0.2059/0.2694, | CycSim prior total/iv/gm=0.3752/0.1595/0.2157, | CycMeas total/iv/gm=0.3557/0.1429/0.2129, | PriorBnd post/prior=1.77e-03/1.86e-03 | Best inf | Patience 1/40
[Update] best val_total_post improved to 6.966750 @ epoch 1
 >> Epoch 002 | Train Total=6.4982 | Val post/prior Total=5.5208/4.0484, Recon post/prior=0.9252/0.9258, KL=1.9215, | CycSim post total/iv/gm=0.3630/0.1557/0.2072, | CycSim prior total/iv/gm=0.3117/0.1319/0.1798, | CycMeas total/iv/gm=0.3404/0.1452/0.1952, | PriorBnd post/prior=1.62e-03/1.61e-03 | Best 6.9667 | Patience 1/40
[Update] best val_total_post improved to 5.520797 @ epoch 2
 >> Epoch 003 | Train Total=5.6056 | Val post/prior Total=5.2002/3.7491, Recon post/prior=0.9236/0.9270, KL=1.6256, | CycSim post total/iv/gm=0.3459/0.1473/0.1986, | CycSim prior total/iv/gm=0.2816/0.1192/0.1623, | CycMeas total/iv/gm=0.3384/0.1451/0.1933, | PriorBnd post/prior=1.47e-03/1.40e-03 | Best 5.5208 | Patience 1/40
[Update] best val_total_post improved to 5.200208 @ epoch 3
 >> Epoch 004 | Train Total=5.3075 | Val post/prior Total=5.1612/3.7911, Recon post/prior=0.9220/0.9294, KL=1.7374, | CycSim post total/iv/gm=0.3365/0.1457/0.1908, | CycSim prior total/iv/gm=0.2855/0.1235/0.1620, | CycMeas total/iv/gm=0.3300/0.1404/0.1896, | PriorBnd post/prior=1.59e-03/1.52e-03 | Best 5.2002 | Patience 1/40
[Update] best val_total_post improved to 5.161237 @ epoch 4
 >> Epoch 005 | Train Total=5.1359 | Val post/prior Total=4.9048/3.3587, Recon post/prior=0.9278/0.9368, KL=1.7539, | CycSim post total/iv/gm=0.3094/0.1315/0.1779, | CycSim prior total/iv/gm=0.2414/0.1038/0.1377, | CycMeas total/iv/gm=0.3339/0.1453/0.1886, | PriorBnd post/prior=1.45e-03/1.41e-03 | Best 5.1612 | Patience 1/40
[Update] best val_total_post improved to 4.904844 @ epoch 5
 >> Epoch 006 | Train Total=4.9463 | Val post/prior Total=4.4326/2.9152, Recon post/prior=0.9202/0.9288, KL=1.7949, | CycSim post total/iv/gm=0.2610/0.1114/0.1496, | CycSim prior total/iv/gm=0.1979/0.0844/0.1135, | CycMeas total/iv/gm=0.3264/0.1428/0.1836, | PriorBnd post/prior=1.35e-03/1.31e-03 | Best 4.9048 | Patience 1/40
[Update] best val_total_post improved to 4.432590 @ epoch 6
 >> Epoch 007 | Train Total=4.8389 | Val post/prior Total=4.7308/3.2591, Recon post/prior=0.9126/0.9202, KL=1.6240, | CycSim post total/iv/gm=0.3001/0.1325/0.1676, | CycSim prior total/iv/gm=0.2332/0.1042/0.1289, | CycMeas total/iv/gm=0.3117/0.1371/0.1745, | PriorBnd post/prior=1.37e-03/1.33e-03 | Best 4.4326 | Patience 1/40
 >> Epoch 008 | Train Total=4.7984 | Val post/prior Total=4.6988/3.5146, Recon post/prior=0.9051/0.9127, KL=1.3718, | CycSim post total/iv/gm=0.3103/0.1385/0.1719, | CycSim prior total/iv/gm=0.2595/0.1181/0.1414, | CycMeas total/iv/gm=0.3320/0.1510/0.1810, | PriorBnd post/prior=1.14e-03/1.17e-03 | Best 4.4326 | Patience 2/40
 >> Epoch 009 | Train Total=4.7591 | Val post/prior Total=4.8370/3.5644, Recon post/prior=0.9022/0.9105, KL=1.6277, | CycSim post total/iv/gm=0.3116/0.1372/0.1745, | CycSim prior total/iv/gm=0.2647/0.1182/0.1465, | CycMeas total/iv/gm=0.3023/0.1409/0.1614, | PriorBnd post/prior=1.11e-03/1.21e-03 | Best 4.4326 | Patience 3/40
 >> Epoch 010 | Train Total=4.5676 | Val post/prior Total=4.1953/3.1062, Recon post/prior=0.8972/0.9081, KL=1.3187, | CycSim post total/iv/gm=0.2634/0.1162/0.1473, | CycSim prior total/iv/gm=0.2191/0.0949/0.1243, | CycMeas total/iv/gm=0.2626/0.1182/0.1444, | PriorBnd post/prior=9.52e-04/1.07e-03 | Best 4.4326 | Patience 4/40
[Update] best val_total_post improved to 4.195349 @ epoch 10
 >> Epoch 011 | Train Total=4.4641 | Val post/prior Total=5.6210/4.1430, Recon post/prior=0.8939/0.9063, KL=1.8050, | CycSim post total/iv/gm=0.3820/0.1663/0.2157, | CycSim prior total/iv/gm=0.3230/0.1428/0.1802, | CycMeas total/iv/gm=0.2329/0.1106/0.1223, | PriorBnd post/prior=9.79e-04/1.21e-03 | Best 4.1953 | Patience 1/40
 >> Epoch 012 | Train Total=4.5235 | Val post/prior Total=4.1435/2.9788, Recon post/prior=0.8920/0.9049, KL=1.6506, | CycSim post total/iv/gm=0.2422/0.1074/0.1348, | CycSim prior total/iv/gm=0.2067/0.0916/0.1151, | CycMeas total/iv/gm=0.2512/0.1174/0.1338, | PriorBnd post/prior=9.65e-04/1.10e-03 | Best 4.1953 | Patience 2/40
[Update] best val_total_post improved to 4.143476 @ epoch 12
 >> Epoch 013 | Train Total=4.4489 | Val post/prior Total=4.7278/3.4736, Recon post/prior=0.8812/0.8906, KL=1.9329, | CycSim post total/iv/gm=0.2876/0.1242/0.1634, | CycSim prior total/iv/gm=0.2576/0.1113/0.1463, | CycMeas total/iv/gm=0.2312/0.1125/0.1188, | PriorBnd post/prior=2.58e-04/3.69e-04 | Best 4.1435 | Patience 1/40
 >> Epoch 014 | Train Total=4.3127 | Val post/prior Total=5.7481/4.4955, Recon post/prior=0.8829/0.8923, KL=2.2465, | CycSim post total/iv/gm=0.3738/0.1627/0.2110, | CycSim prior total/iv/gm=0.3597/0.1576/0.2021, | CycMeas total/iv/gm=0.1607/0.0809/0.0799, | PriorBnd post/prior=5.49e-04/6.35e-04 | Best 4.1435 | Patience 2/40
 >> Epoch 015 | Train Total=4.2020 | Val post/prior Total=5.2886/3.9216, Recon post/prior=0.8746/0.8814, KL=2.0581, | CycSim post total/iv/gm=0.3381/0.1450/0.1931, | CycSim prior total/iv/gm=0.3034/0.1298/0.1737, | CycMeas total/iv/gm=0.1356/0.0639/0.0716, | PriorBnd post/prior=2.23e-04/2.46e-04 | Best 4.1435 | Patience 3/40
 >> Epoch 016 | Train Total=4.2393 | Val post/prior Total=4.5403/3.0129, Recon post/prior=0.8847/0.8939, KL=2.6429, | CycSim post total/iv/gm=0.2330/0.1040/0.1290, | CycSim prior total/iv/gm=0.2112/0.0937/0.1176, | CycMeas total/iv/gm=0.1647/0.0831/0.0816, | PriorBnd post/prior=4.08e-04/7.28e-04 | Best 4.1435 | Patience 4/40
 >> Epoch 017 | Train Total=4.1068 | Val post/prior Total=5.2054/3.8026, Recon post/prior=0.8770/0.8841, KL=2.4075, | CycSim post total/iv/gm=0.3120/0.1404/0.1716, | CycSim prior total/iv/gm=0.2912/0.1319/0.1593, | CycMeas total/iv/gm=0.1927/0.0939/0.0988, | PriorBnd post/prior=2.43e-04/2.90e-04 | Best 4.1435 | Patience 5/40
 >> Epoch 018 | Train Total=4.0697 | Val post/prior Total=4.2384/3.0251, Recon post/prior=0.8785/0.8859, KL=2.3440, | CycSim post total/iv/gm=0.2183/0.0986/0.1197, | CycSim prior total/iv/gm=0.2133/0.0948/0.1185, | CycMeas total/iv/gm=0.1514/0.0782/0.0732, | PriorBnd post/prior=5.10e-04/5.67e-04 | Best 4.1435 | Patience 6/40
 >> Epoch 019 | Train Total=4.0293 | Val post/prior Total=4.9534/3.2325, Recon post/prior=0.8803/0.8905, KL=3.1266, | CycSim post total/iv/gm=0.2505/0.1123/0.1382, | CycSim prior total/iv/gm=0.2335/0.1051/0.1284, | CycMeas total/iv/gm=0.1757/0.0881/0.0877, | PriorBnd post/prior=4.98e-04/6.07e-04 | Best 4.1435 | Patience 7/40
 >> Epoch 020 | Train Total=3.9531 | Val post/prior Total=5.5878/4.1039, Recon post/prior=0.8798/0.8902, KL=2.6274, | CycSim post total/iv/gm=0.3389/0.1518/0.1872, | CycSim prior total/iv/gm=0.3207/0.1449/0.1758, | CycMeas total/iv/gm=0.1500/0.0740/0.0759, | PriorBnd post/prior=2.88e-04/2.20e-04 | Best 4.1435 | Patience 8/40
 >> Epoch 021 | Train Total=3.9181 | Val post/prior Total=4.4504/3.0016, Recon post/prior=0.8777/0.8885, KL=2.6131, | CycSim post total/iv/gm=0.2261/0.1015/0.1246, | CycSim prior total/iv/gm=0.2105/0.0947/0.1158, | CycMeas total/iv/gm=0.2158/0.1020/0.1139, | PriorBnd post/prior=4.79e-04/4.59e-04 | Best 4.1435 | Patience 9/40
 >> Epoch 022 | Train Total=3.9405 | Val post/prior Total=4.9081/2.9045, Recon post/prior=0.8880/0.8998, KL=3.6132, | CycSim post total/iv/gm=0.2208/0.0972/0.1236, | CycSim prior total/iv/gm=0.1997/0.0875/0.1122, | CycMeas total/iv/gm=0.1377/0.0668/0.0709, | PriorBnd post/prior=4.41e-04/4.38e-04 | Best 4.1435 | Patience 10/40
 >> Epoch 023 | Train Total=3.9486 | Val post/prior Total=5.3378/3.7272, Recon post/prior=0.8834/0.8935, KL=3.1133, | CycSim post total/iv/gm=0.2893/0.1302/0.1591, | CycSim prior total/iv/gm=0.2825/0.1278/0.1547, | CycMeas total/iv/gm=0.1763/0.0842/0.0921, | PriorBnd post/prior=2.71e-04/2.22e-04 | Best 4.1435 | Patience 11/40
 >> Epoch 024 | Train Total=4.0116 | Val post/prior Total=4.3482/2.9284, Recon post/prior=0.8959/0.9058, KL=2.5327, | CycSim post total/iv/gm=0.2181/0.0913/0.1267, | CycSim prior total/iv/gm=0.2014/0.0841/0.1174, | CycMeas total/iv/gm=0.1660/0.0802/0.0858, | PriorBnd post/prior=2.23e-04/2.50e-04 | Best 4.1435 | Patience 12/40
 >> Epoch 025 | Train Total=3.9689 | Val post/prior Total=4.7366/3.7056, Recon post/prior=0.8784/0.8880, KL=1.9741, | CycSim post total/iv/gm=0.2866/0.1233/0.1633, | CycSim prior total/iv/gm=0.2810/0.1199/0.1612, | CycMeas total/iv/gm=0.1194/0.0598/0.0596, | PriorBnd post/prior=2.77e-04/1.85e-04 | Best 4.1435 | Patience 13/40
 >> Epoch 026 | Train Total=4.0155 | Val post/prior Total=4.9267/3.2456, Recon post/prior=0.8885/0.8997, KL=2.9180, | CycSim post total/iv/gm=0.2574/0.1149/0.1425, | CycSim prior total/iv/gm=0.2338/0.1048/0.1290, | CycMeas total/iv/gm=0.1453/0.0709/0.0745, | PriorBnd post/prior=1.53e-04/8.28e-05 | Best 4.1435 | Patience 14/40
 >> Epoch 027 | Train Total=4.0765 | Val post/prior Total=4.7505/3.0405, Recon post/prior=0.8957/0.9041, KL=3.2166, | CycSim post total/iv/gm=0.2241/0.1006/0.1235, | CycSim prior total/iv/gm=0.2127/0.0964/0.1163, | CycMeas total/iv/gm=0.1852/0.0834/0.1018, | PriorBnd post/prior=3.35e-04/2.59e-04 | Best 4.1435 | Patience 15/40
 >> Epoch 028 | Train Total=3.9829 | Val post/prior Total=4.5029/2.9421, Recon post/prior=0.8903/0.8986, KL=2.6777, | CycSim post total/iv/gm=0.2269/0.1036/0.1233, | CycSim prior total/iv/gm=0.2036/0.0942/0.1094, | CycMeas total/iv/gm=0.0935/0.0491/0.0444, | PriorBnd post/prior=3.96e-04/3.25e-04 | Best 4.1435 | Patience 16/40
 >> Epoch 029 | Train Total=3.9410 | Val post/prior Total=5.2202/3.8806, Recon post/prior=0.8808/0.8905, KL=2.4593, | CycSim post total/iv/gm=0.3105/0.1390/0.1715, | CycSim prior total/iv/gm=0.2983/0.1338/0.1644, | CycMeas total/iv/gm=0.1114/0.0530/0.0584, | PriorBnd post/prior=1.03e-04/9.26e-05 | Best 4.1435 | Patience 17/40
 >> Epoch 030 | Train Total=3.8399 | Val post/prior Total=5.1247/3.0137, Recon post/prior=0.8950/0.9050, KL=3.9625, | CycSim post total/iv/gm=0.2243/0.1015/0.1228, | CycSim prior total/iv/gm=0.2100/0.0965/0.1134, | CycMeas total/iv/gm=0.1509/0.0680/0.0829, | PriorBnd post/prior=4.36e-04/4.11e-04 | Best 4.1435 | Patience 18/40
 >> Epoch 031 | Train Total=3.7755 | Val post/prior Total=5.1047/3.4110, Recon post/prior=0.8916/0.9010, KL=3.3317, | CycSim post total/iv/gm=0.2542/0.1155/0.1386, | CycSim prior total/iv/gm=0.2501/0.1141/0.1361, | CycMeas total/iv/gm=0.1319/0.0620/0.0699, | PriorBnd post/prior=4.18e-04/4.08e-04 | Best 4.1435 | Patience 19/40
 >> Epoch 032 | Train Total=3.7576 | Val post/prior Total=5.1988/3.0526, Recon post/prior=0.8848/0.8922, KL=4.1413, | CycSim post total/iv/gm=0.2238/0.0999/0.1239, | CycSim prior total/iv/gm=0.2152/0.0963/0.1189, | CycMeas total/iv/gm=0.1179/0.0557/0.0622, | PriorBnd post/prior=2.96e-04/2.49e-04 | Best 4.1435 | Patience 20/40
 >> Epoch 033 | Train Total=3.8197 | Val post/prior Total=5.2686/3.0208, Recon post/prior=0.8909/0.8973, KL=4.4537, | CycSim post total/iv/gm=0.2145/0.0965/0.1180, | CycSim prior total/iv/gm=0.2115/0.0952/0.1163, | CycMeas total/iv/gm=0.1085/0.0538/0.0547, | PriorBnd post/prior=3.75e-04/3.26e-04 | Best 4.1435 | Patience 21/40
 >> Epoch 034 | Train Total=3.8144 | Val post/prior Total=4.2827/2.5124, Recon post/prior=0.8857/0.8908, KL=3.2483, | CycSim post total/iv/gm=0.1768/0.0766/0.1002, | CycSim prior total/iv/gm=0.1613/0.0709/0.0904, | CycMeas total/iv/gm=0.1332/0.0649/0.0683, | PriorBnd post/prior=2.87e-04/2.96e-04 | Best 4.1435 | Patience 22/40
 >> Epoch 035 | Train Total=3.8581 | Val post/prior Total=6.0597/4.2583, Recon post/prior=0.8884/0.8993, KL=3.8293, | CycSim post total/iv/gm=0.3251/0.1476/0.1775, | CycSim prior total/iv/gm=0.3349/0.1516/0.1833, | CycMeas total/iv/gm=0.1964/0.0958/0.1006, | PriorBnd post/prior=6.74e-04/7.19e-04 | Best 4.1435 | Patience 23/40
 >> Epoch 036 | Train Total=4.0535 | Val post/prior Total=4.9215/3.9710, Recon post/prior=0.8844/0.8984, KL=2.1629, | CycSim post total/iv/gm=0.2951/0.1324/0.1626, | CycSim prior total/iv/gm=0.3064/0.1375/0.1690, | CycMeas total/iv/gm=0.1050/0.0538/0.0512, | PriorBnd post/prior=4.95e-04/6.68e-04 | Best 4.1435 | Patience 24/40
 >> Epoch 037 | Train Total=3.9084 | Val post/prior Total=4.6886/3.6454, Recon post/prior=0.8771/0.8855, KL=2.2552, | CycSim post total/iv/gm=0.2679/0.1192/0.1487, | CycSim prior total/iv/gm=0.2751/0.1216/0.1535, | CycMeas total/iv/gm=0.1198/0.0593/0.0605, | PriorBnd post/prior=3.44e-04/3.33e-04 | Best 4.1435 | Patience 25/40
 >> Epoch 038 | Train Total=4.0605 | Val post/prior Total=4.9087/3.8912, Recon post/prior=0.8924/0.9015, KL=2.3836, | CycSim post total/iv/gm=0.2819/0.1193/0.1626, | CycSim prior total/iv/gm=0.2981/0.1248/0.1734, | CycMeas total/iv/gm=0.0910/0.0449/0.0461, | PriorBnd post/prior=3.63e-04/4.02e-04 | Best 4.1435 | Patience 26/40
 >> Epoch 039 | Train Total=3.9338 | Val post/prior Total=5.0491/3.6622, Recon post/prior=0.8813/0.8928, KL=2.4424, | CycSim post total/iv/gm=0.2941/0.1281/0.1661, | CycSim prior total/iv/gm=0.2759/0.1201/0.1558, | CycMeas total/iv/gm=0.1754/0.0808/0.0946, | PriorBnd post/prior=2.89e-04/2.82e-04 | Best 4.1435 | Patience 27/40
 >> Epoch 040 | Train Total=3.8850 | Val post/prior Total=4.5369/3.1676, Recon post/prior=0.8916/0.9022, KL=2.7327, | CycSim post total/iv/gm=0.2273/0.0956/0.1318, | CycSim prior total/iv/gm=0.2257/0.0939/0.1318, | CycMeas total/iv/gm=0.0881/0.0432/0.0449, | PriorBnd post/prior=6.79e-04/5.58e-04 | Best 4.1435 | Patience 28/40
 >> Epoch 041 | Train Total=3.9557 | Val post/prior Total=4.6988/3.5318, Recon post/prior=0.8893/0.9008, KL=2.4054, | CycSim post total/iv/gm=0.2601/0.1117/0.1484, | CycSim prior total/iv/gm=0.2622/0.1118/0.1504, | CycMeas total/iv/gm=0.1096/0.0539/0.0557, | PriorBnd post/prior=2.45e-04/2.56e-04 | Best 4.1435 | Patience 29/40
 >> Epoch 042 | Train Total=3.8856 | Val post/prior Total=4.2908/2.9518, Recon post/prior=0.8895/0.9047, KL=2.6454, | CycSim post total/iv/gm=0.2073/0.0923/0.1150, | CycSim prior total/iv/gm=0.2038/0.0910/0.1128, | CycMeas total/iv/gm=0.1113/0.0567/0.0546, | PriorBnd post/prior=1.06e-03/1.07e-03 | Best 4.1435 | Patience 30/40
 >> Epoch 043 | Train Total=3.7210 | Val post/prior Total=6.1062/4.5709, Recon post/prior=0.8928/0.9129, KL=3.0964, | CycSim post total/iv/gm=0.3659/0.1600/0.2059, | CycSim prior total/iv/gm=0.3647/0.1589/0.2058, | CycMeas total/iv/gm=0.1454/0.0668/0.0786, | PriorBnd post/prior=7.92e-04/6.67e-04 | Best 4.1435 | Patience 31/40
 >> Epoch 044 | Train Total=3.7074 | Val post/prior Total=4.7362/3.3531, Recon post/prior=0.8917/0.9085, KL=2.8428, | CycSim post total/iv/gm=0.2417/0.1002/0.1415, | CycSim prior total/iv/gm=0.2433/0.1009/0.1424, | CycMeas total/iv/gm=0.1856/0.0878/0.0977, | PriorBnd post/prior=6.06e-04/5.46e-04 | Best 4.1435 | Patience 32/40
 >> Epoch 045 | Train Total=4.0736 | Val post/prior Total=5.3459/4.2446, Recon post/prior=0.8770/0.8978, KL=2.2563, | CycSim post total/iv/gm=0.3336/0.1453/0.1883, | CycSim prior total/iv/gm=0.3335/0.1459/0.1876, | CycMeas total/iv/gm=0.1942/0.0923/0.1019, | PriorBnd post/prior=3.39e-04/3.13e-04 | Best 4.1435 | Patience 33/40
 >> Epoch 046 | Train Total=3.9844 | Val post/prior Total=3.9498/3.0417, Recon post/prior=0.8918/0.9189, KL=1.7808, | CycSim post total/iv/gm=0.2162/0.0975/0.1186, | CycSim prior total/iv/gm=0.2110/0.0953/0.1156, | CycMeas total/iv/gm=0.2146/0.1027/0.1119, | PriorBnd post/prior=1.39e-04/2.57e-04 | Best 4.1435 | Patience 34/40
[Update] best val_total_post improved to 3.949778 @ epoch 46
 >> Epoch 047 | Train Total=3.9113 | Val post/prior Total=5.5675/4.2075, Recon post/prior=0.8702/0.8876, KL=2.4222, | CycSim post total/iv/gm=0.3481/0.1489/0.1992, | CycSim prior total/iv/gm=0.3310/0.1411/0.1899, | CycMeas total/iv/gm=0.1224/0.0609/0.0615, | PriorBnd post/prior=1.39e-04/1.29e-04 | Best 3.9498 | Patience 1/40
 >> Epoch 048 | Train Total=3.9012 | Val post/prior Total=4.5674/3.3390, Recon post/prior=0.8701/0.8926, KL=2.4284, | CycSim post total/iv/gm=0.2478/0.1099/0.1379, | CycSim prior total/iv/gm=0.2437/0.1079/0.1357, | CycMeas total/iv/gm=0.1258/0.0660/0.0598, | PriorBnd post/prior=2.82e-04/3.19e-04 | Best 3.9498 | Patience 2/40
 >> Epoch 049 | Train Total=3.8920 | Val post/prior Total=4.7564/3.4147, Recon post/prior=0.8760/0.9088, KL=2.8522, | CycSim post total/iv/gm=0.2449/0.1117/0.1332, | CycSim prior total/iv/gm=0.2495/0.1135/0.1360, | CycMeas total/iv/gm=0.1508/0.0811/0.0697, | PriorBnd post/prior=6.50e-05/3.51e-04 | Best 3.9498 | Patience 3/40
 >> Epoch 050 | Train Total=3.7659 | Val post/prior Total=4.8019/3.4616, Recon post/prior=0.8684/0.8875, KL=2.5987, | CycSim post total/iv/gm=0.2629/0.1142/0.1487, | CycSim prior total/iv/gm=0.2564/0.1108/0.1456, | CycMeas total/iv/gm=0.1407/0.0729/0.0678, | PriorBnd post/prior=3.62e-04/3.99e-04 | Best 3.9498 | Patience 4/40
 >> Epoch 051 | Train Total=3.7261 | Val post/prior Total=4.5585/3.1340, Recon post/prior=0.8837/0.9194, KL=3.0955, | CycSim post total/iv/gm=0.2121/0.0960/0.1161, | CycSim prior total/iv/gm=0.2203/0.0993/0.1210, | CycMeas total/iv/gm=0.1324/0.0738/0.0586, | PriorBnd post/prior=3.59e-04/4.96e-04 | Best 3.9498 | Patience 5/40
 >> Epoch 052 | Train Total=3.5263 | Val post/prior Total=4.7800/3.2129, Recon post/prior=0.8769/0.9123, KL=3.1195, | CycSim post total/iv/gm=0.2338/0.1052/0.1286, | CycSim prior total/iv/gm=0.2286/0.1032/0.1255, | CycMeas total/iv/gm=0.2236/0.1092/0.1144, | PriorBnd post/prior=2.18e-04/1.40e-03 | Best 3.9498 | Patience 6/40
 >> Epoch 053 | Train Total=3.4728 | Val post/prior Total=4.3383/2.7911, Recon post/prior=0.8829/0.9261, KL=3.1217, | CycSim post total/iv/gm=0.1889/0.0870/0.1019, | CycSim prior total/iv/gm=0.1851/0.0855/0.0996, | CycMeas total/iv/gm=0.1861/0.0963/0.0898, | PriorBnd post/prior=2.94e-04/5.45e-04 | Best 3.9498 | Patience 7/40
 >> Epoch 054 | Train Total=3.6086 | Val post/prior Total=4.6830/2.9984, Recon post/prior=0.8659/0.8984, KL=3.4112, | CycSim post total/iv/gm=0.2106/0.0947/0.1159, | CycSim prior total/iv/gm=0.2088/0.0931/0.1157, | CycMeas total/iv/gm=0.1714/0.0863/0.0851, | PriorBnd post/prior=1.34e-04/2.40e-04 | Best 3.9498 | Patience 8/40
 >> Epoch 055 | Train Total=3.6143 | Val post/prior Total=4.3553/2.7469, Recon post/prior=0.8803/0.9284, KL=3.3366, | CycSim post total/iv/gm=0.1801/0.0820/0.0981, | CycSim prior total/iv/gm=0.1805/0.0816/0.0989, | CycMeas total/iv/gm=0.1676/0.0833/0.0843, | PriorBnd post/prior=1.30e-04/1.84e-03 | Best 3.9498 | Patience 9/40
 >> Epoch 056 | Train Total=3.6143 | Val post/prior Total=6.1359/4.1252, Recon post/prior=0.8710/0.9034, KL=4.0003, | CycSim post total/iv/gm=0.3259/0.1418/0.1841, | CycSim prior total/iv/gm=0.3210/0.1375/0.1835, | CycMeas total/iv/gm=0.1450/0.0707/0.0743, | PriorBnd post/prior=2.67e-04/4.89e-04 | Best 3.9498 | Patience 10/40
 >> Epoch 057 | Train Total=3.7309 | Val post/prior Total=4.9285/2.7516, Recon post/prior=0.8912/0.9384, KL=4.2691, | CycSim post total/iv/gm=0.1897/0.0883/0.1014, | CycSim prior total/iv/gm=0.1799/0.0843/0.0955, | CycMeas total/iv/gm=0.1782/0.0904/0.0878, | PriorBnd post/prior=3.53e-04/1.30e-03 | Best 3.9498 | Patience 11/40
 >> Epoch 058 | Train Total=3.5330 | Val post/prior Total=3.9646/2.5901, Recon post/prior=0.8651/0.8970, KL=2.6342, | CycSim post total/iv/gm=0.1777/0.0809/0.0968, | CycSim prior total/iv/gm=0.1680/0.0758/0.0922, | CycMeas total/iv/gm=0.1692/0.0804/0.0888, | PriorBnd post/prior=2.62e-04/6.24e-04 | Best 3.9498 | Patience 12/40
 >> Epoch 059 | Train Total=3.6037 | Val post/prior Total=4.8545/3.3297, Recon post/prior=0.8799/0.9341, KL=3.0740, | CycSim post total/iv/gm=0.2432/0.1104/0.1328, | CycSim prior total/iv/gm=0.2382/0.1074/0.1307, | CycMeas total/iv/gm=0.1680/0.0887/0.0793, | PriorBnd post/prior=1.37e-04/2.18e-03 | Best 3.9498 | Patience 13/40
 >> Epoch 060 | Train Total=3.6953 | Val post/prior Total=3.9533/2.4576, Recon post/prior=0.8730/0.9090, KL=3.0208, | CycSim post total/iv/gm=0.1564/0.0696/0.0868, | CycSim prior total/iv/gm=0.1534/0.0673/0.0861, | CycMeas total/iv/gm=0.1946/0.0947/0.0999, | PriorBnd post/prior=1.47e-04/7.97e-04 | Best 3.9498 | Patience 14/40
 >> Epoch 061 | Train Total=3.4666 | Val post/prior Total=5.6358/3.2215, Recon post/prior=0.8651/0.9023, KL=4.9922, | CycSim post total/iv/gm=0.2269/0.1014/0.1255, | CycSim prior total/iv/gm=0.2305/0.1021/0.1284, | CycMeas total/iv/gm=0.1907/0.0934/0.0973, | PriorBnd post/prior=1.46e-04/7.27e-04 | Best 3.9498 | Patience 15/40
 >> Epoch 062 | Train Total=3.3675 | Val post/prior Total=3.9061/2.3507, Recon post/prior=0.8726/0.9123, KL=3.0407, | CycSim post total/iv/gm=0.1508/0.0682/0.0826, | CycSim prior total/iv/gm=0.1424/0.0637/0.0787, | CycMeas total/iv/gm=0.1851/0.0929/0.0922, | PriorBnd post/prior=9.09e-05/6.31e-04 | Best 3.9498 | Patience 16/40
[Update] best val_total_post improved to 3.906055 @ epoch 62
 >> Epoch 063 | Train Total=3.3329 | Val post/prior Total=4.6987/2.8672, Recon post/prior=0.8928/0.9607, KL=3.7358, | CycSim post total/iv/gm=0.1932/0.0861/0.1071, | CycSim prior total/iv/gm=0.1892/0.0834/0.1058, | CycMeas total/iv/gm=0.1568/0.0768/0.0800, | PriorBnd post/prior=1.29e-04/2.44e-03 | Best 3.9061 | Patience 1/40
 >> Epoch 064 | Train Total=3.3860 | Val post/prior Total=4.2993/2.5593, Recon post/prior=0.8680/0.9153, KL=3.5877, | CycSim post total/iv/gm=0.1632/0.0731/0.0901, | CycSim prior total/iv/gm=0.1630/0.0720/0.0910, | CycMeas total/iv/gm=0.1669/0.0829/0.0840, | PriorBnd post/prior=7.53e-05/2.62e-04 | Best 3.9061 | Patience 2/40
 >> Epoch 065 | Train Total=3.4306 | Val post/prior Total=4.3582/2.7198, Recon post/prior=0.8818/0.9300, KL=3.1583, | CycSim post total/iv/gm=0.1891/0.0858/0.1034, | CycSim prior total/iv/gm=0.1775/0.0801/0.0974, | CycMeas total/iv/gm=0.1615/0.0823/0.0791, | PriorBnd post/prior=1.26e-04/1.43e-03 | Best 3.9061 | Patience 3/40
 >> Epoch 066 | Train Total=3.3734 | Val post/prior Total=5.3693/3.1810, Recon post/prior=0.8522/0.8718, KL=4.3461, | CycSim post total/iv/gm=0.2339/0.1025/0.1314, | CycSim prior total/iv/gm=0.2297/0.0980/0.1317, | CycMeas total/iv/gm=0.1589/0.0731/0.0858, | PriorBnd post/prior=7.18e-05/1.55e-04 | Best 3.9061 | Patience 4/40
 >> Epoch 067 | Train Total=3.4391 | Val post/prior Total=4.1514/2.3157, Recon post/prior=0.8587/0.8752, KL=3.4998, | CycSim post total/iv/gm=0.1538/0.0674/0.0864, | CycSim prior total/iv/gm=0.1427/0.0622/0.0805, | CycMeas total/iv/gm=0.1766/0.0881/0.0885, | PriorBnd post/prior=1.12e-04/1.59e-04 | Best 3.9061 | Patience 5/40
 >> Epoch 068 | Train Total=3.3776 | Val post/prior Total=4.8570/2.3355, Recon post/prior=0.8659/0.8770, KL=5.0891, | CycSim post total/iv/gm=0.1441/0.0612/0.0829, | CycSim prior total/iv/gm=0.1445/0.0581/0.0864, | CycMeas total/iv/gm=0.1798/0.0871/0.0927, | PriorBnd post/prior=2.11e-04/5.08e-04 | Best 3.9061 | Patience 6/40
 >> Epoch 069 | Train Total=3.6764 | Val post/prior Total=5.3730/3.0254, Recon post/prior=0.8711/0.8976, KL=4.4183, | CycSim post total/iv/gm=0.2287/0.1007/0.1280, | CycSim prior total/iv/gm=0.2116/0.0898/0.1218, | CycMeas total/iv/gm=0.1136/0.0587/0.0548, | PriorBnd post/prior=2.29e-04/3.25e-04 | Best 3.9061 | Patience 7/40
 >> Epoch 070 | Train Total=3.5511 | Val post/prior Total=5.1552/2.8758, Recon post/prior=0.8823/0.9326, KL=5.0006, | CycSim post total/iv/gm=0.1767/0.0801/0.0965, | CycSim prior total/iv/gm=0.1928/0.0825/0.1103, | CycMeas total/iv/gm=0.1652/0.0788/0.0864, | PriorBnd post/prior=1.44e-04/1.83e-03 | Best 3.9061 | Patience 8/40
 >> Epoch 071 | Train Total=3.4155 | Val post/prior Total=4.6799/3.3853, Recon post/prior=0.8879/0.9340, KL=2.6720, | CycSim post total/iv/gm=0.2450/0.1102/0.1348, | CycSim prior total/iv/gm=0.2434/0.1065/0.1369, | CycMeas total/iv/gm=0.2021/0.0936/0.1084, | PriorBnd post/prior=4.00e-04/1.52e-03 | Best 3.9061 | Patience 9/40
 >> Epoch 072 | Train Total=3.4194 | Val post/prior Total=5.8187/3.6593, Recon post/prior=0.8810/0.9253, KL=4.8760, | CycSim post total/iv/gm=0.2494/0.1102/0.1392, | CycSim prior total/iv/gm=0.2721/0.1142/0.1579, | CycMeas total/iv/gm=0.1223/0.0567/0.0656, | PriorBnd post/prior=2.18e-04/2.69e-03 | Best 3.9061 | Patience 10/40
 >> Epoch 073 | Train Total=3.3940 | Val post/prior Total=6.3977/4.6599, Recon post/prior=0.8975/0.9509, KL=3.3291, | CycSim post total/iv/gm=0.3829/0.1659/0.2170, | CycSim prior total/iv/gm=0.3696/0.1583/0.2113, | CycMeas total/iv/gm=0.0978/0.0474/0.0504, | PriorBnd post/prior=1.85e-03/6.82e-03 | Best 3.9061 | Patience 11/40
 >> Epoch 074 | Train Total=3.4753 | Val post/prior Total=4.4029/2.5070, Recon post/prior=0.8758/0.9188, KL=4.1013, | CycSim post total/iv/gm=0.1471/0.0634/0.0837, | CycSim prior total/iv/gm=0.1575/0.0634/0.0941, | CycMeas total/iv/gm=0.1298/0.0600/0.0698, | PriorBnd post/prior=1.16e-03/4.16e-03 | Best 3.9061 | Patience 12/40
 >> Epoch 075 | Train Total=3.3585 | Val post/prior Total=5.9852/3.9746, Recon post/prior=0.8713/0.9164, KL=4.2608, | CycSim post total/iv/gm=0.2978/0.1324/0.1653, | CycSim prior total/iv/gm=0.3043/0.1323/0.1720, | CycMeas total/iv/gm=0.1596/0.0775/0.0821, | PriorBnd post/prior=1.96e-04/7.59e-04 | Best 3.9061 | Patience 13/40
 >> Epoch 076 | Train Total=3.2387 | Val post/prior Total=4.0017/2.7119, Recon post/prior=0.8825/0.9131, KL=3.2672, | CycSim post total/iv/gm=0.1480/0.0651/0.0829, | CycSim prior total/iv/gm=0.1780/0.0754/0.1026, | CycMeas total/iv/gm=0.2355/0.1110/0.1245, | PriorBnd post/prior=5.85e-04/1.92e-03 | Best 3.9061 | Patience 14/40
 >> Epoch 077 | Train Total=3.3189 | Val post/prior Total=4.5961/2.6167, Recon post/prior=0.8778/0.9097, KL=4.3749, | CycSim post total/iv/gm=0.1525/0.0634/0.0891, | CycSim prior total/iv/gm=0.1694/0.0659/0.1035, | CycMeas total/iv/gm=0.1213/0.0606/0.0607, | PriorBnd post/prior=2.00e-03/3.82e-03 | Best 3.9061 | Patience 15/40
 >> Epoch 078 | Train Total=3.2548 | Val post/prior Total=4.7808/2.9607, Recon post/prior=0.8603/0.8851, KL=4.2391, | CycSim post total/iv/gm=0.1796/0.0751/0.1045, | CycSim prior total/iv/gm=0.2064/0.0821/0.1243, | CycMeas total/iv/gm=0.1163/0.0577/0.0586, | PriorBnd post/prior=9.66e-05/7.06e-04 | Best 3.9061 | Patience 16/40
 >> Epoch 079 | Train Total=3.3092 | Val post/prior Total=5.3276/2.9481, Recon post/prior=0.8934/0.9220, KL=5.0823, | CycSim post total/iv/gm=0.1887/0.0799/0.1088, | CycSim prior total/iv/gm=0.2011/0.0805/0.1206, | CycMeas total/iv/gm=0.1476/0.0728/0.0748, | PriorBnd post/prior=1.42e-03/2.47e-03 | Best 3.9061 | Patience 17/40
 >> Epoch 080 | Train Total=3.2327 | Val post/prior Total=5.3473/2.6860, Recon post/prior=0.8864/0.9184, KL=5.2523, | CycSim post total/iv/gm=0.1829/0.0791/0.1038, | CycSim prior total/iv/gm=0.1754/0.0731/0.1022, | CycMeas total/iv/gm=0.1292/0.0638/0.0654, | PriorBnd post/prior=9.83e-04/1.64e-03 | Best 3.9061 | Patience 18/40
 >> Epoch 081 | Train Total=3.1727 | Val post/prior Total=4.8622/2.6052, Recon post/prior=0.8832/0.8955, KL=4.6152, | CycSim post total/iv/gm=0.1666/0.0698/0.0968, | CycSim prior total/iv/gm=0.1698/0.0670/0.1028, | CycMeas total/iv/gm=0.1007/0.0508/0.0500, | PriorBnd post/prior=9.68e-04/1.44e-03 | Best 3.9061 | Patience 19/40
 >> Epoch 082 | Train Total=3.2384 | Val post/prior Total=5.1187/2.6897, Recon post/prior=0.8659/0.8932, KL=5.2305, | CycSim post total/iv/gm=0.1632/0.0725/0.0907, | CycSim prior total/iv/gm=0.1779/0.0753/0.1027, | CycMeas total/iv/gm=0.1987/0.0935/0.1052, | PriorBnd post/prior=3.24e-04/1.46e-03 | Best 3.9061 | Patience 20/40
 >> Epoch 083 | Train Total=3.1250 | Val post/prior Total=4.3680/2.3993, Recon post/prior=0.8747/0.8933, KL=4.2956, | CycSim post total/iv/gm=0.1340/0.0526/0.0814, | CycSim prior total/iv/gm=0.1491/0.0564/0.0927, | CycMeas total/iv/gm=0.1555/0.0743/0.0812, | PriorBnd post/prior=1.03e-03/2.24e-03 | Best 3.9061 | Patience 21/40
 >> Epoch 084 | Train Total=3.1477 | Val post/prior Total=4.2681/2.7242, Recon post/prior=0.8780/0.9014, KL=3.9839, | CycSim post total/iv/gm=0.1392/0.0540/0.0853, | CycSim prior total/iv/gm=0.1811/0.0672/0.1139, | CycMeas total/iv/gm=0.0924/0.0456/0.0468, | PriorBnd post/prior=7.36e-04/1.68e-03 | Best 3.9061 | Patience 22/40
 >> Epoch 085 | Train Total=3.1573 | Val post/prior Total=5.1453/3.1653, Recon post/prior=0.8626/0.8854, KL=4.9198, | CycSim post total/iv/gm=0.1818/0.0695/0.1122, | CycSim prior total/iv/gm=0.2264/0.0852/0.1413, | CycMeas total/iv/gm=0.1793/0.0840/0.0953, | PriorBnd post/prior=2.91e-04/8.31e-04 | Best 3.9061 | Patience 23/40
 >> Epoch 086 | Train Total=3.1296 | Val post/prior Total=4.9015/2.5370, Recon post/prior=0.8783/0.8950, KL=4.5898, | CycSim post total/iv/gm=0.1723/0.0703/0.1020, | CycSim prior total/iv/gm=0.1630/0.0636/0.0994, | CycMeas total/iv/gm=0.0977/0.0501/0.0475, | PriorBnd post/prior=2.49e-03/3.21e-03 | Best 3.9061 | Patience 24/40
 >> Epoch 087 | Train Total=3.0665 | Val post/prior Total=5.4180/2.9913, Recon post/prior=0.8744/0.8918, KL=5.0521, | CycSim post total/iv/gm=0.2012/0.0825/0.1187, | CycSim prior total/iv/gm=0.2088/0.0817/0.1270, | CycMeas total/iv/gm=0.0947/0.0473/0.0474, | PriorBnd post/prior=3.57e-03/3.76e-03 | Best 3.9061 | Patience 25/40
 >> Epoch 088 | Train Total=3.2211 | Val post/prior Total=4.7813/2.8615, Recon post/prior=0.8864/0.9008, KL=3.9420, | CycSim post total/iv/gm=0.1918/0.0766/0.1152, | CycSim prior total/iv/gm=0.1948/0.0746/0.1202, | CycMeas total/iv/gm=0.1134/0.0540/0.0594, | PriorBnd post/prior=3.96e-03/5.17e-03 | Best 3.9061 | Patience 26/40
 >> Epoch 089 | Train Total=3.3035 | Val post/prior Total=5.1680/2.2811, Recon post/prior=0.8771/0.8929, KL=5.8477, | CycSim post total/iv/gm=0.1361/0.0565/0.0797, | CycSim prior total/iv/gm=0.1379/0.0544/0.0835, | CycMeas total/iv/gm=0.0589/0.0335/0.0255, | PriorBnd post/prior=1.14e-03/1.37e-03 | Best 3.9061 | Patience 27/40
 >> Epoch 090 | Train Total=3.3304 | Val post/prior Total=4.9196/2.9975, Recon post/prior=0.8824/0.8884, KL=3.9881, | CycSim post total/iv/gm=0.2038/0.0833/0.1205, | CycSim prior total/iv/gm=0.2096/0.0823/0.1273, | CycMeas total/iv/gm=0.1221/0.0566/0.0655, | PriorBnd post/prior=2.20e-03/1.90e-03 | Best 3.9061 | Patience 28/40
 >> Epoch 091 | Train Total=3.2564 | Val post/prior Total=5.7307/3.1950, Recon post/prior=0.9136/0.9166, KL=5.0166, | CycSim post total/iv/gm=0.2302/0.0952/0.1351, | CycSim prior total/iv/gm=0.2263/0.0903/0.1360, | CycMeas total/iv/gm=0.1375/0.0603/0.0772, | PriorBnd post/prior=5.41e-03/4.74e-03 | Best 3.9061 | Patience 29/40
 >> Epoch 092 | Train Total=3.2064 | Val post/prior Total=7.1166/3.6863, Recon post/prior=0.8988/0.9076, KL=6.6988, | CycSim post total/iv/gm=0.2862/0.1201/0.1662, | CycSim prior total/iv/gm=0.2761/0.1144/0.1617, | CycMeas total/iv/gm=0.1883/0.0898/0.0986, | PriorBnd post/prior=4.83e-03/5.13e-03 | Best 3.9061 | Patience 30/40
 >> Epoch 093 | Train Total=3.1201 | Val post/prior Total=5.9194/3.3828, Recon post/prior=0.8848/0.8937, KL=4.9650, | CycSim post total/iv/gm=0.2547/0.1070/0.1476, | CycSim prior total/iv/gm=0.2469/0.1016/0.1453, | CycMeas total/iv/gm=0.2318/0.1059/0.1259, | PriorBnd post/prior=1.55e-03/1.76e-03 | Best 3.9061 | Patience 31/40
 >> Epoch 094 | Train Total=3.0493 | Val post/prior Total=5.3214/3.0597, Recon post/prior=0.9209/0.9278, KL=4.4700, | CycSim post total/iv/gm=0.2158/0.0865/0.1294, | CycSim prior total/iv/gm=0.2115/0.0838/0.1278, | CycMeas total/iv/gm=0.1499/0.0690/0.0809, | PriorBnd post/prior=1.04e-02/1.09e-02 | Best 3.9061 | Patience 32/40
 >> Epoch 095 | Train Total=3.1935 | Val post/prior Total=5.8876/2.9997, Recon post/prior=0.9006/0.9025, KL=5.6650, | CycSim post total/iv/gm=0.2148/0.0875/0.1273, | CycSim prior total/iv/gm=0.2083/0.0836/0.1248, | CycMeas total/iv/gm=0.1158/0.0563/0.0595, | PriorBnd post/prior=7.01e-03/7.47e-03 | Best 3.9061 | Patience 33/40
 >> Epoch 096 | Train Total=3.0543 | Val post/prior Total=5.9290/3.1264, Recon post/prior=0.8937/0.8990, KL=5.6462, | CycSim post total/iv/gm=0.2206/0.0882/0.1323, | CycSim prior total/iv/gm=0.2209/0.0862/0.1347, | CycMeas total/iv/gm=0.1871/0.0920/0.0950, | PriorBnd post/prior=6.18e-03/7.15e-03 | Best 3.9061 | Patience 34/40
 >> Epoch 097 | Train Total=2.9440 | Val post/prior Total=6.5629/3.4849, Recon post/prior=0.8960/0.8999, KL=6.0546, | CycSim post total/iv/gm=0.2633/0.1058/0.1576, | CycSim prior total/iv/gm=0.2563/0.1016/0.1546, | CycMeas total/iv/gm=0.2430/0.1154/0.1276, | PriorBnd post/prior=6.89e-03/7.40e-03 | Best 3.9061 | Patience 35/40
 >> Epoch 098 | Train Total=2.9414 | Val post/prior Total=4.8348/2.8533, Recon post/prior=0.8991/0.9028, KL=4.4582, | CycSim post total/iv/gm=0.1700/0.0658/0.1042, | CycSim prior total/iv/gm=0.1936/0.0729/0.1207, | CycMeas total/iv/gm=0.1245/0.0598/0.0646, | PriorBnd post/prior=8.27e-03/9.10e-03 | Best 3.9061 | Patience 36/40
 >> Epoch 099 | Train Total=2.9401 | Val post/prior Total=5.0130/2.7345, Recon post/prior=0.8834/0.8850, KL=4.7067, | CycSim post total/iv/gm=0.1770/0.0698/0.1072, | CycSim prior total/iv/gm=0.1834/0.0700/0.1135, | CycMeas total/iv/gm=0.1351/0.0630/0.0721, | PriorBnd post/prior=6.22e-03/6.61e-03 | Best 3.9061 | Patience 37/40
 >> Epoch 100 | Train Total=2.9653 | Val post/prior Total=5.2277/2.6734, Recon post/prior=0.8810/0.8841, KL=5.2234, | CycSim post total/iv/gm=0.1729/0.0680/0.1049, | CycSim prior total/iv/gm=0.1774/0.0674/0.1100, | CycMeas total/iv/gm=0.1378/0.0661/0.0717, | PriorBnd post/prior=5.19e-03/5.55e-03 | Best 3.9061 | Patience 38/40
 >> Epoch 101 | Train Total=2.9338 | Val post/prior Total=5.2246/2.8492, Recon post/prior=0.8991/0.9033, KL=4.8729, | CycSim post total/iv/gm=0.1883/0.0759/0.1124, | CycSim prior total/iv/gm=0.1929/0.0743/0.1186, | CycMeas total/iv/gm=0.1514/0.0675/0.0839, | PriorBnd post/prior=6.09e-03/6.17e-03 | Best 3.9061 | Patience 39/40
 >> Epoch 102 | Train Total=2.9826 | Val post/prior Total=5.2474/2.6432, Recon post/prior=0.8805/0.8890, KL=5.2245, | CycSim post total/iv/gm=0.1749/0.0690/0.1059, | CycSim prior total/iv/gm=0.1740/0.0671/0.1069, | CycMeas total/iv/gm=0.1137/0.0569/0.0568, | PriorBnd post/prior=6.85e-03/7.72e-03 | Best 3.9061 | Patience 40/40
[EarlyStop] at epoch 102
[Diag] Start to calcaulte diag in test preocess... 
[Diag] wrote 373 rows to temp_Unidi_cvae_14param_2channel\cvae_20251128-021244\diag_test.csv
[Diag] proxy_floor_ps  P50=0.0116  P90=0.0402  P95=0.0526  P99=0.0856
[Test] prior total=2.397625 | prior recon=0.910217 | kl=3.034312 | prior cyc_sim=0.146209 | cyc_meas=0.185051 | prior_l2=0.680283 | prior_bnd=0.000633 | 
