[log] tee initialized at 2025-11-05 03:07:50 -> temp_Bidi_cvae\cvae_20251105-030750\train.log
[L_trust] using 20000 ref rows from temp_Bidi_cvae\proxy\proxy_Ytr_norm.npy
 >> Epoch 001 | Train Total=96.6462 | Val post/prior Total=52061230.8591/1.0835, Recon post/prior=17.9473/0.7731, KL=519539275.4355, CycSim post/prior=0.1701/0.1283, CycMeas=0.1926, PriorBnd post/prior=5.49e+00/1.11e-03 | Best inf | Patience 1/40
[Update] best val_cyc_meas improved to 0.192617 @ epoch 1
 >> Epoch 002 | Train Total=0.8341 | Val post/prior Total=3945.5924/0.9800, Recon post/prior=1.1516/0.7330, KL=38836.5930, CycSim post/prior=0.1336/0.0921, CycMeas=0.1679, PriorBnd post/prior=1.03e-01/4.02e-04 | Best 0.1926 | Patience 1/40
[Update] best val_cyc_meas improved to 0.167877 @ epoch 2
 >> Epoch 003 | Train Total=0.7125 | Val post/prior Total=738.0497/0.9328, Recon post/prior=0.7671/0.7184, KL=7364.6427, CycSim post/prior=0.1231/0.0856, CycMeas=0.1368, PriorBnd post/prior=1.28e-02/2.80e-04 | Best 0.1679 | Patience 1/40
[Update] best val_cyc_meas improved to 0.136843 @ epoch 3
 >> Epoch 004 | Train Total=0.6725 | Val post/prior Total=174.2238/0.8826, Recon post/prior=0.8864/0.7045, KL=1592.9845, CycSim post/prior=0.1078/0.0663, CycMeas=0.1199, PriorBnd post/prior=6.05e-02/2.77e-04 | Best 0.1368 | Patience 1/40
[Update] best val_cyc_meas improved to 0.119901 @ epoch 4
 >> Epoch 005 | Train Total=0.6491 | Val post/prior Total=4.8081/0.8865, Recon post/prior=0.7125/0.7025, KL=39.5425, CycSim post/prior=0.1051/0.0728, CycMeas=0.1178, PriorBnd post/prior=1.49e-03/1.64e-04 | Best 0.1199 | Patience 1/40
[Update] best val_cyc_meas improved to 0.117826 @ epoch 5
 >> Epoch 006 | Train Total=0.6358 | Val post/prior Total=17.7073/0.8651, Recon post/prior=0.7229/0.6906, KL=165.3650, CycSim post/prior=0.0992/0.0613, CycMeas=0.1227, PriorBnd post/prior=8.19e-03/1.81e-04 | Best 0.1178 | Patience 1/40
 >> Epoch 007 | Train Total=0.6246 | Val post/prior Total=1.2270/0.8690, Recon post/prior=0.6949/0.6870, KL=4.0991, CycSim post/prior=0.0961/0.0632, CycMeas=0.1295, PriorBnd post/prior=1.25e-03/1.31e-04 | Best 0.1178 | Patience 2/40
 >> Epoch 008 | Train Total=0.6168 | Val post/prior Total=2.8826/0.8422, Recon post/prior=0.6969/0.6828, KL=20.3907, CycSim post/prior=0.0873/0.0574, CycMeas=0.1096, PriorBnd post/prior=1.76e-03/1.17e-04 | Best 0.1178 | Patience 3/40
[Update] best val_cyc_meas improved to 0.109608 @ epoch 8
 >> Epoch 009 | Train Total=0.6111 | Val post/prior Total=1.9224/0.8423, Recon post/prior=0.7028/0.6797, KL=9.5785, CycSim post/prior=0.0866/0.0553, CycMeas=0.1168, PriorBnd post/prior=5.17e-03/1.25e-04 | Best 0.1096 | Patience 1/40
 >> Epoch 010 | Train Total=0.6060 | Val post/prior Total=1.4026/0.8206, Recon post/prior=0.6909/0.6744, KL=5.6173, CycSim post/prior=0.0860/0.0521, CycMeas=0.1009, PriorBnd post/prior=3.48e-03/1.11e-04 | Best 0.1096 | Patience 2/40
[Update] best val_cyc_meas improved to 0.100879 @ epoch 10
 >> Epoch 011 | Train Total=0.6034 | Val post/prior Total=1.1655/0.8183, Recon post/prior=0.6818/0.6710, KL=3.6417, CycSim post/prior=0.0861/0.0532, CycMeas=0.1004, PriorBnd post/prior=1.54e-03/1.18e-04 | Best 0.1009 | Patience 1/40
[Update] best val_cyc_meas improved to 0.100446 @ epoch 11
 >> Epoch 012 | Train Total=0.5996 | Val post/prior Total=0.8684/0.8199, Recon post/prior=0.6793/0.6707, KL=0.8069, CycSim post/prior=0.0815/0.0508, CycMeas=0.1065, PriorBnd post/prior=1.65e-03/1.07e-04 | Best 0.1004 | Patience 1/40
 >> Epoch 013 | Train Total=0.5971 | Val post/prior Total=0.8603/0.8224, Recon post/prior=0.6766/0.6683, KL=0.7913, CycSim post/prior=0.0802/0.0520, CycMeas=0.1109, PriorBnd post/prior=1.19e-03/9.15e-05 | Best 0.1004 | Patience 2/40
 >> Epoch 014 | Train Total=0.5933 | Val post/prior Total=0.8418/0.8178, Recon post/prior=0.6710/0.6625, KL=0.5620, CycSim post/prior=0.0871/0.0555, CycMeas=0.1071, PriorBnd post/prior=1.36e-03/8.89e-05 | Best 0.1004 | Patience 3/40
 >> Epoch 015 | Train Total=0.5900 | Val post/prior Total=0.8275/0.8361, Recon post/prior=0.6707/0.6629, KL=0.4198, CycSim post/prior=0.0855/0.0587, CycMeas=0.1248, PriorBnd post/prior=1.28e-03/9.79e-05 | Best 0.1004 | Patience 4/40
 >> Epoch 016 | Train Total=0.5857 | Val post/prior Total=0.7994/0.8033, Recon post/prior=0.6623/0.6548, KL=0.3662, CycSim post/prior=0.0784/0.0475, CycMeas=0.1104, PriorBnd post/prior=9.41e-04/9.33e-05 | Best 0.1004 | Patience 5/40
 >> Epoch 017 | Train Total=0.5838 | Val post/prior Total=0.7726/0.7935, Recon post/prior=0.6584/0.6530, KL=0.1832, CycSim post/prior=0.0770/0.0469, CycMeas=0.1013, PriorBnd post/prior=3.53e-04/9.03e-05 | Best 0.1004 | Patience 6/40
 >> Epoch 018 | Train Total=0.5838 | Val post/prior Total=0.7783/0.7912, Recon post/prior=0.6587/0.6514, KL=0.2409, CycSim post/prior=0.0747/0.0457, CycMeas=0.1021, PriorBnd post/prior=1.01e-03/7.35e-05 | Best 0.1004 | Patience 7/40
 >> Epoch 019 | Train Total=0.5802 | Val post/prior Total=0.7739/0.7985, Recon post/prior=0.6569/0.6518, KL=0.2009, CycSim post/prior=0.0779/0.0521, CycMeas=0.1014, PriorBnd post/prior=4.98e-04/8.74e-05 | Best 0.1004 | Patience 8/40
 >> Epoch 020 | Train Total=0.5792 | Val post/prior Total=0.7644/0.7854, Recon post/prior=0.6539/0.6454, KL=0.1024, CycSim post/prior=0.0756/0.0479, CycMeas=0.0989, PriorBnd post/prior=1.16e-03/1.06e-04 | Best 0.1004 | Patience 9/40
[Update] best val_cyc_meas improved to 0.098927 @ epoch 20
 >> Epoch 021 | Train Total=0.5773 | Val post/prior Total=0.7564/0.7854, Recon post/prior=0.6497/0.6441, KL=0.1328, CycSim post/prior=0.0741/0.0461, CycMeas=0.1032, PriorBnd post/prior=6.95e-04/7.60e-05 | Best 0.0989 | Patience 1/40
 >> Epoch 022 | Train Total=0.5750 | Val post/prior Total=0.7497/0.7931, Recon post/prior=0.6490/0.6447, KL=0.0516, CycSim post/prior=0.0767/0.0545, CycMeas=0.0997, PriorBnd post/prior=3.78e-04/8.69e-05 | Best 0.0989 | Patience 2/40
 >> Epoch 023 | Train Total=0.5735 | Val post/prior Total=0.7478/0.7948, Recon post/prior=0.6462/0.6420, KL=0.0620, CycSim post/prior=0.0768/0.0517, CycMeas=0.1095, PriorBnd post/prior=2.95e-04/7.10e-05 | Best 0.0989 | Patience 3/40
 >> Epoch 024 | Train Total=0.5710 | Val post/prior Total=0.7438/0.7908, Recon post/prior=0.6455/0.6418, KL=0.0380, CycSim post/prior=0.0761/0.0527, CycMeas=0.1033, PriorBnd post/prior=2.34e-04/6.98e-05 | Best 0.0989 | Patience 4/40
 >> Epoch 025 | Train Total=0.5702 | Val post/prior Total=0.7395/0.7797, Recon post/prior=0.6420/0.6372, KL=0.0639, CycSim post/prior=0.0728/0.0474, CycMeas=0.1028, PriorBnd post/prior=4.47e-04/7.43e-05 | Best 0.0989 | Patience 5/40
 >> Epoch 026 | Train Total=0.5697 | Val post/prior Total=0.7337/0.7727, Recon post/prior=0.6391/0.6341, KL=0.0709, CycSim post/prior=0.0696/0.0456, CycMeas=0.1005, PriorBnd post/prior=5.78e-04/8.12e-05 | Best 0.0989 | Patience 6/40
 >> Epoch 027 | Train Total=0.5693 | Val post/prior Total=0.7373/0.7875, Recon post/prior=0.6429/0.6400, KL=0.0375, CycSim post/prior=0.0730/0.0523, CycMeas=0.1019, PriorBnd post/prior=1.66e-04/7.29e-05 | Best 0.0989 | Patience 7/40
 >> Epoch 028 | Train Total=0.5680 | Val post/prior Total=0.7259/0.7599, Recon post/prior=0.6334/0.6277, KL=0.0543, CycSim post/prior=0.0690/0.0408, CycMeas=0.0996, PriorBnd post/prior=6.27e-04/1.06e-04 | Best 0.0989 | Patience 8/40
 >> Epoch 029 | Train Total=0.5674 | Val post/prior Total=0.7202/0.7621, Recon post/prior=0.6308/0.6265, KL=0.0434, CycSim post/prior=0.0680/0.0438, CycMeas=0.0994, PriorBnd post/prior=2.29e-04/8.06e-05 | Best 0.0989 | Patience 9/40
 >> Epoch 030 | Train Total=0.5652 | Val post/prior Total=0.7169/0.7585, Recon post/prior=0.6290/0.6241, KL=0.0464, CycSim post/prior=0.0663/0.0411, CycMeas=0.1018, PriorBnd post/prior=2.72e-04/8.64e-05 | Best 0.0989 | Patience 10/40
 >> Epoch 031 | Train Total=0.5651 | Val post/prior Total=0.7144/0.7557, Recon post/prior=0.6282/0.6230, KL=0.0398, CycSim post/prior=0.0653/0.0415, CycMeas=0.0991, PriorBnd post/prior=3.70e-04/7.81e-05 | Best 0.0989 | Patience 11/40
 >> Epoch 032 | Train Total=0.5632 | Val post/prior Total=0.7151/0.7614, Recon post/prior=0.6280/0.6243, KL=0.0380, CycSim post/prior=0.0665/0.0444, CycMeas=0.1004, PriorBnd post/prior=1.74e-04/7.33e-05 | Best 0.0989 | Patience 12/40
 >> Epoch 033 | Train Total=0.5626 | Val post/prior Total=0.7345/0.7940, Recon post/prior=0.6378/0.6355, KL=0.0540, CycSim post/prior=0.0734/0.0568, CycMeas=0.1088, PriorBnd post/prior=1.37e-04/8.42e-05 | Best 0.0989 | Patience 13/40
 >> Epoch 034 | Train Total=0.5627 | Val post/prior Total=0.7094/0.7502, Recon post/prior=0.6236/0.6185, KL=0.0367, CycSim post/prior=0.0653/0.0399, CycMeas=0.1001, PriorBnd post/prior=3.05e-04/8.49e-05 | Best 0.0989 | Patience 14/40
 >> Epoch 035 | Train Total=0.5632 | Val post/prior Total=0.7084/0.7503, Recon post/prior=0.6226/0.6176, KL=0.0346, CycSim post/prior=0.0653/0.0415, CycMeas=0.0989, PriorBnd post/prior=4.01e-04/8.25e-05 | Best 0.0989 | Patience 15/40
[Update] best val_cyc_meas improved to 0.098917 @ epoch 35
 >> Epoch 036 | Train Total=0.5626 | Val post/prior Total=0.7078/0.7518, Recon post/prior=0.6225/0.6180, KL=0.0345, CycSim post/prior=0.0649/0.0419, CycMeas=0.0998, PriorBnd post/prior=4.71e-04/8.65e-05 | Best 0.0989 | Patience 1/40
 >> Epoch 037 | Train Total=0.5626 | Val post/prior Total=0.7074/0.7519, Recon post/prior=0.6210/0.6162, KL=0.0349, CycSim post/prior=0.0659/0.0433, CycMeas=0.1001, PriorBnd post/prior=3.43e-04/9.45e-05 | Best 0.0989 | Patience 2/40
 >> Epoch 038 | Train Total=0.5624 | Val post/prior Total=0.7000/0.7463, Recon post/prior=0.6191/0.6149, KL=0.0307, CycSim post/prior=0.0618/0.0399, CycMeas=0.0998, PriorBnd post/prior=1.26e-04/8.80e-05 | Best 0.0989 | Patience 3/40
 >> Epoch 039 | Train Total=0.5612 | Val post/prior Total=0.7014/0.7496, Recon post/prior=0.6176/0.6128, KL=0.0339, CycSim post/prior=0.0638/0.0427, CycMeas=0.1022, PriorBnd post/prior=3.45e-04/8.99e-05 | Best 0.0989 | Patience 4/40
 >> Epoch 040 | Train Total=0.5604 | Val post/prior Total=0.7033/0.7515, Recon post/prior=0.6196/0.6158, KL=0.0284, CycSim post/prior=0.0644/0.0434, CycMeas=0.1000, PriorBnd post/prior=1.65e-04/7.94e-05 | Best 0.0989 | Patience 5/40
 >> Epoch 041 | Train Total=0.5607 | Val post/prior Total=0.7038/0.7468, Recon post/prior=0.6165/0.6123, KL=0.0308, CycSim post/prior=0.0671/0.0419, CycMeas=0.1006, PriorBnd post/prior=2.69e-04/8.76e-05 | Best 0.0989 | Patience 6/40
 >> Epoch 042 | Train Total=0.5614 | Val post/prior Total=0.6996/0.7478, Recon post/prior=0.6169/0.6125, KL=0.0296, CycSim post/prior=0.0635/0.0432, CycMeas=0.0997, PriorBnd post/prior=2.58e-04/8.90e-05 | Best 0.0989 | Patience 7/40
 >> Epoch 043 | Train Total=0.5609 | Val post/prior Total=0.6942/0.7451, Recon post/prior=0.6154/0.6118, KL=0.0277, CycSim post/prior=0.0603/0.0392, CycMeas=0.1031, PriorBnd post/prior=2.08e-04/8.51e-05 | Best 0.0989 | Patience 8/40
 >> Epoch 044 | Train Total=0.5618 | Val post/prior Total=0.7024/0.7529, Recon post/prior=0.6190/0.6152, KL=0.0251, CycSim post/prior=0.0646/0.0459, CycMeas=0.0988, PriorBnd post/prior=1.41e-04/8.29e-05 | Best 0.0989 | Patience 9/40
[Update] best val_cyc_meas improved to 0.098831 @ epoch 44
 >> Epoch 045 | Train Total=0.5611 | Val post/prior Total=0.6935/0.7390, Recon post/prior=0.6132/0.6091, KL=0.0299, CycSim post/prior=0.0613/0.0389, CycMeas=0.0994, PriorBnd post/prior=1.75e-04/9.42e-05 | Best 0.0988 | Patience 1/40
 >> Epoch 046 | Train Total=0.5617 | Val post/prior Total=0.6895/0.7427, Recon post/prior=0.6124/0.6085, KL=0.0281, CycSim post/prior=0.0587/0.0403, CycMeas=0.1024, PriorBnd post/prior=2.81e-04/9.21e-05 | Best 0.0988 | Patience 2/40
 >> Epoch 047 | Train Total=0.5597 | Val post/prior Total=0.6889/0.7383, Recon post/prior=0.6120/0.6078, KL=0.0279, CycSim post/prior=0.0585/0.0395, CycMeas=0.0990, PriorBnd post/prior=2.70e-04/9.00e-05 | Best 0.0988 | Patience 3/40
 >> Epoch 048 | Train Total=0.5616 | Val post/prior Total=0.6937/0.7393, Recon post/prior=0.6118/0.6074, KL=0.0275, CycSim post/prior=0.0630/0.0407, CycMeas=0.0993, PriorBnd post/prior=1.04e-04/8.42e-05 | Best 0.0988 | Patience 4/40
 >> Epoch 049 | Train Total=0.5604 | Val post/prior Total=0.6933/0.7381, Recon post/prior=0.6104/0.6058, KL=0.0261, CycSim post/prior=0.0638/0.0412, CycMeas=0.0990, PriorBnd post/prior=2.41e-04/9.95e-05 | Best 0.0988 | Patience 5/40
 >> Epoch 050 | Train Total=0.5617 | Val post/prior Total=0.7036/0.7577, Recon post/prior=0.6174/0.6142, KL=0.0233, CycSim post/prior=0.0668/0.0492, CycMeas=0.1011, PriorBnd post/prior=3.46e-04/7.77e-05 | Best 0.0988 | Patience 6/40
 >> Epoch 051 | Train Total=0.5634 | Val post/prior Total=0.6931/0.7406, Recon post/prior=0.6099/0.6059, KL=0.0276, CycSim post/prior=0.0639/0.0420, CycMeas=0.1006, PriorBnd post/prior=2.14e-04/9.35e-05 | Best 0.0988 | Patience 7/40
 >> Epoch 052 | Train Total=0.5625 | Val post/prior Total=0.6875/0.7331, Recon post/prior=0.6078/0.6029, KL=0.0280, CycSim post/prior=0.0610/0.0384, CycMeas=0.1002, PriorBnd post/prior=1.73e-04/9.74e-05 | Best 0.0988 | Patience 8/40
 >> Epoch 053 | Train Total=0.5625 | Val post/prior Total=0.6861/0.7302, Recon post/prior=0.6067/0.6024, KL=0.0268, CycSim post/prior=0.0607/0.0380, CycMeas=0.0979, PriorBnd post/prior=1.74e-04/1.04e-04 | Best 0.0988 | Patience 9/40
[Update] best val_cyc_meas improved to 0.097892 @ epoch 53
 >> Epoch 054 | Train Total=0.5636 | Val post/prior Total=0.6849/0.7322, Recon post/prior=0.6061/0.6017, KL=0.0261, CycSim post/prior=0.0603/0.0370, CycMeas=0.1029, PriorBnd post/prior=1.71e-04/1.03e-04 | Best 0.0979 | Patience 1/40
 >> Epoch 055 | Train Total=0.5623 | Val post/prior Total=0.6864/0.7348, Recon post/prior=0.6076/0.6034, KL=0.0234, CycSim post/prior=0.0606/0.0406, CycMeas=0.0986, PriorBnd post/prior=1.75e-04/9.70e-05 | Best 0.0979 | Patience 2/40
 >> Epoch 056 | Train Total=0.5637 | Val post/prior Total=0.6862/0.7362, Recon post/prior=0.6083/0.6050, KL=0.0256, CycSim post/prior=0.0598/0.0400, CycMeas=0.0992, PriorBnd post/prior=1.23e-04/8.78e-05 | Best 0.0979 | Patience 3/40
 >> Epoch 057 | Train Total=0.5651 | Val post/prior Total=0.6897/0.7388, Recon post/prior=0.6081/0.6045, KL=0.0255, CycSim post/prior=0.0628/0.0417, CycMeas=0.1006, PriorBnd post/prior=2.12e-04/9.71e-05 | Best 0.0979 | Patience 4/40
 >> Epoch 058 | Train Total=0.5649 | Val post/prior Total=0.6827/0.7303, Recon post/prior=0.6058/0.6013, KL=0.0231, CycSim post/prior=0.0589/0.0387, CycMeas=0.0983, PriorBnd post/prior=2.83e-04/1.08e-04 | Best 0.0979 | Patience 5/40
 >> Epoch 059 | Train Total=0.5650 | Val post/prior Total=0.6863/0.7343, Recon post/prior=0.6069/0.6030, KL=0.0222, CycSim post/prior=0.0612/0.0403, CycMeas=0.0991, PriorBnd post/prior=1.82e-04/9.61e-05 | Best 0.0979 | Patience 6/40
 >> Epoch 060 | Train Total=0.5660 | Val post/prior Total=0.6824/0.7314, Recon post/prior=0.6068/0.6027, KL=0.0243, CycSim post/prior=0.0577/0.0379, CycMeas=0.0993, PriorBnd post/prior=3.01e-04/9.33e-05 | Best 0.0979 | Patience 7/40
 >> Epoch 061 | Train Total=0.5676 | Val post/prior Total=0.6818/0.7326, Recon post/prior=0.6063/0.6032, KL=0.0228, CycSim post/prior=0.0579/0.0389, CycMeas=0.0986, PriorBnd post/prior=1.40e-04/9.31e-05 | Best 0.0979 | Patience 8/40
 >> Epoch 062 | Train Total=0.5663 | Val post/prior Total=0.6882/0.7365, Recon post/prior=0.6078/0.6038, KL=0.0244, CycSim post/prior=0.0619/0.0420, CycMeas=0.0982, PriorBnd post/prior=2.68e-04/9.46e-05 | Best 0.0979 | Patience 9/40
 >> Epoch 063 | Train Total=0.5662 | Val post/prior Total=0.6816/0.7321, Recon post/prior=0.6056/0.6021, KL=0.0241, CycSim post/prior=0.0581/0.0386, CycMeas=0.0998, PriorBnd post/prior=2.19e-04/9.57e-05 | Best 0.0979 | Patience 10/40
 >> Epoch 064 | Train Total=0.5667 | Val post/prior Total=0.6789/0.7276, Recon post/prior=0.6037/0.5997, KL=0.0232, CycSim post/prior=0.0575/0.0373, CycMeas=0.0989, PriorBnd post/prior=2.01e-04/1.05e-04 | Best 0.0979 | Patience 11/40
 >> Epoch 065 | Train Total=0.5692 | Val post/prior Total=0.6811/0.7301, Recon post/prior=0.6055/0.6015, KL=0.0250, CycSim post/prior=0.0578/0.0380, CycMeas=0.0991, PriorBnd post/prior=1.68e-04/9.94e-05 | Best 0.0979 | Patience 12/40
 >> Epoch 066 | Train Total=0.5671 | Val post/prior Total=0.6809/0.7305, Recon post/prior=0.6051/0.6010, KL=0.0228, CycSim post/prior=0.0582/0.0386, CycMeas=0.0991, PriorBnd post/prior=1.61e-04/9.87e-05 | Best 0.0979 | Patience 13/40
 >> Epoch 067 | Train Total=0.5684 | Val post/prior Total=0.6902/0.7403, Recon post/prior=0.6081/0.6045, KL=0.0235, CycSim post/prior=0.0635/0.0447, CycMeas=0.0982, PriorBnd post/prior=9.25e-05/9.67e-05 | Best 0.0979 | Patience 14/40
 >> Epoch 068 | Train Total=0.5713 | Val post/prior Total=0.6845/0.7381, Recon post/prior=0.6068/0.6038, KL=0.0215, CycSim post/prior=0.0599/0.0431, CycMeas=0.0984, PriorBnd post/prior=1.22e-04/9.02e-05 | Best 0.0979 | Patience 15/40
 >> Epoch 069 | Train Total=0.5707 | Val post/prior Total=0.6819/0.7278, Recon post/prior=0.6033/0.5989, KL=0.0235, CycSim post/prior=0.0604/0.0384, CycMeas=0.0988, PriorBnd post/prior=2.35e-04/1.05e-04 | Best 0.0979 | Patience 16/40
 >> Epoch 070 | Train Total=0.5722 | Val post/prior Total=0.6805/0.7312, Recon post/prior=0.6039/0.6005, KL=0.0231, CycSim post/prior=0.0587/0.0390, CycMeas=0.0999, PriorBnd post/prior=1.18e-04/1.05e-04 | Best 0.0979 | Patience 17/40
 >> Epoch 071 | Train Total=0.5711 | Val post/prior Total=0.6824/0.7271, Recon post/prior=0.6030/0.5981, KL=0.0231, CycSim post/prior=0.0608/0.0380, CycMeas=0.0993, PriorBnd post/prior=3.66e-04/1.07e-04 | Best 0.0979 | Patience 18/40
 >> Epoch 072 | Train Total=0.5728 | Val post/prior Total=0.6795/0.7256, Recon post/prior=0.6019/0.5971, KL=0.0237, CycSim post/prior=0.0595/0.0377, CycMeas=0.0992, PriorBnd post/prior=2.39e-04/1.11e-04 | Best 0.0979 | Patience 19/40
 >> Epoch 073 | Train Total=0.5732 | Val post/prior Total=0.6807/0.7286, Recon post/prior=0.6036/0.5996, KL=0.0218, CycSim post/prior=0.0593/0.0389, CycMeas=0.0980, PriorBnd post/prior=1.45e-04/9.93e-05 | Best 0.0979 | Patience 20/40
 >> Epoch 074 | Train Total=0.5750 | Val post/prior Total=0.6793/0.7267, Recon post/prior=0.6035/0.5994, KL=0.0212, CycSim post/prior=0.0583/0.0373, CycMeas=0.0983, PriorBnd post/prior=1.93e-04/1.10e-04 | Best 0.0979 | Patience 21/40
 >> Epoch 075 | Train Total=0.5745 | Val post/prior Total=0.6788/0.7268, Recon post/prior=0.6036/0.5995, KL=0.0237, CycSim post/prior=0.0576/0.0375, CycMeas=0.0981, PriorBnd post/prior=1.80e-04/1.01e-04 | Best 0.0979 | Patience 22/40
 >> Epoch 076 | Train Total=0.5758 | Val post/prior Total=0.6785/0.7238, Recon post/prior=0.6016/0.5970, KL=0.0250, CycSim post/prior=0.0587/0.0365, CycMeas=0.0989, PriorBnd post/prior=2.94e-04/1.11e-04 | Best 0.0979 | Patience 23/40
 >> Epoch 077 | Train Total=0.5763 | Val post/prior Total=0.7415/0.7993, Recon post/prior=0.6283/0.6259, KL=0.0394, CycSim post/prior=0.0885/0.0737, CycMeas=0.1023, PriorBnd post/prior=1.24e-04/7.03e-05 | Best 0.0979 | Patience 24/40
 >> Epoch 078 | Train Total=0.5764 | Val post/prior Total=0.7071/0.7629, Recon post/prior=0.6154/0.6130, KL=0.0276, CycSim post/prior=0.0714/0.0560, CycMeas=0.0991, PriorBnd post/prior=1.50e-04/7.54e-05 | Best 0.0979 | Patience 25/40
 >> Epoch 079 | Train Total=0.5785 | Val post/prior Total=0.6818/0.7329, Recon post/prior=0.6039/0.6004, KL=0.0213, CycSim post/prior=0.0601/0.0416, CycMeas=0.0984, PriorBnd post/prior=1.39e-04/9.38e-05 | Best 0.0979 | Patience 26/40
 >> Epoch 080 | Train Total=0.5798 | Val post/prior Total=0.6790/0.7263, Recon post/prior=0.6016/0.5978, KL=0.0226, CycSim post/prior=0.0594/0.0377, CycMeas=0.0992, PriorBnd post/prior=1.60e-04/1.07e-04 | Best 0.0979 | Patience 27/40
 >> Epoch 081 | Train Total=0.5806 | Val post/prior Total=0.6803/0.7252, Recon post/prior=0.6016/0.5962, KL=0.0251, CycSim post/prior=0.0599/0.0368, CycMeas=0.1011, PriorBnd post/prior=5.24e-04/1.13e-04 | Best 0.0979 | Patience 28/40
 >> Epoch 082 | Train Total=0.5796 | Val post/prior Total=0.7569/0.8228, Recon post/prior=0.6392/0.6381, KL=0.0463, CycSim post/prior=0.0918/0.0789, CycMeas=0.1088, PriorBnd post/prior=7.13e-05/6.95e-05 | Best 0.0979 | Patience 29/40
 >> Epoch 083 | Train Total=0.5816 | Val post/prior Total=0.6907/0.7452, Recon post/prior=0.6081/0.6048, KL=0.0205, CycSim post/prior=0.0642/0.0479, CycMeas=0.0990, PriorBnd post/prior=1.35e-04/8.94e-05 | Best 0.0979 | Patience 30/40
 >> Epoch 084 | Train Total=0.5814 | Val post/prior Total=0.6766/0.7273, Recon post/prior=0.6026/0.5986, KL=0.0222, CycSim post/prior=0.0567/0.0386, CycMeas=0.0980, PriorBnd post/prior=1.81e-04/9.90e-05 | Best 0.0979 | Patience 31/40
 >> Epoch 085 | Train Total=0.5838 | Val post/prior Total=0.6784/0.7279, Recon post/prior=0.6014/0.5972, KL=0.0236, CycSim post/prior=0.0590/0.0384, CycMeas=0.1008, PriorBnd post/prior=2.14e-04/1.05e-04 | Best 0.0979 | Patience 32/40
 >> Epoch 086 | Train Total=0.5831 | Val post/prior Total=0.6788/0.7243, Recon post/prior=0.6020/0.5973, KL=0.0224, CycSim post/prior=0.0587/0.0369, CycMeas=0.0984, PriorBnd post/prior=3.82e-04/1.03e-04 | Best 0.0979 | Patience 33/40
 >> Epoch 087 | Train Total=0.5840 | Val post/prior Total=0.6796/0.7253, Recon post/prior=0.6011/0.5964, KL=0.0226, CycSim post/prior=0.0604/0.0387, CycMeas=0.0982, PriorBnd post/prior=1.68e-04/1.07e-04 | Best 0.0979 | Patience 34/40
 >> Epoch 088 | Train Total=0.5854 | Val post/prior Total=0.6837/0.7264, Recon post/prior=0.6004/0.5956, KL=0.0242, CycSim post/prior=0.0641/0.0381, CycMeas=0.1013, PriorBnd post/prior=2.38e-04/1.21e-04 | Best 0.0979 | Patience 35/40
 >> Epoch 089 | Train Total=0.5860 | Val post/prior Total=0.6849/0.7356, Recon post/prior=0.6048/0.6011, KL=0.0228, CycSim post/prior=0.0618/0.0423, CycMeas=0.1000, PriorBnd post/prior=2.18e-04/1.06e-04 | Best 0.0979 | Patience 36/40
 >> Epoch 090 | Train Total=0.5874 | Val post/prior Total=0.6782/0.7260, Recon post/prior=0.6017/0.5977, KL=0.0227, CycSim post/prior=0.0587/0.0384, CycMeas=0.0979, PriorBnd post/prior=1.27e-04/1.03e-04 | Best 0.0979 | Patience 37/40
 >> Epoch 091 | Train Total=0.5867 | Val post/prior Total=0.7087/0.7668, Recon post/prior=0.6143/0.6121, KL=0.0213, CycSim post/prior=0.0741/0.0600, CycMeas=0.0991, PriorBnd post/prior=1.40e-04/7.15e-05 | Best 0.0979 | Patience 38/40
 >> Epoch 092 | Train Total=0.5874 | Val post/prior Total=0.6853/0.7360, Recon post/prior=0.6027/0.5995, KL=0.0252, CycSim post/prior=0.0636/0.0419, CycMeas=0.1029, PriorBnd post/prior=1.68e-04/1.07e-04 | Best 0.0979 | Patience 39/40
 >> Epoch 093 | Train Total=0.5886 | Val post/prior Total=0.6783/0.7243, Recon post/prior=0.6021/0.5977, KL=0.0234, CycSim post/prior=0.0584/0.0368, CycMeas=0.0981, PriorBnd post/prior=1.72e-04/1.07e-04 | Best 0.0979 | Patience 40/40
[EarlyStop] at epoch 93
[Diag] Start to calcaulte diag in test preocess... 
[Diag] wrote 28930 rows to temp_Bidi_cvae\cvae_20251105-030750\diag_test.csv
[Diag] proxy_floor_ps  P50=0.0095  P90=0.0228  P95=0.0348  P99=0.2440
[Test] prior total=0.728516 | prior recon=0.601723 | kl=0.016658 | prior cyc_sim=0.037020 | cyc_meas=0.098109 | prior_l2=0.388192 | prior_bnd=0.000042 | 
