[log] tee initialized at 2025-11-27 18:01:23 -> temp_Unidi_cvae_14param_1channel\session_20251127-180123.log
Using CUDA device 0: NVIDIA GeForce RTX 4060 Laptop GPU
[log] tee initialized at 2025-11-27 18:01:25 -> temp_Unidi_cvae_14param_1channel\cvae_20251127-180125\train.log
[L_trust] using 20000 ref rows from temp_Unidi_cvae_14param_1channel/proxy\proxy_Ytr_norm.npy
 >> Epoch 001 | Train Total=1.1757 | Val post/prior Total=1.0504/1.1021, Recon post/prior=0.7978/0.7931, KL=0.1338, CycSim post/prior=0.1861/0.0882, CycMeas=0.2508, PriorBnd post/prior=5.40e-04/5.15e-04 | Best inf | Patience 1/40
[Update] best val_cyc_meas improved to 0.250811 @ epoch 1
 >> Epoch 002 | Train Total=0.8375 | Val post/prior Total=0.9845/0.9713, Recon post/prior=0.7694/0.7653, KL=0.0641, CycSim post/prior=0.1666/0.0746, CycMeas=0.1425, PriorBnd post/prior=1.42e-04/1.35e-04 | Best 0.2508 | Patience 1/40
[Update] best val_cyc_meas improved to 0.142474 @ epoch 2
 >> Epoch 003 | Train Total=0.7967 | Val post/prior Total=0.9529/0.9049, Recon post/prior=0.7528/0.7497, KL=0.0415, CycSim post/prior=0.1579/0.0609, CycMeas=0.0996, PriorBnd post/prior=1.91e-05/1.53e-05 | Best 0.1425 | Patience 1/40
[Update] best val_cyc_meas improved to 0.099635 @ epoch 3
 >> Epoch 004 | Train Total=0.7766 | Val post/prior Total=0.9197/0.8692, Recon post/prior=0.7442/0.7424, KL=0.0298, CycSim post/prior=0.1392/0.0591, CycMeas=0.0666, PriorBnd post/prior=9.09e-06/4.90e-06 | Best 0.0996 | Patience 1/40
[Update] best val_cyc_meas improved to 0.066630 @ epoch 4
 >> Epoch 005 | Train Total=0.7646 | Val post/prior Total=0.9302/0.8796, Recon post/prior=0.7356/0.7329, KL=0.0239, CycSim post/prior=0.1562/0.0577, CycMeas=0.0936, PriorBnd post/prior=6.84e-06/3.06e-06 | Best 0.0666 | Patience 1/40
 >> Epoch 006 | Train Total=0.7498 | Val post/prior Total=0.8926/0.8375, Recon post/prior=0.7290/0.7268, KL=0.0197, CycSim post/prior=0.1309/0.0494, CycMeas=0.0609, PriorBnd post/prior=3.39e-06/1.38e-06 | Best 0.0666 | Patience 2/40
[Update] best val_cyc_meas improved to 0.060853 @ epoch 6
 >> Epoch 007 | Train Total=0.7417 | Val post/prior Total=0.8848/0.8312, Recon post/prior=0.7238/0.7223, KL=0.0164, CycSim post/prior=0.1291/0.0485, CycMeas=0.0598, PriorBnd post/prior=3.94e-06/1.21e-06 | Best 0.0609 | Patience 1/40
[Update] best val_cyc_meas improved to 0.059793 @ epoch 7
 >> Epoch 008 | Train Total=0.7360 | Val post/prior Total=0.9062/0.8450, Recon post/prior=0.7177/0.7162, KL=0.0140, CycSim post/prior=0.1525/0.0625, CycMeas=0.0636, PriorBnd post/prior=2.84e-06/1.36e-06 | Best 0.0598 | Patience 1/40
 >> Epoch 009 | Train Total=0.7255 | Val post/prior Total=0.8654/0.8296, Recon post/prior=0.7136/0.7120, KL=0.0128, CycSim post/prior=0.1220/0.0529, CycMeas=0.0638, PriorBnd post/prior=4.33e-06/1.00e-06 | Best 0.0598 | Patience 2/40
 >> Epoch 010 | Train Total=0.7228 | Val post/prior Total=0.8733/0.8120, Recon post/prior=0.7108/0.7088, KL=0.0113, CycSim post/prior=0.1312/0.0478, CycMeas=0.0536, PriorBnd post/prior=3.67e-06/1.05e-06 | Best 0.0598 | Patience 3/40
[Update] best val_cyc_meas improved to 0.053576 @ epoch 10
 >> Epoch 011 | Train Total=0.7187 | Val post/prior Total=0.8484/0.8072, Recon post/prior=0.7086/0.7068, KL=0.0106, CycSim post/prior=0.1124/0.0449, CycMeas=0.0545, PriorBnd post/prior=3.26e-06/1.13e-06 | Best 0.0536 | Patience 1/40
 >> Epoch 012 | Train Total=0.7173 | Val post/prior Total=0.8628/0.8102, Recon post/prior=0.7055/0.7036, KL=0.0097, CycSim post/prior=0.1272/0.0466, CycMeas=0.0596, PriorBnd post/prior=3.25e-06/8.73e-07 | Best 0.0536 | Patience 2/40
 >> Epoch 013 | Train Total=0.7154 | Val post/prior Total=0.8437/0.8188, Recon post/prior=0.7027/0.7016, KL=0.0089, CycSim post/prior=0.1135/0.0398, CycMeas=0.0830, PriorBnd post/prior=3.40e-06/1.13e-06 | Best 0.0536 | Patience 3/40
 >> Epoch 014 | Train Total=0.7123 | Val post/prior Total=0.8570/0.8010, Recon post/prior=0.6994/0.6967, KL=0.0085, CycSim post/prior=0.1275/0.0423, CycMeas=0.0631, PriorBnd post/prior=2.32e-06/1.36e-06 | Best 0.0536 | Patience 4/40
 >> Epoch 015 | Train Total=0.7089 | Val post/prior Total=0.8513/0.8060, Recon post/prior=0.6961/0.6944, KL=0.0082, CycSim post/prior=0.1255/0.0486, CycMeas=0.0627, PriorBnd post/prior=3.52e-06/1.36e-06 | Best 0.0536 | Patience 5/40
 >> Epoch 016 | Train Total=0.7065 | Val post/prior Total=0.8627/0.8079, Recon post/prior=0.6935/0.6919, KL=0.0075, CycSim post/prior=0.1373/0.0592, CycMeas=0.0524, PriorBnd post/prior=3.81e-06/2.46e-06 | Best 0.0536 | Patience 6/40
[Update] best val_cyc_meas improved to 0.052436 @ epoch 16
 >> Epoch 017 | Train Total=0.7030 | Val post/prior Total=0.8177/0.7847, Recon post/prior=0.6916/0.6907, KL=0.0066, CycSim post/prior=0.1015/0.0396, CycMeas=0.0542, PriorBnd post/prior=4.34e-06/2.22e-06 | Best 0.0524 | Patience 1/40
 >> Epoch 018 | Train Total=0.6952 | Val post/prior Total=0.8311/0.7877, Recon post/prior=0.6885/0.6872, KL=0.0067, CycSim post/prior=0.1152/0.0459, CycMeas=0.0528, PriorBnd post/prior=4.55e-06/2.97e-06 | Best 0.0524 | Patience 2/40
 >> Epoch 019 | Train Total=0.6943 | Val post/prior Total=0.8113/0.7798, Recon post/prior=0.6878/0.6864, KL=0.0063, CycSim post/prior=0.0993/0.0399, CycMeas=0.0529, PriorBnd post/prior=7.23e-06/3.59e-06 | Best 0.0524 | Patience 3/40
 >> Epoch 020 | Train Total=0.6959 | Val post/prior Total=0.8189/0.7823, Recon post/prior=0.6855/0.6842, KL=0.0062, CycSim post/prior=0.1076/0.0437, CycMeas=0.0531, PriorBnd post/prior=5.41e-06/3.01e-06 | Best 0.0524 | Patience 4/40
 >> Epoch 021 | Train Total=0.6930 | Val post/prior Total=0.8071/0.7794, Recon post/prior=0.6829/0.6823, KL=0.0057, CycSim post/prior=0.1000/0.0382, CycMeas=0.0600, PriorBnd post/prior=3.14e-06/2.09e-06 | Best 0.0524 | Patience 5/40
 >> Epoch 022 | Train Total=0.6957 | Val post/prior Total=0.7895/0.7836, Recon post/prior=0.6817/0.6815, KL=0.0055, CycSim post/prior=0.0863/0.0479, CycMeas=0.0517, PriorBnd post/prior=7.81e-06/4.85e-06 | Best 0.0524 | Patience 6/40
[Update] best val_cyc_meas improved to 0.051721 @ epoch 22
 >> Epoch 023 | Train Total=0.6916 | Val post/prior Total=0.7939/0.7799, Recon post/prior=0.6795/0.6782, KL=0.0054, CycSim post/prior=0.0918/0.0407, CycMeas=0.0619, PriorBnd post/prior=3.85e-06/2.49e-06 | Best 0.0517 | Patience 1/40
 >> Epoch 024 | Train Total=0.6904 | Val post/prior Total=0.7987/0.7849, Recon post/prior=0.6786/0.6771, KL=0.0052, CycSim post/prior=0.0966/0.0454, CycMeas=0.0626, PriorBnd post/prior=6.37e-06/3.99e-06 | Best 0.0517 | Patience 2/40
 >> Epoch 025 | Train Total=0.6890 | Val post/prior Total=0.7804/0.7768, Recon post/prior=0.6754/0.6758, KL=0.0049, CycSim post/prior=0.0841/0.0414, CycMeas=0.0600, PriorBnd post/prior=4.70e-06/3.17e-06 | Best 0.0517 | Patience 3/40
 >> Epoch 026 | Train Total=0.6829 | Val post/prior Total=0.7826/0.7677, Recon post/prior=0.6751/0.6743, KL=0.0047, CycSim post/prior=0.0861/0.0370, CycMeas=0.0571, PriorBnd post/prior=5.61e-06/2.38e-06 | Best 0.0517 | Patience 4/40
 >> Epoch 027 | Train Total=0.6837 | Val post/prior Total=0.7844/0.7600, Recon post/prior=0.6747/0.6733, KL=0.0046, CycSim post/prior=0.0880/0.0350, CycMeas=0.0517, PriorBnd post/prior=3.76e-06/2.07e-06 | Best 0.0517 | Patience 5/40
 >> Epoch 028 | Train Total=0.6844 | Val post/prior Total=0.7765/0.7663, Recon post/prior=0.6723/0.6714, KL=0.0046, CycSim post/prior=0.0834/0.0413, CycMeas=0.0525, PriorBnd post/prior=6.14e-06/2.55e-06 | Best 0.0517 | Patience 6/40
 >> Epoch 029 | Train Total=0.6816 | Val post/prior Total=0.7875/0.7635, Recon post/prior=0.6720/0.6698, KL=0.0044, CycSim post/prior=0.0928/0.0383, CycMeas=0.0557, PriorBnd post/prior=8.02e-06/3.61e-06 | Best 0.0517 | Patience 7/40
 >> Epoch 030 | Train Total=0.6816 | Val post/prior Total=0.7873/0.7653, Recon post/prior=0.6701/0.6699, KL=0.0043, CycSim post/prior=0.0943/0.0390, CycMeas=0.0566, PriorBnd post/prior=7.43e-06/3.80e-06 | Best 0.0517 | Patience 8/40
 >> Epoch 031 | Train Total=0.6804 | Val post/prior Total=0.7972/0.7623, Recon post/prior=0.6678/0.6663, KL=0.0044, CycSim post/prior=0.1044/0.0432, CycMeas=0.0511, PriorBnd post/prior=1.04e-05/4.76e-06 | Best 0.0517 | Patience 9/40
[Update] best val_cyc_meas improved to 0.051098 @ epoch 31
 >> Epoch 032 | Train Total=0.6832 | Val post/prior Total=0.7786/0.7591, Recon post/prior=0.6671/0.6674, KL=0.0041, CycSim post/prior=0.0896/0.0375, CycMeas=0.0542, PriorBnd post/prior=4.31e-06/2.29e-06 | Best 0.0511 | Patience 1/40
 >> Epoch 033 | Train Total=0.6765 | Val post/prior Total=0.7763/0.7513, Recon post/prior=0.6657/0.6641, KL=0.0040, CycSim post/prior=0.0888/0.0335, CycMeas=0.0545, PriorBnd post/prior=6.49e-06/2.68e-06 | Best 0.0511 | Patience 2/40
 >> Epoch 034 | Train Total=0.6732 | Val post/prior Total=0.7712/0.7649, Recon post/prior=0.6645/0.6643, KL=0.0039, CycSim post/prior=0.0856/0.0428, CycMeas=0.0575, PriorBnd post/prior=6.81e-06/3.55e-06 | Best 0.0511 | Patience 3/40
 >> Epoch 035 | Train Total=0.6730 | Val post/prior Total=0.7769/0.7552, Recon post/prior=0.6629/0.6617, KL=0.0040, CycSim post/prior=0.0917/0.0382, CycMeas=0.0555, PriorBnd post/prior=6.28e-06/2.85e-06 | Best 0.0511 | Patience 4/40
 >> Epoch 036 | Train Total=0.6702 | Val post/prior Total=0.7718/0.7561, Recon post/prior=0.6622/0.6613, KL=0.0037, CycSim post/prior=0.0880/0.0391, CycMeas=0.0556, PriorBnd post/prior=8.76e-06/3.19e-06 | Best 0.0511 | Patience 5/40
 >> Epoch 037 | Train Total=0.6728 | Val post/prior Total=0.7700/0.7521, Recon post/prior=0.6645/0.6634, KL=0.0037, CycSim post/prior=0.0845/0.0368, CycMeas=0.0514, PriorBnd post/prior=7.03e-06/5.09e-06 | Best 0.0511 | Patience 6/40
 >> Epoch 038 | Train Total=0.6719 | Val post/prior Total=0.7565/0.7509, Recon post/prior=0.6627/0.6634, KL=0.0035, CycSim post/prior=0.0748/0.0361, CycMeas=0.0512, PriorBnd post/prior=4.08e-06/2.91e-06 | Best 0.0511 | Patience 7/40
 >> Epoch 039 | Train Total=0.6715 | Val post/prior Total=0.7726/0.7536, Recon post/prior=0.6622/0.6603, KL=0.0036, CycSim post/prior=0.0886/0.0405, CycMeas=0.0517, PriorBnd post/prior=5.20e-06/4.33e-06 | Best 0.0511 | Patience 8/40
 >> Epoch 040 | Train Total=0.6727 | Val post/prior Total=0.7872/0.7774, Recon post/prior=0.6598/0.6591, KL=0.0035, CycSim post/prior=0.1029/0.0613, CycMeas=0.0518, PriorBnd post/prior=7.47e-06/3.48e-06 | Best 0.0511 | Patience 9/40
 >> Epoch 041 | Train Total=0.6693 | Val post/prior Total=0.7625/0.7450, Recon post/prior=0.6579/0.6580, KL=0.0034, CycSim post/prior=0.0839/0.0361, CycMeas=0.0505, PriorBnd post/prior=5.94e-06/2.97e-06 | Best 0.0511 | Patience 10/40
[Update] best val_cyc_meas improved to 0.050484 @ epoch 41
 >> Epoch 042 | Train Total=0.6642 | Val post/prior Total=0.7582/0.7421, Recon post/prior=0.6577/0.6570, KL=0.0036, CycSim post/prior=0.0804/0.0339, CycMeas=0.0511, PriorBnd post/prior=5.10e-06/3.17e-06 | Best 0.0505 | Patience 1/40
 >> Epoch 043 | Train Total=0.6651 | Val post/prior Total=0.7684/0.7576, Recon post/prior=0.6562/0.6562, KL=0.0034, CycSim post/prior=0.0902/0.0451, CycMeas=0.0550, PriorBnd post/prior=6.30e-06/3.09e-06 | Best 0.0505 | Patience 2/40
 >> Epoch 044 | Train Total=0.6658 | Val post/prior Total=0.7657/0.7397, Recon post/prior=0.6551/0.6539, KL=0.0034, CycSim post/prior=0.0888/0.0323, CycMeas=0.0545, PriorBnd post/prior=5.71e-06/3.43e-06 | Best 0.0505 | Patience 3/40
 >> Epoch 045 | Train Total=0.6650 | Val post/prior Total=0.7534/0.7537, Recon post/prior=0.6554/0.6553, KL=0.0034, CycSim post/prior=0.0784/0.0440, CycMeas=0.0528, PriorBnd post/prior=1.04e-05/3.92e-06 | Best 0.0505 | Patience 4/40
 >> Epoch 046 | Train Total=0.6646 | Val post/prior Total=0.7508/0.7404, Recon post/prior=0.6539/0.6535, KL=0.0033, CycSim post/prior=0.0774/0.0321, CycMeas=0.0561, PriorBnd post/prior=9.57e-06/4.15e-06 | Best 0.0505 | Patience 5/40
 >> Epoch 047 | Train Total=0.6654 | Val post/prior Total=0.7559/0.7385, Recon post/prior=0.6543/0.6534, KL=0.0032, CycSim post/prior=0.0812/0.0326, CycMeas=0.0531, PriorBnd post/prior=6.48e-06/4.29e-06 | Best 0.0505 | Patience 6/40
 >> Epoch 048 | Train Total=0.6669 | Val post/prior Total=0.7612/0.7438, Recon post/prior=0.6559/0.6555, KL=0.0033, CycSim post/prior=0.0844/0.0371, CycMeas=0.0505, PriorBnd post/prior=4.51e-06/3.67e-06 | Best 0.0505 | Patience 7/40
[Update] best val_cyc_meas improved to 0.050462 @ epoch 48
 >> Epoch 049 | Train Total=0.6644 | Val post/prior Total=0.7536/0.7366, Recon post/prior=0.6527/0.6523, KL=0.0030, CycSim post/prior=0.0808/0.0330, CycMeas=0.0516, PriorBnd post/prior=6.19e-06/4.20e-06 | Best 0.0505 | Patience 1/40
 >> Epoch 050 | Train Total=0.6624 | Val post/prior Total=0.7504/0.7382, Recon post/prior=0.6515/0.6510, KL=0.0032, CycSim post/prior=0.0790/0.0364, CycMeas=0.0501, PriorBnd post/prior=6.35e-06/3.25e-06 | Best 0.0505 | Patience 2/40
[Update] best val_cyc_meas improved to 0.050100 @ epoch 50
 >> Epoch 051 | Train Total=0.6603 | Val post/prior Total=0.7514/0.7399, Recon post/prior=0.6521/0.6519, KL=0.0032, CycSim post/prior=0.0794/0.0366, CycMeas=0.0508, PriorBnd post/prior=4.87e-06/4.05e-06 | Best 0.0501 | Patience 1/40
 >> Epoch 052 | Train Total=0.6605 | Val post/prior Total=0.7491/0.7422, Recon post/prior=0.6517/0.6514, KL=0.0030, CycSim post/prior=0.0778/0.0383, CycMeas=0.0519, PriorBnd post/prior=5.89e-06/3.48e-06 | Best 0.0501 | Patience 2/40
 >> Epoch 053 | Train Total=0.6612 | Val post/prior Total=0.7531/0.7384, Recon post/prior=0.6498/0.6494, KL=0.0031, CycSim post/prior=0.0828/0.0379, CycMeas=0.0502, PriorBnd post/prior=7.99e-06/3.80e-06 | Best 0.0501 | Patience 3/40
 >> Epoch 054 | Train Total=0.6611 | Val post/prior Total=0.7446/0.7325, Recon post/prior=0.6509/0.6508, KL=0.0030, CycSim post/prior=0.0747/0.0301, CycMeas=0.0526, PriorBnd post/prior=7.89e-06/5.28e-06 | Best 0.0501 | Patience 4/40
 >> Epoch 055 | Train Total=0.6622 | Val post/prior Total=0.7478/0.7398, Recon post/prior=0.6502/0.6496, KL=0.0032, CycSim post/prior=0.0780/0.0382, CycMeas=0.0510, PriorBnd post/prior=5.70e-06/3.28e-06 | Best 0.0501 | Patience 5/40
 >> Epoch 056 | Train Total=0.6614 | Val post/prior Total=0.7475/0.7394, Recon post/prior=0.6489/0.6493, KL=0.0030, CycSim post/prior=0.0789/0.0385, CycMeas=0.0506, PriorBnd post/prior=6.54e-06/3.79e-06 | Best 0.0501 | Patience 6/40
 >> Epoch 057 | Train Total=0.6595 | Val post/prior Total=0.7510/0.7267, Recon post/prior=0.6482/0.6474, KL=0.0032, CycSim post/prior=0.0822/0.0281, CycMeas=0.0525, PriorBnd post/prior=8.22e-06/3.96e-06 | Best 0.0501 | Patience 7/40
 >> Epoch 058 | Train Total=0.6582 | Val post/prior Total=0.7521/0.7270, Recon post/prior=0.6481/0.6474, KL=0.0031, CycSim post/prior=0.0832/0.0290, CycMeas=0.0516, PriorBnd post/prior=9.60e-06/5.76e-06 | Best 0.0501 | Patience 8/40
 >> Epoch 059 | Train Total=0.6582 | Val post/prior Total=0.7455/0.7320, Recon post/prior=0.6482/0.6474, KL=0.0032, CycSim post/prior=0.0777/0.0335, CycMeas=0.0510, PriorBnd post/prior=5.94e-06/3.60e-06 | Best 0.0501 | Patience 9/40
 >> Epoch 060 | Train Total=0.6586 | Val post/prior Total=0.7487/0.7318, Recon post/prior=0.6473/0.6465, KL=0.0030, CycSim post/prior=0.0811/0.0338, CycMeas=0.0515, PriorBnd post/prior=7.00e-06/4.56e-06 | Best 0.0501 | Patience 10/40
 >> Epoch 061 | Train Total=0.6590 | Val post/prior Total=0.7482/0.7374, Recon post/prior=0.6473/0.6466, KL=0.0031, CycSim post/prior=0.0807/0.0380, CycMeas=0.0521, PriorBnd post/prior=6.91e-06/4.51e-06 | Best 0.0501 | Patience 11/40
 >> Epoch 062 | Train Total=0.6587 | Val post/prior Total=0.7431/0.7246, Recon post/prior=0.6475/0.6469, KL=0.0031, CycSim post/prior=0.0763/0.0284, CycMeas=0.0501, PriorBnd post/prior=8.06e-06/5.51e-06 | Best 0.0501 | Patience 12/40
 >> Epoch 063 | Train Total=0.6593 | Val post/prior Total=0.7462/0.7293, Recon post/prior=0.6463/0.6453, KL=0.0030, CycSim post/prior=0.0798/0.0332, CycMeas=0.0509, PriorBnd post/prior=9.36e-06/4.97e-06 | Best 0.0501 | Patience 13/40
 >> Epoch 064 | Train Total=0.6598 | Val post/prior Total=0.7427/0.7277, Recon post/prior=0.6469/0.6469, KL=0.0029, CycSim post/prior=0.0765/0.0305, CycMeas=0.0509, PriorBnd post/prior=5.43e-06/3.97e-06 | Best 0.0501 | Patience 14/40
 >> Epoch 065 | Train Total=0.6570 | Val post/prior Total=0.7442/0.7250, Recon post/prior=0.6462/0.6450, KL=0.0030, CycSim post/prior=0.0782/0.0305, CycMeas=0.0498, PriorBnd post/prior=8.88e-06/5.24e-06 | Best 0.0501 | Patience 15/40
[Update] best val_cyc_meas improved to 0.049835 @ epoch 65
 >> Epoch 066 | Train Total=0.6557 | Val post/prior Total=0.7473/0.7289, Recon post/prior=0.6463/0.6461, KL=0.0029, CycSim post/prior=0.0808/0.0322, CycMeas=0.0509, PriorBnd post/prior=6.61e-06/4.35e-06 | Best 0.0498 | Patience 1/40
 >> Epoch 067 | Train Total=0.6573 | Val post/prior Total=0.7552/0.7229, Recon post/prior=0.6458/0.6445, KL=0.0030, CycSim post/prior=0.0877/0.0288, CycMeas=0.0504, PriorBnd post/prior=8.33e-06/6.02e-06 | Best 0.0498 | Patience 2/40
 >> Epoch 068 | Train Total=0.6583 | Val post/prior Total=0.7486/0.7305, Recon post/prior=0.6453/0.6444, KL=0.0029, CycSim post/prior=0.0827/0.0347, CycMeas=0.0511, PriorBnd post/prior=9.75e-06/5.89e-06 | Best 0.0498 | Patience 3/40
 >> Epoch 069 | Train Total=0.6569 | Val post/prior Total=0.7485/0.7284, Recon post/prior=0.6453/0.6441, KL=0.0031, CycSim post/prior=0.0826/0.0340, CycMeas=0.0500, PriorBnd post/prior=7.35e-06/5.44e-06 | Best 0.0498 | Patience 4/40
 >> Epoch 070 | Train Total=0.6582 | Val post/prior Total=0.7516/0.7228, Recon post/prior=0.6451/0.6444, KL=0.0029, CycSim post/prior=0.0854/0.0288, CycMeas=0.0504, PriorBnd post/prior=7.22e-06/5.44e-06 | Best 0.0498 | Patience 5/40
 >> Epoch 071 | Train Total=0.6590 | Val post/prior Total=0.7482/0.7234, Recon post/prior=0.6449/0.6437, KL=0.0029, CycSim post/prior=0.0828/0.0298, CycMeas=0.0505, PriorBnd post/prior=9.92e-06/5.24e-06 | Best 0.0498 | Patience 6/40
 >> Epoch 072 | Train Total=0.6586 | Val post/prior Total=0.7411/0.7242, Recon post/prior=0.6449/0.6450, KL=0.0029, CycSim post/prior=0.0768/0.0284, CycMeas=0.0520, PriorBnd post/prior=7.91e-06/5.38e-06 | Best 0.0498 | Patience 7/40
 >> Epoch 073 | Train Total=0.6596 | Val post/prior Total=0.7522/0.7255, Recon post/prior=0.6441/0.6439, KL=0.0030, CycSim post/prior=0.0867/0.0312, CycMeas=0.0507, PriorBnd post/prior=8.45e-06/4.87e-06 | Best 0.0498 | Patience 8/40
 >> Epoch 074 | Train Total=0.6565 | Val post/prior Total=0.7445/0.7270, Recon post/prior=0.6438/0.6433, KL=0.0029, CycSim post/prior=0.0806/0.0332, CycMeas=0.0504, PriorBnd post/prior=8.02e-06/5.79e-06 | Best 0.0498 | Patience 9/40
 >> Epoch 075 | Train Total=0.6570 | Val post/prior Total=0.7416/0.7254, Recon post/prior=0.6450/0.6442, KL=0.0030, CycSim post/prior=0.0772/0.0313, CycMeas=0.0502, PriorBnd post/prior=7.22e-06/4.56e-06 | Best 0.0498 | Patience 10/40
 >> Epoch 076 | Train Total=0.6571 | Val post/prior Total=0.7386/0.7227, Recon post/prior=0.6448/0.6440, KL=0.0029, CycSim post/prior=0.0747/0.0292, CycMeas=0.0501, PriorBnd post/prior=8.21e-06/5.93e-06 | Best 0.0498 | Patience 11/40
 >> Epoch 077 | Train Total=0.6590 | Val post/prior Total=0.7400/0.7269, Recon post/prior=0.6456/0.6451, KL=0.0029, CycSim post/prior=0.0753/0.0307, CycMeas=0.0518, PriorBnd post/prior=7.49e-06/5.11e-06 | Best 0.0498 | Patience 12/40
 >> Epoch 078 | Train Total=0.6581 | Val post/prior Total=0.7440/0.7310, Recon post/prior=0.6436/0.6436, KL=0.0029, CycSim post/prior=0.0802/0.0366, CycMeas=0.0499, PriorBnd post/prior=8.30e-06/5.91e-06 | Best 0.0498 | Patience 13/40
 >> Epoch 079 | Train Total=0.6586 | Val post/prior Total=0.7388/0.7243, Recon post/prior=0.6449/0.6443, KL=0.0029, CycSim post/prior=0.0749/0.0304, CycMeas=0.0500, PriorBnd post/prior=7.12e-06/5.21e-06 | Best 0.0498 | Patience 14/40
 >> Epoch 080 | Train Total=0.6578 | Val post/prior Total=0.7377/0.7263, Recon post/prior=0.6441/0.6437, KL=0.0029, CycSim post/prior=0.0747/0.0326, CycMeas=0.0499, PriorBnd post/prior=6.69e-06/5.59e-06 | Best 0.0498 | Patience 15/40
 >> Epoch 081 | Train Total=0.6586 | Val post/prior Total=0.7438/0.7268, Recon post/prior=0.6438/0.6431, KL=0.0029, CycSim post/prior=0.0800/0.0327, CycMeas=0.0512, PriorBnd post/prior=8.82e-06/5.69e-06 | Best 0.0498 | Patience 16/40
 >> Epoch 082 | Train Total=0.6583 | Val post/prior Total=0.7427/0.7234, Recon post/prior=0.6434/0.6431, KL=0.0030, CycSim post/prior=0.0793/0.0300, CycMeas=0.0510, PriorBnd post/prior=1.03e-05/6.21e-06 | Best 0.0498 | Patience 17/40
 >> Epoch 083 | Train Total=0.6587 | Val post/prior Total=0.7444/0.7272, Recon post/prior=0.6430/0.6427, KL=0.0030, CycSim post/prior=0.0811/0.0342, CycMeas=0.0500, PriorBnd post/prior=8.10e-06/5.02e-06 | Best 0.0498 | Patience 18/40
 >> Epoch 084 | Train Total=0.6590 | Val post/prior Total=0.7404/0.7230, Recon post/prior=0.6437/0.6428, KL=0.0029, CycSim post/prior=0.0772/0.0306, CycMeas=0.0499, PriorBnd post/prior=7.54e-06/5.29e-06 | Best 0.0498 | Patience 19/40
 >> Epoch 085 | Train Total=0.6595 | Val post/prior Total=0.7459/0.7208, Recon post/prior=0.6439/0.6429, KL=0.0029, CycSim post/prior=0.0817/0.0288, CycMeas=0.0498, PriorBnd post/prior=7.04e-06/5.04e-06 | Best 0.0498 | Patience 20/40
[Update] best val_cyc_meas improved to 0.049824 @ epoch 85
 >> Epoch 086 | Train Total=0.6585 | Val post/prior Total=0.7418/0.7278, Recon post/prior=0.6432/0.6428, KL=0.0029, CycSim post/prior=0.0788/0.0341, CycMeas=0.0508, PriorBnd post/prior=8.29e-06/5.17e-06 | Best 0.0498 | Patience 1/40
 >> Epoch 087 | Train Total=0.6598 | Val post/prior Total=0.7469/0.7220, Recon post/prior=0.6431/0.6421, KL=0.0029, CycSim post/prior=0.0831/0.0299, CycMeas=0.0505, PriorBnd post/prior=7.28e-06/5.04e-06 | Best 0.0498 | Patience 2/40
 >> Epoch 088 | Train Total=0.6603 | Val post/prior Total=0.7383/0.7267, Recon post/prior=0.6446/0.6439, KL=0.0030, CycSim post/prior=0.0747/0.0321, CycMeas=0.0510, PriorBnd post/prior=6.05e-06/4.85e-06 | Best 0.0498 | Patience 3/40
 >> Epoch 089 | Train Total=0.6603 | Val post/prior Total=0.7436/0.7205, Recon post/prior=0.6434/0.6426, KL=0.0028, CycSim post/prior=0.0801/0.0284, CycMeas=0.0503, PriorBnd post/prior=7.70e-06/5.58e-06 | Best 0.0498 | Patience 4/40
 >> Epoch 090 | Train Total=0.6596 | Val post/prior Total=0.7370/0.7305, Recon post/prior=0.6441/0.6439, KL=0.0029, CycSim post/prior=0.0741/0.0360, CycMeas=0.0500, PriorBnd post/prior=5.71e-06/4.94e-06 | Best 0.0498 | Patience 5/40
 >> Epoch 091 | Train Total=0.6605 | Val post/prior Total=0.7430/0.7230, Recon post/prior=0.6428/0.6421, KL=0.0030, CycSim post/prior=0.0801/0.0307, CycMeas=0.0507, PriorBnd post/prior=9.24e-06/5.43e-06 | Best 0.0498 | Patience 6/40
 >> Epoch 092 | Train Total=0.6606 | Val post/prior Total=0.7434/0.7209, Recon post/prior=0.6431/0.6419, KL=0.0029, CycSim post/prior=0.0802/0.0295, CycMeas=0.0501, PriorBnd post/prior=1.17e-05/5.24e-06 | Best 0.0498 | Patience 7/40
 >> Epoch 093 | Train Total=0.6603 | Val post/prior Total=0.7435/0.7239, Recon post/prior=0.6432/0.6425, KL=0.0030, CycSim post/prior=0.0802/0.0313, CycMeas=0.0505, PriorBnd post/prior=7.98e-06/5.58e-06 | Best 0.0498 | Patience 8/40
 >> Epoch 094 | Train Total=0.6612 | Val post/prior Total=0.7532/0.7208, Recon post/prior=0.6425/0.6416, KL=0.0030, CycSim post/prior=0.0888/0.0299, CycMeas=0.0499, PriorBnd post/prior=6.94e-06/5.24e-06 | Best 0.0498 | Patience 9/40
 >> Epoch 095 | Train Total=0.6619 | Val post/prior Total=0.7403/0.7249, Recon post/prior=0.6427/0.6418, KL=0.0030, CycSim post/prior=0.0779/0.0329, CycMeas=0.0501, PriorBnd post/prior=7.13e-06/5.45e-06 | Best 0.0498 | Patience 10/40
 >> Epoch 096 | Train Total=0.6610 | Val post/prior Total=0.7545/0.7220, Recon post/prior=0.6420/0.6407, KL=0.0030, CycSim post/prior=0.0903/0.0309, CycMeas=0.0508, PriorBnd post/prior=9.90e-06/5.76e-06 | Best 0.0498 | Patience 11/40
 >> Epoch 097 | Train Total=0.6628 | Val post/prior Total=0.7519/0.7204, Recon post/prior=0.6424/0.6415, KL=0.0029, CycSim post/prior=0.0878/0.0295, CycMeas=0.0499, PriorBnd post/prior=1.02e-05/6.07e-06 | Best 0.0498 | Patience 12/40
 >> Epoch 098 | Train Total=0.6630 | Val post/prior Total=0.7460/0.7244, Recon post/prior=0.6428/0.6418, KL=0.0029, CycSim post/prior=0.0827/0.0324, CycMeas=0.0501, PriorBnd post/prior=8.96e-06/6.12e-06 | Best 0.0498 | Patience 13/40
 >> Epoch 099 | Train Total=0.6627 | Val post/prior Total=0.7433/0.7208, Recon post/prior=0.6430/0.6420, KL=0.0029, CycSim post/prior=0.0801/0.0293, CycMeas=0.0501, PriorBnd post/prior=7.68e-06/5.70e-06 | Best 0.0498 | Patience 14/40
 >> Epoch 100 | Train Total=0.6637 | Val post/prior Total=0.7396/0.7322, Recon post/prior=0.6433/0.6431, KL=0.0028, CycSim post/prior=0.0769/0.0375, CycMeas=0.0507, PriorBnd post/prior=8.93e-06/6.03e-06 | Best 0.0498 | Patience 15/40
 >> Epoch 101 | Train Total=0.6634 | Val post/prior Total=0.7417/0.7233, Recon post/prior=0.6432/0.6422, KL=0.0029, CycSim post/prior=0.0787/0.0311, CycMeas=0.0504, PriorBnd post/prior=7.03e-06/5.25e-06 | Best 0.0498 | Patience 16/40
 >> Epoch 102 | Train Total=0.6640 | Val post/prior Total=0.7391/0.7214, Recon post/prior=0.6433/0.6426, KL=0.0028, CycSim post/prior=0.0764/0.0294, CycMeas=0.0500, PriorBnd post/prior=8.49e-06/5.87e-06 | Best 0.0498 | Patience 17/40
 >> Epoch 103 | Train Total=0.6637 | Val post/prior Total=0.7438/0.7253, Recon post/prior=0.6428/0.6422, KL=0.0030, CycSim post/prior=0.0808/0.0323, CycMeas=0.0510, PriorBnd post/prior=7.73e-06/5.90e-06 | Best 0.0498 | Patience 18/40
 >> Epoch 104 | Train Total=0.6642 | Val post/prior Total=0.7358/0.7262, Recon post/prior=0.6442/0.6433, KL=0.0029, CycSim post/prior=0.0729/0.0325, CycMeas=0.0504, PriorBnd post/prior=7.39e-06/5.69e-06 | Best 0.0498 | Patience 19/40
 >> Epoch 105 | Train Total=0.6645 | Val post/prior Total=0.7445/0.7230, Recon post/prior=0.6427/0.6420, KL=0.0029, CycSim post/prior=0.0815/0.0308, CycMeas=0.0507, PriorBnd post/prior=9.00e-06/5.26e-06 | Best 0.0498 | Patience 20/40
 >> Epoch 106 | Train Total=0.6650 | Val post/prior Total=0.7433/0.7234, Recon post/prior=0.6431/0.6419, KL=0.0029, CycSim post/prior=0.0802/0.0317, CycMeas=0.0499, PriorBnd post/prior=8.06e-06/5.53e-06 | Best 0.0498 | Patience 21/40
 >> Epoch 107 | Train Total=0.6651 | Val post/prior Total=0.7381/0.7278, Recon post/prior=0.6436/0.6437, KL=0.0029, CycSim post/prior=0.0754/0.0339, CycMeas=0.0499, PriorBnd post/prior=7.03e-06/5.06e-06 | Best 0.0498 | Patience 22/40
 >> Epoch 108 | Train Total=0.6651 | Val post/prior Total=0.7408/0.7296, Recon post/prior=0.6433/0.6430, KL=0.0028, CycSim post/prior=0.0778/0.0354, CycMeas=0.0507, PriorBnd post/prior=7.22e-06/5.49e-06 | Best 0.0498 | Patience 23/40
 >> Epoch 109 | Train Total=0.6660 | Val post/prior Total=0.7344/0.7291, Recon post/prior=0.6440/0.6441, KL=0.0028, CycSim post/prior=0.0721/0.0346, CycMeas=0.0500, PriorBnd post/prior=6.93e-06/4.13e-06 | Best 0.0498 | Patience 24/40
 >> Epoch 110 | Train Total=0.6666 | Val post/prior Total=0.7541/0.7251, Recon post/prior=0.6419/0.6413, KL=0.0031, CycSim post/prior=0.0900/0.0317, CycMeas=0.0528, PriorBnd post/prior=1.26e-05/6.08e-06 | Best 0.0498 | Patience 25/40
 >> Epoch 111 | Train Total=0.6656 | Val post/prior Total=0.7420/0.7243, Recon post/prior=0.6428/0.6426, KL=0.0029, CycSim post/prior=0.0793/0.0320, CycMeas=0.0498, PriorBnd post/prior=7.32e-06/4.50e-06 | Best 0.0498 | Patience 26/40
[Update] best val_cyc_meas improved to 0.049790 @ epoch 111
 >> Epoch 112 | Train Total=0.6662 | Val post/prior Total=0.7454/0.7218, Recon post/prior=0.6424/0.6417, KL=0.0030, CycSim post/prior=0.0824/0.0297, CycMeas=0.0511, PriorBnd post/prior=1.17e-05/5.57e-06 | Best 0.0498 | Patience 1/40
 >> Epoch 113 | Train Total=0.6657 | Val post/prior Total=0.7378/0.7263, Recon post/prior=0.6437/0.6434, KL=0.0028, CycSim post/prior=0.0751/0.0329, CycMeas=0.0500, PriorBnd post/prior=8.17e-06/5.04e-06 | Best 0.0498 | Patience 2/40
 >> Epoch 114 | Train Total=0.6660 | Val post/prior Total=0.7576/0.7214, Recon post/prior=0.6422/0.6408, KL=0.0030, CycSim post/prior=0.0928/0.0308, CycMeas=0.0501, PriorBnd post/prior=1.13e-05/6.90e-06 | Best 0.0498 | Patience 3/40
 >> Epoch 115 | Train Total=0.6661 | Val post/prior Total=0.7477/0.7192, Recon post/prior=0.6429/0.6413, KL=0.0029, CycSim post/prior=0.0839/0.0285, CycMeas=0.0502, PriorBnd post/prior=9.33e-06/5.30e-06 | Best 0.0498 | Patience 4/40
 >> Epoch 116 | Train Total=0.6663 | Val post/prior Total=0.7413/0.7238, Recon post/prior=0.6434/0.6426, KL=0.0029, CycSim post/prior=0.0782/0.0314, CycMeas=0.0500, PriorBnd post/prior=6.60e-06/5.06e-06 | Best 0.0498 | Patience 5/40
 >> Epoch 117 | Train Total=0.6656 | Val post/prior Total=0.7371/0.7248, Recon post/prior=0.6439/0.6430, KL=0.0028, CycSim post/prior=0.0743/0.0320, CycMeas=0.0499, PriorBnd post/prior=8.10e-06/5.30e-06 | Best 0.0498 | Patience 6/40
 >> Epoch 118 | Train Total=0.6665 | Val post/prior Total=0.7511/0.7200, Recon post/prior=0.6431/0.6420, KL=0.0030, CycSim post/prior=0.0866/0.0286, CycMeas=0.0501, PriorBnd post/prior=8.29e-06/5.69e-06 | Best 0.0498 | Patience 7/40
 >> Epoch 119 | Train Total=0.6661 | Val post/prior Total=0.7402/0.7216, Recon post/prior=0.6435/0.6423, KL=0.0029, CycSim post/prior=0.0772/0.0298, CycMeas=0.0500, PriorBnd post/prior=8.40e-06/5.50e-06 | Best 0.0498 | Patience 8/40
 >> Epoch 120 | Train Total=0.6661 | Val post/prior Total=0.7440/0.7267, Recon post/prior=0.6433/0.6428, KL=0.0028, CycSim post/prior=0.0806/0.0325, CycMeas=0.0517, PriorBnd post/prior=9.05e-06/5.70e-06 | Best 0.0498 | Patience 9/40
 >> Epoch 121 | Train Total=0.6653 | Val post/prior Total=0.7503/0.7217, Recon post/prior=0.6419/0.6415, KL=0.0029, CycSim post/prior=0.0869/0.0306, CycMeas=0.0500, PriorBnd post/prior=8.13e-06/5.20e-06 | Best 0.0498 | Patience 10/40
 >> Epoch 122 | Train Total=0.6660 | Val post/prior Total=0.7371/0.7283, Recon post/prior=0.6438/0.6435, KL=0.0028, CycSim post/prior=0.0745/0.0345, CycMeas=0.0499, PriorBnd post/prior=6.76e-06/4.92e-06 | Best 0.0498 | Patience 11/40
 >> Epoch 123 | Train Total=0.6654 | Val post/prior Total=0.7494/0.7205, Recon post/prior=0.6424/0.6412, KL=0.0030, CycSim post/prior=0.0857/0.0298, CycMeas=0.0500, PriorBnd post/prior=9.81e-06/5.49e-06 | Best 0.0498 | Patience 12/40
 >> Epoch 124 | Train Total=0.6654 | Val post/prior Total=0.7373/0.7298, Recon post/prior=0.6438/0.6432, KL=0.0028, CycSim post/prior=0.0745/0.0357, CycMeas=0.0503, PriorBnd post/prior=7.67e-06/4.42e-06 | Best 0.0498 | Patience 13/40
 >> Epoch 125 | Train Total=0.6675 | Val post/prior Total=0.7430/0.7243, Recon post/prior=0.6428/0.6423, KL=0.0028, CycSim post/prior=0.0802/0.0317, CycMeas=0.0506, PriorBnd post/prior=1.01e-05/5.79e-06 | Best 0.0498 | Patience 14/40
 >> Epoch 126 | Train Total=0.6657 | Val post/prior Total=0.7431/0.7226, Recon post/prior=0.6430/0.6423, KL=0.0029, CycSim post/prior=0.0801/0.0306, CycMeas=0.0502, PriorBnd post/prior=7.45e-06/5.58e-06 | Best 0.0498 | Patience 15/40
 >> Epoch 127 | Train Total=0.6668 | Val post/prior Total=0.7408/0.7264, Recon post/prior=0.6437/0.6431, KL=0.0029, CycSim post/prior=0.0775/0.0333, CycMeas=0.0497, PriorBnd post/prior=7.83e-06/5.07e-06 | Best 0.0498 | Patience 16/40
[Update] best val_cyc_meas improved to 0.049745 @ epoch 127
 >> Epoch 128 | Train Total=0.6662 | Val post/prior Total=0.7463/0.7206, Recon post/prior=0.6422/0.6415, KL=0.0029, CycSim post/prior=0.0833/0.0298, CycMeas=0.0498, PriorBnd post/prior=1.10e-05/6.32e-06 | Best 0.0497 | Patience 1/40
 >> Epoch 129 | Train Total=0.6668 | Val post/prior Total=0.7373/0.7253, Recon post/prior=0.6438/0.6433, KL=0.0028, CycSim post/prior=0.0746/0.0321, CycMeas=0.0500, PriorBnd post/prior=6.87e-06/4.97e-06 | Best 0.0497 | Patience 2/40
 >> Epoch 130 | Train Total=0.6664 | Val post/prior Total=0.7429/0.7238, Recon post/prior=0.6428/0.6420, KL=0.0028, CycSim post/prior=0.0801/0.0320, CycMeas=0.0500, PriorBnd post/prior=9.22e-06/4.85e-06 | Best 0.0497 | Patience 3/40
 >> Epoch 131 | Train Total=0.6652 | Val post/prior Total=0.7398/0.7237, Recon post/prior=0.6430/0.6419, KL=0.0029, CycSim post/prior=0.0773/0.0317, CycMeas=0.0503, PriorBnd post/prior=1.06e-05/5.81e-06 | Best 0.0497 | Patience 4/40
 >> Epoch 132 | Train Total=0.6648 | Val post/prior Total=0.7539/0.7225, Recon post/prior=0.6418/0.6408, KL=0.0029, CycSim post/prior=0.0900/0.0316, CycMeas=0.0504, PriorBnd post/prior=1.08e-05/6.07e-06 | Best 0.0497 | Patience 5/40
 >> Epoch 133 | Train Total=0.6655 | Val post/prior Total=0.7477/0.7226, Recon post/prior=0.6424/0.6415, KL=0.0029, CycSim post/prior=0.0844/0.0312, CycMeas=0.0502, PriorBnd post/prior=1.07e-05/5.79e-06 | Best 0.0497 | Patience 6/40
 >> Epoch 134 | Train Total=0.6669 | Val post/prior Total=0.7433/0.7218, Recon post/prior=0.6431/0.6424, KL=0.0030, CycSim post/prior=0.0801/0.0299, CycMeas=0.0500, PriorBnd post/prior=9.49e-06/6.08e-06 | Best 0.0497 | Patience 7/40
 >> Epoch 135 | Train Total=0.6660 | Val post/prior Total=0.7482/0.7236, Recon post/prior=0.6431/0.6419, KL=0.0029, CycSim post/prior=0.0843/0.0315, CycMeas=0.0505, PriorBnd post/prior=8.42e-06/5.45e-06 | Best 0.0497 | Patience 8/40
 >> Epoch 136 | Train Total=0.6647 | Val post/prior Total=0.7423/0.7233, Recon post/prior=0.6429/0.6420, KL=0.0030, CycSim post/prior=0.0795/0.0316, CycMeas=0.0499, PriorBnd post/prior=9.32e-06/5.12e-06 | Best 0.0497 | Patience 9/40
 >> Epoch 137 | Train Total=0.6668 | Val post/prior Total=0.7471/0.7189, Recon post/prior=0.6426/0.6416, KL=0.0030, CycSim post/prior=0.0837/0.0281, CycMeas=0.0502, PriorBnd post/prior=7.77e-06/5.00e-06 | Best 0.0497 | Patience 10/40
 >> Epoch 138 | Train Total=0.6652 | Val post/prior Total=0.7439/0.7218, Recon post/prior=0.6433/0.6426, KL=0.0031, CycSim post/prior=0.0804/0.0298, CycMeas=0.0500, PriorBnd post/prior=8.70e-06/5.58e-06 | Best 0.0497 | Patience 11/40
 >> Epoch 139 | Train Total=0.6648 | Val post/prior Total=0.7435/0.7223, Recon post/prior=0.6426/0.6425, KL=0.0029, CycSim post/prior=0.0807/0.0303, CycMeas=0.0500, PriorBnd post/prior=1.12e-05/6.96e-06 | Best 0.0497 | Patience 12/40
 >> Epoch 140 | Train Total=0.6647 | Val post/prior Total=0.7389/0.7210, Recon post/prior=0.6431/0.6422, KL=0.0029, CycSim post/prior=0.0764/0.0294, CycMeas=0.0501, PriorBnd post/prior=7.59e-06/5.20e-06 | Best 0.0497 | Patience 13/40
 >> Epoch 141 | Train Total=0.6661 | Val post/prior Total=0.7380/0.7308, Recon post/prior=0.6437/0.6434, KL=0.0028, CycSim post/prior=0.0753/0.0366, CycMeas=0.0499, PriorBnd post/prior=6.92e-06/4.78e-06 | Best 0.0497 | Patience 14/40
 >> Epoch 142 | Train Total=0.6668 | Val post/prior Total=0.7412/0.7252, Recon post/prior=0.6430/0.6427, KL=0.0028, CycSim post/prior=0.0785/0.0325, CycMeas=0.0500, PriorBnd post/prior=6.38e-06/4.32e-06 | Best 0.0497 | Patience 15/40
 >> Epoch 143 | Train Total=0.6667 | Val post/prior Total=0.7504/0.7200, Recon post/prior=0.6423/0.6412, KL=0.0029, CycSim post/prior=0.0867/0.0296, CycMeas=0.0497, PriorBnd post/prior=8.80e-06/5.51e-06 | Best 0.0497 | Patience 16/40
 >> Epoch 144 | Train Total=0.6659 | Val post/prior Total=0.7421/0.7215, Recon post/prior=0.6434/0.6424, KL=0.0029, CycSim post/prior=0.0789/0.0293, CycMeas=0.0505, PriorBnd post/prior=8.62e-06/5.59e-06 | Best 0.0497 | Patience 17/40
 >> Epoch 145 | Train Total=0.6661 | Val post/prior Total=0.7449/0.7202, Recon post/prior=0.6430/0.6417, KL=0.0030, CycSim post/prior=0.0815/0.0289, CycMeas=0.0503, PriorBnd post/prior=8.12e-06/5.45e-06 | Best 0.0497 | Patience 18/40
 >> Epoch 146 | Train Total=0.6660 | Val post/prior Total=0.7427/0.7222, Recon post/prior=0.6430/0.6423, KL=0.0028, CycSim post/prior=0.0797/0.0302, CycMeas=0.0502, PriorBnd post/prior=9.72e-06/6.28e-06 | Best 0.0497 | Patience 19/40
 >> Epoch 147 | Train Total=0.6658 | Val post/prior Total=0.7524/0.7200, Recon post/prior=0.6427/0.6411, KL=0.0032, CycSim post/prior=0.0880/0.0296, CycMeas=0.0498, PriorBnd post/prior=9.25e-06/5.54e-06 | Best 0.0497 | Patience 20/40
 >> Epoch 148 | Train Total=0.6651 | Val post/prior Total=0.7423/0.7236, Recon post/prior=0.6432/0.6423, KL=0.0029, CycSim post/prior=0.0792/0.0310, CycMeas=0.0507, PriorBnd post/prior=7.88e-06/5.06e-06 | Best 0.0497 | Patience 21/40
 >> Epoch 149 | Train Total=0.6647 | Val post/prior Total=0.7422/0.7244, Recon post/prior=0.6426/0.6425, KL=0.0029, CycSim post/prior=0.0797/0.0316, CycMeas=0.0505, PriorBnd post/prior=6.35e-06/4.95e-06 | Best 0.0497 | Patience 22/40
 >> Epoch 150 | Train Total=0.6648 | Val post/prior Total=0.7426/0.7199, Recon post/prior=0.6430/0.6418, KL=0.0029, CycSim post/prior=0.0796/0.0287, CycMeas=0.0501, PriorBnd post/prior=7.47e-06/5.69e-06 | Best 0.0497 | Patience 23/40
 >> Epoch 151 | Train Total=0.6662 | Val post/prior Total=0.7428/0.7215, Recon post/prior=0.6434/0.6422, KL=0.0029, CycSim post/prior=0.0795/0.0289, CycMeas=0.0514, PriorBnd post/prior=6.94e-06/5.45e-06 | Best 0.0497 | Patience 24/40
 >> Epoch 152 | Train Total=0.6655 | Val post/prior Total=0.7402/0.7243, Recon post/prior=0.6435/0.6426, KL=0.0029, CycSim post/prior=0.0772/0.0318, CycMeas=0.0500, PriorBnd post/prior=7.19e-06/5.68e-06 | Best 0.0497 | Patience 25/40
 >> Epoch 153 | Train Total=0.6646 | Val post/prior Total=0.7460/0.7225, Recon post/prior=0.6428/0.6419, KL=0.0029, CycSim post/prior=0.0826/0.0309, CycMeas=0.0500, PriorBnd post/prior=9.33e-06/6.02e-06 | Best 0.0497 | Patience 26/40
 >> Epoch 154 | Train Total=0.6656 | Val post/prior Total=0.7384/0.7285, Recon post/prior=0.6441/0.6436, KL=0.0029, CycSim post/prior=0.0753/0.0343, CycMeas=0.0502, PriorBnd post/prior=7.33e-06/4.57e-06 | Best 0.0497 | Patience 27/40
 >> Epoch 155 | Train Total=0.6671 | Val post/prior Total=0.7443/0.7216, Recon post/prior=0.6427/0.6423, KL=0.0030, CycSim post/prior=0.0812/0.0299, CycMeas=0.0498, PriorBnd post/prior=9.30e-06/5.65e-06 | Best 0.0497 | Patience 28/40
 >> Epoch 156 | Train Total=0.6652 | Val post/prior Total=0.7376/0.7231, Recon post/prior=0.6433/0.6427, KL=0.0029, CycSim post/prior=0.0752/0.0309, CycMeas=0.0498, PriorBnd post/prior=7.19e-06/4.17e-06 | Best 0.0497 | Patience 29/40
 >> Epoch 157 | Train Total=0.6648 | Val post/prior Total=0.7472/0.7198, Recon post/prior=0.6424/0.6416, KL=0.0030, CycSim post/prior=0.0840/0.0288, CycMeas=0.0501, PriorBnd post/prior=8.94e-06/5.15e-06 | Best 0.0497 | Patience 30/40
 >> Epoch 158 | Train Total=0.6645 | Val post/prior Total=0.7417/0.7209, Recon post/prior=0.6432/0.6419, KL=0.0029, CycSim post/prior=0.0786/0.0291, CycMeas=0.0507, PriorBnd post/prior=9.37e-06/5.47e-06 | Best 0.0497 | Patience 31/40
 >> Epoch 159 | Train Total=0.6644 | Val post/prior Total=0.7390/0.7246, Recon post/prior=0.6437/0.6430, KL=0.0029, CycSim post/prior=0.0761/0.0314, CycMeas=0.0504, PriorBnd post/prior=8.08e-06/5.58e-06 | Best 0.0497 | Patience 32/40
 >> Epoch 160 | Train Total=0.6661 | Val post/prior Total=0.7451/0.7260, Recon post/prior=0.6426/0.6426, KL=0.0028, CycSim post/prior=0.0820/0.0332, CycMeas=0.0500, PriorBnd post/prior=7.89e-06/5.60e-06 | Best 0.0497 | Patience 33/40
 >> Epoch 161 | Train Total=0.6665 | Val post/prior Total=0.7410/0.7247, Recon post/prior=0.6435/0.6425, KL=0.0029, CycSim post/prior=0.0779/0.0322, CycMeas=0.0500, PriorBnd post/prior=6.91e-06/5.56e-06 | Best 0.0497 | Patience 34/40
 >> Epoch 162 | Train Total=0.6656 | Val post/prior Total=0.7482/0.7186, Recon post/prior=0.6422/0.6408, KL=0.0030, CycSim post/prior=0.0849/0.0285, CycMeas=0.0500, PriorBnd post/prior=1.06e-05/7.17e-06 | Best 0.0497 | Patience 35/40
 >> Epoch 163 | Train Total=0.6653 | Val post/prior Total=0.7457/0.7220, Recon post/prior=0.6430/0.6416, KL=0.0029, CycSim post/prior=0.0821/0.0308, CycMeas=0.0498, PriorBnd post/prior=8.70e-06/6.08e-06 | Best 0.0497 | Patience 36/40
 >> Epoch 164 | Train Total=0.6655 | Val post/prior Total=0.7445/0.7242, Recon post/prior=0.6428/0.6422, KL=0.0029, CycSim post/prior=0.0814/0.0321, CycMeas=0.0498, PriorBnd post/prior=7.40e-06/5.48e-06 | Best 0.0497 | Patience 37/40
 >> Epoch 165 | Train Total=0.6644 | Val post/prior Total=0.7511/0.7208, Recon post/prior=0.6423/0.6409, KL=0.0029, CycSim post/prior=0.0872/0.0303, CycMeas=0.0501, PriorBnd post/prior=1.06e-05/7.36e-06 | Best 0.0497 | Patience 38/40
 >> Epoch 166 | Train Total=0.6661 | Val post/prior Total=0.7396/0.7243, Recon post/prior=0.6431/0.6421, KL=0.0029, CycSim post/prior=0.0770/0.0319, CycMeas=0.0504, PriorBnd post/prior=8.07e-06/5.36e-06 | Best 0.0497 | Patience 39/40
 >> Epoch 167 | Train Total=0.6650 | Val post/prior Total=0.7440/0.7239, Recon post/prior=0.6433/0.6421, KL=0.0028, CycSim post/prior=0.0806/0.0319, CycMeas=0.0500, PriorBnd post/prior=8.85e-06/5.54e-06 | Best 0.0497 | Patience 40/40
[EarlyStop] at epoch 167
[Diag] Start to calcaulte diag in test preocess... 
[Diag] wrote 27075 rows to temp_Unidi_cvae_14param_1channel\cvae_20251127-180125\diag_test.csv
[Diag] proxy_floor_ps  P50=0.0097  P90=0.0197  P95=0.0241  P99=0.0360
[Test] prior total=0.726073 | prior recon=0.642580 | kl=0.002905 | prior cyc_sim=0.033358 | cyc_meas=0.049886 | prior_l2=0.355378 | prior_bnd=0.000008 | 
