[log] tee initialized at 2025-11-05 02:35:40 -> temp_Bidi_cvae\cvae_20251105-023540\train.log
[L_trust] using 20000 ref rows from temp_Bidi_cvae\proxy\proxy_Ytr_norm.npy
 >> Epoch 001 | Train Total=90.8156 | Val post/prior Total=50819092.4034/1.0892, Recon post/prior=17.1759/0.7763, KL=507189755.6867, CycSim post/prior=0.1719/0.1296, CycMeas=0.1938, PriorBnd post/prior=5.28e+00/1.18e-03 | Best inf | Patience 1/40
[Update] best val_cyc_meas improved to 0.193815 @ epoch 1
 >> Epoch 002 | Train Total=0.7611 | Val post/prior Total=3891.4788/0.9834, Recon post/prior=1.1758/0.7363, KL=38228.0072, CycSim post/prior=0.1335/0.0922, CycMeas=0.1679, PriorBnd post/prior=1.07e-01/4.08e-04 | Best 0.1938 | Patience 1/40
[Update] best val_cyc_meas improved to 0.167882 @ epoch 2
 >> Epoch 003 | Train Total=0.6417 | Val post/prior Total=750.1665/0.9430, Recon post/prior=0.7722/0.7222, KL=7485.5444, CycSim post/prior=0.1239/0.0861, CycMeas=0.1440, PriorBnd post/prior=1.33e-02/2.94e-04 | Best 0.1679 | Patience 1/40
[Update] best val_cyc_meas improved to 0.144000 @ epoch 3
 >> Epoch 004 | Train Total=0.6037 | Val post/prior Total=178.9150/0.8956, Recon post/prior=0.8930/0.7085, KL=1637.0090, CycSim post/prior=0.1097/0.0677, CycMeas=0.1292, PriorBnd post/prior=6.06e-02/2.74e-04 | Best 0.1440 | Patience 1/40
[Update] best val_cyc_meas improved to 0.129167 @ epoch 4
 >> Epoch 005 | Train Total=0.5813 | Val post/prior Total=4.7295/0.8926, Recon post/prior=0.7177/0.7069, KL=38.6464, CycSim post/prior=0.1062/0.0737, CycMeas=0.1186, PriorBnd post/prior=1.56e-03/1.68e-04 | Best 0.1292 | Patience 1/40
[Update] best val_cyc_meas improved to 0.118561 @ epoch 5
 >> Epoch 006 | Train Total=0.5683 | Val post/prior Total=16.8306/0.8721, Recon post/prior=0.7293/0.6952, KL=156.2022, CycSim post/prior=0.0996/0.0617, CycMeas=0.1251, PriorBnd post/prior=8.65e-03/1.79e-04 | Best 0.1186 | Patience 1/40
 >> Epoch 007 | Train Total=0.5575 | Val post/prior Total=1.2175/0.8741, Recon post/prior=0.7001/0.6916, KL=3.9203, CycSim post/prior=0.0972/0.0640, CycMeas=0.1289, PriorBnd post/prior=1.47e-03/1.29e-04 | Best 0.1186 | Patience 2/40
 >> Epoch 008 | Train Total=0.5503 | Val post/prior Total=2.6195/0.8471, Recon post/prior=0.7024/0.6878, KL=17.6540, CycSim post/prior=0.0885/0.0584, CycMeas=0.1082, PriorBnd post/prior=2.07e-03/1.21e-04 | Best 0.1186 | Patience 3/40
[Update] best val_cyc_meas improved to 0.108164 @ epoch 8
 >> Epoch 009 | Train Total=0.5449 | Val post/prior Total=1.8174/0.8460, Recon post/prior=0.7068/0.6847, KL=8.5677, CycSim post/prior=0.0880/0.0557, CycMeas=0.1145, PriorBnd post/prior=5.05e-03/1.21e-04 | Best 0.1082 | Patience 1/40
 >> Epoch 010 | Train Total=0.5401 | Val post/prior Total=1.3414/0.8263, Recon post/prior=0.6977/0.6797, KL=4.8026, CycSim post/prior=0.0864/0.0525, CycMeas=0.1008, PriorBnd post/prior=3.96e-03/1.10e-04 | Best 0.1082 | Patience 2/40
[Update] best val_cyc_meas improved to 0.100800 @ epoch 10
 >> Epoch 011 | Train Total=0.5379 | Val post/prior Total=1.1215/0.8235, Recon post/prior=0.6871/0.6766, KL=3.1568, CycSim post/prior=0.0857/0.0528, CycMeas=0.1007, PriorBnd post/prior=1.62e-03/1.15e-04 | Best 0.1008 | Patience 1/40
[Update] best val_cyc_meas improved to 0.100744 @ epoch 11
 >> Epoch 012 | Train Total=0.5345 | Val post/prior Total=0.8629/0.8279, Recon post/prior=0.6850/0.6765, KL=0.6880, CycSim post/prior=0.0821/0.0516, CycMeas=0.1083, PriorBnd post/prior=1.67e-03/1.00e-04 | Best 0.1007 | Patience 1/40
 >> Epoch 013 | Train Total=0.5326 | Val post/prior Total=0.8592/0.8299, Recon post/prior=0.6829/0.6743, KL=0.6990, CycSim post/prior=0.0807/0.0525, CycMeas=0.1120, PriorBnd post/prior=1.28e-03/8.67e-05 | Best 0.1007 | Patience 2/40
 >> Epoch 014 | Train Total=0.5292 | Val post/prior Total=0.8404/0.8237, Recon post/prior=0.6775/0.6690, KL=0.4681, CycSim post/prior=0.0875/0.0565, CycMeas=0.1050, PriorBnd post/prior=1.44e-03/8.53e-05 | Best 0.1007 | Patience 3/40
 >> Epoch 015 | Train Total=0.5262 | Val post/prior Total=0.8291/0.8460, Recon post/prior=0.6774/0.6696, KL=0.3396, CycSim post/prior=0.0870/0.0601, CycMeas=0.1268, PriorBnd post/prior=1.32e-03/9.42e-05 | Best 0.1007 | Patience 4/40
 >> Epoch 016 | Train Total=0.5226 | Val post/prior Total=0.7987/0.8084, Recon post/prior=0.6685/0.6616, KL=0.2930, CycSim post/prior=0.0790/0.0480, CycMeas=0.1077, PriorBnd post/prior=8.14e-04/8.18e-05 | Best 0.1007 | Patience 5/40
 >> Epoch 017 | Train Total=0.5209 | Val post/prior Total=0.7780/0.8019, Recon post/prior=0.6651/0.6600, KL=0.1637, CycSim post/prior=0.0776/0.0476, CycMeas=0.1020, PriorBnd post/prior=3.24e-04/7.98e-05 | Best 0.1007 | Patience 6/40
 >> Epoch 018 | Train Total=0.5211 | Val post/prior Total=0.7815/0.7996, Recon post/prior=0.6656/0.6587, KL=0.2005, CycSim post/prior=0.0752/0.0465, CycMeas=0.1022, PriorBnd post/prior=1.00e-03/7.29e-05 | Best 0.1007 | Patience 7/40
 >> Epoch 019 | Train Total=0.5177 | Val post/prior Total=0.7787/0.8071, Recon post/prior=0.6640/0.6590, KL=0.1641, CycSim post/prior=0.0790/0.0531, CycMeas=0.1016, PriorBnd post/prior=5.44e-04/7.67e-05 | Best 0.1007 | Patience 8/40
 >> Epoch 020 | Train Total=0.5173 | Val post/prior Total=0.7721/0.7922, Recon post/prior=0.6613/0.6527, KL=0.0869, CycSim post/prior=0.0762/0.0476, CycMeas=0.0990, PriorBnd post/prior=1.25e-03/1.00e-04 | Best 0.1007 | Patience 9/40
[Update] best val_cyc_meas improved to 0.098976 @ epoch 20
 >> Epoch 021 | Train Total=0.5158 | Val post/prior Total=0.7621/0.7948, Recon post/prior=0.6570/0.6517, KL=0.1129, CycSim post/prior=0.0744/0.0472, CycMeas=0.1041, PriorBnd post/prior=6.52e-04/7.36e-05 | Best 0.0990 | Patience 1/40
 >> Epoch 022 | Train Total=0.5137 | Val post/prior Total=0.7561/0.7989, Recon post/prior=0.6560/0.6517, KL=0.0483, CycSim post/prior=0.0764/0.0537, CycMeas=0.0994, PriorBnd post/prior=4.20e-04/9.08e-05 | Best 0.0990 | Patience 2/40
 >> Epoch 023 | Train Total=0.5123 | Val post/prior Total=0.7558/0.8045, Recon post/prior=0.6532/0.6490, KL=0.0571, CycSim post/prior=0.0779/0.0520, CycMeas=0.1123, PriorBnd post/prior=3.27e-04/6.69e-05 | Best 0.0990 | Patience 3/40
 >> Epoch 024 | Train Total=0.5101 | Val post/prior Total=0.7527/0.8003, Recon post/prior=0.6523/0.6486, KL=0.0366, CycSim post/prior=0.0780/0.0535, CycMeas=0.1055, PriorBnd post/prior=2.52e-04/6.41e-05 | Best 0.0990 | Patience 4/40
 >> Epoch 025 | Train Total=0.5095 | Val post/prior Total=0.7477/0.7887, Recon post/prior=0.6492/0.6442, KL=0.0583, CycSim post/prior=0.0742/0.0484, CycMeas=0.1039, PriorBnd post/prior=4.88e-04/6.83e-05 | Best 0.0990 | Patience 5/40
 >> Epoch 026 | Train Total=0.5089 | Val post/prior Total=0.7416/0.7802, Recon post/prior=0.6460/0.6409, KL=0.0635, CycSim post/prior=0.0709/0.0457, CycMeas=0.1014, PriorBnd post/prior=6.57e-04/7.64e-05 | Best 0.0990 | Patience 6/40
 >> Epoch 027 | Train Total=0.5088 | Val post/prior Total=0.7456/0.7968, Recon post/prior=0.6500/0.6471, KL=0.0356, CycSim post/prior=0.0741/0.0533, CycMeas=0.1032, PriorBnd post/prior=1.66e-04/5.80e-05 | Best 0.0990 | Patience 7/40
 >> Epoch 028 | Train Total=0.5077 | Val post/prior Total=0.7327/0.7677, Recon post/prior=0.6406/0.6346, KL=0.0487, CycSim post/prior=0.0688/0.0414, CycMeas=0.0998, PriorBnd post/prior=7.38e-04/9.18e-05 | Best 0.0990 | Patience 8/40
 >> Epoch 029 | Train Total=0.5074 | Val post/prior Total=0.7277/0.7681, Recon post/prior=0.6376/0.6333, KL=0.0395, CycSim post/prior=0.0689/0.0438, CycMeas=0.0984, PriorBnd post/prior=2.51e-04/7.48e-05 | Best 0.0990 | Patience 9/40
[Update] best val_cyc_meas improved to 0.098427 @ epoch 29
 >> Epoch 030 | Train Total=0.5052 | Val post/prior Total=0.7262/0.7677, Recon post/prior=0.6360/0.6312, KL=0.0437, CycSim post/prior=0.0684/0.0423, CycMeas=0.1027, PriorBnd post/prior=2.92e-04/8.79e-05 | Best 0.0984 | Patience 1/40
 >> Epoch 031 | Train Total=0.5051 | Val post/prior Total=0.7230/0.7631, Recon post/prior=0.6354/0.6301, KL=0.0371, CycSim post/prior=0.0666/0.0417, CycMeas=0.0993, PriorBnd post/prior=4.29e-04/7.45e-05 | Best 0.0984 | Patience 2/40
 >> Epoch 032 | Train Total=0.5031 | Val post/prior Total=0.7239/0.7711, Recon post/prior=0.6353/0.6315, KL=0.0353, CycSim post/prior=0.0680/0.0461, CycMeas=0.1011, PriorBnd post/prior=1.95e-04/7.49e-05 | Best 0.0984 | Patience 3/40
 >> Epoch 033 | Train Total=0.5028 | Val post/prior Total=0.7415/0.8002, Recon post/prior=0.6443/0.6421, KL=0.0518, CycSim post/prior=0.0740/0.0571, CycMeas=0.1079, PriorBnd post/prior=1.44e-04/8.19e-05 | Best 0.0984 | Patience 4/40
 >> Epoch 034 | Train Total=0.5028 | Val post/prior Total=0.7169/0.7571, Recon post/prior=0.6305/0.6255, KL=0.0342, CycSim post/prior=0.0660/0.0404, CycMeas=0.0993, PriorBnd post/prior=3.20e-04/8.37e-05 | Best 0.0984 | Patience 5/40
 >> Epoch 035 | Train Total=0.5036 | Val post/prior Total=0.7167/0.7589, Recon post/prior=0.6297/0.6246, KL=0.0323, CycSim post/prior=0.0666/0.0427, CycMeas=0.0993, PriorBnd post/prior=4.38e-04/8.11e-05 | Best 0.0984 | Patience 6/40
 >> Epoch 036 | Train Total=0.5030 | Val post/prior Total=0.7144/0.7595, Recon post/prior=0.6298/0.6253, KL=0.0321, CycSim post/prior=0.0646/0.0420, CycMeas=0.1001, PriorBnd post/prior=5.11e-04/8.36e-05 | Best 0.0984 | Patience 7/40
 >> Epoch 037 | Train Total=0.5034 | Val post/prior Total=0.7145/0.7591, Recon post/prior=0.6280/0.6233, KL=0.0320, CycSim post/prior=0.0662/0.0433, CycMeas=0.1002, PriorBnd post/prior=3.29e-04/8.51e-05 | Best 0.0984 | Patience 8/40
 >> Epoch 038 | Train Total=0.5030 | Val post/prior Total=0.7094/0.7541, Recon post/prior=0.6262/0.6219, KL=0.0294, CycSim post/prior=0.0639/0.0411, CycMeas=0.0990, PriorBnd post/prior=1.53e-04/8.29e-05 | Best 0.0984 | Patience 9/40
 >> Epoch 039 | Train Total=0.5021 | Val post/prior Total=0.7099/0.7572, Recon post/prior=0.6249/0.6200, KL=0.0322, CycSim post/prior=0.0650/0.0430, CycMeas=0.1023, PriorBnd post/prior=3.47e-04/8.61e-05 | Best 0.0984 | Patience 10/40
 >> Epoch 040 | Train Total=0.5017 | Val post/prior Total=0.7110/0.7594, Recon post/prior=0.6267/0.6229, KL=0.0272, CycSim post/prior=0.0652/0.0441, CycMeas=0.0999, PriorBnd post/prior=1.63e-04/7.23e-05 | Best 0.0984 | Patience 11/40
 >> Epoch 041 | Train Total=0.5023 | Val post/prior Total=0.7123/0.7559, Recon post/prior=0.6236/0.6194, KL=0.0294, CycSim post/prior=0.0684/0.0434, CycMeas=0.1009, PriorBnd post/prior=2.80e-04/8.08e-05 | Best 0.0984 | Patience 12/40
 >> Epoch 042 | Train Total=0.5022 | Val post/prior Total=0.7073/0.7575, Recon post/prior=0.6239/0.6196, KL=0.0282, CycSim post/prior=0.0642/0.0440, CycMeas=0.1018, PriorBnd post/prior=2.81e-04/8.18e-05 | Best 0.0984 | Patience 13/40
 >> Epoch 043 | Train Total=0.5022 | Val post/prior Total=0.7024/0.7532, Recon post/prior=0.6225/0.6188, KL=0.0260, CycSim post/prior=0.0614/0.0396, CycMeas=0.1040, PriorBnd post/prior=2.39e-04/7.15e-05 | Best 0.0984 | Patience 14/40
 >> Epoch 044 | Train Total=0.5032 | Val post/prior Total=0.7101/0.7613, Recon post/prior=0.6259/0.6222, KL=0.0238, CycSim post/prior=0.0654/0.0474, CycMeas=0.0985, PriorBnd post/prior=1.28e-04/7.07e-05 | Best 0.0984 | Patience 15/40
 >> Epoch 045 | Train Total=0.5023 | Val post/prior Total=0.7015/0.7471, Recon post/prior=0.6206/0.6165, KL=0.0281, CycSim post/prior=0.0621/0.0393, CycMeas=0.0996, PriorBnd post/prior=1.89e-04/8.18e-05 | Best 0.0984 | Patience 16/40
 >> Epoch 046 | Train Total=0.5031 | Val post/prior Total=0.6970/0.7506, Recon post/prior=0.6197/0.6159, KL=0.0265, CycSim post/prior=0.0591/0.0399, CycMeas=0.1039, PriorBnd post/prior=2.66e-04/7.69e-05 | Best 0.0984 | Patience 17/40
 >> Epoch 047 | Train Total=0.5016 | Val post/prior Total=0.6973/0.7459, Recon post/prior=0.6194/0.6152, KL=0.0263, CycSim post/prior=0.0596/0.0401, CycMeas=0.0986, PriorBnd post/prior=2.75e-04/7.71e-05 | Best 0.0984 | Patience 18/40
 >> Epoch 048 | Train Total=0.5034 | Val post/prior Total=0.7016/0.7474, Recon post/prior=0.6192/0.6149, KL=0.0258, CycSim post/prior=0.0636/0.0411, CycMeas=0.0994, PriorBnd post/prior=1.03e-04/7.13e-05 | Best 0.0984 | Patience 19/40
 >> Epoch 049 | Train Total=0.5023 | Val post/prior Total=0.7009/0.7448, Recon post/prior=0.6177/0.6133, KL=0.0248, CycSim post/prior=0.0642/0.0405, CycMeas=0.0990, PriorBnd post/prior=2.30e-04/8.63e-05 | Best 0.0984 | Patience 20/40
 >> Epoch 050 | Train Total=0.5034 | Val post/prior Total=0.7114/0.7651, Recon post/prior=0.6244/0.6212, KL=0.0225, CycSim post/prior=0.0676/0.0494, CycMeas=0.1014, PriorBnd post/prior=3.52e-04/7.02e-05 | Best 0.0984 | Patience 21/40
 >> Epoch 051 | Train Total=0.5052 | Val post/prior Total=0.7005/0.7466, Recon post/prior=0.6172/0.6131, KL=0.0256, CycSim post/prior=0.0642/0.0413, CycMeas=0.1003, PriorBnd post/prior=2.34e-04/8.09e-05 | Best 0.0984 | Patience 22/40
 >> Epoch 052 | Train Total=0.5045 | Val post/prior Total=0.6952/0.7405, Recon post/prior=0.6153/0.6103, KL=0.0264, CycSim post/prior=0.0613/0.0385, CycMeas=0.1003, PriorBnd post/prior=1.91e-04/8.36e-05 | Best 0.0984 | Patience 23/40
 >> Epoch 053 | Train Total=0.5044 | Val post/prior Total=0.6929/0.7379, Recon post/prior=0.6142/0.6100, KL=0.0252, CycSim post/prior=0.0603/0.0380, CycMeas=0.0981, PriorBnd post/prior=1.77e-04/8.30e-05 | Best 0.0984 | Patience 24/40
[Update] best val_cyc_meas improved to 0.098119 @ epoch 53
 >> Epoch 054 | Train Total=0.5051 | Val post/prior Total=0.6924/0.7396, Recon post/prior=0.6134/0.6090, KL=0.0244, CycSim post/prior=0.0606/0.0371, CycMeas=0.1027, PriorBnd post/prior=1.45e-04/8.27e-05 | Best 0.0981 | Patience 1/40
 >> Epoch 055 | Train Total=0.5044 | Val post/prior Total=0.6946/0.7422, Recon post/prior=0.6152/0.6111, KL=0.0221, CycSim post/prior=0.0613/0.0405, CycMeas=0.0985, PriorBnd post/prior=1.67e-04/7.68e-05 | Best 0.0981 | Patience 2/40
 >> Epoch 056 | Train Total=0.5058 | Val post/prior Total=0.6941/0.7442, Recon post/prior=0.6159/0.6125, KL=0.0238, CycSim post/prior=0.0602/0.0403, CycMeas=0.0994, PriorBnd post/prior=1.19e-04/7.30e-05 | Best 0.0981 | Patience 3/40
 >> Epoch 057 | Train Total=0.5070 | Val post/prior Total=0.6976/0.7476, Recon post/prior=0.6156/0.6119, KL=0.0240, CycSim post/prior=0.0632/0.0424, CycMeas=0.1013, PriorBnd post/prior=2.14e-04/7.70e-05 | Best 0.0981 | Patience 4/40
 >> Epoch 058 | Train Total=0.5071 | Val post/prior Total=0.6907/0.7378, Recon post/prior=0.6134/0.6089, KL=0.0220, CycSim post/prior=0.0593/0.0386, CycMeas=0.0984, PriorBnd post/prior=2.97e-04/8.66e-05 | Best 0.0981 | Patience 5/40
 >> Epoch 059 | Train Total=0.5070 | Val post/prior Total=0.6942/0.7416, Recon post/prior=0.6144/0.6103, KL=0.0212, CycSim post/prior=0.0617/0.0403, CycMeas=0.0990, PriorBnd post/prior=2.00e-04/7.92e-05 | Best 0.0981 | Patience 6/40
 >> Epoch 060 | Train Total=0.5085 | Val post/prior Total=0.6894/0.7390, Recon post/prior=0.6144/0.6104, KL=0.0229, CycSim post/prior=0.0574/0.0377, CycMeas=0.0996, PriorBnd post/prior=2.65e-04/7.41e-05 | Best 0.0981 | Patience 7/40
 >> Epoch 061 | Train Total=0.5097 | Val post/prior Total=0.6896/0.7405, Recon post/prior=0.6141/0.6109, KL=0.0217, CycSim post/prior=0.0581/0.0391, CycMeas=0.0985, PriorBnd post/prior=1.40e-04/7.57e-05 | Best 0.0981 | Patience 8/40
 >> Epoch 062 | Train Total=0.5081 | Val post/prior Total=0.6957/0.7442, Recon post/prior=0.6154/0.6115, KL=0.0232, CycSim post/prior=0.0619/0.0420, CycMeas=0.0982, PriorBnd post/prior=2.66e-04/7.53e-05 | Best 0.0981 | Patience 9/40
 >> Epoch 063 | Train Total=0.5085 | Val post/prior Total=0.6896/0.7394, Recon post/prior=0.6132/0.6095, KL=0.0227, CycSim post/prior=0.0587/0.0386, CycMeas=0.0997, PriorBnd post/prior=2.16e-04/7.58e-05 | Best 0.0981 | Patience 10/40
 >> Epoch 064 | Train Total=0.5089 | Val post/prior Total=0.6872/0.7351, Recon post/prior=0.6112/0.6073, KL=0.0222, CycSim post/prior=0.0583/0.0373, CycMeas=0.0990, PriorBnd post/prior=1.71e-04/8.21e-05 | Best 0.0981 | Patience 11/40
 >> Epoch 065 | Train Total=0.5115 | Val post/prior Total=0.6899/0.7392, Recon post/prior=0.6131/0.6090, KL=0.0239, CycSim post/prior=0.0590/0.0388, CycMeas=0.0999, PriorBnd post/prior=1.72e-04/8.00e-05 | Best 0.0981 | Patience 12/40
 >> Epoch 066 | Train Total=0.5092 | Val post/prior Total=0.6893/0.7380, Recon post/prior=0.6127/0.6086, KL=0.0218, CycSim post/prior=0.0589/0.0387, CycMeas=0.0988, PriorBnd post/prior=1.45e-04/7.88e-05 | Best 0.0981 | Patience 13/40
 >> Epoch 067 | Train Total=0.5109 | Val post/prior Total=0.6986/0.7490, Recon post/prior=0.6157/0.6122, KL=0.0227, CycSim post/prior=0.0643/0.0455, CycMeas=0.0982, PriorBnd post/prior=8.38e-05/7.79e-05 | Best 0.0981 | Patience 14/40
 >> Epoch 068 | Train Total=0.5137 | Val post/prior Total=0.6927/0.7456, Recon post/prior=0.6144/0.6113, KL=0.0207, CycSim post/prior=0.0605/0.0433, CycMeas=0.0984, PriorBnd post/prior=1.22e-04/7.49e-05 | Best 0.0981 | Patience 15/40
 >> Epoch 069 | Train Total=0.5132 | Val post/prior Total=0.6891/0.7344, Recon post/prior=0.6110/0.6065, KL=0.0223, CycSim post/prior=0.0601/0.0377, CycMeas=0.0986, PriorBnd post/prior=2.31e-04/8.27e-05 | Best 0.0981 | Patience 16/40
 >> Epoch 070 | Train Total=0.5146 | Val post/prior Total=0.6878/0.7383, Recon post/prior=0.6116/0.6081, KL=0.0219, CycSim post/prior=0.0586/0.0387, CycMeas=0.0999, PriorBnd post/prior=1.07e-04/8.30e-05 | Best 0.0981 | Patience 17/40
 >> Epoch 071 | Train Total=0.5137 | Val post/prior Total=0.6900/0.7341, Recon post/prior=0.6108/0.6058, KL=0.0221, CycSim post/prior=0.0608/0.0377, CycMeas=0.0991, PriorBnd post/prior=3.75e-04/8.73e-05 | Best 0.0981 | Patience 18/40
 >> Epoch 072 | Train Total=0.5153 | Val post/prior Total=0.6871/0.7329, Recon post/prior=0.6095/0.6046, KL=0.0225, CycSim post/prior=0.0596/0.0374, CycMeas=0.0994, PriorBnd post/prior=2.32e-04/8.92e-05 | Best 0.0981 | Patience 19/40
 >> Epoch 073 | Train Total=0.5158 | Val post/prior Total=0.6881/0.7357, Recon post/prior=0.6112/0.6071, KL=0.0207, CycSim post/prior=0.0593/0.0388, CycMeas=0.0979, PriorBnd post/prior=1.45e-04/8.05e-05 | Best 0.0981 | Patience 20/40
[Update] best val_cyc_meas improved to 0.097880 @ epoch 73
 >> Epoch 074 | Train Total=0.5175 | Val post/prior Total=0.6868/0.7345, Recon post/prior=0.6111/0.6071, KL=0.0203, CycSim post/prior=0.0583/0.0375, CycMeas=0.0982, PriorBnd post/prior=1.71e-04/8.61e-05 | Best 0.0979 | Patience 1/40
 >> Epoch 075 | Train Total=0.5172 | Val post/prior Total=0.6874/0.7348, Recon post/prior=0.6117/0.6074, KL=0.0225, CycSim post/prior=0.0581/0.0376, CycMeas=0.0981, PriorBnd post/prior=2.10e-04/8.12e-05 | Best 0.0979 | Patience 2/40
 >> Epoch 076 | Train Total=0.5184 | Val post/prior Total=0.6860/0.7317, Recon post/prior=0.6092/0.6047, KL=0.0237, CycSim post/prior=0.0588/0.0363, CycMeas=0.0994, PriorBnd post/prior=2.94e-04/8.91e-05 | Best 0.0979 | Patience 3/40
 >> Epoch 077 | Train Total=0.5190 | Val post/prior Total=0.7480/0.8061, Recon post/prior=0.6341/0.6317, KL=0.0384, CycSim post/prior=0.0892/0.0746, CycMeas=0.1022, PriorBnd post/prior=1.34e-04/6.51e-05 | Best 0.0979 | Patience 4/40
 >> Epoch 078 | Train Total=0.5189 | Val post/prior Total=0.7137/0.7695, Recon post/prior=0.6220/0.6196, KL=0.0268, CycSim post/prior=0.0713/0.0561, CycMeas=0.0990, PriorBnd post/prior=1.45e-04/6.66e-05 | Best 0.0979 | Patience 5/40
 >> Epoch 079 | Train Total=0.5210 | Val post/prior Total=0.6896/0.7409, Recon post/prior=0.6115/0.6082, KL=0.0203, CycSim post/prior=0.0603/0.0418, CycMeas=0.0986, PriorBnd post/prior=1.31e-04/7.54e-05 | Best 0.0979 | Patience 6/40
 >> Epoch 080 | Train Total=0.5223 | Val post/prior Total=0.6865/0.7340, Recon post/prior=0.6094/0.6056, KL=0.0215, CycSim post/prior=0.0594/0.0376, CycMeas=0.0993, PriorBnd post/prior=1.59e-04/8.58e-05 | Best 0.0979 | Patience 7/40
 >> Epoch 081 | Train Total=0.5232 | Val post/prior Total=0.6879/0.7323, Recon post/prior=0.6092/0.6038, KL=0.0237, CycSim post/prior=0.0601/0.0368, CycMeas=0.1004, PriorBnd post/prior=4.94e-04/9.04e-05 | Best 0.0979 | Patience 8/40
 >> Epoch 082 | Train Total=0.5222 | Val post/prior Total=0.7635/0.8296, Recon post/prior=0.6439/0.6428, KL=0.0447, CycSim post/prior=0.0936/0.0811, CycMeas=0.1082, PriorBnd post/prior=6.65e-05/6.25e-05 | Best 0.0979 | Patience 9/40
 >> Epoch 083 | Train Total=0.5241 | Val post/prior Total=0.6978/0.7518, Recon post/prior=0.6153/0.6121, KL=0.0198, CycSim post/prior=0.0642/0.0476, CycMeas=0.0987, PriorBnd post/prior=1.42e-04/7.58e-05 | Best 0.0979 | Patience 10/40
 >> Epoch 084 | Train Total=0.5240 | Val post/prior Total=0.6841/0.7348, Recon post/prior=0.6102/0.6063, KL=0.0211, CycSim post/prior=0.0567/0.0386, CycMeas=0.0979, PriorBnd post/prior=1.81e-04/8.22e-05 | Best 0.0979 | Patience 11/40
 >> Epoch 085 | Train Total=0.5265 | Val post/prior Total=0.6857/0.7356, Recon post/prior=0.6090/0.6050, KL=0.0223, CycSim post/prior=0.0589/0.0383, CycMeas=0.1011, PriorBnd post/prior=1.77e-04/8.39e-05 | Best 0.0979 | Patience 12/40
 >> Epoch 086 | Train Total=0.5256 | Val post/prior Total=0.6864/0.7314, Recon post/prior=0.6097/0.6050, KL=0.0213, CycSim post/prior=0.0588/0.0369, CycMeas=0.0979, PriorBnd post/prior=3.57e-04/8.39e-05 | Best 0.0979 | Patience 13/40
 >> Epoch 087 | Train Total=0.5266 | Val post/prior Total=0.6872/0.7329, Recon post/prior=0.6086/0.6041, KL=0.0216, CycSim post/prior=0.0606/0.0388, CycMeas=0.0980, PriorBnd post/prior=1.42e-04/8.52e-05 | Best 0.0979 | Patience 14/40
 >> Epoch 088 | Train Total=0.5281 | Val post/prior Total=0.6911/0.7327, Recon post/prior=0.6081/0.6032, KL=0.0232, CycSim post/prior=0.0639/0.0376, CycMeas=0.1005, PriorBnd post/prior=2.60e-04/9.75e-05 | Best 0.0979 | Patience 15/40
 >> Epoch 089 | Train Total=0.5286 | Val post/prior Total=0.6917/0.7415, Recon post/prior=0.6122/0.6084, KL=0.0216, CycSim post/prior=0.0614/0.0416, CycMeas=0.0994, PriorBnd post/prior=2.18e-04/8.83e-05 | Best 0.0979 | Patience 16/40
 >> Epoch 090 | Train Total=0.5300 | Val post/prior Total=0.6859/0.7340, Recon post/prior=0.6095/0.6055, KL=0.0216, CycSim post/prior=0.0587/0.0384, CycMeas=0.0982, PriorBnd post/prior=1.33e-04/8.08e-05 | Best 0.0979 | Patience 17/40
 >> Epoch 091 | Train Total=0.5292 | Val post/prior Total=0.7159/0.7742, Recon post/prior=0.6214/0.6191, KL=0.0207, CycSim post/prior=0.0743/0.0603, CycMeas=0.0992, PriorBnd post/prior=1.38e-04/6.28e-05 | Best 0.0979 | Patience 18/40
 >> Epoch 092 | Train Total=0.5303 | Val post/prior Total=0.6927/0.7427, Recon post/prior=0.6104/0.6072, KL=0.0242, CycSim post/prior=0.0634/0.0418, CycMeas=0.1019, PriorBnd post/prior=1.62e-04/8.61e-05 | Best 0.0979 | Patience 19/40
 >> Epoch 093 | Train Total=0.5313 | Val post/prior Total=0.6859/0.7321, Recon post/prior=0.6099/0.6055, KL=0.0223, CycSim post/prior=0.0584/0.0368, CycMeas=0.0982, PriorBnd post/prior=1.65e-04/8.48e-05 | Best 0.0979 | Patience 20/40
 >> Epoch 094 | Train Total=0.5339 | Val post/prior Total=0.6855/0.7332, Recon post/prior=0.6091/0.6049, KL=0.0214, CycSim post/prior=0.0587/0.0379, CycMeas=0.0987, PriorBnd post/prior=2.32e-04/8.47e-05 | Best 0.0979 | Patience 21/40
 >> Epoch 095 | Train Total=0.5329 | Val post/prior Total=0.7036/0.7578, Recon post/prior=0.6188/0.6156, KL=0.0220, CycSim post/prior=0.0661/0.0503, CycMeas=0.0980, PriorBnd post/prior=8.47e-05/6.63e-05 | Best 0.0979 | Patience 22/40
 >> Epoch 096 | Train Total=0.5339 | Val post/prior Total=0.6878/0.7306, Recon post/prior=0.6086/0.6036, KL=0.0241, CycSim post/prior=0.0607/0.0374, CycMeas=0.0979, PriorBnd post/prior=2.52e-04/8.72e-05 | Best 0.0979 | Patience 23/40
 >> Epoch 097 | Train Total=0.5345 | Val post/prior Total=0.6963/0.7472, Recon post/prior=0.6126/0.6091, KL=0.0224, CycSim post/prior=0.0649/0.0458, CycMeas=0.0993, PriorBnd post/prior=1.43e-04/7.78e-05 | Best 0.0979 | Patience 24/40
 >> Epoch 098 | Train Total=0.5353 | Val post/prior Total=0.6843/0.7305, Recon post/prior=0.6083/0.6044, KL=0.0229, CycSim post/prior=0.0582/0.0364, CycMeas=0.0981, PriorBnd post/prior=1.77e-04/9.01e-05 | Best 0.0979 | Patience 25/40
 >> Epoch 099 | Train Total=0.5373 | Val post/prior Total=0.6852/0.7359, Recon post/prior=0.6088/0.6043, KL=0.0225, CycSim post/prior=0.0586/0.0379, CycMeas=0.1028, PriorBnd post/prior=1.91e-04/8.87e-05 | Best 0.0979 | Patience 26/40
 >> Epoch 100 | Train Total=0.5363 | Val post/prior Total=0.6844/0.7294, Recon post/prior=0.6082/0.6035, KL=0.0226, CycSim post/prior=0.0583/0.0362, CycMeas=0.0981, PriorBnd post/prior=3.31e-04/8.95e-05 | Best 0.0979 | Patience 27/40
 >> Epoch 101 | Train Total=0.5380 | Val post/prior Total=0.6840/0.7293, Recon post/prior=0.6083/0.6035, KL=0.0234, CycSim post/prior=0.0578/0.0364, CycMeas=0.0976, PriorBnd post/prior=2.89e-04/9.20e-05 | Best 0.0979 | Patience 28/40
[Update] best val_cyc_meas improved to 0.097618 @ epoch 101
 >> Epoch 102 | Train Total=0.5372 | Val post/prior Total=0.6843/0.7331, Recon post/prior=0.6097/0.6061, KL=0.0217, CycSim post/prior=0.0572/0.0367, CycMeas=0.0988, PriorBnd post/prior=1.38e-04/8.38e-05 | Best 0.0976 | Patience 1/40
 >> Epoch 103 | Train Total=0.5405 | Val post/prior Total=0.6844/0.7352, Recon post/prior=0.6103/0.6068, KL=0.0217, CycSim post/prior=0.0569/0.0388, CycMeas=0.0976, PriorBnd post/prior=1.80e-04/8.45e-05 | Best 0.0976 | Patience 2/40
[Update] best val_cyc_meas improved to 0.097564 @ epoch 103
 >> Epoch 104 | Train Total=0.5383 | Val post/prior Total=0.6868/0.7381, Recon post/prior=0.6111/0.6073, KL=0.0211, CycSim post/prior=0.0580/0.0396, CycMeas=0.0994, PriorBnd post/prior=3.39e-04/8.59e-05 | Best 0.0976 | Patience 1/40
 >> Epoch 105 | Train Total=0.5431 | Val post/prior Total=0.6889/0.7373, Recon post/prior=0.6112/0.6076, KL=0.0227, CycSim post/prior=0.0598/0.0394, CycMeas=0.0983, PriorBnd post/prior=1.56e-04/8.35e-05 | Best 0.0976 | Patience 2/40
 >> Epoch 106 | Train Total=0.5432 | Val post/prior Total=0.7491/0.8147, Recon post/prior=0.6393/0.6381, KL=0.0414, CycSim post/prior=0.0856/0.0729, CycMeas=0.1075, PriorBnd post/prior=8.03e-05/6.19e-05 | Best 0.0976 | Patience 3/40
 >> Epoch 107 | Train Total=0.5437 | Val post/prior Total=0.6836/0.7298, Recon post/prior=0.6089/0.6042, KL=0.0229, CycSim post/prior=0.0572/0.0360, CycMeas=0.0981, PriorBnd post/prior=1.86e-04/8.82e-05 | Best 0.0976 | Patience 4/40
 >> Epoch 108 | Train Total=0.5431 | Val post/prior Total=0.6976/0.7522, Recon post/prior=0.6167/0.6137, KL=0.0234, CycSim post/prior=0.0624/0.0470, CycMeas=0.0980, PriorBnd post/prior=2.69e-04/7.49e-05 | Best 0.0976 | Patience 5/40
 >> Epoch 109 | Train Total=0.5449 | Val post/prior Total=0.6864/0.7294, Recon post/prior=0.6092/0.6038, KL=0.0249, CycSim post/prior=0.0590/0.0361, CycMeas=0.0980, PriorBnd post/prior=2.85e-04/8.84e-05 | Best 0.0976 | Patience 6/40
 >> Epoch 110 | Train Total=0.5465 | Val post/prior Total=0.6910/0.7347, Recon post/prior=0.6095/0.6048, KL=0.0213, CycSim post/prior=0.0631/0.0401, CycMeas=0.0976, PriorBnd post/prior=1.39e-04/8.15e-05 | Best 0.0976 | Patience 7/40
 >> Epoch 111 | Train Total=0.5439 | Val post/prior Total=0.6856/0.7323, Recon post/prior=0.6090/0.6044, KL=0.0215, CycSim post/prior=0.0587/0.0374, CycMeas=0.0989, PriorBnd post/prior=4.09e-04/8.53e-05 | Best 0.0976 | Patience 8/40
 >> Epoch 112 | Train Total=0.5448 | Val post/prior Total=0.7272/0.7845, Recon post/prior=0.6285/0.6266, KL=0.0363, CycSim post/prior=0.0766/0.0613, CycMeas=0.1013, PriorBnd post/prior=9.09e-05/6.78e-05 | Best 0.0976 | Patience 9/40
 >> Epoch 113 | Train Total=0.5467 | Val post/prior Total=0.6907/0.7380, Recon post/prior=0.6120/0.6080, KL=0.0242, CycSim post/prior=0.0605/0.0402, CycMeas=0.0975, PriorBnd post/prior=2.00e-04/8.18e-05 | Best 0.0976 | Patience 10/40
[Update] best val_cyc_meas improved to 0.097524 @ epoch 113
 >> Epoch 114 | Train Total=0.5464 | Val post/prior Total=0.6852/0.7327, Recon post/prior=0.6088/0.6050, KL=0.0226, CycSim post/prior=0.0587/0.0377, CycMeas=0.0982, PriorBnd post/prior=1.25e-04/8.68e-05 | Best 0.0975 | Patience 1/40
 >> Epoch 115 | Train Total=0.5479 | Val post/prior Total=0.6831/0.7300, Recon post/prior=0.6084/0.6039, KL=0.0237, CycSim post/prior=0.0570/0.0363, CycMeas=0.0982, PriorBnd post/prior=1.97e-04/8.56e-05 | Best 0.0975 | Patience 2/40
 >> Epoch 116 | Train Total=0.5462 | Val post/prior Total=0.6876/0.7317, Recon post/prior=0.6091/0.6044, KL=0.0250, CycSim post/prior=0.0602/0.0373, CycMeas=0.0982, PriorBnd post/prior=2.44e-04/8.87e-05 | Best 0.0975 | Patience 3/40
 >> Epoch 117 | Train Total=0.5457 | Val post/prior Total=0.6864/0.7331, Recon post/prior=0.6101/0.6055, KL=0.0221, CycSim post/prior=0.0583/0.0375, CycMeas=0.0984, PriorBnd post/prior=3.51e-04/9.12e-05 | Best 0.0975 | Patience 4/40
 >> Epoch 118 | Train Total=0.5450 | Val post/prior Total=0.6903/0.7393, Recon post/prior=0.6121/0.6085, KL=0.0207, CycSim post/prior=0.0604/0.0405, CycMeas=0.0982, PriorBnd post/prior=1.43e-04/7.18e-05 | Best 0.0975 | Patience 5/40
 >> Epoch 119 | Train Total=0.5460 | Val post/prior Total=0.6820/0.7328, Recon post/prior=0.6093/0.6059, KL=0.0213, CycSim post/prior=0.0556/0.0374, CycMeas=0.0976, PriorBnd post/prior=1.49e-04/8.01e-05 | Best 0.0975 | Patience 6/40
 >> Epoch 120 | Train Total=0.5464 | Val post/prior Total=0.6869/0.7308, Recon post/prior=0.6080/0.6039, KL=0.0236, CycSim post/prior=0.0605/0.0372, CycMeas=0.0980, PriorBnd post/prior=2.78e-04/9.32e-05 | Best 0.0975 | Patience 7/40
 >> Epoch 121 | Train Total=0.5464 | Val post/prior Total=0.6918/0.7429, Recon post/prior=0.6125/0.6088, KL=0.0214, CycSim post/prior=0.0612/0.0422, CycMeas=0.0998, PriorBnd post/prior=2.36e-04/8.19e-05 | Best 0.0975 | Patience 8/40
 >> Epoch 122 | Train Total=0.5457 | Val post/prior Total=0.6890/0.7379, Recon post/prior=0.6121/0.6069, KL=0.0223, CycSim post/prior=0.0589/0.0401, CycMeas=0.0989, PriorBnd post/prior=3.80e-04/7.49e-05 | Best 0.0975 | Patience 9/40
 >> Epoch 123 | Train Total=0.5476 | Val post/prior Total=0.6833/0.7308, Recon post/prior=0.6086/0.6038, KL=0.0221, CycSim post/prior=0.0571/0.0370, CycMeas=0.0983, PriorBnd post/prior=2.54e-04/8.91e-05 | Best 0.0975 | Patience 10/40
 >> Epoch 124 | Train Total=0.5461 | Val post/prior Total=0.6883/0.7343, Recon post/prior=0.6096/0.6055, KL=0.0229, CycSim post/prior=0.0605/0.0389, CycMeas=0.0979, PriorBnd post/prior=2.50e-04/8.63e-05 | Best 0.0975 | Patience 11/40
 >> Epoch 125 | Train Total=0.5445 | Val post/prior Total=0.6904/0.7357, Recon post/prior=0.6085/0.6036, KL=0.0230, CycSim post/prior=0.0631/0.0402, CycMeas=0.0999, PriorBnd post/prior=2.63e-04/9.02e-05 | Best 0.0975 | Patience 12/40
 >> Epoch 126 | Train Total=0.5453 | Val post/prior Total=0.7206/0.7763, Recon post/prior=0.6253/0.6226, KL=0.0256, CycSim post/prior=0.0745/0.0603, CycMeas=0.0975, PriorBnd post/prior=7.58e-05/5.97e-05 | Best 0.0975 | Patience 13/40
 >> Epoch 127 | Train Total=0.5463 | Val post/prior Total=0.7062/0.7597, Recon post/prior=0.6166/0.6130, KL=0.0227, CycSim post/prior=0.0699/0.0525, CycMeas=0.1003, PriorBnd post/prior=1.32e-04/7.22e-05 | Best 0.0975 | Patience 14/40
 >> Epoch 128 | Train Total=0.5432 | Val post/prior Total=0.6909/0.7397, Recon post/prior=0.6107/0.6074, KL=0.0266, CycSim post/prior=0.0615/0.0419, CycMeas=0.0978, PriorBnd post/prior=1.52e-04/8.51e-05 | Best 0.0975 | Patience 15/40
 >> Epoch 129 | Train Total=0.5454 | Val post/prior Total=0.6874/0.7394, Recon post/prior=0.6118/0.6085, KL=0.0219, CycSim post/prior=0.0582/0.0409, CycMeas=0.0976, PriorBnd post/prior=1.20e-04/8.75e-05 | Best 0.0975 | Patience 16/40
 >> Epoch 130 | Train Total=0.5449 | Val post/prior Total=0.6855/0.7367, Recon post/prior=0.6109/0.6077, KL=0.0207, CycSim post/prior=0.0573/0.0393, CycMeas=0.0977, PriorBnd post/prior=2.57e-04/8.19e-05 | Best 0.0975 | Patience 17/40
 >> Epoch 131 | Train Total=0.5441 | Val post/prior Total=0.6855/0.7308, Recon post/prior=0.6088/0.6044, KL=0.0218, CycSim post/prior=0.0590/0.0371, CycMeas=0.0976, PriorBnd post/prior=2.09e-04/8.30e-05 | Best 0.0975 | Patience 18/40
 >> Epoch 132 | Train Total=0.5442 | Val post/prior Total=0.6858/0.7311, Recon post/prior=0.6085/0.6037, KL=0.0229, CycSim post/prior=0.0593/0.0375, CycMeas=0.0981, PriorBnd post/prior=2.25e-04/9.04e-05 | Best 0.0975 | Patience 19/40
 >> Epoch 133 | Train Total=0.5451 | Val post/prior Total=0.6882/0.7372, Recon post/prior=0.6109/0.6068, KL=0.0214, CycSim post/prior=0.0597/0.0404, CycMeas=0.0978, PriorBnd post/prior=8.43e-05/7.83e-05 | Best 0.0975 | Patience 20/40
 >> Epoch 134 | Train Total=0.5439 | Val post/prior Total=0.6855/0.7295, Recon post/prior=0.6084/0.6031, KL=0.0245, CycSim post/prior=0.0588/0.0363, CycMeas=0.0986, PriorBnd post/prior=2.89e-04/9.08e-05 | Best 0.0975 | Patience 21/40
 >> Epoch 135 | Train Total=0.5455 | Val post/prior Total=0.6881/0.7316, Recon post/prior=0.6087/0.6041, KL=0.0237, CycSim post/prior=0.0609/0.0380, CycMeas=0.0975, PriorBnd post/prior=2.92e-04/8.89e-05 | Best 0.0975 | Patience 22/40
 >> Epoch 136 | Train Total=0.5463 | Val post/prior Total=0.6865/0.7356, Recon post/prior=0.6096/0.6056, KL=0.0221, CycSim post/prior=0.0591/0.0378, CycMeas=0.1011, PriorBnd post/prior=1.87e-04/8.22e-05 | Best 0.0975 | Patience 23/40
 >> Epoch 137 | Train Total=0.5448 | Val post/prior Total=0.6856/0.7313, Recon post/prior=0.6087/0.6045, KL=0.0225, CycSim post/prior=0.0591/0.0370, CycMeas=0.0982, PriorBnd post/prior=1.72e-04/8.62e-05 | Best 0.0975 | Patience 24/40
 >> Epoch 138 | Train Total=0.5464 | Val post/prior Total=0.6872/0.7313, Recon post/prior=0.6077/0.6035, KL=0.0232, CycSim post/prior=0.0611/0.0380, CycMeas=0.0980, PriorBnd post/prior=1.43e-04/9.02e-05 | Best 0.0975 | Patience 25/40
 >> Epoch 139 | Train Total=0.5454 | Val post/prior Total=0.6897/0.7375, Recon post/prior=0.6103/0.6064, KL=0.0224, CycSim post/prior=0.0612/0.0405, CycMeas=0.0983, PriorBnd post/prior=9.91e-05/8.51e-05 | Best 0.0975 | Patience 26/40
 >> Epoch 140 | Train Total=0.5455 | Val post/prior Total=0.6888/0.7326, Recon post/prior=0.6083/0.6037, KL=0.0220, CycSim post/prior=0.0621/0.0389, CycMeas=0.0980, PriorBnd post/prior=2.15e-04/8.74e-05 | Best 0.0975 | Patience 27/40
 >> Epoch 141 | Train Total=0.5451 | Val post/prior Total=0.6870/0.7310, Recon post/prior=0.6089/0.6044, KL=0.0219, CycSim post/prior=0.0600/0.0361, CycMeas=0.0993, PriorBnd post/prior=3.24e-04/9.14e-05 | Best 0.0975 | Patience 28/40
 >> Epoch 142 | Train Total=0.5448 | Val post/prior Total=0.6835/0.7295, Recon post/prior=0.6080/0.6034, KL=0.0212, CycSim post/prior=0.0579/0.0367, CycMeas=0.0977, PriorBnd post/prior=1.24e-04/8.52e-05 | Best 0.0975 | Patience 29/40
 >> Epoch 143 | Train Total=0.5451 | Val post/prior Total=0.6908/0.7384, Recon post/prior=0.6111/0.6077, KL=0.0249, CycSim post/prior=0.0613/0.0402, CycMeas=0.0983, PriorBnd post/prior=1.76e-04/8.29e-05 | Best 0.0975 | Patience 30/40
 >> Epoch 144 | Train Total=0.5452 | Val post/prior Total=0.6853/0.7331, Recon post/prior=0.6096/0.6051, KL=0.0225, CycSim post/prior=0.0580/0.0383, CycMeas=0.0978, PriorBnd post/prior=2.44e-04/8.48e-05 | Best 0.0975 | Patience 31/40
 >> Epoch 145 | Train Total=0.5449 | Val post/prior Total=0.6852/0.7349, Recon post/prior=0.6096/0.6062, KL=0.0221, CycSim post/prior=0.0581/0.0387, CycMeas=0.0980, PriorBnd post/prior=1.37e-04/8.04e-05 | Best 0.0975 | Patience 32/40
 >> Epoch 146 | Train Total=0.5439 | Val post/prior Total=0.6863/0.7307, Recon post/prior=0.6083/0.6033, KL=0.0223, CycSim post/prior=0.0599/0.0376, CycMeas=0.0979, PriorBnd post/prior=2.02e-04/8.85e-05 | Best 0.0975 | Patience 33/40
 >> Epoch 147 | Train Total=0.5448 | Val post/prior Total=0.6874/0.7312, Recon post/prior=0.6094/0.6044, KL=0.0220, CycSim post/prior=0.0595/0.0375, CycMeas=0.0973, PriorBnd post/prior=5.23e-04/9.16e-05 | Best 0.0975 | Patience 34/40
[Update] best val_cyc_meas improved to 0.097340 @ epoch 147
 >> Epoch 148 | Train Total=0.5459 | Val post/prior Total=0.6832/0.7339, Recon post/prior=0.6091/0.6052, KL=0.0206, CycSim post/prior=0.0568/0.0372, CycMeas=0.1003, PriorBnd post/prior=2.11e-04/8.59e-05 | Best 0.0973 | Patience 1/40
 >> Epoch 149 | Train Total=0.5446 | Val post/prior Total=0.6895/0.7385, Recon post/prior=0.6105/0.6068, KL=0.0232, CycSim post/prior=0.0608/0.0414, CycMeas=0.0979, PriorBnd post/prior=1.39e-04/8.26e-05 | Best 0.0973 | Patience 2/40
 >> Epoch 150 | Train Total=0.5462 | Val post/prior Total=0.6842/0.7337, Recon post/prior=0.6102/0.6062, KL=0.0216, CycSim post/prior=0.0567/0.0376, CycMeas=0.0981, PriorBnd post/prior=1.80e-04/8.36e-05 | Best 0.0973 | Patience 3/40
 >> Epoch 151 | Train Total=0.5447 | Val post/prior Total=0.6891/0.7309, Recon post/prior=0.6087/0.6041, KL=0.0241, CycSim post/prior=0.0617/0.0370, CycMeas=0.0982, PriorBnd post/prior=3.18e-04/9.23e-05 | Best 0.0973 | Patience 4/40
 >> Epoch 152 | Train Total=0.5448 | Val post/prior Total=0.6853/0.7278, Recon post/prior=0.6073/0.6022, KL=0.0251, CycSim post/prior=0.0596/0.0359, CycMeas=0.0982, PriorBnd post/prior=2.53e-04/9.38e-05 | Best 0.0973 | Patience 5/40
 >> Epoch 153 | Train Total=0.5453 | Val post/prior Total=0.6848/0.7325, Recon post/prior=0.6097/0.6051, KL=0.0220, CycSim post/prior=0.0573/0.0369, CycMeas=0.0990, PriorBnd post/prior=3.84e-04/8.48e-05 | Best 0.0973 | Patience 6/40
 >> Epoch 154 | Train Total=0.5453 | Val post/prior Total=0.6857/0.7338, Recon post/prior=0.6097/0.6059, KL=0.0233, CycSim post/prior=0.0583/0.0378, CycMeas=0.0983, PriorBnd post/prior=1.43e-04/8.45e-05 | Best 0.0973 | Patience 7/40
 >> Epoch 155 | Train Total=0.5457 | Val post/prior Total=0.6868/0.7348, Recon post/prior=0.6100/0.6059, KL=0.0235, CycSim post/prior=0.0589/0.0391, CycMeas=0.0976, PriorBnd post/prior=2.06e-04/8.54e-05 | Best 0.0973 | Patience 8/40
 >> Epoch 156 | Train Total=0.5446 | Val post/prior Total=0.7018/0.7540, Recon post/prior=0.6154/0.6124, KL=0.0232, CycSim post/prior=0.0672/0.0498, CycMeas=0.0978, PriorBnd post/prior=1.13e-04/7.24e-05 | Best 0.0973 | Patience 9/40
 >> Epoch 157 | Train Total=0.5463 | Val post/prior Total=0.6893/0.7365, Recon post/prior=0.6111/0.6075, KL=0.0220, CycSim post/prior=0.0602/0.0385, CycMeas=0.0988, PriorBnd post/prior=1.66e-04/8.09e-05 | Best 0.0973 | Patience 10/40
 >> Epoch 158 | Train Total=0.5470 | Val post/prior Total=0.6842/0.7315, Recon post/prior=0.6090/0.6037, KL=0.0250, CycSim post/prior=0.0572/0.0374, CycMeas=0.0987, PriorBnd post/prior=3.65e-04/8.81e-05 | Best 0.0973 | Patience 11/40
 >> Epoch 159 | Train Total=0.5453 | Val post/prior Total=0.6900/0.7390, Recon post/prior=0.6112/0.6074, KL=0.0244, CycSim post/prior=0.0606/0.0407, CycMeas=0.0988, PriorBnd post/prior=1.42e-04/8.21e-05 | Best 0.0973 | Patience 12/40
 >> Epoch 160 | Train Total=0.5451 | Val post/prior Total=0.6876/0.7312, Recon post/prior=0.6092/0.6039, KL=0.0237, CycSim post/prior=0.0600/0.0375, CycMeas=0.0980, PriorBnd post/prior=3.42e-04/8.35e-05 | Best 0.0973 | Patience 13/40
 >> Epoch 161 | Train Total=0.5448 | Val post/prior Total=0.6832/0.7311, Recon post/prior=0.6089/0.6048, KL=0.0241, CycSim post/prior=0.0567/0.0369, CycMeas=0.0977, PriorBnd post/prior=2.93e-04/9.03e-05 | Best 0.0973 | Patience 14/40
 >> Epoch 162 | Train Total=0.5445 | Val post/prior Total=0.6852/0.7344, Recon post/prior=0.6095/0.6056, KL=0.0212, CycSim post/prior=0.0581/0.0385, CycMeas=0.0985, PriorBnd post/prior=1.84e-04/8.50e-05 | Best 0.0973 | Patience 15/40
 >> Epoch 163 | Train Total=0.5458 | Val post/prior Total=0.6867/0.7337, Recon post/prior=0.6087/0.6042, KL=0.0198, CycSim post/prior=0.0602/0.0389, CycMeas=0.0987, PriorBnd post/prior=1.39e-04/8.25e-05 | Best 0.0973 | Patience 16/40
 >> Epoch 164 | Train Total=0.5460 | Val post/prior Total=0.6847/0.7323, Recon post/prior=0.6094/0.6046, KL=0.0237, CycSim post/prior=0.0576/0.0378, CycMeas=0.0981, PriorBnd post/prior=2.36e-04/8.62e-05 | Best 0.0973 | Patience 17/40
 >> Epoch 165 | Train Total=0.5455 | Val post/prior Total=0.6864/0.7306, Recon post/prior=0.6083/0.6039, KL=0.0232, CycSim post/prior=0.0599/0.0370, CycMeas=0.0981, PriorBnd post/prior=1.69e-04/8.91e-05 | Best 0.0973 | Patience 18/40
 >> Epoch 166 | Train Total=0.5463 | Val post/prior Total=0.6864/0.7373, Recon post/prior=0.6119/0.6084, KL=0.0219, CycSim post/prior=0.0572/0.0389, CycMeas=0.0981, PriorBnd post/prior=2.16e-04/8.21e-05 | Best 0.0973 | Patience 19/40
 >> Epoch 167 | Train Total=0.5452 | Val post/prior Total=0.6871/0.7332, Recon post/prior=0.6089/0.6044, KL=0.0192, CycSim post/prior=0.0604/0.0391, CycMeas=0.0977, PriorBnd post/prior=1.67e-04/8.57e-05 | Best 0.0973 | Patience 20/40
 >> Epoch 168 | Train Total=0.5454 | Val post/prior Total=0.6848/0.7286, Recon post/prior=0.6079/0.6031, KL=0.0237, CycSim post/prior=0.0589/0.0361, CycMeas=0.0977, PriorBnd post/prior=1.91e-04/9.06e-05 | Best 0.0973 | Patience 21/40
 >> Epoch 169 | Train Total=0.5440 | Val post/prior Total=0.6861/0.7312, Recon post/prior=0.6084/0.6037, KL=0.0231, CycSim post/prior=0.0595/0.0375, CycMeas=0.0982, PriorBnd post/prior=2.03e-04/8.37e-05 | Best 0.0973 | Patience 22/40
 >> Epoch 170 | Train Total=0.5472 | Val post/prior Total=0.6886/0.7393, Recon post/prior=0.6123/0.6085, KL=0.0218, CycSim post/prior=0.0588/0.0404, CycMeas=0.0983, PriorBnd post/prior=1.58e-04/7.57e-05 | Best 0.0973 | Patience 23/40
 >> Epoch 171 | Train Total=0.5452 | Val post/prior Total=0.6854/0.7300, Recon post/prior=0.6086/0.6035, KL=0.0235, CycSim post/prior=0.0587/0.0369, CycMeas=0.0978, PriorBnd post/prior=3.39e-04/8.55e-05 | Best 0.0973 | Patience 24/40
 >> Epoch 172 | Train Total=0.5433 | Val post/prior Total=0.6885/0.7356, Recon post/prior=0.6099/0.6055, KL=0.0215, CycSim post/prior=0.0606/0.0397, CycMeas=0.0983, PriorBnd post/prior=8.10e-05/7.89e-05 | Best 0.0973 | Patience 25/40
 >> Epoch 173 | Train Total=0.5467 | Val post/prior Total=0.6838/0.7348, Recon post/prior=0.6100/0.6064, KL=0.0195, CycSim post/prior=0.0567/0.0387, CycMeas=0.0976, PriorBnd post/prior=1.84e-04/8.21e-05 | Best 0.0973 | Patience 26/40
 >> Epoch 174 | Train Total=0.5450 | Val post/prior Total=0.6903/0.7342, Recon post/prior=0.6097/0.6049, KL=0.0251, CycSim post/prior=0.0617/0.0392, CycMeas=0.0980, PriorBnd post/prior=3.93e-04/9.13e-05 | Best 0.0973 | Patience 27/40
 >> Epoch 175 | Train Total=0.5469 | Val post/prior Total=0.6869/0.7339, Recon post/prior=0.6104/0.6064, KL=0.0211, CycSim post/prior=0.0589/0.0379, CycMeas=0.0978, PriorBnd post/prior=2.34e-04/8.39e-05 | Best 0.0973 | Patience 28/40
 >> Epoch 176 | Train Total=0.5456 | Val post/prior Total=0.6856/0.7298, Recon post/prior=0.6085/0.6035, KL=0.0227, CycSim post/prior=0.0592/0.0367, CycMeas=0.0979, PriorBnd post/prior=1.72e-04/8.81e-05 | Best 0.0973 | Patience 29/40
 >> Epoch 177 | Train Total=0.5445 | Val post/prior Total=0.6939/0.7490, Recon post/prior=0.6148/0.6124, KL=0.0259, CycSim post/prior=0.0608/0.0453, CycMeas=0.0982, PriorBnd post/prior=9.04e-05/7.97e-05 | Best 0.0973 | Patience 30/40
 >> Epoch 178 | Train Total=0.5458 | Val post/prior Total=0.6888/0.7361, Recon post/prior=0.6094/0.6050, KL=0.0215, CycSim post/prior=0.0612/0.0392, CycMeas=0.1003, PriorBnd post/prior=1.90e-04/8.29e-05 | Best 0.0973 | Patience 31/40
 >> Epoch 179 | Train Total=0.5456 | Val post/prior Total=0.6850/0.7303, Recon post/prior=0.6084/0.6041, KL=0.0220, CycSim post/prior=0.0588/0.0366, CycMeas=0.0979, PriorBnd post/prior=1.88e-04/8.70e-05 | Best 0.0973 | Patience 32/40
 >> Epoch 180 | Train Total=0.5455 | Val post/prior Total=0.6869/0.7372, Recon post/prior=0.6113/0.6077, KL=0.0198, CycSim post/prior=0.0583/0.0389, CycMeas=0.0989, PriorBnd post/prior=1.79e-04/8.54e-05 | Best 0.0973 | Patience 33/40
 >> Epoch 181 | Train Total=0.5447 | Val post/prior Total=0.6840/0.7333, Recon post/prior=0.6099/0.6053, KL=0.0208, CycSim post/prior=0.0568/0.0384, CycMeas=0.0975, PriorBnd post/prior=1.87e-04/8.15e-05 | Best 0.0973 | Patience 34/40
 >> Epoch 182 | Train Total=0.5460 | Val post/prior Total=0.6877/0.7361, Recon post/prior=0.6105/0.6065, KL=0.0207, CycSim post/prior=0.0595/0.0392, CycMeas=0.0986, PriorBnd post/prior=1.44e-04/8.36e-05 | Best 0.0973 | Patience 35/40
 >> Epoch 183 | Train Total=0.5462 | Val post/prior Total=0.6854/0.7286, Recon post/prior=0.6080/0.6031, KL=0.0237, CycSim post/prior=0.0592/0.0360, CycMeas=0.0979, PriorBnd post/prior=3.18e-04/9.58e-05 | Best 0.0973 | Patience 36/40
 >> Epoch 184 | Train Total=0.5454 | Val post/prior Total=0.6848/0.7343, Recon post/prior=0.6103/0.6065, KL=0.0210, CycSim post/prior=0.0573/0.0375, CycMeas=0.0988, PriorBnd post/prior=1.05e-04/7.97e-05 | Best 0.0973 | Patience 37/40
 >> Epoch 185 | Train Total=0.5448 | Val post/prior Total=0.6868/0.7323, Recon post/prior=0.6091/0.6050, KL=0.0217, CycSim post/prior=0.0598/0.0372, CycMeas=0.0985, PriorBnd post/prior=1.93e-04/8.48e-05 | Best 0.0973 | Patience 38/40
 >> Epoch 186 | Train Total=0.5459 | Val post/prior Total=0.6853/0.7292, Recon post/prior=0.6079/0.6032, KL=0.0237, CycSim post/prior=0.0591/0.0361, CycMeas=0.0984, PriorBnd post/prior=2.53e-04/9.32e-05 | Best 0.0973 | Patience 39/40
 >> Epoch 187 | Train Total=0.5456 | Val post/prior Total=0.6878/0.7391, Recon post/prior=0.6110/0.6079, KL=0.0213, CycSim post/prior=0.0592/0.0411, CycMeas=0.0976, PriorBnd post/prior=9.16e-05/8.00e-05 | Best 0.0973 | Patience 40/40
[EarlyStop] at epoch 187
[Diag] Start to calcaulte diag in test preocess... 
[Diag] wrote 28930 rows to temp_Bidi_cvae\cvae_20251105-023540\diag_test.csv
[Diag] proxy_floor_ps  P50=0.0095  P90=0.0228  P95=0.0348  P99=0.2440
[Test] prior total=0.729207 | prior recon=0.603708 | kl=0.016989 | prior cyc_sim=0.036387 | cyc_meas=0.097481 | prior_l2=0.385028 | prior_bnd=0.000035 | 
