[log] tee initialized at 2025-11-05 13:54:48 -> temp_Bidi_cvae\session_20251105-135448.log
Using CUDA device 0: NVIDIA GeForce RTX 4060 Laptop GPU
[log] tee initialized at 2025-11-05 13:54:51 -> temp_Bidi_cvae\cvae_20251105-135451\train.log
[L_trust] using 20000 ref rows from temp_Bidi_cvae\proxy\proxy_Ytr_norm.npy
 >> Epoch 001 | Train Total=67.1861 | Val post/prior Total=5932149.6735/1.0329, Recon post/prior=7.7014/0.7551, KL=59115622.3147, CycSim post/prior=0.1554/0.1120, CycMeas=0.1764, PriorBnd post/prior=2.31e+00/6.38e-04 | Best inf | Patience 1/40
[Update] best val_cyc_meas improved to 0.176382 @ epoch 1
 >> Epoch 002 | Train Total=0.9339 | Val post/prior Total=584.3720/0.9400, Recon post/prior=0.9519/0.7206, KL=5659.8883, CycSim post/prior=0.1218/0.0826, CycMeas=0.1474, PriorBnd post/prior=6.16e-02/3.30e-04 | Best 0.1764 | Patience 1/40
[Update] best val_cyc_meas improved to 0.147432 @ epoch 2
 >> Epoch 003 | Train Total=0.8299 | Val post/prior Total=398.9959/0.9160, Recon post/prior=0.7311/0.7065, KL=3979.8937, CycSim post/prior=0.1119/0.0765, CycMeas=0.1442, PriorBnd post/prior=6.20e-03/2.48e-04 | Best 0.1474 | Patience 1/40
[Update] best val_cyc_meas improved to 0.144241 @ epoch 3
 >> Epoch 004 | Train Total=0.7962 | Val post/prior Total=79.1330/0.8819, Recon post/prior=0.7992/0.6924, KL=736.3329, CycSim post/prior=0.1006/0.0621, CycMeas=0.1403, PriorBnd post/prior=3.49e-02/2.38e-04 | Best 0.1442 | Patience 1/40
[Update] best val_cyc_meas improved to 0.140303 @ epoch 4
 >> Epoch 005 | Train Total=0.7749 | Val post/prior Total=3.1683/0.8754, Recon post/prior=0.6988/0.6906, KL=23.4656, CycSim post/prior=0.0954/0.0654, CycMeas=0.1297, PriorBnd post/prior=1.15e-03/1.63e-04 | Best 0.1403 | Patience 1/40
[Update] best val_cyc_meas improved to 0.129718 @ epoch 5
 >> Epoch 006 | Train Total=0.7610 | Val post/prior Total=9.7714/0.8576, Recon post/prior=0.7026/0.6776, KL=88.0748, CycSim post/prior=0.0931/0.0582, CycMeas=0.1341, PriorBnd post/prior=5.72e-03/1.82e-04 | Best 0.1297 | Patience 1/40
 >> Epoch 007 | Train Total=0.7495 | Val post/prior Total=1.0464/0.8538, Recon post/prior=0.6811/0.6738, KL=2.4893, CycSim post/prior=0.0922/0.0610, CycMeas=0.1301, PriorBnd post/prior=1.06e-03/1.47e-04 | Best 0.1297 | Patience 2/40
 >> Epoch 008 | Train Total=0.7405 | Val post/prior Total=1.7999/0.8251, Recon post/prior=0.6796/0.6685, KL=9.9937, CycSim post/prior=0.0822/0.0541, CycMeas=0.1109, PriorBnd post/prior=1.69e-03/1.20e-04 | Best 0.1297 | Patience 3/40
[Update] best val_cyc_meas improved to 0.110909 @ epoch 8
 >> Epoch 009 | Train Total=0.7339 | Val post/prior Total=1.2988/0.8238, Recon post/prior=0.6841/0.6650, KL=4.1735, CycSim post/prior=0.0824/0.0524, CycMeas=0.1163, PriorBnd post/prior=4.18e-03/1.23e-04 | Best 0.1109 | Patience 1/40
 >> Epoch 010 | Train Total=0.7282 | Val post/prior Total=1.0775/0.8021, Recon post/prior=0.6731/0.6589, KL=2.7511, CycSim post/prior=0.0807/0.0488, CycMeas=0.1019, PriorBnd post/prior=2.75e-03/1.16e-04 | Best 0.1109 | Patience 2/40
[Update] best val_cyc_meas improved to 0.101890 @ epoch 10
 >> Epoch 011 | Train Total=0.7250 | Val post/prior Total=0.9558/0.7978, Recon post/prior=0.6647/0.6545, KL=1.8098, CycSim post/prior=0.0818/0.0503, CycMeas=0.0996, PriorBnd post/prior=1.37e-03/1.24e-04 | Best 0.1019 | Patience 1/40
[Update] best val_cyc_meas improved to 0.099623 @ epoch 11
 >> Epoch 012 | Train Total=0.7195 | Val post/prior Total=0.8119/0.7953, Recon post/prior=0.6621/0.6539, KL=0.4785, CycSim post/prior=0.0775/0.0475, CycMeas=0.1016, PriorBnd post/prior=1.37e-03/1.08e-04 | Best 0.0996 | Patience 1/40
 >> Epoch 013 | Train Total=0.7162 | Val post/prior Total=0.7992/0.8024, Recon post/prior=0.6581/0.6515, KL=0.4503, CycSim post/prior=0.0755/0.0491, CycMeas=0.1110, PriorBnd post/prior=7.72e-04/8.75e-05 | Best 0.0996 | Patience 2/40
 >> Epoch 014 | Train Total=0.7116 | Val post/prior Total=0.7898/0.7950, Recon post/prior=0.6519/0.6445, KL=0.3325, CycSim post/prior=0.0818/0.0504, CycMeas=0.1086, PriorBnd post/prior=1.03e-03/9.19e-05 | Best 0.0996 | Patience 3/40
 >> Epoch 015 | Train Total=0.7064 | Val post/prior Total=0.7776/0.7962, Recon post/prior=0.6512/0.6444, KL=0.2482, CycSim post/prior=0.0776/0.0527, CycMeas=0.1068, PriorBnd post/prior=1.07e-03/8.60e-05 | Best 0.0996 | Patience 4/40
 >> Epoch 016 | Train Total=0.7014 | Val post/prior Total=0.7596/0.7794, Recon post/prior=0.6427/0.6359, KL=0.2147, CycSim post/prior=0.0758/0.0465, CycMeas=0.1053, PriorBnd post/prior=6.60e-04/9.24e-05 | Best 0.0996 | Patience 5/40
 >> Epoch 017 | Train Total=0.6987 | Val post/prior Total=0.7440/0.7721, Recon post/prior=0.6396/0.6342, KL=0.1246, CycSim post/prior=0.0737/0.0448, CycMeas=0.1009, PriorBnd post/prior=2.34e-04/9.77e-05 | Best 0.0996 | Patience 6/40
 >> Epoch 018 | Train Total=0.6981 | Val post/prior Total=0.7453/0.7739, Recon post/prior=0.6388/0.6324, KL=0.1512, CycSim post/prior=0.0725/0.0453, CycMeas=0.1045, PriorBnd post/prior=6.57e-04/8.61e-05 | Best 0.0996 | Patience 7/40
 >> Epoch 019 | Train Total=0.6942 | Val post/prior Total=0.7447/0.7799, Recon post/prior=0.6382/0.6332, KL=0.1173, CycSim post/prior=0.0761/0.0523, CycMeas=0.1006, PriorBnd post/prior=3.37e-04/7.91e-05 | Best 0.0996 | Patience 8/40
 >> Epoch 020 | Train Total=0.6928 | Val post/prior Total=0.7316/0.7665, Recon post/prior=0.6338/0.6272, KL=0.0660, CycSim post/prior=0.0713/0.0470, CycMeas=0.0992, PriorBnd post/prior=7.23e-04/1.15e-04 | Best 0.0996 | Patience 9/40
[Update] best val_cyc_meas improved to 0.099196 @ epoch 20
 >> Epoch 021 | Train Total=0.6905 | Val post/prior Total=0.7301/0.7695, Recon post/prior=0.6308/0.6257, KL=0.0819, CycSim post/prior=0.0725/0.0474, CycMeas=0.1043, PriorBnd post/prior=5.18e-04/8.11e-05 | Best 0.0992 | Patience 1/40
 >> Epoch 022 | Train Total=0.6880 | Val post/prior Total=0.7235/0.7713, Recon post/prior=0.6307/0.6270, KL=0.0408, CycSim post/prior=0.0710/0.0515, CycMeas=0.0988, PriorBnd post/prior=2.33e-04/8.63e-05 | Best 0.0992 | Patience 2/40
[Update] best val_cyc_meas improved to 0.098815 @ epoch 22
 >> Epoch 023 | Train Total=0.6861 | Val post/prior Total=0.7210/0.7688, Recon post/prior=0.6273/0.6234, KL=0.0468, CycSim post/prior=0.0714/0.0497, CycMeas=0.1030, PriorBnd post/prior=1.91e-04/7.21e-05 | Best 0.0988 | Patience 1/40
 >> Epoch 024 | Train Total=0.6831 | Val post/prior Total=0.7188/0.7710, Recon post/prior=0.6268/0.6232, KL=0.0331, CycSim post/prior=0.0711/0.0508, CycMeas=0.1044, PriorBnd post/prior=1.92e-04/7.30e-05 | Best 0.0988 | Patience 2/40
 >> Epoch 025 | Train Total=0.6825 | Val post/prior Total=0.7140/0.7591, Recon post/prior=0.6227/0.6183, KL=0.0491, CycSim post/prior=0.0690/0.0458, CycMeas=0.1029, PriorBnd post/prior=3.01e-04/8.26e-05 | Best 0.0988 | Patience 3/40
 >> Epoch 026 | Train Total=0.6817 | Val post/prior Total=0.7095/0.7551, Recon post/prior=0.6197/0.6155, KL=0.0540, CycSim post/prior=0.0673/0.0455, CycMeas=0.1019, PriorBnd post/prior=2.98e-04/9.17e-05 | Best 0.0988 | Patience 4/40
 >> Epoch 027 | Train Total=0.6808 | Val post/prior Total=0.7140/0.7690, Recon post/prior=0.6242/0.6213, KL=0.0319, CycSim post/prior=0.0694/0.0519, CycMeas=0.1025, PriorBnd post/prior=1.19e-04/7.40e-05 | Best 0.0988 | Patience 5/40
 >> Epoch 028 | Train Total=0.6798 | Val post/prior Total=0.7000/0.7459, Recon post/prior=0.6140/0.6095, KL=0.0404, CycSim post/prior=0.0651/0.0427, CycMeas=0.1016, PriorBnd post/prior=3.02e-04/9.96e-05 | Best 0.0988 | Patience 6/40
 >> Epoch 029 | Train Total=0.6783 | Val post/prior Total=0.6961/0.7414, Recon post/prior=0.6118/0.6079, KL=0.0365, CycSim post/prior=0.0642/0.0422, CycMeas=0.0990, PriorBnd post/prior=1.34e-04/9.87e-05 | Best 0.0988 | Patience 7/40
 >> Epoch 030 | Train Total=0.6758 | Val post/prior Total=0.6932/0.7417, Recon post/prior=0.6096/0.6054, KL=0.0371, CycSim post/prior=0.0634/0.0415, CycMeas=0.1033, PriorBnd post/prior=2.19e-04/1.05e-04 | Best 0.0988 | Patience 8/40
 >> Epoch 031 | Train Total=0.6745 | Val post/prior Total=0.6886/0.7357, Recon post/prior=0.6088/0.6041, KL=0.0324, CycSim post/prior=0.0607/0.0398, CycMeas=0.1002, PriorBnd post/prior=2.64e-04/9.85e-05 | Best 0.0988 | Patience 9/40
 >> Epoch 032 | Train Total=0.6728 | Val post/prior Total=0.6901/0.7392, Recon post/prior=0.6085/0.6048, KL=0.0317, CycSim post/prior=0.0623/0.0416, CycMeas=0.1008, PriorBnd post/prior=1.39e-04/9.20e-05 | Best 0.0988 | Patience 10/40
 >> Epoch 033 | Train Total=0.6720 | Val post/prior Total=0.7115/0.7732, Recon post/prior=0.6199/0.6179, KL=0.0463, CycSim post/prior=0.0697/0.0553, CycMeas=0.1067, PriorBnd post/prior=8.85e-05/7.89e-05 | Best 0.0988 | Patience 11/40
 >> Epoch 034 | Train Total=0.6716 | Val post/prior Total=0.6859/0.7305, Recon post/prior=0.6037/0.5990, KL=0.0298, CycSim post/prior=0.0628/0.0397, CycMeas=0.0999, PriorBnd post/prior=1.82e-04/1.07e-04 | Best 0.0988 | Patience 12/40
 >> Epoch 035 | Train Total=0.6720 | Val post/prior Total=0.6844/0.7317, Recon post/prior=0.6026/0.5983, KL=0.0294, CycSim post/prior=0.0626/0.0420, CycMeas=0.0989, PriorBnd post/prior=2.10e-04/1.04e-04 | Best 0.0988 | Patience 13/40
 >> Epoch 036 | Train Total=0.6714 | Val post/prior Total=0.6822/0.7328, Recon post/prior=0.6020/0.5984, KL=0.0289, CycSim post/prior=0.0612/0.0408, CycMeas=0.1019, PriorBnd post/prior=2.40e-04/1.07e-04 | Best 0.0988 | Patience 14/40
 >> Epoch 037 | Train Total=0.6714 | Val post/prior Total=0.6829/0.7305, Recon post/prior=0.5999/0.5957, KL=0.0289, CycSim post/prior=0.0636/0.0426, CycMeas=0.0998, PriorBnd post/prior=2.02e-04/1.11e-04 | Best 0.0988 | Patience 15/40
 >> Epoch 038 | Train Total=0.6702 | Val post/prior Total=0.6752/0.7239, Recon post/prior=0.5986/0.5944, KL=0.0278, CycSim post/prior=0.0584/0.0383, CycMeas=0.0996, PriorBnd post/prior=1.17e-04/1.10e-04 | Best 0.0988 | Patience 16/40
 >> Epoch 039 | Train Total=0.6686 | Val post/prior Total=0.6756/0.7293, Recon post/prior=0.5969/0.5927, KL=0.0291, CycSim post/prior=0.0600/0.0413, CycMeas=0.1040, PriorBnd post/prior=2.23e-04/1.08e-04 | Best 0.0988 | Patience 17/40
 >> Epoch 040 | Train Total=0.6679 | Val post/prior Total=0.6781/0.7278, Recon post/prior=0.5989/0.5955, KL=0.0254, CycSim post/prior=0.0608/0.0407, CycMeas=0.0996, PriorBnd post/prior=1.07e-04/9.05e-05 | Best 0.0988 | Patience 18/40
 >> Epoch 041 | Train Total=0.6681 | Val post/prior Total=0.6758/0.7255, Recon post/prior=0.5954/0.5920, KL=0.0271, CycSim post/prior=0.0616/0.0394, CycMeas=0.1028, PriorBnd post/prior=1.60e-04/1.04e-04 | Best 0.0988 | Patience 19/40
 >> Epoch 042 | Train Total=0.6682 | Val post/prior Total=0.6719/0.7246, Recon post/prior=0.5957/0.5918, KL=0.0255, CycSim post/prior=0.0582/0.0402, CycMeas=0.1010, PriorBnd post/prior=1.17e-04/9.71e-05 | Best 0.0988 | Patience 20/40
 >> Epoch 043 | Train Total=0.6677 | Val post/prior Total=0.6713/0.7238, Recon post/prior=0.5943/0.5908, KL=0.0239, CycSim post/prior=0.0590/0.0402, CycMeas=0.1010, PriorBnd post/prior=1.27e-04/9.86e-05 | Best 0.0988 | Patience 21/40
 >> Epoch 044 | Train Total=0.6683 | Val post/prior Total=0.6750/0.7273, Recon post/prior=0.5978/0.5941, KL=0.0222, CycSim post/prior=0.0595/0.0419, CycMeas=0.0989, PriorBnd post/prior=1.16e-04/8.50e-05 | Best 0.0988 | Patience 22/40
 >> Epoch 045 | Train Total=0.6675 | Val post/prior Total=0.6676/0.7181, Recon post/prior=0.5916/0.5877, KL=0.0251, CycSim post/prior=0.0581/0.0382, CycMeas=0.1007, PriorBnd post/prior=1.34e-04/1.12e-04 | Best 0.0988 | Patience 23/40
 >> Epoch 046 | Train Total=0.6673 | Val post/prior Total=0.6620/0.7147, Recon post/prior=0.5902/0.5866, KL=0.0243, CycSim post/prior=0.0546/0.0379, CycMeas=0.0982, PriorBnd post/prior=1.63e-04/1.03e-04 | Best 0.0988 | Patience 24/40
[Update] best val_cyc_meas improved to 0.098238 @ epoch 46
 >> Epoch 047 | Train Total=0.6655 | Val post/prior Total=0.6625/0.7161, Recon post/prior=0.5897/0.5858, KL=0.0244, CycSim post/prior=0.0554/0.0381, CycMeas=0.1006, PriorBnd post/prior=1.62e-04/9.59e-05 | Best 0.0982 | Patience 1/40
 >> Epoch 048 | Train Total=0.6670 | Val post/prior Total=0.6673/0.7166, Recon post/prior=0.5899/0.5856, KL=0.0238, CycSim post/prior=0.0594/0.0391, CycMeas=0.1003, PriorBnd post/prior=1.06e-04/9.27e-05 | Best 0.0982 | Patience 2/40
 >> Epoch 049 | Train Total=0.6659 | Val post/prior Total=0.6657/0.7129, Recon post/prior=0.5878/0.5836, KL=0.0232, CycSim post/prior=0.0597/0.0389, CycMeas=0.0983, PriorBnd post/prior=1.57e-04/1.10e-04 | Best 0.0982 | Patience 3/40
 >> Epoch 050 | Train Total=0.6672 | Val post/prior Total=0.6763/0.7334, Recon post/prior=0.5956/0.5931, KL=0.0211, CycSim post/prior=0.0624/0.0464, CycMeas=0.1011, PriorBnd post/prior=1.77e-04/7.79e-05 | Best 0.0982 | Patience 4/40
 >> Epoch 051 | Train Total=0.6687 | Val post/prior Total=0.6667/0.7169, Recon post/prior=0.5878/0.5839, KL=0.0240, CycSim post/prior=0.0605/0.0407, CycMeas=0.1003, PriorBnd post/prior=1.43e-04/1.07e-04 | Best 0.0982 | Patience 5/40
 >> Epoch 052 | Train Total=0.6678 | Val post/prior Total=0.6602/0.7105, Recon post/prior=0.5851/0.5807, KL=0.0243, CycSim post/prior=0.0573/0.0386, CycMeas=0.0994, PriorBnd post/prior=1.24e-04/1.13e-04 | Best 0.0982 | Patience 6/40
 >> Epoch 053 | Train Total=0.6671 | Val post/prior Total=0.6578/0.7063, Recon post/prior=0.5835/0.5793, KL=0.0238, CycSim post/prior=0.0566/0.0373, CycMeas=0.0978, PriorBnd post/prior=1.28e-04/1.19e-04 | Best 0.0982 | Patience 7/40
[Update] best val_cyc_meas improved to 0.097763 @ epoch 53
 >> Epoch 054 | Train Total=0.6676 | Val post/prior Total=0.6574/0.7077, Recon post/prior=0.5831/0.5786, KL=0.0230, CycSim post/prior=0.0567/0.0363, CycMeas=0.1019, PriorBnd post/prior=1.25e-04/1.10e-04 | Best 0.0978 | Patience 1/40
 >> Epoch 055 | Train Total=0.6669 | Val post/prior Total=0.6591/0.7087, Recon post/prior=0.5845/0.5801, KL=0.0209, CycSim post/prior=0.0572/0.0379, CycMeas=0.0988, PriorBnd post/prior=1.47e-04/1.05e-04 | Best 0.0978 | Patience 2/40
 >> Epoch 056 | Train Total=0.6677 | Val post/prior Total=0.6605/0.7129, Recon post/prior=0.5855/0.5820, KL=0.0224, CycSim post/prior=0.0575/0.0398, CycMeas=0.0989, PriorBnd post/prior=1.01e-04/9.20e-05 | Best 0.0978 | Patience 3/40
 >> Epoch 057 | Train Total=0.6683 | Val post/prior Total=0.6617/0.7130, Recon post/prior=0.5851/0.5819, KL=0.0228, CycSim post/prior=0.0588/0.0398, CycMeas=0.0993, PriorBnd post/prior=1.47e-04/1.01e-04 | Best 0.0978 | Patience 4/40
 >> Epoch 058 | Train Total=0.6687 | Val post/prior Total=0.6554/0.7044, Recon post/prior=0.5820/0.5780, KL=0.0207, CycSim post/prior=0.0561/0.0369, CycMeas=0.0975, PriorBnd post/prior=1.76e-04/1.20e-04 | Best 0.0978 | Patience 5/40
[Update] best val_cyc_meas improved to 0.097516 @ epoch 58
 >> Epoch 059 | Train Total=0.6694 | Val post/prior Total=0.6587/0.7103, Recon post/prior=0.5836/0.5799, KL=0.0200, CycSim post/prior=0.0577/0.0393, CycMeas=0.0992, PriorBnd post/prior=1.20e-04/1.04e-04 | Best 0.0975 | Patience 1/40
 >> Epoch 060 | Train Total=0.6690 | Val post/prior Total=0.6570/0.7075, Recon post/prior=0.5829/0.5791, KL=0.0217, CycSim post/prior=0.0567/0.0377, CycMeas=0.0990, PriorBnd post/prior=1.86e-04/1.06e-04 | Best 0.0975 | Patience 2/40
 >> Epoch 061 | Train Total=0.6720 | Val post/prior Total=0.6555/0.7078, Recon post/prior=0.5823/0.5793, KL=0.0207, CycSim post/prior=0.0561/0.0378, CycMeas=0.0990, PriorBnd post/prior=9.94e-05/9.71e-05 | Best 0.0975 | Patience 3/40
 >> Epoch 062 | Train Total=0.6701 | Val post/prior Total=0.6597/0.7095, Recon post/prior=0.5833/0.5796, KL=0.0220, CycSim post/prior=0.0587/0.0397, CycMeas=0.0979, PriorBnd post/prior=1.49e-04/1.00e-04 | Best 0.0975 | Patience 4/40
 >> Epoch 063 | Train Total=0.6696 | Val post/prior Total=0.6542/0.7066, Recon post/prior=0.5813/0.5778, KL=0.0214, CycSim post/prior=0.0558/0.0373, CycMeas=0.1001, PriorBnd post/prior=1.58e-04/1.04e-04 | Best 0.0975 | Patience 5/40
 >> Epoch 064 | Train Total=0.6703 | Val post/prior Total=0.6517/0.7017, Recon post/prior=0.5793/0.5753, KL=0.0210, CycSim post/prior=0.0553/0.0365, CycMeas=0.0982, PriorBnd post/prior=1.57e-04/1.16e-04 | Best 0.0975 | Patience 6/40
 >> Epoch 065 | Train Total=0.6727 | Val post/prior Total=0.6536/0.7047, Recon post/prior=0.5814/0.5774, KL=0.0226, CycSim post/prior=0.0551/0.0371, CycMeas=0.0985, PriorBnd post/prior=1.31e-04/1.03e-04 | Best 0.0975 | Patience 7/40
 >> Epoch 066 | Train Total=0.6713 | Val post/prior Total=0.6529/0.7046, Recon post/prior=0.5806/0.5767, KL=0.0208, CycSim post/prior=0.0552/0.0375, CycMeas=0.0986, PriorBnd post/prior=1.16e-04/1.01e-04 | Best 0.0975 | Patience 8/40
 >> Epoch 067 | Train Total=0.6713 | Val post/prior Total=0.6611/0.7125, Recon post/prior=0.5837/0.5802, KL=0.0220, CycSim post/prior=0.0595/0.0416, CycMeas=0.0982, PriorBnd post/prior=1.02e-04/9.76e-05 | Best 0.0975 | Patience 9/40
 >> Epoch 068 | Train Total=0.6740 | Val post/prior Total=0.6564/0.7126, Recon post/prior=0.5829/0.5802, KL=0.0195, CycSim post/prior=0.0565/0.0416, CycMeas=0.0982, PriorBnd post/prior=1.00e-04/9.00e-05 | Best 0.0975 | Patience 10/40
 >> Epoch 069 | Train Total=0.6734 | Val post/prior Total=0.6538/0.7016, Recon post/prior=0.5786/0.5743, KL=0.0210, CycSim post/prior=0.0577/0.0373, CycMeas=0.0982, PriorBnd post/prior=1.47e-04/1.12e-04 | Best 0.0975 | Patience 11/40
 >> Epoch 070 | Train Total=0.6745 | Val post/prior Total=0.6525/0.7048, Recon post/prior=0.5793/0.5757, KL=0.0210, CycSim post/prior=0.0561/0.0378, CycMeas=0.0998, PriorBnd post/prior=1.12e-04/1.09e-04 | Best 0.0975 | Patience 12/40
 >> Epoch 071 | Train Total=0.6744 | Val post/prior Total=0.6525/0.7007, Recon post/prior=0.5775/0.5734, KL=0.0207, CycSim post/prior=0.0574/0.0368, CycMeas=0.0988, PriorBnd post/prior=1.86e-04/1.16e-04 | Best 0.0975 | Patience 13/40
 >> Epoch 072 | Train Total=0.6753 | Val post/prior Total=0.6511/0.6990, Recon post/prior=0.5768/0.5722, KL=0.0209, CycSim post/prior=0.0569/0.0366, CycMeas=0.0984, PriorBnd post/prior=1.53e-04/1.25e-04 | Best 0.0975 | Patience 14/40
 >> Epoch 073 | Train Total=0.6758 | Val post/prior Total=0.6519/0.7024, Recon post/prior=0.5793/0.5754, KL=0.0194, CycSim post/prior=0.0557/0.0369, CycMeas=0.0983, PriorBnd post/prior=1.06e-04/1.06e-04 | Best 0.0975 | Patience 15/40
 >> Epoch 074 | Train Total=0.6766 | Val post/prior Total=0.6513/0.7013, Recon post/prior=0.5787/0.5745, KL=0.0193, CycSim post/prior=0.0557/0.0368, CycMeas=0.0983, PriorBnd post/prior=1.32e-04/1.16e-04 | Best 0.0975 | Patience 16/40
 >> Epoch 075 | Train Total=0.6765 | Val post/prior Total=0.6506/0.7015, Recon post/prior=0.5787/0.5747, KL=0.0215, CycSim post/prior=0.0549/0.0369, CycMeas=0.0981, PriorBnd post/prior=1.31e-04/1.11e-04 | Best 0.0975 | Patience 17/40
 >> Epoch 076 | Train Total=0.6781 | Val post/prior Total=0.6500/0.6996, Recon post/prior=0.5763/0.5721, KL=0.0222, CycSim post/prior=0.0563/0.0359, CycMeas=0.1004, PriorBnd post/prior=1.56e-04/1.20e-04 | Best 0.0975 | Patience 18/40
 >> Epoch 077 | Train Total=0.6784 | Val post/prior Total=0.7124/0.7712, Recon post/prior=0.6080/0.6055, KL=0.0363, CycSim post/prior=0.0813/0.0680, CycMeas=0.1010, PriorBnd post/prior=7.58e-05/6.38e-05 | Best 0.0975 | Patience 19/40
 >> Epoch 078 | Train Total=0.6786 | Val post/prior Total=0.6784/0.7365, Recon post/prior=0.5932/0.5911, KL=0.0252, CycSim post/prior=0.0660/0.0523, CycMeas=0.0987, PriorBnd post/prior=8.92e-05/6.87e-05 | Best 0.0975 | Patience 20/40
 >> Epoch 079 | Train Total=0.6806 | Val post/prior Total=0.6525/0.7054, Recon post/prior=0.5789/0.5757, KL=0.0192, CycSim post/prior=0.0565/0.0392, CycMeas=0.0984, PriorBnd post/prior=1.35e-04/1.01e-04 | Best 0.0975 | Patience 21/40
 >> Epoch 080 | Train Total=0.6811 | Val post/prior Total=0.6510/0.7003, Recon post/prior=0.5767/0.5729, KL=0.0206, CycSim post/prior=0.0569/0.0368, CycMeas=0.0990, PriorBnd post/prior=1.31e-04/1.11e-04 | Best 0.0975 | Patience 22/40
 >> Epoch 081 | Train Total=0.6819 | Val post/prior Total=0.6512/0.6975, Recon post/prior=0.5762/0.5711, KL=0.0222, CycSim post/prior=0.0572/0.0362, CycMeas=0.0986, PriorBnd post/prior=2.36e-04/1.25e-04 | Best 0.0975 | Patience 23/40
 >> Epoch 082 | Train Total=0.6820 | Val post/prior Total=0.7280/0.7923, Recon post/prior=0.6190/0.6182, KL=0.0423, CycSim post/prior=0.0848/0.0728, CycMeas=0.1045, PriorBnd post/prior=5.91e-05/6.29e-05 | Best 0.0975 | Patience 24/40
 >> Epoch 083 | Train Total=0.6832 | Val post/prior Total=0.6628/0.7192, Recon post/prior=0.5843/0.5809, KL=0.0186, CycSim post/prior=0.0608/0.0467, CycMeas=0.0981, PriorBnd post/prior=9.36e-05/8.43e-05 | Best 0.0975 | Patience 25/40
 >> Epoch 084 | Train Total=0.6839 | Val post/prior Total=0.6485/0.7008, Recon post/prior=0.5776/0.5736, KL=0.0203, CycSim post/prior=0.0541/0.0376, CycMeas=0.0976, PriorBnd post/prior=1.28e-04/1.03e-04 | Best 0.0975 | Patience 26/40
 >> Epoch 085 | Train Total=0.6852 | Val post/prior Total=0.6490/0.7001, Recon post/prior=0.5760/0.5720, KL=0.0212, CycSim post/prior=0.0558/0.0372, CycMeas=0.0993, PriorBnd post/prior=1.52e-04/1.10e-04 | Best 0.0975 | Patience 27/40
 >> Epoch 086 | Train Total=0.6859 | Val post/prior Total=0.6501/0.6982, Recon post/prior=0.5766/0.5721, KL=0.0202, CycSim post/prior=0.0562/0.0363, CycMeas=0.0981, PriorBnd post/prior=2.10e-04/1.04e-04 | Best 0.0975 | Patience 28/40
 >> Epoch 087 | Train Total=0.6867 | Val post/prior Total=0.6512/0.6989, Recon post/prior=0.5760/0.5712, KL=0.0206, CycSim post/prior=0.0577/0.0377, CycMeas=0.0980, PriorBnd post/prior=1.36e-04/1.13e-04 | Best 0.0975 | Patience 29/40
 >> Epoch 088 | Train Total=0.6874 | Val post/prior Total=0.6545/0.6993, Recon post/prior=0.5751/0.5702, KL=0.0222, CycSim post/prior=0.0609/0.0374, CycMeas=0.1000, PriorBnd post/prior=1.70e-04/1.32e-04 | Best 0.0975 | Patience 30/40
 >> Epoch 089 | Train Total=0.6882 | Val post/prior Total=0.6571/0.7103, Recon post/prior=0.5812/0.5778, KL=0.0206, CycSim post/prior=0.0584/0.0406, CycMeas=0.0998, PriorBnd post/prior=1.46e-04/1.03e-04 | Best 0.0975 | Patience 31/40
 >> Epoch 090 | Train Total=0.6896 | Val post/prior Total=0.6493/0.7001, Recon post/prior=0.5766/0.5726, KL=0.0206, CycSim post/prior=0.0556/0.0373, CycMeas=0.0985, PriorBnd post/prior=1.10e-04/1.13e-04 | Best 0.0975 | Patience 32/40
 >> Epoch 091 | Train Total=0.6895 | Val post/prior Total=0.6801/0.7410, Recon post/prior=0.5914/0.5894, KL=0.0196, CycSim post/prior=0.0693/0.0569, CycMeas=0.0995, PriorBnd post/prior=8.59e-05/6.79e-05 | Best 0.0975 | Patience 33/40
 >> Epoch 092 | Train Total=0.6886 | Val post/prior Total=0.6569/0.7081, Recon post/prior=0.5776/0.5746, KL=0.0234, CycSim post/prior=0.0609/0.0403, CycMeas=0.1014, PriorBnd post/prior=1.30e-04/1.14e-04 | Best 0.0975 | Patience 34/40
 >> Epoch 093 | Train Total=0.6913 | Val post/prior Total=0.6500/0.6988, Recon post/prior=0.5771/0.5725, KL=0.0211, CycSim post/prior=0.0557/0.0364, CycMeas=0.0982, PriorBnd post/prior=1.42e-04/1.11e-04 | Best 0.0975 | Patience 35/40
 >> Epoch 094 | Train Total=0.6932 | Val post/prior Total=0.6490/0.6989, Recon post/prior=0.5759/0.5718, KL=0.0206, CycSim post/prior=0.0558/0.0370, CycMeas=0.0983, PriorBnd post/prior=1.54e-04/1.09e-04 | Best 0.0975 | Patience 36/40
 >> Epoch 095 | Train Total=0.6922 | Val post/prior Total=0.6684/0.7250, Recon post/prior=0.5894/0.5863, KL=0.0207, CycSim post/prior=0.0612/0.0475, CycMeas=0.0976, PriorBnd post/prior=7.49e-05/6.81e-05 | Best 0.0975 | Patience 37/40
 >> Epoch 096 | Train Total=0.6927 | Val post/prior Total=0.6518/0.6969, Recon post/prior=0.5758/0.5705, KL=0.0228, CycSim post/prior=0.0581/0.0369, CycMeas=0.0974, PriorBnd post/prior=1.67e-04/1.16e-04 | Best 0.0975 | Patience 38/40
[Update] best val_cyc_meas improved to 0.097424 @ epoch 96
 >> Epoch 097 | Train Total=0.6935 | Val post/prior Total=0.6577/0.7097, Recon post/prior=0.5796/0.5761, KL=0.0212, CycSim post/prior=0.0602/0.0421, CycMeas=0.0988, PriorBnd post/prior=1.27e-04/1.07e-04 | Best 0.0974 | Patience 1/40
 >> Epoch 098 | Train Total=0.6951 | Val post/prior Total=0.6481/0.6969, Recon post/prior=0.5753/0.5714, KL=0.0218, CycSim post/prior=0.0555/0.0357, CycMeas=0.0981, PriorBnd post/prior=1.41e-04/1.19e-04 | Best 0.0974 | Patience 2/40
 >> Epoch 099 | Train Total=0.6963 | Val post/prior Total=0.6483/0.7033, Recon post/prior=0.5755/0.5711, KL=0.0214, CycSim post/prior=0.0555/0.0371, CycMeas=0.1045, PriorBnd post/prior=1.39e-04/1.19e-04 | Best 0.0974 | Patience 3/40
 >> Epoch 100 | Train Total=0.6946 | Val post/prior Total=0.6478/0.6960, Recon post/prior=0.5750/0.5704, KL=0.0214, CycSim post/prior=0.0555/0.0358, CycMeas=0.0982, PriorBnd post/prior=1.87e-04/1.23e-04 | Best 0.0974 | Patience 4/40
 >> Epoch 101 | Train Total=0.6971 | Val post/prior Total=0.6481/0.6955, Recon post/prior=0.5753/0.5704, KL=0.0220, CycSim post/prior=0.0555/0.0360, CycMeas=0.0972, PriorBnd post/prior=2.02e-04/1.21e-04 | Best 0.0974 | Patience 5/40
[Update] best val_cyc_meas improved to 0.097196 @ epoch 101
 >> Epoch 102 | Train Total=0.6962 | Val post/prior Total=0.6484/0.6997, Recon post/prior=0.5769/0.5733, KL=0.0208, CycSim post/prior=0.0546/0.0359, CycMeas=0.0990, PriorBnd post/prior=1.35e-04/1.11e-04 | Best 0.0972 | Patience 1/40
 >> Epoch 103 | Train Total=0.6987 | Val post/prior Total=0.6474/0.7005, Recon post/prior=0.5772/0.5739, KL=0.0205, CycSim post/prior=0.0536/0.0371, CycMeas=0.0975, PriorBnd post/prior=1.33e-04/1.14e-04 | Best 0.0972 | Patience 2/40
 >> Epoch 104 | Train Total=0.6980 | Val post/prior Total=0.6495/0.7037, Recon post/prior=0.5779/0.5745, KL=0.0198, CycSim post/prior=0.0548/0.0385, CycMeas=0.0988, PriorBnd post/prior=1.79e-04/1.10e-04 | Best 0.0972 | Patience 3/40
 >> Epoch 105 | Train Total=0.7024 | Val post/prior Total=0.6527/0.7035, Recon post/prior=0.5785/0.5752, KL=0.0220, CycSim post/prior=0.0568/0.0383, CycMeas=0.0979, PriorBnd post/prior=1.18e-04/1.05e-04 | Best 0.0972 | Patience 4/40
 >> Epoch 106 | Train Total=0.7023 | Val post/prior Total=0.7169/0.7820, Recon post/prior=0.6148/0.6141, KL=0.0394, CycSim post/prior=0.0791/0.0666, CycMeas=0.1059, PriorBnd post/prior=7.03e-05/7.49e-05 | Best 0.0972 | Patience 5/40
 >> Epoch 107 | Train Total=0.7023 | Val post/prior Total=0.6469/0.6963, Recon post/prior=0.5756/0.5709, KL=0.0214, CycSim post/prior=0.0544/0.0357, CycMeas=0.0981, PriorBnd post/prior=1.31e-04/1.17e-04 | Best 0.0972 | Patience 6/40
 >> Epoch 108 | Train Total=0.7022 | Val post/prior Total=0.6614/0.7185, Recon post/prior=0.5857/0.5832, KL=0.0219, CycSim post/prior=0.0582/0.0442, CycMeas=0.0980, PriorBnd post/prior=1.60e-04/8.15e-05 | Best 0.0972 | Patience 7/40
 >> Epoch 109 | Train Total=0.7042 | Val post/prior Total=0.6497/0.6963, Recon post/prior=0.5759/0.5708, KL=0.0234, CycSim post/prior=0.0563/0.0358, CycMeas=0.0981, PriorBnd post/prior=1.32e-04/1.20e-04 | Best 0.0972 | Patience 8/40
 >> Epoch 110 | Train Total=0.7042 | Val post/prior Total=0.6547/0.6998, Recon post/prior=0.5766/0.5713, KL=0.0202, CycSim post/prior=0.0601/0.0389, CycMeas=0.0973, PriorBnd post/prior=1.47e-04/1.14e-04 | Best 0.0972 | Patience 9/40
 >> Epoch 111 | Train Total=0.7037 | Val post/prior Total=0.6482/0.6980, Recon post/prior=0.5758/0.5714, KL=0.0204, CycSim post/prior=0.0554/0.0362, CycMeas=0.0989, PriorBnd post/prior=2.19e-04/1.13e-04 | Best 0.0972 | Patience 10/40
 >> Epoch 112 | Train Total=0.7043 | Val post/prior Total=0.6946/0.7529, Recon post/prior=0.6021/0.6005, KL=0.0345, CycSim post/prior=0.0714/0.0569, CycMeas=0.1007, PriorBnd post/prior=8.90e-05/7.63e-05 | Best 0.0972 | Patience 11/40
 >> Epoch 113 | Train Total=0.7051 | Val post/prior Total=0.6550/0.7046, Recon post/prior=0.5798/0.5758, KL=0.0227, CycSim post/prior=0.0576/0.0391, CycMeas=0.0975, PriorBnd post/prior=1.39e-04/1.03e-04 | Best 0.0972 | Patience 12/40
 >> Epoch 114 | Train Total=0.7050 | Val post/prior Total=0.6490/0.6993, Recon post/prior=0.5758/0.5718, KL=0.0218, CycSim post/prior=0.0559/0.0369, CycMeas=0.0991, PriorBnd post/prior=1.34e-04/1.16e-04 | Best 0.0972 | Patience 13/40
 >> Epoch 115 | Train Total=0.7057 | Val post/prior Total=0.6473/0.6961, Recon post/prior=0.5754/0.5706, KL=0.0226, CycSim post/prior=0.0547/0.0359, CycMeas=0.0979, PriorBnd post/prior=1.44e-04/1.12e-04 | Best 0.0972 | Patience 14/40
 >> Epoch 116 | Train Total=0.7058 | Val post/prior Total=0.6505/0.6974, Recon post/prior=0.5758/0.5714, KL=0.0235, CycSim post/prior=0.0570/0.0367, CycMeas=0.0973, PriorBnd post/prior=1.59e-04/1.20e-04 | Best 0.0972 | Patience 15/40
 >> Epoch 117 | Train Total=0.7040 | Val post/prior Total=0.6488/0.6988, Recon post/prior=0.5762/0.5722, KL=0.0210, CycSim post/prior=0.0555/0.0364, CycMeas=0.0986, PriorBnd post/prior=1.70e-04/1.18e-04 | Best 0.0972 | Patience 16/40
 >> Epoch 118 | Train Total=0.7042 | Val post/prior Total=0.6540/0.7046, Recon post/prior=0.5795/0.5756, KL=0.0196, CycSim post/prior=0.0573/0.0390, CycMeas=0.0979, PriorBnd post/prior=1.19e-04/9.63e-05 | Best 0.0972 | Patience 17/40
 >> Epoch 119 | Train Total=0.7053 | Val post/prior Total=0.6460/0.6994, Recon post/prior=0.5764/0.5732, KL=0.0204, CycSim post/prior=0.0530/0.0368, CycMeas=0.0974, PriorBnd post/prior=9.17e-05/1.02e-04 | Best 0.0972 | Patience 18/40
 >> Epoch 120 | Train Total=0.7046 | Val post/prior Total=0.6505/0.6974, Recon post/prior=0.5751/0.5714, KL=0.0223, CycSim post/prior=0.0576/0.0364, CycMeas=0.0977, PriorBnd post/prior=1.61e-04/1.27e-04 | Best 0.0972 | Patience 19/40
 >> Epoch 121 | Train Total=0.7059 | Val post/prior Total=0.6536/0.7060, Recon post/prior=0.5803/0.5769, KL=0.0202, CycSim post/prior=0.0563/0.0393, CycMeas=0.0976, PriorBnd post/prior=1.40e-04/9.74e-05 | Best 0.0972 | Patience 20/40
 >> Epoch 122 | Train Total=0.7045 | Val post/prior Total=0.6507/0.7025, Recon post/prior=0.5792/0.5742, KL=0.0210, CycSim post/prior=0.0546/0.0385, CycMeas=0.0977, PriorBnd post/prior=1.83e-04/1.03e-04 | Best 0.0972 | Patience 21/40
 >> Epoch 123 | Train Total=0.7066 | Val post/prior Total=0.6464/0.6970, Recon post/prior=0.5753/0.5709, KL=0.0211, CycSim post/prior=0.0542/0.0361, CycMeas=0.0983, PriorBnd post/prior=1.54e-04/1.18e-04 | Best 0.0972 | Patience 22/40
 >> Epoch 124 | Train Total=0.7057 | Val post/prior Total=0.6512/0.6996, Recon post/prior=0.5766/0.5725, KL=0.0219, CycSim post/prior=0.0571/0.0375, CycMeas=0.0975, PriorBnd post/prior=1.64e-04/1.14e-04 | Best 0.0972 | Patience 23/40
 >> Epoch 125 | Train Total=0.7039 | Val post/prior Total=0.6539/0.7014, Recon post/prior=0.5755/0.5707, KL=0.0217, CycSim post/prior=0.0602/0.0389, CycMeas=0.0998, PriorBnd post/prior=1.45e-04/1.19e-04 | Best 0.0972 | Patience 24/40
 >> Epoch 126 | Train Total=0.7035 | Val post/prior Total=0.6845/0.7415, Recon post/prior=0.5972/0.5945, KL=0.0241, CycSim post/prior=0.0679/0.0546, CycMeas=0.0973, PriorBnd post/prior=6.66e-05/6.16e-05 | Best 0.0972 | Patience 25/40
 >> Epoch 127 | Train Total=0.7048 | Val post/prior Total=0.6716/0.7274, Recon post/prior=0.5864/0.5827, KL=0.0214, CycSim post/prior=0.0662/0.0512, CycMeas=0.0994, PriorBnd post/prior=1.07e-04/8.15e-05 | Best 0.0972 | Patience 26/40
 >> Epoch 128 | Train Total=0.7027 | Val post/prior Total=0.6553/0.7058, Recon post/prior=0.5787/0.5760, KL=0.0252, CycSim post/prior=0.0585/0.0399, CycMeas=0.0973, PriorBnd post/prior=1.13e-04/1.08e-04 | Best 0.0972 | Patience 27/40
 >> Epoch 129 | Train Total=0.7045 | Val post/prior Total=0.6510/0.7046, Recon post/prior=0.5793/0.5763, KL=0.0209, CycSim post/prior=0.0548/0.0388, CycMeas=0.0973, PriorBnd post/prior=1.13e-04/1.05e-04 | Best 0.0972 | Patience 28/40
 >> Epoch 130 | Train Total=0.7049 | Val post/prior Total=0.6491/0.7023, Recon post/prior=0.5779/0.5748, KL=0.0199, CycSim post/prior=0.0544/0.0379, CycMeas=0.0974, PriorBnd post/prior=1.54e-04/1.02e-04 | Best 0.0972 | Patience 29/40
 >> Epoch 131 | Train Total=0.7039 | Val post/prior Total=0.6489/0.6969, Recon post/prior=0.5760/0.5714, KL=0.0207, CycSim post/prior=0.0557/0.0362, CycMeas=0.0975, PriorBnd post/prior=1.79e-04/1.07e-04 | Best 0.0972 | Patience 30/40
 >> Epoch 132 | Train Total=0.7028 | Val post/prior Total=0.6484/0.6966, Recon post/prior=0.5752/0.5705, KL=0.0216, CycSim post/prior=0.0560/0.0366, CycMeas=0.0976, PriorBnd post/prior=1.50e-04/1.19e-04 | Best 0.0972 | Patience 31/40
 >> Epoch 133 | Train Total=0.7028 | Val post/prior Total=0.6512/0.7010, Recon post/prior=0.5779/0.5734, KL=0.0202, CycSim post/prior=0.0562/0.0381, CycMeas=0.0974, PriorBnd post/prior=1.08e-04/1.01e-04 | Best 0.0972 | Patience 32/40
 >> Epoch 134 | Train Total=0.7032 | Val post/prior Total=0.6489/0.6966, Recon post/prior=0.5753/0.5702, KL=0.0227, CycSim post/prior=0.0561/0.0361, CycMeas=0.0987, PriorBnd post/prior=1.89e-04/1.23e-04 | Best 0.0972 | Patience 33/40
 >> Epoch 135 | Train Total=0.7044 | Val post/prior Total=0.6514/0.6982, Recon post/prior=0.5758/0.5717, KL=0.0222, CycSim post/prior=0.0579/0.0370, CycMeas=0.0975, PriorBnd post/prior=1.59e-04/1.15e-04 | Best 0.0972 | Patience 34/40
 >> Epoch 136 | Train Total=0.7046 | Val post/prior Total=0.6506/0.7061, Recon post/prior=0.5769/0.5728, KL=0.0208, CycSim post/prior=0.0564/0.0373, CycMeas=0.1057, PriorBnd post/prior=1.53e-04/1.12e-04 | Best 0.0972 | Patience 35/40
 >> Epoch 137 | Train Total=0.7038 | Val post/prior Total=0.6495/0.6980, Recon post/prior=0.5760/0.5719, KL=0.0210, CycSim post/prior=0.0562/0.0363, CycMeas=0.0981, PriorBnd post/prior=1.29e-04/1.16e-04 | Best 0.0972 | Patience 36/40
 >> Epoch 138 | Train Total=0.7054 | Val post/prior Total=0.6523/0.6978, Recon post/prior=0.5751/0.5705, KL=0.0219, CycSim post/prior=0.0592/0.0375, CycMeas=0.0979, PriorBnd post/prior=1.29e-04/1.22e-04 | Best 0.0972 | Patience 37/40
 >> Epoch 139 | Train Total=0.7044 | Val post/prior Total=0.6528/0.7029, Recon post/prior=0.5776/0.5739, KL=0.0215, CycSim post/prior=0.0576/0.0388, CycMeas=0.0980, PriorBnd post/prior=1.07e-04/1.10e-04 | Best 0.0972 | Patience 38/40
 >> Epoch 140 | Train Total=0.7047 | Val post/prior Total=0.6525/0.6987, Recon post/prior=0.5756/0.5706, KL=0.0209, CycSim post/prior=0.0591/0.0379, CycMeas=0.0980, PriorBnd post/prior=1.51e-04/1.24e-04 | Best 0.0972 | Patience 39/40
 >> Epoch 141 | Train Total=0.7049 | Val post/prior Total=0.6505/0.6973, Recon post/prior=0.5757/0.5716, KL=0.0207, CycSim post/prior=0.0573/0.0359, CycMeas=0.0982, PriorBnd post/prior=1.79e-04/1.20e-04 | Best 0.0972 | Patience 40/40
[EarlyStop] at epoch 141
[Diag] Start to calcaulte diag in test preocess... 
[Diag] wrote 28930 rows to temp_Bidi_cvae\cvae_20251105-135451\diag_test.csv
[Diag] proxy_floor_ps  P50=0.0095  P90=0.0228  P95=0.0348  P99=0.2440
[Test] prior total=0.694307 | prior recon=0.569400 | kl=0.014740 | prior cyc_sim=0.035274 | cyc_meas=0.098059 | prior_l2=0.413047 | prior_bnd=0.000068 | 
