[log] tee initialized at 2025-11-20 00:14:17 -> temp_Unidi_cvae_symmetric\session_20251120-001417.log
Using CUDA device 0: NVIDIA GeForce RTX 4060 Laptop GPU
[log] tee initialized at 2025-11-20 00:14:21 -> temp_Unidi_cvae_symmetric\cvae_20251120-001421\train.log
[L_trust] using 20000 ref rows from temp_Unidi_cvae_symmetric/proxy_mask1\proxy_Ytr_norm.npy
 >> Epoch 001 | Train Total=0.9203 | Val post/prior Total=0.8914/0.9983, Recon post/prior=0.7005/0.6894, KL=0.0892, CycSim post/prior=0.1420/0.0542, CycMeas=0.3014, PriorBnd post/prior=5.62e-06/1.17e-06 | Best inf | Patience 1/40
[Update] best val_cyc_meas improved to 0.301427 @ epoch 1
 >> Epoch 002 | Train Total=0.7108 | Val post/prior Total=0.8318/0.8198, Recon post/prior=0.6780/0.6691, KL=0.0460, CycSim post/prior=0.1182/0.0446, CycMeas=0.1180, PriorBnd post/prior=4.42e-06/9.66e-07 | Best 0.3014 | Patience 1/40
[Update] best val_cyc_meas improved to 0.118024 @ epoch 2
 >> Epoch 003 | Train Total=0.6826 | Val post/prior Total=0.8070/0.8400, Recon post/prior=0.6662/0.6594, KL=0.0300, CycSim post/prior=0.1099/0.0510, CycMeas=0.1456, PriorBnd post/prior=3.06e-06/5.61e-07 | Best 0.1180 | Patience 1/40
 >> Epoch 004 | Train Total=0.6670 | Val post/prior Total=0.7809/0.7718, Recon post/prior=0.6563/0.6496, KL=0.0220, CycSim post/prior=0.0977/0.0370, CycMeas=0.0936, PriorBnd post/prior=2.62e-06/7.06e-07 | Best 0.1180 | Patience 2/40
[Update] best val_cyc_meas improved to 0.093571 @ epoch 4
 >> Epoch 005 | Train Total=0.6564 | Val post/prior Total=0.7588/0.7657, Recon post/prior=0.6495/0.6438, KL=0.0177, CycSim post/prior=0.0856/0.0379, CycMeas=0.0917, PriorBnd post/prior=2.94e-06/9.78e-07 | Best 0.0936 | Patience 1/40
[Update] best val_cyc_meas improved to 0.091744 @ epoch 5
 >> Epoch 006 | Train Total=0.6472 | Val post/prior Total=0.7644/0.7732, Recon post/prior=0.6445/0.6378, KL=0.0158, CycSim post/prior=0.0947/0.0414, CycMeas=0.1032, PriorBnd post/prior=4.26e-06/1.70e-06 | Best 0.0917 | Patience 1/40
 >> Epoch 007 | Train Total=0.6420 | Val post/prior Total=0.7450/0.7679, Recon post/prior=0.6407/0.6354, KL=0.0144, CycSim post/prior=0.0819/0.0397, CycMeas=0.1021, PriorBnd post/prior=4.68e-06/1.92e-06 | Best 0.0917 | Patience 2/40
 >> Epoch 008 | Train Total=0.6385 | Val post/prior Total=0.7491/0.7825, Recon post/prior=0.6373/0.6323, KL=0.0130, CycSim post/prior=0.0884/0.0394, CycMeas=0.1247, PriorBnd post/prior=3.71e-06/1.64e-06 | Best 0.0917 | Patience 3/40
 >> Epoch 009 | Train Total=0.6345 | Val post/prior Total=0.7367/0.7736, Recon post/prior=0.6330/0.6280, KL=0.0118, CycSim post/prior=0.0817/0.0343, CycMeas=0.1266, PriorBnd post/prior=3.85e-06/2.59e-06 | Best 0.0917 | Patience 4/40
 >> Epoch 010 | Train Total=0.6301 | Val post/prior Total=0.7337/0.7513, Recon post/prior=0.6291/0.6240, KL=0.0109, CycSim post/prior=0.0826/0.0382, CycMeas=0.0976, PriorBnd post/prior=4.50e-06/2.76e-06 | Best 0.0917 | Patience 5/40
 >> Epoch 011 | Train Total=0.6244 | Val post/prior Total=0.7206/0.7360, Recon post/prior=0.6251/0.6207, KL=0.0103, CycSim post/prior=0.0751/0.0321, CycMeas=0.0919, PriorBnd post/prior=3.92e-06/3.06e-06 | Best 0.0917 | Patience 6/40
 >> Epoch 012 | Train Total=0.6221 | Val post/prior Total=0.7203/0.7369, Recon post/prior=0.6228/0.6184, KL=0.0098, CycSim post/prior=0.0768/0.0332, CycMeas=0.0942, PriorBnd post/prior=3.50e-06/2.41e-06 | Best 0.0917 | Patience 7/40
 >> Epoch 013 | Train Total=0.6201 | Val post/prior Total=0.7119/0.7332, Recon post/prior=0.6202/0.6156, KL=0.0092, CycSim post/prior=0.0721/0.0293, CycMeas=0.0990, PriorBnd post/prior=3.17e-06/2.79e-06 | Best 0.0917 | Patience 8/40
 >> Epoch 014 | Train Total=0.6178 | Val post/prior Total=0.7248/0.7419, Recon post/prior=0.6170/0.6125, KL=0.0090, CycSim post/prior=0.0856/0.0416, CycMeas=0.0952, PriorBnd post/prior=5.27e-06/4.03e-06 | Best 0.0917 | Patience 9/40
 >> Epoch 015 | Train Total=0.6157 | Val post/prior Total=0.7015/0.7352, Recon post/prior=0.6144/0.6098, KL=0.0085, CycSim post/prior=0.0683/0.0381, CycMeas=0.0953, PriorBnd post/prior=4.45e-06/3.72e-06 | Best 0.0917 | Patience 10/40
 >> Epoch 016 | Train Total=0.6114 | Val post/prior Total=0.6948/0.7297, Recon post/prior=0.6107/0.6064, KL=0.0081, CycSim post/prior=0.0659/0.0304, CycMeas=0.1043, PriorBnd post/prior=4.13e-06/3.22e-06 | Best 0.0917 | Patience 11/40
 >> Epoch 017 | Train Total=0.6089 | Val post/prior Total=0.6940/0.7183, Recon post/prior=0.6093/0.6051, KL=0.0080, CycSim post/prior=0.0663/0.0313, CycMeas=0.0903, PriorBnd post/prior=3.89e-06/3.07e-06 | Best 0.0917 | Patience 12/40
[Update] best val_cyc_meas improved to 0.090293 @ epoch 17
 >> Epoch 018 | Train Total=0.6074 | Val post/prior Total=0.7056/0.7256, Recon post/prior=0.6081/0.6030, KL=0.0078, CycSim post/prior=0.0770/0.0379, CycMeas=0.0921, PriorBnd post/prior=5.69e-06/3.82e-06 | Best 0.0903 | Patience 1/40
 >> Epoch 019 | Train Total=0.6071 | Val post/prior Total=0.6876/0.7167, Recon post/prior=0.6045/0.6002, KL=0.0075, CycSim post/prior=0.0651/0.0333, CycMeas=0.0913, PriorBnd post/prior=6.12e-06/3.94e-06 | Best 0.0903 | Patience 2/40
 >> Epoch 020 | Train Total=0.6058 | Val post/prior Total=0.6813/0.7122, Recon post/prior=0.6022/0.5987, KL=0.0073, CycSim post/prior=0.0618/0.0300, CycMeas=0.0926, PriorBnd post/prior=5.63e-06/3.96e-06 | Best 0.0903 | Patience 3/40
 >> Epoch 021 | Train Total=0.6011 | Val post/prior Total=0.6778/0.7071, Recon post/prior=0.6006/0.5965, KL=0.0070, CycSim post/prior=0.0602/0.0299, CycMeas=0.0891, PriorBnd post/prior=5.61e-06/4.00e-06 | Best 0.0903 | Patience 4/40
[Update] best val_cyc_meas improved to 0.089123 @ epoch 21
 >> Epoch 022 | Train Total=0.5994 | Val post/prior Total=0.6797/0.7044, Recon post/prior=0.5980/0.5930, KL=0.0068, CycSim post/prior=0.0640/0.0298, CycMeas=0.0902, PriorBnd post/prior=6.70e-06/4.58e-06 | Best 0.0891 | Patience 1/40
 >> Epoch 023 | Train Total=0.5986 | Val post/prior Total=0.6779/0.7040, Recon post/prior=0.5963/0.5917, KL=0.0069, CycSim post/prior=0.0639/0.0300, CycMeas=0.0909, PriorBnd post/prior=7.29e-06/5.05e-06 | Best 0.0891 | Patience 2/40
 >> Epoch 024 | Train Total=0.5976 | Val post/prior Total=0.6720/0.7072, Recon post/prior=0.5953/0.5902, KL=0.0066, CycSim post/prior=0.0598/0.0304, CycMeas=0.0963, PriorBnd post/prior=5.65e-06/4.28e-06 | Best 0.0891 | Patience 3/40
 >> Epoch 025 | Train Total=0.5963 | Val post/prior Total=0.6708/0.6961, Recon post/prior=0.5921/0.5882, KL=0.0068, CycSim post/prior=0.0614/0.0265, CycMeas=0.0908, PriorBnd post/prior=8.31e-06/5.39e-06 | Best 0.0891 | Patience 4/40
 >> Epoch 026 | Train Total=0.5941 | Val post/prior Total=0.6707/0.6946, Recon post/prior=0.5911/0.5864, KL=0.0064, CycSim post/prior=0.0622/0.0263, CycMeas=0.0914, PriorBnd post/prior=5.69e-06/4.47e-06 | Best 0.0891 | Patience 5/40
 >> Epoch 027 | Train Total=0.5920 | Val post/prior Total=0.6663/0.6941, Recon post/prior=0.5898/0.5861, KL=0.0062, CycSim post/prior=0.0597/0.0257, CycMeas=0.0920, PriorBnd post/prior=6.56e-06/4.89e-06 | Best 0.0891 | Patience 6/40
 >> Epoch 028 | Train Total=0.5918 | Val post/prior Total=0.6631/0.6926, Recon post/prior=0.5890/0.5855, KL=0.0062, CycSim post/prior=0.0577/0.0259, CycMeas=0.0905, PriorBnd post/prior=6.49e-06/4.18e-06 | Best 0.0891 | Patience 7/40
 >> Epoch 029 | Train Total=0.5909 | Val post/prior Total=0.6611/0.6902, Recon post/prior=0.5867/0.5821, KL=0.0062, CycSim post/prior=0.0579/0.0264, CycMeas=0.0910, PriorBnd post/prior=9.94e-06/5.47e-06 | Best 0.0891 | Patience 8/40
 >> Epoch 030 | Train Total=0.5904 | Val post/prior Total=0.6611/0.6864, Recon post/prior=0.5862/0.5809, KL=0.0060, CycSim post/prior=0.0583/0.0257, CycMeas=0.0888, PriorBnd post/prior=6.87e-06/4.51e-06 | Best 0.0891 | Patience 9/40
[Update] best val_cyc_meas improved to 0.088813 @ epoch 30
 >> Epoch 031 | Train Total=0.5895 | Val post/prior Total=0.6613/0.6852, Recon post/prior=0.5844/0.5802, KL=0.0060, CycSim post/prior=0.0599/0.0252, CycMeas=0.0889, PriorBnd post/prior=8.02e-06/5.58e-06 | Best 0.0888 | Patience 1/40
 >> Epoch 032 | Train Total=0.5872 | Val post/prior Total=0.6608/0.6848, Recon post/prior=0.5843/0.5795, KL=0.0060, CycSim post/prior=0.0597/0.0243, CycMeas=0.0906, PriorBnd post/prior=6.67e-06/4.87e-06 | Best 0.0888 | Patience 2/40
 >> Epoch 033 | Train Total=0.5870 | Val post/prior Total=0.6620/0.6887, Recon post/prior=0.5825/0.5775, KL=0.0060, CycSim post/prior=0.0622/0.0277, CycMeas=0.0929, PriorBnd post/prior=9.75e-06/5.66e-06 | Best 0.0888 | Patience 3/40
 >> Epoch 034 | Train Total=0.5867 | Val post/prior Total=0.6573/0.6852, Recon post/prior=0.5813/0.5765, KL=0.0060, CycSim post/prior=0.0593/0.0261, CycMeas=0.0922, PriorBnd post/prior=8.45e-06/5.37e-06 | Best 0.0888 | Patience 4/40
 >> Epoch 035 | Train Total=0.5875 | Val post/prior Total=0.6539/0.6815, Recon post/prior=0.5808/0.5763, KL=0.0058, CycSim post/prior=0.0568/0.0243, CycMeas=0.0905, PriorBnd post/prior=7.30e-06/4.72e-06 | Best 0.0888 | Patience 5/40
 >> Epoch 036 | Train Total=0.5862 | Val post/prior Total=0.6573/0.6841, Recon post/prior=0.5794/0.5755, KL=0.0059, CycSim post/prior=0.0607/0.0250, CycMeas=0.0936, PriorBnd post/prior=9.03e-06/5.28e-06 | Best 0.0888 | Patience 6/40
 >> Epoch 037 | Train Total=0.5843 | Val post/prior Total=0.6519/0.6828, Recon post/prior=0.5791/0.5742, KL=0.0058, CycSim post/prior=0.0566/0.0237, CycMeas=0.0956, PriorBnd post/prior=7.79e-06/4.63e-06 | Best 0.0888 | Patience 7/40
 >> Epoch 038 | Train Total=0.5847 | Val post/prior Total=0.6541/0.6765, Recon post/prior=0.5782/0.5735, KL=0.0059, CycSim post/prior=0.0591/0.0235, CycMeas=0.0888, PriorBnd post/prior=8.95e-06/5.78e-06 | Best 0.0888 | Patience 8/40
[Update] best val_cyc_meas improved to 0.088788 @ epoch 38
 >> Epoch 039 | Train Total=0.5854 | Val post/prior Total=0.6509/0.6843, Recon post/prior=0.5782/0.5746, KL=0.0058, CycSim post/prior=0.0565/0.0246, CycMeas=0.0956, PriorBnd post/prior=8.41e-06/4.69e-06 | Best 0.0888 | Patience 1/40
 >> Epoch 040 | Train Total=0.5853 | Val post/prior Total=0.6508/0.6766, Recon post/prior=0.5770/0.5734, KL=0.0057, CycSim post/prior=0.0575/0.0237, CycMeas=0.0889, PriorBnd post/prior=7.94e-06/5.12e-06 | Best 0.0888 | Patience 2/40
 >> Epoch 041 | Train Total=0.5845 | Val post/prior Total=0.6516/0.6814, Recon post/prior=0.5766/0.5727, KL=0.0058, CycSim post/prior=0.0583/0.0246, CycMeas=0.0943, PriorBnd post/prior=7.79e-06/5.05e-06 | Best 0.0888 | Patience 3/40
 >> Epoch 042 | Train Total=0.5834 | Val post/prior Total=0.6499/0.6804, Recon post/prior=0.5764/0.5722, KL=0.0057, CycSim post/prior=0.0572/0.0230, CycMeas=0.0960, PriorBnd post/prior=7.19e-06/4.71e-06 | Best 0.0888 | Patience 4/40
 >> Epoch 043 | Train Total=0.5843 | Val post/prior Total=0.6484/0.6741, Recon post/prior=0.5763/0.5720, KL=0.0057, CycSim post/prior=0.0559/0.0228, CycMeas=0.0888, PriorBnd post/prior=6.67e-06/4.61e-06 | Best 0.0888 | Patience 5/40
[Update] best val_cyc_meas improved to 0.088768 @ epoch 43
 >> Epoch 044 | Train Total=0.5845 | Val post/prior Total=0.6478/0.6771, Recon post/prior=0.5757/0.5710, KL=0.0057, CycSim post/prior=0.0560/0.0241, CycMeas=0.0918, PriorBnd post/prior=7.33e-06/4.45e-06 | Best 0.0888 | Patience 1/40
 >> Epoch 045 | Train Total=0.5848 | Val post/prior Total=0.6467/0.6757, Recon post/prior=0.5747/0.5704, KL=0.0055, CycSim post/prior=0.0559/0.0232, CycMeas=0.0921, PriorBnd post/prior=9.96e-06/5.59e-06 | Best 0.0888 | Patience 2/40
 >> Epoch 046 | Train Total=0.5840 | Val post/prior Total=0.6478/0.6724, Recon post/prior=0.5746/0.5698, KL=0.0057, CycSim post/prior=0.0568/0.0226, CycMeas=0.0897, PriorBnd post/prior=7.56e-06/5.16e-06 | Best 0.0888 | Patience 3/40
 >> Epoch 047 | Train Total=0.5839 | Val post/prior Total=0.6450/0.6739, Recon post/prior=0.5746/0.5706, KL=0.0055, CycSim post/prior=0.0546/0.0234, CycMeas=0.0894, PriorBnd post/prior=8.78e-06/4.77e-06 | Best 0.0888 | Patience 4/40
 >> Epoch 048 | Train Total=0.5840 | Val post/prior Total=0.6489/0.6715, Recon post/prior=0.5741/0.5693, KL=0.0056, CycSim post/prior=0.0582/0.0231, CycMeas=0.0883, PriorBnd post/prior=8.46e-06/5.66e-06 | Best 0.0888 | Patience 5/40
[Update] best val_cyc_meas improved to 0.088339 @ epoch 48
 >> Epoch 049 | Train Total=0.5849 | Val post/prior Total=0.6467/0.6730, Recon post/prior=0.5742/0.5706, KL=0.0056, CycSim post/prior=0.0563/0.0228, CycMeas=0.0892, PriorBnd post/prior=9.00e-06/4.89e-06 | Best 0.0883 | Patience 1/40
 >> Epoch 050 | Train Total=0.5849 | Val post/prior Total=0.6480/0.6721, Recon post/prior=0.5736/0.5695, KL=0.0058, CycSim post/prior=0.0579/0.0227, CycMeas=0.0894, PriorBnd post/prior=8.95e-06/5.03e-06 | Best 0.0883 | Patience 2/40
 >> Epoch 051 | Train Total=0.5855 | Val post/prior Total=0.6449/0.6728, Recon post/prior=0.5734/0.5696, KL=0.0056, CycSim post/prior=0.0555/0.0238, CycMeas=0.0885, PriorBnd post/prior=7.18e-06/4.31e-06 | Best 0.0883 | Patience 3/40
 >> Epoch 052 | Train Total=0.5849 | Val post/prior Total=0.6450/0.6710, Recon post/prior=0.5739/0.5689, KL=0.0055, CycSim post/prior=0.0551/0.0220, CycMeas=0.0900, PriorBnd post/prior=9.27e-06/5.15e-06 | Best 0.0883 | Patience 4/40
 >> Epoch 053 | Train Total=0.5854 | Val post/prior Total=0.6466/0.6695, Recon post/prior=0.5736/0.5686, KL=0.0056, CycSim post/prior=0.0567/0.0220, CycMeas=0.0884, PriorBnd post/prior=1.00e-05/5.59e-06 | Best 0.0883 | Patience 5/40
 >> Epoch 054 | Train Total=0.5851 | Val post/prior Total=0.6448/0.6692, Recon post/prior=0.5726/0.5683, KL=0.0055, CycSim post/prior=0.0560/0.0217, CycMeas=0.0888, PriorBnd post/prior=1.08e-05/4.98e-06 | Best 0.0883 | Patience 6/40
 >> Epoch 055 | Train Total=0.5861 | Val post/prior Total=0.6464/0.6695, Recon post/prior=0.5730/0.5682, KL=0.0057, CycSim post/prior=0.0571/0.0224, CycMeas=0.0883, PriorBnd post/prior=9.76e-06/4.93e-06 | Best 0.0883 | Patience 7/40
[Update] best val_cyc_meas improved to 0.088319 @ epoch 55
 >> Epoch 056 | Train Total=0.5868 | Val post/prior Total=0.6443/0.6701, Recon post/prior=0.5729/0.5685, KL=0.0056, CycSim post/prior=0.0554/0.0225, CycMeas=0.0886, PriorBnd post/prior=9.62e-06/4.98e-06 | Best 0.0883 | Patience 1/40
 >> Epoch 057 | Train Total=0.5873 | Val post/prior Total=0.6441/0.6699, Recon post/prior=0.5725/0.5686, KL=0.0055, CycSim post/prior=0.0555/0.0221, CycMeas=0.0888, PriorBnd post/prior=9.39e-06/5.23e-06 | Best 0.0883 | Patience 2/40
 >> Epoch 058 | Train Total=0.5868 | Val post/prior Total=0.6449/0.6724, Recon post/prior=0.5725/0.5695, KL=0.0055, CycSim post/prior=0.0562/0.0230, CycMeas=0.0895, PriorBnd post/prior=8.82e-06/4.55e-06 | Best 0.0883 | Patience 3/40
 >> Epoch 059 | Train Total=0.5871 | Val post/prior Total=0.6437/0.6723, Recon post/prior=0.5725/0.5683, KL=0.0055, CycSim post/prior=0.0552/0.0228, CycMeas=0.0912, PriorBnd post/prior=7.69e-06/4.37e-06 | Best 0.0883 | Patience 4/40
 >> Epoch 060 | Train Total=0.5873 | Val post/prior Total=0.6464/0.6695, Recon post/prior=0.5723/0.5675, KL=0.0055, CycSim post/prior=0.0577/0.0224, CycMeas=0.0891, PriorBnd post/prior=9.06e-06/5.92e-06 | Best 0.0883 | Patience 5/40
 >> Epoch 061 | Train Total=0.5878 | Val post/prior Total=0.6447/0.6686, Recon post/prior=0.5723/0.5675, KL=0.0056, CycSim post/prior=0.0562/0.0223, CycMeas=0.0883, PriorBnd post/prior=8.59e-06/5.06e-06 | Best 0.0883 | Patience 6/40
 >> Epoch 062 | Train Total=0.5880 | Val post/prior Total=0.6430/0.6687, Recon post/prior=0.5720/0.5677, KL=0.0055, CycSim post/prior=0.0550/0.0222, CycMeas=0.0882, PriorBnd post/prior=1.06e-05/4.81e-06 | Best 0.0883 | Patience 7/40
[Update] best val_cyc_meas improved to 0.088212 @ epoch 62
 >> Epoch 063 | Train Total=0.5891 | Val post/prior Total=0.6428/0.6781, Recon post/prior=0.5724/0.5686, KL=0.0056, CycSim post/prior=0.0545/0.0229, CycMeas=0.0976, PriorBnd post/prior=8.67e-06/5.39e-06 | Best 0.0882 | Patience 1/40
 >> Epoch 064 | Train Total=0.5890 | Val post/prior Total=0.6445/0.6705, Recon post/prior=0.5718/0.5674, KL=0.0054, CycSim post/prior=0.0564/0.0223, CycMeas=0.0907, PriorBnd post/prior=1.00e-05/5.35e-06 | Best 0.0882 | Patience 2/40
 >> Epoch 065 | Train Total=0.5897 | Val post/prior Total=0.6426/0.6698, Recon post/prior=0.5713/0.5677, KL=0.0056, CycSim post/prior=0.0553/0.0226, CycMeas=0.0890, PriorBnd post/prior=9.92e-06/5.16e-06 | Best 0.0882 | Patience 3/40
 >> Epoch 066 | Train Total=0.5901 | Val post/prior Total=0.6435/0.6680, Recon post/prior=0.5720/0.5670, KL=0.0055, CycSim post/prior=0.0555/0.0223, CycMeas=0.0880, PriorBnd post/prior=8.28e-06/5.27e-06 | Best 0.0882 | Patience 4/40
[Update] best val_cyc_meas improved to 0.088011 @ epoch 66
 >> Epoch 067 | Train Total=0.5901 | Val post/prior Total=0.6431/0.6700, Recon post/prior=0.5721/0.5679, KL=0.0055, CycSim post/prior=0.0551/0.0228, CycMeas=0.0887, PriorBnd post/prior=8.43e-06/5.23e-06 | Best 0.0880 | Patience 1/40
 >> Epoch 068 | Train Total=0.5913 | Val post/prior Total=0.6451/0.6691, Recon post/prior=0.5723/0.5681, KL=0.0056, CycSim post/prior=0.0565/0.0219, CycMeas=0.0887, PriorBnd post/prior=8.26e-06/5.52e-06 | Best 0.0880 | Patience 2/40
 >> Epoch 069 | Train Total=0.5921 | Val post/prior Total=0.6440/0.6693, Recon post/prior=0.5717/0.5672, KL=0.0055, CycSim post/prior=0.0561/0.0227, CycMeas=0.0888, PriorBnd post/prior=9.96e-06/5.57e-06 | Best 0.0880 | Patience 3/40
 >> Epoch 070 | Train Total=0.5922 | Val post/prior Total=0.6424/0.6723, Recon post/prior=0.5726/0.5677, KL=0.0056, CycSim post/prior=0.0540/0.0228, CycMeas=0.0918, PriorBnd post/prior=1.05e-05/5.21e-06 | Best 0.0880 | Patience 4/40
 >> Epoch 071 | Train Total=0.5921 | Val post/prior Total=0.6429/0.6693, Recon post/prior=0.5718/0.5680, KL=0.0056, CycSim post/prior=0.0551/0.0225, CycMeas=0.0881, PriorBnd post/prior=7.99e-06/4.75e-06 | Best 0.0880 | Patience 5/40
 >> Epoch 072 | Train Total=0.5929 | Val post/prior Total=0.6430/0.6686, Recon post/prior=0.5720/0.5672, KL=0.0056, CycSim post/prior=0.0551/0.0222, CycMeas=0.0886, PriorBnd post/prior=9.36e-06/4.74e-06 | Best 0.0880 | Patience 6/40
 >> Epoch 073 | Train Total=0.5937 | Val post/prior Total=0.6424/0.6717, Recon post/prior=0.5727/0.5692, KL=0.0054, CycSim post/prior=0.0540/0.0231, CycMeas=0.0889, PriorBnd post/prior=8.08e-06/3.70e-06 | Best 0.0880 | Patience 7/40
 >> Epoch 074 | Train Total=0.5939 | Val post/prior Total=0.6444/0.6691, Recon post/prior=0.5717/0.5674, KL=0.0055, CycSim post/prior=0.0564/0.0224, CycMeas=0.0887, PriorBnd post/prior=9.33e-06/5.05e-06 | Best 0.0880 | Patience 8/40
 >> Epoch 075 | Train Total=0.5944 | Val post/prior Total=0.6454/0.6692, Recon post/prior=0.5718/0.5668, KL=0.0055, CycSim post/prior=0.0573/0.0220, CycMeas=0.0903, PriorBnd post/prior=8.64e-06/5.60e-06 | Best 0.0880 | Patience 9/40
 >> Epoch 076 | Train Total=0.5947 | Val post/prior Total=0.6425/0.6699, Recon post/prior=0.5719/0.5675, KL=0.0055, CycSim post/prior=0.0547/0.0232, CycMeas=0.0885, PriorBnd post/prior=8.85e-06/4.44e-06 | Best 0.0880 | Patience 10/40
 >> Epoch 077 | Train Total=0.5950 | Val post/prior Total=0.6439/0.6687, Recon post/prior=0.5716/0.5672, KL=0.0054, CycSim post/prior=0.0562/0.0221, CycMeas=0.0889, PriorBnd post/prior=8.11e-06/4.63e-06 | Best 0.0880 | Patience 11/40
 >> Epoch 078 | Train Total=0.5955 | Val post/prior Total=0.6430/0.6691, Recon post/prior=0.5719/0.5674, KL=0.0055, CycSim post/prior=0.0551/0.0222, CycMeas=0.0891, PriorBnd post/prior=8.07e-06/5.07e-06 | Best 0.0880 | Patience 12/40
 >> Epoch 079 | Train Total=0.5961 | Val post/prior Total=0.6446/0.6710, Recon post/prior=0.5719/0.5683, KL=0.0054, CycSim post/prior=0.0565/0.0235, CycMeas=0.0885, PriorBnd post/prior=9.53e-06/5.27e-06 | Best 0.0880 | Patience 13/40
 >> Epoch 080 | Train Total=0.5963 | Val post/prior Total=0.6443/0.6692, Recon post/prior=0.5718/0.5675, KL=0.0054, CycSim post/prior=0.0563/0.0226, CycMeas=0.0885, PriorBnd post/prior=1.02e-05/5.38e-06 | Best 0.0880 | Patience 14/40
 >> Epoch 081 | Train Total=0.5967 | Val post/prior Total=0.6444/0.6683, Recon post/prior=0.5719/0.5673, KL=0.0055, CycSim post/prior=0.0563/0.0221, CycMeas=0.0882, PriorBnd post/prior=8.17e-06/5.19e-06 | Best 0.0880 | Patience 15/40
 >> Epoch 082 | Train Total=0.5972 | Val post/prior Total=0.6425/0.6706, Recon post/prior=0.5718/0.5678, KL=0.0056, CycSim post/prior=0.0548/0.0230, CycMeas=0.0892, PriorBnd post/prior=8.29e-06/4.32e-06 | Best 0.0880 | Patience 16/40
 >> Epoch 083 | Train Total=0.5983 | Val post/prior Total=0.6454/0.6710, Recon post/prior=0.5719/0.5681, KL=0.0055, CycSim post/prior=0.0571/0.0228, CycMeas=0.0897, PriorBnd post/prior=1.01e-05/5.60e-06 | Best 0.0880 | Patience 17/40
 >> Epoch 084 | Train Total=0.5982 | Val post/prior Total=0.6434/0.6700, Recon post/prior=0.5721/0.5676, KL=0.0055, CycSim post/prior=0.0553/0.0224, CycMeas=0.0897, PriorBnd post/prior=7.99e-06/4.49e-06 | Best 0.0880 | Patience 18/40
 >> Epoch 085 | Train Total=0.5992 | Val post/prior Total=0.6447/0.6690, Recon post/prior=0.5718/0.5672, KL=0.0055, CycSim post/prior=0.0565/0.0222, CycMeas=0.0893, PriorBnd post/prior=9.59e-06/5.02e-06 | Best 0.0880 | Patience 19/40
 >> Epoch 086 | Train Total=0.5993 | Val post/prior Total=0.6433/0.6700, Recon post/prior=0.5718/0.5672, KL=0.0055, CycSim post/prior=0.0554/0.0232, CycMeas=0.0889, PriorBnd post/prior=1.07e-05/5.49e-06 | Best 0.0880 | Patience 20/40
 >> Epoch 087 | Train Total=0.6003 | Val post/prior Total=0.6454/0.6704, Recon post/prior=0.5722/0.5679, KL=0.0054, CycSim post/prior=0.0569/0.0225, CycMeas=0.0896, PriorBnd post/prior=8.80e-06/5.24e-06 | Best 0.0880 | Patience 21/40
 >> Epoch 088 | Train Total=0.6009 | Val post/prior Total=0.6452/0.6685, Recon post/prior=0.5718/0.5676, KL=0.0053, CycSim post/prior=0.0571/0.0220, CycMeas=0.0883, PriorBnd post/prior=7.99e-06/4.62e-06 | Best 0.0880 | Patience 22/40
 >> Epoch 089 | Train Total=0.6008 | Val post/prior Total=0.6485/0.6707, Recon post/prior=0.5722/0.5677, KL=0.0056, CycSim post/prior=0.0595/0.0239, CycMeas=0.0883, PriorBnd post/prior=1.08e-05/5.72e-06 | Best 0.0880 | Patience 23/40
 >> Epoch 090 | Train Total=0.6016 | Val post/prior Total=0.6429/0.6699, Recon post/prior=0.5718/0.5685, KL=0.0055, CycSim post/prior=0.0552/0.0226, CycMeas=0.0883, PriorBnd post/prior=8.68e-06/4.20e-06 | Best 0.0880 | Patience 24/40
 >> Epoch 091 | Train Total=0.6021 | Val post/prior Total=0.6433/0.6679, Recon post/prior=0.5718/0.5669, KL=0.0055, CycSim post/prior=0.0555/0.0221, CycMeas=0.0884, PriorBnd post/prior=9.07e-06/5.18e-06 | Best 0.0880 | Patience 25/40
 >> Epoch 092 | Train Total=0.6026 | Val post/prior Total=0.6439/0.6688, Recon post/prior=0.5720/0.5673, KL=0.0054, CycSim post/prior=0.0559/0.0222, CycMeas=0.0890, PriorBnd post/prior=1.05e-05/4.78e-06 | Best 0.0880 | Patience 26/40
 >> Epoch 093 | Train Total=0.6031 | Val post/prior Total=0.6440/0.6687, Recon post/prior=0.5722/0.5673, KL=0.0055, CycSim post/prior=0.0557/0.0224, CycMeas=0.0885, PriorBnd post/prior=7.14e-06/5.07e-06 | Best 0.0880 | Patience 27/40
 >> Epoch 094 | Train Total=0.6035 | Val post/prior Total=0.6465/0.6684, Recon post/prior=0.5718/0.5669, KL=0.0056, CycSim post/prior=0.0580/0.0225, CycMeas=0.0884, PriorBnd post/prior=1.08e-05/5.82e-06 | Best 0.0880 | Patience 28/40
 >> Epoch 095 | Train Total=0.6044 | Val post/prior Total=0.6453/0.6706, Recon post/prior=0.5720/0.5678, KL=0.0056, CycSim post/prior=0.0569/0.0226, CycMeas=0.0898, PriorBnd post/prior=8.64e-06/5.33e-06 | Best 0.0880 | Patience 29/40
 >> Epoch 096 | Train Total=0.6051 | Val post/prior Total=0.6430/0.6693, Recon post/prior=0.5720/0.5678, KL=0.0054, CycSim post/prior=0.0551/0.0224, CycMeas=0.0885, PriorBnd post/prior=8.94e-06/4.83e-06 | Best 0.0880 | Patience 30/40
 >> Epoch 097 | Train Total=0.6044 | Val post/prior Total=0.6424/0.6708, Recon post/prior=0.5722/0.5684, KL=0.0055, CycSim post/prior=0.0543/0.0229, CycMeas=0.0888, PriorBnd post/prior=9.44e-06/4.75e-06 | Best 0.0880 | Patience 31/40
 >> Epoch 098 | Train Total=0.6061 | Val post/prior Total=0.6430/0.6697, Recon post/prior=0.5719/0.5679, KL=0.0054, CycSim post/prior=0.0551/0.0225, CycMeas=0.0889, PriorBnd post/prior=8.93e-06/4.93e-06 | Best 0.0880 | Patience 32/40
 >> Epoch 099 | Train Total=0.6054 | Val post/prior Total=0.6417/0.6713, Recon post/prior=0.5724/0.5685, KL=0.0054, CycSim post/prior=0.0537/0.0237, CycMeas=0.0882, PriorBnd post/prior=7.37e-06/4.54e-06 | Best 0.0880 | Patience 33/40
 >> Epoch 100 | Train Total=0.6061 | Val post/prior Total=0.6431/0.6697, Recon post/prior=0.5719/0.5678, KL=0.0055, CycSim post/prior=0.0553/0.0228, CycMeas=0.0885, PriorBnd post/prior=7.24e-06/3.95e-06 | Best 0.0880 | Patience 34/40
 >> Epoch 101 | Train Total=0.6066 | Val post/prior Total=0.6444/0.6685, Recon post/prior=0.5719/0.5669, KL=0.0054, CycSim post/prior=0.0563/0.0220, CycMeas=0.0893, PriorBnd post/prior=7.97e-06/5.07e-06 | Best 0.0880 | Patience 35/40
 >> Epoch 102 | Train Total=0.6061 | Val post/prior Total=0.6432/0.6704, Recon post/prior=0.5717/0.5679, KL=0.0054, CycSim post/prior=0.0555/0.0234, CycMeas=0.0883, PriorBnd post/prior=9.51e-06/4.53e-06 | Best 0.0880 | Patience 36/40
 >> Epoch 103 | Train Total=0.6076 | Val post/prior Total=0.6442/0.6696, Recon post/prior=0.5719/0.5679, KL=0.0055, CycSim post/prior=0.0561/0.0228, CycMeas=0.0882, PriorBnd post/prior=1.03e-05/5.34e-06 | Best 0.0880 | Patience 37/40
 >> Epoch 104 | Train Total=0.6084 | Val post/prior Total=0.6437/0.6715, Recon post/prior=0.5718/0.5678, KL=0.0055, CycSim post/prior=0.0558/0.0228, CycMeas=0.0907, PriorBnd post/prior=8.36e-06/4.40e-06 | Best 0.0880 | Patience 38/40
 >> Epoch 105 | Train Total=0.6089 | Val post/prior Total=0.6424/0.6696, Recon post/prior=0.5715/0.5678, KL=0.0055, CycSim post/prior=0.0549/0.0227, CycMeas=0.0885, PriorBnd post/prior=8.89e-06/4.51e-06 | Best 0.0880 | Patience 39/40
 >> Epoch 106 | Train Total=0.6097 | Val post/prior Total=0.6455/0.6699, Recon post/prior=0.5720/0.5676, KL=0.0054, CycSim post/prior=0.0572/0.0225, CycMeas=0.0895, PriorBnd post/prior=7.68e-06/4.41e-06 | Best 0.0880 | Patience 40/40
[EarlyStop] at epoch 106
[Diag] Start to calcaulte diag in test preocess... 
[Diag] wrote 43006 rows to temp_Unidi_cvae_symmetric\cvae_20251120-001421\diag_test.csv
[Diag] proxy_floor_ps  P50=0.0089  P90=0.0146  P95=0.0177  P99=0.0291
[Test] prior total=0.668359 | prior recon=0.566166 | kl=0.005452 | prior cyc_sim=0.022164 | cyc_meas=0.089764 | prior_l2=0.378413 | prior_bnd=0.000004 | 
