[log] tee initialized at 2025-11-28 16:50:23 -> temp_Unidi_cvae_14param_2channel\session_20251128-165023.log
Using CUDA device 0: NVIDIA GeForce RTX 4060 Laptop GPU
[log] tee initialized at 2025-11-28 16:50:27 -> temp_Unidi_cvae_14param_2channel\cvae_20251128-165027\train.log
[Data] Warning: Single measurement sample detected. Duplicating to N=2 for BatchNorm compatibility.
[Info] Loading dual proxies from temp_Unidi_cvae_14param_2channel/proxy_dual
[L_trust] using 20000 ref rows from temp_Unidi_cvae_14param_2channel/proxy_dual\proxy_Ytr_norm.npy
D:\Miniconda\envs\DL\Lib\site-packages\torch\optim\lr_scheduler.py:182: UserWarning: Detected call of `lr_scheduler.step()` before `optimizer.step()`. In PyTorch 1.1.0 and later, you should call them in the opposite order: `optimizer.step()` before `lr_scheduler.step()`.  Failure to do this will result in PyTorch skipping the first value of the learning rate schedule. See more details at https://pytorch.org/docs/stable/optim.html#how-to-adjust-learning-rate
  warnings.warn(
 >> Epoch 001 | Train Total=23.4998 | Val post/prior Total=13.3717/11.9172, Recon post/prior=0.9300/0.9115, KL=3.3498, | CycSim post total/iv/gm=1.0761/0.4714/0.6048, | CycSim prior total/iv/gm=1.1001/0.4810/0.6190, | CycMeas total/iv/gm=0.4264/0.2046/0.2218, | PriorBnd post/prior=9.77e-04/3.97e-04 | Best inf | Patience 1/80
[Update] best val_cyc_meas improved to 0.426414 @ epoch 1
 >> Epoch 002 | Train Total=10.8286 | Val post/prior Total=11.1705/9.7230, Recon post/prior=0.9300/0.9224, KL=1.9593, | CycSim post total/iv/gm=0.9255/0.4100/0.5155, | CycSim prior total/iv/gm=0.8795/0.3895/0.4900, | CycMeas total/iv/gm=0.2489/0.1296/0.1193, | PriorBnd post/prior=1.21e-03/9.52e-04 | Best 0.4264 | Patience 1/80
[Update] best val_cyc_meas improved to 0.248936 @ epoch 2
 >> Epoch 003 | Train Total=9.1731 | Val post/prior Total=10.5376/9.7251, Recon post/prior=0.9454/0.9437, KL=1.4588, | CycSim post total/iv/gm=0.8856/0.3942/0.4915, | CycSim prior total/iv/gm=0.8774/0.3889/0.4885, | CycMeas total/iv/gm=0.2224/0.1088/0.1135, | PriorBnd post/prior=2.04e-03/1.97e-03 | Best 0.2489 | Patience 1/80
[Update] best val_cyc_meas improved to 0.222368 @ epoch 3
 >> Epoch 004 | Train Total=8.2525 | Val post/prior Total=10.7746/10.0734, Recon post/prior=0.9416/0.9395, KL=1.2335, | CycSim post total/iv/gm=0.9210/0.4073/0.5137, | CycSim prior total/iv/gm=0.9127/0.4030/0.5097, | CycMeas total/iv/gm=0.2566/0.1170/0.1396, | PriorBnd post/prior=1.32e-03/6.37e-04 | Best 0.2224 | Patience 1/80
 >> Epoch 005 | Train Total=7.6467 | Val post/prior Total=11.5647/10.8721, Recon post/prior=0.9542/0.9577, KL=1.3851, | CycSim post total/iv/gm=0.9911/0.4357/0.5554, | CycSim prior total/iv/gm=0.9906/0.4349/0.5556, | CycMeas total/iv/gm=0.3512/0.1570/0.1941, | PriorBnd post/prior=1.88e-03/1.63e-03 | Best 0.2224 | Patience 2/80
 >> Epoch 006 | Train Total=7.2698 | Val post/prior Total=9.6424/8.9952, Recon post/prior=0.9372/0.9429, KL=1.2317, | CycSim post total/iv/gm=0.8082/0.3540/0.4542, | CycSim prior total/iv/gm=0.8044/0.3511/0.4533, | CycMeas total/iv/gm=0.3807/0.1682/0.2125, | PriorBnd post/prior=1.05e-03/5.88e-04 | Best 0.2224 | Patience 3/80
 >> Epoch 007 | Train Total=6.8755 | Val post/prior Total=10.1243/9.3611, Recon post/prior=0.9356/0.9420, KL=1.4995, | CycSim post total/iv/gm=0.8432/0.3677/0.4755, | CycSim prior total/iv/gm=0.8410/0.3651/0.4759, | CycMeas total/iv/gm=0.4590/0.2043/0.2547, | PriorBnd post/prior=1.14e-03/4.02e-04 | Best 0.2224 | Patience 4/80
 >> Epoch 008 | Train Total=6.7009 | Val post/prior Total=10.1472/9.4418, Recon post/prior=0.9335/0.9383, KL=1.2535, | CycSim post total/iv/gm=0.8580/0.3743/0.4837, | CycSim prior total/iv/gm=0.8494/0.3692/0.4801, | CycMeas total/iv/gm=0.4613/0.2078/0.2534, | PriorBnd post/prior=6.89e-04/3.08e-04 | Best 0.2224 | Patience 5/80
 >> Epoch 009 | Train Total=6.3741 | Val post/prior Total=11.1710/10.4628, Recon post/prior=0.9196/0.9258, KL=1.3320, | CycSim post total/iv/gm=0.9579/0.4134/0.5445, | CycSim prior total/iv/gm=0.9528/0.4101/0.5427, | CycMeas total/iv/gm=0.4030/0.1783/0.2247, | PriorBnd post/prior=5.08e-04/3.51e-04 | Best 0.2224 | Patience 6/80
 >> Epoch 010 | Train Total=6.2203 | Val post/prior Total=10.9032/10.1604, Recon post/prior=0.9318/0.9373, KL=1.4736, | CycSim post total/iv/gm=0.9227/0.3992/0.5236, | CycSim prior total/iv/gm=0.9213/0.3977/0.5236, | CycMeas total/iv/gm=0.4264/0.1919/0.2344, | PriorBnd post/prior=9.34e-04/8.45e-04 | Best 0.2224 | Patience 7/80
 >> Epoch 011 | Train Total=6.0523 | Val post/prior Total=10.4784/9.8439, Recon post/prior=0.9090/0.9099, KL=1.0519, | CycSim post total/iv/gm=0.9037/0.3883/0.5154, | CycSim prior total/iv/gm=0.8925/0.3824/0.5101, | CycMeas total/iv/gm=0.3958/0.1769/0.2189, | PriorBnd post/prior=3.89e-04/4.42e-04 | Best 0.2224 | Patience 8/80
 >> Epoch 012 | Train Total=6.0962 | Val post/prior Total=11.8754/11.0782, Recon post/prior=0.9352/0.9414, KL=1.5356, | CycSim post total/iv/gm=1.0165/0.4383/0.5782, | CycSim prior total/iv/gm=1.0126/0.4355/0.5771, | CycMeas total/iv/gm=0.3860/0.1678/0.2181, | PriorBnd post/prior=9.81e-04/8.84e-04 | Best 0.2224 | Patience 9/80
 >> Epoch 013 | Train Total=5.7181 | Val post/prior Total=10.7943/10.1427, Recon post/prior=0.9171/0.9215, KL=1.1776, | CycSim post total/iv/gm=0.9282/0.3992/0.5289, | CycSim prior total/iv/gm=0.9211/0.3948/0.5262, | CycMeas total/iv/gm=0.3822/0.1667/0.2155, | PriorBnd post/prior=5.28e-04/6.10e-04 | Best 0.2224 | Patience 10/80
 >> Epoch 014 | Train Total=5.7247 | Val post/prior Total=11.6248/10.9463, Recon post/prior=0.9308/0.9375, KL=1.3650, | CycSim post total/iv/gm=1.0004/0.4258/0.5746, | CycSim prior total/iv/gm=0.9996/0.4242/0.5754, | CycMeas total/iv/gm=0.5131/0.2392/0.2739, | PriorBnd post/prior=5.45e-04/6.13e-04 | Best 0.2224 | Patience 11/80
 >> Epoch 015 | Train Total=5.7952 | Val post/prior Total=11.7604/11.1696, Recon post/prior=0.9158/0.9195, KL=1.1609, | CycSim post total/iv/gm=1.0257/0.4387/0.5871, | CycSim prior total/iv/gm=1.0239/0.4369/0.5870, | CycMeas total/iv/gm=0.4298/0.1913/0.2385, | PriorBnd post/prior=5.12e-04/5.93e-04 | Best 0.2224 | Patience 12/80
 >> Epoch 016 | Train Total=5.8309 | Val post/prior Total=11.8476/11.0327, Recon post/prior=0.9326/0.9380, KL=1.5292, | CycSim post total/iv/gm=1.0143/0.4355/0.5788, | CycSim prior total/iv/gm=1.0083/0.4319/0.5764, | CycMeas total/iv/gm=0.3805/0.1668/0.2137, | PriorBnd post/prior=1.84e-03/1.84e-03 | Best 0.2224 | Patience 13/80
 >> Epoch 017 | Train Total=5.6457 | Val post/prior Total=11.5083/10.5944, Recon post/prior=0.9211/0.9253, KL=1.7430, | CycSim post total/iv/gm=0.9709/0.4135/0.5574, | CycSim prior total/iv/gm=0.9656/0.4102/0.5555, | CycMeas total/iv/gm=0.4773/0.2161/0.2612, | PriorBnd post/prior=7.87e-04/9.06e-04 | Best 0.2224 | Patience 14/80
 >> Epoch 018 | Train Total=5.6032 | Val post/prior Total=10.4248/9.7283, Recon post/prior=0.9050/0.9072, KL=1.2852, | CycSim post total/iv/gm=0.8871/0.3825/0.5046, | CycSim prior total/iv/gm=0.8810/0.3799/0.5012, | CycMeas total/iv/gm=0.3216/0.1346/0.1869, | PriorBnd post/prior=8.79e-04/9.77e-04 | Best 0.2224 | Patience 15/80
 >> Epoch 019 | Train Total=5.5705 | Val post/prior Total=11.3678/10.5356, Recon post/prior=0.9233/0.9243, KL=1.4740, | CycSim post total/iv/gm=0.9700/0.4191/0.5509, | CycSim prior total/iv/gm=0.9599/0.4141/0.5458, | CycMeas total/iv/gm=0.3684/0.1579/0.2105, | PriorBnd post/prior=1.21e-03/1.30e-03 | Best 0.2224 | Patience 16/80
 >> Epoch 020 | Train Total=5.5115 | Val post/prior Total=10.5241/9.8014, Recon post/prior=0.9021/0.9017, KL=1.3255, | CycSim post total/iv/gm=0.8953/0.3865/0.5087, | CycSim prior total/iv/gm=0.8889/0.3842/0.5047, | CycMeas total/iv/gm=0.2997/0.1254/0.1743, | PriorBnd post/prior=7.74e-04/8.47e-04 | Best 0.2224 | Patience 17/80
 >> Epoch 021 | Train Total=5.4706 | Val post/prior Total=11.1847/10.0904, Recon post/prior=0.9273/0.9292, KL=2.0485, | CycSim post total/iv/gm=0.9226/0.3938/0.5288, | CycSim prior total/iv/gm=0.9148/0.3903/0.5245, | CycMeas total/iv/gm=0.3814/0.1639/0.2176, | PriorBnd post/prior=1.00e-03/1.09e-03 | Best 0.2224 | Patience 18/80
 >> Epoch 022 | Train Total=5.4255 | Val post/prior Total=11.1803/10.0157, Recon post/prior=0.9408/0.9435, KL=2.1751, | CycSim post total/iv/gm=0.9144/0.3897/0.5247, | CycSim prior total/iv/gm=0.9060/0.3853/0.5206, | CycMeas total/iv/gm=0.2965/0.1228/0.1737, | PriorBnd post/prior=1.31e-03/1.32e-03 | Best 0.2224 | Patience 19/80
 >> Epoch 023 | Train Total=5.3549 | Val post/prior Total=11.2732/10.2682, Recon post/prior=0.9192/0.9202, KL=1.8689, | CycSim post total/iv/gm=0.9412/0.4045/0.5368, | CycSim prior total/iv/gm=0.9337/0.4009/0.5328, | CycMeas total/iv/gm=0.2125/0.0852/0.1273, | PriorBnd post/prior=9.22e-04/8.83e-04 | Best 0.2224 | Patience 20/80
[Update] best val_cyc_meas improved to 0.212485 @ epoch 23
 >> Epoch 024 | Train Total=5.4580 | Val post/prior Total=12.8746/12.0494, Recon post/prior=0.9277/0.9291, KL=1.4277, | CycSim post total/iv/gm=1.1226/0.4794/0.6431, | CycSim prior total/iv/gm=1.1110/0.4751/0.6359, | CycMeas total/iv/gm=0.1939/0.0760/0.1179, | PriorBnd post/prior=1.13e-03/1.20e-03 | Best 0.2125 | Patience 1/80
[Update] best val_cyc_meas improved to 0.193913 @ epoch 24
 >> Epoch 025 | Train Total=5.5702 | Val post/prior Total=12.1060/10.9618, Recon post/prior=0.9454/0.9466, KL=2.0117, | CycSim post total/iv/gm=1.0147/0.4326/0.5820, | CycSim prior total/iv/gm=1.0002/0.4264/0.5738, | CycMeas total/iv/gm=0.3198/0.1354/0.1844, | PriorBnd post/prior=1.44e-03/1.40e-03 | Best 0.1939 | Patience 1/80
 >> Epoch 026 | Train Total=5.3590 | Val post/prior Total=12.4929/11.5909, Recon post/prior=0.9468/0.9484, KL=1.5112, | CycSim post total/iv/gm=1.0782/0.4644/0.6138, | CycSim prior total/iv/gm=1.0630/0.4584/0.6047, | CycMeas total/iv/gm=0.2278/0.0949/0.1330, | PriorBnd post/prior=1.09e-03/1.16e-03 | Best 0.1939 | Patience 2/80
 >> Epoch 027 | Train Total=5.6774 | Val post/prior Total=11.5079/10.6161, Recon post/prior=0.9264/0.9281, KL=1.5579, | CycSim post total/iv/gm=0.9795/0.4193/0.5602, | CycSim prior total/iv/gm=0.9676/0.4142/0.5534, | CycMeas total/iv/gm=0.2415/0.0998/0.1417, | PriorBnd post/prior=6.57e-04/6.84e-04 | Best 0.1939 | Patience 3/80
 >> Epoch 028 | Train Total=5.5529 | Val post/prior Total=11.4856/10.4637, Recon post/prior=0.9513/0.9537, KL=1.7771, | CycSim post total/iv/gm=0.9637/0.4172/0.5465, | CycSim prior total/iv/gm=0.9497/0.4117/0.5380, | CycMeas total/iv/gm=0.2430/0.1017/0.1413, | PriorBnd post/prior=1.61e-03/1.53e-03 | Best 0.1939 | Patience 4/80
 >> Epoch 029 | Train Total=5.8157 | Val post/prior Total=12.1136/11.1640, Recon post/prior=0.9460/0.9486, KL=1.4903, | CycSim post total/iv/gm=1.0414/0.4441/0.5973, | CycSim prior total/iv/gm=1.0202/0.4350/0.5851, | CycMeas total/iv/gm=0.2790/0.1172/0.1618, | PriorBnd post/prior=1.84e-03/1.54e-03 | Best 0.1939 | Patience 5/80
 >> Epoch 030 | Train Total=6.1076 | Val post/prior Total=10.2962/9.4456, Recon post/prior=0.9182/0.9209, KL=1.2090, | CycSim post total/iv/gm=0.8766/0.3751/0.5015, | CycSim prior total/iv/gm=0.8513/0.3644/0.4869, | CycMeas total/iv/gm=0.2269/0.0952/0.1317, | PriorBnd post/prior=4.59e-04/4.67e-04 | Best 0.1939 | Patience 6/80
 >> Epoch 031 | Train Total=5.6255 | Val post/prior Total=8.9301/7.9353, Recon post/prior=0.9404/0.9466, KL=1.8195, | CycSim post total/iv/gm=0.7072/0.3052/0.4020, | CycSim prior total/iv/gm=0.6974/0.2999/0.3974, | CycMeas total/iv/gm=0.3228/0.1365/0.1864, | PriorBnd post/prior=9.85e-04/9.04e-04 | Best 0.1939 | Patience 7/80
 >> Epoch 032 | Train Total=5.9590 | Val post/prior Total=11.6252/10.6798, Recon post/prior=0.9689/0.9763, KL=1.7563, | CycSim post total/iv/gm=0.9769/0.4138/0.5631, | CycSim prior total/iv/gm=0.9689/0.4089/0.5600, | CycMeas total/iv/gm=0.2445/0.0984/0.1461, | PriorBnd post/prior=1.18e-03/1.11e-03 | Best 0.1939 | Patience 8/80
 >> Epoch 033 | Train Total=5.9583 | Val post/prior Total=11.8067/10.8179, Recon post/prior=0.9976/1.0061, KL=1.8364, | CycSim post total/iv/gm=0.9881/0.4247/0.5634, | CycSim prior total/iv/gm=0.9795/0.4192/0.5602, | CycMeas total/iv/gm=0.3152/0.1313/0.1839, | PriorBnd post/prior=3.17e-03/2.99e-03 | Best 0.1939 | Patience 9/80
 >> Epoch 034 | Train Total=6.0434 | Val post/prior Total=11.3160/10.2735, Recon post/prior=0.9788/0.9854, KL=1.9395, | CycSim post total/iv/gm=0.9358/0.4030/0.5328, | CycSim prior total/iv/gm=0.9269/0.3982/0.5287, | CycMeas total/iv/gm=0.4165/0.1823/0.2342, | PriorBnd post/prior=2.19e-03/2.22e-03 | Best 0.1939 | Patience 10/80
 >> Epoch 035 | Train Total=6.3647 | Val post/prior Total=13.2282/12.3213, Recon post/prior=0.9530/0.9574, KL=1.4361, | CycSim post total/iv/gm=1.1549/0.4990/0.6559, | CycSim prior total/iv/gm=1.1350/0.4910/0.6440, | CycMeas total/iv/gm=0.2389/0.0953/0.1436, | PriorBnd post/prior=9.39e-04/1.01e-03 | Best 0.1939 | Patience 11/80
 >> Epoch 036 | Train Total=5.8973 | Val post/prior Total=11.4062/10.4168, Recon post/prior=0.9696/0.9788, KL=1.8069, | CycSim post total/iv/gm=0.9524/0.4074/0.5450, | CycSim prior total/iv/gm=0.9421/0.4020/0.5402, | CycMeas total/iv/gm=0.3104/0.1307/0.1796, | PriorBnd post/prior=1.42e-03/1.48e-03 | Best 0.1939 | Patience 12/80
 >> Epoch 037 | Train Total=5.7460 | Val post/prior Total=11.2740/10.5648, Recon post/prior=0.9788/0.9894, KL=1.3323, | CycSim post total/iv/gm=0.9620/0.4109/0.5511, | CycSim prior total/iv/gm=0.9559/0.4072/0.5487, | CycMeas total/iv/gm=0.2717/0.1107/0.1610, | PriorBnd post/prior=2.09e-03/2.18e-03 | Best 0.1939 | Patience 13/80
 >> Epoch 038 | Train Total=5.8574 | Val post/prior Total=11.6593/11.0306, Recon post/prior=0.9482/0.9561, KL=0.9937, | CycSim post total/iv/gm=1.0206/0.4385/0.5821, | CycSim prior total/iv/gm=1.0060/0.4323/0.5738, | CycMeas total/iv/gm=0.2193/0.0866/0.1328, | PriorBnd post/prior=1.02e-03/1.08e-03 | Best 0.1939 | Patience 14/80
 >> Epoch 039 | Train Total=5.7799 | Val post/prior Total=12.8633/12.1317, Recon post/prior=1.0106/1.0214, KL=1.4000, | CycSim post total/iv/gm=1.1142/0.4796/0.6346, | CycSim prior total/iv/gm=1.1093/0.4765/0.6328, | CycMeas total/iv/gm=0.2464/0.1018/0.1445, | PriorBnd post/prior=4.00e-03/4.35e-03 | Best 0.1939 | Patience 15/80
 >> Epoch 040 | Train Total=5.8788 | Val post/prior Total=11.5076/11.0186, Recon post/prior=0.9567/0.9648, KL=0.8734, | CycSim post total/iv/gm=1.0106/0.4344/0.5762, | CycSim prior total/iv/gm=1.0040/0.4314/0.5726, | CycMeas total/iv/gm=0.1932/0.0776/0.1156, | PriorBnd post/prior=7.53e-04/7.56e-04 | Best 0.1939 | Patience 16/80
[Update] best val_cyc_meas improved to 0.193162 @ epoch 40
 >> Epoch 041 | Train Total=5.9693 | Val post/prior Total=10.2307/9.6785, Recon post/prior=0.9825/0.9903, KL=0.9942, | CycSim post total/iv/gm=0.8742/0.3791/0.4951, | CycSim prior total/iv/gm=0.8670/0.3751/0.4919, | CycMeas total/iv/gm=0.2872/0.1170/0.1701, | PriorBnd post/prior=2.12e-03/2.27e-03 | Best 0.1932 | Patience 1/80
 >> Epoch 042 | Train Total=5.6654 | Val post/prior Total=10.4092/9.3639, Recon post/prior=0.9749/0.9829, KL=1.2967, | CycSim post total/iv/gm=0.8777/0.3740/0.5037, | CycSim prior total/iv/gm=0.8364/0.3568/0.4796, | CycMeas total/iv/gm=0.2659/0.1121/0.1538, | PriorBnd post/prior=1.86e-03/2.16e-03 | Best 0.1932 | Patience 2/80
 >> Epoch 043 | Train Total=5.7293 | Val post/prior Total=10.9583/10.2321, Recon post/prior=0.9945/1.0045, KL=1.1130, | CycSim post total/iv/gm=0.9397/0.4050/0.5348, | CycSim prior total/iv/gm=0.9214/0.3977/0.5237, | CycMeas total/iv/gm=0.1333/0.0500/0.0832, | PriorBnd post/prior=3.97e-03/4.73e-03 | Best 0.1932 | Patience 3/80
[Update] best val_cyc_meas improved to 0.133258 @ epoch 43
 >> Epoch 044 | Train Total=5.8506 | Val post/prior Total=10.3831/9.4172, Recon post/prior=0.9832/0.9912, KL=1.3193, | CycSim post total/iv/gm=0.8731/0.3765/0.4966, | CycSim prior total/iv/gm=0.8406/0.3629/0.4777, | CycMeas total/iv/gm=0.3580/0.1536/0.2044, | PriorBnd post/prior=3.55e-03/3.91e-03 | Best 0.1333 | Patience 1/80
 >> Epoch 045 | Train Total=5.7363 | Val post/prior Total=10.9469/10.1849, Recon post/prior=0.9733/0.9818, KL=1.3067, | CycSim post total/iv/gm=0.9311/0.4001/0.5310, | CycSim prior total/iv/gm=0.9184/0.3944/0.5240, | CycMeas total/iv/gm=0.3209/0.1334/0.1875, | PriorBnd post/prior=3.54e-03/4.02e-03 | Best 0.1333 | Patience 2/80
 >> Epoch 046 | Train Total=5.9442 | Val post/prior Total=10.5186/9.7738, Recon post/prior=0.9737/0.9860, KL=1.0036, | CycSim post total/iv/gm=0.9034/0.3850/0.5184, | CycSim prior total/iv/gm=0.8773/0.3746/0.5027, | CycMeas total/iv/gm=0.1733/0.0656/0.1076, | PriorBnd post/prior=4.14e-03/5.09e-03 | Best 0.1333 | Patience 3/80
 >> Epoch 047 | Train Total=5.7422 | Val post/prior Total=12.1354/11.5105, Recon post/prior=1.0274/1.0443, KL=1.1654, | CycSim post total/iv/gm=1.0514/0.4512/0.6002, | CycSim prior total/iv/gm=1.0449/0.4472/0.5977, | CycMeas total/iv/gm=0.1779/0.0681/0.1099, | PriorBnd post/prior=9.18e-03/1.08e-02 | Best 0.1333 | Patience 4/80
 >> Epoch 048 | Train Total=5.7789 | Val post/prior Total=10.0488/9.4409, Recon post/prior=1.0128/1.0271, KL=1.0967, | CycSim post total/iv/gm=0.8477/0.3609/0.4868, | CycSim prior total/iv/gm=0.8396/0.3566/0.4830, | CycMeas total/iv/gm=0.1924/0.0754/0.1170, | PriorBnd post/prior=6.97e-03/8.03e-03 | Best 0.1333 | Patience 5/80
 >> Epoch 049 | Train Total=6.0949 | Val post/prior Total=11.7889/11.4219, Recon post/prior=1.0385/1.0576, KL=0.8685, | CycSim post total/iv/gm=1.0305/0.4425/0.5879, | CycSim prior total/iv/gm=1.0346/0.4427/0.5919, | CycMeas total/iv/gm=0.1795/0.0687/0.1109, | PriorBnd post/prior=9.65e-03/1.15e-02 | Best 0.1333 | Patience 6/80
 >> Epoch 050 | Train Total=5.9127 | Val post/prior Total=10.8856/10.2996, Recon post/prior=0.9670/0.9813, KL=0.7519, | CycSim post total/iv/gm=0.9534/0.4092/0.5442, | CycSim prior total/iv/gm=0.9303/0.3992/0.5311, | CycMeas total/iv/gm=0.1778/0.0688/0.1090, | PriorBnd post/prior=2.28e-03/2.92e-03 | Best 0.1333 | Patience 7/80
 >> Epoch 051 | Train Total=6.0016 | Val post/prior Total=10.9475/10.4567, Recon post/prior=0.9845/1.0027, KL=1.0397, | CycSim post total/iv/gm=0.9434/0.4081/0.5353, | CycSim prior total/iv/gm=0.9438/0.4068/0.5370, | CycMeas total/iv/gm=0.1658/0.0617/0.1041, | PriorBnd post/prior=5.43e-03/6.98e-03 | Best 0.1333 | Patience 8/80
 >> Epoch 052 | Train Total=6.0525 | Val post/prior Total=10.9512/10.4188, Recon post/prior=0.9578/0.9735, KL=0.8662, | CycSim post total/iv/gm=0.9552/0.4134/0.5418, | CycSim prior total/iv/gm=0.9433/0.4080/0.5353, | CycMeas total/iv/gm=0.0926/0.0318/0.0608, | PriorBnd post/prior=1.86e-03/2.64e-03 | Best 0.1333 | Patience 9/80
[Update] best val_cyc_meas improved to 0.092617 @ epoch 52
 >> Epoch 053 | Train Total=5.9707 | Val post/prior Total=9.9931/9.4531, Recon post/prior=1.0231/1.0404, KL=1.0915, | CycSim post total/iv/gm=0.8413/0.3665/0.4748, | CycSim prior total/iv/gm=0.8395/0.3654/0.4741, | CycMeas total/iv/gm=0.1791/0.0688/0.1103, | PriorBnd post/prior=7.22e-03/8.70e-03 | Best 0.0926 | Patience 1/80
 >> Epoch 054 | Train Total=5.9785 | Val post/prior Total=10.8651/10.5057, Recon post/prior=1.0055/1.0221, KL=0.8148, | CycSim post total/iv/gm=0.9442/0.4042/0.5400, | CycSim prior total/iv/gm=0.9466/0.4050/0.5417, | CycMeas total/iv/gm=0.1785/0.0671/0.1114, | PriorBnd post/prior=6.92e-03/8.55e-03 | Best 0.0926 | Patience 2/80
 >> Epoch 055 | Train Total=5.7270 | Val post/prior Total=12.8440/12.5430, Recon post/prior=1.0183/1.0390, KL=0.6220, | CycSim post total/iv/gm=1.1504/0.4962/0.6542, | CycSim prior total/iv/gm=1.1485/0.4949/0.6536, | CycMeas total/iv/gm=0.2007/0.0792/0.1215, | PriorBnd post/prior=7.50e-03/1.01e-02 | Best 0.0926 | Patience 3/80
 >> Epoch 056 | Train Total=5.7562 | Val post/prior Total=11.2459/10.8873, Recon post/prior=1.0163/1.0357, KL=0.8391, | CycSim post total/iv/gm=0.9799/0.4220/0.5579, | CycSim prior total/iv/gm=0.9833/0.4224/0.5609, | CycMeas total/iv/gm=0.1990/0.0749/0.1241, | PriorBnd post/prior=8.55e-03/1.11e-02 | Best 0.0926 | Patience 4/80
 >> Epoch 057 | Train Total=5.7565 | Val post/prior Total=10.5987/10.3503, Recon post/prior=1.0536/1.0764, KL=0.6904, | CycSim post total/iv/gm=0.9188/0.3965/0.5223, | CycSim prior total/iv/gm=0.9253/0.3984/0.5269, | CycMeas total/iv/gm=0.2132/0.0810/0.1322, | PriorBnd post/prior=1.67e-02/2.00e-02 | Best 0.0926 | Patience 5/80
 >> Epoch 058 | Train Total=5.8035 | Val post/prior Total=10.9239/10.6005, Recon post/prior=1.0329/1.0576, KL=0.7607, | CycSim post total/iv/gm=0.9499/0.4035/0.5464, | CycSim prior total/iv/gm=0.9522/0.4031/0.5491, | CycMeas total/iv/gm=0.2234/0.0920/0.1314, | PriorBnd post/prior=1.08e-02/1.42e-02 | Best 0.0926 | Patience 6/80
 >> Epoch 059 | Train Total=5.9364 | Val post/prior Total=10.9908/10.7801, Recon post/prior=1.0324/1.0587, KL=0.7286, | CycSim post total/iv/gm=0.9583/0.4075/0.5508, | CycSim prior total/iv/gm=0.9700/0.4119/0.5581, | CycMeas total/iv/gm=0.2261/0.0872/0.1390, | PriorBnd post/prior=9.43e-03/1.25e-02 | Best 0.0926 | Patience 7/80
 >> Epoch 060 | Train Total=5.6379 | Val post/prior Total=10.5325/10.2749, Recon post/prior=1.0074/1.0304, KL=0.7132, | CycSim post total/iv/gm=0.9158/0.3940/0.5218, | CycSim prior total/iv/gm=0.9225/0.3964/0.5260, | CycMeas total/iv/gm=0.2079/0.0810/0.1270, | PriorBnd post/prior=8.04e-03/1.05e-02 | Best 0.0926 | Patience 8/80
 >> Epoch 061 | Train Total=5.7652 | Val post/prior Total=10.4422/10.1702, Recon post/prior=1.0153/1.0435, KL=0.8629, | CycSim post total/iv/gm=0.8985/0.3867/0.5118, | CycSim prior total/iv/gm=0.9107/0.3912/0.5195, | CycMeas total/iv/gm=0.1929/0.0707/0.1222, | PriorBnd post/prior=6.16e-03/8.72e-03 | Best 0.0926 | Patience 9/80
 >> Epoch 062 | Train Total=5.9068 | Val post/prior Total=10.0815/9.7210, Recon post/prior=0.9610/0.9844, KL=0.8120, | CycSim post total/iv/gm=0.8706/0.3746/0.4960, | CycSim prior total/iv/gm=0.8722/0.3749/0.4974, | CycMeas total/iv/gm=0.1098/0.0407/0.0691, | PriorBnd post/prior=2.35e-03/4.02e-03 | Best 0.0926 | Patience 10/80
 >> Epoch 063 | Train Total=5.8759 | Val post/prior Total=9.7140/9.5051, Recon post/prior=1.0308/1.0648, KL=0.9317, | CycSim post total/iv/gm=0.8206/0.3556/0.4650, | CycSim prior total/iv/gm=0.8417/0.3642/0.4775, | CycMeas total/iv/gm=0.2540/0.0972/0.1568, | PriorBnd post/prior=9.06e-03/1.31e-02 | Best 0.0926 | Patience 11/80
 >> Epoch 064 | Train Total=5.6338 | Val post/prior Total=10.7236/10.6431, Recon post/prior=0.9979/1.0284, KL=1.0301, | CycSim post total/iv/gm=0.9201/0.3944/0.5257, | CycSim prior total/iv/gm=0.9595/0.4103/0.5493, | CycMeas total/iv/gm=0.1897/0.0748/0.1149, | PriorBnd post/prior=5.70e-03/8.67e-03 | Best 0.0926 | Patience 12/80
 >> Epoch 065 | Train Total=5.6447 | Val post/prior Total=10.5121/10.3732, Recon post/prior=1.0069/1.0374, KL=0.9684, | CycSim post total/iv/gm=0.9011/0.3855/0.5156, | CycSim prior total/iv/gm=0.9319/0.3983/0.5336, | CycMeas total/iv/gm=0.1206/0.0419/0.0787, | PriorBnd post/prior=8.31e-03/1.26e-02 | Best 0.0926 | Patience 13/80
 >> Epoch 066 | Train Total=5.8743 | Val post/prior Total=8.4169/8.2599, Recon post/prior=1.0126/1.0468, KL=0.8908, | CycSim post total/iv/gm=0.6948/0.2957/0.3991, | CycSim prior total/iv/gm=0.7194/0.3054/0.4140, | CycMeas total/iv/gm=0.1536/0.0563/0.0973, | PriorBnd post/prior=7.67e-03/1.20e-02 | Best 0.0926 | Patience 14/80
 >> Epoch 067 | Train Total=5.7104 | Val post/prior Total=10.8546/10.6485, Recon post/prior=1.0150/1.0469, KL=0.9206, | CycSim post total/iv/gm=0.9369/0.3996/0.5372, | CycSim prior total/iv/gm=0.9582/0.4085/0.5497, | CycMeas total/iv/gm=0.1796/0.0677/0.1120, | PriorBnd post/prior=8.85e-03/1.31e-02 | Best 0.0926 | Patience 15/80
 >> Epoch 068 | Train Total=5.8126 | Val post/prior Total=10.6560/10.3758, Recon post/prior=0.9876/1.0156, KL=0.8319, | CycSim post total/iv/gm=0.9243/0.3977/0.5266, | CycSim prior total/iv/gm=0.9342/0.4010/0.5332, | CycMeas total/iv/gm=0.1623/0.0617/0.1006, | PriorBnd post/prior=3.89e-03/6.37e-03 | Best 0.0926 | Patience 16/80
 >> Epoch 069 | Train Total=5.7671 | Val post/prior Total=11.7302/11.3849, Recon post/prior=1.1110/1.1482, KL=1.1487, | CycSim post total/iv/gm=1.0030/0.4272/0.5759, | CycSim prior total/iv/gm=1.0213/0.4332/0.5880, | CycMeas total/iv/gm=0.1732/0.0639/0.1093, | PriorBnd post/prior=1.98e-02/2.55e-02 | Best 0.0926 | Patience 17/80
 >> Epoch 070 | Train Total=5.7032 | Val post/prior Total=11.3774/11.2234, Recon post/prior=0.9955/1.0258, KL=0.9396, | CycSim post total/iv/gm=0.9902/0.4241/0.5661, | CycSim prior total/iv/gm=1.0179/0.4353/0.5826, | CycMeas total/iv/gm=0.1543/0.0618/0.0925, | PriorBnd post/prior=4.37e-03/7.20e-03 | Best 0.0926 | Patience 18/80
 >> Epoch 071 | Train Total=5.7042 | Val post/prior Total=9.9212/9.7701, Recon post/prior=1.0086/1.0419, KL=0.9458, | CycSim post total/iv/gm=0.8429/0.3621/0.4808, | CycSim prior total/iv/gm=0.8711/0.3738/0.4973, | CycMeas total/iv/gm=0.1009/0.0357/0.0652, | PriorBnd post/prior=9.93e-03/1.45e-02 | Best 0.0926 | Patience 19/80
 >> Epoch 072 | Train Total=5.8410 | Val post/prior Total=9.8777/9.8559, Recon post/prior=1.0286/1.0689, KL=1.0785, | CycSim post total/iv/gm=0.8298/0.3583/0.4715, | CycSim prior total/iv/gm=0.8767/0.3776/0.4991, | CycMeas total/iv/gm=0.1433/0.0486/0.0947, | PriorBnd post/prior=8.87e-03/1.34e-02 | Best 0.0926 | Patience 20/80
 >> Epoch 073 | Train Total=5.8244 | Val post/prior Total=9.8222/9.6425, Recon post/prior=0.9991/1.0355, KL=1.0586, | CycSim post total/iv/gm=0.8284/0.3591/0.4693, | CycSim prior total/iv/gm=0.8590/0.3723/0.4868, | CycMeas total/iv/gm=0.1094/0.0438/0.0656, | PriorBnd post/prior=5.73e-03/9.54e-03 | Best 0.0926 | Patience 21/80
 >> Epoch 074 | Train Total=5.5635 | Val post/prior Total=10.5613/10.4865, Recon post/prior=0.9925/1.0303, KL=0.8895, | CycSim post total/iv/gm=0.9114/0.3868/0.5246, | CycSim prior total/iv/gm=0.9438/0.4004/0.5435, | CycMeas total/iv/gm=0.1358/0.0494/0.0864, | PriorBnd post/prior=5.77e-03/9.43e-03 | Best 0.0926 | Patience 22/80
 >> Epoch 075 | Train Total=5.6181 | Val post/prior Total=10.7096/10.6506, Recon post/prior=1.0385/1.0765, KL=1.2062, | CycSim post total/iv/gm=0.9056/0.3887/0.5170, | CycSim prior total/iv/gm=0.9554/0.4089/0.5465, | CycMeas total/iv/gm=0.1325/0.0556/0.0768, | PriorBnd post/prior=1.12e-02/1.63e-02 | Best 0.0926 | Patience 23/80
 >> Epoch 076 | Train Total=5.5241 | Val post/prior Total=10.1961/10.0220, Recon post/prior=1.0124/1.0496, KL=1.4640, | CycSim post total/iv/gm=0.8441/0.3618/0.4823, | CycSim prior total/iv/gm=0.8953/0.3836/0.5118, | CycMeas total/iv/gm=0.1323/0.0455/0.0868, | PriorBnd post/prior=1.00e-02/1.47e-02 | Best 0.0926 | Patience 24/80
 >> Epoch 077 | Train Total=5.6276 | Val post/prior Total=10.8489/10.8890, Recon post/prior=1.0007/1.0377, KL=1.2513, | CycSim post total/iv/gm=0.9212/0.3951/0.5261, | CycSim prior total/iv/gm=0.9834/0.4212/0.5622, | CycMeas total/iv/gm=0.1073/0.0392/0.0681, | PriorBnd post/prior=5.26e-03/8.95e-03 | Best 0.0926 | Patience 25/80
 >> Epoch 078 | Train Total=5.6907 | Val post/prior Total=8.8591/8.7352, Recon post/prior=0.9888/1.0242, KL=1.2314, | CycSim post total/iv/gm=0.7245/0.3117/0.4128, | CycSim prior total/iv/gm=0.7694/0.3304/0.4391, | CycMeas total/iv/gm=0.1033/0.0420/0.0613, | PriorBnd post/prior=3.86e-03/7.53e-03 | Best 0.0926 | Patience 26/80
 >> Epoch 079 | Train Total=5.5267 | Val post/prior Total=10.5774/10.4232, Recon post/prior=1.0182/1.0539, KL=1.5572, | CycSim post total/iv/gm=0.8770/0.3772/0.4998, | CycSim prior total/iv/gm=0.9351/0.4009/0.5342, | CycMeas total/iv/gm=0.1132/0.0481/0.0650, | PriorBnd post/prior=7.25e-03/1.14e-02 | Best 0.0926 | Patience 27/80
 >> Epoch 080 | Train Total=5.5004 | Val post/prior Total=10.8316/10.5754, Recon post/prior=1.0220/1.0555, KL=1.2012, | CycSim post total/iv/gm=0.9198/0.3926/0.5272, | CycSim prior total/iv/gm=0.9502/0.4045/0.5457, | CycMeas total/iv/gm=0.1032/0.0336/0.0696, | PriorBnd post/prior=7.71e-03/1.12e-02 | Best 0.0926 | Patience 28/80
 >> Epoch 081 | Train Total=5.5959 | Val post/prior Total=10.6023/10.4918, Recon post/prior=0.9832/1.0217, KL=1.7393, | CycSim post total/iv/gm=0.8740/0.3714/0.5025, | CycSim prior total/iv/gm=0.9454/0.4013/0.5440, | CycMeas total/iv/gm=0.1015/0.0363/0.0652, | PriorBnd post/prior=4.23e-03/7.71e-03 | Best 0.0926 | Patience 29/80
 >> Epoch 082 | Train Total=5.3910 | Val post/prior Total=11.4944/11.5034, Recon post/prior=1.0163/1.0578, KL=1.3574, | CycSim post total/iv/gm=0.9789/0.4155/0.5633, | CycSim prior total/iv/gm=1.0427/0.4429/0.5999, | CycMeas total/iv/gm=0.1061/0.0352/0.0709, | PriorBnd post/prior=7.33e-03/1.19e-02 | Best 0.0926 | Patience 30/80
 >> Epoch 083 | Train Total=5.6995 | Val post/prior Total=11.3009/11.0407, Recon post/prior=1.0077/1.0466, KL=1.8870, | CycSim post total/iv/gm=0.9339/0.4005/0.5334, | CycSim prior total/iv/gm=0.9975/0.4280/0.5695, | CycMeas total/iv/gm=0.1218/0.0471/0.0747, | PriorBnd post/prior=4.92e-03/8.58e-03 | Best 0.0926 | Patience 31/80
 >> Epoch 084 | Train Total=5.6652 | Val post/prior Total=10.2792/10.1882, Recon post/prior=1.0004/1.0439, KL=1.4851, | CycSim post total/iv/gm=0.8526/0.3626/0.4900, | CycSim prior total/iv/gm=0.9128/0.3884/0.5244, | CycMeas total/iv/gm=0.0787/0.0289/0.0499, | PriorBnd post/prior=6.21e-03/1.08e-02 | Best 0.0926 | Patience 32/80
[Update] best val_cyc_meas improved to 0.078732 @ epoch 84
 >> Epoch 085 | Train Total=5.5469 | Val post/prior Total=9.5672/9.3408, Recon post/prior=0.9737/1.0080, KL=1.6522, | CycSim post total/iv/gm=0.7758/0.3349/0.4409, | CycSim prior total/iv/gm=0.8314/0.3590/0.4725, | CycMeas total/iv/gm=0.1352/0.0531/0.0822, | PriorBnd post/prior=6.74e-03/1.10e-02 | Best 0.0787 | Patience 1/80
 >> Epoch 086 | Train Total=5.4600 | Val post/prior Total=9.7540/9.8373, Recon post/prior=0.9359/0.9646, KL=1.5894, | CycSim post total/iv/gm=0.8015/0.3435/0.4580, | CycSim prior total/iv/gm=0.8853/0.3795/0.5058, | CycMeas total/iv/gm=0.1765/0.0748/0.1017, | PriorBnd post/prior=2.12e-03/4.47e-03 | Best 0.0787 | Patience 2/80
 >> Epoch 087 | Train Total=5.5575 | Val post/prior Total=11.5748/11.6585, Recon post/prior=0.9323/0.9595, KL=1.0986, | CycSim post total/iv/gm=1.0086/0.4272/0.5814, | CycSim prior total/iv/gm=1.0684/0.4510/0.6174, | CycMeas total/iv/gm=0.1121/0.0479/0.0642, | PriorBnd post/prior=2.36e-03/3.53e-03 | Best 0.0787 | Patience 3/80
 >> Epoch 088 | Train Total=5.4985 | Val post/prior Total=8.9670/8.9403, Recon post/prior=0.9183/0.9457, KL=1.4147, | CycSim post total/iv/gm=0.7334/0.3117/0.4216, | CycSim prior total/iv/gm=0.7979/0.3395/0.4584, | CycMeas total/iv/gm=0.1224/0.0526/0.0697, | PriorBnd post/prior=1.86e-03/2.90e-03 | Best 0.0787 | Patience 4/80
 >> Epoch 089 | Train Total=5.5582 | Val post/prior Total=9.8905/9.7630, Recon post/prior=0.9480/0.9741, KL=2.0722, | CycSim post total/iv/gm=0.7898/0.3372/0.4525, | CycSim prior total/iv/gm=0.8774/0.3747/0.5028, | CycMeas total/iv/gm=0.0808/0.0333/0.0475, | PriorBnd post/prior=1.96e-03/3.60e-03 | Best 0.0787 | Patience 5/80
 >> Epoch 090 | Train Total=5.6045 | Val post/prior Total=10.6832/10.6124, Recon post/prior=0.9339/0.9632, KL=1.9911, | CycSim post total/iv/gm=0.8746/0.3732/0.5014, | CycSim prior total/iv/gm=0.9634/0.4098/0.5536, | CycMeas total/iv/gm=0.1041/0.0494/0.0547, | PriorBnd post/prior=1.63e-03/3.09e-03 | Best 0.0787 | Patience 6/80
 >> Epoch 091 | Train Total=5.5549 | Val post/prior Total=8.2237/7.7842, Recon post/prior=0.9495/0.9728, KL=2.1796, | CycSim post total/iv/gm=0.6176/0.2644/0.3532, | CycSim prior total/iv/gm=0.6797/0.2903/0.3895, | CycMeas total/iv/gm=0.0696/0.0376/0.0320, | PriorBnd post/prior=1.52e-03/2.74e-03 | Best 0.0787 | Patience 7/80
[Update] best val_cyc_meas improved to 0.069597 @ epoch 91
 >> Epoch 092 | Train Total=5.3571 | Val post/prior Total=9.8831/9.6962, Recon post/prior=0.8894/0.9082, KL=1.7753, | CycSim post total/iv/gm=0.8100/0.3461/0.4639, | CycSim prior total/iv/gm=0.8777/0.3749/0.5027, | CycMeas total/iv/gm=0.0676/0.0334/0.0342, | PriorBnd post/prior=5.21e-04/8.79e-04 | Best 0.0696 | Patience 1/80
[Update] best val_cyc_meas improved to 0.067642 @ epoch 92
 >> Epoch 093 | Train Total=5.4487 | Val post/prior Total=9.7337/9.4457, Recon post/prior=0.8929/0.9156, KL=1.5192, | CycSim post total/iv/gm=0.8075/0.3427/0.4648, | CycSim prior total/iv/gm=0.8517/0.3609/0.4908, | CycMeas total/iv/gm=0.0878/0.0375/0.0503, | PriorBnd post/prior=8.66e-04/1.69e-03 | Best 0.0676 | Patience 1/80
 >> Epoch 094 | Train Total=5.4032 | Val post/prior Total=10.6990/10.4412, Recon post/prior=0.9229/0.9497, KL=1.6884, | CycSim post total/iv/gm=0.8924/0.3831/0.5093, | CycSim prior total/iv/gm=0.9478/0.4069/0.5410, | CycMeas total/iv/gm=0.0676/0.0349/0.0328, | PriorBnd post/prior=1.77e-03/3.01e-03 | Best 0.0676 | Patience 2/80
 >> Epoch 095 | Train Total=5.4547 | Val post/prior Total=9.1648/9.1280, Recon post/prior=0.9216/0.9525, KL=1.5470, | CycSim post total/iv/gm=0.7462/0.3204/0.4258, | CycSim prior total/iv/gm=0.8161/0.3511/0.4650, | CycMeas total/iv/gm=0.0933/0.0417/0.0516, | PriorBnd post/prior=1.33e-03/2.61e-03 | Best 0.0676 | Patience 3/80
 >> Epoch 096 | Train Total=5.3562 | Val post/prior Total=9.0166/8.7905, Recon post/prior=0.9184/0.9491, KL=1.9585, | CycSim post total/iv/gm=0.7111/0.3031/0.4081, | CycSim prior total/iv/gm=0.7830/0.3336/0.4494, | CycMeas total/iv/gm=0.0485/0.0168/0.0318, | PriorBnd post/prior=1.36e-03/2.33e-03 | Best 0.0676 | Patience 4/80
[Update] best val_cyc_meas improved to 0.048526 @ epoch 96
 >> Epoch 097 | Train Total=5.4355 | Val post/prior Total=10.3417/10.2334, Recon post/prior=0.9160/0.9433, KL=2.2993, | CycSim post total/iv/gm=0.8268/0.3599/0.4669, | CycSim prior total/iv/gm=0.9274/0.4032/0.5242, | CycMeas total/iv/gm=0.1085/0.0588/0.0497, | PriorBnd post/prior=1.04e-03/2.28e-03 | Best 0.0485 | Patience 1/80
 >> Epoch 098 | Train Total=5.2981 | Val post/prior Total=7.9252/7.6760, Recon post/prior=0.9285/0.9528, KL=2.8725, | CycSim post total/iv/gm=0.5552/0.2350/0.3202, | CycSim prior total/iv/gm=0.6704/0.2831/0.3873, | CycMeas total/iv/gm=0.1453/0.0755/0.0698, | PriorBnd post/prior=1.76e-03/3.20e-03 | Best 0.0485 | Patience 2/80
 >> Epoch 099 | Train Total=5.4187 | Val post/prior Total=8.9876/8.8205, Recon post/prior=0.8998/0.9222, KL=1.8182, | CycSim post total/iv/gm=0.7172/0.3047/0.4125, | CycSim prior total/iv/gm=0.7884/0.3345/0.4539, | CycMeas total/iv/gm=0.0972/0.0469/0.0503, | PriorBnd post/prior=8.44e-04/1.65e-03 | Best 0.0485 | Patience 3/80
 >> Epoch 100 | Train Total=5.4486 | Val post/prior Total=9.8715/9.8606, Recon post/prior=0.9191/0.9418, KL=1.7028, | CycSim post total/iv/gm=0.8093/0.3448/0.4646, | CycSim prior total/iv/gm=0.8904/0.3784/0.5120, | CycMeas total/iv/gm=0.0984/0.0508/0.0477, | PriorBnd post/prior=1.06e-03/1.88e-03 | Best 0.0485 | Patience 4/80
 >> Epoch 101 | Train Total=5.6144 | Val post/prior Total=9.4608/9.2556, Recon post/prior=0.9014/0.9189, KL=1.2886, | CycSim post total/iv/gm=0.7908/0.3382/0.4526, | CycSim prior total/iv/gm=0.8322/0.3552/0.4770, | CycMeas total/iv/gm=0.1009/0.0479/0.0530, | PriorBnd post/prior=1.05e-03/1.72e-03 | Best 0.0485 | Patience 5/80
 >> Epoch 102 | Train Total=5.3976 | Val post/prior Total=8.9928/8.9481, Recon post/prior=0.8981/0.9180, KL=2.1836, | CycSim post total/iv/gm=0.6996/0.3010/0.3986, | CycSim prior total/iv/gm=0.8017/0.3423/0.4595, | CycMeas total/iv/gm=0.0770/0.0367/0.0403, | PriorBnd post/prior=5.52e-04/1.16e-03 | Best 0.0485 | Patience 6/80
 >> Epoch 103 | Train Total=5.4216 | Val post/prior Total=9.2572/9.2763, Recon post/prior=0.9528/0.9811, KL=2.3180, | CycSim post total/iv/gm=0.7137/0.3042/0.4095, | CycSim prior total/iv/gm=0.8281/0.3507/0.4774, | CycMeas total/iv/gm=0.0575/0.0196/0.0379, | PriorBnd post/prior=3.59e-03/5.68e-03 | Best 0.0485 | Patience 7/80
 >> Epoch 104 | Train Total=5.4158 | Val post/prior Total=9.3449/9.0980, Recon post/prior=0.8987/0.9216, KL=1.8217, | CycSim post total/iv/gm=0.7529/0.3190/0.4339, | CycSim prior total/iv/gm=0.8161/0.3463/0.4698, | CycMeas total/iv/gm=0.1017/0.0554/0.0463, | PriorBnd post/prior=1.42e-03/2.30e-03 | Best 0.0485 | Patience 8/80
 >> Epoch 105 | Train Total=5.3069 | Val post/prior Total=9.6902/9.3374, Recon post/prior=0.8986/0.9142, KL=1.7971, | CycSim post total/iv/gm=0.7886/0.3402/0.4484, | CycSim prior total/iv/gm=0.8407/0.3621/0.4786, | CycMeas total/iv/gm=0.1217/0.0587/0.0630, | PriorBnd post/prior=9.76e-04/1.52e-03 | Best 0.0485 | Patience 9/80
 >> Epoch 106 | Train Total=5.4389 | Val post/prior Total=10.6497/10.6609, Recon post/prior=0.9209/0.9464, KL=1.6841, | CycSim post total/iv/gm=0.8879/0.3777/0.5102, | CycSim prior total/iv/gm=0.9698/0.4120/0.5577, | CycMeas total/iv/gm=0.1124/0.0504/0.0620, | PriorBnd post/prior=1.50e-03/2.56e-03 | Best 0.0485 | Patience 10/80
 >> Epoch 107 | Train Total=5.3136 | Val post/prior Total=7.6594/7.4955, Recon post/prior=0.8751/0.8950, KL=1.8379, | CycSim post total/iv/gm=0.5859/0.2473/0.3386, | CycSim prior total/iv/gm=0.6589/0.2774/0.3815, | CycMeas total/iv/gm=0.0638/0.0321/0.0316, | PriorBnd post/prior=6.07e-04/9.75e-04 | Best 0.0485 | Patience 11/80
 >> Epoch 108 | Train Total=5.2612 | Val post/prior Total=8.4794/8.4001, Recon post/prior=0.9327/0.9575, KL=1.3690, | CycSim post total/iv/gm=0.6854/0.2941/0.3913, | CycSim prior total/iv/gm=0.7421/0.3180/0.4240, | CycMeas total/iv/gm=0.1727/0.0812/0.0915, | PriorBnd post/prior=3.00e-03/4.13e-03 | Best 0.0485 | Patience 12/80
 >> Epoch 109 | Train Total=5.2986 | Val post/prior Total=10.7882/10.4687, Recon post/prior=0.9180/0.9412, KL=1.7112, | CycSim post total/iv/gm=0.9007/0.3790/0.5217, | CycSim prior total/iv/gm=0.9514/0.4001/0.5513, | CycMeas total/iv/gm=0.0680/0.0278/0.0402, | PriorBnd post/prior=2.08e-03/3.02e-03 | Best 0.0485 | Patience 13/80
 >> Epoch 110 | Train Total=5.2453 | Val post/prior Total=8.6403/8.1939, Recon post/prior=0.9103/0.9347, KL=1.9399, | CycSim post total/iv/gm=0.6753/0.2900/0.3852, | CycSim prior total/iv/gm=0.7246/0.3103/0.4143, | CycMeas total/iv/gm=0.0614/0.0264/0.0350, | PriorBnd post/prior=1.77e-03/2.88e-03 | Best 0.0485 | Patience 14/80
 >> Epoch 111 | Train Total=5.2864 | Val post/prior Total=9.3640/9.1293, Recon post/prior=0.9126/0.9341, KL=1.7224, | CycSim post total/iv/gm=0.7583/0.3221/0.4362, | CycSim prior total/iv/gm=0.8182/0.3464/0.4718, | CycMeas total/iv/gm=0.0686/0.0278/0.0408, | PriorBnd post/prior=1.88e-03/2.60e-03 | Best 0.0485 | Patience 15/80
 >> Epoch 112 | Train Total=5.2117 | Val post/prior Total=7.7512/7.4426, Recon post/prior=0.9164/0.9409, KL=2.0067, | CycSim post total/iv/gm=0.5824/0.2470/0.3354, | CycSim prior total/iv/gm=0.6485/0.2747/0.3737, | CycMeas total/iv/gm=0.1110/0.0561/0.0550, | PriorBnd post/prior=1.68e-03/2.88e-03 | Best 0.0485 | Patience 16/80
 >> Epoch 113 | Train Total=5.4662 | Val post/prior Total=10.1269/9.7401, Recon post/prior=0.9293/0.9519, KL=1.5760, | CycSim post total/iv/gm=0.8402/0.3607/0.4794, | CycSim prior total/iv/gm=0.8775/0.3780/0.4995, | CycMeas total/iv/gm=0.0564/0.0223/0.0341, | PriorBnd post/prior=1.81e-03/2.68e-03 | Best 0.0485 | Patience 17/80
 >> Epoch 114 | Train Total=5.1637 | Val post/prior Total=11.7722/11.1516, Recon post/prior=0.9356/0.9562, KL=2.0564, | CycSim post total/iv/gm=0.9801/0.4173/0.5628, | CycSim prior total/iv/gm=1.0183/0.4308/0.5875, | CycMeas total/iv/gm=0.0506/0.0202/0.0303, | PriorBnd post/prior=2.55e-03/4.06e-03 | Best 0.0485 | Patience 18/80
 >> Epoch 115 | Train Total=5.2448 | Val post/prior Total=10.0122/9.6753, Recon post/prior=0.9364/0.9581, KL=2.0754, | CycSim post total/iv/gm=0.8030/0.3429/0.4601, | CycSim prior total/iv/gm=0.8702/0.3727/0.4975, | CycMeas total/iv/gm=0.0748/0.0386/0.0362, | PriorBnd post/prior=3.20e-03/4.17e-03 | Best 0.0485 | Patience 19/80
 >> Epoch 116 | Train Total=5.3230 | Val post/prior Total=9.3306/9.1308, Recon post/prior=0.9311/0.9568, KL=1.7600, | CycSim post total/iv/gm=0.7512/0.3189/0.4323, | CycSim prior total/iv/gm=0.8160/0.3461/0.4699, | CycMeas total/iv/gm=0.0614/0.0269/0.0345, | PriorBnd post/prior=1.98e-03/3.55e-03 | Best 0.0485 | Patience 20/80
 >> Epoch 117 | Train Total=5.2651 | Val post/prior Total=9.1957/8.6800, Recon post/prior=0.9494/0.9734, KL=1.9317, | CycSim post total/iv/gm=0.7272/0.3067/0.4205, | CycSim prior total/iv/gm=0.7692/0.3234/0.4458, | CycMeas total/iv/gm=0.0661/0.0353/0.0308, | PriorBnd post/prior=3.11e-03/4.74e-03 | Best 0.0485 | Patience 21/80
 >> Epoch 118 | Train Total=5.0716 | Val post/prior Total=9.6961/9.2503, Recon post/prior=0.9007/0.9125, KL=1.9194, | CycSim post total/iv/gm=0.7829/0.3324/0.4504, | CycSim prior total/iv/gm=0.8326/0.3509/0.4816, | CycMeas total/iv/gm=0.0595/0.0274/0.0322, | PriorBnd post/prior=1.46e-03/1.80e-03 | Best 0.0485 | Patience 22/80
 >> Epoch 119 | Train Total=5.1839 | Val post/prior Total=8.5005/8.2007, Recon post/prior=0.9308/0.9499, KL=1.5984, | CycSim post total/iv/gm=0.6762/0.2880/0.3883, | CycSim prior total/iv/gm=0.7234/0.3084/0.4150, | CycMeas total/iv/gm=0.0982/0.0513/0.0470, | PriorBnd post/prior=3.28e-03/4.47e-03 | Best 0.0485 | Patience 23/80
 >> Epoch 120 | Train Total=5.1595 | Val post/prior Total=10.5582/9.8509, Recon post/prior=0.9202/0.9360, KL=1.9476, | CycSim post total/iv/gm=0.8657/0.3677/0.4979, | CycSim prior total/iv/gm=0.8901/0.3751/0.5150, | CycMeas total/iv/gm=0.0680/0.0356/0.0323, | PriorBnd post/prior=1.67e-03/2.93e-03 | Best 0.0485 | Patience 24/80
 >> Epoch 121 | Train Total=5.1667 | Val post/prior Total=8.8715/8.3387, Recon post/prior=0.9119/0.9323, KL=1.9446, | CycSim post total/iv/gm=0.6980/0.2981/0.3999, | CycSim prior total/iv/gm=0.7387/0.3148/0.4239, | CycMeas total/iv/gm=0.1345/0.0684/0.0661, | PriorBnd post/prior=1.78e-03/3.44e-03 | Best 0.0485 | Patience 25/80
 >> Epoch 122 | Train Total=5.1263 | Val post/prior Total=8.6775/8.4298, Recon post/prior=0.9444/0.9683, KL=2.1390, | CycSim post total/iv/gm=0.6655/0.2859/0.3796, | CycSim prior total/iv/gm=0.7443/0.3176/0.4267, | CycMeas total/iv/gm=0.1080/0.0549/0.0530, | PriorBnd post/prior=3.78e-03/5.50e-03 | Best 0.0485 | Patience 26/80
 >> Epoch 123 | Train Total=5.2138 | Val post/prior Total=9.9716/9.7805, Recon post/prior=0.8987/0.9206, KL=1.9027, | CycSim post total/iv/gm=0.8115/0.3438/0.4677, | CycSim prior total/iv/gm=0.8847/0.3748/0.5099, | CycMeas total/iv/gm=0.0614/0.0288/0.0327, | PriorBnd post/prior=1.96e-03/2.69e-03 | Best 0.0485 | Patience 27/80
 >> Epoch 124 | Train Total=5.1113 | Val post/prior Total=9.7829/9.5786, Recon post/prior=0.9667/0.9872, KL=1.3656, | CycSim post total/iv/gm=0.8124/0.3424/0.4700, | CycSim prior total/iv/gm=0.8577/0.3626/0.4950, | CycMeas total/iv/gm=0.0531/0.0250/0.0281, | PriorBnd post/prior=5.14e-03/7.29e-03 | Best 0.0485 | Patience 28/80
 >> Epoch 125 | Train Total=5.1815 | Val post/prior Total=9.0294/8.5019, Recon post/prior=0.9153/0.9327, KL=1.4392, | CycSim post total/iv/gm=0.7387/0.3095/0.4292, | CycSim prior total/iv/gm=0.7555/0.3161/0.4394, | CycMeas total/iv/gm=0.0706/0.0370/0.0335, | PriorBnd post/prior=2.26e-03/3.08e-03 | Best 0.0485 | Patience 29/80
 >> Epoch 126 | Train Total=5.1201 | Val post/prior Total=8.6709/8.2371, Recon post/prior=0.9184/0.9395, KL=1.4865, | CycSim post total/iv/gm=0.7001/0.2966/0.4036, | CycSim prior total/iv/gm=0.7282/0.3082/0.4200, | CycMeas total/iv/gm=0.0822/0.0415/0.0407, | PriorBnd post/prior=1.75e-03/2.86e-03 | Best 0.0485 | Patience 30/80
 >> Epoch 127 | Train Total=5.1618 | Val post/prior Total=8.8715/8.6719, Recon post/prior=0.9303/0.9477, KL=1.3594, | CycSim post total/iv/gm=0.7253/0.3110/0.4144, | CycSim prior total/iv/gm=0.7712/0.3313/0.4399, | CycMeas total/iv/gm=0.0442/0.0214/0.0228, | PriorBnd post/prior=2.67e-03/3.30e-03 | Best 0.0485 | Patience 31/80
[Update] best val_cyc_meas improved to 0.044191 @ epoch 127
 >> Epoch 128 | Train Total=5.2253 | Val post/prior Total=8.7485/8.5008, Recon post/prior=0.9185/0.9368, KL=1.3413, | CycSim post total/iv/gm=0.7152/0.3051/0.4101, | CycSim prior total/iv/gm=0.7550/0.3227/0.4323, | CycMeas total/iv/gm=0.0582/0.0294/0.0288, | PriorBnd post/prior=1.61e-03/2.18e-03 | Best 0.0442 | Patience 1/80
 >> Epoch 129 | Train Total=4.9536 | Val post/prior Total=9.2035/9.0649, Recon post/prior=0.9250/0.9436, KL=1.5007, | CycSim post total/iv/gm=0.7520/0.3224/0.4296, | CycSim prior total/iv/gm=0.8107/0.3465/0.4643, | CycMeas total/iv/gm=0.0604/0.0306/0.0298, | PriorBnd post/prior=1.41e-03/2.20e-03 | Best 0.0442 | Patience 2/80
 >> Epoch 130 | Train Total=5.1301 | Val post/prior Total=9.2461/8.9305, Recon post/prior=0.9293/0.9451, KL=2.0949, | CycSim post total/iv/gm=0.7261/0.3165/0.4096, | CycSim prior total/iv/gm=0.7971/0.3456/0.4515, | CycMeas total/iv/gm=0.0592/0.0316/0.0275, | PriorBnd post/prior=1.93e-03/3.10e-03 | Best 0.0442 | Patience 3/80
 >> Epoch 131 | Train Total=5.1232 | Val post/prior Total=8.7127/8.2073, Recon post/prior=0.9256/0.9362, KL=1.5237, | CycSim post total/iv/gm=0.7017/0.3007/0.4011, | CycSim prior total/iv/gm=0.7257/0.3105/0.4152, | CycMeas total/iv/gm=0.0612/0.0244/0.0368, | PriorBnd post/prior=3.23e-03/3.88e-03 | Best 0.0442 | Patience 4/80
 >> Epoch 132 | Train Total=5.0440 | Val post/prior Total=9.1350/8.8584, Recon post/prior=0.9466/0.9687, KL=1.7738, | CycSim post total/iv/gm=0.7293/0.3104/0.4189, | CycSim prior total/iv/gm=0.7871/0.3362/0.4509, | CycMeas total/iv/gm=0.0955/0.0501/0.0454, | PriorBnd post/prior=2.81e-03/4.35e-03 | Best 0.0442 | Patience 5/80
 >> Epoch 133 | Train Total=5.0844 | Val post/prior Total=9.5435/9.2259, Recon post/prior=0.9496/0.9644, KL=1.6223, | CycSim post total/iv/gm=0.7774/0.3289/0.4485, | CycSim prior total/iv/gm=0.8247/0.3490/0.4758, | CycMeas total/iv/gm=0.0524/0.0245/0.0279, | PriorBnd post/prior=3.32e-03/4.43e-03 | Best 0.0442 | Patience 6/80
 >> Epoch 134 | Train Total=5.0395 | Val post/prior Total=7.8385/7.5915, Recon post/prior=0.9135/0.9288, KL=1.2193, | CycSim post total/iv/gm=0.6308/0.2725/0.3583, | CycSim prior total/iv/gm=0.6648/0.2850/0.3798, | CycMeas total/iv/gm=0.0640/0.0344/0.0296, | PriorBnd post/prior=2.12e-03/3.60e-03 | Best 0.0442 | Patience 7/80
 >> Epoch 135 | Train Total=4.9877 | Val post/prior Total=8.0417/7.4906, Recon post/prior=0.9281/0.9405, KL=1.8695, | CycSim post total/iv/gm=0.6171/0.2682/0.3488, | CycSim prior total/iv/gm=0.6534/0.2821/0.3713, | CycMeas total/iv/gm=0.0772/0.0408/0.0363, | PriorBnd post/prior=2.69e-03/3.89e-03 | Best 0.0442 | Patience 8/80
 >> Epoch 136 | Train Total=5.0218 | Val post/prior Total=9.5878/8.5871, Recon post/prior=0.9261/0.9423, KL=2.4614, | CycSim post total/iv/gm=0.7423/0.3196/0.4227, | CycSim prior total/iv/gm=0.7627/0.3275/0.4352, | CycMeas total/iv/gm=0.1057/0.0401/0.0656, | PriorBnd post/prior=2.01e-03/3.01e-03 | Best 0.0442 | Patience 9/80
 >> Epoch 137 | Train Total=5.0415 | Val post/prior Total=8.7819/7.9270, Recon post/prior=0.9500/0.9587, KL=2.1903, | CycSim post total/iv/gm=0.6728/0.2906/0.3822, | CycSim prior total/iv/gm=0.6953/0.2998/0.3954, | CycMeas total/iv/gm=0.0702/0.0268/0.0434, | PriorBnd post/prior=2.53e-03/4.01e-03 | Best 0.0442 | Patience 10/80
 >> Epoch 138 | Train Total=5.0339 | Val post/prior Total=9.3322/8.6312, Recon post/prior=0.9272/0.9291, KL=2.3039, | CycSim post total/iv/gm=0.7245/0.3102/0.4143, | CycSim prior total/iv/gm=0.7689/0.3290/0.4399, | CycMeas total/iv/gm=0.0562/0.0243/0.0319, | PriorBnd post/prior=2.77e-03/3.43e-03 | Best 0.0442 | Patience 11/80
 >> Epoch 139 | Train Total=5.0473 | Val post/prior Total=8.8762/8.4913, Recon post/prior=0.9270/0.9284, KL=2.0509, | CycSim post total/iv/gm=0.6916/0.2994/0.3922, | CycSim prior total/iv/gm=0.7548/0.3258/0.4291, | CycMeas total/iv/gm=0.0664/0.0276/0.0388, | PriorBnd post/prior=2.94e-03/3.87e-03 | Best 0.0442 | Patience 12/80
 >> Epoch 140 | Train Total=4.9462 | Val post/prior Total=8.7397/8.2157, Recon post/prior=0.9282/0.9352, KL=1.4457, | CycSim post total/iv/gm=0.7081/0.2994/0.4087, | CycSim prior total/iv/gm=0.7265/0.3065/0.4200, | CycMeas total/iv/gm=0.0722/0.0299/0.0422, | PriorBnd post/prior=2.10e-03/2.68e-03 | Best 0.0442 | Patience 13/80
 >> Epoch 141 | Train Total=5.0828 | Val post/prior Total=9.4969/9.3543, Recon post/prior=0.9245/0.9342, KL=1.6283, | CycSim post total/iv/gm=0.7750/0.3342/0.4408, | CycSim prior total/iv/gm=0.8407/0.3609/0.4797, | CycMeas total/iv/gm=0.0514/0.0213/0.0302, | PriorBnd post/prior=1.90e-03/3.00e-03 | Best 0.0442 | Patience 14/80
 >> Epoch 142 | Train Total=4.9334 | Val post/prior Total=9.1629/8.8996, Recon post/prior=0.9181/0.9329, KL=2.3312, | CycSim post total/iv/gm=0.7072/0.3054/0.4018, | CycSim prior total/iv/gm=0.7952/0.3418/0.4535, | CycMeas total/iv/gm=0.0635/0.0330/0.0305, | PriorBnd post/prior=1.89e-03/2.96e-03 | Best 0.0442 | Patience 15/80
 >> Epoch 143 | Train Total=4.8723 | Val post/prior Total=8.4376/8.3501, Recon post/prior=0.8896/0.9002, KL=1.9005, | CycSim post total/iv/gm=0.6591/0.2831/0.3759, | CycSim prior total/iv/gm=0.7436/0.3187/0.4249, | CycMeas total/iv/gm=0.0703/0.0295/0.0408, | PriorBnd post/prior=1.44e-03/1.96e-03 | Best 0.0442 | Patience 16/80
 >> Epoch 144 | Train Total=5.0082 | Val post/prior Total=8.6158/8.2555, Recon post/prior=0.9052/0.9123, KL=1.8019, | CycSim post total/iv/gm=0.6803/0.2939/0.3864, | CycSim prior total/iv/gm=0.7327/0.3154/0.4173, | CycMeas total/iv/gm=0.0884/0.0385/0.0499, | PriorBnd post/prior=1.88e-03/2.31e-03 | Best 0.0442 | Patience 17/80
 >> Epoch 145 | Train Total=4.9338 | Val post/prior Total=7.7650/7.1237, Recon post/prior=0.9025/0.9094, KL=2.0863, | CycSim post total/iv/gm=0.5812/0.2482/0.3330, | CycSim prior total/iv/gm=0.6191/0.2609/0.3582, | CycMeas total/iv/gm=0.1600/0.0660/0.0939, | PriorBnd post/prior=2.06e-03/2.82e-03 | Best 0.0442 | Patience 18/80
 >> Epoch 146 | Train Total=5.0499 | Val post/prior Total=9.2860/8.5012, Recon post/prior=0.8955/0.8972, KL=2.2953, | CycSim post total/iv/gm=0.7236/0.3117/0.4119, | CycSim prior total/iv/gm=0.7586/0.3264/0.4322, | CycMeas total/iv/gm=0.1081/0.0465/0.0616, | PriorBnd post/prior=1.10e-03/1.70e-03 | Best 0.0442 | Patience 19/80
 >> Epoch 147 | Train Total=4.8905 | Val post/prior Total=7.7201/7.3946, Recon post/prior=0.9045/0.9119, KL=1.9266, | CycSim post total/iv/gm=0.5845/0.2527/0.3318, | CycSim prior total/iv/gm=0.6467/0.2778/0.3689, | CycMeas total/iv/gm=0.0757/0.0330/0.0427, | PriorBnd post/prior=1.57e-03/2.07e-03 | Best 0.0442 | Patience 20/80
 >> Epoch 148 | Train Total=4.9232 | Val post/prior Total=8.8699/8.0548, Recon post/prior=0.9123/0.9156, KL=2.0801, | CycSim post total/iv/gm=0.6910/0.2968/0.3942, | CycSim prior total/iv/gm=0.7127/0.3017/0.4109, | CycMeas total/iv/gm=0.0478/0.0208/0.0270, | PriorBnd post/prior=1.56e-03/2.27e-03 | Best 0.0442 | Patience 21/80
 >> Epoch 149 | Train Total=4.9517 | Val post/prior Total=7.1686/6.9014, Recon post/prior=0.9573/0.9686, KL=1.6300, | CycSim post total/iv/gm=0.5387/0.2272/0.3115, | CycSim prior total/iv/gm=0.5918/0.2497/0.3421, | CycMeas total/iv/gm=0.0498/0.0236/0.0262, | PriorBnd post/prior=4.32e-03/5.63e-03 | Best 0.0442 | Patience 22/80
 >> Epoch 150 | Train Total=4.9547 | Val post/prior Total=9.0331/9.0220, Recon post/prior=0.9086/0.9183, KL=1.8520, | CycSim post total/iv/gm=0.7191/0.3095/0.4096, | CycSim prior total/iv/gm=0.8090/0.3473/0.4617, | CycMeas total/iv/gm=0.0598/0.0257/0.0341, | PriorBnd post/prior=2.01e-03/2.68e-03 | Best 0.0442 | Patience 23/80
 >> Epoch 151 | Train Total=4.9209 | Val post/prior Total=8.2590/7.9899, Recon post/prior=0.8953/0.9087, KL=1.9194, | CycSim post total/iv/gm=0.6397/0.2790/0.3607, | CycSim prior total/iv/gm=0.7069/0.3070/0.3999, | CycMeas total/iv/gm=0.0461/0.0180/0.0281, | PriorBnd post/prior=1.58e-03/2.45e-03 | Best 0.0442 | Patience 24/80
 >> Epoch 152 | Train Total=4.8903 | Val post/prior Total=7.8569/7.1126, Recon post/prior=0.8642/0.8680, KL=1.9081, | CycSim post total/iv/gm=0.6033/0.2630/0.3403, | CycSim prior total/iv/gm=0.6232/0.2701/0.3531, | CycMeas total/iv/gm=0.0633/0.0254/0.0379, | PriorBnd post/prior=5.88e-04/8.50e-04 | Best 0.0442 | Patience 25/80
 >> Epoch 153 | Train Total=4.8024 | Val post/prior Total=7.8614/7.2339, Recon post/prior=0.8960/0.8925, KL=2.5624, | CycSim post total/iv/gm=0.5677/0.2431/0.3247, | CycSim prior total/iv/gm=0.6310/0.2675/0.3635, | CycMeas total/iv/gm=0.2453/0.1103/0.1350, | PriorBnd post/prior=1.53e-03/1.92e-03 | Best 0.0442 | Patience 26/80
 >> Epoch 154 | Train Total=4.8591 | Val post/prior Total=7.9613/7.5818, Recon post/prior=0.8909/0.8879, KL=1.8184, | CycSim post total/iv/gm=0.6155/0.2675/0.3479, | CycSim prior total/iv/gm=0.6681/0.2884/0.3797, | CycMeas total/iv/gm=0.0624/0.0269/0.0355, | PriorBnd post/prior=7.94e-04/1.09e-03 | Best 0.0442 | Patience 27/80
 >> Epoch 155 | Train Total=4.8389 | Val post/prior Total=7.0885/6.8634, Recon post/prior=0.9102/0.9184, KL=1.6762, | CycSim post total/iv/gm=0.5333/0.2278/0.3055, | CycSim prior total/iv/gm=0.5929/0.2511/0.3418, | CycMeas total/iv/gm=0.0824/0.0369/0.0455, | PriorBnd post/prior=2.87e-03/3.58e-03 | Best 0.0442 | Patience 28/80
 >> Epoch 156 | Train Total=4.9251 | Val post/prior Total=7.7554/7.1344, Recon post/prior=0.9192/0.9182, KL=2.0516, | CycSim post total/iv/gm=0.5802/0.2488/0.3315, | CycSim prior total/iv/gm=0.6199/0.2640/0.3559, | CycMeas total/iv/gm=0.0899/0.0437/0.0462, | PriorBnd post/prior=2.89e-03/3.60e-03 | Best 0.0442 | Patience 29/80
 >> Epoch 157 | Train Total=4.8897 | Val post/prior Total=8.3190/7.8895, Recon post/prior=0.9106/0.9148, KL=1.8578, | CycSim post total/iv/gm=0.6472/0.2782/0.3690, | CycSim prior total/iv/gm=0.6951/0.2971/0.3980, | CycMeas total/iv/gm=0.1571/0.0719/0.0852, | PriorBnd post/prior=2.81e-03/3.58e-03 | Best 0.0442 | Patience 30/80
 >> Epoch 158 | Train Total=4.7864 | Val post/prior Total=8.7406/8.0451, Recon post/prior=0.9205/0.9222, KL=1.9996, | CycSim post total/iv/gm=0.6812/0.2958/0.3854, | CycSim prior total/iv/gm=0.7108/0.3064/0.4045, | CycMeas total/iv/gm=0.0651/0.0291/0.0359, | PriorBnd post/prior=1.93e-03/2.49e-03 | Best 0.0442 | Patience 31/80
 >> Epoch 159 | Train Total=4.8370 | Val post/prior Total=9.5547/8.4573, Recon post/prior=0.9020/0.9065, KL=2.8981, | CycSim post total/iv/gm=0.7197/0.3056/0.4140, | CycSim prior total/iv/gm=0.7520/0.3177/0.4343, | CycMeas total/iv/gm=0.2308/0.1067/0.1241, | PriorBnd post/prior=2.09e-03/2.68e-03 | Best 0.0442 | Patience 32/80
 >> Epoch 160 | Train Total=4.7771 | Val post/prior Total=9.2821/8.1534, Recon post/prior=0.9092/0.9063, KL=2.6725, | CycSim post total/iv/gm=0.7029/0.3061/0.3968, | CycSim prior total/iv/gm=0.7229/0.3125/0.4105, | CycMeas total/iv/gm=0.1021/0.0442/0.0579, | PriorBnd post/prior=2.33e-03/3.16e-03 | Best 0.0442 | Patience 33/80
 >> Epoch 161 | Train Total=4.8348 | Val post/prior Total=9.5588/8.2953, Recon post/prior=0.9064/0.9061, KL=2.0375, | CycSim post total/iv/gm=0.7627/0.3259/0.4368, | CycSim prior total/iv/gm=0.7366/0.3098/0.4268, | CycMeas total/iv/gm=0.1616/0.0732/0.0884, | PriorBnd post/prior=1.91e-03/2.47e-03 | Best 0.0442 | Patience 34/80
 >> Epoch 162 | Train Total=4.7549 | Val post/prior Total=9.4395/9.3537, Recon post/prior=0.9337/0.9359, KL=2.0812, | CycSim post total/iv/gm=0.7457/0.3201/0.4256, | CycSim prior total/iv/gm=0.8399/0.3582/0.4818, | CycMeas total/iv/gm=0.0989/0.0440/0.0549, | PriorBnd post/prior=2.63e-03/3.67e-03 | Best 0.0442 | Patience 35/80
 >> Epoch 163 | Train Total=4.8553 | Val post/prior Total=8.9422/8.0939, Recon post/prior=0.9252/0.9317, KL=2.3834, | CycSim post total/iv/gm=0.6817/0.2925/0.3892, | CycSim prior total/iv/gm=0.7146/0.3042/0.4104, | CycMeas total/iv/gm=0.0749/0.0361/0.0388, | PriorBnd post/prior=2.40e-03/3.45e-03 | Best 0.0442 | Patience 36/80
 >> Epoch 164 | Train Total=4.8051 | Val post/prior Total=8.9453/7.9737, Recon post/prior=0.9208/0.9222, KL=2.8906, | CycSim post total/iv/gm=0.6571/0.2833/0.3738, | CycSim prior total/iv/gm=0.7038/0.2998/0.4040, | CycMeas total/iv/gm=0.0551/0.0242/0.0309, | PriorBnd post/prior=2.13e-03/2.94e-03 | Best 0.0442 | Patience 37/80
 >> Epoch 165 | Train Total=4.7262 | Val post/prior Total=8.6365/7.9977, Recon post/prior=0.8897/0.8842, KL=2.2754, | CycSim post total/iv/gm=0.6602/0.2835/0.3768, | CycSim prior total/iv/gm=0.7097/0.3015/0.4082, | CycMeas total/iv/gm=0.0969/0.0398/0.0570, | PriorBnd post/prior=1.44e-03/1.66e-03 | Best 0.0442 | Patience 38/80
 >> Epoch 166 | Train Total=4.7359 | Val post/prior Total=8.9267/7.7752, Recon post/prior=0.9104/0.9093, KL=2.2785, | CycSim post total/iv/gm=0.6870/0.2975/0.3895, | CycSim prior total/iv/gm=0.6843/0.2941/0.3902, | CycMeas total/iv/gm=0.1542/0.0644/0.0898, | PriorBnd post/prior=1.78e-03/2.08e-03 | Best 0.0442 | Patience 39/80
 >> Epoch 167 | Train Total=4.6728 | Val post/prior Total=7.7071/6.7079, Recon post/prior=0.8894/0.8837, KL=3.1090, | CycSim post total/iv/gm=0.5257/0.2232/0.3025, | CycSim prior total/iv/gm=0.5797/0.2475/0.3322, | CycMeas total/iv/gm=0.2036/0.0791/0.1244, | PriorBnd post/prior=1.57e-03/1.64e-03 | Best 0.0442 | Patience 40/80
 >> Epoch 168 | Train Total=4.7187 | Val post/prior Total=9.2724/8.0897, Recon post/prior=0.8770/0.8685, KL=2.9344, | CycSim post total/iv/gm=0.6922/0.2991/0.3931, | CycSim prior total/iv/gm=0.7191/0.3087/0.4104, | CycMeas total/iv/gm=0.2390/0.1073/0.1317, | PriorBnd post/prior=1.43e-03/1.37e-03 | Best 0.0442 | Patience 41/80
 >> Epoch 169 | Train Total=4.7480 | Val post/prior Total=8.5609/7.2730, Recon post/prior=0.9108/0.9043, KL=3.1427, | CycSim post total/iv/gm=0.6071/0.2598/0.3473, | CycSim prior total/iv/gm=0.6344/0.2716/0.3627, | CycMeas total/iv/gm=0.1747/0.0815/0.0932, | PriorBnd post/prior=2.39e-03/2.71e-03 | Best 0.0442 | Patience 42/80
 >> Epoch 170 | Train Total=4.7054 | Val post/prior Total=8.3936/7.3525, Recon post/prior=0.8898/0.8842, KL=3.0124, | CycSim post total/iv/gm=0.5991/0.2572/0.3419, | CycSim prior total/iv/gm=0.6432/0.2750/0.3682, | CycMeas total/iv/gm=0.2984/0.1333/0.1651, | PriorBnd post/prior=1.35e-03/1.53e-03 | Best 0.0442 | Patience 43/80
 >> Epoch 171 | Train Total=4.6642 | Val post/prior Total=10.5760/8.9217, Recon post/prior=0.9444/0.9231, KL=2.9169, | CycSim post total/iv/gm=0.8165/0.3442/0.4723, | CycSim prior total/iv/gm=0.7978/0.3355/0.4622, | CycMeas total/iv/gm=0.1296/0.0596/0.0700, | PriorBnd post/prior=4.58e-03/3.93e-03 | Best 0.0442 | Patience 44/80
 >> Epoch 172 | Train Total=4.7549 | Val post/prior Total=8.8148/8.2974, Recon post/prior=0.9356/0.9179, KL=3.1010, | CycSim post total/iv/gm=0.6320/0.2668/0.3653, | CycSim prior total/iv/gm=0.7363/0.3159/0.4204, | CycMeas total/iv/gm=0.0854/0.0414/0.0439, | PriorBnd post/prior=3.61e-03/2.33e-03 | Best 0.0442 | Patience 45/80
 >> Epoch 173 | Train Total=4.6678 | Val post/prior Total=8.4432/7.5170, Recon post/prior=0.9345/0.9180, KL=3.2568, | CycSim post total/iv/gm=0.5872/0.2472/0.3400, | CycSim prior total/iv/gm=0.6586/0.2824/0.3762, | CycMeas total/iv/gm=0.0543/0.0271/0.0273, | PriorBnd post/prior=3.95e-03/2.74e-03 | Best 0.0442 | Patience 46/80
 >> Epoch 174 | Train Total=4.7248 | Val post/prior Total=9.5171/8.0511, Recon post/prior=0.9205/0.9058, KL=2.8644, | CycSim post total/iv/gm=0.7157/0.3022/0.4135, | CycSim prior total/iv/gm=0.7131/0.3052/0.4079, | CycMeas total/iv/gm=0.0671/0.0316/0.0355, | PriorBnd post/prior=3.50e-03/2.80e-03 | Best 0.0442 | Patience 47/80
 >> Epoch 175 | Train Total=4.7149 | Val post/prior Total=7.7795/7.0529, Recon post/prior=0.9146/0.9096, KL=3.0242, | CycSim post total/iv/gm=0.5345/0.2268/0.3078, | CycSim prior total/iv/gm=0.6128/0.2610/0.3519, | CycMeas total/iv/gm=0.0738/0.0348/0.0390, | PriorBnd post/prior=2.98e-03/2.40e-03 | Best 0.0442 | Patience 48/80
 >> Epoch 176 | Train Total=4.6430 | Val post/prior Total=9.4384/8.0796, Recon post/prior=0.9026/0.8912, KL=2.6311, | CycSim post total/iv/gm=0.7213/0.3080/0.4134, | CycSim prior total/iv/gm=0.7171/0.3029/0.4142, | CycMeas total/iv/gm=0.1032/0.0494/0.0538, | PriorBnd post/prior=2.30e-03/1.78e-03 | Best 0.0442 | Patience 49/80
 >> Epoch 177 | Train Total=4.6168 | Val post/prior Total=7.9544/7.3660, Recon post/prior=0.9158/0.9080, KL=2.6422, | CycSim post total/iv/gm=0.5710/0.2417/0.3293, | CycSim prior total/iv/gm=0.6441/0.2735/0.3706, | CycMeas total/iv/gm=0.0936/0.0411/0.0525, | PriorBnd post/prior=2.44e-03/1.92e-03 | Best 0.0442 | Patience 50/80
 >> Epoch 178 | Train Total=4.7009 | Val post/prior Total=8.9822/8.0317, Recon post/prior=0.9353/0.9252, KL=2.3798, | CycSim post total/iv/gm=0.6849/0.2888/0.3960, | CycSim prior total/iv/gm=0.7089/0.2992/0.4097, | CycMeas total/iv/gm=0.0919/0.0446/0.0473, | PriorBnd post/prior=3.84e-03/3.39e-03 | Best 0.0442 | Patience 51/80
 >> Epoch 179 | Train Total=4.6711 | Val post/prior Total=8.6854/7.4487, Recon post/prior=0.9053/0.8828, KL=3.1642, | CycSim post total/iv/gm=0.6191/0.2593/0.3598, | CycSim prior total/iv/gm=0.6548/0.2797/0.3750, | CycMeas total/iv/gm=0.1155/0.0513/0.0642, | PriorBnd post/prior=3.10e-03/1.71e-03 | Best 0.0442 | Patience 52/80
 >> Epoch 180 | Train Total=4.6930 | Val post/prior Total=8.3957/7.9857, Recon post/prior=0.8710/0.8627, KL=2.5017, | CycSim post total/iv/gm=0.6268/0.2680/0.3588, | CycSim prior total/iv/gm=0.7097/0.3043/0.4054, | CycMeas total/iv/gm=0.1994/0.0869/0.1125, | PriorBnd post/prior=1.56e-03/9.61e-04 | Best 0.0442 | Patience 53/80
 >> Epoch 181 | Train Total=4.6314 | Val post/prior Total=8.3009/7.8210, Recon post/prior=0.9104/0.9087, KL=2.4615, | CycSim post total/iv/gm=0.6152/0.2627/0.3526, | CycSim prior total/iv/gm=0.6893/0.2929/0.3963, | CycMeas total/iv/gm=0.1221/0.0591/0.0630, | PriorBnd post/prior=2.73e-03/3.17e-03 | Best 0.0442 | Patience 54/80
 >> Epoch 182 | Train Total=4.6101 | Val post/prior Total=7.1897/7.0849, Recon post/prior=0.9352/0.9272, KL=2.2731, | CycSim post total/iv/gm=0.5110/0.2193/0.2916, | CycSim prior total/iv/gm=0.6136/0.2634/0.3503, | CycMeas total/iv/gm=0.1283/0.0635/0.0649, | PriorBnd post/prior=4.00e-03/3.95e-03 | Best 0.0442 | Patience 55/80
 >> Epoch 183 | Train Total=4.6003 | Val post/prior Total=8.4468/7.1772, Recon post/prior=0.9162/0.9154, KL=2.5132, | CycSim post total/iv/gm=0.6266/0.2711/0.3555, | CycSim prior total/iv/gm=0.6238/0.2686/0.3551, | CycMeas total/iv/gm=0.1614/0.0760/0.0854, | PriorBnd post/prior=3.33e-03/3.75e-03 | Best 0.0442 | Patience 56/80
 >> Epoch 184 | Train Total=4.6387 | Val post/prior Total=8.6764/7.9862, Recon post/prior=0.9059/0.9025, KL=2.6449, | CycSim post total/iv/gm=0.6441/0.2786/0.3655, | CycSim prior total/iv/gm=0.7071/0.3043/0.4028, | CycMeas total/iv/gm=0.0523/0.0246/0.0278, | PriorBnd post/prior=2.18e-03/2.27e-03 | Best 0.0442 | Patience 57/80
 >> Epoch 185 | Train Total=4.6384 | Val post/prior Total=9.5513/8.5440, Recon post/prior=0.8816/0.8798, KL=2.6939, | CycSim post total/iv/gm=0.7316/0.3145/0.4171, | CycSim prior total/iv/gm=0.7640/0.3272/0.4368, | CycMeas total/iv/gm=0.1785/0.0810/0.0975, | PriorBnd post/prior=1.12e-03/1.49e-03 | Best 0.0442 | Patience 58/80
 >> Epoch 186 | Train Total=4.5745 | Val post/prior Total=8.0420/6.8975, Recon post/prior=0.9074/0.9029, KL=3.0211, | CycSim post total/iv/gm=0.5617/0.2433/0.3183, | CycSim prior total/iv/gm=0.5978/0.2562/0.3416, | CycMeas total/iv/gm=0.0938/0.0442/0.0496, | PriorBnd post/prior=2.40e-03/2.61e-03 | Best 0.0442 | Patience 59/80
 >> Epoch 187 | Train Total=4.5933 | Val post/prior Total=8.9760/7.9059, Recon post/prior=0.8980/0.8943, KL=2.5434, | CycSim post total/iv/gm=0.6799/0.2938/0.3861, | CycSim prior total/iv/gm=0.6998/0.3003/0.3995, | CycMeas total/iv/gm=0.0625/0.0302/0.0323, | PriorBnd post/prior=1.93e-03/1.71e-03 | Best 0.0442 | Patience 60/80
 >> Epoch 188 | Train Total=4.5961 | Val post/prior Total=8.7458/7.5480, Recon post/prior=0.9051/0.8973, KL=2.9180, | CycSim post total/iv/gm=0.6374/0.2791/0.3584, | CycSim prior total/iv/gm=0.6636/0.2901/0.3734, | CycMeas total/iv/gm=0.0747/0.0312/0.0434, | PriorBnd post/prior=1.82e-03/1.53e-03 | Best 0.0442 | Patience 61/80
 >> Epoch 189 | Train Total=4.6058 | Val post/prior Total=8.6581/7.6947, Recon post/prior=0.9181/0.8992, KL=2.9756, | CycSim post total/iv/gm=0.6245/0.2661/0.3583, | CycSim prior total/iv/gm=0.6780/0.2879/0.3900, | CycMeas total/iv/gm=0.0835/0.0396/0.0440, | PriorBnd post/prior=2.93e-03/2.35e-03 | Best 0.0442 | Patience 62/80
 >> Epoch 190 | Train Total=4.6422 | Val post/prior Total=8.5970/7.8817, Recon post/prior=0.9087/0.8977, KL=3.0144, | CycSim post total/iv/gm=0.6174/0.2662/0.3512, | CycSim prior total/iv/gm=0.6969/0.3007/0.3963, | CycMeas total/iv/gm=0.0742/0.0336/0.0406, | PriorBnd post/prior=2.76e-03/2.42e-03 | Best 0.0442 | Patience 63/80
 >> Epoch 191 | Train Total=4.5277 | Val post/prior Total=8.9768/7.4161, Recon post/prior=0.9119/0.8987, KL=3.2318, | CycSim post total/iv/gm=0.6442/0.2773/0.3669, | CycSim prior total/iv/gm=0.6499/0.2782/0.3717, | CycMeas total/iv/gm=0.1105/0.0510/0.0595, | PriorBnd post/prior=2.49e-03/1.98e-03 | Best 0.0442 | Patience 64/80
 >> Epoch 192 | Train Total=4.6061 | Val post/prior Total=7.1766/7.2601, Recon post/prior=0.9166/0.9136, KL=2.5631, | CycSim post total/iv/gm=0.4971/0.2137/0.2834, | CycSim prior total/iv/gm=0.6320/0.2728/0.3592, | CycMeas total/iv/gm=0.1813/0.0818/0.0995, | PriorBnd post/prior=3.16e-03/3.02e-03 | Best 0.0442 | Patience 65/80
 >> Epoch 193 | Train Total=4.5751 | Val post/prior Total=7.7296/7.7054, Recon post/prior=0.9014/0.9036, KL=2.7314, | CycSim post total/iv/gm=0.5455/0.2373/0.3082, | CycSim prior total/iv/gm=0.6778/0.2912/0.3866, | CycMeas total/iv/gm=0.1689/0.0767/0.0922, | PriorBnd post/prior=1.89e-03/2.10e-03 | Best 0.0442 | Patience 66/80
 >> Epoch 194 | Train Total=4.5293 | Val post/prior Total=9.0729/8.5230, Recon post/prior=0.9158/0.9060, KL=3.3014, | CycSim post total/iv/gm=0.6499/0.2820/0.3679, | CycSim prior total/iv/gm=0.7589/0.3242/0.4347, | CycMeas total/iv/gm=0.2035/0.0962/0.1074, | PriorBnd post/prior=2.50e-03/2.42e-03 | Best 0.0442 | Patience 67/80
 >> Epoch 195 | Train Total=4.5034 | Val post/prior Total=7.7082/6.8913, Recon post/prior=0.8899/0.8806, KL=2.2229, | CycSim post total/iv/gm=0.5700/0.2486/0.3214, | CycSim prior total/iv/gm=0.5998/0.2605/0.3394, | CycMeas total/iv/gm=0.0579/0.0286/0.0293, | PriorBnd post/prior=9.45e-04/6.91e-04 | Best 0.0442 | Patience 68/80
 >> Epoch 196 | Train Total=4.5070 | Val post/prior Total=8.7389/7.6381, Recon post/prior=0.8845/0.8768, KL=2.8151, | CycSim post total/iv/gm=0.6441/0.2786/0.3655, | CycSim prior total/iv/gm=0.6735/0.2870/0.3866, | CycMeas total/iv/gm=0.1973/0.0827/0.1146, | PriorBnd post/prior=1.20e-03/1.23e-03 | Best 0.0442 | Patience 69/80
 >> Epoch 197 | Train Total=4.4839 | Val post/prior Total=8.1688/7.4374, Recon post/prior=0.9751/0.9437, KL=3.2439, | CycSim post total/iv/gm=0.5562/0.2371/0.3191, | CycSim prior total/iv/gm=0.6479/0.2818/0.3661, | CycMeas total/iv/gm=0.0576/0.0317/0.0258, | PriorBnd post/prior=5.69e-03/3.65e-03 | Best 0.0442 | Patience 70/80
 >> Epoch 198 | Train Total=4.6010 | Val post/prior Total=8.1404/7.3843, Recon post/prior=0.9231/0.9174, KL=2.8929, | CycSim post total/iv/gm=0.5763/0.2484/0.3279, | CycSim prior total/iv/gm=0.6450/0.2750/0.3700, | CycMeas total/iv/gm=0.0918/0.0426/0.0492, | PriorBnd post/prior=2.77e-03/3.07e-03 | Best 0.0442 | Patience 71/80
 >> Epoch 199 | Train Total=4.5366 | Val post/prior Total=8.3692/7.5594, Recon post/prior=0.9087/0.8938, KL=3.0808, | CycSim post total/iv/gm=0.5913/0.2562/0.3351, | CycSim prior total/iv/gm=0.6648/0.2869/0.3779, | CycMeas total/iv/gm=0.1006/0.0480/0.0526, | PriorBnd post/prior=1.81e-03/1.22e-03 | Best 0.0442 | Patience 72/80
 >> Epoch 200 | Train Total=4.5021 | Val post/prior Total=8.4159/8.1771, Recon post/prior=1.0105/0.9815, KL=2.7900, | CycSim post total/iv/gm=0.5999/0.2510/0.3489, | CycSim prior total/iv/gm=0.7168/0.3053/0.4115, | CycMeas total/iv/gm=0.1683/0.0809/0.0874, | PriorBnd post/prior=8.68e-03/8.22e-03 | Best 0.0442 | Patience 73/80
 >> Epoch 201 | Train Total=4.4942 | Val post/prior Total=8.7410/7.7986, Recon post/prior=0.9152/0.8985, KL=3.2123, | CycSim post total/iv/gm=0.6212/0.2643/0.3569, | CycSim prior total/iv/gm=0.6879/0.2936/0.3943, | CycMeas total/iv/gm=0.1386/0.0607/0.0780, | PriorBnd post/prior=2.81e-03/2.23e-03 | Best 0.0442 | Patience 74/80
 >> Epoch 202 | Train Total=4.4677 | Val post/prior Total=8.0250/7.1527, Recon post/prior=0.9218/0.9063, KL=3.1869, | CycSim post total/iv/gm=0.5502/0.2332/0.3170, | CycSim prior total/iv/gm=0.6212/0.2618/0.3594, | CycMeas total/iv/gm=0.2660/0.1222/0.1438, | PriorBnd post/prior=4.42e-03/4.12e-03 | Best 0.0442 | Patience 75/80
 >> Epoch 203 | Train Total=4.4234 | Val post/prior Total=8.7193/7.6308, Recon post/prior=0.9600/0.9304, KL=2.9136, | CycSim post total/iv/gm=0.6293/0.2670/0.3623, | CycSim prior total/iv/gm=0.6681/0.2846/0.3835, | CycMeas total/iv/gm=0.1059/0.0547/0.0512, | PriorBnd post/prior=5.47e-03/4.02e-03 | Best 0.0442 | Patience 76/80
 >> Epoch 204 | Train Total=4.4428 | Val post/prior Total=8.6275/7.4609, Recon post/prior=0.9169/0.9020, KL=2.7414, | CycSim post total/iv/gm=0.6332/0.2726/0.3606, | CycSim prior total/iv/gm=0.6543/0.2795/0.3748, | CycMeas total/iv/gm=0.0797/0.0357/0.0440, | PriorBnd post/prior=2.69e-03/2.42e-03 | Best 0.0442 | Patience 77/80
 >> Epoch 205 | Train Total=4.4333 | Val post/prior Total=8.5314/7.4111, Recon post/prior=0.8975/0.8906, KL=3.0341, | CycSim post total/iv/gm=0.6110/0.2667/0.3443, | CycSim prior total/iv/gm=0.6487/0.2775/0.3712, | CycMeas total/iv/gm=0.2620/0.1166/0.1454, | PriorBnd post/prior=1.50e-03/1.81e-03 | Best 0.0442 | Patience 78/80
 >> Epoch 206 | Train Total=4.4358 | Val post/prior Total=10.2443/8.7003, Recon post/prior=0.9105/0.8955, KL=2.7965, | CycSim post total/iv/gm=0.7928/0.3375/0.4553, | CycSim prior total/iv/gm=0.7778/0.3305/0.4473, | CycMeas total/iv/gm=0.1928/0.0963/0.0966, | PriorBnd post/prior=2.45e-03/1.92e-03 | Best 0.0442 | Patience 79/80
 >> Epoch 207 | Train Total=4.4926 | Val post/prior Total=8.1970/7.4003, Recon post/prior=0.9135/0.9102, KL=2.6256, | CycSim post total/iv/gm=0.5963/0.2594/0.3369, | CycSim prior total/iv/gm=0.6475/0.2784/0.3692, | CycMeas total/iv/gm=0.0706/0.0350/0.0356, | PriorBnd post/prior=1.93e-03/2.53e-03 | Best 0.0442 | Patience 80/80
[EarlyStop] at epoch 207
[Diag] Start to calcaulte diag in test preocess... 
[Diag] wrote 373 rows to temp_Unidi_cvae_14param_2channel\cvae_20251128-165027\diag_test.csv
[Diag] proxy_floor_ps  P50=0.0116  P90=0.0402  P95=0.0526  P99=0.0856
[Test] prior total=8.780705 | prior recon=0.944599 | kl=1.382897 | prior cyc_sim=0.782287 | cyc_meas=0.044191 | prior_l2=0.878510 | prior_bnd=0.003198 | 
