[log] tee initialized at 2025-11-05 01:53:31 -> temp_Bidi_cvae\session_20251105-015331.log
Using CUDA device 0: NVIDIA GeForce RTX 4060 Laptop GPU
[log] tee initialized at 2025-11-05 01:53:34 -> temp_Bidi_cvae\cvae_20251105-015334\train.log
[L_trust] using 20000 ref rows from temp_Bidi_cvae\proxy\proxy_Ytr_norm.npy
 >> Epoch 001 | Train Total=94.7275 | Val post/prior Total=47318973.1327/1.1011, Recon post/prior=18.1529/0.7833, KL=472111956.1074, CycSim post/prior=0.1745/0.1311, CycMeas=0.1976, PriorBnd post/prior=5.46e+00/1.29e-03 | Best inf | Patience 1/40
[Update] best val_cyc_meas improved to 0.197578 @ epoch 1
 >> Epoch 002 | Train Total=0.6140 | Val post/prior Total=3811.2558/0.9922, Recon post/prior=1.2178/0.7435, KL=37334.7082, CycSim post/prior=0.1371/0.0940, CycMeas=0.1671, PriorBnd post/prior=1.15e-01/4.26e-04 | Best 0.1976 | Patience 1/40
[Update] best val_cyc_meas improved to 0.167098 @ epoch 2
 >> Epoch 003 | Train Total=0.4981 | Val post/prior Total=699.8437/0.9583, Recon post/prior=0.7772/0.7293, KL=6983.1534, CycSim post/prior=0.1277/0.0888, CycMeas=0.1504, PriorBnd post/prior=1.26e-02/2.75e-04 | Best 0.1671 | Patience 1/40
[Update] best val_cyc_meas improved to 0.150360 @ epoch 3
 >> Epoch 004 | Train Total=0.4626 | Val post/prior Total=181.9265/0.9214, Recon post/prior=0.8753/0.7173, KL=1695.4355, CycSim post/prior=0.1116/0.0675, CycMeas=0.1507, PriorBnd post/prior=5.28e-02/2.74e-04 | Best 0.1504 | Patience 1/40
 >> Epoch 005 | Train Total=0.4430 | Val post/prior Total=4.8147/0.9159, Recon post/prior=0.7278/0.7161, KL=39.3401, CycSim post/prior=0.1097/0.0765, CycMeas=0.1321, PriorBnd post/prior=1.76e-03/1.78e-04 | Best 0.1504 | Patience 2/40
[Update] best val_cyc_meas improved to 0.132074 @ epoch 5
 >> Epoch 006 | Train Total=0.4312 | Val post/prior Total=17.6194/0.8967, Recon post/prior=0.7431/0.7058, KL=162.6055, CycSim post/prior=0.1020/0.0638, CycMeas=0.1397, PriorBnd post/prior=8.75e-03/1.91e-04 | Best 0.1321 | Patience 1/40
 >> Epoch 007 | Train Total=0.4227 | Val post/prior Total=1.2386/0.8996, Recon post/prior=0.7120/0.7032, KL=3.9685, CycSim post/prior=0.1006/0.0670, CycMeas=0.1417, PriorBnd post/prior=1.53e-03/1.50e-04 | Best 0.1321 | Patience 2/40
 >> Epoch 008 | Train Total=0.4174 | Val post/prior Total=2.4098/0.8715, Recon post/prior=0.7151/0.6999, KL=15.4119, CycSim post/prior=0.0914/0.0606, CycMeas=0.1201, PriorBnd post/prior=2.40e-03/1.39e-04 | Best 0.1321 | Patience 3/40
[Update] best val_cyc_meas improved to 0.120145 @ epoch 8
 >> Epoch 009 | Train Total=0.4127 | Val post/prior Total=1.9049/0.8753, Recon post/prior=0.7225/0.6973, KL=8.8002, CycSim post/prior=0.0907/0.0585, CycMeas=0.1313, PriorBnd post/prior=5.78e-03/1.28e-04 | Best 0.1201 | Patience 1/40
 >> Epoch 010 | Train Total=0.4095 | Val post/prior Total=1.3186/0.8530, Recon post/prior=0.7103/0.6926, KL=4.4414, CycSim post/prior=0.0881/0.0543, CycMeas=0.1155, PriorBnd post/prior=3.80e-03/1.30e-04 | Best 0.1201 | Patience 2/40
[Update] best val_cyc_meas improved to 0.115487 @ epoch 10
 >> Epoch 011 | Train Total=0.4073 | Val post/prior Total=1.1045/0.8433, Recon post/prior=0.7013/0.6895, KL=2.7815, CycSim post/prior=0.0879/0.0551, CycMeas=0.1058, PriorBnd post/prior=2.07e-03/1.34e-04 | Best 0.1155 | Patience 1/40
[Update] best val_cyc_meas improved to 0.105816 @ epoch 11
 >> Epoch 012 | Train Total=0.4053 | Val post/prior Total=0.8734/0.8477, Recon post/prior=0.6982/0.6899, KL=0.6259, CycSim post/prior=0.0846/0.0544, CycMeas=0.1119, PriorBnd post/prior=1.63e-03/1.11e-04 | Best 0.1058 | Patience 1/40
 >> Epoch 013 | Train Total=0.4031 | Val post/prior Total=0.8630/0.8515, Recon post/prior=0.6964/0.6881, KL=0.5716, CycSim post/prior=0.0833/0.0560, CycMeas=0.1167, PriorBnd post/prior=1.20e-03/1.02e-04 | Best 0.1058 | Patience 2/40
 >> Epoch 014 | Train Total=0.4003 | Val post/prior Total=0.8524/0.8408, Recon post/prior=0.6923/0.6837, KL=0.4302, CycSim post/prior=0.0886/0.0585, CycMeas=0.1050, PriorBnd post/prior=1.45e-03/9.40e-05 | Best 0.1058 | Patience 3/40
[Update] best val_cyc_meas improved to 0.105050 @ epoch 14
 >> Epoch 015 | Train Total=0.3981 | Val post/prior Total=0.8466/0.8561, Recon post/prior=0.6917/0.6840, KL=0.3205, CycSim post/prior=0.0907/0.0648, CycMeas=0.1144, PriorBnd post/prior=1.36e-03/8.12e-05 | Best 0.1050 | Patience 1/40
 >> Epoch 016 | Train Total=0.3952 | Val post/prior Total=0.8160/0.8326, Recon post/prior=0.6845/0.6774, KL=0.2637, CycSim post/prior=0.0817/0.0512, CycMeas=0.1134, PriorBnd post/prior=1.05e-03/8.21e-05 | Best 0.1050 | Patience 2/40
 >> Epoch 017 | Train Total=0.3936 | Val post/prior Total=0.7940/0.8213, Recon post/prior=0.6810/0.6759, KL=0.1472, CycSim post/prior=0.0789/0.0491, CycMeas=0.1042, PriorBnd post/prior=4.47e-04/8.56e-05 | Best 0.1050 | Patience 3/40
[Update] best val_cyc_meas improved to 0.104221 @ epoch 17
 >> Epoch 018 | Train Total=0.3939 | Val post/prior Total=0.7976/0.8208, Recon post/prior=0.6819/0.6754, KL=0.1686, CycSim post/prior=0.0779/0.0489, CycMeas=0.1046, PriorBnd post/prior=9.57e-04/6.36e-05 | Best 0.1042 | Patience 1/40
 >> Epoch 019 | Train Total=0.3906 | Val post/prior Total=0.7951/0.8266, Recon post/prior=0.6808/0.6759, KL=0.1321, CycSim post/prior=0.0811/0.0546, CycMeas=0.1026, PriorBnd post/prior=6.54e-04/6.30e-05 | Best 0.1042 | Patience 2/40
[Update] best val_cyc_meas improved to 0.102607 @ epoch 19
 >> Epoch 020 | Train Total=0.3908 | Val post/prior Total=0.7933/0.8117, Recon post/prior=0.6793/0.6701, KL=0.0785, CycSim post/prior=0.0776/0.0493, CycMeas=0.0989, PriorBnd post/prior=1.49e-03/7.96e-05 | Best 0.1026 | Patience 1/40
[Update] best val_cyc_meas improved to 0.098943 @ epoch 20
 >> Epoch 021 | Train Total=0.3898 | Val post/prior Total=0.7836/0.8159, Recon post/prior=0.6758/0.6702, KL=0.0962, CycSim post/prior=0.0775/0.0500, CycMeas=0.1031, PriorBnd post/prior=7.66e-04/5.47e-05 | Best 0.0989 | Patience 1/40
 >> Epoch 022 | Train Total=0.3881 | Val post/prior Total=0.7733/0.8151, Recon post/prior=0.6739/0.6699, KL=0.0446, CycSim post/prior=0.0762/0.0523, CycMeas=0.0991, PriorBnd post/prior=4.64e-04/7.66e-05 | Best 0.0989 | Patience 2/40
 >> Epoch 023 | Train Total=0.3874 | Val post/prior Total=0.7768/0.8228, Recon post/prior=0.6715/0.6672, KL=0.0516, CycSim post/prior=0.0807/0.0547, CycMeas=0.1087, PriorBnd post/prior=3.82e-04/5.86e-05 | Best 0.0989 | Patience 3/40
 >> Epoch 024 | Train Total=0.3858 | Val post/prior Total=0.7712/0.8166, Recon post/prior=0.6703/0.6666, KL=0.0349, CycSim post/prior=0.0786/0.0542, CycMeas=0.1025, PriorBnd post/prior=3.26e-04/6.15e-05 | Best 0.0989 | Patience 4/40
 >> Epoch 025 | Train Total=0.3857 | Val post/prior Total=0.7710/0.8113, Recon post/prior=0.6686/0.6636, KL=0.0520, CycSim post/prior=0.0778/0.0520, CycMeas=0.1027, PriorBnd post/prior=5.39e-04/6.45e-05 | Best 0.0989 | Patience 5/40
 >> Epoch 026 | Train Total=0.3855 | Val post/prior Total=0.7621/0.8005, Recon post/prior=0.6649/0.6597, KL=0.0562, CycSim post/prior=0.0728/0.0471, CycMeas=0.1014, PriorBnd post/prior=6.96e-04/6.65e-05 | Best 0.0989 | Patience 6/40
 >> Epoch 027 | Train Total=0.3856 | Val post/prior Total=0.7610/0.8140, Recon post/prior=0.6684/0.6657, KL=0.0333, CycSim post/prior=0.0719/0.0513, CycMeas=0.1045, PriorBnd post/prior=1.91e-04/6.11e-05 | Best 0.0989 | Patience 7/40
 >> Epoch 028 | Train Total=0.3847 | Val post/prior Total=0.7541/0.7882, Recon post/prior=0.6596/0.6536, KL=0.0429, CycSim post/prior=0.0712/0.0430, CycMeas=0.0995, PriorBnd post/prior=7.47e-04/7.22e-05 | Best 0.0989 | Patience 8/40
 >> Epoch 029 | Train Total=0.3851 | Val post/prior Total=0.7466/0.7849, Recon post/prior=0.6557/0.6513, KL=0.0361, CycSim post/prior=0.0698/0.0427, CycMeas=0.0987, PriorBnd post/prior=2.71e-04/6.35e-05 | Best 0.0989 | Patience 9/40
[Update] best val_cyc_meas improved to 0.098745 @ epoch 29
 >> Epoch 030 | Train Total=0.3832 | Val post/prior Total=0.7464/0.7877, Recon post/prior=0.6552/0.6499, KL=0.0394, CycSim post/prior=0.0696/0.0437, CycMeas=0.1025, PriorBnd post/prior=3.83e-04/6.71e-05 | Best 0.0987 | Patience 1/40
 >> Epoch 031 | Train Total=0.3833 | Val post/prior Total=0.7423/0.7847, Recon post/prior=0.6542/0.6489, KL=0.0336, CycSim post/prior=0.0674/0.0425, CycMeas=0.1016, PriorBnd post/prior=4.82e-04/4.91e-05 | Best 0.0987 | Patience 2/40
 >> Epoch 032 | Train Total=0.3815 | Val post/prior Total=0.7429/0.7898, Recon post/prior=0.6545/0.6505, KL=0.0317, CycSim post/prior=0.0683/0.0463, CycMeas=0.1005, PriorBnd post/prior=2.48e-04/5.40e-05 | Best 0.0987 | Patience 3/40
 >> Epoch 033 | Train Total=0.3818 | Val post/prior Total=0.7606/0.8224, Recon post/prior=0.6625/0.6600, KL=0.0482, CycSim post/prior=0.0752/0.0579, CycMeas=0.1121, PriorBnd post/prior=1.46e-04/5.77e-05 | Best 0.0987 | Patience 4/40
 >> Epoch 034 | Train Total=0.3818 | Val post/prior Total=0.7394/0.7788, Recon post/prior=0.6494/0.6442, KL=0.0315, CycSim post/prior=0.0693/0.0428, CycMeas=0.0997, PriorBnd post/prior=3.16e-04/7.03e-05 | Best 0.0987 | Patience 5/40
 >> Epoch 035 | Train Total=0.3828 | Val post/prior Total=0.7386/0.7777, Recon post/prior=0.6490/0.6434, KL=0.0302, CycSim post/prior=0.0688/0.0435, CycMeas=0.0983, PriorBnd post/prior=5.19e-04/6.65e-05 | Best 0.0987 | Patience 6/40
[Update] best val_cyc_meas improved to 0.098332 @ epoch 35
 >> Epoch 036 | Train Total=0.3827 | Val post/prior Total=0.7374/0.7809, Recon post/prior=0.6488/0.6440, KL=0.0298, CycSim post/prior=0.0680/0.0452, CycMeas=0.0990, PriorBnd post/prior=5.47e-04/6.24e-05 | Best 0.0983 | Patience 1/40
 >> Epoch 037 | Train Total=0.3827 | Val post/prior Total=0.7369/0.7821, Recon post/prior=0.6481/0.6428, KL=0.0300, CycSim post/prior=0.0683/0.0450, CycMeas=0.1022, PriorBnd post/prior=4.28e-04/7.20e-05 | Best 0.0983 | Patience 2/40
 >> Epoch 038 | Train Total=0.3831 | Val post/prior Total=0.7295/0.7731, Recon post/prior=0.6455/0.6411, KL=0.0284, CycSim post/prior=0.0647/0.0408, CycMeas=0.0994, PriorBnd post/prior=1.95e-04/5.73e-05 | Best 0.0983 | Patience 3/40
 >> Epoch 039 | Train Total=0.3833 | Val post/prior Total=0.7317/0.7781, Recon post/prior=0.6443/0.6390, KL=0.0300, CycSim post/prior=0.0672/0.0433, CycMeas=0.1046, PriorBnd post/prior=3.86e-04/6.60e-05 | Best 0.0983 | Patience 4/40
 >> Epoch 040 | Train Total=0.3819 | Val post/prior Total=0.7346/0.7818, Recon post/prior=0.6462/0.6424, KL=0.0257, CycSim post/prior=0.0687/0.0474, CycMeas=0.0988, PriorBnd post/prior=2.06e-04/5.24e-05 | Best 0.0983 | Patience 5/40
 >> Epoch 041 | Train Total=0.3824 | Val post/prior Total=0.7349/0.7758, Recon post/prior=0.6435/0.6387, KL=0.0276, CycSim post/prior=0.0708/0.0445, CycMeas=0.1001, PriorBnd post/prior=3.23e-04/6.62e-05 | Best 0.0983 | Patience 6/40
 >> Epoch 042 | Train Total=0.3834 | Val post/prior Total=0.7301/0.7770, Recon post/prior=0.6436/0.6389, KL=0.0260, CycSim post/prior=0.0669/0.0445, CycMeas=0.1014, PriorBnd post/prior=3.94e-04/7.55e-05 | Best 0.0983 | Patience 7/40
 >> Epoch 043 | Train Total=0.3824 | Val post/prior Total=0.7234/0.7740, Recon post/prior=0.6424/0.6385, KL=0.0241, CycSim post/prior=0.0625/0.0414, CycMeas=0.1027, PriorBnd post/prior=3.45e-04/5.46e-05 | Best 0.0983 | Patience 8/40
 >> Epoch 044 | Train Total=0.3830 | Val post/prior Total=0.7321/0.7811, Recon post/prior=0.6451/0.6418, KL=0.0227, CycSim post/prior=0.0679/0.0478, CycMeas=0.0984, PriorBnd post/prior=1.11e-04/4.72e-05 | Best 0.0983 | Patience 9/40
 >> Epoch 045 | Train Total=0.3836 | Val post/prior Total=0.7237/0.7672, Recon post/prior=0.6399/0.6355, KL=0.0256, CycSim post/prior=0.0648/0.0409, CycMeas=0.0988, PriorBnd post/prior=2.35e-04/7.01e-05 | Best 0.0983 | Patience 10/40
 >> Epoch 046 | Train Total=0.3844 | Val post/prior Total=0.7197/0.7671, Recon post/prior=0.6398/0.6356, KL=0.0243, CycSim post/prior=0.0615/0.0410, CycMeas=0.0985, PriorBnd post/prior=3.08e-04/6.02e-05 | Best 0.0983 | Patience 11/40
 >> Epoch 047 | Train Total=0.3829 | Val post/prior Total=0.7209/0.7661, Recon post/prior=0.6395/0.6349, KL=0.0243, CycSim post/prior=0.0625/0.0409, CycMeas=0.0980, PriorBnd post/prior=3.54e-04/6.10e-05 | Best 0.0983 | Patience 12/40
[Update] best val_cyc_meas improved to 0.097981 @ epoch 47
 >> Epoch 048 | Train Total=0.3848 | Val post/prior Total=0.7250/0.7693, Recon post/prior=0.6392/0.6348, KL=0.0237, CycSim post/prior=0.0667/0.0430, CycMeas=0.0994, PriorBnd post/prior=1.15e-04/5.46e-05 | Best 0.0980 | Patience 1/40
 >> Epoch 049 | Train Total=0.3836 | Val post/prior Total=0.7233/0.7658, Recon post/prior=0.6375/0.6327, KL=0.0230, CycSim post/prior=0.0666/0.0415, CycMeas=0.0995, PriorBnd post/prior=2.36e-04/7.21e-05 | Best 0.0980 | Patience 2/40
 >> Epoch 050 | Train Total=0.3848 | Val post/prior Total=0.7373/0.7904, Recon post/prior=0.6444/0.6409, KL=0.0214, CycSim post/prior=0.0726/0.0533, CycMeas=0.1028, PriorBnd post/prior=3.87e-04/5.38e-05 | Best 0.0980 | Patience 3/40
 >> Epoch 051 | Train Total=0.3867 | Val post/prior Total=0.7224/0.7665, Recon post/prior=0.6365/0.6320, KL=0.0235, CycSim post/prior=0.0666/0.0421, CycMeas=0.1005, PriorBnd post/prior=2.65e-04/6.23e-05 | Best 0.0980 | Patience 4/40
 >> Epoch 052 | Train Total=0.3863 | Val post/prior Total=0.7165/0.7603, Recon post/prior=0.6357/0.6306, KL=0.0243, CycSim post/prior=0.0622/0.0388, CycMeas=0.0993, PriorBnd post/prior=2.52e-04/6.26e-05 | Best 0.0980 | Patience 5/40
 >> Epoch 053 | Train Total=0.3858 | Val post/prior Total=0.7162/0.7600, Recon post/prior=0.6347/0.6300, KL=0.0231, CycSim post/prior=0.0629/0.0402, CycMeas=0.0975, PriorBnd post/prior=2.24e-04/6.33e-05 | Best 0.0980 | Patience 6/40
[Update] best val_cyc_meas improved to 0.097529 @ epoch 53
 >> Epoch 054 | Train Total=0.3873 | Val post/prior Total=0.7153/0.7573, Recon post/prior=0.6338/0.6292, KL=0.0225, CycSim post/prior=0.0630/0.0383, CycMeas=0.0980, PriorBnd post/prior=1.64e-04/6.24e-05 | Best 0.0975 | Patience 1/40
 >> Epoch 055 | Train Total=0.3866 | Val post/prior Total=0.7170/0.7652, Recon post/prior=0.6357/0.6316, KL=0.0206, CycSim post/prior=0.0631/0.0429, CycMeas=0.0983, PriorBnd post/prior=2.17e-04/5.96e-05 | Best 0.0975 | Patience 2/40
 >> Epoch 056 | Train Total=0.3876 | Val post/prior Total=0.7164/0.7657, Recon post/prior=0.6363/0.6328, KL=0.0217, CycSim post/prior=0.0621/0.0421, CycMeas=0.0986, PriorBnd post/prior=1.14e-04/5.07e-05 | Best 0.0975 | Patience 3/40
 >> Epoch 057 | Train Total=0.3883 | Val post/prior Total=0.7193/0.7671, Recon post/prior=0.6364/0.6325, KL=0.0220, CycSim post/prior=0.0642/0.0430, CycMeas=0.0994, PriorBnd post/prior=2.82e-04/5.78e-05 | Best 0.0975 | Patience 4/40
 >> Epoch 058 | Train Total=0.3888 | Val post/prior Total=0.7133/0.7581, Recon post/prior=0.6338/0.6289, KL=0.0204, CycSim post/prior=0.0614/0.0396, CycMeas=0.0974, PriorBnd post/prior=3.47e-04/7.17e-05 | Best 0.0975 | Patience 5/40
[Update] best val_cyc_meas improved to 0.097425 @ epoch 58
 >> Epoch 059 | Train Total=0.3901 | Val post/prior Total=0.7182/0.7632, Recon post/prior=0.6342/0.6299, KL=0.0199, CycSim post/prior=0.0653/0.0425, CycMeas=0.0985, PriorBnd post/prior=1.98e-04/6.32e-05 | Best 0.0974 | Patience 1/40
 >> Epoch 060 | Train Total=0.3904 | Val post/prior Total=0.7137/0.7621, Recon post/prior=0.6351/0.6307, KL=0.0212, CycSim post/prior=0.0605/0.0398, CycMeas=0.1000, PriorBnd post/prior=2.95e-04/5.48e-05 | Best 0.0974 | Patience 2/40
 >> Epoch 061 | Train Total=0.3933 | Val post/prior Total=0.7130/0.7625, Recon post/prior=0.6347/0.6311, KL=0.0200, CycSim post/prior=0.0606/0.0409, CycMeas=0.0983, PriorBnd post/prior=1.73e-04/5.98e-05 | Best 0.0974 | Patience 3/40
 >> Epoch 062 | Train Total=0.3917 | Val post/prior Total=0.7188/0.7657, Recon post/prior=0.6357/0.6317, KL=0.0217, CycSim post/prior=0.0643/0.0433, CycMeas=0.0980, PriorBnd post/prior=3.16e-04/5.91e-05 | Best 0.0974 | Patience 4/40
 >> Epoch 063 | Train Total=0.3918 | Val post/prior Total=0.7131/0.7611, Recon post/prior=0.6338/0.6296, KL=0.0207, CycSim post/prior=0.0613/0.0402, CycMeas=0.0996, PriorBnd post/prior=2.55e-04/6.00e-05 | Best 0.0974 | Patience 5/40
 >> Epoch 064 | Train Total=0.3927 | Val post/prior Total=0.7098/0.7554, Recon post/prior=0.6316/0.6276, KL=0.0205, CycSim post/prior=0.0605/0.0381, CycMeas=0.0980, PriorBnd post/prior=1.78e-04/6.61e-05 | Best 0.0974 | Patience 6/40
 >> Epoch 065 | Train Total=0.3954 | Val post/prior Total=0.7131/0.7602, Recon post/prior=0.6335/0.6292, KL=0.0220, CycSim post/prior=0.0615/0.0402, CycMeas=0.0989, PriorBnd post/prior=1.97e-04/6.36e-05 | Best 0.0974 | Patience 7/40
 >> Epoch 066 | Train Total=0.3935 | Val post/prior Total=0.7123/0.7584, Recon post/prior=0.6331/0.6288, KL=0.0203, CycSim post/prior=0.0612/0.0397, CycMeas=0.0978, PriorBnd post/prior=2.06e-04/6.12e-05 | Best 0.0974 | Patience 8/40
 >> Epoch 067 | Train Total=0.3942 | Val post/prior Total=0.7201/0.7687, Recon post/prior=0.6354/0.6319, KL=0.0213, CycSim post/prior=0.0660/0.0455, CycMeas=0.0983, PriorBnd post/prior=9.28e-05/6.26e-05 | Best 0.0974 | Patience 9/40
 >> Epoch 068 | Train Total=0.3961 | Val post/prior Total=0.7144/0.7648, Recon post/prior=0.6344/0.6308, KL=0.0194, CycSim post/prior=0.0621/0.0434, CycMeas=0.0980, PriorBnd post/prior=1.65e-04/5.63e-05 | Best 0.0974 | Patience 10/40
 >> Epoch 069 | Train Total=0.3964 | Val post/prior Total=0.7129/0.7563, Recon post/prior=0.6314/0.6267, KL=0.0206, CycSim post/prior=0.0631/0.0395, CycMeas=0.0982, PriorBnd post/prior=2.46e-04/6.47e-05 | Best 0.0974 | Patience 11/40
 >> Epoch 070 | Train Total=0.3971 | Val post/prior Total=0.7106/0.7591, Recon post/prior=0.6319/0.6282, KL=0.0202, CycSim post/prior=0.0609/0.0399, CycMeas=0.0993, PriorBnd post/prior=1.20e-04/6.26e-05 | Best 0.0974 | Patience 12/40
 >> Epoch 071 | Train Total=0.3972 | Val post/prior Total=0.7148/0.7559, Recon post/prior=0.6318/0.6260, KL=0.0206, CycSim post/prior=0.0636/0.0395, CycMeas=0.0984, PriorBnd post/prior=5.22e-04/7.55e-05 | Best 0.0974 | Patience 13/40
 >> Epoch 072 | Train Total=0.3978 | Val post/prior Total=0.7103/0.7545, Recon post/prior=0.6297/0.6247, KL=0.0205, CycSim post/prior=0.0623/0.0386, CycMeas=0.0996, PriorBnd post/prior=3.20e-04/7.13e-05 | Best 0.0974 | Patience 14/40
 >> Epoch 073 | Train Total=0.3990 | Val post/prior Total=0.7106/0.7564, Recon post/prior=0.6312/0.6270, KL=0.0192, CycSim post/prior=0.0617/0.0397, CycMeas=0.0976, PriorBnd post/prior=1.82e-04/5.77e-05 | Best 0.0974 | Patience 15/40
 >> Epoch 074 | Train Total=0.4004 | Val post/prior Total=0.7101/0.7571, Recon post/prior=0.6314/0.6274, KL=0.0189, CycSim post/prior=0.0610/0.0394, CycMeas=0.0984, PriorBnd post/prior=1.67e-04/6.38e-05 | Best 0.0974 | Patience 16/40
 >> Epoch 075 | Train Total=0.4002 | Val post/prior Total=0.7119/0.7570, Recon post/prior=0.6326/0.6281, KL=0.0209, CycSim post/prior=0.0613/0.0392, CycMeas=0.0977, PriorBnd post/prior=2.87e-04/6.06e-05 | Best 0.0974 | Patience 17/40
 >> Epoch 076 | Train Total=0.4006 | Val post/prior Total=0.7094/0.7538, Recon post/prior=0.6299/0.6248, KL=0.0215, CycSim post/prior=0.0610/0.0378, CycMeas=0.0998, PriorBnd post/prior=4.62e-04/7.02e-05 | Best 0.0974 | Patience 18/40
 >> Epoch 077 | Train Total=0.4016 | Val post/prior Total=0.7671/0.8264, Recon post/prior=0.6521/0.6498, KL=0.0362, CycSim post/prior=0.0904/0.0755, CycMeas=0.1039, PriorBnd post/prior=1.53e-04/5.85e-05 | Best 0.0974 | Patience 19/40
 >> Epoch 078 | Train Total=0.4018 | Val post/prior Total=0.7359/0.7900, Recon post/prior=0.6416/0.6388, KL=0.0251, CycSim post/prior=0.0738/0.0573, CycMeas=0.0989, PriorBnd post/prior=1.82e-04/5.12e-05 | Best 0.0974 | Patience 20/40
 >> Epoch 079 | Train Total=0.4041 | Val post/prior Total=0.7130/0.7625, Recon post/prior=0.6320/0.6284, KL=0.0189, CycSim post/prior=0.0630/0.0432, CycMeas=0.0982, PriorBnd post/prior=1.26e-04/5.33e-05 | Best 0.0974 | Patience 21/40
 >> Epoch 080 | Train Total=0.4045 | Val post/prior Total=0.7088/0.7545, Recon post/prior=0.6299/0.6260, KL=0.0198, CycSim post/prior=0.0611/0.0383, CycMeas=0.0984, PriorBnd post/prior=1.34e-04/6.62e-05 | Best 0.0974 | Patience 22/40
 >> Epoch 081 | Train Total=0.4055 | Val post/prior Total=0.7118/0.7551, Recon post/prior=0.6299/0.6239, KL=0.0214, CycSim post/prior=0.0627/0.0379, CycMeas=0.1023, PriorBnd post/prior=6.57e-04/7.37e-05 | Best 0.0974 | Patience 23/40
 >> Epoch 082 | Train Total=0.4058 | Val post/prior Total=0.7817/0.8482, Recon post/prior=0.6607/0.6596, KL=0.0422, CycSim post/prior=0.0951/0.0826, CycMeas=0.1083, PriorBnd post/prior=7.09e-05/5.47e-05 | Best 0.0974 | Patience 24/40
 >> Epoch 083 | Train Total=0.4072 | Val post/prior Total=0.7202/0.7718, Recon post/prior=0.6355/0.6321, KL=0.0186, CycSim post/prior=0.0662/0.0479, CycMeas=0.0985, PriorBnd post/prior=1.53e-04/5.85e-05 | Best 0.0974 | Patience 25/40
 >> Epoch 084 | Train Total=0.4070 | Val post/prior Total=0.7072/0.7563, Recon post/prior=0.6308/0.6268, KL=0.0194, CycSim post/prior=0.0589/0.0398, CycMeas=0.0975, PriorBnd post/prior=2.25e-04/5.83e-05 | Best 0.0974 | Patience 26/40
 >> Epoch 085 | Train Total=0.4086 | Val post/prior Total=0.7086/0.7558, Recon post/prior=0.6298/0.6255, KL=0.0204, CycSim post/prior=0.0609/0.0394, CycMeas=0.0992, PriorBnd post/prior=1.87e-04/6.24e-05 | Best 0.0974 | Patience 27/40
 >> Epoch 086 | Train Total=0.4094 | Val post/prior Total=0.7095/0.7553, Recon post/prior=0.6302/0.6255, KL=0.0196, CycSim post/prior=0.0611/0.0384, CycMeas=0.1001, PriorBnd post/prior=3.95e-04/6.38e-05 | Best 0.0974 | Patience 28/40
 >> Epoch 087 | Train Total=0.4103 | Val post/prior Total=0.7107/0.7549, Recon post/prior=0.6289/0.6245, KL=0.0199, CycSim post/prior=0.0635/0.0406, CycMeas=0.0975, PriorBnd post/prior=1.20e-04/6.32e-05 | Best 0.0974 | Patience 29/40
 >> Epoch 088 | Train Total=0.4112 | Val post/prior Total=0.7148/0.7535, Recon post/prior=0.6288/0.6232, KL=0.0212, CycSim post/prior=0.0664/0.0393, CycMeas=0.0992, PriorBnd post/prior=3.91e-04/8.06e-05 | Best 0.0974 | Patience 30/40
 >> Epoch 089 | Train Total=0.4120 | Val post/prior Total=0.7139/0.7625, Recon post/prior=0.6323/0.6284, KL=0.0199, CycSim post/prior=0.0634/0.0427, CycMeas=0.0992, PriorBnd post/prior=2.58e-04/5.90e-05 | Best 0.0974 | Patience 31/40
 >> Epoch 090 | Train Total=0.4137 | Val post/prior Total=0.7098/0.7576, Recon post/prior=0.6304/0.6261, KL=0.0201, CycSim post/prior=0.0614/0.0403, CycMeas=0.0993, PriorBnd post/prior=2.09e-04/6.03e-05 | Best 0.0974 | Patience 32/40
 >> Epoch 091 | Train Total=0.4131 | Val post/prior Total=0.7380/0.7949, Recon post/prior=0.6412/0.6386, KL=0.0195, CycSim post/prior=0.0763/0.0616, CycMeas=0.0989, PriorBnd post/prior=1.80e-04/4.71e-05 | Best 0.0974 | Patience 33/40
 >> Epoch 092 | Train Total=0.4121 | Val post/prior Total=0.7164/0.7634, Recon post/prior=0.6310/0.6272, KL=0.0224, CycSim post/prior=0.0663/0.0434, CycMeas=0.1006, PriorBnd post/prior=2.29e-04/6.87e-05 | Best 0.0974 | Patience 34/40
 >> Epoch 093 | Train Total=0.4150 | Val post/prior Total=0.7099/0.7550, Recon post/prior=0.6307/0.6263, KL=0.0206, CycSim post/prior=0.0612/0.0386, CycMeas=0.0984, PriorBnd post/prior=2.00e-04/6.53e-05 | Best 0.0974 | Patience 35/40
 >> Epoch 094 | Train Total=0.4170 | Val post/prior Total=0.7087/0.7548, Recon post/prior=0.6297/0.6254, KL=0.0198, CycSim post/prior=0.0611/0.0391, CycMeas=0.0983, PriorBnd post/prior=2.61e-04/6.17e-05 | Best 0.0974 | Patience 36/40
 >> Epoch 095 | Train Total=0.4164 | Val post/prior Total=0.7266/0.7796, Recon post/prior=0.6385/0.6351, KL=0.0207, CycSim post/prior=0.0689/0.0523, CycMeas=0.0980, PriorBnd post/prior=1.16e-04/5.10e-05 | Best 0.0974 | Patience 37/40
 >> Epoch 096 | Train Total=0.4163 | Val post/prior Total=0.7107/0.7516, Recon post/prior=0.6291/0.6240, KL=0.0223, CycSim post/prior=0.0630/0.0384, CycMeas=0.0973, PriorBnd post/prior=2.72e-04/6.65e-05 | Best 0.0974 | Patience 38/40
[Update] best val_cyc_meas improved to 0.097276 @ epoch 96
 >> Epoch 097 | Train Total=0.4173 | Val post/prior Total=0.7189/0.7680, Recon post/prior=0.6332/0.6297, KL=0.0208, CycSim post/prior=0.0668/0.0461, CycMeas=0.0993, PriorBnd post/prior=1.57e-04/5.62e-05 | Best 0.0973 | Patience 1/40
 >> Epoch 098 | Train Total=0.4194 | Val post/prior Total=0.7085/0.7517, Recon post/prior=0.6292/0.6246, KL=0.0210, CycSim post/prior=0.0612/0.0376, CycMeas=0.0977, PriorBnd post/prior=2.77e-04/7.02e-05 | Best 0.0973 | Patience 2/40
 >> Epoch 099 | Train Total=0.4205 | Val post/prior Total=0.7086/0.7557, Recon post/prior=0.6294/0.6248, KL=0.0205, CycSim post/prior=0.0612/0.0389, CycMeas=0.1006, PriorBnd post/prior=2.43e-04/6.99e-05 | Best 0.0973 | Patience 3/40
 >> Epoch 100 | Train Total=0.4187 | Val post/prior Total=0.7081/0.7507, Recon post/prior=0.6287/0.6237, KL=0.0206, CycSim post/prior=0.0611/0.0377, CycMeas=0.0974, PriorBnd post/prior=3.81e-04/6.87e-05 | Best 0.0973 | Patience 4/40
 >> Epoch 101 | Train Total=0.4211 | Val post/prior Total=0.7080/0.7501, Recon post/prior=0.6291/0.6239, KL=0.0212, CycSim post/prior=0.0606/0.0371, CycMeas=0.0972, PriorBnd post/prior=3.64e-04/7.51e-05 | Best 0.0973 | Patience 5/40
[Update] best val_cyc_meas improved to 0.097249 @ epoch 101
 >> Epoch 102 | Train Total=0.4214 | Val post/prior Total=0.7082/0.7551, Recon post/prior=0.6305/0.6266, KL=0.0203, CycSim post/prior=0.0600/0.0379, CycMeas=0.0991, PriorBnd post/prior=1.82e-04/6.18e-05 | Best 0.0972 | Patience 1/40
 >> Epoch 103 | Train Total=0.4231 | Val post/prior Total=0.7091/0.7578, Recon post/prior=0.6313/0.6273, KL=0.0199, CycSim post/prior=0.0602/0.0407, CycMeas=0.0974, PriorBnd post/prior=2.63e-04/6.70e-05 | Best 0.0972 | Patience 2/40
 >> Epoch 104 | Train Total=0.4222 | Val post/prior Total=0.7105/0.7593, Recon post/prior=0.6320/0.6277, KL=0.0193, CycSim post/prior=0.0605/0.0407, CycMeas=0.0989, PriorBnd post/prior=4.12e-04/6.62e-05 | Best 0.0972 | Patience 3/40
 >> Epoch 105 | Train Total=0.4264 | Val post/prior Total=0.7125/0.7586, Recon post/prior=0.6317/0.6279, KL=0.0209, CycSim post/prior=0.0627/0.0406, CycMeas=0.0979, PriorBnd post/prior=1.68e-04/6.11e-05 | Best 0.0972 | Patience 4/40
 >> Epoch 106 | Train Total=0.4265 | Val post/prior Total=0.7676/0.8340, Recon post/prior=0.6563/0.6551, KL=0.0392, CycSim post/prior=0.0871/0.0748, CycMeas=0.1078, PriorBnd post/prior=6.87e-05/5.04e-05 | Best 0.0972 | Patience 5/40
 >> Epoch 107 | Train Total=0.4262 | Val post/prior Total=0.7071/0.7515, Recon post/prior=0.6296/0.6248, KL=0.0208, CycSim post/prior=0.0597/0.0374, CycMeas=0.0977, PriorBnd post/prior=1.97e-04/6.70e-05 | Best 0.0972 | Patience 6/40
 >> Epoch 108 | Train Total=0.4261 | Val post/prior Total=0.7214/0.7737, Recon post/prior=0.6371/0.6335, KL=0.0220, CycSim post/prior=0.0654/0.0487, CycMeas=0.0978, PriorBnd post/prior=3.89e-04/6.21e-05 | Best 0.0972 | Patience 7/40
 >> Epoch 109 | Train Total=0.4284 | Val post/prior Total=0.7109/0.7516, Recon post/prior=0.6301/0.6243, KL=0.0226, CycSim post/prior=0.0622/0.0378, CycMeas=0.0977, PriorBnd post/prior=3.77e-04/7.07e-05 | Best 0.0972 | Patience 8/40
 >> Epoch 110 | Train Total=0.4285 | Val post/prior Total=0.7141/0.7571, Recon post/prior=0.6299/0.6252, KL=0.0197, CycSim post/prior=0.0655/0.0417, CycMeas=0.0978, PriorBnd post/prior=1.54e-04/5.77e-05 | Best 0.0972 | Patience 9/40
 >> Epoch 111 | Train Total=0.4276 | Val post/prior Total=0.7097/0.7538, Recon post/prior=0.6300/0.6249, KL=0.0198, CycSim post/prior=0.0613/0.0386, CycMeas=0.0985, PriorBnd post/prior=5.80e-04/6.39e-05 | Best 0.0972 | Patience 10/40
 >> Epoch 112 | Train Total=0.4284 | Val post/prior Total=0.7465/0.8041, Recon post/prior=0.6464/0.6444, KL=0.0343, CycSim post/prior=0.0779/0.0625, CycMeas=0.1020, PriorBnd post/prior=9.05e-05/5.78e-05 | Best 0.0972 | Patience 11/40
 >> Epoch 113 | Train Total=0.4286 | Val post/prior Total=0.7144/0.7600, Recon post/prior=0.6326/0.6284, KL=0.0224, CycSim post/prior=0.0633/0.0416, CycMeas=0.0976, PriorBnd post/prior=2.62e-04/6.31e-05 | Best 0.0972 | Patience 12/40
 >> Epoch 114 | Train Total=0.4291 | Val post/prior Total=0.7082/0.7557, Recon post/prior=0.6297/0.6258, KL=0.0208, CycSim post/prior=0.0607/0.0390, CycMeas=0.0991, PriorBnd post/prior=1.40e-04/6.34e-05 | Best 0.0972 | Patience 13/40
 >> Epoch 115 | Train Total=0.4302 | Val post/prior Total=0.7068/0.7518, Recon post/prior=0.6294/0.6246, KL=0.0217, CycSim post/prior=0.0595/0.0376, CycMeas=0.0979, PriorBnd post/prior=2.64e-04/6.07e-05 | Best 0.0972 | Patience 14/40
 >> Epoch 116 | Train Total=0.4297 | Val post/prior Total=0.7109/0.7548, Recon post/prior=0.6298/0.6249, KL=0.0228, CycSim post/prior=0.0626/0.0387, CycMeas=0.0995, PriorBnd post/prior=2.60e-04/6.88e-05 | Best 0.0972 | Patience 15/40
 >> Epoch 117 | Train Total=0.4279 | Val post/prior Total=0.7108/0.7556, Recon post/prior=0.6312/0.6261, KL=0.0205, CycSim post/prior=0.0611/0.0389, CycMeas=0.0988, PriorBnd post/prior=4.35e-04/7.21e-05 | Best 0.0972 | Patience 16/40
 >> Epoch 118 | Train Total=0.4276 | Val post/prior Total=0.7128/0.7608, Recon post/prior=0.6326/0.6289, KL=0.0193, CycSim post/prior=0.0623/0.0416, CycMeas=0.0981, PriorBnd post/prior=1.85e-04/4.86e-05 | Best 0.0972 | Patience 17/40
 >> Epoch 119 | Train Total=0.4296 | Val post/prior Total=0.7050/0.7540, Recon post/prior=0.6302/0.6264, KL=0.0196, CycSim post/prior=0.0576/0.0383, CycMeas=0.0973, PriorBnd post/prior=1.77e-04/5.87e-05 | Best 0.0972 | Patience 18/40
 >> Epoch 120 | Train Total=0.4287 | Val post/prior Total=0.7106/0.7528, Recon post/prior=0.6285/0.6239, KL=0.0217, CycSim post/prior=0.0634/0.0391, CycMeas=0.0977, PriorBnd post/prior=3.35e-04/7.59e-05 | Best 0.0972 | Patience 19/40
 >> Epoch 121 | Train Total=0.4303 | Val post/prior Total=0.7152/0.7638, Recon post/prior=0.6330/0.6289, KL=0.0201, CycSim post/prior=0.0639/0.0440, CycMeas=0.0981, PriorBnd post/prior=2.62e-04/6.15e-05 | Best 0.0972 | Patience 20/40
 >> Epoch 122 | Train Total=0.4289 | Val post/prior Total=0.7125/0.7596, Recon post/prior=0.6326/0.6274, KL=0.0202, CycSim post/prior=0.0616/0.0414, CycMeas=0.0987, PriorBnd post/prior=3.96e-04/5.49e-05 | Best 0.0972 | Patience 21/40
 >> Epoch 123 | Train Total=0.4309 | Val post/prior Total=0.7066/0.7526, Recon post/prior=0.6295/0.6244, KL=0.0202, CycSim post/prior=0.0592/0.0381, CycMeas=0.0984, PriorBnd post/prior=3.17e-04/6.72e-05 | Best 0.0972 | Patience 22/40
 >> Epoch 124 | Train Total=0.4295 | Val post/prior Total=0.7114/0.7559, Recon post/prior=0.6303/0.6259, KL=0.0211, CycSim post/prior=0.0626/0.0399, CycMeas=0.0981, PriorBnd post/prior=3.12e-04/6.43e-05 | Best 0.0972 | Patience 23/40
 >> Epoch 125 | Train Total=0.4275 | Val post/prior Total=0.7135/0.7580, Recon post/prior=0.6292/0.6240, KL=0.0210, CycSim post/prior=0.0652/0.0418, CycMeas=0.1003, PriorBnd post/prior=3.71e-04/6.96e-05 | Best 0.0972 | Patience 24/40
 >> Epoch 126 | Train Total=0.4277 | Val post/prior Total=0.7426/0.7978, Recon post/prior=0.6439/0.6412, KL=0.0241, CycSim post/prior=0.0776/0.0627, CycMeas=0.0977, PriorBnd post/prior=8.21e-05/4.51e-05 | Best 0.0972 | Patience 25/40
 >> Epoch 127 | Train Total=0.4287 | Val post/prior Total=0.7283/0.7784, Recon post/prior=0.6368/0.6328, KL=0.0214, CycSim post/prior=0.0716/0.0531, CycMeas=0.0981, PriorBnd post/prior=1.67e-04/5.80e-05 | Best 0.0972 | Patience 26/40
 >> Epoch 128 | Train Total=0.4275 | Val post/prior Total=0.7140/0.7606, Recon post/prior=0.6310/0.6272, KL=0.0248, CycSim post/prior=0.0641/0.0431, CycMeas=0.0976, PriorBnd post/prior=2.01e-04/6.67e-05 | Best 0.0972 | Patience 27/40
 >> Epoch 129 | Train Total=0.4290 | Val post/prior Total=0.7102/0.7609, Recon post/prior=0.6321/0.6286, KL=0.0205, CycSim post/prior=0.0604/0.0422, CycMeas=0.0976, PriorBnd post/prior=1.55e-04/6.62e-05 | Best 0.0972 | Patience 28/40
 >> Epoch 130 | Train Total=0.4292 | Val post/prior Total=0.7091/0.7584, Recon post/prior=0.6320/0.6281, KL=0.0191, CycSim post/prior=0.0595/0.0405, CycMeas=0.0976, PriorBnd post/prior=3.37e-04/5.82e-05 | Best 0.0972 | Patience 29/40
 >> Epoch 131 | Train Total=0.4281 | Val post/prior Total=0.7089/0.7528, Recon post/prior=0.6295/0.6248, KL=0.0200, CycSim post/prior=0.0614/0.0385, CycMeas=0.0977, PriorBnd post/prior=2.46e-04/6.36e-05 | Best 0.0972 | Patience 30/40
 >> Epoch 132 | Train Total=0.4273 | Val post/prior Total=0.7094/0.7524, Recon post/prior=0.6296/0.6246, KL=0.0209, CycSim post/prior=0.0615/0.0384, CycMeas=0.0975, PriorBnd post/prior=2.60e-04/7.02e-05 | Best 0.0972 | Patience 31/40
 >> Epoch 133 | Train Total=0.4269 | Val post/prior Total=0.7113/0.7593, Recon post/prior=0.6317/0.6276, KL=0.0196, CycSim post/prior=0.0618/0.0417, CycMeas=0.0975, PriorBnd post/prior=8.54e-05/5.28e-05 | Best 0.0972 | Patience 32/40
 >> Epoch 134 | Train Total=0.4274 | Val post/prior Total=0.7087/0.7509, Recon post/prior=0.6289/0.6235, KL=0.0221, CycSim post/prior=0.0613/0.0374, CycMeas=0.0983, PriorBnd post/prior=3.48e-04/7.40e-05 | Best 0.0972 | Patience 33/40
 >> Epoch 135 | Train Total=0.4287 | Val post/prior Total=0.7113/0.7538, Recon post/prior=0.6291/0.6242, KL=0.0215, CycSim post/prior=0.0633/0.0391, CycMeas=0.0986, PriorBnd post/prior=3.10e-04/7.08e-05 | Best 0.0972 | Patience 34/40
 >> Epoch 136 | Train Total=0.4285 | Val post/prior Total=0.7104/0.7581, Recon post/prior=0.6304/0.6259, KL=0.0204, CycSim post/prior=0.0619/0.0393, CycMeas=0.1017, PriorBnd post/prior=2.18e-04/5.85e-05 | Best 0.0972 | Patience 35/40
 >> Epoch 137 | Train Total=0.4281 | Val post/prior Total=0.7089/0.7533, Recon post/prior=0.6295/0.6247, KL=0.0204, CycSim post/prior=0.0613/0.0384, CycMeas=0.0983, PriorBnd post/prior=3.11e-04/6.62e-05 | Best 0.0972 | Patience 36/40
 >> Epoch 138 | Train Total=0.4297 | Val post/prior Total=0.7105/0.7531, Recon post/prior=0.6283/0.6237, KL=0.0212, CycSim post/prior=0.0636/0.0396, CycMeas=0.0976, PriorBnd post/prior=2.02e-04/6.96e-05 | Best 0.0972 | Patience 37/40
 >> Epoch 139 | Train Total=0.4284 | Val post/prior Total=0.7123/0.7595, Recon post/prior=0.6306/0.6267, KL=0.0208, CycSim post/prior=0.0633/0.0422, CycMeas=0.0982, PriorBnd post/prior=1.22e-04/6.92e-05 | Best 0.0972 | Patience 38/40
 >> Epoch 140 | Train Total=0.4296 | Val post/prior Total=0.7113/0.7551, Recon post/prior=0.6286/0.6240, KL=0.0203, CycSim post/prior=0.0641/0.0401, CycMeas=0.0992, PriorBnd post/prior=2.55e-04/6.74e-05 | Best 0.0972 | Patience 39/40
 >> Epoch 141 | Train Total=0.4288 | Val post/prior Total=0.7104/0.7518, Recon post/prior=0.6295/0.6245, KL=0.0200, CycSim post/prior=0.0624/0.0375, CycMeas=0.0982, PriorBnd post/prior=4.35e-04/7.41e-05 | Best 0.0972 | Patience 40/40
[EarlyStop] at epoch 141
[Diag] Start to calcaulte diag in test preocess... 
[Diag] wrote 28930 rows to temp_Bidi_cvae\cvae_20251105-015334\diag_test.csv
[Diag] proxy_floor_ps  P50=0.0095  P90=0.0228  P95=0.0348  P99=0.2440
[Test] prior total=0.748804 | prior recon=0.623588 | kl=0.014289 | prior cyc_sim=0.036228 | cyc_meas=0.097439 | prior_l2=0.379024 | prior_bnd=0.000028 | 
