[log] tee initialized at 2025-11-28 03:07:07 -> temp_Unidi_cvae_14param_2channel\session_20251128-030707.log
Using CUDA device 0: NVIDIA GeForce RTX 4060 Laptop GPU
[log] tee initialized at 2025-11-28 03:07:10 -> temp_Unidi_cvae_14param_2channel\cvae_20251128-030710\train.log
[Data] Warning: Single measurement sample detected. Duplicating to N=2 for BatchNorm compatibility.
[Info] Loading dual proxies from temp_Unidi_cvae_14param_2channel/proxy_dual
[L_trust] using 20000 ref rows from temp_Unidi_cvae_14param_2channel/proxy_dual\proxy_Ytr_norm.npy
D:\Miniconda\envs\DL\Lib\site-packages\torch\optim\lr_scheduler.py:182: UserWarning: Detected call of `lr_scheduler.step()` before `optimizer.step()`. In PyTorch 1.1.0 and later, you should call them in the opposite order: `optimizer.step()` before `lr_scheduler.step()`.  Failure to do this will result in PyTorch skipping the first value of the learning rate schedule. See more details at https://pytorch.org/docs/stable/optim.html#how-to-adjust-learning-rate
  warnings.warn(
 >> Epoch 001 | Train Total=11.8911 | Val post/prior Total=6.3324/4.5824, Recon post/prior=1.0070/0.9881, KL=2.5304, | CycSim post total/iv/gm=0.4052/0.1727/0.2325, | CycSim prior total/iv/gm=0.3587/0.1524/0.2063, | CycMeas total/iv/gm=0.7044/0.2881/0.4163, | PriorBnd post/prior=4.09e-04/3.81e-05 | Best inf | Patience 1/40
[Update] best val_total_post improved to 6.332443 @ epoch 1
 >> Epoch 002 | Train Total=6.4684 | Val post/prior Total=5.0687/3.6723, Recon post/prior=0.9740/0.9566, KL=1.4778, | CycSim post total/iv/gm=0.3349/0.1413/0.1936, | CycSim prior total/iv/gm=0.2709/0.1125/0.1584, | CycMeas total/iv/gm=0.3643/0.1314/0.2329, | PriorBnd post/prior=2.61e-04/1.00e-05 | Best 6.3324 | Patience 1/40
[Update] best val_total_post improved to 5.068654 @ epoch 2
 >> Epoch 003 | Train Total=5.6444 | Val post/prior Total=5.0095/3.6231, Recon post/prior=0.9745/0.9688, KL=1.6267, | CycSim post total/iv/gm=0.3214/0.1362/0.1852, | CycSim prior total/iv/gm=0.2647/0.1110/0.1537, | CycMeas total/iv/gm=0.3078/0.1174/0.1904, | PriorBnd post/prior=2.67e-04/2.32e-05 | Best 5.0687 | Patience 1/40
[Update] best val_total_post improved to 5.009475 @ epoch 3
 >> Epoch 004 | Train Total=5.3339 | Val post/prior Total=4.7242/3.4138, Recon post/prior=0.9635/0.9617, KL=1.5313, | CycSim post total/iv/gm=0.2988/0.1274/0.1714, | CycSim prior total/iv/gm=0.2444/0.1042/0.1402, | CycMeas total/iv/gm=0.2924/0.1284/0.1640, | PriorBnd post/prior=1.33e-04/3.46e-06 | Best 5.0095 | Patience 1/40
[Update] best val_total_post improved to 4.724169 @ epoch 4
 >> Epoch 005 | Train Total=5.0829 | Val post/prior Total=4.6257/3.5748, Recon post/prior=0.9580/0.9594, KL=1.6124, | CycSim post total/iv/gm=0.2854/0.1230/0.1624, | CycSim prior total/iv/gm=0.2607/0.1137/0.1471, | CycMeas total/iv/gm=0.2799/0.1308/0.1491, | PriorBnd post/prior=7.13e-05/2.31e-07 | Best 4.7242 | Patience 1/40
[Update] best val_total_post improved to 4.625748 @ epoch 5
 >> Epoch 006 | Train Total=4.8065 | Val post/prior Total=4.9355/3.5560, Recon post/prior=0.9731/0.9719, KL=1.7240, | CycSim post total/iv/gm=0.3093/0.1317/0.1775, | CycSim prior total/iv/gm=0.2575/0.1122/0.1453, | CycMeas total/iv/gm=0.2344/0.1059/0.1285, | PriorBnd post/prior=1.47e-04/4.70e-06 | Best 4.6257 | Patience 1/40
 >> Epoch 007 | Train Total=4.7180 | Val post/prior Total=5.2201/3.6752, Recon post/prior=0.9599/0.9654, KL=1.7635, | CycSim post total/iv/gm=0.3371/0.1475/0.1897, | CycSim prior total/iv/gm=0.2701/0.1196/0.1506, | CycMeas total/iv/gm=0.1975/0.0986/0.0989, | PriorBnd post/prior=1.40e-04/3.46e-05 | Best 4.6257 | Patience 2/40
 >> Epoch 008 | Train Total=4.5976 | Val post/prior Total=5.0702/3.2240, Recon post/prior=0.9552/0.9605, KL=2.4632, | CycSim post total/iv/gm=0.2876/0.1285/0.1591, | CycSim prior total/iv/gm=0.2255/0.1042/0.1213, | CycMeas total/iv/gm=0.2055/0.1001/0.1054, | PriorBnd post/prior=2.06e-05/3.78e-07 | Best 4.6257 | Patience 3/40
 >> Epoch 009 | Train Total=4.4856 | Val post/prior Total=4.9848/3.1805, Recon post/prior=0.9512/0.9574, KL=2.7899, | CycSim post total/iv/gm=0.2631/0.1126/0.1505, | CycSim prior total/iv/gm=0.2214/0.0961/0.1253, | CycMeas total/iv/gm=0.2097/0.1053/0.1044, | PriorBnd post/prior=4.74e-06/0.00e+00 | Best 4.6257 | Patience 4/40
 >> Epoch 010 | Train Total=4.4010 | Val post/prior Total=4.4308/2.9628, Recon post/prior=0.9459/0.9580, KL=2.4607, | CycSim post total/iv/gm=0.2248/0.0988/0.1260, | CycSim prior total/iv/gm=0.1995/0.0898/0.1098, | CycMeas total/iv/gm=0.2836/0.1350/0.1486, | PriorBnd post/prior=2.28e-05/5.53e-06 | Best 4.6257 | Patience 5/40
[Update] best val_total_post improved to 4.430832 @ epoch 10
 >> Epoch 011 | Train Total=4.3991 | Val post/prior Total=4.3069/2.7051, Recon post/prior=0.9499/0.9623, KL=2.5295, | CycSim post total/iv/gm=0.2085/0.0900/0.1185, | CycSim prior total/iv/gm=0.1734/0.0757/0.0976, | CycMeas total/iv/gm=0.2085/0.1020/0.1065, | PriorBnd post/prior=4.44e-06/2.73e-07 | Best 4.4308 | Patience 1/40
[Update] best val_total_post improved to 4.306947 @ epoch 11
 >> Epoch 012 | Train Total=4.2682 | Val post/prior Total=4.8798/3.1999, Recon post/prior=0.9338/0.9453, KL=2.6448, | CycSim post total/iv/gm=0.2617/0.1147/0.1470, | CycSim prior total/iv/gm=0.2246/0.0993/0.1253, | CycMeas total/iv/gm=0.2346/0.1116/0.1230, | PriorBnd post/prior=8.12e-06/9.76e-07 | Best 4.3069 | Patience 1/40
 >> Epoch 013 | Train Total=4.1829 | Val post/prior Total=4.2291/2.7886, Recon post/prior=0.9358/0.9471, KL=2.5898, | CycSim post total/iv/gm=0.1992/0.0838/0.1154, | CycSim prior total/iv/gm=0.1832/0.0777/0.1055, | CycMeas total/iv/gm=0.2524/0.1200/0.1323, | PriorBnd post/prior=1.62e-05/4.77e-06 | Best 4.3069 | Patience 2/40
[Update] best val_total_post improved to 4.229110 @ epoch 13
 >> Epoch 014 | Train Total=4.1443 | Val post/prior Total=4.9185/3.1903, Recon post/prior=0.9294/0.9367, KL=2.7433, | CycSim post total/iv/gm=0.2611/0.1138/0.1473, | CycSim prior total/iv/gm=0.2245/0.0989/0.1257, | CycMeas total/iv/gm=0.1473/0.0749/0.0724, | PriorBnd post/prior=1.38e-05/1.64e-05 | Best 4.2291 | Patience 1/40
 >> Epoch 015 | Train Total=4.2826 | Val post/prior Total=4.3541/2.7461, Recon post/prior=0.9217/0.9318, KL=3.0854, | CycSim post total/iv/gm=0.1883/0.0843/0.1041, | CycSim prior total/iv/gm=0.1806/0.0825/0.0981, | CycMeas total/iv/gm=0.1545/0.0771/0.0774, | PriorBnd post/prior=1.07e-05/2.17e-05 | Best 4.2291 | Patience 2/40
 >> Epoch 016 | Train Total=4.2345 | Val post/prior Total=4.4803/3.0167, Recon post/prior=0.9139/0.9256, KL=2.6788, | CycSim post total/iv/gm=0.2221/0.0976/0.1245, | CycSim prior total/iv/gm=0.2082/0.0925/0.1157, | CycMeas total/iv/gm=0.2628/0.1245/0.1383, | PriorBnd post/prior=8.24e-06/1.18e-05 | Best 4.2291 | Patience 3/40
 >> Epoch 017 | Train Total=4.2294 | Val post/prior Total=5.2655/3.6768, Recon post/prior=0.9039/0.9157, KL=2.7426, | CycSim post total/iv/gm=0.2984/0.1323/0.1662, | CycSim prior total/iv/gm=0.2752/0.1232/0.1520, | CycMeas total/iv/gm=0.1977/0.0932/0.1045, | PriorBnd post/prior=3.00e-05/2.63e-05 | Best 4.2291 | Patience 4/40
 >> Epoch 018 | Train Total=4.0754 | Val post/prior Total=4.7085/3.1166, Recon post/prior=0.9095/0.9228, KL=2.7676, | CycSim post total/iv/gm=0.2409/0.1062/0.1347, | CycSim prior total/iv/gm=0.2183/0.0974/0.1209, | CycMeas total/iv/gm=0.3534/0.1651/0.1884, | PriorBnd post/prior=1.70e-05/2.60e-05 | Best 4.2291 | Patience 5/40
 >> Epoch 019 | Train Total=4.2278 | Val post/prior Total=3.9183/2.6681, Recon post/prior=0.8943/0.9077, KL=2.1287, | CycSim post total/iv/gm=0.1954/0.0862/0.1092, | CycSim prior total/iv/gm=0.1752/0.0774/0.0978, | CycMeas total/iv/gm=0.1626/0.0805/0.0820, | PriorBnd post/prior=1.31e-05/1.64e-05 | Best 4.2291 | Patience 6/40
[Update] best val_total_post improved to 3.918288 @ epoch 19
 >> Epoch 020 | Train Total=3.9489 | Val post/prior Total=3.8006/2.5854, Recon post/prior=0.9004/0.9110, KL=2.0769, | CycSim post total/iv/gm=0.1855/0.0829/0.1027, | CycSim prior total/iv/gm=0.1665/0.0750/0.0915, | CycMeas total/iv/gm=0.2224/0.1035/0.1189, | PriorBnd post/prior=4.38e-05/4.78e-05 | Best 3.9183 | Patience 1/40
[Update] best val_total_post improved to 3.800582 @ epoch 20
 >> Epoch 021 | Train Total=3.9354 | Val post/prior Total=4.1312/2.5257, Recon post/prior=0.9010/0.9112, KL=2.9596, | CycSim post total/iv/gm=0.1744/0.0777/0.0967, | CycSim prior total/iv/gm=0.1604/0.0718/0.0885, | CycMeas total/iv/gm=0.2919/0.1341/0.1578, | PriorBnd post/prior=4.48e-05/5.46e-05 | Best 3.8006 | Patience 1/40
 >> Epoch 022 | Train Total=3.9042 | Val post/prior Total=6.0766/4.4149, Recon post/prior=0.8913/0.9021, KL=2.9860, | CycSim post total/iv/gm=0.3686/0.1613/0.2073, | CycSim prior total/iv/gm=0.3503/0.1547/0.1957, | CycMeas total/iv/gm=0.2024/0.0979/0.1045, | PriorBnd post/prior=3.33e-05/4.50e-05 | Best 3.8006 | Patience 2/40
 >> Epoch 023 | Train Total=3.8632 | Val post/prior Total=4.9568/2.8592, Recon post/prior=0.9058/0.9174, KL=3.9394, | CycSim post total/iv/gm=0.2075/0.0918/0.1157, | CycSim prior total/iv/gm=0.1932/0.0854/0.1078, | CycMeas total/iv/gm=0.1838/0.0874/0.0965, | PriorBnd post/prior=4.87e-05/5.35e-05 | Best 3.8006 | Patience 3/40
 >> Epoch 024 | Train Total=3.9712 | Val post/prior Total=4.3493/2.3232, Recon post/prior=0.8947/0.9066, KL=3.8099, | CycSim post total/iv/gm=0.1544/0.0665/0.0879, | CycSim prior total/iv/gm=0.1407/0.0600/0.0807, | CycMeas total/iv/gm=0.1808/0.0881/0.0927, | PriorBnd post/prior=3.10e-05/5.94e-05 | Best 3.8006 | Patience 4/40
 >> Epoch 025 | Train Total=3.9266 | Val post/prior Total=4.6640/2.9144, Recon post/prior=0.8962/0.9064, KL=3.2493, | CycSim post total/iv/gm=0.2137/0.0939/0.1197, | CycSim prior total/iv/gm=0.1998/0.0895/0.1103, | CycMeas total/iv/gm=0.1972/0.0988/0.0985, | PriorBnd post/prior=2.76e-05/3.02e-05 | Best 3.8006 | Patience 5/40
 >> Epoch 026 | Train Total=3.8326 | Val post/prior Total=4.4305/2.7607, Recon post/prior=0.8911/0.9010, KL=3.2408, | CycSim post total/iv/gm=0.1913/0.0861/0.1052, | CycSim prior total/iv/gm=0.1850/0.0847/0.1003, | CycMeas total/iv/gm=0.1825/0.0909/0.0916, | PriorBnd post/prior=2.20e-05/3.01e-05 | Best 3.8006 | Patience 6/40
 >> Epoch 027 | Train Total=3.8287 | Val post/prior Total=4.4327/2.4688, Recon post/prior=0.8918/0.9035, KL=3.8052, | CycSim post total/iv/gm=0.1632/0.0691/0.0941, | CycSim prior total/iv/gm=0.1555/0.0669/0.0887, | CycMeas total/iv/gm=0.1938/0.0924/0.1014, | PriorBnd post/prior=1.76e-05/1.51e-05 | Best 3.8006 | Patience 7/40
 >> Epoch 028 | Train Total=3.9391 | Val post/prior Total=4.2168/2.5302, Recon post/prior=0.8912/0.9003, KL=3.3043, | CycSim post total/iv/gm=0.1667/0.0752/0.0915, | CycSim prior total/iv/gm=0.1620/0.0737/0.0883, | CycMeas total/iv/gm=0.1720/0.0839/0.0881, | PriorBnd post/prior=4.68e-05/4.98e-05 | Best 3.8006 | Patience 8/40
 >> Epoch 029 | Train Total=3.8296 | Val post/prior Total=4.1240/2.5021, Recon post/prior=0.8828/0.8925, KL=3.0463, | CycSim post total/iv/gm=0.1712/0.0769/0.0943, | CycSim prior total/iv/gm=0.1600/0.0728/0.0873, | CycMeas total/iv/gm=0.1545/0.0770/0.0774, | PriorBnd post/prior=5.06e-05/5.77e-05 | Best 3.8006 | Patience 9/40
 >> Epoch 030 | Train Total=3.9038 | Val post/prior Total=4.9473/3.2556, Recon post/prior=0.8768/0.8843, KL=3.0951, | CycSim post total/iv/gm=0.2517/0.1126/0.1391, | CycSim prior total/iv/gm=0.2361/0.1070/0.1291, | CycMeas total/iv/gm=0.1960/0.0943/0.1017, | PriorBnd post/prior=1.73e-05/1.64e-05 | Best 3.8006 | Patience 10/40
 >> Epoch 031 | Train Total=3.8451 | Val post/prior Total=5.0131/2.9891, Recon post/prior=0.8867/0.8957, KL=3.8657, | CycSim post total/iv/gm=0.2188/0.0916/0.1271, | CycSim prior total/iv/gm=0.2084/0.0869/0.1215, | CycMeas total/iv/gm=0.1668/0.0801/0.0867, | PriorBnd post/prior=2.48e-05/1.95e-05 | Best 3.8006 | Patience 11/40
 >> Epoch 032 | Train Total=3.8667 | Val post/prior Total=5.3467/3.1729, Recon post/prior=0.8737/0.8807, KL=3.9895, | CycSim post total/iv/gm=0.2472/0.1102/0.1370, | CycSim prior total/iv/gm=0.2283/0.1025/0.1258, | CycMeas total/iv/gm=0.1551/0.0755/0.0796, | PriorBnd post/prior=4.37e-05/4.98e-05 | Best 3.8006 | Patience 12/40
 >> Epoch 033 | Train Total=3.8493 | Val post/prior Total=4.8456/2.8161, Recon post/prior=0.8831/0.8919, KL=3.8143, | CycSim post total/iv/gm=0.2049/0.0915/0.1135, | CycSim prior total/iv/gm=0.1914/0.0848/0.1066, | CycMeas total/iv/gm=0.1643/0.0824/0.0819, | PriorBnd post/prior=4.20e-05/4.62e-05 | Best 3.8006 | Patience 13/40
 >> Epoch 034 | Train Total=4.0156 | Val post/prior Total=6.2348/4.5660, Recon post/prior=0.8668/0.8759, KL=3.2598, | CycSim post total/iv/gm=0.3733/0.1651/0.2082, | CycSim prior total/iv/gm=0.3681/0.1639/0.2041, | CycMeas total/iv/gm=0.1622/0.0830/0.0792, | PriorBnd post/prior=2.20e-05/3.26e-05 | Best 3.8006 | Patience 14/40
 >> Epoch 035 | Train Total=3.7260 | Val post/prior Total=4.3237/2.5587, Recon post/prior=0.8798/0.8880, KL=3.3780, | CycSim post total/iv/gm=0.1749/0.0773/0.0976, | CycSim prior total/iv/gm=0.1659/0.0743/0.0916, | CycMeas total/iv/gm=0.2501/0.1156/0.1345, | PriorBnd post/prior=3.95e-05/4.09e-05 | Best 3.8006 | Patience 15/40
 >> Epoch 036 | Train Total=3.9960 | Val post/prior Total=4.7742/2.8445, Recon post/prior=0.8690/0.8772, KL=3.5405, | CycSim post total/iv/gm=0.2129/0.0927/0.1202, | CycSim prior total/iv/gm=0.1959/0.0848/0.1111, | CycMeas total/iv/gm=0.0994/0.0518/0.0476, | PriorBnd post/prior=3.14e-05/3.57e-05 | Best 3.8006 | Patience 16/40
 >> Epoch 037 | Train Total=3.8253 | Val post/prior Total=4.9750/2.7827, Recon post/prior=0.8771/0.8824, KL=3.9595, | CycSim post total/iv/gm=0.2112/0.0932/0.1180, | CycSim prior total/iv/gm=0.1890/0.0837/0.1053, | CycMeas total/iv/gm=0.1475/0.0713/0.0761, | PriorBnd post/prior=5.36e-05/7.12e-05 | Best 3.8006 | Patience 17/40
 >> Epoch 038 | Train Total=3.6653 | Val post/prior Total=5.0243/2.7109, Recon post/prior=0.8838/0.8862, KL=4.3319, | CycSim post total/iv/gm=0.1968/0.0908/0.1060, | CycSim prior total/iv/gm=0.1811/0.0849/0.0962, | CycMeas total/iv/gm=0.2746/0.1291/0.1455, | PriorBnd post/prior=7.52e-05/6.99e-05 | Best 3.8006 | Patience 18/40
 >> Epoch 039 | Train Total=3.8630 | Val post/prior Total=4.0641/2.2191, Recon post/prior=0.8722/0.8786, KL=3.5574, | CycSim post total/iv/gm=0.1408/0.0623/0.0784, | CycSim prior total/iv/gm=0.1330/0.0584/0.0746, | CycMeas total/iv/gm=0.1632/0.0793/0.0839, | PriorBnd post/prior=5.48e-05/7.42e-05 | Best 3.8006 | Patience 19/40
 >> Epoch 040 | Train Total=3.7626 | Val post/prior Total=4.9874/3.1610, Recon post/prior=0.8619/0.8668, KL=3.3439, | CycSim post total/iv/gm=0.2448/0.1107/0.1341, | CycSim prior total/iv/gm=0.2283/0.1032/0.1251, | CycMeas total/iv/gm=0.2223/0.1036/0.1186, | PriorBnd post/prior=3.36e-05/4.49e-05 | Best 3.8006 | Patience 20/40
 >> Epoch 041 | Train Total=3.7296 | Val post/prior Total=4.9869/3.2463, Recon post/prior=0.8655/0.8702, KL=3.2544, | CycSim post total/iv/gm=0.2489/0.1098/0.1391, | CycSim prior total/iv/gm=0.2364/0.1044/0.1320, | CycMeas total/iv/gm=0.2318/0.1102/0.1216, | PriorBnd post/prior=1.59e-05/2.61e-05 | Best 3.8006 | Patience 21/40
 >> Epoch 042 | Train Total=3.7381 | Val post/prior Total=5.5459/3.5988, Recon post/prior=0.8624/0.8703, KL=3.5642, | CycSim post total/iv/gm=0.2896/0.1248/0.1648, | CycSim prior total/iv/gm=0.2717/0.1172/0.1546, | CycMeas total/iv/gm=0.2022/0.0979/0.1043, | PriorBnd post/prior=8.78e-06/8.67e-06 | Best 3.8006 | Patience 22/40
 >> Epoch 043 | Train Total=3.6845 | Val post/prior Total=4.7819/2.9631, Recon post/prior=0.8764/0.8810, KL=3.5528, | CycSim post total/iv/gm=0.2124/0.0861/0.1262, | CycSim prior total/iv/gm=0.2069/0.0844/0.1224, | CycMeas total/iv/gm=0.2636/0.1214/0.1423, | PriorBnd post/prior=3.91e-05/5.58e-05 | Best 3.8006 | Patience 23/40
 >> Epoch 044 | Train Total=3.5749 | Val post/prior Total=4.3826/2.5467, Recon post/prior=0.8665/0.8706, KL=3.2116, | CycSim post total/iv/gm=0.1905/0.0829/0.1076, | CycSim prior total/iv/gm=0.1664/0.0724/0.0940, | CycMeas total/iv/gm=0.2152/0.1035/0.1117, | PriorBnd post/prior=3.07e-05/3.56e-05 | Best 3.8006 | Patience 24/40
 >> Epoch 045 | Train Total=3.8600 | Val post/prior Total=3.7914/2.3299, Recon post/prior=0.8672/0.8728, KL=2.8528, | CycSim post total/iv/gm=0.1493/0.0609/0.0884, | CycSim prior total/iv/gm=0.1446/0.0582/0.0864, | CycMeas total/iv/gm=0.1929/0.0908/0.1021, | PriorBnd post/prior=1.15e-04/1.55e-04 | Best 3.8006 | Patience 25/40
[Update] best val_total_post improved to 3.791394 @ epoch 45
 >> Epoch 046 | Train Total=3.7144 | Val post/prior Total=4.1284/2.4745, Recon post/prior=0.8599/0.8650, KL=3.2178, | CycSim post total/iv/gm=0.1654/0.0699/0.0955, | CycSim prior total/iv/gm=0.1598/0.0660/0.0938, | CycMeas total/iv/gm=0.1818/0.0886/0.0931, | PriorBnd post/prior=2.73e-05/3.55e-05 | Best 3.7914 | Patience 1/40
 >> Epoch 047 | Train Total=3.7138 | Val post/prior Total=3.6221/2.1468, Recon post/prior=0.8502/0.8543, KL=2.6734, | CycSim post total/iv/gm=0.1430/0.0608/0.0823, | CycSim prior total/iv/gm=0.1281/0.0541/0.0740, | CycMeas total/iv/gm=0.2100/0.0981/0.1119, | PriorBnd post/prior=1.94e-05/2.44e-05 | Best 3.7914 | Patience 2/40
[Update] best val_total_post improved to 3.622098 @ epoch 47
 >> Epoch 048 | Train Total=3.6163 | Val post/prior Total=4.5863/2.5758, Recon post/prior=0.8639/0.8675, KL=3.5209, | CycSim post total/iv/gm=0.1956/0.0860/0.1096, | CycSim prior total/iv/gm=0.1695/0.0752/0.0943, | CycMeas total/iv/gm=0.2265/0.1058/0.1207, | PriorBnd post/prior=1.79e-05/1.80e-05 | Best 3.6221 | Patience 1/40
 >> Epoch 049 | Train Total=3.6018 | Val post/prior Total=4.6583/2.8626, Recon post/prior=0.8590/0.8667, KL=3.1626, | CycSim post total/iv/gm=0.2212/0.0941/0.1272, | CycSim prior total/iv/gm=0.1986/0.0844/0.1142, | CycMeas total/iv/gm=0.1175/0.0551/0.0623, | PriorBnd post/prior=3.80e-06/6.48e-06 | Best 3.6221 | Patience 2/40
 >> Epoch 050 | Train Total=3.5172 | Val post/prior Total=4.0017/2.1776, Recon post/prior=0.8504/0.8572, KL=3.6123, | CycSim post total/iv/gm=0.1340/0.0547/0.0793, | CycSim prior total/iv/gm=0.1311/0.0510/0.0801, | CycMeas total/iv/gm=0.1245/0.0603/0.0642, | PriorBnd post/prior=6.03e-06/7.30e-06 | Best 3.6221 | Patience 3/40
 >> Epoch 051 | Train Total=3.5932 | Val post/prior Total=3.8549/2.0616, Recon post/prior=0.8495/0.8566, KL=3.4278, | CycSim post total/iv/gm=0.1287/0.0564/0.0723, | CycSim prior total/iv/gm=0.1192/0.0526/0.0666, | CycMeas total/iv/gm=0.2343/0.1111/0.1232, | PriorBnd post/prior=7.95e-06/1.09e-05 | Best 3.6221 | Patience 4/40
 >> Epoch 052 | Train Total=3.3943 | Val post/prior Total=3.7609/2.0141, Recon post/prior=0.8460/0.8535, KL=3.4880, | CycSim post total/iv/gm=0.1166/0.0507/0.0659, | CycSim prior total/iv/gm=0.1149/0.0482/0.0667, | CycMeas total/iv/gm=0.1897/0.0913/0.0984, | PriorBnd post/prior=2.56e-06/3.85e-06 | Best 3.6221 | Patience 5/40
 >> Epoch 053 | Train Total=3.3614 | Val post/prior Total=4.1329/2.2767, Recon post/prior=0.8524/0.8643, KL=3.4913, | CycSim post total/iv/gm=0.1530/0.0641/0.0889, | CycSim prior total/iv/gm=0.1401/0.0566/0.0835, | CycMeas total/iv/gm=0.1753/0.0855/0.0897, | PriorBnd post/prior=8.26e-06/1.03e-05 | Best 3.6221 | Patience 6/40
 >> Epoch 054 | Train Total=3.3993 | Val post/prior Total=4.3920/2.6605, Recon post/prior=0.8500/0.8632, KL=3.1975, | CycSim post total/iv/gm=0.1938/0.0797/0.1142, | CycSim prior total/iv/gm=0.1785/0.0725/0.1061, | CycMeas total/iv/gm=0.1820/0.0886/0.0934, | PriorBnd post/prior=2.62e-05/4.02e-05 | Best 3.6221 | Patience 7/40
 >> Epoch 055 | Train Total=3.3307 | Val post/prior Total=4.8725/2.4918, Recon post/prior=0.8443/0.8550, KL=4.4465, | CycSim post total/iv/gm=0.1800/0.0780/0.1021, | CycSim prior total/iv/gm=0.1621/0.0692/0.0929, | CycMeas total/iv/gm=0.2985/0.1359/0.1626, | PriorBnd post/prior=1.25e-05/1.47e-05 | Best 3.6221 | Patience 8/40
 >> Epoch 056 | Train Total=3.3471 | Val post/prior Total=5.1245/2.8061, Recon post/prior=0.8430/0.8587, KL=4.3366, | CycSim post total/iv/gm=0.2109/0.0878/0.1231, | CycSim prior total/iv/gm=0.1938/0.0793/0.1144, | CycMeas total/iv/gm=0.1235/0.0606/0.0629, | PriorBnd post/prior=9.27e-06/1.41e-05 | Best 3.6221 | Patience 9/40
 >> Epoch 057 | Train Total=3.3971 | Val post/prior Total=4.2908/1.9468, Recon post/prior=0.8415/0.8510, KL=4.5377, | CycSim post total/iv/gm=0.1176/0.0490/0.0686, | CycSim prior total/iv/gm=0.1083/0.0442/0.0642, | CycMeas total/iv/gm=0.2019/0.0947/0.1072, | PriorBnd post/prior=1.10e-05/1.44e-05 | Best 3.6221 | Patience 10/40
 >> Epoch 058 | Train Total=3.3406 | Val post/prior Total=5.9586/3.2405, Recon post/prior=0.8419/0.8541, KL=5.2360, | CycSim post total/iv/gm=0.2494/0.1103/0.1391, | CycSim prior total/iv/gm=0.2379/0.1038/0.1340, | CycMeas total/iv/gm=0.0656/0.0391/0.0265, | PriorBnd post/prior=9.42e-06/1.22e-05 | Best 3.6221 | Patience 11/40
 >> Epoch 059 | Train Total=3.3306 | Val post/prior Total=4.1758/2.2835, Recon post/prior=0.8360/0.8564, KL=3.5394, | CycSim post total/iv/gm=0.1566/0.0653/0.0913, | CycSim prior total/iv/gm=0.1416/0.0579/0.0837, | CycMeas total/iv/gm=0.1496/0.0697/0.0799, | PriorBnd post/prior=1.40e-05/1.93e-05 | Best 3.6221 | Patience 12/40
 >> Epoch 060 | Train Total=3.2128 | Val post/prior Total=4.4556/2.1083, Recon post/prior=0.8409/0.8526, KL=4.6254, | CycSim post total/iv/gm=0.1298/0.0510/0.0788, | CycSim prior total/iv/gm=0.1246/0.0483/0.0763, | CycMeas total/iv/gm=0.1227/0.0634/0.0593, | PriorBnd post/prior=6.68e-06/1.12e-05 | Best 3.6221 | Patience 13/40
 >> Epoch 061 | Train Total=3.1934 | Val post/prior Total=4.4896/2.0559, Recon post/prior=0.8404/0.8503, KL=4.8196, | CycSim post total/iv/gm=0.1235/0.0491/0.0744, | CycSim prior total/iv/gm=0.1197/0.0469/0.0728, | CycMeas total/iv/gm=0.0964/0.0494/0.0470, | PriorBnd post/prior=2.74e-05/3.78e-05 | Best 3.6221 | Patience 14/40
 >> Epoch 062 | Train Total=3.2100 | Val post/prior Total=5.0509/2.5555, Recon post/prior=0.8343/0.8512, KL=4.9118, | CycSim post total/iv/gm=0.1756/0.0752/0.1004, | CycSim prior total/iv/gm=0.1696/0.0713/0.0983, | CycMeas total/iv/gm=0.0823/0.0453/0.0370, | PriorBnd post/prior=2.21e-05/3.19e-05 | Best 3.6221 | Patience 15/40
 >> Epoch 063 | Train Total=3.6728 | Val post/prior Total=4.8498/2.5975, Recon post/prior=0.8460/0.8611, KL=4.4372, | CycSim post total/iv/gm=0.1780/0.0745/0.1036, | CycSim prior total/iv/gm=0.1726/0.0721/0.1004, | CycMeas total/iv/gm=0.1272/0.0642/0.0630, | PriorBnd post/prior=1.23e-04/1.57e-04 | Best 3.6221 | Patience 16/40
 >> Epoch 064 | Train Total=3.6219 | Val post/prior Total=4.8586/2.3247, Recon post/prior=0.8422/0.8631, KL=4.7271, | CycSim post total/iv/gm=0.1648/0.0708/0.0940, | CycSim prior total/iv/gm=0.1451/0.0622/0.0829, | CycMeas total/iv/gm=0.1172/0.0594/0.0578, | PriorBnd post/prior=8.44e-06/1.79e-05 | Best 3.6221 | Patience 17/40
 >> Epoch 065 | Train Total=3.4676 | Val post/prior Total=5.1988/2.9023, Recon post/prior=0.8309/0.8448, KL=4.3430, | CycSim post total/iv/gm=0.2192/0.0946/0.1246, | CycSim prior total/iv/gm=0.2047/0.0879/0.1169, | CycMeas total/iv/gm=0.1234/0.0624/0.0609, | PriorBnd post/prior=4.87e-06/5.13e-06 | Best 3.6221 | Patience 18/40
 >> Epoch 066 | Train Total=3.5013 | Val post/prior Total=4.1943/2.2176, Recon post/prior=0.8451/0.8650, KL=3.8711, | CycSim post total/iv/gm=0.1409/0.0598/0.0811, | CycSim prior total/iv/gm=0.1334/0.0569/0.0765, | CycMeas total/iv/gm=0.3093/0.1413/0.1680, | PriorBnd post/prior=8.69e-06/1.41e-05 | Best 3.6221 | Patience 19/40
 >> Epoch 067 | Train Total=3.5110 | Val post/prior Total=4.4067/2.1777, Recon post/prior=0.8448/0.8551, KL=4.2269, | CycSim post total/iv/gm=0.1444/0.0618/0.0826, | CycSim prior total/iv/gm=0.1309/0.0558/0.0751, | CycMeas total/iv/gm=0.1843/0.0922/0.0921, | PriorBnd post/prior=1.66e-05/2.70e-05 | Best 3.6221 | Patience 20/40
 >> Epoch 068 | Train Total=3.3615 | Val post/prior Total=4.5874/2.2354, Recon post/prior=0.8451/0.8578, KL=4.3671, | CycSim post total/iv/gm=0.1554/0.0672/0.0882, | CycSim prior total/iv/gm=0.1365/0.0592/0.0774, | CycMeas total/iv/gm=0.1517/0.0756/0.0761, | PriorBnd post/prior=1.23e-05/2.64e-05 | Best 3.6221 | Patience 21/40
 >> Epoch 069 | Train Total=3.4536 | Val post/prior Total=4.2991/2.3939, Recon post/prior=0.8532/0.8606, KL=3.4848, | CycSim post total/iv/gm=0.1699/0.0756/0.0943, | CycSim prior total/iv/gm=0.1520/0.0668/0.0852, | CycMeas total/iv/gm=0.1767/0.0929/0.0837, | PriorBnd post/prior=9.52e-06/6.71e-05 | Best 3.6221 | Patience 22/40
 >> Epoch 070 | Train Total=3.5481 | Val post/prior Total=4.3964/2.3767, Recon post/prior=0.8351/0.8497, KL=3.7704, | CycSim post total/iv/gm=0.1672/0.0713/0.0958, | CycSim prior total/iv/gm=0.1517/0.0641/0.0876, | CycMeas total/iv/gm=0.1038/0.0534/0.0504, | PriorBnd post/prior=2.11e-05/4.24e-05 | Best 3.6221 | Patience 23/40
 >> Epoch 071 | Train Total=3.4875 | Val post/prior Total=4.8948/2.9047, Recon post/prior=0.8488/0.8635, KL=3.7336, | CycSim post total/iv/gm=0.2175/0.0922/0.1253, | CycSim prior total/iv/gm=0.2031/0.0856/0.1175, | CycMeas total/iv/gm=0.1085/0.0559/0.0526, | PriorBnd post/prior=4.82e-05/1.23e-04 | Best 3.6221 | Patience 24/40
 >> Epoch 072 | Train Total=3.4269 | Val post/prior Total=4.0626/2.2708, Recon post/prior=0.8385/0.8488, KL=3.4715, | CycSim post total/iv/gm=0.1484/0.0625/0.0859, | CycSim prior total/iv/gm=0.1410/0.0578/0.0832, | CycMeas total/iv/gm=0.1432/0.0688/0.0744, | PriorBnd post/prior=1.92e-05/3.61e-05 | Best 3.6221 | Patience 25/40
 >> Epoch 073 | Train Total=3.2982 | Val post/prior Total=4.2480/2.5240, Recon post/prior=0.8345/0.8479, KL=3.3467, | CycSim post total/iv/gm=0.1736/0.0721/0.1015, | CycSim prior total/iv/gm=0.1668/0.0691/0.0977, | CycMeas total/iv/gm=0.0728/0.0420/0.0307, | PriorBnd post/prior=3.56e-05/6.90e-05 | Best 3.6221 | Patience 26/40
 >> Epoch 074 | Train Total=3.3317 | Val post/prior Total=3.9770/2.3499, Recon post/prior=0.8363/0.8444, KL=2.8986, | CycSim post total/iv/gm=0.1687/0.0709/0.0979, | CycSim prior total/iv/gm=0.1496/0.0628/0.0868, | CycMeas total/iv/gm=0.1090/0.0567/0.0523, | PriorBnd post/prior=1.73e-05/3.09e-05 | Best 3.6221 | Patience 27/40
 >> Epoch 075 | Train Total=3.2548 | Val post/prior Total=4.8640/2.6812, Recon post/prior=0.8270/0.8323, KL=4.0785, | CycSim post total/iv/gm=0.1994/0.0819/0.1175, | CycSim prior total/iv/gm=0.1838/0.0749/0.1088, | CycMeas total/iv/gm=0.1424/0.0644/0.0781, | PriorBnd post/prior=2.44e-06/4.49e-06 | Best 3.6221 | Patience 28/40
 >> Epoch 076 | Train Total=3.1967 | Val post/prior Total=4.3723/2.6463, Recon post/prior=0.8401/0.8430, KL=3.3129, | CycSim post total/iv/gm=0.1872/0.0778/0.1094, | CycSim prior total/iv/gm=0.1791/0.0740/0.1051, | CycMeas total/iv/gm=0.1526/0.0688/0.0838, | PriorBnd post/prior=1.06e-05/1.59e-05 | Best 3.6221 | Patience 29/40
 >> Epoch 077 | Train Total=3.0680 | Val post/prior Total=4.3617/2.4820, Recon post/prior=0.8422/0.8512, KL=3.5802, | CycSim post total/iv/gm=0.1725/0.0713/0.1013, | CycSim prior total/iv/gm=0.1619/0.0664/0.0955, | CycMeas total/iv/gm=0.1456/0.0629/0.0827, | PriorBnd post/prior=2.02e-05/9.20e-05 | Best 3.6221 | Patience 30/40
 >> Epoch 078 | Train Total=3.1132 | Val post/prior Total=4.7106/2.6125, Recon post/prior=0.8396/0.8478, KL=4.1186, | CycSim post total/iv/gm=0.1807/0.0753/0.1054, | CycSim prior total/iv/gm=0.1751/0.0727/0.1025, | CycMeas total/iv/gm=0.1697/0.0714/0.0984, | PriorBnd post/prior=3.88e-05/6.28e-05 | Best 3.6221 | Patience 31/40
 >> Epoch 079 | Train Total=3.2052 | Val post/prior Total=4.5357/2.5000, Recon post/prior=0.8443/0.8502, KL=3.8614, | CycSim post total/iv/gm=0.1756/0.0732/0.1024, | CycSim prior total/iv/gm=0.1636/0.0678/0.0959, | CycMeas total/iv/gm=0.1723/0.0797/0.0926, | PriorBnd post/prior=2.39e-05/3.71e-05 | Best 3.6221 | Patience 32/40
 >> Epoch 080 | Train Total=3.2552 | Val post/prior Total=5.5887/2.8938, Recon post/prior=0.8469/0.8486, KL=5.1698, | CycSim post total/iv/gm=0.2153/0.0882/0.1270, | CycSim prior total/iv/gm=0.2034/0.0837/0.1197, | CycMeas total/iv/gm=0.1292/0.0637/0.0654, | PriorBnd post/prior=3.56e-04/3.36e-05 | Best 3.6221 | Patience 33/40
 >> Epoch 081 | Train Total=3.1815 | Val post/prior Total=4.3869/2.3614, Recon post/prior=0.8293/0.8306, KL=3.6027, | CycSim post total/iv/gm=0.1752/0.0735/0.1018, | CycSim prior total/iv/gm=0.1521/0.0639/0.0881, | CycMeas total/iv/gm=0.1060/0.0540/0.0519, | PriorBnd post/prior=6.08e-05/9.45e-05 | Best 3.6221 | Patience 34/40
 >> Epoch 082 | Train Total=3.1800 | Val post/prior Total=4.9311/3.0742, Recon post/prior=0.8402/0.8434, KL=3.4898, | CycSim post total/iv/gm=0.2342/0.0976/0.1365, | CycSim prior total/iv/gm=0.2217/0.0923/0.1294, | CycMeas total/iv/gm=0.1846/0.0780/0.1066, | PriorBnd post/prior=2.08e-04/5.77e-05 | Best 3.6221 | Patience 35/40
 >> Epoch 083 | Train Total=3.1602 | Val post/prior Total=4.2749/2.4097, Recon post/prior=0.8419/0.8449, KL=3.6511, | CycSim post total/iv/gm=0.1603/0.0691/0.0912, | CycSim prior total/iv/gm=0.1554/0.0674/0.0880, | CycMeas total/iv/gm=0.1151/0.0610/0.0541, | PriorBnd post/prior=2.20e-04/4.97e-05 | Best 3.6221 | Patience 36/40
 >> Epoch 084 | Train Total=3.2473 | Val post/prior Total=4.8958/2.8956, Recon post/prior=0.8311/0.8363, KL=3.8338, | CycSim post total/iv/gm=0.2144/0.0899/0.1245, | CycSim prior total/iv/gm=0.2044/0.0859/0.1185, | CycMeas total/iv/gm=0.2026/0.0839/0.1187, | PriorBnd post/prior=1.71e-05/3.37e-05 | Best 3.6221 | Patience 37/40
 >> Epoch 085 | Train Total=3.1365 | Val post/prior Total=4.2591/2.4326, Recon post/prior=0.8430/0.8438, KL=3.2653, | CycSim post total/iv/gm=0.1779/0.0737/0.1042, | CycSim prior total/iv/gm=0.1579/0.0653/0.0926, | CycMeas total/iv/gm=0.0919/0.0490/0.0428, | PriorBnd post/prior=9.82e-04/5.33e-04 | Best 3.6221 | Patience 38/40
 >> Epoch 086 | Train Total=3.0510 | Val post/prior Total=4.4413/2.7595, Recon post/prior=0.8240/0.8286, KL=3.2587, | CycSim post total/iv/gm=0.1984/0.0832/0.1152, | CycSim prior total/iv/gm=0.1919/0.0805/0.1114, | CycMeas total/iv/gm=0.1401/0.0631/0.0770, | PriorBnd post/prior=2.96e-05/5.23e-05 | Best 3.6221 | Patience 39/40
 >> Epoch 087 | Train Total=3.0171 | Val post/prior Total=4.9721/2.7623, Recon post/prior=0.8203/0.8240, KL=4.2594, | CycSim post total/iv/gm=0.2019/0.0845/0.1174, | CycSim prior total/iv/gm=0.1924/0.0800/0.1124, | CycMeas total/iv/gm=0.1877/0.0777/0.1100, | PriorBnd post/prior=2.24e-05/4.52e-05 | Best 3.6221 | Patience 40/40
[EarlyStop] at epoch 87
[Diag] Start to calcaulte diag in test preocess... 
[Diag] wrote 373 rows to temp_Unidi_cvae_14param_2channel\cvae_20251128-030710\diag_test.csv
[Diag] proxy_floor_ps  P50=0.0116  P90=0.0402  P95=0.0526  P99=0.0856
[Test] prior total=2.195459 | prior recon=0.849014 | kl=2.664760 | prior cyc_sim=0.132025 | cyc_meas=0.209965 | prior_l2=0.519571 | prior_bnd=0.000023 | 
