[log] tee initialized at 2025-11-20 12:45:37 -> temp_Unidi_cvae_symmetric\cvae_20251120-124537\train.log
[L_trust] using 20000 ref rows from temp_Unidi_cvae_symmetric\proxy\proxy_Ytr_norm.npy
 >> Epoch 001 | Train Total=0.9496 | Val post/prior Total=0.8857/1.2519, Recon post/prior=0.7006/0.6901, KL=0.0771, CycSim post/prior=0.1392/0.0568, CycMeas=0.6138, PriorBnd post/prior=2.54e-06/8.29e-08 | Best inf | Patience 1/40
[Update] best val_cyc_meas improved to 0.613778 @ epoch 1
 >> Epoch 002 | Train Total=0.7588 | Val post/prior Total=0.8386/1.1189, Recon post/prior=0.6798/0.6719, KL=0.0374, CycSim post/prior=0.1237/0.0556, CycMeas=0.4718, PriorBnd post/prior=1.61e-06/3.24e-07 | Best 0.6138 | Patience 1/40
[Update] best val_cyc_meas improved to 0.471786 @ epoch 2
 >> Epoch 003 | Train Total=0.7337 | Val post/prior Total=0.8007/1.0034, Recon post/prior=0.6669/0.6603, KL=0.0255, CycSim post/prior=0.1048/0.0395, CycMeas=0.3659, PriorBnd post/prior=1.54e-06/4.08e-07 | Best 0.4718 | Patience 1/40
[Update] best val_cyc_meas improved to 0.365916 @ epoch 3
 >> Epoch 004 | Train Total=0.7192 | Val post/prior Total=0.7879/0.9756, Recon post/prior=0.6601/0.6537, KL=0.0199, CycSim post/prior=0.1007/0.0386, CycMeas=0.3406, PriorBnd post/prior=1.50e-06/4.49e-07 | Best 0.3659 | Patience 1/40
[Update] best val_cyc_meas improved to 0.340640 @ epoch 4
 >> Epoch 005 | Train Total=0.7134 | Val post/prior Total=0.7847/0.9561, Recon post/prior=0.6536/0.6484, KL=0.0167, CycSim post/prior=0.1039/0.0424, CycMeas=0.3173, PriorBnd post/prior=9.97e-07/2.11e-07 | Best 0.3406 | Patience 1/40
[Update] best val_cyc_meas improved to 0.317252 @ epoch 5
 >> Epoch 006 | Train Total=0.7093 | Val post/prior Total=0.7694/0.9492, Recon post/prior=0.6506/0.6462, KL=0.0147, CycSim post/prior=0.0939/0.0382, CycMeas=0.3175, PriorBnd post/prior=8.82e-07/2.87e-07 | Best 0.3173 | Patience 1/40
 >> Epoch 007 | Train Total=0.7046 | Val post/prior Total=0.7520/0.8100, Recon post/prior=0.6448/0.6408, KL=0.0133, CycSim post/prior=0.0844/0.0385, CycMeas=0.1498, PriorBnd post/prior=8.00e-07/7.91e-07 | Best 0.3173 | Patience 2/40
[Update] best val_cyc_meas improved to 0.149763 @ epoch 7
 >> Epoch 008 | Train Total=0.6897 | Val post/prior Total=0.7440/0.7830, Recon post/prior=0.6434/0.6386, KL=0.0126, CycSim post/prior=0.0791/0.0360, CycMeas=0.1223, PriorBnd post/prior=1.52e-06/9.52e-07 | Best 0.1498 | Patience 1/40
[Update] best val_cyc_meas improved to 0.122340 @ epoch 8
 >> Epoch 009 | Train Total=0.6868 | Val post/prior Total=0.7637/0.7895, Recon post/prior=0.6394/0.6347, KL=0.0127, CycSim post/prior=0.0989/0.0426, CycMeas=0.1257, PriorBnd post/prior=1.49e-06/1.01e-06 | Best 0.1223 | Patience 1/40
 >> Epoch 010 | Train Total=0.6845 | Val post/prior Total=0.7378/0.7624, Recon post/prior=0.6351/0.6315, KL=0.0107, CycSim post/prior=0.0812/0.0335, CycMeas=0.1093, PriorBnd post/prior=8.15e-07/5.20e-07 | Best 0.1223 | Patience 2/40
[Update] best val_cyc_meas improved to 0.109324 @ epoch 10
 >> Epoch 011 | Train Total=0.6821 | Val post/prior Total=0.7340/0.7555, Recon post/prior=0.6321/0.6290, KL=0.0100, CycSim post/prior=0.0806/0.0356, CycMeas=0.1008, PriorBnd post/prior=8.88e-07/6.86e-07 | Best 0.1093 | Patience 1/40
[Update] best val_cyc_meas improved to 0.100773 @ epoch 11
 >> Epoch 012 | Train Total=0.6787 | Val post/prior Total=0.7330/0.7708, Recon post/prior=0.6290/0.6256, KL=0.0098, CycSim post/prior=0.0823/0.0315, CycMeas=0.1300, PriorBnd post/prior=1.12e-06/1.01e-06 | Best 0.1008 | Patience 1/40
 >> Epoch 013 | Train Total=0.6764 | Val post/prior Total=0.7239/0.7431, Recon post/prior=0.6274/0.6255, KL=0.0095, CycSim post/prior=0.0762/0.0325, CycMeas=0.0942, PriorBnd post/prior=1.73e-06/1.13e-06 | Best 0.1008 | Patience 2/40
[Update] best val_cyc_meas improved to 0.094210 @ epoch 13
 >> Epoch 014 | Train Total=0.6759 | Val post/prior Total=0.7338/0.7444, Recon post/prior=0.6241/0.6204, KL=0.0093, CycSim post/prior=0.0871/0.0370, CycMeas=0.0955, PriorBnd post/prior=9.52e-07/8.66e-07 | Best 0.0942 | Patience 1/40
 >> Epoch 015 | Train Total=0.6736 | Val post/prior Total=0.7191/0.7284, Recon post/prior=0.6229/0.6195, KL=0.0091, CycSim post/prior=0.0759/0.0301, CycMeas=0.0867, PriorBnd post/prior=7.46e-07/6.70e-07 | Best 0.0942 | Patience 2/40
[Update] best val_cyc_meas improved to 0.086730 @ epoch 15
 >> Epoch 016 | Train Total=0.6719 | Val post/prior Total=0.7200/0.7340, Recon post/prior=0.6203/0.6169, KL=0.0090, CycSim post/prior=0.0787/0.0284, CycMeas=0.0995, PriorBnd post/prior=1.32e-06/9.42e-07 | Best 0.0867 | Patience 1/40
 >> Epoch 017 | Train Total=0.6702 | Val post/prior Total=0.7173/0.7349, Recon post/prior=0.6197/0.6168, KL=0.0083, CycSim post/prior=0.0772/0.0300, CycMeas=0.0984, PriorBnd post/prior=8.49e-07/5.85e-07 | Best 0.0867 | Patience 2/40
 >> Epoch 018 | Train Total=0.6705 | Val post/prior Total=0.7179/0.7334, Recon post/prior=0.6183/0.6153, KL=0.0087, CycSim post/prior=0.0788/0.0319, CycMeas=0.0954, PriorBnd post/prior=1.46e-06/1.18e-06 | Best 0.0867 | Patience 3/40
 >> Epoch 019 | Train Total=0.6688 | Val post/prior Total=0.7083/0.7399, Recon post/prior=0.6181/0.6159, KL=0.0085, CycSim post/prior=0.0709/0.0323, CycMeas=0.1022, PriorBnd post/prior=6.10e-07/5.37e-07 | Best 0.0867 | Patience 4/40
 >> Epoch 020 | Train Total=0.6675 | Val post/prior Total=0.7097/0.7248, Recon post/prior=0.6160/0.6127, KL=0.0078, CycSim post/prior=0.0740/0.0283, CycMeas=0.0934, PriorBnd post/prior=5.48e-07/2.09e-07 | Best 0.0867 | Patience 5/40
 >> Epoch 021 | Train Total=0.6674 | Val post/prior Total=0.7131/0.7197, Recon post/prior=0.6134/0.6098, KL=0.0081, CycSim post/prior=0.0789/0.0306, CycMeas=0.0872, PriorBnd post/prior=1.45e-06/1.17e-06 | Best 0.0867 | Patience 6/40
 >> Epoch 022 | Train Total=0.6683 | Val post/prior Total=0.7038/0.7154, Recon post/prior=0.6131/0.6103, KL=0.0080, CycSim post/prior=0.0714/0.0277, CycMeas=0.0856, PriorBnd post/prior=6.81e-07/4.52e-07 | Best 0.0867 | Patience 7/40
[Update] best val_cyc_meas improved to 0.085572 @ epoch 22
 >> Epoch 023 | Train Total=0.6655 | Val post/prior Total=0.7099/0.7216, Recon post/prior=0.6116/0.6083, KL=0.0080, CycSim post/prior=0.0778/0.0298, CycMeas=0.0926, PriorBnd post/prior=1.32e-06/8.29e-07 | Best 0.0856 | Patience 1/40
 >> Epoch 024 | Train Total=0.6664 | Val post/prior Total=0.7056/0.7170, Recon post/prior=0.6122/0.6083, KL=0.0077, CycSim post/prior=0.0737/0.0290, CycMeas=0.0880, PriorBnd post/prior=6.06e-07/3.67e-07 | Best 0.0856 | Patience 2/40
 >> Epoch 025 | Train Total=0.6652 | Val post/prior Total=0.7065/0.7170, Recon post/prior=0.6100/0.6070, KL=0.0077, CycSim post/prior=0.0763/0.0295, CycMeas=0.0889, PriorBnd post/prior=1.82e-06/1.08e-06 | Best 0.0856 | Patience 3/40
 >> Epoch 026 | Train Total=0.6649 | Val post/prior Total=0.7086/0.7120, Recon post/prior=0.6101/0.6059, KL=0.0081, CycSim post/prior=0.0779/0.0278, CycMeas=0.0866, PriorBnd post/prior=5.90e-07/4.61e-07 | Best 0.0856 | Patience 4/40
 >> Epoch 027 | Train Total=0.6656 | Val post/prior Total=0.7020/0.7174, Recon post/prior=0.6090/0.6059, KL=0.0074, CycSim post/prior=0.0734/0.0272, CycMeas=0.0943, PriorBnd post/prior=1.09e-06/6.68e-07 | Best 0.0856 | Patience 5/40
 >> Epoch 028 | Train Total=0.6653 | Val post/prior Total=0.7131/0.7445, Recon post/prior=0.6097/0.6070, KL=0.0075, CycSim post/prior=0.0821/0.0355, CycMeas=0.1144, PriorBnd post/prior=6.38e-07/7.17e-07 | Best 0.0856 | Patience 6/40
 >> Epoch 029 | Train Total=0.6650 | Val post/prior Total=0.7043/0.7153, Recon post/prior=0.6082/0.6045, KL=0.0075, CycSim post/prior=0.0759/0.0279, CycMeas=0.0924, PriorBnd post/prior=6.33e-07/5.39e-07 | Best 0.0856 | Patience 7/40
 >> Epoch 030 | Train Total=0.6659 | Val post/prior Total=0.7120/0.7221, Recon post/prior=0.6093/0.6054, KL=0.0075, CycSim post/prior=0.0815/0.0312, CycMeas=0.0948, PriorBnd post/prior=1.47e-06/7.35e-07 | Best 0.0856 | Patience 8/40
 >> Epoch 031 | Train Total=0.6660 | Val post/prior Total=0.6982/0.7099, Recon post/prior=0.6083/0.6036, KL=0.0075, CycSim post/prior=0.0708/0.0248, CycMeas=0.0914, PriorBnd post/prior=7.13e-07/3.94e-07 | Best 0.0856 | Patience 9/40
 >> Epoch 032 | Train Total=0.6669 | Val post/prior Total=0.6970/0.7131, Recon post/prior=0.6094/0.6069, KL=0.0076, CycSim post/prior=0.0689/0.0275, CycMeas=0.0873, PriorBnd post/prior=6.70e-07/2.27e-07 | Best 0.0856 | Patience 10/40
 >> Epoch 033 | Train Total=0.6671 | Val post/prior Total=0.7001/0.7111, Recon post/prior=0.6092/0.6067, KL=0.0075, CycSim post/prior=0.0717/0.0266, CycMeas=0.0862, PriorBnd post/prior=2.02e-07/1.99e-07 | Best 0.0856 | Patience 11/40
 >> Epoch 034 | Train Total=0.6670 | Val post/prior Total=0.7001/0.7173, Recon post/prior=0.6088/0.6058, KL=0.0080, CycSim post/prior=0.0718/0.0273, CycMeas=0.0940, PriorBnd post/prior=4.19e-07/2.85e-07 | Best 0.0856 | Patience 12/40
 >> Epoch 035 | Train Total=0.6683 | Val post/prior Total=0.7078/0.7230, Recon post/prior=0.6068/0.6043, KL=0.0075, CycSim post/prior=0.0800/0.0312, CycMeas=0.0971, PriorBnd post/prior=8.64e-07/5.76e-07 | Best 0.0856 | Patience 13/40
 >> Epoch 036 | Train Total=0.6684 | Val post/prior Total=0.6998/0.7141, Recon post/prior=0.6067/0.6036, KL=0.0076, CycSim post/prior=0.0734/0.0273, CycMeas=0.0928, PriorBnd post/prior=1.53e-06/9.14e-07 | Best 0.0856 | Patience 14/40
 >> Epoch 037 | Train Total=0.6675 | Val post/prior Total=0.7036/0.7108, Recon post/prior=0.6063/0.6024, KL=0.0080, CycSim post/prior=0.0768/0.0283, CycMeas=0.0886, PriorBnd post/prior=2.35e-06/8.93e-07 | Best 0.0856 | Patience 15/40
 >> Epoch 038 | Train Total=0.6689 | Val post/prior Total=0.6946/0.7092, Recon post/prior=0.6061/0.6029, KL=0.0076, CycSim post/prior=0.0695/0.0262, CycMeas=0.0891, PriorBnd post/prior=7.70e-07/4.95e-07 | Best 0.0856 | Patience 16/40
 >> Epoch 039 | Train Total=0.6696 | Val post/prior Total=0.7001/0.7088, Recon post/prior=0.6082/0.6034, KL=0.0076, CycSim post/prior=0.0723/0.0267, CycMeas=0.0871, PriorBnd post/prior=1.29e-06/1.02e-06 | Best 0.0856 | Patience 17/40
 >> Epoch 040 | Train Total=0.6703 | Val post/prior Total=0.7018/0.7187, Recon post/prior=0.6070/0.6034, KL=0.0078, CycSim post/prior=0.0747/0.0284, CycMeas=0.0971, PriorBnd post/prior=5.87e-07/2.62e-07 | Best 0.0856 | Patience 18/40
 >> Epoch 041 | Train Total=0.6701 | Val post/prior Total=0.7025/0.7161, Recon post/prior=0.6065/0.6025, KL=0.0076, CycSim post/prior=0.0759/0.0276, CycMeas=0.0961, PriorBnd post/prior=1.20e-06/7.98e-07 | Best 0.0856 | Patience 19/40
 >> Epoch 042 | Train Total=0.6714 | Val post/prior Total=0.7002/0.7116, Recon post/prior=0.6054/0.6005, KL=0.0072, CycSim post/prior=0.0749/0.0279, CycMeas=0.0927, PriorBnd post/prior=1.30e-06/8.55e-07 | Best 0.0856 | Patience 20/40
 >> Epoch 043 | Train Total=0.6716 | Val post/prior Total=0.7002/0.7181, Recon post/prior=0.6057/0.6027, KL=0.0075, CycSim post/prior=0.0746/0.0280, CycMeas=0.0979, PriorBnd post/prior=1.11e-06/8.48e-07 | Best 0.0856 | Patience 21/40
 >> Epoch 044 | Train Total=0.6727 | Val post/prior Total=0.6959/0.7059, Recon post/prior=0.6048/0.6015, KL=0.0074, CycSim post/prior=0.0717/0.0255, CycMeas=0.0878, PriorBnd post/prior=1.20e-06/7.21e-07 | Best 0.0856 | Patience 22/40
 >> Epoch 045 | Train Total=0.6727 | Val post/prior Total=0.6978/0.7075, Recon post/prior=0.6052/0.6014, KL=0.0074, CycSim post/prior=0.0730/0.0257, CycMeas=0.0898, PriorBnd post/prior=9.32e-07/6.20e-07 | Best 0.0856 | Patience 23/40
 >> Epoch 046 | Train Total=0.6739 | Val post/prior Total=0.6999/0.7046, Recon post/prior=0.6055/0.6012, KL=0.0075, CycSim post/prior=0.0744/0.0261, CycMeas=0.0858, PriorBnd post/prior=2.03e-06/1.50e-06 | Best 0.0856 | Patience 24/40
 >> Epoch 047 | Train Total=0.6745 | Val post/prior Total=0.6956/0.7107, Recon post/prior=0.6050/0.6010, KL=0.0075, CycSim post/prior=0.0713/0.0249, CycMeas=0.0953, PriorBnd post/prior=1.38e-06/7.50e-07 | Best 0.0856 | Patience 25/40
 >> Epoch 048 | Train Total=0.6758 | Val post/prior Total=0.6958/0.7061, Recon post/prior=0.6053/0.6013, KL=0.0076, CycSim post/prior=0.0713/0.0270, CycMeas=0.0862, PriorBnd post/prior=5.84e-07/5.87e-07 | Best 0.0856 | Patience 26/40
 >> Epoch 049 | Train Total=0.6751 | Val post/prior Total=0.6943/0.7076, Recon post/prior=0.6059/0.6023, KL=0.0072, CycSim post/prior=0.0696/0.0254, CycMeas=0.0891, PriorBnd post/prior=1.13e-06/5.31e-07 | Best 0.0856 | Patience 27/40
 >> Epoch 050 | Train Total=0.6803 | Val post/prior Total=0.6990/0.7118, Recon post/prior=0.6071/0.6048, KL=0.0077, CycSim post/prior=0.0724/0.0279, CycMeas=0.0875, PriorBnd post/prior=1.32e-06/9.11e-07 | Best 0.0856 | Patience 28/40
 >> Epoch 051 | Train Total=0.6774 | Val post/prior Total=0.7090/0.7180, Recon post/prior=0.6063/0.6033, KL=0.0074, CycSim post/prior=0.0815/0.0315, CycMeas=0.0919, PriorBnd post/prior=2.19e-06/1.31e-06 | Best 0.0856 | Patience 29/40
 >> Epoch 052 | Train Total=0.6786 | Val post/prior Total=0.6946/0.7183, Recon post/prior=0.6050/0.6026, KL=0.0075, CycSim post/prior=0.0705/0.0259, CycMeas=0.1014, PriorBnd post/prior=1.09e-06/5.78e-07 | Best 0.0856 | Patience 30/40
 >> Epoch 053 | Train Total=0.6787 | Val post/prior Total=0.6991/0.7036, Recon post/prior=0.6048/0.6003, KL=0.0074, CycSim post/prior=0.0744/0.0263, CycMeas=0.0854, PriorBnd post/prior=1.32e-06/7.73e-07 | Best 0.0856 | Patience 31/40
[Update] best val_cyc_meas improved to 0.085440 @ epoch 53
 >> Epoch 054 | Train Total=0.6791 | Val post/prior Total=0.6998/0.7082, Recon post/prior=0.6057/0.6019, KL=0.0074, CycSim post/prior=0.0742/0.0257, CycMeas=0.0899, PriorBnd post/prior=9.97e-07/9.14e-07 | Best 0.0854 | Patience 1/40
 >> Epoch 055 | Train Total=0.6813 | Val post/prior Total=0.7027/0.7087, Recon post/prior=0.6052/0.6015, KL=0.0071, CycSim post/prior=0.0772/0.0272, CycMeas=0.0889, PriorBnd post/prior=7.00e-07/5.97e-07 | Best 0.0854 | Patience 2/40
 >> Epoch 056 | Train Total=0.6814 | Val post/prior Total=0.7000/0.7088, Recon post/prior=0.6053/0.6009, KL=0.0073, CycSim post/prior=0.0748/0.0270, CycMeas=0.0902, PriorBnd post/prior=1.02e-06/3.85e-07 | Best 0.0854 | Patience 3/40
 >> Epoch 057 | Train Total=0.6811 | Val post/prior Total=0.6967/0.7087, Recon post/prior=0.6055/0.6021, KL=0.0072, CycSim post/prior=0.0719/0.0260, CycMeas=0.0900, PriorBnd post/prior=6.89e-07/4.72e-07 | Best 0.0854 | Patience 4/40
 >> Epoch 058 | Train Total=0.6825 | Val post/prior Total=0.6953/0.7070, Recon post/prior=0.6057/0.6027, KL=0.0075, CycSim post/prior=0.0705/0.0264, CycMeas=0.0864, PriorBnd post/prior=8.66e-07/4.23e-07 | Best 0.0854 | Patience 5/40
 >> Epoch 059 | Train Total=0.6825 | Val post/prior Total=0.6988/0.7164, Recon post/prior=0.6058/0.6022, KL=0.0075, CycSim post/prior=0.0734/0.0260, CycMeas=0.0994, PriorBnd post/prior=4.83e-07/2.51e-07 | Best 0.0854 | Patience 6/40
 >> Epoch 060 | Train Total=0.6842 | Val post/prior Total=0.6989/0.7081, Recon post/prior=0.6053/0.6012, KL=0.0072, CycSim post/prior=0.0739/0.0253, CycMeas=0.0912, PriorBnd post/prior=1.32e-06/7.46e-07 | Best 0.0854 | Patience 7/40
 >> Epoch 061 | Train Total=0.6834 | Val post/prior Total=0.6978/0.7070, Recon post/prior=0.6050/0.6021, KL=0.0072, CycSim post/prior=0.0733/0.0269, CycMeas=0.0864, PriorBnd post/prior=8.12e-07/5.88e-07 | Best 0.0854 | Patience 8/40
 >> Epoch 062 | Train Total=0.6859 | Val post/prior Total=0.6969/0.7049, Recon post/prior=0.6051/0.6015, KL=0.0076, CycSim post/prior=0.0723/0.0255, CycMeas=0.0865, PriorBnd post/prior=9.49e-07/2.84e-07 | Best 0.0854 | Patience 9/40
 >> Epoch 063 | Train Total=0.6858 | Val post/prior Total=0.6980/0.7069, Recon post/prior=0.6055/0.6010, KL=0.0072, CycSim post/prior=0.0729/0.0252, CycMeas=0.0901, PriorBnd post/prior=8.01e-07/6.23e-07 | Best 0.0854 | Patience 10/40
 >> Epoch 064 | Train Total=0.6890 | Val post/prior Total=0.6976/0.7130, Recon post/prior=0.6084/0.6054, KL=0.0074, CycSim post/prior=0.0702/0.0282, CycMeas=0.0878, PriorBnd post/prior=7.05e-07/3.22e-07 | Best 0.0854 | Patience 11/40
 >> Epoch 065 | Train Total=0.6894 | Val post/prior Total=0.6992/0.7105, Recon post/prior=0.6050/0.6017, KL=0.0075, CycSim post/prior=0.0744/0.0255, CycMeas=0.0933, PriorBnd post/prior=9.75e-07/6.44e-07 | Best 0.0854 | Patience 12/40
 >> Epoch 066 | Train Total=0.6882 | Val post/prior Total=0.6985/0.7080, Recon post/prior=0.6054/0.6025, KL=0.0073, CycSim post/prior=0.0735/0.0268, CycMeas=0.0873, PriorBnd post/prior=7.91e-07/2.93e-07 | Best 0.0854 | Patience 13/40
 >> Epoch 067 | Train Total=0.6904 | Val post/prior Total=0.6980/0.7090, Recon post/prior=0.6060/0.6025, KL=0.0074, CycSim post/prior=0.0726/0.0261, CycMeas=0.0897, PriorBnd post/prior=1.03e-06/6.65e-07 | Best 0.0854 | Patience 14/40
 >> Epoch 068 | Train Total=0.6914 | Val post/prior Total=0.6998/0.7068, Recon post/prior=0.6048/0.6025, KL=0.0074, CycSim post/prior=0.0750/0.0268, CycMeas=0.0858, PriorBnd post/prior=1.15e-06/6.19e-07 | Best 0.0854 | Patience 15/40
 >> Epoch 069 | Train Total=0.6925 | Val post/prior Total=0.6932/0.7109, Recon post/prior=0.6064/0.6026, KL=0.0075, CycSim post/prior=0.0682/0.0259, CycMeas=0.0921, PriorBnd post/prior=2.21e-07/1.80e-07 | Best 0.0854 | Patience 16/40
 >> Epoch 070 | Train Total=0.6922 | Val post/prior Total=0.6949/0.7067, Recon post/prior=0.6062/0.6029, KL=0.0074, CycSim post/prior=0.0698/0.0256, CycMeas=0.0871, PriorBnd post/prior=6.38e-07/3.37e-07 | Best 0.0854 | Patience 17/40
 >> Epoch 071 | Train Total=0.6933 | Val post/prior Total=0.7048/0.7098, Recon post/prior=0.6057/0.6029, KL=0.0075, CycSim post/prior=0.0785/0.0281, CycMeas=0.0872, PriorBnd post/prior=1.03e-06/4.24e-07 | Best 0.0854 | Patience 18/40
 >> Epoch 072 | Train Total=0.6948 | Val post/prior Total=0.6994/0.7122, Recon post/prior=0.6061/0.6029, KL=0.0074, CycSim post/prior=0.0736/0.0284, CycMeas=0.0898, PriorBnd post/prior=1.18e-06/7.92e-07 | Best 0.0854 | Patience 19/40
 >> Epoch 073 | Train Total=0.6937 | Val post/prior Total=0.6958/0.7101, Recon post/prior=0.6056/0.6022, KL=0.0076, CycSim post/prior=0.0710/0.0260, CycMeas=0.0914, PriorBnd post/prior=3.80e-07/2.83e-07 | Best 0.0854 | Patience 20/40
 >> Epoch 074 | Train Total=0.6956 | Val post/prior Total=0.6970/0.7064, Recon post/prior=0.6054/0.6015, KL=0.0072, CycSim post/prior=0.0722/0.0258, CycMeas=0.0881, PriorBnd post/prior=5.24e-07/2.72e-07 | Best 0.0854 | Patience 21/40
 >> Epoch 075 | Train Total=0.6944 | Val post/prior Total=0.6979/0.7122, Recon post/prior=0.6081/0.6045, KL=0.0074, CycSim post/prior=0.0707/0.0269, CycMeas=0.0899, PriorBnd post/prior=6.00e-07/2.44e-07 | Best 0.0854 | Patience 22/40
 >> Epoch 076 | Train Total=0.6962 | Val post/prior Total=0.6960/0.7197, Recon post/prior=0.6077/0.6039, KL=0.0080, CycSim post/prior=0.0694/0.0275, CycMeas=0.0991, PriorBnd post/prior=7.46e-07/2.35e-07 | Best 0.0854 | Patience 23/40
 >> Epoch 077 | Train Total=0.6965 | Val post/prior Total=0.6965/0.7053, Recon post/prior=0.6048/0.6014, KL=0.0072, CycSim post/prior=0.0723/0.0258, CycMeas=0.0868, PriorBnd post/prior=9.00e-07/5.98e-07 | Best 0.0854 | Patience 24/40
 >> Epoch 078 | Train Total=0.6967 | Val post/prior Total=0.6988/0.7083, Recon post/prior=0.6048/0.6024, KL=0.0072, CycSim post/prior=0.0743/0.0271, CycMeas=0.0874, PriorBnd post/prior=1.35e-06/9.41e-07 | Best 0.0854 | Patience 25/40
 >> Epoch 079 | Train Total=0.6988 | Val post/prior Total=0.6998/0.7080, Recon post/prior=0.6047/0.6011, KL=0.0074, CycSim post/prior=0.0751/0.0274, CycMeas=0.0881, PriorBnd post/prior=1.15e-06/1.20e-06 | Best 0.0854 | Patience 26/40
 >> Epoch 080 | Train Total=0.7004 | Val post/prior Total=0.6960/0.7128, Recon post/prior=0.6057/0.6032, KL=0.0074, CycSim post/prior=0.0712/0.0262, CycMeas=0.0933, PriorBnd post/prior=7.29e-07/3.37e-07 | Best 0.0854 | Patience 27/40
 >> Epoch 081 | Train Total=0.6998 | Val post/prior Total=0.6948/0.7049, Recon post/prior=0.6057/0.6011, KL=0.0073, CycSim post/prior=0.0702/0.0248, CycMeas=0.0882, PriorBnd post/prior=8.54e-07/3.22e-07 | Best 0.0854 | Patience 28/40
 >> Epoch 082 | Train Total=0.7017 | Val post/prior Total=0.7080/0.7137, Recon post/prior=0.6062/0.6028, KL=0.0078, CycSim post/prior=0.0806/0.0313, CycMeas=0.0874, PriorBnd post/prior=1.14e-06/9.14e-07 | Best 0.0854 | Patience 29/40
 >> Epoch 083 | Train Total=0.7011 | Val post/prior Total=0.6970/0.7057, Recon post/prior=0.6051/0.6017, KL=0.0072, CycSim post/prior=0.0726/0.0262, CycMeas=0.0863, PriorBnd post/prior=7.25e-07/4.04e-07 | Best 0.0854 | Patience 30/40
 >> Epoch 084 | Train Total=0.7012 | Val post/prior Total=0.6986/0.7092, Recon post/prior=0.6065/0.6031, KL=0.0075, CycSim post/prior=0.0727/0.0261, CycMeas=0.0892, PriorBnd post/prior=8.13e-07/3.84e-07 | Best 0.0854 | Patience 31/40
 >> Epoch 085 | Train Total=0.7061 | Val post/prior Total=0.6927/0.7074, Recon post/prior=0.6054/0.6023, KL=0.0073, CycSim post/prior=0.0686/0.0260, CycMeas=0.0880, PriorBnd post/prior=8.80e-07/4.26e-07 | Best 0.0854 | Patience 32/40
 >> Epoch 086 | Train Total=0.7026 | Val post/prior Total=0.6997/0.7087, Recon post/prior=0.6047/0.6008, KL=0.0073, CycSim post/prior=0.0751/0.0256, CycMeas=0.0921, PriorBnd post/prior=1.20e-06/6.08e-07 | Best 0.0854 | Patience 33/40
 >> Epoch 087 | Train Total=0.7059 | Val post/prior Total=0.6956/0.7052, Recon post/prior=0.6053/0.6015, KL=0.0073, CycSim post/prior=0.0711/0.0259, CycMeas=0.0864, PriorBnd post/prior=8.18e-07/4.11e-07 | Best 0.0854 | Patience 34/40
 >> Epoch 088 | Train Total=0.7070 | Val post/prior Total=0.6998/0.7070, Recon post/prior=0.6063/0.6024, KL=0.0070, CycSim post/prior=0.0738/0.0273, CycMeas=0.0855, PriorBnd post/prior=7.24e-07/3.55e-07 | Best 0.0854 | Patience 35/40
 >> Epoch 089 | Train Total=0.7083 | Val post/prior Total=0.7009/0.7050, Recon post/prior=0.6054/0.6009, KL=0.0075, CycSim post/prior=0.0754/0.0256, CycMeas=0.0874, PriorBnd post/prior=1.14e-06/5.64e-07 | Best 0.0854 | Patience 36/40
 >> Epoch 090 | Train Total=0.7089 | Val post/prior Total=0.7089/0.7189, Recon post/prior=0.6062/0.6026, KL=0.0078, CycSim post/prior=0.0814/0.0298, CycMeas=0.0963, PriorBnd post/prior=1.53e-06/1.00e-06 | Best 0.0854 | Patience 37/40
 >> Epoch 091 | Train Total=0.7092 | Val post/prior Total=0.7005/0.7067, Recon post/prior=0.6049/0.6011, KL=0.0076, CycSim post/prior=0.0755/0.0260, CycMeas=0.0886, PriorBnd post/prior=5.72e-07/3.37e-07 | Best 0.0854 | Patience 38/40
 >> Epoch 092 | Train Total=0.7093 | Val post/prior Total=0.7003/0.7087, Recon post/prior=0.6066/0.6030, KL=0.0072, CycSim post/prior=0.0740/0.0279, CycMeas=0.0859, PriorBnd post/prior=1.30e-06/9.27e-07 | Best 0.0854 | Patience 39/40
 >> Epoch 093 | Train Total=0.7104 | Val post/prior Total=0.6954/0.7064, Recon post/prior=0.6066/0.6020, KL=0.0076, CycSim post/prior=0.0698/0.0254, CycMeas=0.0879, PriorBnd post/prior=1.01e-06/5.00e-07 | Best 0.0854 | Patience 40/40
[EarlyStop] at epoch 93
[Diag] Start to calcaulte diag in test preocess... 
[Diag] wrote 60139 rows to temp_Unidi_cvae_symmetric\cvae_20251120-124537\diag_test.csv
[Diag] proxy_floor_ps  P50=0.0085  P90=0.0131  P95=0.0153  P99=0.0226
[Test] prior total=0.704118 | prior recon=0.600375 | kl=0.007350 | prior cyc_sim=0.026166 | cyc_meas=0.086065 | prior_l2=0.349220 | prior_bnd=0.000001 | 
