[log] tee initialized at 2025-11-05 00:47:44 -> temp_Bidi_cvae\session_20251105-004744.log
Using CUDA device 0: NVIDIA GeForce RTX 4060 Laptop GPU
[log] tee initialized at 2025-11-05 00:47:46 -> temp_Bidi_cvae\cvae_20251105-004746\train.log
[L_trust] using 20000 ref rows from temp_Bidi_cvae\proxy\proxy_Ytr_norm.npy
 >> Epoch 001 | Train Total=95.5059 | Val post/prior Total=39050655.8804/1.1258, Recon post/prior=19.2361/0.7963, KL=389316999.8373, CycSim post/prior=0.1796/0.1355, CycMeas=0.2054, PriorBnd post/prior=5.71e+00/1.44e-03 | Best inf | Patience 1/40
[Update] best val_cyc_meas improved to 0.205413 @ epoch 1
 >> Epoch 002 | Train Total=0.3916 | Val post/prior Total=3835.9334/1.0216, Recon post/prior=1.2933/0.7589, KL=37421.2428, CycSim post/prior=0.1426/0.0997, CycMeas=0.1760, PriorBnd post/prior=1.29e-01/5.64e-04 | Best 0.2054 | Patience 1/40
[Update] best val_cyc_meas improved to 0.175996 @ epoch 2
 >> Epoch 003 | Train Total=0.2818 | Val post/prior Total=686.3454/0.9863, Recon post/prior=0.7958/0.7453, KL=6847.2058, CycSim post/prior=0.1353/0.0941, CycMeas=0.1575, PriorBnd post/prior=1.29e-02/3.00e-04 | Best 0.1760 | Patience 1/40
[Update] best val_cyc_meas improved to 0.157528 @ epoch 3
 >> Epoch 004 | Train Total=0.2484 | Val post/prior Total=191.6630/0.9570, Recon post/prior=0.9435/0.7355, KL=1713.4696, CycSim post/prior=0.1195/0.0716, CycMeas=0.1662, PriorBnd post/prior=6.82e-02/3.02e-04 | Best 0.1575 | Patience 1/40
 >> Epoch 005 | Train Total=0.2306 | Val post/prior Total=5.0580/0.9394, Recon post/prior=0.7470/0.7349, KL=41.5116, CycSim post/prior=0.1166/0.0803, CycMeas=0.1323, PriorBnd post/prior=1.96e-03/1.95e-04 | Best 0.1575 | Patience 2/40
[Update] best val_cyc_meas improved to 0.132304 @ epoch 5
 >> Epoch 006 | Train Total=0.2201 | Val post/prior Total=21.1435/0.9207, Recon post/prior=0.7725/0.7268, KL=193.8892, CycSim post/prior=0.1109/0.0659, CycMeas=0.1403, PriorBnd post/prior=1.09e-02/2.06e-04 | Best 0.1323 | Patience 1/40
 >> Epoch 007 | Train Total=0.2130 | Val post/prior Total=1.3740/0.9274, Recon post/prior=0.7339/0.7252, KL=5.0353, CycSim post/prior=0.1084/0.0710, CycMeas=0.1431, PriorBnd post/prior=1.12e-03/1.46e-04 | Best 0.1323 | Patience 2/40
 >> Epoch 008 | Train Total=0.2086 | Val post/prior Total=2.7262/0.9017, Recon post/prior=0.7452/0.7240, KL=17.7513, CycSim post/prior=0.1007/0.0647, CycMeas=0.1216, PriorBnd post/prior=3.70e-03/1.45e-04 | Best 0.1323 | Patience 3/40
[Update] best val_cyc_meas improved to 0.121643 @ epoch 8
 >> Epoch 009 | Train Total=0.2047 | Val post/prior Total=2.2121/0.9007, Recon post/prior=0.7515/0.7220, KL=10.7469, CycSim post/prior=0.1005/0.0629, CycMeas=0.1256, PriorBnd post/prior=6.93e-03/1.18e-04 | Best 0.1216 | Patience 1/40
 >> Epoch 010 | Train Total=0.2021 | Val post/prior Total=1.4225/0.8874, Recon post/prior=0.7384/0.7189, KL=5.0619, CycSim post/prior=0.0960/0.0583, CycMeas=0.1197, PriorBnd post/prior=3.98e-03/1.35e-04 | Best 0.1216 | Patience 2/40
[Update] best val_cyc_meas improved to 0.119680 @ epoch 10
 >> Epoch 011 | Train Total=0.2001 | Val post/prior Total=1.1773/0.8753, Recon post/prior=0.7312/0.7164, KL=2.9388, CycSim post/prior=0.0959/0.0571, CycMeas=0.1093, PriorBnd post/prior=2.69e-03/1.27e-04 | Best 0.1197 | Patience 1/40
[Update] best val_cyc_meas improved to 0.109278 @ epoch 11
 >> Epoch 012 | Train Total=0.1989 | Val post/prior Total=0.9221/0.8886, Recon post/prior=0.7270/0.7177, KL=0.6586, CycSim post/prior=0.0962/0.0602, CycMeas=0.1198, PriorBnd post/prior=1.65e-03/9.60e-05 | Best 0.1093 | Patience 1/40
 >> Epoch 013 | Train Total=0.1976 | Val post/prior Total=0.9216/0.8960, Recon post/prior=0.7276/0.7170, KL=0.6275, CycSim post/prior=0.0949/0.0612, CycMeas=0.1283, PriorBnd post/prior=1.66e-03/8.01e-05 | Best 0.1093 | Patience 2/40
 >> Epoch 014 | Train Total=0.1953 | Val post/prior Total=0.9007/0.8825, Recon post/prior=0.7238/0.7134, KL=0.4308, CycSim post/prior=0.0981/0.0629, CycMeas=0.1134, PriorBnd post/prior=1.71e-03/8.32e-05 | Best 0.1093 | Patience 3/40
 >> Epoch 015 | Train Total=0.1954 | Val post/prior Total=0.9003/0.8920, Recon post/prior=0.7257/0.7150, KL=0.2756, CycSim post/prior=0.0983/0.0686, CycMeas=0.1148, PriorBnd post/prior=2.03e-03/7.90e-05 | Best 0.1093 | Patience 4/40
 >> Epoch 016 | Train Total=0.1941 | Val post/prior Total=0.8587/0.8678, Recon post/prior=0.7180/0.7093, KL=0.2242, CycSim post/prior=0.0898/0.0552, CycMeas=0.1115, PriorBnd post/prior=1.65e-03/8.26e-05 | Best 0.1093 | Patience 5/40
 >> Epoch 017 | Train Total=0.1922 | Val post/prior Total=0.8366/0.8614, Recon post/prior=0.7141/0.7086, KL=0.1302, CycSim post/prior=0.0880/0.0536, CycMeas=0.1068, PriorBnd post/prior=4.93e-04/8.30e-05 | Best 0.1093 | Patience 6/40
[Update] best val_cyc_meas improved to 0.106829 @ epoch 17
 >> Epoch 018 | Train Total=0.1919 | Val post/prior Total=0.8367/0.8626, Recon post/prior=0.7155/0.7086, KL=0.1336, CycSim post/prior=0.0851/0.0526, CycMeas=0.1096, PriorBnd post/prior=1.05e-03/7.10e-05 | Best 0.1068 | Patience 1/40
 >> Epoch 019 | Train Total=0.1909 | Val post/prior Total=0.8343/0.8624, Recon post/prior=0.7136/0.7081, KL=0.1101, CycSim post/prior=0.0878/0.0567, CycMeas=0.1040, PriorBnd post/prior=7.97e-04/7.21e-05 | Best 0.1068 | Patience 2/40
[Update] best val_cyc_meas improved to 0.104043 @ epoch 19
 >> Epoch 020 | Train Total=0.1918 | Val post/prior Total=0.8540/0.8533, Recon post/prior=0.7172/0.7056, KL=0.0662, CycSim post/prior=0.0867/0.0535, CycMeas=0.1004, PriorBnd post/prior=2.24e-03/7.83e-05 | Best 0.1040 | Patience 1/40
[Update] best val_cyc_meas improved to 0.100376 @ epoch 20
 >> Epoch 021 | Train Total=0.1903 | Val post/prior Total=0.8328/0.8588, Recon post/prior=0.7124/0.7059, KL=0.0775, CycSim post/prior=0.0883/0.0561, CycMeas=0.1030, PriorBnd post/prior=1.08e-03/7.39e-05 | Best 0.1004 | Patience 1/40
 >> Epoch 022 | Train Total=0.1889 | Val post/prior Total=0.8252/0.8631, Recon post/prior=0.7124/0.7076, KL=0.0409, CycSim post/prior=0.0872/0.0603, CycMeas=0.1000, PriorBnd post/prior=6.71e-04/6.97e-05 | Best 0.1004 | Patience 2/40
[Update] best val_cyc_meas improved to 0.100048 @ epoch 22
 >> Epoch 023 | Train Total=0.1882 | Val post/prior Total=0.8300/0.8752, Recon post/prior=0.7116/0.7061, KL=0.0465, CycSim post/prior=0.0905/0.0610, CycMeas=0.1160, PriorBnd post/prior=7.17e-04/6.43e-05 | Best 0.1000 | Patience 1/40
 >> Epoch 024 | Train Total=0.1870 | Val post/prior Total=0.8200/0.8613, Recon post/prior=0.7099/0.7059, KL=0.0329, CycSim post/prior=0.0862/0.0587, CycMeas=0.1023, PriorBnd post/prior=4.85e-04/5.59e-05 | Best 0.1000 | Patience 2/40
 >> Epoch 025 | Train Total=0.1873 | Val post/prior Total=0.8281/0.8627, Recon post/prior=0.7101/0.7047, KL=0.0461, CycSim post/prior=0.0909/0.0592, CycMeas=0.1047, PriorBnd post/prior=6.14e-04/6.05e-05 | Best 0.1000 | Patience 3/40
 >> Epoch 026 | Train Total=0.1874 | Val post/prior Total=0.8184/0.8484, Recon post/prior=0.7066/0.7008, KL=0.0485, CycSim post/prior=0.0845/0.0528, CycMeas=0.1012, PriorBnd post/prior=8.68e-04/5.79e-05 | Best 0.1000 | Patience 4/40
 >> Epoch 027 | Train Total=0.1878 | Val post/prior Total=0.8126/0.8596, Recon post/prior=0.7096/0.7064, KL=0.0308, CycSim post/prior=0.0806/0.0572, CycMeas=0.1018, PriorBnd post/prior=3.25e-04/4.64e-05 | Best 0.1000 | Patience 5/40
 >> Epoch 028 | Train Total=0.1886 | Val post/prior Total=0.8151/0.8388, Recon post/prior=0.7053/0.6977, KL=0.0362, CycSim post/prior=0.0811/0.0476, CycMeas=0.1007, PriorBnd post/prior=1.27e-03/6.20e-05 | Best 0.1000 | Patience 6/40
 >> Epoch 029 | Train Total=0.1897 | Val post/prior Total=0.8054/0.8357, Recon post/prior=0.7008/0.6958, KL=0.0315, CycSim post/prior=0.0813/0.0481, CycMeas=0.0986, PriorBnd post/prior=5.64e-04/5.62e-05 | Best 0.1000 | Patience 7/40
[Update] best val_cyc_meas improved to 0.098565 @ epoch 29
 >> Epoch 030 | Train Total=0.1880 | Val post/prior Total=0.8081/0.8382, Recon post/prior=0.7028/0.6962, KL=0.0353, CycSim post/prior=0.0799/0.0475, CycMeas=0.1020, PriorBnd post/prior=9.52e-04/6.34e-05 | Best 0.0986 | Patience 1/40
 >> Epoch 031 | Train Total=0.1888 | Val post/prior Total=0.8042/0.8388, Recon post/prior=0.7004/0.6957, KL=0.0297, CycSim post/prior=0.0803/0.0486, CycMeas=0.1017, PriorBnd post/prior=5.80e-04/5.84e-05 | Best 0.0986 | Patience 2/40
 >> Epoch 032 | Train Total=0.1878 | Val post/prior Total=0.8033/0.8405, Recon post/prior=0.7012/0.6971, KL=0.0279, CycSim post/prior=0.0799/0.0498, CycMeas=0.1004, PriorBnd post/prior=3.67e-04/4.91e-05 | Best 0.0986 | Patience 3/40
 >> Epoch 033 | Train Total=0.1880 | Val post/prior Total=0.8258/0.8737, Recon post/prior=0.7081/0.7045, KL=0.0448, CycSim post/prior=0.0916/0.0677, CycMeas=0.1060, PriorBnd post/prior=3.66e-04/4.71e-05 | Best 0.0986 | Patience 4/40
 >> Epoch 034 | Train Total=0.1878 | Val post/prior Total=0.8044/0.8336, Recon post/prior=0.6990/0.6931, KL=0.0274, CycSim post/prior=0.0816/0.0480, CycMeas=0.0995, PriorBnd post/prior=6.64e-04/6.45e-05 | Best 0.0986 | Patience 5/40
 >> Epoch 035 | Train Total=0.1891 | Val post/prior Total=0.8037/0.8335, Recon post/prior=0.6976/0.6921, KL=0.0266, CycSim post/prior=0.0825/0.0489, CycMeas=0.0993, PriorBnd post/prior=6.82e-04/5.58e-05 | Best 0.0986 | Patience 6/40
 >> Epoch 036 | Train Total=0.1888 | Val post/prior Total=0.8090/0.8384, Recon post/prior=0.7006/0.6937, KL=0.0260, CycSim post/prior=0.0831/0.0512, CycMeas=0.0998, PriorBnd post/prior=1.16e-03/5.75e-05 | Best 0.0986 | Patience 7/40
 >> Epoch 037 | Train Total=0.1897 | Val post/prior Total=0.8099/0.8365, Recon post/prior=0.6990/0.6922, KL=0.0264, CycSim post/prior=0.0846/0.0512, CycMeas=0.0993, PriorBnd post/prior=8.76e-04/5.98e-05 | Best 0.0986 | Patience 8/40
 >> Epoch 038 | Train Total=0.1903 | Val post/prior Total=0.7975/0.8305, Recon post/prior=0.6951/0.6910, KL=0.0260, CycSim post/prior=0.0803/0.0475, CycMeas=0.0988, PriorBnd post/prior=2.54e-04/5.17e-05 | Best 0.0986 | Patience 9/40
 >> Epoch 039 | Train Total=0.1898 | Val post/prior Total=0.8081/0.8390, Recon post/prior=0.6970/0.6907, KL=0.0267, CycSim post/prior=0.0863/0.0511, CycMeas=0.1046, PriorBnd post/prior=6.88e-04/5.18e-05 | Best 0.0986 | Patience 10/40
 >> Epoch 040 | Train Total=0.1900 | Val post/prior Total=0.8041/0.8391, Recon post/prior=0.6982/0.6929, KL=0.0234, CycSim post/prior=0.0824/0.0529, CycMeas=0.0993, PriorBnd post/prior=7.75e-04/3.82e-05 | Best 0.0986 | Patience 11/40
 >> Epoch 041 | Train Total=0.1915 | Val post/prior Total=0.8064/0.8375, Recon post/prior=0.6953/0.6903, KL=0.0248, CycSim post/prior=0.0874/0.0508, CycMeas=0.1036, PriorBnd post/prior=4.54e-04/6.01e-05 | Best 0.0986 | Patience 12/40
 >> Epoch 042 | Train Total=0.1905 | Val post/prior Total=0.8110/0.8459, Recon post/prior=0.6975/0.6915, KL=0.0238, CycSim post/prior=0.0887/0.0549, CycMeas=0.1066, PriorBnd post/prior=7.44e-04/6.41e-05 | Best 0.0986 | Patience 13/40
 >> Epoch 043 | Train Total=0.1919 | Val post/prior Total=0.8064/0.8415, Recon post/prior=0.6983/0.6919, KL=0.0218, CycSim post/prior=0.0812/0.0509, CycMeas=0.1064, PriorBnd post/prior=1.24e-03/4.46e-05 | Best 0.0986 | Patience 14/40
 >> Epoch 044 | Train Total=0.1930 | Val post/prior Total=0.8024/0.8455, Recon post/prior=0.6968/0.6935, KL=0.0207, CycSim post/prior=0.0837/0.0562, CycMeas=0.1017, PriorBnd post/prior=1.68e-04/4.10e-05 | Best 0.0986 | Patience 15/40
 >> Epoch 045 | Train Total=0.1930 | Val post/prior Total=0.8080/0.8371, Recon post/prior=0.6956/0.6901, KL=0.0230, CycSim post/prior=0.0879/0.0530, CycMeas=0.1000, PriorBnd post/prior=7.69e-04/6.42e-05 | Best 0.0986 | Patience 16/40
 >> Epoch 046 | Train Total=0.1934 | Val post/prior Total=0.8035/0.8393, Recon post/prior=0.6963/0.6913, KL=0.0219, CycSim post/prior=0.0842/0.0541, CycMeas=0.0996, PriorBnd post/prior=5.89e-04/5.21e-05 | Best 0.0986 | Patience 17/40
 >> Epoch 047 | Train Total=0.1927 | Val post/prior Total=0.8023/0.8319, Recon post/prior=0.6943/0.6889, KL=0.0220, CycSim post/prior=0.0845/0.0502, CycMeas=0.0992, PriorBnd post/prior=5.91e-04/5.08e-05 | Best 0.0986 | Patience 18/40
 >> Epoch 048 | Train Total=0.1940 | Val post/prior Total=0.8051/0.8339, Recon post/prior=0.6936/0.6886, KL=0.0212, CycSim post/prior=0.0884/0.0517, CycMeas=0.0999, PriorBnd post/prior=4.16e-04/5.31e-05 | Best 0.0986 | Patience 19/40
 >> Epoch 049 | Train Total=0.1938 | Val post/prior Total=0.8059/0.8345, Recon post/prior=0.6922/0.6871, KL=0.0209, CycSim post/prior=0.0899/0.0527, CycMeas=0.1009, PriorBnd post/prior=4.12e-04/5.86e-05 | Best 0.0986 | Patience 20/40
 >> Epoch 050 | Train Total=0.1947 | Val post/prior Total=0.8126/0.8507, Recon post/prior=0.6980/0.6944, KL=0.0197, CycSim post/prior=0.0909/0.0604, CycMeas=0.1007, PriorBnd post/prior=3.80e-04/4.15e-05 | Best 0.0986 | Patience 21/40
 >> Epoch 051 | Train Total=0.1969 | Val post/prior Total=0.8045/0.8308, Recon post/prior=0.6930/0.6872, KL=0.0212, CycSim post/prior=0.0878/0.0504, CycMeas=0.0996, PriorBnd post/prior=6.56e-04/5.75e-05 | Best 0.0986 | Patience 22/40
 >> Epoch 052 | Train Total=0.1965 | Val post/prior Total=0.8045/0.8308, Recon post/prior=0.6931/0.6862, KL=0.0221, CycSim post/prior=0.0873/0.0504, CycMeas=0.1009, PriorBnd post/prior=8.03e-04/5.51e-05 | Best 0.0986 | Patience 23/40
 >> Epoch 053 | Train Total=0.1965 | Val post/prior Total=0.8016/0.8263, Recon post/prior=0.6926/0.6860, KL=0.0213, CycSim post/prior=0.0853/0.0485, CycMeas=0.0982, PriorBnd post/prior=8.35e-04/5.76e-05 | Best 0.0986 | Patience 24/40
[Update] best val_cyc_meas improved to 0.098184 @ epoch 53
 >> Epoch 054 | Train Total=0.1973 | Val post/prior Total=0.8000/0.8270, Recon post/prior=0.6905/0.6850, KL=0.0206, CycSim post/prior=0.0867/0.0487, CycMeas=0.1003, PriorBnd post/prior=4.11e-04/5.40e-05 | Best 0.0982 | Patience 1/40
 >> Epoch 055 | Train Total=0.1979 | Val post/prior Total=0.8076/0.8409, Recon post/prior=0.6936/0.6887, KL=0.0189, CycSim post/prior=0.0904/0.0580, CycMeas=0.0991, PriorBnd post/prior=5.19e-04/5.10e-05 | Best 0.0982 | Patience 2/40
 >> Epoch 056 | Train Total=0.1980 | Val post/prior Total=0.8031/0.8363, Recon post/prior=0.6928/0.6884, KL=0.0200, CycSim post/prior=0.0876/0.0541, CycMeas=0.0995, PriorBnd post/prior=2.81e-04/4.29e-05 | Best 0.0982 | Patience 3/40
 >> Epoch 057 | Train Total=0.1992 | Val post/prior Total=0.8196/0.8558, Recon post/prior=0.6982/0.6932, KL=0.0203, CycSim post/prior=0.0964/0.0665, CycMeas=0.0995, PriorBnd post/prior=6.04e-04/4.43e-05 | Best 0.0982 | Patience 4/40
 >> Epoch 058 | Train Total=0.2001 | Val post/prior Total=0.8020/0.8304, Recon post/prior=0.6915/0.6853, KL=0.0186, CycSim post/prior=0.0870/0.0528, CycMeas=0.0978, PriorBnd post/prior=6.39e-04/5.68e-05 | Best 0.0982 | Patience 5/40
[Update] best val_cyc_meas improved to 0.097797 @ epoch 58
 >> Epoch 059 | Train Total=0.2003 | Val post/prior Total=0.8133/0.8411, Recon post/prior=0.6952/0.6878, KL=0.0181, CycSim post/prior=0.0916/0.0584, CycMeas=0.0999, PriorBnd post/prior=1.24e-03/5.06e-05 | Best 0.0978 | Patience 1/40
 >> Epoch 060 | Train Total=0.2015 | Val post/prior Total=0.8115/0.8428, Recon post/prior=0.6951/0.6893, KL=0.0196, CycSim post/prior=0.0920/0.0582, CycMeas=0.1004, PriorBnd post/prior=6.05e-04/4.49e-05 | Best 0.0978 | Patience 2/40
 >> Epoch 061 | Train Total=0.2023 | Val post/prior Total=0.8077/0.8406, Recon post/prior=0.6953/0.6895, KL=0.0187, CycSim post/prior=0.0890/0.0568, CycMeas=0.0996, PriorBnd post/prior=8.55e-04/4.83e-05 | Best 0.0978 | Patience 3/40
 >> Epoch 062 | Train Total=0.2009 | Val post/prior Total=0.8132/0.8434, Recon post/prior=0.6964/0.6901, KL=0.0200, CycSim post/prior=0.0919/0.0595, CycMeas=0.0982, PriorBnd post/prior=1.01e-03/4.36e-05 | Best 0.0978 | Patience 4/40
 >> Epoch 063 | Train Total=0.2026 | Val post/prior Total=0.8068/0.8362, Recon post/prior=0.6929/0.6875, KL=0.0190, CycSim post/prior=0.0902/0.0553, CycMeas=0.0987, PriorBnd post/prior=4.60e-04/4.93e-05 | Best 0.0978 | Patience 5/40
 >> Epoch 064 | Train Total=0.2027 | Val post/prior Total=0.8167/0.8397, Recon post/prior=0.6954/0.6870, KL=0.0190, CycSim post/prior=0.0944/0.0588, CycMeas=0.0985, PriorBnd post/prior=1.64e-03/5.02e-05 | Best 0.0978 | Patience 6/40
 >> Epoch 065 | Train Total=0.2062 | Val post/prior Total=0.8117/0.8368, Recon post/prior=0.6948/0.6874, KL=0.0205, CycSim post/prior=0.0916/0.0559, CycMeas=0.0987, PriorBnd post/prior=1.22e-03/4.42e-05 | Best 0.0978 | Patience 7/40
 >> Epoch 066 | Train Total=0.2027 | Val post/prior Total=0.8108/0.8436, Recon post/prior=0.6944/0.6891, KL=0.0186, CycSim post/prior=0.0926/0.0601, CycMeas=0.0988, PriorBnd post/prior=4.76e-04/4.52e-05 | Best 0.0978 | Patience 8/40
 >> Epoch 067 | Train Total=0.2043 | Val post/prior Total=0.8274/0.8609, Recon post/prior=0.6992/0.6934, KL=0.0197, CycSim post/prior=0.1023/0.0715, CycMeas=0.0983, PriorBnd post/prior=8.90e-04/4.31e-05 | Best 0.0978 | Patience 9/40
 >> Epoch 068 | Train Total=0.2083 | Val post/prior Total=0.8306/0.8675, Recon post/prior=0.7008/0.6950, KL=0.0179, CycSim post/prior=0.1032/0.0754, CycMeas=0.0986, PriorBnd post/prior=9.72e-04/3.80e-05 | Best 0.0978 | Patience 10/40
 >> Epoch 069 | Train Total=0.2076 | Val post/prior Total=0.8583/0.9021, Recon post/prior=0.7066/0.7018, KL=0.0190, CycSim post/prior=0.1220/0.0969, CycMeas=0.1014, PriorBnd post/prior=5.73e-04/4.09e-05 | Best 0.0978 | Patience 11/40
 >> Epoch 070 | Train Total=0.2093 | Val post/prior Total=0.8288/0.8666, Recon post/prior=0.6985/0.6930, KL=0.0189, CycSim post/prior=0.1042/0.0750, CycMeas=0.1006, PriorBnd post/prior=7.85e-04/4.22e-05 | Best 0.0978 | Patience 12/40
 >> Epoch 071 | Train Total=0.2087 | Val post/prior Total=0.8467/0.8783, Recon post/prior=0.7029/0.6950, KL=0.0192, CycSim post/prior=0.1131/0.0842, CycMeas=0.0992, PriorBnd post/prior=1.34e-03/4.66e-05 | Best 0.0978 | Patience 13/40
 >> Epoch 072 | Train Total=0.2100 | Val post/prior Total=0.8651/0.9121, Recon post/prior=0.7080/0.7037, KL=0.0188, CycSim post/prior=0.1267/0.1037, CycMeas=0.1013, PriorBnd post/prior=5.50e-04/4.65e-05 | Best 0.0978 | Patience 14/40
 >> Epoch 073 | Train Total=0.2104 | Val post/prior Total=0.8144/0.8437, Recon post/prior=0.6939/0.6875, KL=0.0177, CycSim post/prior=0.0956/0.0622, CycMeas=0.0979, PriorBnd post/prior=7.79e-04/4.53e-05 | Best 0.0978 | Patience 15/40
 >> Epoch 074 | Train Total=0.2126 | Val post/prior Total=0.8226/0.8559, Recon post/prior=0.6977/0.6916, KL=0.0177, CycSim post/prior=0.0994/0.0684, CycMeas=0.0988, PriorBnd post/prior=9.50e-04/4.31e-05 | Best 0.0978 | Patience 16/40
 >> Epoch 075 | Train Total=0.2119 | Val post/prior Total=0.8390/0.8638, Recon post/prior=0.7021/0.6929, KL=0.0195, CycSim post/prior=0.1059/0.0744, CycMeas=0.0982, PriorBnd post/prior=1.92e-03/4.45e-05 | Best 0.0978 | Patience 17/40
 >> Epoch 076 | Train Total=0.2129 | Val post/prior Total=0.8162/0.8437, Recon post/prior=0.6935/0.6858, KL=0.0198, CycSim post/prior=0.0966/0.0613, CycMeas=0.1011, PriorBnd post/prior=1.26e-03/4.74e-05 | Best 0.0978 | Patience 18/40
 >> Epoch 077 | Train Total=0.2128 | Val post/prior Total=0.8523/0.8947, Recon post/prior=0.7069/0.7027, KL=0.0334, CycSim post/prior=0.1151/0.0895, CycMeas=0.1023, PriorBnd post/prior=8.06e-04/3.69e-05 | Best 0.0978 | Patience 19/40
 >> Epoch 078 | Train Total=0.2151 | Val post/prior Total=0.8335/0.8665, Recon post/prior=0.7013/0.6950, KL=0.0232, CycSim post/prior=0.1031/0.0749, CycMeas=0.0983, PriorBnd post/prior=1.27e-03/3.40e-05 | Best 0.0978 | Patience 20/40
 >> Epoch 079 | Train Total=0.2155 | Val post/prior Total=0.8126/0.8462, Recon post/prior=0.6942/0.6889, KL=0.0175, CycSim post/prior=0.0944/0.0625, CycMeas=0.0987, PriorBnd post/prior=6.31e-04/3.96e-05 | Best 0.0978 | Patience 21/40
 >> Epoch 080 | Train Total=0.2177 | Val post/prior Total=0.8119/0.8366, Recon post/prior=0.6924/0.6855, KL=0.0183, CycSim post/prior=0.0948/0.0576, CycMeas=0.0982, PriorBnd post/prior=8.51e-04/4.90e-05 | Best 0.0978 | Patience 22/40
 >> Epoch 081 | Train Total=0.2188 | Val post/prior Total=0.8209/0.8327, Recon post/prior=0.6934/0.6834, KL=0.0196, CycSim post/prior=0.0959/0.0557, CycMeas=0.0987, PriorBnd post/prior=1.70e-03/5.59e-05 | Best 0.0978 | Patience 23/40
 >> Epoch 082 | Train Total=0.2176 | Val post/prior Total=0.8812/0.9412, Recon post/prior=0.7163/0.7145, KL=0.0398, CycSim post/prior=0.1320/0.1122, CycMeas=0.1117, PriorBnd post/prior=1.45e-04/3.73e-05 | Best 0.0978 | Patience 24/40
 >> Epoch 083 | Train Total=0.2194 | Val post/prior Total=0.8382/0.8779, Recon post/prior=0.7015/0.6969, KL=0.0171, CycSim post/prior=0.1091/0.0824, CycMeas=0.0989, PriorBnd post/prior=7.46e-04/3.50e-05 | Best 0.0978 | Patience 25/40
 >> Epoch 084 | Train Total=0.2191 | Val post/prior Total=0.8357/0.8640, Recon post/prior=0.7017/0.6934, KL=0.0180, CycSim post/prior=0.1006/0.0741, CycMeas=0.0980, PriorBnd post/prior=1.92e-03/3.82e-05 | Best 0.0978 | Patience 26/40
 >> Epoch 085 | Train Total=0.2220 | Val post/prior Total=0.8346/0.8718, Recon post/prior=0.6992/0.6930, KL=0.0190, CycSim post/prior=0.1078/0.0793, CycMeas=0.1006, PriorBnd post/prior=1.11e-03/4.30e-05 | Best 0.0978 | Patience 27/40
 >> Epoch 086 | Train Total=0.2204 | Val post/prior Total=0.8150/0.8432, Recon post/prior=0.6935/0.6867, KL=0.0182, CycSim post/prior=0.0956/0.0607, CycMeas=0.1006, PriorBnd post/prior=1.17e-03/4.57e-05 | Best 0.0978 | Patience 28/40
 >> Epoch 087 | Train Total=0.2220 | Val post/prior Total=0.8282/0.8651, Recon post/prior=0.6952/0.6906, KL=0.0185, CycSim post/prior=0.1067/0.0773, CycMeas=0.0983, PriorBnd post/prior=3.29e-04/4.19e-05 | Best 0.0978 | Patience 29/40
 >> Epoch 088 | Train Total=0.2235 | Val post/prior Total=0.8286/0.8493, Recon post/prior=0.6949/0.6847, KL=0.0197, CycSim post/prior=0.1040/0.0640, CycMeas=0.1055, PriorBnd post/prior=1.93e-03/5.56e-05 | Best 0.0978 | Patience 30/40
 >> Epoch 089 | Train Total=0.2236 | Val post/prior Total=0.8264/0.8585, Recon post/prior=0.6977/0.6908, KL=0.0183, CycSim post/prior=0.1023/0.0714, CycMeas=0.0984, PriorBnd post/prior=1.16e-03/4.23e-05 | Best 0.0978 | Patience 31/40
 >> Epoch 090 | Train Total=0.2251 | Val post/prior Total=0.8397/0.8710, Recon post/prior=0.7028/0.6949, KL=0.0187, CycSim post/prior=0.1076/0.0787, CycMeas=0.0983, PriorBnd post/prior=1.60e-03/4.64e-05 | Best 0.0978 | Patience 32/40
 >> Epoch 091 | Train Total=0.2238 | Val post/prior Total=0.8439/0.8861, Recon post/prior=0.7021/0.6980, KL=0.0180, CycSim post/prior=0.1141/0.0880, CycMeas=0.0994, PriorBnd post/prior=5.68e-04/2.84e-05 | Best 0.0978 | Patience 33/40
 >> Epoch 092 | Train Total=0.2255 | Val post/prior Total=0.8307/0.8520, Recon post/prior=0.6979/0.6883, KL=0.0208, CycSim post/prior=0.1047/0.0677, CycMeas=0.0989, PriorBnd post/prior=2.13e-03/4.83e-05 | Best 0.0978 | Patience 34/40
 >> Epoch 093 | Train Total=0.2258 | Val post/prior Total=0.8244/0.8528, Recon post/prior=0.6976/0.6894, KL=0.0192, CycSim post/prior=0.0999/0.0675, CycMeas=0.0990, PriorBnd post/prior=1.59e-03/4.24e-05 | Best 0.0978 | Patience 35/40
 >> Epoch 094 | Train Total=0.2283 | Val post/prior Total=0.8109/0.8365, Recon post/prior=0.6928/0.6853, KL=0.0185, CycSim post/prior=0.0929/0.0575, CycMeas=0.0985, PriorBnd post/prior=1.27e-03/4.35e-05 | Best 0.0978 | Patience 36/40
 >> Epoch 095 | Train Total=0.2287 | Val post/prior Total=0.8285/0.8668, Recon post/prior=0.6999/0.6946, KL=0.0191, CycSim post/prior=0.1018/0.0753, CycMeas=0.0985, PriorBnd post/prior=8.29e-04/3.55e-05 | Best 0.0978 | Patience 37/40
 >> Epoch 096 | Train Total=0.2302 | Val post/prior Total=0.8418/0.8690, Recon post/prior=0.7011/0.6922, KL=0.0207, CycSim post/prior=0.1115/0.0793, CycMeas=0.0981, PriorBnd post/prior=1.73e-03/4.60e-05 | Best 0.0978 | Patience 38/40
 >> Epoch 097 | Train Total=0.2310 | Val post/prior Total=0.8558/0.8976, Recon post/prior=0.7055/0.7000, KL=0.0192, CycSim post/prior=0.1205/0.0950, CycMeas=0.1008, PriorBnd post/prior=1.14e-03/4.02e-05 | Best 0.0978 | Patience 39/40
 >> Epoch 098 | Train Total=0.2329 | Val post/prior Total=0.9626/1.0336, Recon post/prior=0.7344/0.7305, KL=0.0195, CycSim post/prior=0.1858/0.1703, CycMeas=0.1204, PriorBnd post/prior=1.01e-03/4.20e-05 | Best 0.0978 | Patience 40/40
[EarlyStop] at epoch 98
[Diag] Start to calcaulte diag in test preocess... 
[Diag] wrote 28930 rows to temp_Bidi_cvae\cvae_20251105-004746\diag_test.csv
[Diag] proxy_floor_ps  P50=0.0095  P90=0.0228  P95=0.0348  P99=0.2440
[Test] prior total=0.829050 | prior recon=0.685362 | kl=0.013587 | prior cyc_sim=0.051629 | cyc_meas=0.097926 | prior_l2=0.339255 | prior_bnd=0.000015 | 
