[log] tee initialized at 2025-11-05 02:18:06 -> temp_Bidi_cvae\session_20251105-021806.log
Using CUDA device 0: NVIDIA GeForce RTX 4060 Laptop GPU
[log] tee initialized at 2025-11-05 02:18:09 -> temp_Bidi_cvae\cvae_20251105-021809\train.log
[L_trust] using 20000 ref rows from temp_Bidi_cvae\proxy\proxy_Ytr_norm.npy
 >> Epoch 001 | Train Total=91.6232 | Val post/prior Total=48298431.9297/1.0952, Recon post/prior=18.1098/0.7796, KL=481904094.0688, CycSim post/prior=0.1736/0.1308, CycMeas=0.1952, PriorBnd post/prior=5.53e+00/1.24e-03 | Best inf | Patience 1/40
[Update] best val_cyc_meas improved to 0.195238 @ epoch 1
 >> Epoch 002 | Train Total=0.6886 | Val post/prior Total=3542.2411/0.9886, Recon post/prior=1.1956/0.7397, KL=34691.1894, CycSim post/prior=0.1354/0.0931, CycMeas=0.1687, PriorBnd post/prior=1.10e-01/4.11e-04 | Best 0.1952 | Patience 1/40
[Update] best val_cyc_meas improved to 0.168664 @ epoch 2
 >> Epoch 003 | Train Total=0.5709 | Val post/prior Total=694.9555/0.9510, Recon post/prior=0.7712/0.7260, KL=6934.9967, CycSim post/prior=0.1251/0.0869, CycMeas=0.1482, PriorBnd post/prior=1.19e-02/2.80e-04 | Best 0.1687 | Patience 1/40
[Update] best val_cyc_meas improved to 0.148243 @ epoch 3
 >> Epoch 004 | Train Total=0.5341 | Val post/prior Total=184.1180/0.9087, Recon post/prior=0.8805/0.7133, KL=1714.2280, CycSim post/prior=0.1102/0.0672, CycMeas=0.1403, PriorBnd post/prior=5.49e-02/2.81e-04 | Best 0.1482 | Patience 1/40
[Update] best val_cyc_meas improved to 0.140334 @ epoch 4
 >> Epoch 005 | Train Total=0.5138 | Val post/prior Total=4.6414/0.9041, Recon post/prior=0.7229/0.7116, KL=37.6757, CycSim post/prior=0.1076/0.0746, CycMeas=0.1258, PriorBnd post/prior=1.63e-03/1.69e-04 | Best 0.1403 | Patience 1/40
[Update] best val_cyc_meas improved to 0.125819 @ epoch 5
 >> Epoch 006 | Train Total=0.5012 | Val post/prior Total=15.5107/0.8835, Recon post/prior=0.7375/0.7008, KL=142.3229, CycSim post/prior=0.1004/0.0625, CycMeas=0.1313, PriorBnd post/prior=9.07e-03/1.88e-04 | Best 0.1258 | Patience 1/40
 >> Epoch 007 | Train Total=0.4905 | Val post/prior Total=1.1741/0.8815, Recon post/prior=0.7054/0.6971, KL=3.4206, CycSim post/prior=0.0985/0.0644, CycMeas=0.1306, PriorBnd post/prior=1.40e-03/1.42e-04 | Best 0.1258 | Patience 2/40
 >> Epoch 008 | Train Total=0.4835 | Val post/prior Total=2.2635/0.8562, Recon post/prior=0.7078/0.6934, KL=14.0601, CycSim post/prior=0.0897/0.0590, CycMeas=0.1116, PriorBnd post/prior=2.26e-03/1.29e-04 | Best 0.1258 | Patience 3/40
[Update] best val_cyc_meas improved to 0.111637 @ epoch 8
 >> Epoch 009 | Train Total=0.4786 | Val post/prior Total=1.7868/0.8541, Recon post/prior=0.7136/0.6908, KL=8.0317, CycSim post/prior=0.0895/0.0567, CycMeas=0.1155, PriorBnd post/prior=5.03e-03/1.21e-04 | Best 0.1116 | Patience 1/40
 >> Epoch 010 | Train Total=0.4738 | Val post/prior Total=1.2554/0.8338, Recon post/prior=0.7037/0.6856, KL=3.8719, CycSim post/prior=0.0876/0.0532, CycMeas=0.1018, PriorBnd post/prior=3.90e-03/1.12e-04 | Best 0.1116 | Patience 2/40
[Update] best val_cyc_meas improved to 0.101779 @ epoch 10
 >> Epoch 011 | Train Total=0.4720 | Val post/prior Total=1.0656/0.8310, Recon post/prior=0.6938/0.6828, KL=2.4852, CycSim post/prior=0.0873/0.0537, CycMeas=0.1009, PriorBnd post/prior=1.81e-03/1.18e-04 | Best 0.1018 | Patience 1/40
[Update] best val_cyc_meas improved to 0.100908 @ epoch 11
 >> Epoch 012 | Train Total=0.4687 | Val post/prior Total=0.8599/0.8307, Recon post/prior=0.6912/0.6827, KL=0.5737, CycSim post/prior=0.0840/0.0529, CycMeas=0.1020, PriorBnd post/prior=1.65e-03/9.37e-05 | Best 0.1009 | Patience 1/40
 >> Epoch 013 | Train Total=0.4671 | Val post/prior Total=0.8557/0.8378, Recon post/prior=0.6895/0.6807, KL=0.5642, CycSim post/prior=0.0827/0.0542, CycMeas=0.1114, PriorBnd post/prior=1.39e-03/9.17e-05 | Best 0.1009 | Patience 2/40
 >> Epoch 014 | Train Total=0.4642 | Val post/prior Total=0.8408/0.8299, Recon post/prior=0.6839/0.6756, KL=0.4054, CycSim post/prior=0.0881/0.0569, CycMeas=0.1038, PriorBnd post/prior=1.35e-03/7.80e-05 | Best 0.1009 | Patience 3/40
 >> Epoch 015 | Train Total=0.4614 | Val post/prior Total=0.8365/0.8559, Recon post/prior=0.6848/0.6764, KL=0.2991, CycSim post/prior=0.0886/0.0616, CycMeas=0.1283, PriorBnd post/prior=1.51e-03/8.86e-05 | Best 0.1009 | Patience 4/40
 >> Epoch 016 | Train Total=0.4586 | Val post/prior Total=0.8035/0.8170, Recon post/prior=0.6762/0.6692, KL=0.2515, CycSim post/prior=0.0799/0.0490, CycMeas=0.1074, PriorBnd post/prior=9.18e-04/8.72e-05 | Best 0.1009 | Patience 5/40
 >> Epoch 017 | Train Total=0.4570 | Val post/prior Total=0.7845/0.8124, Recon post/prior=0.6724/0.6674, KL=0.1472, CycSim post/prior=0.0783/0.0482, CycMeas=0.1050, PriorBnd post/prior=3.64e-04/8.05e-05 | Best 0.1009 | Patience 6/40
 >> Epoch 018 | Train Total=0.4572 | Val post/prior Total=0.7866/0.8089, Recon post/prior=0.6733/0.6667, KL=0.1638, CycSim post/prior=0.0763/0.0474, CycMeas=0.1027, PriorBnd post/prior=9.82e-04/6.94e-05 | Best 0.1009 | Patience 7/40
 >> Epoch 019 | Train Total=0.4540 | Val post/prior Total=0.7854/0.8161, Recon post/prior=0.6720/0.6670, KL=0.1360, CycSim post/prior=0.0802/0.0538, CycMeas=0.1018, PriorBnd post/prior=6.09e-04/7.22e-05 | Best 0.1009 | Patience 8/40
 >> Epoch 020 | Train Total=0.4542 | Val post/prior Total=0.7824/0.8021, Recon post/prior=0.6698/0.6610, KL=0.0765, CycSim post/prior=0.0768/0.0490, CycMeas=0.0988, PriorBnd post/prior=1.39e-03/9.64e-05 | Best 0.1009 | Patience 9/40
[Update] best val_cyc_meas improved to 0.098805 @ epoch 20
 >> Epoch 021 | Train Total=0.4530 | Val post/prior Total=0.7722/0.8072, Recon post/prior=0.6659/0.6604, KL=0.0944, CycSim post/prior=0.0765/0.0494, CycMeas=0.1055, PriorBnd post/prior=7.40e-04/6.79e-05 | Best 0.0988 | Patience 1/40
 >> Epoch 022 | Train Total=0.4512 | Val post/prior Total=0.7659/0.8074, Recon post/prior=0.6642/0.6599, KL=0.0450, CycSim post/prior=0.0780/0.0543, CycMeas=0.0990, PriorBnd post/prior=4.34e-04/8.13e-05 | Best 0.0988 | Patience 2/40
 >> Epoch 023 | Train Total=0.4500 | Val post/prior Total=0.7653/0.8141, Recon post/prior=0.6617/0.6575, KL=0.0529, CycSim post/prior=0.0791/0.0530, CycMeas=0.1123, PriorBnd post/prior=3.65e-04/6.34e-05 | Best 0.0988 | Patience 3/40
 >> Epoch 024 | Train Total=0.4483 | Val post/prior Total=0.7619/0.8075, Recon post/prior=0.6604/0.6566, KL=0.0355, CycSim post/prior=0.0790/0.0543, CycMeas=0.1033, PriorBnd post/prior=3.10e-04/6.77e-05 | Best 0.0988 | Patience 4/40
 >> Epoch 025 | Train Total=0.4481 | Val post/prior Total=0.7567/0.7969, Recon post/prior=0.6579/0.6528, KL=0.0529, CycSim post/prior=0.0748/0.0489, CycMeas=0.1028, PriorBnd post/prior=5.38e-04/7.18e-05 | Best 0.0988 | Patience 5/40
 >> Epoch 026 | Train Total=0.4474 | Val post/prior Total=0.7506/0.7884, Recon post/prior=0.6546/0.6494, KL=0.0565, CycSim post/prior=0.0717/0.0460, CycMeas=0.1008, PriorBnd post/prior=7.21e-04/7.06e-05 | Best 0.0988 | Patience 6/40
 >> Epoch 027 | Train Total=0.4474 | Val post/prior Total=0.7542/0.8065, Recon post/prior=0.6584/0.6554, KL=0.0340, CycSim post/prior=0.0745/0.0533, CycMeas=0.1050, PriorBnd post/prior=1.77e-04/5.64e-05 | Best 0.0988 | Patience 7/40
 >> Epoch 028 | Train Total=0.4463 | Val post/prior Total=0.7435/0.7763, Recon post/prior=0.6493/0.6430, KL=0.0443, CycSim post/prior=0.0706/0.0419, CycMeas=0.0994, PriorBnd post/prior=8.29e-04/7.78e-05 | Best 0.0988 | Patience 8/40
 >> Epoch 029 | Train Total=0.4461 | Val post/prior Total=0.7371/0.7761, Recon post/prior=0.6458/0.6414, KL=0.0380, CycSim post/prior=0.0700/0.0433, CycMeas=0.0991, PriorBnd post/prior=2.66e-04/7.48e-05 | Best 0.0988 | Patience 9/40
 >> Epoch 030 | Train Total=0.4445 | Val post/prior Total=0.7355/0.7763, Recon post/prior=0.6445/0.6393, KL=0.0419, CycSim post/prior=0.0692/0.0432, CycMeas=0.1020, PriorBnd post/prior=3.85e-04/9.04e-05 | Best 0.0988 | Patience 10/40
 >> Epoch 031 | Train Total=0.4447 | Val post/prior Total=0.7314/0.7724, Recon post/prior=0.6436/0.6381, KL=0.0355, CycSim post/prior=0.0669/0.0420, CycMeas=0.1004, PriorBnd post/prior=4.62e-04/6.92e-05 | Best 0.0988 | Patience 11/40
 >> Epoch 032 | Train Total=0.4429 | Val post/prior Total=0.7330/0.7790, Recon post/prior=0.6438/0.6399, KL=0.0337, CycSim post/prior=0.0687/0.0460, CycMeas=0.1006, PriorBnd post/prior=2.25e-04/7.34e-05 | Best 0.0988 | Patience 12/40
 >> Epoch 033 | Train Total=0.4426 | Val post/prior Total=0.7535/0.8133, Recon post/prior=0.6523/0.6498, KL=0.0499, CycSim post/prior=0.0776/0.0599, CycMeas=0.1104, PriorBnd post/prior=1.43e-04/7.88e-05 | Best 0.0988 | Patience 13/40
 >> Epoch 034 | Train Total=0.4429 | Val post/prior Total=0.7272/0.7662, Recon post/prior=0.6390/0.6338, KL=0.0331, CycSim post/prior=0.0677/0.0411, CycMeas=0.0993, PriorBnd post/prior=3.08e-04/7.64e-05 | Best 0.0988 | Patience 14/40
 >> Epoch 035 | Train Total=0.4437 | Val post/prior Total=0.7260/0.7660, Recon post/prior=0.6382/0.6330, KL=0.0321, CycSim post/prior=0.0672/0.0418, CycMeas=0.0990, PriorBnd post/prior=4.25e-04/7.51e-05 | Best 0.0988 | Patience 15/40
 >> Epoch 036 | Train Total=0.4431 | Val post/prior Total=0.7262/0.7701, Recon post/prior=0.6385/0.6339, KL=0.0317, CycSim post/prior=0.0672/0.0439, CycMeas=0.0999, PriorBnd post/prior=4.95e-04/7.39e-05 | Best 0.0988 | Patience 16/40
 >> Epoch 037 | Train Total=0.4432 | Val post/prior Total=0.7252/0.7676, Recon post/prior=0.6372/0.6322, KL=0.0315, CycSim post/prior=0.0675/0.0431, CycMeas=0.1001, PriorBnd post/prior=3.94e-04/7.81e-05 | Best 0.0988 | Patience 17/40
 >> Epoch 038 | Train Total=0.4433 | Val post/prior Total=0.7191/0.7626, Recon post/prior=0.6348/0.6306, KL=0.0298, CycSim post/prior=0.0648/0.0408, CycMeas=0.0992, PriorBnd post/prior=1.66e-04/8.17e-05 | Best 0.0988 | Patience 18/40
 >> Epoch 039 | Train Total=0.4431 | Val post/prior Total=0.7209/0.7669, Recon post/prior=0.6340/0.6289, KL=0.0319, CycSim post/prior=0.0666/0.0435, CycMeas=0.1028, PriorBnd post/prior=3.70e-04/7.75e-05 | Best 0.0988 | Patience 19/40
 >> Epoch 040 | Train Total=0.4422 | Val post/prior Total=0.7227/0.7707, Recon post/prior=0.6358/0.6321, KL=0.0269, CycSim post/prior=0.0673/0.0462, CycMeas=0.0995, PriorBnd post/prior=1.74e-04/6.60e-05 | Best 0.0988 | Patience 20/40
 >> Epoch 041 | Train Total=0.4433 | Val post/prior Total=0.7225/0.7656, Recon post/prior=0.6329/0.6283, KL=0.0294, CycSim post/prior=0.0691/0.0439, CycMeas=0.1012, PriorBnd post/prior=3.24e-04/7.34e-05 | Best 0.0988 | Patience 21/40
 >> Epoch 042 | Train Total=0.4426 | Val post/prior Total=0.7177/0.7663, Recon post/prior=0.6327/0.6284, KL=0.0276, CycSim post/prior=0.0656/0.0443, CycMeas=0.1014, PriorBnd post/prior=2.93e-04/8.13e-05 | Best 0.0988 | Patience 22/40
 >> Epoch 043 | Train Total=0.4428 | Val post/prior Total=0.7134/0.7645, Recon post/prior=0.6316/0.6278, KL=0.0257, CycSim post/prior=0.0630/0.0408, CycMeas=0.1053, PriorBnd post/prior=2.95e-04/6.46e-05 | Best 0.0988 | Patience 23/40
 >> Epoch 044 | Train Total=0.4444 | Val post/prior Total=0.7201/0.7700, Recon post/prior=0.6344/0.6308, KL=0.0237, CycSim post/prior=0.0667/0.0476, CycMeas=0.0984, PriorBnd post/prior=1.22e-04/6.49e-05 | Best 0.0988 | Patience 24/40
[Update] best val_cyc_meas improved to 0.098373 @ epoch 44
 >> Epoch 045 | Train Total=0.4435 | Val post/prior Total=0.7127/0.7564, Recon post/prior=0.6295/0.6253, KL=0.0272, CycSim post/prior=0.0641/0.0401, CycMeas=0.0990, PriorBnd post/prior=2.12e-04/7.86e-05 | Best 0.0984 | Patience 1/40
 >> Epoch 046 | Train Total=0.4442 | Val post/prior Total=0.7085/0.7577, Recon post/prior=0.6288/0.6248, KL=0.0261, CycSim post/prior=0.0611/0.0406, CycMeas=0.1006, PriorBnd post/prior=2.79e-04/7.08e-05 | Best 0.0984 | Patience 2/40
 >> Epoch 047 | Train Total=0.4427 | Val post/prior Total=0.7080/0.7543, Recon post/prior=0.6285/0.6240, KL=0.0261, CycSim post/prior=0.0609/0.0399, CycMeas=0.0983, PriorBnd post/prior=3.66e-04/7.23e-05 | Best 0.0984 | Patience 3/40
[Update] best val_cyc_meas improved to 0.098335 @ epoch 47
 >> Epoch 048 | Train Total=0.4443 | Val post/prior Total=0.7119/0.7562, Recon post/prior=0.6282/0.6238, KL=0.0255, CycSim post/prior=0.0647/0.0414, CycMeas=0.0989, PriorBnd post/prior=1.08e-04/6.77e-05 | Best 0.0983 | Patience 1/40
 >> Epoch 049 | Train Total=0.4437 | Val post/prior Total=0.7116/0.7548, Recon post/prior=0.6267/0.6220, KL=0.0243, CycSim post/prior=0.0657/0.0412, CycMeas=0.0994, PriorBnd post/prior=2.34e-04/8.59e-05 | Best 0.0983 | Patience 2/40
 >> Epoch 050 | Train Total=0.4449 | Val post/prior Total=0.7247/0.7784, Recon post/prior=0.6339/0.6305, KL=0.0219, CycSim post/prior=0.0707/0.0521, CycMeas=0.1024, PriorBnd post/prior=4.06e-04/6.43e-05 | Best 0.0983 | Patience 3/40
 >> Epoch 051 | Train Total=0.4468 | Val post/prior Total=0.7110/0.7554, Recon post/prior=0.6262/0.6218, KL=0.0251, CycSim post/prior=0.0656/0.0421, CycMeas=0.0993, PriorBnd post/prior=2.71e-04/7.71e-05 | Best 0.0983 | Patience 4/40
 >> Epoch 052 | Train Total=0.4461 | Val post/prior Total=0.7053/0.7495, Recon post/prior=0.6245/0.6195, KL=0.0262, CycSim post/prior=0.0621/0.0387, CycMeas=0.0997, PriorBnd post/prior=2.11e-04/8.02e-05 | Best 0.0983 | Patience 5/40
 >> Epoch 053 | Train Total=0.4459 | Val post/prior Total=0.7042/0.7481, Recon post/prior=0.6236/0.6192, KL=0.0251, CycSim post/prior=0.0620/0.0390, CycMeas=0.0979, PriorBnd post/prior=1.89e-04/8.03e-05 | Best 0.0983 | Patience 6/40
[Update] best val_cyc_meas improved to 0.097909 @ epoch 53
 >> Epoch 054 | Train Total=0.4467 | Val post/prior Total=0.7027/0.7470, Recon post/prior=0.6227/0.6182, KL=0.0242, CycSim post/prior=0.0616/0.0376, CycMeas=0.0999, PriorBnd post/prior=1.50e-04/7.53e-05 | Best 0.0979 | Patience 1/40
 >> Epoch 055 | Train Total=0.4460 | Val post/prior Total=0.7052/0.7528, Recon post/prior=0.6245/0.6204, KL=0.0220, CycSim post/prior=0.0624/0.0416, CycMeas=0.0986, PriorBnd post/prior=1.77e-04/6.96e-05 | Best 0.0979 | Patience 2/40
 >> Epoch 056 | Train Total=0.4474 | Val post/prior Total=0.7047/0.7542, Recon post/prior=0.6251/0.6218, KL=0.0235, CycSim post/prior=0.0614/0.0411, CycMeas=0.0994, PriorBnd post/prior=1.28e-04/6.68e-05 | Best 0.0979 | Patience 3/40
 >> Epoch 057 | Train Total=0.4486 | Val post/prior Total=0.7080/0.7569, Recon post/prior=0.6250/0.6212, KL=0.0236, CycSim post/prior=0.0641/0.0430, CycMeas=0.1006, PriorBnd post/prior=2.80e-04/7.28e-05 | Best 0.0979 | Patience 4/40
 >> Epoch 058 | Train Total=0.4487 | Val post/prior Total=0.7011/0.7467, Recon post/prior=0.6228/0.6180, KL=0.0217, CycSim post/prior=0.0602/0.0390, CycMeas=0.0976, PriorBnd post/prior=3.56e-04/8.17e-05 | Best 0.0979 | Patience 5/40
[Update] best val_cyc_meas improved to 0.097620 @ epoch 58
 >> Epoch 059 | Train Total=0.4490 | Val post/prior Total=0.7054/0.7519, Recon post/prior=0.6235/0.6193, KL=0.0207, CycSim post/prior=0.0634/0.0416, CycMeas=0.0987, PriorBnd post/prior=2.11e-04/7.59e-05 | Best 0.0976 | Patience 1/40
 >> Epoch 060 | Train Total=0.4500 | Val post/prior Total=0.7013/0.7506, Recon post/prior=0.6238/0.6196, KL=0.0226, CycSim post/prior=0.0595/0.0391, CycMeas=0.1005, PriorBnd post/prior=2.80e-04/6.91e-05 | Best 0.0976 | Patience 2/40
 >> Epoch 061 | Train Total=0.4519 | Val post/prior Total=0.7004/0.7510, Recon post/prior=0.6235/0.6201, KL=0.0214, CycSim post/prior=0.0593/0.0402, CycMeas=0.0986, PriorBnd post/prior=1.56e-04/7.08e-05 | Best 0.0976 | Patience 3/40
 >> Epoch 062 | Train Total=0.4505 | Val post/prior Total=0.7058/0.7538, Recon post/prior=0.6246/0.6208, KL=0.0228, CycSim post/prior=0.0627/0.0424, CycMeas=0.0981, PriorBnd post/prior=2.82e-04/7.44e-05 | Best 0.0976 | Patience 4/40
 >> Epoch 063 | Train Total=0.4505 | Val post/prior Total=0.7008/0.7497, Recon post/prior=0.6227/0.6188, KL=0.0222, CycSim post/prior=0.0601/0.0394, CycMeas=0.0999, PriorBnd post/prior=2.72e-04/7.08e-05 | Best 0.0976 | Patience 5/40
 >> Epoch 064 | Train Total=0.4510 | Val post/prior Total=0.6977/0.7447, Recon post/prior=0.6207/0.6167, KL=0.0220, CycSim post/prior=0.0593/0.0376, CycMeas=0.0989, PriorBnd post/prior=1.70e-04/7.55e-05 | Best 0.0976 | Patience 6/40
 >> Epoch 065 | Train Total=0.4535 | Val post/prior Total=0.7001/0.7483, Recon post/prior=0.6224/0.6184, KL=0.0235, CycSim post/prior=0.0598/0.0394, CycMeas=0.0987, PriorBnd post/prior=1.74e-04/7.82e-05 | Best 0.0976 | Patience 7/40
 >> Epoch 066 | Train Total=0.4512 | Val post/prior Total=0.6993/0.7476, Recon post/prior=0.6221/0.6181, KL=0.0215, CycSim post/prior=0.0595/0.0391, CycMeas=0.0985, PriorBnd post/prior=1.56e-04/7.56e-05 | Best 0.0976 | Patience 8/40
 >> Epoch 067 | Train Total=0.4526 | Val post/prior Total=0.7088/0.7585, Recon post/prior=0.6248/0.6213, KL=0.0222, CycSim post/prior=0.0652/0.0460, CycMeas=0.0980, PriorBnd post/prior=8.35e-05/7.83e-05 | Best 0.0976 | Patience 9/40
 >> Epoch 068 | Train Total=0.4555 | Val post/prior Total=0.7025/0.7547, Recon post/prior=0.6236/0.6203, KL=0.0201, CycSim post/prior=0.0611/0.0434, CycMeas=0.0985, PriorBnd post/prior=1.36e-04/6.93e-05 | Best 0.0976 | Patience 10/40
 >> Epoch 069 | Train Total=0.4552 | Val post/prior Total=0.6997/0.7441, Recon post/prior=0.6203/0.6157, KL=0.0217, CycSim post/prior=0.0613/0.0383, CycMeas=0.0982, PriorBnd post/prior=2.33e-04/7.48e-05 | Best 0.0976 | Patience 11/40
 >> Epoch 070 | Train Total=0.4565 | Val post/prior Total=0.6980/0.7480, Recon post/prior=0.6209/0.6174, KL=0.0218, CycSim post/prior=0.0594/0.0390, CycMeas=0.1001, PriorBnd post/prior=1.04e-04/7.59e-05 | Best 0.0976 | Patience 12/40
 >> Epoch 071 | Train Total=0.4556 | Val post/prior Total=0.7009/0.7440, Recon post/prior=0.6204/0.6152, KL=0.0215, CycSim post/prior=0.0619/0.0386, CycMeas=0.0984, PriorBnd post/prior=3.93e-04/8.15e-05 | Best 0.0976 | Patience 13/40
 >> Epoch 072 | Train Total=0.4572 | Val post/prior Total=0.6978/0.7431, Recon post/prior=0.6188/0.6139, KL=0.0219, CycSim post/prior=0.0608/0.0380, CycMeas=0.0996, PriorBnd post/prior=2.82e-04/8.08e-05 | Best 0.0976 | Patience 14/40
 >> Epoch 073 | Train Total=0.4577 | Val post/prior Total=0.6980/0.7454, Recon post/prior=0.6202/0.6162, KL=0.0201, CycSim post/prior=0.0601/0.0393, CycMeas=0.0979, PriorBnd post/prior=1.47e-04/7.29e-05 | Best 0.0976 | Patience 15/40
 >> Epoch 074 | Train Total=0.4593 | Val post/prior Total=0.6971/0.7448, Recon post/prior=0.6205/0.6165, KL=0.0201, CycSim post/prior=0.0591/0.0380, CycMeas=0.0986, PriorBnd post/prior=1.74e-04/7.80e-05 | Best 0.0976 | Patience 16/40
 >> Epoch 075 | Train Total=0.4590 | Val post/prior Total=0.6982/0.7446, Recon post/prior=0.6214/0.6170, KL=0.0222, CycSim post/prior=0.0591/0.0378, CycMeas=0.0980, PriorBnd post/prior=2.37e-04/7.38e-05 | Best 0.0976 | Patience 17/40
 >> Epoch 076 | Train Total=0.4603 | Val post/prior Total=0.6965/0.7426, Recon post/prior=0.6186/0.6139, KL=0.0230, CycSim post/prior=0.0596/0.0366, CycMeas=0.1011, PriorBnd post/prior=3.73e-04/8.13e-05 | Best 0.0976 | Patience 18/40
 >> Epoch 077 | Train Total=0.4609 | Val post/prior Total=0.7569/0.8156, Recon post/prior=0.6425/0.6402, KL=0.0366, CycSim post/prior=0.0898/0.0754, CycMeas=0.1025, PriorBnd post/prior=1.40e-04/6.57e-05 | Best 0.0976 | Patience 19/40
 >> Epoch 078 | Train Total=0.4613 | Val post/prior Total=0.7253/0.7808, Recon post/prior=0.6313/0.6289, KL=0.0256, CycSim post/prior=0.0734/0.0578, CycMeas=0.0990, PriorBnd post/prior=1.64e-04/6.33e-05 | Best 0.0976 | Patience 20/40
 >> Epoch 079 | Train Total=0.4632 | Val post/prior Total=0.7002/0.7508, Recon post/prior=0.6209/0.6175, KL=0.0200, CycSim post/prior=0.0615/0.0424, CycMeas=0.0985, PriorBnd post/prior=1.24e-04/6.78e-05 | Best 0.0976 | Patience 21/40
 >> Epoch 080 | Train Total=0.4643 | Val post/prior Total=0.6966/0.7436, Recon post/prior=0.6187/0.6150, KL=0.0211, CycSim post/prior=0.0601/0.0379, CycMeas=0.0991, PriorBnd post/prior=1.29e-04/7.84e-05 | Best 0.0976 | Patience 22/40
 >> Epoch 081 | Train Total=0.4653 | Val post/prior Total=0.6987/0.7428, Recon post/prior=0.6186/0.6131, KL=0.0230, CycSim post/prior=0.0612/0.0372, CycMeas=0.1015, PriorBnd post/prior=5.27e-04/8.25e-05 | Best 0.0976 | Patience 23/40
 >> Epoch 082 | Train Total=0.4642 | Val post/prior Total=0.7722/0.8384, Recon post/prior=0.6513/0.6503, KL=0.0433, CycSim post/prior=0.0948/0.0824, CycMeas=0.1080, PriorBnd post/prior=7.72e-05/6.56e-05 | Best 0.0976 | Patience 24/40
 >> Epoch 083 | Train Total=0.4662 | Val post/prior Total=0.7080/0.7616, Recon post/prior=0.6247/0.6214, KL=0.0191, CycSim post/prior=0.0650/0.0482, CycMeas=0.0986, PriorBnd post/prior=1.45e-04/7.03e-05 | Best 0.0976 | Patience 25/40
 >> Epoch 084 | Train Total=0.4661 | Val post/prior Total=0.6948/0.7447, Recon post/prior=0.6197/0.6157, KL=0.0208, CycSim post/prior=0.0577/0.0391, CycMeas=0.0978, PriorBnd post/prior=1.86e-04/7.29e-05 | Best 0.0976 | Patience 26/40
 >> Epoch 085 | Train Total=0.4685 | Val post/prior Total=0.6960/0.7449, Recon post/prior=0.6186/0.6145, KL=0.0218, CycSim post/prior=0.0596/0.0385, CycMeas=0.1005, PriorBnd post/prior=1.83e-04/7.49e-05 | Best 0.0976 | Patience 27/40
 >> Epoch 086 | Train Total=0.4678 | Val post/prior Total=0.6972/0.7419, Recon post/prior=0.6191/0.6144, KL=0.0210, CycSim post/prior=0.0600/0.0376, CycMeas=0.0983, PriorBnd post/prior=3.94e-04/7.65e-05 | Best 0.0976 | Patience 28/40
 >> Epoch 087 | Train Total=0.4685 | Val post/prior Total=0.6981/0.7434, Recon post/prior=0.6180/0.6135, KL=0.0213, CycSim post/prior=0.0619/0.0397, CycMeas=0.0981, PriorBnd post/prior=1.29e-04/7.69e-05 | Best 0.0976 | Patience 29/40
 >> Epoch 088 | Train Total=0.4701 | Val post/prior Total=0.7018/0.7425, Recon post/prior=0.6176/0.6124, KL=0.0227, CycSim post/prior=0.0649/0.0381, CycMeas=0.1005, PriorBnd post/prior=2.95e-04/8.90e-05 | Best 0.0976 | Patience 30/40
 >> Epoch 089 | Train Total=0.4708 | Val post/prior Total=0.7017/0.7513, Recon post/prior=0.6214/0.6175, KL=0.0214, CycSim post/prior=0.0622/0.0420, CycMeas=0.0997, PriorBnd post/prior=2.38e-04/8.03e-05 | Best 0.0976 | Patience 31/40
 >> Epoch 090 | Train Total=0.4722 | Val post/prior Total=0.6969/0.7447, Recon post/prior=0.6191/0.6150, KL=0.0214, CycSim post/prior=0.0599/0.0391, CycMeas=0.0987, PriorBnd post/prior=1.57e-04/7.24e-05 | Best 0.0976 | Patience 32/40
 >> Epoch 091 | Train Total=0.4715 | Val post/prior Total=0.7278/0.7856, Recon post/prior=0.6307/0.6282, KL=0.0200, CycSim post/prior=0.0765/0.0621, CycMeas=0.0994, PriorBnd post/prior=1.67e-04/5.91e-05 | Best 0.0976 | Patience 33/40
 >> Epoch 092 | Train Total=0.4723 | Val post/prior Total=0.7034/0.7530, Recon post/prior=0.6200/0.6165, KL=0.0241, CycSim post/prior=0.0645/0.0426, CycMeas=0.1021, PriorBnd post/prior=1.74e-04/8.04e-05 | Best 0.0976 | Patience 34/40
 >> Epoch 093 | Train Total=0.4735 | Val post/prior Total=0.6971/0.7425, Recon post/prior=0.6195/0.6151, KL=0.0221, CycSim post/prior=0.0598/0.0374, CycMeas=0.0985, PriorBnd post/prior=1.86e-04/7.82e-05 | Best 0.0976 | Patience 35/40
 >> Epoch 094 | Train Total=0.4760 | Val post/prior Total=0.6965/0.7432, Recon post/prior=0.6185/0.6143, KL=0.0212, CycSim post/prior=0.0601/0.0386, CycMeas=0.0984, PriorBnd post/prior=2.39e-04/7.78e-05 | Best 0.0976 | Patience 36/40
 >> Epoch 095 | Train Total=0.4750 | Val post/prior Total=0.7144/0.7685, Recon post/prior=0.6278/0.6246, KL=0.0211, CycSim post/prior=0.0677/0.0517, CycMeas=0.0980, PriorBnd post/prior=8.89e-05/6.25e-05 | Best 0.0976 | Patience 37/40
 >> Epoch 096 | Train Total=0.4760 | Val post/prior Total=0.6985/0.7402, Recon post/prior=0.6181/0.6130, KL=0.0240, CycSim post/prior=0.0618/0.0377, CycMeas=0.0976, PriorBnd post/prior=2.86e-04/8.08e-05 | Best 0.0976 | Patience 38/40
 >> Epoch 097 | Train Total=0.4766 | Val post/prior Total=0.7067/0.7571, Recon post/prior=0.6222/0.6186, KL=0.0220, CycSim post/prior=0.0656/0.0461, CycMeas=0.0995, PriorBnd post/prior=1.60e-04/7.19e-05 | Best 0.0976 | Patience 39/40
 >> Epoch 098 | Train Total=0.4777 | Val post/prior Total=0.6956/0.7403, Recon post/prior=0.6178/0.6137, KL=0.0224, CycSim post/prior=0.0598/0.0369, CycMeas=0.0981, PriorBnd post/prior=2.00e-04/8.24e-05 | Best 0.0976 | Patience 40/40
[EarlyStop] at epoch 98
[Diag] Start to calcaulte diag in test preocess... 
[Diag] wrote 28930 rows to temp_Bidi_cvae\cvae_20251105-021809\diag_test.csv
[Diag] proxy_floor_ps  P50=0.0095  P90=0.0228  P95=0.0348  P99=0.2440
[Test] prior total=0.745661 | prior recon=0.617627 | kl=0.014912 | prior cyc_sim=0.038056 | cyc_meas=0.098280 | prior_l2=0.374210 | prior_bnd=0.000031 | 
