[log] tee initialized at 2025-11-05 01:28:55 -> temp_Bidi_cvae\cvae_20251105-012855\train.log
[L_trust] using 20000 ref rows from temp_Bidi_cvae\proxy\proxy_Ytr_norm.npy
 >> Epoch 001 | Train Total=98.6550 | Val post/prior Total=48183898.1494/1.1080, Recon post/prior=18.2131/0.7873, KL=480746641.7541, CycSim post/prior=0.1759/0.1324, CycMeas=0.1991, PriorBnd post/prior=5.49e+00/1.35e-03 | Best inf | Patience 1/40
[Update] best val_cyc_meas improved to 0.199128 @ epoch 1
 >> Epoch 002 | Train Total=0.5412 | Val post/prior Total=3593.3077/1.0038, Recon post/prior=1.2174/0.7479, KL=35170.9327, CycSim post/prior=0.1390/0.0959, CycMeas=0.1734, PriorBnd post/prior=1.11e-01/4.34e-04 | Best 0.1991 | Patience 1/40
[Update] best val_cyc_meas improved to 0.173388 @ epoch 2
 >> Epoch 003 | Train Total=0.4274 | Val post/prior Total=697.3785/0.9672, Recon post/prior=0.7819/0.7344, KL=6958.5988, CycSim post/prior=0.1307/0.0909, CycMeas=0.1518, PriorBnd post/prior=1.23e-02/2.76e-04 | Best 0.1734 | Patience 1/40
[Update] best val_cyc_meas improved to 0.151820 @ epoch 3
 >> Epoch 004 | Train Total=0.3922 | Val post/prior Total=184.3877/0.9204, Recon post/prior=0.9080/0.7228, KL=1683.5946, CycSim post/prior=0.1142/0.0685, CycMeas=0.1411, PriorBnd post/prior=6.01e-02/2.82e-04 | Best 0.1518 | Patience 1/40
[Update] best val_cyc_meas improved to 0.141056 @ epoch 4
 >> Epoch 005 | Train Total=0.3738 | Val post/prior Total=4.8211/0.9163, Recon post/prior=0.7329/0.7215, KL=39.3374, CycSim post/prior=0.1116/0.0768, CycMeas=0.1255, PriorBnd post/prior=1.63e-03/1.71e-04 | Best 0.1411 | Patience 1/40
[Update] best val_cyc_meas improved to 0.125468 @ epoch 5
 >> Epoch 006 | Train Total=0.3624 | Val post/prior Total=17.5006/0.8952, Recon post/prior=0.7519/0.7118, KL=160.7814, CycSim post/prior=0.1039/0.0630, CycMeas=0.1313, PriorBnd post/prior=9.26e-03/1.97e-04 | Best 0.1255 | Patience 1/40
 >> Epoch 007 | Train Total=0.3529 | Val post/prior Total=1.2276/0.8988, Recon post/prior=0.7178/0.7087, KL=3.7742, CycSim post/prior=0.1020/0.0675, CycMeas=0.1332, PriorBnd post/prior=1.52e-03/1.44e-04 | Best 0.1255 | Patience 2/40
 >> Epoch 008 | Train Total=0.3468 | Val post/prior Total=2.4144/0.8715, Recon post/prior=0.7229/0.7062, KL=15.2535, CycSim post/prior=0.0941/0.0612, CycMeas=0.1115, PriorBnd post/prior=2.68e-03/1.20e-04 | Best 0.1255 | Patience 3/40
[Update] best val_cyc_meas improved to 0.111493 @ epoch 8
 >> Epoch 009 | Train Total=0.3425 | Val post/prior Total=1.9168/0.8696, Recon post/prior=0.7276/0.7038, KL=8.9375, CycSim post/prior=0.0939/0.0596, CycMeas=0.1144, PriorBnd post/prior=5.58e-03/1.10e-04 | Best 0.1115 | Patience 1/40
 >> Epoch 010 | Train Total=0.3382 | Val post/prior Total=1.3230/0.8501, Recon post/prior=0.7187/0.6992, KL=4.2573, CycSim post/prior=0.0909/0.0550, CycMeas=0.1026, PriorBnd post/prior=4.26e-03/1.10e-04 | Best 0.1115 | Patience 2/40
[Update] best val_cyc_meas improved to 0.102556 @ epoch 10
 >> Epoch 011 | Train Total=0.3367 | Val post/prior Total=1.1305/0.8465, Recon post/prior=0.7096/0.6971, KL=2.8935, CycSim post/prior=0.0901/0.0551, CycMeas=0.1005, PriorBnd post/prior=2.25e-03/1.13e-04 | Best 0.1026 | Patience 1/40
[Update] best val_cyc_meas improved to 0.100451 @ epoch 11
 >> Epoch 012 | Train Total=0.3340 | Val post/prior Total=0.8835/0.8492, Recon post/prior=0.7061/0.6973, KL=0.6133, CycSim post/prior=0.0877/0.0556, CycMeas=0.1029, PriorBnd post/prior=1.69e-03/8.60e-05 | Best 0.1005 | Patience 1/40
 >> Epoch 013 | Train Total=0.3331 | Val post/prior Total=0.8804/0.8571, Recon post/prior=0.7052/0.6957, KL=0.5889, CycSim post/prior=0.0864/0.0565, CycMeas=0.1134, PriorBnd post/prior=1.54e-03/7.64e-05 | Best 0.1005 | Patience 2/40
 >> Epoch 014 | Train Total=0.3308 | Val post/prior Total=0.8664/0.8482, Recon post/prior=0.7004/0.6915, KL=0.4387, CycSim post/prior=0.0911/0.0593, CycMeas=0.1034, PriorBnd post/prior=1.51e-03/6.73e-05 | Best 0.1005 | Patience 3/40
 >> Epoch 015 | Train Total=0.3289 | Val post/prior Total=0.8648/0.8764, Recon post/prior=0.7017/0.6925, KL=0.3156, CycSim post/prior=0.0921/0.0644, CycMeas=0.1297, PriorBnd post/prior=1.71e-03/7.34e-05 | Best 0.1005 | Patience 4/40
 >> Epoch 016 | Train Total=0.3268 | Val post/prior Total=0.8253/0.8376, Recon post/prior=0.6932/0.6862, KL=0.2506, CycSim post/prior=0.0837/0.0519, CycMeas=0.1076, PriorBnd post/prior=9.97e-04/7.25e-05 | Best 0.1005 | Patience 5/40
 >> Epoch 017 | Train Total=0.3253 | Val post/prior Total=0.8062/0.8335, Recon post/prior=0.6901/0.6853, KL=0.1414, CycSim post/prior=0.0821/0.0502, CycMeas=0.1061, PriorBnd post/prior=3.86e-04/7.13e-05 | Best 0.1005 | Patience 6/40
 >> Epoch 018 | Train Total=0.3260 | Val post/prior Total=0.8081/0.8321, Recon post/prior=0.6918/0.6853, KL=0.1560, CycSim post/prior=0.0795/0.0501, CycMeas=0.1046, PriorBnd post/prior=9.90e-04/6.23e-05 | Best 0.1005 | Patience 7/40
 >> Epoch 019 | Train Total=0.3233 | Val post/prior Total=0.8061/0.8349, Recon post/prior=0.6904/0.6853, KL=0.1302, CycSim post/prior=0.0824/0.0543, CycMeas=0.1017, PriorBnd post/prior=7.26e-04/6.40e-05 | Best 0.1005 | Patience 8/40
 >> Epoch 020 | Train Total=0.3243 | Val post/prior Total=0.8095/0.8225, Recon post/prior=0.6903/0.6806, KL=0.0758, CycSim post/prior=0.0790/0.0499, CycMeas=0.0986, PriorBnd post/prior=1.62e-03/6.16e-05 | Best 0.1005 | Patience 9/40
[Update] best val_cyc_meas improved to 0.098573 @ epoch 20
 >> Epoch 021 | Train Total=0.3237 | Val post/prior Total=0.7958/0.8296, Recon post/prior=0.6861/0.6806, KL=0.0961, CycSim post/prior=0.0789/0.0511, CycMeas=0.1057, PriorBnd post/prior=8.26e-04/5.55e-05 | Best 0.0986 | Patience 1/40
 >> Epoch 022 | Train Total=0.3227 | Val post/prior Total=0.7891/0.8289, Recon post/prior=0.6853/0.6811, KL=0.0452, CycSim post/prior=0.0798/0.0545, CycMeas=0.0992, PriorBnd post/prior=5.33e-04/7.77e-05 | Best 0.0986 | Patience 2/40
 >> Epoch 023 | Train Total=0.3222 | Val post/prior Total=0.7920/0.8377, Recon post/prior=0.6837/0.6793, KL=0.0530, CycSim post/prior=0.0827/0.0561, CycMeas=0.1101, PriorBnd post/prior=5.26e-04/5.99e-05 | Best 0.0986 | Patience 3/40
 >> Epoch 024 | Train Total=0.3213 | Val post/prior Total=0.7854/0.8318, Recon post/prior=0.6822/0.6787, KL=0.0347, CycSim post/prior=0.0805/0.0556, CycMeas=0.1043, PriorBnd post/prior=3.60e-04/6.04e-05 | Best 0.0986 | Patience 4/40
 >> Epoch 025 | Train Total=0.3209 | Val post/prior Total=0.7876/0.8255, Recon post/prior=0.6809/0.6762, KL=0.0540, CycSim post/prior=0.0811/0.0532, CycMeas=0.1029, PriorBnd post/prior=5.52e-04/6.60e-05 | Best 0.0986 | Patience 5/40
 >> Epoch 026 | Train Total=0.3210 | Val post/prior Total=0.7780/0.8140, Recon post/prior=0.6774/0.6724, KL=0.0567, CycSim post/prior=0.0753/0.0479, CycMeas=0.1012, PriorBnd post/prior=7.79e-04/6.51e-05 | Best 0.0986 | Patience 6/40
 >> Epoch 027 | Train Total=0.3213 | Val post/prior Total=0.7768/0.8280, Recon post/prior=0.6808/0.6781, KL=0.0332, CycSim post/prior=0.0747/0.0531, CycMeas=0.1040, PriorBnd post/prior=2.23e-04/6.20e-05 | Best 0.0986 | Patience 7/40
 >> Epoch 028 | Train Total=0.3209 | Val post/prior Total=0.7707/0.8022, Recon post/prior=0.6729/0.6668, KL=0.0438, CycSim post/prior=0.0729/0.0438, CycMeas=0.0994, PriorBnd post/prior=9.34e-04/6.74e-05 | Best 0.0986 | Patience 8/40
 >> Epoch 029 | Train Total=0.3218 | Val post/prior Total=0.7652/0.8028, Recon post/prior=0.6692/0.6650, KL=0.0377, CycSim post/prior=0.0741/0.0454, CycMeas=0.1000, PriorBnd post/prior=2.99e-04/5.52e-05 | Best 0.0986 | Patience 9/40
 >> Epoch 030 | Train Total=0.3200 | Val post/prior Total=0.7645/0.8025, Recon post/prior=0.6686/0.6634, KL=0.0417, CycSim post/prior=0.0730/0.0454, CycMeas=0.1017, PriorBnd post/prior=5.08e-04/7.17e-05 | Best 0.0986 | Patience 10/40
 >> Epoch 031 | Train Total=0.3203 | Val post/prior Total=0.7609/0.8021, Recon post/prior=0.6681/0.6633, KL=0.0348, CycSim post/prior=0.0709/0.0446, CycMeas=0.1025, PriorBnd post/prior=5.64e-04/5.71e-05 | Best 0.0986 | Patience 11/40
 >> Epoch 032 | Train Total=0.3188 | Val post/prior Total=0.7600/0.8042, Recon post/prior=0.6683/0.6646, KL=0.0333, CycSim post/prior=0.0709/0.0469, CycMeas=0.1001, PriorBnd post/prior=3.06e-04/5.61e-05 | Best 0.0986 | Patience 12/40
 >> Epoch 033 | Train Total=0.3194 | Val post/prior Total=0.7828/0.8393, Recon post/prior=0.6756/0.6732, KL=0.0480, CycSim post/prior=0.0828/0.0637, CycMeas=0.1081, PriorBnd post/prior=1.65e-04/6.80e-05 | Best 0.0986 | Patience 13/40
 >> Epoch 034 | Train Total=0.3193 | Val post/prior Total=0.7554/0.7940, Recon post/prior=0.6634/0.6585, KL=0.0323, CycSim post/prior=0.0709/0.0437, CycMeas=0.0996, PriorBnd post/prior=3.71e-04/6.69e-05 | Best 0.0986 | Patience 14/40
 >> Epoch 035 | Train Total=0.3210 | Val post/prior Total=0.7561/0.7944, Recon post/prior=0.6628/0.6576, KL=0.0312, CycSim post/prior=0.0718/0.0451, CycMeas=0.0991, PriorBnd post/prior=5.91e-04/6.62e-05 | Best 0.0986 | Patience 15/40
 >> Epoch 036 | Train Total=0.3205 | Val post/prior Total=0.7570/0.7999, Recon post/prior=0.6634/0.6583, KL=0.0310, CycSim post/prior=0.0718/0.0471, CycMeas=0.1021, PriorBnd post/prior=6.90e-04/6.60e-05 | Best 0.0986 | Patience 16/40
 >> Epoch 037 | Train Total=0.3205 | Val post/prior Total=0.7559/0.7976, Recon post/prior=0.6625/0.6579, KL=0.0309, CycSim post/prior=0.0720/0.0466, CycMeas=0.1005, PriorBnd post/prior=4.36e-04/7.87e-05 | Best 0.0986 | Patience 17/40
 >> Epoch 038 | Train Total=0.3210 | Val post/prior Total=0.7486/0.7897, Recon post/prior=0.6590/0.6550, KL=0.0290, CycSim post/prior=0.0694/0.0438, CycMeas=0.0983, PriorBnd post/prior=2.27e-04/7.05e-05 | Best 0.0986 | Patience 18/40
[Update] best val_cyc_meas improved to 0.098345 @ epoch 38
 >> Epoch 039 | Train Total=0.3207 | Val post/prior Total=0.7531/0.7955, Recon post/prior=0.6590/0.6538, KL=0.0305, CycSim post/prior=0.0726/0.0464, CycMeas=0.1033, PriorBnd post/prior=5.01e-04/7.27e-05 | Best 0.0983 | Patience 1/40
 >> Epoch 040 | Train Total=0.3204 | Val post/prior Total=0.7507/0.7972, Recon post/prior=0.6603/0.6569, KL=0.0259, CycSim post/prior=0.0703/0.0479, CycMeas=0.0993, PriorBnd post/prior=2.76e-04/6.07e-05 | Best 0.0983 | Patience 2/40
 >> Epoch 041 | Train Total=0.3215 | Val post/prior Total=0.7533/0.7924, Recon post/prior=0.6575/0.6527, KL=0.0284, CycSim post/prior=0.0744/0.0464, CycMeas=0.1008, PriorBnd post/prior=4.24e-04/6.75e-05 | Best 0.0983 | Patience 3/40
 >> Epoch 042 | Train Total=0.3207 | Val post/prior Total=0.7491/0.7965, Recon post/prior=0.6579/0.6536, KL=0.0265, CycSim post/prior=0.0708/0.0459, CycMeas=0.1056, PriorBnd post/prior=4.34e-04/7.49e-05 | Best 0.0983 | Patience 4/40
 >> Epoch 043 | Train Total=0.3216 | Val post/prior Total=0.7421/0.7909, Recon post/prior=0.6567/0.6530, KL=0.0249, CycSim post/prior=0.0660/0.0437, CycMeas=0.1026, PriorBnd post/prior=4.69e-04/5.97e-05 | Best 0.0983 | Patience 5/40
 >> Epoch 044 | Train Total=0.3231 | Val post/prior Total=0.7499/0.7987, Recon post/prior=0.6592/0.6561, KL=0.0231, CycSim post/prior=0.0711/0.0497, CycMeas=0.0996, PriorBnd post/prior=1.21e-04/5.30e-05 | Best 0.0983 | Patience 6/40
 >> Epoch 045 | Train Total=0.3218 | Val post/prior Total=0.7405/0.7827, Recon post/prior=0.6535/0.6495, KL=0.0263, CycSim post/prior=0.0674/0.0416, CycMeas=0.0996, PriorBnd post/prior=2.57e-04/7.07e-05 | Best 0.0983 | Patience 7/40
 >> Epoch 046 | Train Total=0.3234 | Val post/prior Total=0.7393/0.7858, Recon post/prior=0.6538/0.6497, KL=0.0251, CycSim post/prior=0.0661/0.0432, CycMeas=0.1009, PriorBnd post/prior=3.32e-04/6.02e-05 | Best 0.0983 | Patience 8/40
 >> Epoch 047 | Train Total=0.3219 | Val post/prior Total=0.7385/0.7823, Recon post/prior=0.6534/0.6490, KL=0.0251, CycSim post/prior=0.0656/0.0425, CycMeas=0.0986, PriorBnd post/prior=4.23e-04/6.08e-05 | Best 0.0983 | Patience 9/40
 >> Epoch 048 | Train Total=0.3234 | Val post/prior Total=0.7426/0.7839, Recon post/prior=0.6531/0.6489, KL=0.0244, CycSim post/prior=0.0697/0.0437, CycMeas=0.0990, PriorBnd post/prior=1.35e-04/5.46e-05 | Best 0.0983 | Patience 10/40
 >> Epoch 049 | Train Total=0.3232 | Val post/prior Total=0.7428/0.7845, Recon post/prior=0.6513/0.6469, KL=0.0234, CycSim post/prior=0.0713/0.0444, CycMeas=0.1010, PriorBnd post/prior=2.72e-04/6.87e-05 | Best 0.0983 | Patience 11/40
 >> Epoch 050 | Train Total=0.3242 | Val post/prior Total=0.7542/0.8041, Recon post/prior=0.6585/0.6550, KL=0.0208, CycSim post/prior=0.0749/0.0529, CycMeas=0.1028, PriorBnd post/prior=4.36e-04/5.11e-05 | Best 0.0983 | Patience 12/40
 >> Epoch 051 | Train Total=0.3262 | Val post/prior Total=0.7411/0.7818, Recon post/prior=0.6505/0.6458, KL=0.0242, CycSim post/prior=0.0705/0.0432, CycMeas=0.1008, PriorBnd post/prior=3.69e-04/6.38e-05 | Best 0.0983 | Patience 13/40
 >> Epoch 052 | Train Total=0.3255 | Val post/prior Total=0.7359/0.7762, Recon post/prior=0.6496/0.6444, KL=0.0254, CycSim post/prior=0.0667/0.0405, CycMeas=0.0994, PriorBnd post/prior=3.06e-04/6.86e-05 | Best 0.0983 | Patience 14/40
 >> Epoch 053 | Train Total=0.3260 | Val post/prior Total=0.7349/0.7755, Recon post/prior=0.6487/0.6440, KL=0.0244, CycSim post/prior=0.0668/0.0412, CycMeas=0.0980, PriorBnd post/prior=2.71e-04/6.49e-05 | Best 0.0983 | Patience 15/40
[Update] best val_cyc_meas improved to 0.098020 @ epoch 53
 >> Epoch 054 | Train Total=0.3267 | Val post/prior Total=0.7334/0.7727, Recon post/prior=0.6475/0.6429, KL=0.0237, CycSim post/prior=0.0667/0.0399, CycMeas=0.0980, PriorBnd post/prior=1.90e-04/6.28e-05 | Best 0.0980 | Patience 1/40
 >> Epoch 055 | Train Total=0.3260 | Val post/prior Total=0.7370/0.7824, Recon post/prior=0.6498/0.6457, KL=0.0211, CycSim post/prior=0.0679/0.0453, CycMeas=0.0985, PriorBnd post/prior=2.87e-04/6.06e-05 | Best 0.0980 | Patience 2/40
 >> Epoch 056 | Train Total=0.3271 | Val post/prior Total=0.7356/0.7815, Recon post/prior=0.6500/0.6465, KL=0.0227, CycSim post/prior=0.0667/0.0437, CycMeas=0.0989, PriorBnd post/prior=1.03e-04/5.59e-05 | Best 0.0980 | Patience 3/40
 >> Epoch 057 | Train Total=0.3279 | Val post/prior Total=0.7405/0.7842, Recon post/prior=0.6507/0.6464, KL=0.0227, CycSim post/prior=0.0699/0.0460, CycMeas=0.0989, PriorBnd post/prior=3.69e-04/5.68e-05 | Best 0.0980 | Patience 4/40
 >> Epoch 058 | Train Total=0.3283 | Val post/prior Total=0.7311/0.7732, Recon post/prior=0.6475/0.6425, KL=0.0209, CycSim post/prior=0.0647/0.0411, CycMeas=0.0973, PriorBnd post/prior=3.97e-04/7.13e-05 | Best 0.0980 | Patience 5/40
[Update] best val_cyc_meas improved to 0.097304 @ epoch 58
 >> Epoch 059 | Train Total=0.3296 | Val post/prior Total=0.7375/0.7803, Recon post/prior=0.6482/0.6437, KL=0.0196, CycSim post/prior=0.0695/0.0451, CycMeas=0.0988, PriorBnd post/prior=3.06e-04/6.36e-05 | Best 0.0973 | Patience 1/40
 >> Epoch 060 | Train Total=0.3299 | Val post/prior Total=0.7336/0.7789, Recon post/prior=0.6489/0.6444, KL=0.0219, CycSim post/prior=0.0656/0.0422, CycMeas=0.1005, PriorBnd post/prior=3.53e-04/5.98e-05 | Best 0.0973 | Patience 2/40
 >> Epoch 061 | Train Total=0.3328 | Val post/prior Total=0.7311/0.7777, Recon post/prior=0.6485/0.6451, KL=0.0205, CycSim post/prior=0.0642/0.0422, CycMeas=0.0981, PriorBnd post/prior=2.09e-04/6.20e-05 | Best 0.0973 | Patience 3/40
 >> Epoch 062 | Train Total=0.3311 | Val post/prior Total=0.7387/0.7827, Recon post/prior=0.6501/0.6460, KL=0.0222, CycSim post/prior=0.0688/0.0458, CycMeas=0.0978, PriorBnd post/prior=3.92e-04/6.22e-05 | Best 0.0973 | Patience 4/40
 >> Epoch 063 | Train Total=0.3312 | Val post/prior Total=0.7320/0.7760, Recon post/prior=0.6480/0.6437, KL=0.0213, CycSim post/prior=0.0652/0.0414, CycMeas=0.0988, PriorBnd post/prior=3.16e-04/6.04e-05 | Best 0.0973 | Patience 5/40
 >> Epoch 064 | Train Total=0.3323 | Val post/prior Total=0.7288/0.7710, Recon post/prior=0.6455/0.6413, KL=0.0211, CycSim post/prior=0.0646/0.0394, CycMeas=0.0985, PriorBnd post/prior=2.46e-04/6.60e-05 | Best 0.0973 | Patience 6/40
 >> Epoch 065 | Train Total=0.3347 | Val post/prior Total=0.7325/0.7777, Recon post/prior=0.6476/0.6433, KL=0.0225, CycSim post/prior=0.0659/0.0422, CycMeas=0.1002, PriorBnd post/prior=2.70e-04/6.40e-05 | Best 0.0973 | Patience 7/40
 >> Epoch 066 | Train Total=0.3329 | Val post/prior Total=0.7314/0.7746, Recon post/prior=0.6472/0.6429, KL=0.0206, CycSim post/prior=0.0656/0.0414, CycMeas=0.0980, PriorBnd post/prior=2.51e-04/6.43e-05 | Best 0.0973 | Patience 8/40
 >> Epoch 067 | Train Total=0.3339 | Val post/prior Total=0.7404/0.7860, Recon post/prior=0.6495/0.6461, KL=0.0213, CycSim post/prior=0.0712/0.0485, CycMeas=0.0979, PriorBnd post/prior=1.17e-04/6.35e-05 | Best 0.0973 | Patience 9/40
 >> Epoch 068 | Train Total=0.3356 | Val post/prior Total=0.7341/0.7813, Recon post/prior=0.6487/0.6449, KL=0.0191, CycSim post/prior=0.0667/0.0454, CycMeas=0.0981, PriorBnd post/prior=2.48e-04/5.84e-05 | Best 0.0973 | Patience 10/40
 >> Epoch 069 | Train Total=0.3363 | Val post/prior Total=0.7322/0.7726, Recon post/prior=0.6457/0.6409, KL=0.0209, CycSim post/prior=0.0673/0.0413, CycMeas=0.0982, PriorBnd post/prior=2.64e-04/6.70e-05 | Best 0.0973 | Patience 11/40
 >> Epoch 070 | Train Total=0.3369 | Val post/prior Total=0.7300/0.7756, Recon post/prior=0.6460/0.6422, KL=0.0209, CycSim post/prior=0.0654/0.0416, CycMeas=0.0999, PriorBnd post/prior=1.54e-04/6.29e-05 | Best 0.0973 | Patience 12/40
 >> Epoch 071 | Train Total=0.3368 | Val post/prior Total=0.7357/0.7734, Recon post/prior=0.6463/0.6402, KL=0.0205, CycSim post/prior=0.0688/0.0422, CycMeas=0.0987, PriorBnd post/prior=6.09e-04/7.30e-05 | Best 0.0973 | Patience 13/40
 >> Epoch 072 | Train Total=0.3372 | Val post/prior Total=0.7290/0.7699, Recon post/prior=0.6436/0.6386, KL=0.0209, CycSim post/prior=0.0663/0.0403, CycMeas=0.0992, PriorBnd post/prior=3.50e-04/6.87e-05 | Best 0.0973 | Patience 14/40
 >> Epoch 073 | Train Total=0.3386 | Val post/prior Total=0.7297/0.7722, Recon post/prior=0.6455/0.6411, KL=0.0191, CycSim post/prior=0.0656/0.0411, CycMeas=0.0978, PriorBnd post/prior=2.45e-04/6.34e-05 | Best 0.0973 | Patience 15/40
 >> Epoch 074 | Train Total=0.3401 | Val post/prior Total=0.7299/0.7743, Recon post/prior=0.6455/0.6416, KL=0.0193, CycSim post/prior=0.0658/0.0420, CycMeas=0.0985, PriorBnd post/prior=1.89e-04/6.64e-05 | Best 0.0973 | Patience 16/40
 >> Epoch 075 | Train Total=0.3398 | Val post/prior Total=0.7317/0.7736, Recon post/prior=0.6470/0.6424, KL=0.0215, CycSim post/prior=0.0657/0.0413, CycMeas=0.0977, PriorBnd post/prior=3.63e-04/6.05e-05 | Best 0.0973 | Patience 17/40
 >> Epoch 076 | Train Total=0.3402 | Val post/prior Total=0.7293/0.7696, Recon post/prior=0.6442/0.6390, KL=0.0222, CycSim post/prior=0.0656/0.0395, CycMeas=0.0994, PriorBnd post/prior=5.26e-04/7.17e-05 | Best 0.0973 | Patience 18/40
 >> Epoch 077 | Train Total=0.3409 | Val post/prior Total=0.7865/0.8428, Recon post/prior=0.6649/0.6625, KL=0.0349, CycSim post/prior=0.0960/0.0793, CycMeas=0.1028, PriorBnd post/prior=2.31e-04/5.85e-05 | Best 0.0973 | Patience 19/40
 >> Epoch 078 | Train Total=0.3416 | Val post/prior Total=0.7560/0.8076, Recon post/prior=0.6556/0.6527, KL=0.0244, CycSim post/prior=0.0789/0.0607, CycMeas=0.0986, PriorBnd post/prior=2.36e-04/5.24e-05 | Best 0.0973 | Patience 20/40
 >> Epoch 079 | Train Total=0.3438 | Val post/prior Total=0.7326/0.7788, Recon post/prior=0.6462/0.6426, KL=0.0191, CycSim post/prior=0.0676/0.0453, CycMeas=0.0980, PriorBnd post/prior=1.47e-04/5.76e-05 | Best 0.0973 | Patience 21/40
 >> Epoch 080 | Train Total=0.3441 | Val post/prior Total=0.7291/0.7711, Recon post/prior=0.6443/0.6402, KL=0.0202, CycSim post/prior=0.0660/0.0406, CycMeas=0.0982, PriorBnd post/prior=1.61e-04/6.70e-05 | Best 0.0973 | Patience 22/40
 >> Epoch 081 | Train Total=0.3452 | Val post/prior Total=0.7320/0.7698, Recon post/prior=0.6443/0.6379, KL=0.0219, CycSim post/prior=0.0671/0.0398, CycMeas=0.1005, PriorBnd post/prior=8.24e-04/7.09e-05 | Best 0.0973 | Patience 23/40
 >> Epoch 082 | Train Total=0.3454 | Val post/prior Total=0.8057/0.8708, Recon post/prior=0.6734/0.6722, KL=0.0412, CycSim post/prior=0.1046/0.0907, CycMeas=0.1089, PriorBnd post/prior=9.24e-05/5.91e-05 | Best 0.0973 | Patience 24/40
 >> Epoch 083 | Train Total=0.3468 | Val post/prior Total=0.7393/0.7884, Recon post/prior=0.6498/0.6466, KL=0.0181, CycSim post/prior=0.0703/0.0496, CycMeas=0.0986, PriorBnd post/prior=2.15e-04/5.69e-05 | Best 0.0973 | Patience 25/40
 >> Epoch 084 | Train Total=0.3468 | Val post/prior Total=0.7270/0.7731, Recon post/prior=0.6453/0.6412, KL=0.0199, CycSim post/prior=0.0631/0.0417, CycMeas=0.0977, PriorBnd post/prior=3.35e-04/5.94e-05 | Best 0.0973 | Patience 26/40
 >> Epoch 085 | Train Total=0.3483 | Val post/prior Total=0.7286/0.7720, Recon post/prior=0.6439/0.6396, KL=0.0212, CycSim post/prior=0.0658/0.0415, CycMeas=0.0988, PriorBnd post/prior=2.18e-04/6.36e-05 | Best 0.0973 | Patience 27/40
 >> Epoch 086 | Train Total=0.3493 | Val post/prior Total=0.7288/0.7717, Recon post/prior=0.6445/0.6398, KL=0.0201, CycSim post/prior=0.0652/0.0400, CycMeas=0.1003, PriorBnd post/prior=4.56e-04/6.64e-05 | Best 0.0973 | Patience 28/40
 >> Epoch 087 | Train Total=0.3497 | Val post/prior Total=0.7303/0.7721, Recon post/prior=0.6429/0.6387, KL=0.0203, CycSim post/prior=0.0682/0.0429, CycMeas=0.0978, PriorBnd post/prior=1.00e-04/6.62e-05 | Best 0.0973 | Patience 29/40
 >> Epoch 088 | Train Total=0.3508 | Val post/prior Total=0.7352/0.7712, Recon post/prior=0.6430/0.6371, KL=0.0215, CycSim post/prior=0.0712/0.0413, CycMeas=0.1009, PriorBnd post/prior=5.56e-04/7.65e-05 | Best 0.0973 | Patience 30/40
 >> Epoch 089 | Train Total=0.3517 | Val post/prior Total=0.7345/0.7792, Recon post/prior=0.6464/0.6422, KL=0.0203, CycSim post/prior=0.0687/0.0455, CycMeas=0.0987, PriorBnd post/prior=3.37e-04/6.31e-05 | Best 0.0973 | Patience 31/40
 >> Epoch 090 | Train Total=0.3535 | Val post/prior Total=0.7291/0.7720, Recon post/prior=0.6446/0.6403, KL=0.0207, CycSim post/prior=0.0656/0.0416, CycMeas=0.0977, PriorBnd post/prior=3.08e-04/6.30e-05 | Best 0.0973 | Patience 32/40
 >> Epoch 091 | Train Total=0.3528 | Val post/prior Total=0.7578/0.8122, Recon post/prior=0.6551/0.6525, KL=0.0189, CycSim post/prior=0.0814/0.0642, CycMeas=0.0993, PriorBnd post/prior=2.12e-04/4.55e-05 | Best 0.0973 | Patience 33/40
 >> Epoch 092 | Train Total=0.3518 | Val post/prior Total=0.7367/0.7787, Recon post/prior=0.6451/0.6410, KL=0.0229, CycSim post/prior=0.0715/0.0456, CycMeas=0.0993, PriorBnd post/prior=2.92e-04/6.83e-05 | Best 0.0973 | Patience 34/40
 >> Epoch 093 | Train Total=0.3547 | Val post/prior Total=0.7294/0.7702, Recon post/prior=0.6449/0.6403, KL=0.0212, CycSim post/prior=0.0657/0.0402, CycMeas=0.0976, PriorBnd post/prior=2.76e-04/6.54e-05 | Best 0.0973 | Patience 35/40
 >> Epoch 094 | Train Total=0.3564 | Val post/prior Total=0.7286/0.7717, Recon post/prior=0.6441/0.6398, KL=0.0204, CycSim post/prior=0.0656/0.0413, CycMeas=0.0984, PriorBnd post/prior=3.42e-04/6.42e-05 | Best 0.0973 | Patience 36/40
 >> Epoch 095 | Train Total=0.3560 | Val post/prior Total=0.7467/0.7973, Recon post/prior=0.6525/0.6493, KL=0.0201, CycSim post/prior=0.0742/0.0555, CycMeas=0.0978, PriorBnd post/prior=1.60e-04/5.21e-05 | Best 0.0973 | Patience 37/40
 >> Epoch 096 | Train Total=0.3559 | Val post/prior Total=0.7313/0.7681, Recon post/prior=0.6433/0.6381, KL=0.0230, CycSim post/prior=0.0683/0.0405, CycMeas=0.0973, PriorBnd post/prior=3.30e-04/7.02e-05 | Best 0.0973 | Patience 38/40
[Update] best val_cyc_meas improved to 0.097274 @ epoch 96
 >> Epoch 097 | Train Total=0.3568 | Val post/prior Total=0.7395/0.7855, Recon post/prior=0.6475/0.6440, KL=0.0209, CycSim post/prior=0.0721/0.0490, CycMeas=0.0991, PriorBnd post/prior=1.88e-04/5.99e-05 | Best 0.0973 | Patience 1/40
 >> Epoch 098 | Train Total=0.3589 | Val post/prior Total=0.7289/0.7686, Recon post/prior=0.6437/0.6388, KL=0.0215, CycSim post/prior=0.0661/0.0398, CycMeas=0.0979, PriorBnd post/prior=3.64e-04/7.04e-05 | Best 0.0973 | Patience 2/40
 >> Epoch 099 | Train Total=0.3600 | Val post/prior Total=0.7287/0.7697, Recon post/prior=0.6435/0.6386, KL=0.0214, CycSim post/prior=0.0662/0.0407, CycMeas=0.0983, PriorBnd post/prior=3.43e-04/6.92e-05 | Best 0.0973 | Patience 3/40
 >> Epoch 100 | Train Total=0.3584 | Val post/prior Total=0.7286/0.7666, Recon post/prior=0.6427/0.6376, KL=0.0211, CycSim post/prior=0.0664/0.0392, CycMeas=0.0978, PriorBnd post/prior=4.72e-04/6.80e-05 | Best 0.0973 | Patience 4/40
 >> Epoch 101 | Train Total=0.3607 | Val post/prior Total=0.7283/0.7658, Recon post/prior=0.6434/0.6379, KL=0.0222, CycSim post/prior=0.0652/0.0387, CycMeas=0.0973, PriorBnd post/prior=5.34e-04/7.45e-05 | Best 0.0973 | Patience 5/40
[Update] best val_cyc_meas improved to 0.097267 @ epoch 101
 >> Epoch 102 | Train Total=0.3609 | Val post/prior Total=0.7285/0.7710, Recon post/prior=0.6446/0.6406, KL=0.0208, CycSim post/prior=0.0651/0.0397, CycMeas=0.0989, PriorBnd post/prior=2.61e-04/6.49e-05 | Best 0.0973 | Patience 1/40
 >> Epoch 103 | Train Total=0.3627 | Val post/prior Total=0.7286/0.7733, Recon post/prior=0.6454/0.6412, KL=0.0206, CycSim post/prior=0.0645/0.0421, CycMeas=0.0974, PriorBnd post/prior=3.20e-04/6.91e-05 | Best 0.0973 | Patience 2/40
 >> Epoch 104 | Train Total=0.3621 | Val post/prior Total=0.7298/0.7749, Recon post/prior=0.6463/0.6417, KL=0.0197, CycSim post/prior=0.0646/0.0423, CycMeas=0.0986, PriorBnd post/prior=4.64e-04/6.67e-05 | Best 0.0973 | Patience 3/40
 >> Epoch 105 | Train Total=0.3660 | Val post/prior Total=0.7321/0.7761, Recon post/prior=0.6459/0.6422, KL=0.0215, CycSim post/prior=0.0671/0.0431, CycMeas=0.0983, PriorBnd post/prior=2.11e-04/6.56e-05 | Best 0.0973 | Patience 4/40
 >> Epoch 106 | Train Total=0.3658 | Val post/prior Total=0.7905/0.8540, Recon post/prior=0.6691/0.6676, KL=0.0384, CycSim post/prior=0.0957/0.0813, CycMeas=0.1074, PriorBnd post/prior=8.60e-05/5.47e-05 | Best 0.0973 | Patience 5/40
 >> Epoch 107 | Train Total=0.3660 | Val post/prior Total=0.7262/0.7672, Recon post/prior=0.6438/0.6389, KL=0.0216, CycSim post/prior=0.0638/0.0389, CycMeas=0.0976, PriorBnd post/prior=2.72e-04/6.84e-05 | Best 0.0973 | Patience 6/40
 >> Epoch 108 | Train Total=0.3662 | Val post/prior Total=0.7417/0.7914, Recon post/prior=0.6513/0.6475, KL=0.0215, CycSim post/prior=0.0704/0.0519, CycMeas=0.0978, PriorBnd post/prior=5.01e-04/6.27e-05 | Best 0.0973 | Patience 7/40
 >> Epoch 109 | Train Total=0.3678 | Val post/prior Total=0.7311/0.7668, Recon post/prior=0.6442/0.6381, KL=0.0233, CycSim post/prior=0.0671/0.0393, CycMeas=0.0974, PriorBnd post/prior=5.17e-04/6.97e-05 | Best 0.0973 | Patience 8/40
 >> Epoch 110 | Train Total=0.3679 | Val post/prior Total=0.7345/0.7743, Recon post/prior=0.6442/0.6396, KL=0.0200, CycSim post/prior=0.0707/0.0442, CycMeas=0.0976, PriorBnd post/prior=2.16e-04/6.22e-05 | Best 0.0973 | Patience 9/40
 >> Epoch 111 | Train Total=0.3674 | Val post/prior Total=0.7303/0.7703, Recon post/prior=0.6443/0.6389, KL=0.0205, CycSim post/prior=0.0662/0.0408, CycMeas=0.0984, PriorBnd post/prior=6.62e-04/6.58e-05 | Best 0.0973 | Patience 10/40
 >> Epoch 112 | Train Total=0.3682 | Val post/prior Total=0.7680/0.8239, Recon post/prior=0.6600/0.6579, KL=0.0338, CycSim post/prior=0.0847/0.0673, CycMeas=0.1026, PriorBnd post/prior=9.78e-05/6.22e-05 | Best 0.0973 | Patience 11/40
 >> Epoch 113 | Train Total=0.3682 | Val post/prior Total=0.7347/0.7767, Recon post/prior=0.6467/0.6424, KL=0.0224, CycSim post/prior=0.0685/0.0440, CycMeas=0.0976, PriorBnd post/prior=3.41e-04/6.76e-05 | Best 0.0973 | Patience 12/40
 >> Epoch 114 | Train Total=0.3686 | Val post/prior Total=0.7277/0.7711, Recon post/prior=0.6437/0.6397, KL=0.0217, CycSim post/prior=0.0652/0.0407, CycMeas=0.0986, PriorBnd post/prior=1.80e-04/6.62e-05 | Best 0.0973 | Patience 13/40
 >> Epoch 115 | Train Total=0.3700 | Val post/prior Total=0.7264/0.7674, Recon post/prior=0.6435/0.6387, KL=0.0227, CycSim post/prior=0.0639/0.0388, CycMeas=0.0980, PriorBnd post/prior=3.69e-04/6.42e-05 | Best 0.0973 | Patience 14/40
 >> Epoch 116 | Train Total=0.3692 | Val post/prior Total=0.7309/0.7699, Recon post/prior=0.6440/0.6388, KL=0.0234, CycSim post/prior=0.0672/0.0405, CycMeas=0.0985, PriorBnd post/prior=3.49e-04/6.96e-05 | Best 0.0973 | Patience 15/40
 >> Epoch 117 | Train Total=0.3676 | Val post/prior Total=0.7322/0.7724, Recon post/prior=0.6457/0.6403, KL=0.0208, CycSim post/prior=0.0666/0.0415, CycMeas=0.0983, PriorBnd post/prior=5.23e-04/7.13e-05 | Best 0.0973 | Patience 16/40
 >> Epoch 118 | Train Total=0.3674 | Val post/prior Total=0.7323/0.7773, Recon post/prior=0.6467/0.6431, KL=0.0194, CycSim post/prior=0.0668/0.0435, CycMeas=0.0982, PriorBnd post/prior=2.80e-04/5.50e-05 | Best 0.0973 | Patience 17/40
 >> Epoch 119 | Train Total=0.3692 | Val post/prior Total=0.7244/0.7697, Recon post/prior=0.6443/0.6405, KL=0.0200, CycSim post/prior=0.0621/0.0397, CycMeas=0.0974, PriorBnd post/prior=2.31e-04/6.12e-05 | Best 0.0973 | Patience 18/40
 >> Epoch 120 | Train Total=0.3684 | Val post/prior Total=0.7316/0.7697, Recon post/prior=0.6426/0.6376, KL=0.0222, CycSim post/prior=0.0689/0.0413, CycMeas=0.0986, PriorBnd post/prior=4.51e-04/7.52e-05 | Best 0.0973 | Patience 19/40
 >> Epoch 121 | Train Total=0.3701 | Val post/prior Total=0.7352/0.7802, Recon post/prior=0.6472/0.6430, KL=0.0197, CycSim post/prior=0.0687/0.0462, CycMeas=0.0979, PriorBnd post/prior=3.03e-04/6.20e-05 | Best 0.0973 | Patience 20/40
 >> Epoch 122 | Train Total=0.3685 | Val post/prior Total=0.7320/0.7748, Recon post/prior=0.6467/0.6414, KL=0.0205, CycSim post/prior=0.0659/0.0428, CycMeas=0.0982, PriorBnd post/prior=5.22e-04/5.71e-05 | Best 0.0973 | Patience 21/40
 >> Epoch 123 | Train Total=0.3704 | Val post/prior Total=0.7259/0.7672, Recon post/prior=0.6437/0.6384, KL=0.0210, CycSim post/prior=0.0634/0.0393, CycMeas=0.0974, PriorBnd post/prior=3.77e-04/6.60e-05 | Best 0.0973 | Patience 22/40
 >> Epoch 124 | Train Total=0.3690 | Val post/prior Total=0.7314/0.7726, Recon post/prior=0.6444/0.6398, KL=0.0216, CycSim post/prior=0.0676/0.0423, CycMeas=0.0981, PriorBnd post/prior=3.70e-04/6.73e-05 | Best 0.0973 | Patience 23/40
 >> Epoch 125 | Train Total=0.3673 | Val post/prior Total=0.7342/0.7741, Recon post/prior=0.6438/0.6380, KL=0.0215, CycSim post/prior=0.0700/0.0433, CycMeas=0.1006, PriorBnd post/prior=5.87e-04/7.02e-05 | Best 0.0973 | Patience 24/40
 >> Epoch 126 | Train Total=0.3675 | Val post/prior Total=0.7626/0.8156, Recon post/prior=0.6575/0.6548, KL=0.0233, CycSim post/prior=0.0832/0.0663, CycMeas=0.0977, PriorBnd post/prior=8.96e-05/4.51e-05 | Best 0.0973 | Patience 25/40
 >> Epoch 127 | Train Total=0.3686 | Val post/prior Total=0.7479/0.7958, Recon post/prior=0.6508/0.6469, KL=0.0207, CycSim post/prior=0.0764/0.0555, CycMeas=0.0987, PriorBnd post/prior=2.61e-04/5.66e-05 | Best 0.0973 | Patience 26/40
 >> Epoch 128 | Train Total=0.3670 | Val post/prior Total=0.7349/0.7770, Recon post/prior=0.6451/0.6411, KL=0.0250, CycSim post/prior=0.0699/0.0453, CycMeas=0.0975, PriorBnd post/prior=2.15e-04/7.06e-05 | Best 0.0973 | Patience 27/40
 >> Epoch 129 | Train Total=0.3687 | Val post/prior Total=0.7308/0.7787, Recon post/prior=0.6465/0.6428, KL=0.0204, CycSim post/prior=0.0657/0.0451, CycMeas=0.0978, PriorBnd post/prior=2.15e-04/6.98e-05 | Best 0.0973 | Patience 28/40
 >> Epoch 130 | Train Total=0.3687 | Val post/prior Total=0.7288/0.7751, Recon post/prior=0.6463/0.6423, KL=0.0198, CycSim post/prior=0.0640/0.0426, CycMeas=0.0975, PriorBnd post/prior=4.21e-04/6.09e-05 | Best 0.0973 | Patience 29/40
 >> Epoch 131 | Train Total=0.3679 | Val post/prior Total=0.7286/0.7695, Recon post/prior=0.6435/0.6388, KL=0.0207, CycSim post/prior=0.0662/0.0404, CycMeas=0.0982, PriorBnd post/prior=2.60e-04/6.47e-05 | Best 0.0973 | Patience 30/40
 >> Epoch 132 | Train Total=0.3671 | Val post/prior Total=0.7291/0.7684, Recon post/prior=0.6435/0.6385, KL=0.0218, CycSim post/prior=0.0663/0.0401, CycMeas=0.0977, PriorBnd post/prior=3.21e-04/6.93e-05 | Best 0.0973 | Patience 31/40
 >> Epoch 133 | Train Total=0.3670 | Val post/prior Total=0.7303/0.7756, Recon post/prior=0.6457/0.6416, KL=0.0203, CycSim post/prior=0.0660/0.0437, CycMeas=0.0976, PriorBnd post/prior=9.98e-05/5.71e-05 | Best 0.0973 | Patience 32/40
 >> Epoch 134 | Train Total=0.3673 | Val post/prior Total=0.7279/0.7662, Recon post/prior=0.6428/0.6374, KL=0.0229, CycSim post/prior=0.0656/0.0388, CycMeas=0.0981, PriorBnd post/prior=3.41e-04/7.23e-05 | Best 0.0973 | Patience 33/40
 >> Epoch 135 | Train Total=0.3684 | Val post/prior Total=0.7310/0.7702, Recon post/prior=0.6432/0.6379, KL=0.0221, CycSim post/prior=0.0679/0.0409, CycMeas=0.0995, PriorBnd post/prior=4.05e-04/7.13e-05 | Best 0.0973 | Patience 34/40
 >> Epoch 136 | Train Total=0.3683 | Val post/prior Total=0.7304/0.7750, Recon post/prior=0.6446/0.6401, KL=0.0209, CycSim post/prior=0.0667/0.0413, CycMeas=0.1023, PriorBnd post/prior=2.75e-04/6.52e-05 | Best 0.0973 | Patience 35/40
 >> Epoch 137 | Train Total=0.3678 | Val post/prior Total=0.7298/0.7690, Recon post/prior=0.6440/0.6387, KL=0.0209, CycSim post/prior=0.0663/0.0400, CycMeas=0.0983, PriorBnd post/prior=4.85e-04/6.72e-05 | Best 0.0973 | Patience 36/40
 >> Epoch 138 | Train Total=0.3695 | Val post/prior Total=0.7304/0.7698, Recon post/prior=0.6426/0.6377, KL=0.0219, CycSim post/prior=0.0682/0.0418, CycMeas=0.0979, PriorBnd post/prior=3.10e-04/6.94e-05 | Best 0.0973 | Patience 37/40
 >> Epoch 139 | Train Total=0.3682 | Val post/prior Total=0.7340/0.7770, Recon post/prior=0.6448/0.6408, KL=0.0213, CycSim post/prior=0.0696/0.0450, CycMeas=0.0983, PriorBnd post/prior=1.57e-04/6.67e-05 | Best 0.0973 | Patience 38/40
 >> Epoch 140 | Train Total=0.3693 | Val post/prior Total=0.7301/0.7699, Recon post/prior=0.6425/0.6380, KL=0.0208, CycSim post/prior=0.0682/0.0415, CycMeas=0.0980, PriorBnd post/prior=3.15e-04/6.96e-05 | Best 0.0973 | Patience 39/40
 >> Epoch 141 | Train Total=0.3685 | Val post/prior Total=0.7311/0.7687, Recon post/prior=0.6437/0.6385, KL=0.0206, CycSim post/prior=0.0676/0.0395, CycMeas=0.0989, PriorBnd post/prior=5.44e-04/7.23e-05 | Best 0.0973 | Patience 40/40
[EarlyStop] at epoch 141
[Diag] Start to calcaulte diag in test preocess... 
[Diag] wrote 28930 rows to temp_Bidi_cvae\cvae_20251105-012855\diag_test.csv
[Diag] proxy_floor_ps  P50=0.0095  P90=0.0228  P95=0.0348  P99=0.2440
[Test] prior total=0.764140 | prior recon=0.637460 | kl=0.013689 | prior cyc_sim=0.037506 | cyc_meas=0.097478 | prior_l2=0.369062 | prior_bnd=0.000023 | 
