[log] tee initialized at 2025-11-05 12:41:45 -> temp_Bidi_cvae\cvae_20251105-124145\train.log
[L_trust] using 20000 ref rows from temp_Bidi_cvae\proxy\proxy_Ytr_norm.npy
 >> Epoch 001 | Train Total=84.8174 | Val post/prior Total=28062365.9407/1.0604, Recon post/prior=19.0074/0.7630, KL=279341454.4136, CycSim post/prior=0.1633/0.1215, CycMeas=0.1867, PriorBnd post/prior=5.83e+00/8.34e-04 | Best inf | Patience 1/40
[Update] best val_cyc_meas improved to 0.186691 @ epoch 1
 >> Epoch 002 | Train Total=0.9626 | Val post/prior Total=1982.8272/0.9666, Recon post/prior=1.0643/0.7248, KL=19424.0319, CycSim post/prior=0.1296/0.0885, CycMeas=0.1666, PriorBnd post/prior=8.46e-02/3.68e-04 | Best 0.1867 | Patience 1/40
[Update] best val_cyc_meas improved to 0.166580 @ epoch 2
 >> Epoch 003 | Train Total=0.8440 | Val post/prior Total=624.4348/0.9190, Recon post/prior=0.7477/0.7098, KL=6231.5544, CycSim post/prior=0.1187/0.0823, CycMeas=0.1353, PriorBnd post/prior=9.97e-03/2.76e-04 | Best 0.1666 | Patience 1/40
[Update] best val_cyc_meas improved to 0.135285 @ epoch 3
 >> Epoch 004 | Train Total=0.8044 | Val post/prior Total=148.0263/0.8706, Recon post/prior=0.8348/0.6955, KL=1386.4482, CycSim post/prior=0.1049/0.0642, CycMeas=0.1192, PriorBnd post/prior=4.53e-02/2.67e-04 | Best 0.1353 | Patience 1/40
[Update] best val_cyc_meas improved to 0.119218 @ epoch 4
 >> Epoch 005 | Train Total=0.7801 | Val post/prior Total=4.2181/0.8742, Recon post/prior=0.7020/0.6934, KL=33.8695, CycSim post/prior=0.0995/0.0684, CycMeas=0.1203, PriorBnd post/prior=1.24e-03/1.57e-04 | Best 0.1192 | Patience 1/40
 >> Epoch 006 | Train Total=0.7662 | Val post/prior Total=16.7927/0.8614, Recon post/prior=0.7113/0.6805, KL=156.9642, CycSim post/prior=0.0964/0.0597, CycMeas=0.1330, PriorBnd post/prior=7.72e-03/1.73e-04 | Best 0.1192 | Patience 2/40
 >> Epoch 007 | Train Total=0.7541 | Val post/prior Total=1.1959/0.8598, Recon post/prior=0.6841/0.6767, KL=3.9320, CycSim post/prior=0.0945/0.0625, CycMeas=0.1316, PriorBnd post/prior=9.92e-04/1.25e-04 | Best 0.1192 | Patience 3/40
 >> Epoch 008 | Train Total=0.7452 | Val post/prior Total=2.6276/0.8294, Recon post/prior=0.6844/0.6719, KL=18.1451, CycSim post/prior=0.0842/0.0560, CycMeas=0.1092, PriorBnd post/prior=1.75e-03/1.20e-04 | Best 0.1192 | Patience 4/40
[Update] best val_cyc_meas improved to 0.109236 @ epoch 8
 >> Epoch 009 | Train Total=0.7388 | Val post/prior Total=1.7644/0.8281, Recon post/prior=0.6900/0.6685, KL=8.3949, CycSim post/prior=0.0840/0.0530, CycMeas=0.1164, PriorBnd post/prior=4.94e-03/1.21e-04 | Best 0.1092 | Patience 1/40
 >> Epoch 010 | Train Total=0.7328 | Val post/prior Total=1.3304/0.8069, Recon post/prior=0.6789/0.6628, KL=5.0763, CycSim post/prior=0.0832/0.0503, CycMeas=0.1008, PriorBnd post/prior=3.15e-03/1.11e-04 | Best 0.1092 | Patience 2/40
[Update] best val_cyc_meas improved to 0.100765 @ epoch 10
 >> Epoch 011 | Train Total=0.7295 | Val post/prior Total=1.1009/0.8025, Recon post/prior=0.6691/0.6586, KL=3.1742, CycSim post/prior=0.0832/0.0506, CycMeas=0.1000, PriorBnd post/prior=1.46e-03/1.30e-04 | Best 0.1008 | Patience 1/40
[Update] best val_cyc_meas improved to 0.100007 @ epoch 11
 >> Epoch 012 | Train Total=0.7245 | Val post/prior Total=0.8485/0.8026, Recon post/prior=0.6671/0.6580, KL=0.7397, CycSim post/prior=0.0797/0.0495, CycMeas=0.1026, PriorBnd post/prior=1.62e-03/1.15e-04 | Best 0.1000 | Patience 1/40
 >> Epoch 013 | Train Total=0.7212 | Val post/prior Total=0.8353/0.8078, Recon post/prior=0.6625/0.6553, KL=0.7194, CycSim post/prior=0.0789/0.0509, CycMeas=0.1104, PriorBnd post/prior=8.61e-04/9.44e-05 | Best 0.1000 | Patience 2/40
 >> Epoch 014 | Train Total=0.7167 | Val post/prior Total=0.8190/0.8036, Recon post/prior=0.6572/0.6489, KL=0.5083, CycSim post/prior=0.0853/0.0539, CycMeas=0.1087, PriorBnd post/prior=1.17e-03/9.95e-05 | Best 0.1000 | Patience 3/40
 >> Epoch 015 | Train Total=0.7116 | Val post/prior Total=0.8026/0.8041, Recon post/prior=0.6564/0.6489, KL=0.3873, CycSim post/prior=0.0807/0.0542, CycMeas=0.1087, PriorBnd post/prior=1.25e-03/9.74e-05 | Best 0.1000 | Patience 4/40
 >> Epoch 016 | Train Total=0.7069 | Val post/prior Total=0.7805/0.7884, Recon post/prior=0.6481/0.6406, KL=0.3328, CycSim post/prior=0.0777/0.0469, CycMeas=0.1101, PriorBnd post/prior=9.13e-04/1.00e-04 | Best 0.1000 | Patience 5/40
 >> Epoch 017 | Train Total=0.7047 | Val post/prior Total=0.7560/0.7782, Recon post/prior=0.6444/0.6389, KL=0.1687, CycSim post/prior=0.0760/0.0456, CycMeas=0.1014, PriorBnd post/prior=2.95e-04/9.60e-05 | Best 0.1000 | Patience 6/40
 >> Epoch 018 | Train Total=0.7044 | Val post/prior Total=0.7606/0.7764, Recon post/prior=0.6440/0.6369, KL=0.2280, CycSim post/prior=0.0737/0.0457, CycMeas=0.1016, PriorBnd post/prior=8.80e-04/9.30e-05 | Best 0.1000 | Patience 7/40
 >> Epoch 019 | Train Total=0.7000 | Val post/prior Total=0.7583/0.7854, Recon post/prior=0.6428/0.6378, KL=0.1811, CycSim post/prior=0.0783/0.0535, CycMeas=0.1002, PriorBnd post/prior=4.15e-04/8.47e-05 | Best 0.1000 | Patience 8/40
 >> Epoch 020 | Train Total=0.6984 | Val post/prior Total=0.7450/0.7701, Recon post/prior=0.6394/0.6312, KL=0.0922, CycSim post/prior=0.0730/0.0469, CycMeas=0.0989, PriorBnd post/prior=1.11e-03/1.18e-04 | Best 0.1000 | Patience 9/40
[Update] best val_cyc_meas improved to 0.098874 @ epoch 20
 >> Epoch 021 | Train Total=0.6956 | Val post/prior Total=0.7382/0.7686, Recon post/prior=0.6354/0.6298, KL=0.1214, CycSim post/prior=0.0720/0.0446, CycMeas=0.1023, PriorBnd post/prior=6.53e-04/8.56e-05 | Best 0.0989 | Patience 1/40
 >> Epoch 022 | Train Total=0.6932 | Val post/prior Total=0.7296/0.7745, Recon post/prior=0.6349/0.6307, KL=0.0494, CycSim post/prior=0.0719/0.0508, CycMeas=0.0994, PriorBnd post/prior=3.22e-04/9.40e-05 | Best 0.0989 | Patience 2/40
 >> Epoch 023 | Train Total=0.6914 | Val post/prior Total=0.7332/0.7762, Recon post/prior=0.6323/0.6281, KL=0.0616, CycSim post/prior=0.0761/0.0523, CycMeas=0.1027, PriorBnd post/prior=2.56e-04/7.25e-05 | Best 0.0989 | Patience 3/40
 >> Epoch 024 | Train Total=0.6887 | Val post/prior Total=0.7286/0.7781, Recon post/prior=0.6316/0.6278, KL=0.0375, CycSim post/prior=0.0750/0.0524, CycMeas=0.1052, PriorBnd post/prior=1.98e-04/6.85e-05 | Best 0.0989 | Patience 4/40
 >> Epoch 025 | Train Total=0.6872 | Val post/prior Total=0.7229/0.7664, Recon post/prior=0.6275/0.6228, KL=0.0622, CycSim post/prior=0.0713/0.0464, CycMeas=0.1056, PriorBnd post/prior=3.45e-04/8.25e-05 | Best 0.0989 | Patience 5/40
 >> Epoch 026 | Train Total=0.6865 | Val post/prior Total=0.7181/0.7590, Recon post/prior=0.6247/0.6200, KL=0.0695, CycSim post/prior=0.0688/0.0461, CycMeas=0.1002, PriorBnd post/prior=4.13e-04/9.05e-05 | Best 0.0989 | Patience 6/40
 >> Epoch 027 | Train Total=0.6857 | Val post/prior Total=0.7202/0.7705, Recon post/prior=0.6285/0.6256, KL=0.0369, CycSim post/prior=0.0706/0.0508, CycMeas=0.1006, PriorBnd post/prior=1.42e-04/7.77e-05 | Best 0.0989 | Patience 7/40
 >> Epoch 028 | Train Total=0.6844 | Val post/prior Total=0.7080/0.7463, Recon post/prior=0.6186/0.6131, KL=0.0520, CycSim post/prior=0.0667/0.0413, CycMeas=0.0998, PriorBnd post/prior=5.44e-04/9.56e-05 | Best 0.0989 | Patience 8/40
 >> Epoch 029 | Train Total=0.6832 | Val post/prior Total=0.7049/0.7481, Recon post/prior=0.6164/0.6123, KL=0.0434, CycSim post/prior=0.0671/0.0439, CycMeas=0.0993, PriorBnd post/prior=1.65e-04/8.74e-05 | Best 0.0989 | Patience 9/40
 >> Epoch 030 | Train Total=0.6810 | Val post/prior Total=0.7005/0.7452, Recon post/prior=0.6144/0.6096, KL=0.0437, CycSim post/prior=0.0650/0.0411, CycMeas=0.1031, PriorBnd post/prior=2.44e-04/9.20e-05 | Best 0.0989 | Patience 10/40
 >> Epoch 031 | Train Total=0.6797 | Val post/prior Total=0.6973/0.7418, Recon post/prior=0.6137/0.6086, KL=0.0390, CycSim post/prior=0.0632/0.0417, CycMeas=0.0993, PriorBnd post/prior=3.52e-04/9.09e-05 | Best 0.0989 | Patience 11/40
 >> Epoch 032 | Train Total=0.6778 | Val post/prior Total=0.6981/0.7464, Recon post/prior=0.6134/0.6094, KL=0.0378, CycSim post/prior=0.0645/0.0438, CycMeas=0.1009, PriorBnd post/prior=1.81e-04/9.37e-05 | Best 0.0989 | Patience 12/40
 >> Epoch 033 | Train Total=0.6770 | Val post/prior Total=0.7164/0.7742, Recon post/prior=0.6238/0.6216, KL=0.0529, CycSim post/prior=0.0700/0.0541, CycMeas=0.1053, PriorBnd post/prior=1.27e-04/8.89e-05 | Best 0.0989 | Patience 13/40
 >> Epoch 034 | Train Total=0.6764 | Val post/prior Total=0.6928/0.7353, Recon post/prior=0.6085/0.6035, KL=0.0357, CycSim post/prior=0.0641/0.0398, CycMeas=0.1002, PriorBnd post/prior=2.20e-04/1.00e-04 | Best 0.0989 | Patience 14/40
 >> Epoch 035 | Train Total=0.6771 | Val post/prior Total=0.6933/0.7377, Recon post/prior=0.6075/0.6028, KL=0.0343, CycSim post/prior=0.0655/0.0435, CycMeas=0.0986, PriorBnd post/prior=2.77e-04/1.06e-04 | Best 0.0989 | Patience 15/40
[Update] best val_cyc_meas improved to 0.098570 @ epoch 35
 >> Epoch 036 | Train Total=0.6763 | Val post/prior Total=0.6903/0.7355, Recon post/prior=0.6070/0.6028, KL=0.0333, CycSim post/prior=0.0634/0.0408, CycMeas=0.0999, PriorBnd post/prior=3.54e-04/1.04e-04 | Best 0.0986 | Patience 1/40
 >> Epoch 037 | Train Total=0.6761 | Val post/prior Total=0.6943/0.7413, Recon post/prior=0.6055/0.6009, KL=0.0333, CycSim post/prior=0.0681/0.0472, CycMeas=0.0999, PriorBnd post/prior=2.48e-04/1.05e-04 | Best 0.0986 | Patience 2/40
 >> Epoch 038 | Train Total=0.6752 | Val post/prior Total=0.6837/0.7305, Recon post/prior=0.6038/0.5996, KL=0.0304, CycSim post/prior=0.0609/0.0391, CycMeas=0.1002, PriorBnd post/prior=1.23e-04/1.05e-04 | Best 0.0986 | Patience 3/40
 >> Epoch 039 | Train Total=0.6736 | Val post/prior Total=0.6842/0.7352, Recon post/prior=0.6021/0.5974, KL=0.0333, CycSim post/prior=0.0625/0.0417, CycMeas=0.1049, PriorBnd post/prior=2.99e-04/1.07e-04 | Best 0.0986 | Patience 4/40
 >> Epoch 040 | Train Total=0.6729 | Val post/prior Total=0.6864/0.7337, Recon post/prior=0.6040/0.6001, KL=0.0284, CycSim post/prior=0.0633/0.0420, CycMeas=0.0993, PriorBnd post/prior=1.39e-04/9.40e-05 | Best 0.0986 | Patience 5/40
 >> Epoch 041 | Train Total=0.6730 | Val post/prior Total=0.6845/0.7311, Recon post/prior=0.6007/0.5970, KL=0.0305, CycSim post/prior=0.0641/0.0398, CycMeas=0.1030, PriorBnd post/prior=2.30e-04/1.02e-04 | Best 0.0986 | Patience 6/40
 >> Epoch 042 | Train Total=0.6732 | Val post/prior Total=0.6808/0.7305, Recon post/prior=0.6010/0.5968, KL=0.0288, CycSim post/prior=0.0610/0.0420, CycMeas=0.0995, PriorBnd post/prior=1.86e-04/9.72e-05 | Best 0.0986 | Patience 7/40
 >> Epoch 043 | Train Total=0.6729 | Val post/prior Total=0.6774/0.7271, Recon post/prior=0.5995/0.5958, KL=0.0273, CycSim post/prior=0.0595/0.0388, CycMeas=0.1012, PriorBnd post/prior=1.40e-04/9.59e-05 | Best 0.0986 | Patience 8/40
 >> Epoch 044 | Train Total=0.6735 | Val post/prior Total=0.6833/0.7340, Recon post/prior=0.6030/0.5992, KL=0.0250, CycSim post/prior=0.0619/0.0434, CycMeas=0.0987, PriorBnd post/prior=1.42e-04/9.45e-05 | Best 0.0986 | Patience 9/40
 >> Epoch 045 | Train Total=0.6724 | Val post/prior Total=0.6754/0.7240, Recon post/prior=0.5972/0.5932, KL=0.0287, CycSim post/prior=0.0596/0.0391, CycMeas=0.0999, PriorBnd post/prior=1.60e-04/1.10e-04 | Best 0.0986 | Patience 10/40
 >> Epoch 046 | Train Total=0.6726 | Val post/prior Total=0.6714/0.7246, Recon post/prior=0.5958/0.5919, KL=0.0273, CycSim post/prior=0.0575/0.0406, CycMeas=0.1001, PriorBnd post/prior=2.10e-04/1.01e-04 | Best 0.0986 | Patience 11/40
 >> Epoch 047 | Train Total=0.6706 | Val post/prior Total=0.6710/0.7226, Recon post/prior=0.5955/0.5914, KL=0.0276, CycSim post/prior=0.0574/0.0394, CycMeas=0.0999, PriorBnd post/prior=2.21e-04/9.59e-05 | Best 0.0986 | Patience 12/40
 >> Epoch 048 | Train Total=0.6726 | Val post/prior Total=0.6772/0.7238, Recon post/prior=0.5956/0.5910, KL=0.0273, CycSim post/prior=0.0627/0.0414, CycMeas=0.0992, PriorBnd post/prior=1.15e-04/9.22e-05 | Best 0.0986 | Patience 13/40
 >> Epoch 049 | Train Total=0.6711 | Val post/prior Total=0.6753/0.7210, Recon post/prior=0.5937/0.5891, KL=0.0259, CycSim post/prior=0.0627/0.0410, CycMeas=0.0984, PriorBnd post/prior=1.96e-04/1.11e-04 | Best 0.0986 | Patience 14/40
[Update] best val_cyc_meas improved to 0.098429 @ epoch 49
 >> Epoch 050 | Train Total=0.6720 | Val post/prior Total=0.6864/0.7430, Recon post/prior=0.6012/0.5984, KL=0.0234, CycSim post/prior=0.0659/0.0494, CycMeas=0.1020, PriorBnd post/prior=2.49e-04/8.03e-05 | Best 0.0984 | Patience 1/40
 >> Epoch 051 | Train Total=0.6740 | Val post/prior Total=0.6753/0.7251, Recon post/prior=0.5932/0.5893, KL=0.0267, CycSim post/prior=0.0630/0.0421, CycMeas=0.1016, PriorBnd post/prior=1.72e-04/1.08e-04 | Best 0.0984 | Patience 2/40
 >> Epoch 052 | Train Total=0.6729 | Val post/prior Total=0.6696/0.7170, Recon post/prior=0.5908/0.5860, KL=0.0270, CycSim post/prior=0.0602/0.0390, CycMeas=0.1002, PriorBnd post/prior=1.43e-04/1.14e-04 | Best 0.0984 | Patience 3/40
 >> Epoch 053 | Train Total=0.6724 | Val post/prior Total=0.6671/0.7128, Recon post/prior=0.5895/0.5852, KL=0.0266, CycSim post/prior=0.0592/0.0377, CycMeas=0.0980, PriorBnd post/prior=1.41e-04/1.16e-04 | Best 0.0984 | Patience 4/40
[Update] best val_cyc_meas improved to 0.097952 @ epoch 53
 >> Epoch 054 | Train Total=0.6732 | Val post/prior Total=0.6659/0.7158, Recon post/prior=0.5891/0.5846, KL=0.0260, CycSim post/prior=0.0585/0.0367, CycMeas=0.1039, PriorBnd post/prior=1.55e-04/1.11e-04 | Best 0.0980 | Patience 1/40
 >> Epoch 055 | Train Total=0.6723 | Val post/prior Total=0.6683/0.7166, Recon post/prior=0.5905/0.5861, KL=0.0234, CycSim post/prior=0.0597/0.0396, CycMeas=0.0988, PriorBnd post/prior=1.46e-04/1.05e-04 | Best 0.0980 | Patience 2/40
 >> Epoch 056 | Train Total=0.6733 | Val post/prior Total=0.6682/0.7193, Recon post/prior=0.5914/0.5879, KL=0.0253, CycSim post/prior=0.0587/0.0403, CycMeas=0.0990, PriorBnd post/prior=1.06e-04/9.23e-05 | Best 0.0980 | Patience 3/40
 >> Epoch 057 | Train Total=0.6735 | Val post/prior Total=0.6719/0.7214, Recon post/prior=0.5912/0.5877, KL=0.0253, CycSim post/prior=0.0620/0.0416, CycMeas=0.0998, PriorBnd post/prior=1.84e-04/1.05e-04 | Best 0.0980 | Patience 4/40
 >> Epoch 058 | Train Total=0.6741 | Val post/prior Total=0.6639/0.7120, Recon post/prior=0.5883/0.5840, KL=0.0232, CycSim post/prior=0.0578/0.0372, CycMeas=0.0991, PriorBnd post/prior=2.26e-04/1.18e-04 | Best 0.0980 | Patience 5/40
 >> Epoch 059 | Train Total=0.6747 | Val post/prior Total=0.6667/0.7159, Recon post/prior=0.5896/0.5859, KL=0.0222, CycSim post/prior=0.0593/0.0392, CycMeas=0.0989, PriorBnd post/prior=1.56e-04/1.04e-04 | Best 0.0980 | Patience 6/40
 >> Epoch 060 | Train Total=0.6749 | Val post/prior Total=0.6636/0.7142, Recon post/prior=0.5890/0.5851, KL=0.0243, CycSim post/prior=0.0569/0.0381, CycMeas=0.0992, PriorBnd post/prior=2.51e-04/1.07e-04 | Best 0.0980 | Patience 7/40
 >> Epoch 061 | Train Total=0.6773 | Val post/prior Total=0.6634/0.7146, Recon post/prior=0.5885/0.5854, KL=0.0231, CycSim post/prior=0.0573/0.0387, CycMeas=0.0986, PriorBnd post/prior=1.15e-04/1.01e-04 | Best 0.0980 | Patience 8/40
 >> Epoch 062 | Train Total=0.6759 | Val post/prior Total=0.6683/0.7168, Recon post/prior=0.5895/0.5857, KL=0.0243, CycSim post/prior=0.0605/0.0410, CycMeas=0.0976, PriorBnd post/prior=2.04e-04/1.04e-04 | Best 0.0980 | Patience 9/40
[Update] best val_cyc_meas improved to 0.097616 @ epoch 62
 >> Epoch 063 | Train Total=0.6752 | Val post/prior Total=0.6624/0.7131, Recon post/prior=0.5876/0.5841, KL=0.0240, CycSim post/prior=0.0571/0.0377, CycMeas=0.0998, PriorBnd post/prior=1.90e-04/1.05e-04 | Best 0.0976 | Patience 1/40
 >> Epoch 064 | Train Total=0.6759 | Val post/prior Total=0.6599/0.7092, Recon post/prior=0.5857/0.5818, KL=0.0232, CycSim post/prior=0.0566/0.0371, CycMeas=0.0985, PriorBnd post/prior=1.70e-04/1.16e-04 | Best 0.0976 | Patience 2/40
 >> Epoch 065 | Train Total=0.6784 | Val post/prior Total=0.6618/0.7120, Recon post/prior=0.5877/0.5836, KL=0.0249, CycSim post/prior=0.0565/0.0374, CycMeas=0.0995, PriorBnd post/prior=1.39e-04/1.04e-04 | Best 0.0976 | Patience 3/40
 >> Epoch 066 | Train Total=0.6765 | Val post/prior Total=0.6615/0.7123, Recon post/prior=0.5871/0.5830, KL=0.0230, CycSim post/prior=0.0569/0.0384, CycMeas=0.0991, PriorBnd post/prior=1.34e-04/1.06e-04 | Best 0.0976 | Patience 4/40
 >> Epoch 067 | Train Total=0.6769 | Val post/prior Total=0.6701/0.7207, Recon post/prior=0.5902/0.5865, KL=0.0238, CycSim post/prior=0.0615/0.0432, CycMeas=0.0981, PriorBnd post/prior=1.02e-04/1.06e-04 | Best 0.0976 | Patience 5/40
 >> Epoch 068 | Train Total=0.6797 | Val post/prior Total=0.6655/0.7201, Recon post/prior=0.5893/0.5865, KL=0.0217, CycSim post/prior=0.0586/0.0426, CycMeas=0.0982, PriorBnd post/prior=1.22e-04/9.13e-05 | Best 0.0976 | Patience 6/40
 >> Epoch 069 | Train Total=0.6794 | Val post/prior Total=0.6628/0.7092, Recon post/prior=0.5851/0.5806, KL=0.0237, CycSim post/prior=0.0596/0.0383, CycMeas=0.0982, PriorBnd post/prior=1.95e-04/1.12e-04 | Best 0.0976 | Patience 7/40
 >> Epoch 070 | Train Total=0.6806 | Val post/prior Total=0.6611/0.7124, Recon post/prior=0.5858/0.5822, KL=0.0234, CycSim post/prior=0.0577/0.0386, CycMeas=0.1000, PriorBnd post/prior=1.19e-04/1.12e-04 | Best 0.0976 | Patience 8/40
 >> Epoch 071 | Train Total=0.6800 | Val post/prior Total=0.6623/0.7084, Recon post/prior=0.5841/0.5798, KL=0.0231, CycSim post/prior=0.0599/0.0376, CycMeas=0.0994, PriorBnd post/prior=2.25e-04/1.17e-04 | Best 0.0976 | Patience 9/40
 >> Epoch 072 | Train Total=0.6813 | Val post/prior Total=0.6602/0.7066, Recon post/prior=0.5836/0.5787, KL=0.0235, CycSim post/prior=0.0586/0.0373, CycMeas=0.0989, PriorBnd post/prior=2.15e-04/1.23e-04 | Best 0.0976 | Patience 10/40
 >> Epoch 073 | Train Total=0.6818 | Val post/prior Total=0.6616/0.7102, Recon post/prior=0.5856/0.5815, KL=0.0216, CycSim post/prior=0.0584/0.0384, CycMeas=0.0983, PriorBnd post/prior=1.09e-04/1.06e-04 | Best 0.0976 | Patience 11/40
 >> Epoch 074 | Train Total=0.6830 | Val post/prior Total=0.6604/0.7080, Recon post/prior=0.5851/0.5808, KL=0.0213, CycSim post/prior=0.0578/0.0374, CycMeas=0.0980, PriorBnd post/prior=1.53e-04/1.20e-04 | Best 0.0976 | Patience 12/40
 >> Epoch 075 | Train Total=0.6827 | Val post/prior Total=0.6592/0.7083, Recon post/prior=0.5853/0.5813, KL=0.0235, CycSim post/prior=0.0564/0.0373, CycMeas=0.0979, PriorBnd post/prior=1.37e-04/1.12e-04 | Best 0.0976 | Patience 13/40
 >> Epoch 076 | Train Total=0.6841 | Val post/prior Total=0.6589/0.7060, Recon post/prior=0.5831/0.5786, KL=0.0251, CycSim post/prior=0.0578/0.0363, CycMeas=0.0996, PriorBnd post/prior=1.92e-04/1.21e-04 | Best 0.0976 | Patience 14/40
 >> Epoch 077 | Train Total=0.6841 | Val post/prior Total=0.7230/0.7819, Recon post/prior=0.6140/0.6118, KL=0.0396, CycSim post/prior=0.0849/0.0710, CycMeas=0.1020, PriorBnd post/prior=1.00e-04/7.36e-05 | Best 0.0976 | Patience 15/40
 >> Epoch 078 | Train Total=0.6849 | Val post/prior Total=0.6873/0.7442, Recon post/prior=0.5992/0.5972, KL=0.0277, CycSim post/prior=0.0682/0.0535, CycMeas=0.0991, PriorBnd post/prior=1.13e-04/7.46e-05 | Best 0.0976 | Patience 16/40
 >> Epoch 079 | Train Total=0.6867 | Val post/prior Total=0.6619/0.7130, Recon post/prior=0.5854/0.5821, KL=0.0213, CycSim post/prior=0.0588/0.0404, CycMeas=0.0981, PriorBnd post/prior=1.37e-04/1.03e-04 | Best 0.0976 | Patience 17/40
 >> Epoch 080 | Train Total=0.6873 | Val post/prior Total=0.6603/0.7077, Recon post/prior=0.5832/0.5793, KL=0.0229, CycSim post/prior=0.0591/0.0376, CycMeas=0.0990, PriorBnd post/prior=1.41e-04/1.15e-04 | Best 0.0976 | Patience 18/40
 >> Epoch 081 | Train Total=0.6880 | Val post/prior Total=0.6605/0.7055, Recon post/prior=0.5831/0.5777, KL=0.0248, CycSim post/prior=0.0591/0.0367, CycMeas=0.0996, PriorBnd post/prior=3.36e-04/1.23e-04 | Best 0.0976 | Patience 19/40
 >> Epoch 082 | Train Total=0.6880 | Val post/prior Total=0.7374/0.8016, Recon post/prior=0.6247/0.6238, KL=0.0465, CycSim post/prior=0.0876/0.0744, CycMeas=0.1068, PriorBnd post/prior=7.07e-05/7.01e-05 | Best 0.0976 | Patience 20/40
 >> Epoch 083 | Train Total=0.6894 | Val post/prior Total=0.6719/0.7275, Recon post/prior=0.5904/0.5871, KL=0.0207, CycSim post/prior=0.0631/0.0477, CycMeas=0.0992, PriorBnd post/prior=1.09e-04/8.44e-05 | Best 0.0976 | Patience 21/40
 >> Epoch 084 | Train Total=0.6898 | Val post/prior Total=0.6574/0.7083, Recon post/prior=0.5843/0.5802, KL=0.0226, CycSim post/prior=0.0557/0.0382, CycMeas=0.0978, PriorBnd post/prior=1.70e-04/1.06e-04 | Best 0.0976 | Patience 22/40
 >> Epoch 085 | Train Total=0.6913 | Val post/prior Total=0.6587/0.7080, Recon post/prior=0.5828/0.5786, KL=0.0237, CycSim post/prior=0.0581/0.0382, CycMeas=0.0994, PriorBnd post/prior=1.76e-04/1.10e-04 | Best 0.0976 | Patience 23/40
 >> Epoch 086 | Train Total=0.6918 | Val post/prior Total=0.6590/0.7054, Recon post/prior=0.5833/0.5787, KL=0.0225, CycSim post/prior=0.0578/0.0366, CycMeas=0.0984, PriorBnd post/prior=2.82e-04/1.08e-04 | Best 0.0976 | Patience 24/40
 >> Epoch 087 | Train Total=0.6928 | Val post/prior Total=0.6602/0.7064, Recon post/prior=0.5827/0.5777, KL=0.0229, CycSim post/prior=0.0595/0.0383, CycMeas=0.0983, PriorBnd post/prior=1.67e-04/1.15e-04 | Best 0.0976 | Patience 25/40
 >> Epoch 088 | Train Total=0.6933 | Val post/prior Total=0.6640/0.7070, Recon post/prior=0.5818/0.5770, KL=0.0244, CycSim post/prior=0.0631/0.0380, CycMeas=0.1004, PriorBnd post/prior=2.02e-04/1.31e-04 | Best 0.0976 | Patience 26/40
 >> Epoch 089 | Train Total=0.6942 | Val post/prior Total=0.6656/0.7168, Recon post/prior=0.5870/0.5833, KL=0.0226, CycSim post/prior=0.0605/0.0415, CycMeas=0.0998, PriorBnd post/prior=1.76e-04/1.09e-04 | Best 0.0976 | Patience 27/40
 >> Epoch 090 | Train Total=0.6957 | Val post/prior Total=0.6586/0.7064, Recon post/prior=0.5832/0.5791, KL=0.0227, CycSim post/prior=0.0577/0.0376, CycMeas=0.0977, PriorBnd post/prior=1.13e-04/1.11e-04 | Best 0.0976 | Patience 28/40
 >> Epoch 091 | Train Total=0.6954 | Val post/prior Total=0.6898/0.7483, Recon post/prior=0.5972/0.5952, KL=0.0215, CycSim post/prior=0.0725/0.0587, CycMeas=0.0988, PriorBnd post/prior=1.16e-04/6.99e-05 | Best 0.0976 | Patience 29/40
 >> Epoch 092 | Train Total=0.6950 | Val post/prior Total=0.6653/0.7152, Recon post/prior=0.5841/0.5811, KL=0.0253, CycSim post/prior=0.0624/0.0408, CycMeas=0.1014, PriorBnd post/prior=1.51e-04/1.16e-04 | Best 0.0976 | Patience 30/40
 >> Epoch 093 | Train Total=0.6971 | Val post/prior Total=0.6590/0.7059, Recon post/prior=0.5837/0.5790, KL=0.0233, CycSim post/prior=0.0576/0.0368, CycMeas=0.0985, PriorBnd post/prior=1.70e-04/1.13e-04 | Best 0.0976 | Patience 31/40
 >> Epoch 094 | Train Total=0.6993 | Val post/prior Total=0.6581/0.7064, Recon post/prior=0.5826/0.5784, KL=0.0227, CycSim post/prior=0.0577/0.0372, CycMeas=0.0991, PriorBnd post/prior=1.79e-04/1.12e-04 | Best 0.0976 | Patience 32/40
 >> Epoch 095 | Train Total=0.6981 | Val post/prior Total=0.6775/0.7324, Recon post/prior=0.5951/0.5921, KL=0.0229, CycSim post/prior=0.0638/0.0486, CycMeas=0.0980, PriorBnd post/prior=8.77e-05/7.72e-05 | Best 0.0976 | Patience 33/40
 >> Epoch 096 | Train Total=0.6990 | Val post/prior Total=0.6609/0.7040, Recon post/prior=0.5824/0.5771, KL=0.0252, CycSim post/prior=0.0600/0.0375, CycMeas=0.0973, PriorBnd post/prior=2.07e-04/1.18e-04 | Best 0.0976 | Patience 34/40
[Update] best val_cyc_meas improved to 0.097311 @ epoch 96
 >> Epoch 097 | Train Total=0.6999 | Val post/prior Total=0.6690/0.7200, Recon post/prior=0.5863/0.5827, KL=0.0234, CycSim post/prior=0.0639/0.0449, CycMeas=0.0994, PriorBnd post/prior=1.39e-04/1.04e-04 | Best 0.0973 | Patience 1/40
 >> Epoch 098 | Train Total=0.7011 | Val post/prior Total=0.6573/0.7039, Recon post/prior=0.5820/0.5781, KL=0.0241, CycSim post/prior=0.0574/0.0360, CycMeas=0.0981, PriorBnd post/prior=1.89e-04/1.20e-04 | Best 0.0973 | Patience 2/40
 >> Epoch 099 | Train Total=0.7028 | Val post/prior Total=0.6575/0.7111, Recon post/prior=0.5823/0.5778, KL=0.0237, CycSim post/prior=0.0574/0.0376, CycMeas=0.1052, PriorBnd post/prior=1.68e-04/1.20e-04 | Best 0.0973 | Patience 3/40
 >> Epoch 100 | Train Total=0.7012 | Val post/prior Total=0.6572/0.7030, Recon post/prior=0.5819/0.5771, KL=0.0239, CycSim post/prior=0.0574/0.0362, CycMeas=0.0980, PriorBnd post/prior=2.54e-04/1.22e-04 | Best 0.0973 | Patience 4/40
 >> Epoch 101 | Train Total=0.7033 | Val post/prior Total=0.6572/0.7031, Recon post/prior=0.5820/0.5771, KL=0.0244, CycSim post/prior=0.0573/0.0367, CycMeas=0.0973, PriorBnd post/prior=2.46e-04/1.20e-04 | Best 0.0973 | Patience 5/40
 >> Epoch 102 | Train Total=0.7024 | Val post/prior Total=0.6575/0.7068, Recon post/prior=0.5836/0.5799, KL=0.0229, CycSim post/prior=0.0565/0.0368, CycMeas=0.0985, PriorBnd post/prior=1.48e-04/1.12e-04 | Best 0.0973 | Patience 6/40
 >> Epoch 103 | Train Total=0.7049 | Val post/prior Total=0.6566/0.7081, Recon post/prior=0.5838/0.5803, KL=0.0227, CycSim post/prior=0.0556/0.0380, CycMeas=0.0976, PriorBnd post/prior=1.66e-04/1.16e-04 | Best 0.0973 | Patience 7/40
 >> Epoch 104 | Train Total=0.7041 | Val post/prior Total=0.6591/0.7114, Recon post/prior=0.5847/0.5810, KL=0.0220, CycSim post/prior=0.0569/0.0394, CycMeas=0.0990, PriorBnd post/prior=2.77e-04/1.11e-04 | Best 0.0973 | Patience 8/40
 >> Epoch 105 | Train Total=0.7085 | Val post/prior Total=0.6619/0.7111, Recon post/prior=0.5851/0.5816, KL=0.0238, CycSim post/prior=0.0589/0.0394, CycMeas=0.0979, PriorBnd post/prior=1.29e-04/1.10e-04 | Best 0.0973 | Patience 9/40
 >> Epoch 106 | Train Total=0.7084 | Val post/prior Total=0.7268/0.7938, Recon post/prior=0.6199/0.6192, KL=0.0430, CycSim post/prior=0.0829/0.0692, CycMeas=0.1104, PriorBnd post/prior=8.34e-05/7.85e-05 | Best 0.0973 | Patience 10/40
 >> Epoch 107 | Train Total=0.7084 | Val post/prior Total=0.6565/0.7034, Recon post/prior=0.5823/0.5776, KL=0.0240, CycSim post/prior=0.0565/0.0361, CycMeas=0.0980, PriorBnd post/prior=1.57e-04/1.17e-04 | Best 0.0973 | Patience 11/40
 >> Epoch 108 | Train Total=0.7086 | Val post/prior Total=0.6705/0.7260, Recon post/prior=0.5920/0.5895, KL=0.0242, CycSim post/prior=0.0603/0.0453, CycMeas=0.0979, PriorBnd post/prior=2.29e-04/8.72e-05 | Best 0.0973 | Patience 12/40
 >> Epoch 109 | Train Total=0.7104 | Val post/prior Total=0.6594/0.7035, Recon post/prior=0.5828/0.5774, KL=0.0260, CycSim post/prior=0.0584/0.0364, CycMeas=0.0980, PriorBnd post/prior=1.83e-04/1.19e-04 | Best 0.0973 | Patience 13/40
 >> Epoch 110 | Train Total=0.7107 | Val post/prior Total=0.6650/0.7086, Recon post/prior=0.5836/0.5782, KL=0.0226, CycSim post/prior=0.0627/0.0403, CycMeas=0.0977, PriorBnd post/prior=1.58e-04/1.12e-04 | Best 0.0973 | Patience 14/40
 >> Epoch 111 | Train Total=0.7096 | Val post/prior Total=0.6581/0.7062, Recon post/prior=0.5826/0.5781, KL=0.0225, CycSim post/prior=0.0577/0.0371, CycMeas=0.0994, PriorBnd post/prior=2.60e-04/1.14e-04 | Best 0.0973 | Patience 15/40
 >> Epoch 112 | Train Total=0.7106 | Val post/prior Total=0.7044/0.7604, Recon post/prior=0.6076/0.6059, KL=0.0378, CycSim post/prior=0.0747/0.0587, CycMeas=0.1007, PriorBnd post/prior=9.96e-05/8.42e-05 | Best 0.0973 | Patience 16/40
 >> Epoch 113 | Train Total=0.7113 | Val post/prior Total=0.6646/0.7118, Recon post/prior=0.5864/0.5823, KL=0.0254, CycSim post/prior=0.0600/0.0398, CycMeas=0.0974, PriorBnd post/prior=1.77e-04/1.04e-04 | Best 0.0973 | Patience 17/40
 >> Epoch 114 | Train Total=0.7115 | Val post/prior Total=0.6583/0.7065, Recon post/prior=0.5825/0.5785, KL=0.0241, CycSim post/prior=0.0579/0.0377, CycMeas=0.0984, PriorBnd post/prior=1.41e-04/1.17e-04 | Best 0.0973 | Patience 18/40
 >> Epoch 115 | Train Total=0.7123 | Val post/prior Total=0.6565/0.7038, Recon post/prior=0.5822/0.5773, KL=0.0251, CycSim post/prior=0.0565/0.0365, CycMeas=0.0983, PriorBnd post/prior=1.57e-04/1.11e-04 | Best 0.0973 | Patience 19/40
 >> Epoch 116 | Train Total=0.7122 | Val post/prior Total=0.6600/0.7048, Recon post/prior=0.5825/0.5779, KL=0.0260, CycSim post/prior=0.0591/0.0374, CycMeas=0.0973, PriorBnd post/prior=1.95e-04/1.20e-04 | Best 0.0973 | Patience 20/40
[Update] best val_cyc_meas improved to 0.097298 @ epoch 116
 >> Epoch 117 | Train Total=0.7103 | Val post/prior Total=0.6581/0.7060, Recon post/prior=0.5832/0.5789, KL=0.0233, CycSim post/prior=0.0572/0.0370, CycMeas=0.0982, PriorBnd post/prior=2.15e-04/1.21e-04 | Best 0.0973 | Patience 1/40
 >> Epoch 118 | Train Total=0.7104 | Val post/prior Total=0.6638/0.7130, Recon post/prior=0.5862/0.5824, KL=0.0220, CycSim post/prior=0.0598/0.0402, CycMeas=0.0980, PriorBnd post/prior=1.37e-04/9.38e-05 | Best 0.0973 | Patience 2/40
 >> Epoch 119 | Train Total=0.7115 | Val post/prior Total=0.6545/0.7067, Recon post/prior=0.5830/0.5797, KL=0.0225, CycSim post/prior=0.0545/0.0375, CycMeas=0.0975, PriorBnd post/prior=1.07e-04/1.05e-04 | Best 0.0973 | Patience 3/40
 >> Epoch 120 | Train Total=0.7110 | Val post/prior Total=0.6597/0.7049, Recon post/prior=0.5819/0.5780, KL=0.0247, CycSim post/prior=0.0595/0.0371, CycMeas=0.0977, PriorBnd post/prior=2.08e-04/1.25e-04 | Best 0.0973 | Patience 4/40
 >> Epoch 121 | Train Total=0.7123 | Val post/prior Total=0.6630/0.7149, Recon post/prior=0.5865/0.5831, KL=0.0224, CycSim post/prior=0.0587/0.0406, CycMeas=0.0991, PriorBnd post/prior=1.79e-04/1.05e-04 | Best 0.0973 | Patience 5/40
 >> Epoch 122 | Train Total=0.7109 | Val post/prior Total=0.6607/0.7107, Recon post/prior=0.5860/0.5808, KL=0.0235, CycSim post/prior=0.0570/0.0396, CycMeas=0.0981, PriorBnd post/prior=2.48e-04/1.02e-04 | Best 0.0973 | Patience 6/40
 >> Epoch 123 | Train Total=0.7129 | Val post/prior Total=0.6556/0.7040, Recon post/prior=0.5821/0.5775, KL=0.0234, CycSim post/prior=0.0559/0.0366, CycMeas=0.0981, PriorBnd post/prior=1.74e-04/1.19e-04 | Best 0.0973 | Patience 7/40
 >> Epoch 124 | Train Total=0.7120 | Val post/prior Total=0.6609/0.7072, Recon post/prior=0.5834/0.5792, KL=0.0239, CycSim post/prior=0.0594/0.0384, CycMeas=0.0974, PriorBnd post/prior=1.91e-04/1.16e-04 | Best 0.0973 | Patience 8/40
 >> Epoch 125 | Train Total=0.7099 | Val post/prior Total=0.6633/0.7086, Recon post/prior=0.5822/0.5772, KL=0.0240, CycSim post/prior=0.0623/0.0396, CycMeas=0.0997, PriorBnd post/prior=1.90e-04/1.19e-04 | Best 0.0973 | Patience 9/40
 >> Epoch 126 | Train Total=0.7098 | Val post/prior Total=0.6953/0.7524, Recon post/prior=0.6028/0.6003, KL=0.0265, CycSim post/prior=0.0721/0.0581, CycMeas=0.0986, PriorBnd post/prior=7.39e-05/6.79e-05 | Best 0.0973 | Patience 10/40
 >> Epoch 127 | Train Total=0.7114 | Val post/prior Total=0.6809/0.7357, Recon post/prior=0.5925/0.5889, KL=0.0237, CycSim post/prior=0.0688/0.0527, CycMeas=0.0999, PriorBnd post/prior=1.12e-04/8.21e-05 | Best 0.0973 | Patience 11/40
 >> Epoch 128 | Train Total=0.7089 | Val post/prior Total=0.6644/0.7131, Recon post/prior=0.5851/0.5822, KL=0.0279, CycSim post/prior=0.0605/0.0409, CycMeas=0.0974, PriorBnd post/prior=1.30e-04/1.10e-04 | Best 0.0973 | Patience 12/40
 >> Epoch 129 | Train Total=0.7110 | Val post/prior Total=0.6601/0.7118, Recon post/prior=0.5859/0.5827, KL=0.0231, CycSim post/prior=0.0567/0.0395, CycMeas=0.0973, PriorBnd post/prior=1.25e-04/1.08e-04 | Best 0.0973 | Patience 13/40
[Update] best val_cyc_meas improved to 0.097252 @ epoch 129
 >> Epoch 130 | Train Total=0.7110 | Val post/prior Total=0.6580/0.7093, Recon post/prior=0.5845/0.5813, KL=0.0223, CycSim post/prior=0.0562/0.0384, CycMeas=0.0975, PriorBnd post/prior=1.85e-04/1.07e-04 | Best 0.0973 | Patience 1/40
 >> Epoch 131 | Train Total=0.7102 | Val post/prior Total=0.6582/0.7047, Recon post/prior=0.5828/0.5781, KL=0.0231, CycSim post/prior=0.0576/0.0369, CycMeas=0.0978, PriorBnd post/prior=2.22e-04/1.09e-04 | Best 0.0973 | Patience 2/40
 >> Epoch 132 | Train Total=0.7093 | Val post/prior Total=0.6582/0.7043, Recon post/prior=0.5820/0.5772, KL=0.0242, CycSim post/prior=0.0581/0.0373, CycMeas=0.0978, PriorBnd post/prior=1.74e-04/1.21e-04 | Best 0.0973 | Patience 3/40
 >> Epoch 133 | Train Total=0.7093 | Val post/prior Total=0.6603/0.7088, Recon post/prior=0.5846/0.5801, KL=0.0228, CycSim post/prior=0.0580/0.0391, CycMeas=0.0974, PriorBnd post/prior=1.12e-04/1.03e-04 | Best 0.0973 | Patience 4/40
 >> Epoch 134 | Train Total=0.7096 | Val post/prior Total=0.6579/0.7032, Recon post/prior=0.5821/0.5768, KL=0.0256, CycSim post/prior=0.0576/0.0362, CycMeas=0.0986, PriorBnd post/prior=2.34e-04/1.22e-04 | Best 0.0973 | Patience 5/40
 >> Epoch 135 | Train Total=0.7108 | Val post/prior Total=0.6606/0.7052, Recon post/prior=0.5824/0.5782, KL=0.0247, CycSim post/prior=0.0598/0.0375, CycMeas=0.0975, PriorBnd post/prior=2.14e-04/1.17e-04 | Best 0.0973 | Patience 6/40
 >> Epoch 136 | Train Total=0.7109 | Val post/prior Total=0.6591/0.7114, Recon post/prior=0.5835/0.5793, KL=0.0233, CycSim post/prior=0.0578/0.0378, CycMeas=0.1035, PriorBnd post/prior=1.66e-04/1.13e-04 | Best 0.0973 | Patience 7/40
 >> Epoch 137 | Train Total=0.7098 | Val post/prior Total=0.6586/0.7048, Recon post/prior=0.5826/0.5784, KL=0.0235, CycSim post/prior=0.0581/0.0367, CycMeas=0.0979, PriorBnd post/prior=1.45e-04/1.15e-04 | Best 0.0973 | Patience 8/40
 >> Epoch 138 | Train Total=0.7115 | Val post/prior Total=0.6610/0.7049, Recon post/prior=0.5818/0.5773, KL=0.0242, CycSim post/prior=0.0607/0.0377, CycMeas=0.0979, PriorBnd post/prior=1.53e-04/1.21e-04 | Best 0.0973 | Patience 9/40
 >> Epoch 139 | Train Total=0.7104 | Val post/prior Total=0.6618/0.7101, Recon post/prior=0.5841/0.5802, KL=0.0235, CycSim post/prior=0.0595/0.0396, CycMeas=0.0979, PriorBnd post/prior=1.26e-04/1.13e-04 | Best 0.0973 | Patience 10/40
 >> Epoch 140 | Train Total=0.7110 | Val post/prior Total=0.6616/0.7064, Recon post/prior=0.5823/0.5775, KL=0.0231, CycSim post/prior=0.0608/0.0385, CycMeas=0.0983, PriorBnd post/prior=1.73e-04/1.21e-04 | Best 0.0973 | Patience 11/40
 >> Epoch 141 | Train Total=0.7110 | Val post/prior Total=0.6600/0.7046, Recon post/prior=0.5824/0.5782, KL=0.0232, CycSim post/prior=0.0594/0.0363, CycMeas=0.0984, PriorBnd post/prior=2.08e-04/1.21e-04 | Best 0.0973 | Patience 12/40
 >> Epoch 142 | Train Total=0.7100 | Val post/prior Total=0.6559/0.7027, Recon post/prior=0.5817/0.5768, KL=0.0225, CycSim post/prior=0.0567/0.0366, CycMeas=0.0973, PriorBnd post/prior=1.28e-04/1.13e-04 | Best 0.0973 | Patience 13/40
 >> Epoch 143 | Train Total=0.7109 | Val post/prior Total=0.6626/0.7108, Recon post/prior=0.5849/0.5816, KL=0.0262, CycSim post/prior=0.0594/0.0390, CycMeas=0.0982, PriorBnd post/prior=1.54e-04/1.06e-04 | Best 0.0973 | Patience 14/40
 >> Epoch 144 | Train Total=0.7109 | Val post/prior Total=0.6573/0.7056, Recon post/prior=0.5831/0.5784, KL=0.0236, CycSim post/prior=0.0566/0.0375, CycMeas=0.0976, PriorBnd post/prior=2.14e-04/1.14e-04 | Best 0.0973 | Patience 15/40
 >> Epoch 145 | Train Total=0.7096 | Val post/prior Total=0.6574/0.7073, Recon post/prior=0.5832/0.5796, KL=0.0236, CycSim post/prior=0.0566/0.0378, CycMeas=0.0978, PriorBnd post/prior=1.19e-04/1.07e-04 | Best 0.0973 | Patience 16/40
 >> Epoch 146 | Train Total=0.7096 | Val post/prior Total=0.6586/0.7035, Recon post/prior=0.5818/0.5767, KL=0.0235, CycSim post/prior=0.0588/0.0371, CycMeas=0.0978, PriorBnd post/prior=1.51e-04/1.20e-04 | Best 0.0973 | Patience 17/40
 >> Epoch 147 | Train Total=0.7100 | Val post/prior Total=0.6597/0.7054, Recon post/prior=0.5829/0.5784, KL=0.0229, CycSim post/prior=0.0587/0.0376, CycMeas=0.0972, PriorBnd post/prior=3.20e-04/1.19e-04 | Best 0.0973 | Patience 18/40
[Update] best val_cyc_meas improved to 0.097218 @ epoch 147
 >> Epoch 148 | Train Total=0.7112 | Val post/prior Total=0.6556/0.7069, Recon post/prior=0.5827/0.5786, KL=0.0217, CycSim post/prior=0.0556/0.0370, CycMeas=0.0998, PriorBnd post/prior=2.30e-04/1.14e-04 | Best 0.0972 | Patience 1/40
 >> Epoch 149 | Train Total=0.7105 | Val post/prior Total=0.6619/0.7123, Recon post/prior=0.5850/0.5816, KL=0.0242, CycSim post/prior=0.0589/0.0404, CycMeas=0.0979, PriorBnd post/prior=1.33e-04/1.05e-04 | Best 0.0972 | Patience 2/40
 >> Epoch 150 | Train Total=0.7120 | Val post/prior Total=0.6573/0.7063, Recon post/prior=0.5839/0.5797, KL=0.0227, CycSim post/prior=0.0560/0.0373, CycMeas=0.0973, PriorBnd post/prior=1.33e-04/1.07e-04 | Best 0.0972 | Patience 3/40
 >> Epoch 151 | Train Total=0.7101 | Val post/prior Total=0.6614/0.7044, Recon post/prior=0.5821/0.5774, KL=0.0254, CycSim post/prior=0.0606/0.0370, CycMeas=0.0981, PriorBnd post/prior=2.79e-04/1.24e-04 | Best 0.0972 | Patience 4/40
 >> Epoch 152 | Train Total=0.7103 | Val post/prior Total=0.6587/0.7017, Recon post/prior=0.5812/0.5760, KL=0.0260, CycSim post/prior=0.0591/0.0361, CycMeas=0.0978, PriorBnd post/prior=1.90e-04/1.26e-04 | Best 0.0972 | Patience 5/40
 >> Epoch 153 | Train Total=0.7098 | Val post/prior Total=0.6572/0.7059, Recon post/prior=0.5830/0.5785, KL=0.0234, CycSim post/prior=0.0565/0.0368, CycMeas=0.0990, PriorBnd post/prior=3.13e-04/1.12e-04 | Best 0.0972 | Patience 6/40
 >> Epoch 154 | Train Total=0.7109 | Val post/prior Total=0.6589/0.7077, Recon post/prior=0.5835/0.5797, KL=0.0246, CycSim post/prior=0.0576/0.0380, CycMeas=0.0981, PriorBnd post/prior=1.42e-04/1.12e-04 | Best 0.0972 | Patience 7/40
 >> Epoch 155 | Train Total=0.7106 | Val post/prior Total=0.6594/0.7079, Recon post/prior=0.5839/0.5800, KL=0.0245, CycSim post/prior=0.0576/0.0383, CycMeas=0.0975, PriorBnd post/prior=1.95e-04/1.10e-04 | Best 0.0972 | Patience 8/40
 >> Epoch 156 | Train Total=0.7101 | Val post/prior Total=0.6744/0.7271, Recon post/prior=0.5904/0.5875, KL=0.0241, CycSim post/prior=0.0651/0.0480, CycMeas=0.0979, PriorBnd post/prior=1.08e-04/8.73e-05 | Best 0.0972 | Patience 9/40
 >> Epoch 157 | Train Total=0.7120 | Val post/prior Total=0.6618/0.7093, Recon post/prior=0.5849/0.5813, KL=0.0231, CycSim post/prior=0.0590/0.0381, CycMeas=0.0981, PriorBnd post/prior=1.38e-04/1.09e-04 | Best 0.0972 | Patience 10/40
 >> Epoch 158 | Train Total=0.7126 | Val post/prior Total=0.6563/0.7046, Recon post/prior=0.5827/0.5775, KL=0.0258, CycSim post/prior=0.0559/0.0372, CycMeas=0.0981, PriorBnd post/prior=2.58e-04/1.18e-04 | Best 0.0972 | Patience 11/40
 >> Epoch 159 | Train Total=0.7115 | Val post/prior Total=0.6615/0.7113, Recon post/prior=0.5846/0.5808, KL=0.0257, CycSim post/prior=0.0587/0.0396, CycMeas=0.0987, PriorBnd post/prior=1.49e-04/1.06e-04 | Best 0.0972 | Patience 12/40
 >> Epoch 160 | Train Total=0.7108 | Val post/prior Total=0.6597/0.7045, Recon post/prior=0.5830/0.5777, KL=0.0249, CycSim post/prior=0.0585/0.0371, CycMeas=0.0978, PriorBnd post/prior=2.70e-04/1.12e-04 | Best 0.0972 | Patience 13/40
 >> Epoch 161 | Train Total=0.7101 | Val post/prior Total=0.6554/0.7046, Recon post/prior=0.5825/0.5784, KL=0.0250, CycSim post/prior=0.0554/0.0365, CycMeas=0.0978, PriorBnd post/prior=2.22e-04/1.18e-04 | Best 0.0972 | Patience 14/40
 >> Epoch 162 | Train Total=0.7092 | Val post/prior Total=0.6573/0.7067, Recon post/prior=0.5830/0.5789, KL=0.0224, CycSim post/prior=0.0568/0.0375, CycMeas=0.0984, PriorBnd post/prior=1.61e-04/1.17e-04 | Best 0.0972 | Patience 15/40
 >> Epoch 163 | Train Total=0.7111 | Val post/prior Total=0.6592/0.7063, Recon post/prior=0.5825/0.5777, KL=0.0210, CycSim post/prior=0.0589/0.0386, CycMeas=0.0979, PriorBnd post/prior=1.18e-04/1.06e-04 | Best 0.0972 | Patience 16/40
 >> Epoch 164 | Train Total=0.7118 | Val post/prior Total=0.6570/0.7054, Recon post/prior=0.5829/0.5781, KL=0.0249, CycSim post/prior=0.0564/0.0374, CycMeas=0.0981, PriorBnd post/prior=1.65e-04/1.17e-04 | Best 0.0972 | Patience 17/40
 >> Epoch 165 | Train Total=0.7103 | Val post/prior Total=0.6596/0.7041, Recon post/prior=0.5821/0.5775, KL=0.0244, CycSim post/prior=0.0593/0.0370, CycMeas=0.0978, PriorBnd post/prior=1.55e-04/1.17e-04 | Best 0.0972 | Patience 18/40
 >> Epoch 166 | Train Total=0.7106 | Val post/prior Total=0.6594/0.7116, Recon post/prior=0.5862/0.5827, KL=0.0229, CycSim post/prior=0.0559/0.0387, CycMeas=0.0981, PriorBnd post/prior=1.67e-04/1.03e-04 | Best 0.0972 | Patience 19/40
 >> Epoch 167 | Train Total=0.7101 | Val post/prior Total=0.6596/0.7063, Recon post/prior=0.5829/0.5781, KL=0.0202, CycSim post/prior=0.0590/0.0383, CycMeas=0.0977, PriorBnd post/prior=1.41e-04/1.14e-04 | Best 0.0972 | Patience 20/40
 >> Epoch 168 | Train Total=0.7103 | Val post/prior Total=0.6572/0.7024, Recon post/prior=0.5816/0.5768, KL=0.0247, CycSim post/prior=0.0577/0.0360, CycMeas=0.0979, PriorBnd post/prior=1.38e-04/1.22e-04 | Best 0.0972 | Patience 21/40
 >> Epoch 169 | Train Total=0.7093 | Val post/prior Total=0.6582/0.7048, Recon post/prior=0.5822/0.5774, KL=0.0245, CycSim post/prior=0.0579/0.0372, CycMeas=0.0983, PriorBnd post/prior=1.82e-04/1.13e-04 | Best 0.0972 | Patience 22/40
 >> Epoch 170 | Train Total=0.7120 | Val post/prior Total=0.6617/0.7130, Recon post/prior=0.5864/0.5822, KL=0.0230, CycSim post/prior=0.0577/0.0403, CycMeas=0.0983, PriorBnd post/prior=1.42e-04/9.92e-05 | Best 0.0972 | Patience 23/40
 >> Epoch 171 | Train Total=0.7103 | Val post/prior Total=0.6578/0.7030, Recon post/prior=0.5821/0.5770, KL=0.0246, CycSim post/prior=0.0577/0.0366, CycMeas=0.0976, PriorBnd post/prior=2.65e-04/1.14e-04 | Best 0.0972 | Patience 24/40
 >> Epoch 172 | Train Total=0.7089 | Val post/prior Total=0.6609/0.7090, Recon post/prior=0.5837/0.5792, KL=0.0229, CycSim post/prior=0.0592/0.0391, CycMeas=0.0987, PriorBnd post/prior=1.22e-04/1.09e-04 | Best 0.0972 | Patience 25/40
 >> Epoch 173 | Train Total=0.7118 | Val post/prior Total=0.6564/0.7074, Recon post/prior=0.5838/0.5800, KL=0.0207, CycSim post/prior=0.0555/0.0377, CycMeas=0.0976, PriorBnd post/prior=1.85e-04/1.08e-04 | Best 0.0972 | Patience 26/40
 >> Epoch 174 | Train Total=0.7107 | Val post/prior Total=0.6631/0.7086, Recon post/prior=0.5836/0.5792, KL=0.0259, CycSim post/prior=0.0608/0.0392, CycMeas=0.0979, PriorBnd post/prior=2.86e-04/1.17e-04 | Best 0.0972 | Patience 27/40
 >> Epoch 175 | Train Total=0.7128 | Val post/prior Total=0.6595/0.7070, Recon post/prior=0.5840/0.5800, KL=0.0224, CycSim post/prior=0.0579/0.0375, CycMeas=0.0976, PriorBnd post/prior=1.72e-04/1.12e-04 | Best 0.0972 | Patience 28/40
 >> Epoch 176 | Train Total=0.7112 | Val post/prior Total=0.6589/0.7039, Recon post/prior=0.5824/0.5771, KL=0.0239, CycSim post/prior=0.0585/0.0368, CycMeas=0.0981, PriorBnd post/prior=1.41e-04/1.15e-04 | Best 0.0972 | Patience 29/40
 >> Epoch 177 | Train Total=0.7105 | Val post/prior Total=0.6666/0.7213, Recon post/prior=0.5895/0.5874, KL=0.0271, CycSim post/prior=0.0589/0.0431, CycMeas=0.0979, PriorBnd post/prior=1.06e-04/9.92e-05 | Best 0.0972 | Patience 30/40
 >> Epoch 178 | Train Total=0.7100 | Val post/prior Total=0.6615/0.7078, Recon post/prior=0.5832/0.5786, KL=0.0226, CycSim post/prior=0.0601/0.0386, CycMeas=0.0985, PriorBnd post/prior=1.85e-04/1.16e-04 | Best 0.0972 | Patience 31/40
 >> Epoch 179 | Train Total=0.7109 | Val post/prior Total=0.6583/0.7034, Recon post/prior=0.5824/0.5778, KL=0.0232, CycSim post/prior=0.0580/0.0363, CycMeas=0.0976, PriorBnd post/prior=1.77e-04/1.14e-04 | Best 0.0972 | Patience 32/40
 >> Epoch 180 | Train Total=0.7106 | Val post/prior Total=0.6597/0.7095, Recon post/prior=0.5849/0.5812, KL=0.0210, CycSim post/prior=0.0574/0.0382, CycMeas=0.0982, PriorBnd post/prior=1.53e-04/1.11e-04 | Best 0.0972 | Patience 33/40
 >> Epoch 181 | Train Total=0.7102 | Val post/prior Total=0.6570/0.7065, Recon post/prior=0.5841/0.5794, KL=0.0219, CycSim post/prior=0.0556/0.0377, CycMeas=0.0973, PriorBnd post/prior=1.64e-04/1.10e-04 | Best 0.0972 | Patience 34/40
 >> Epoch 182 | Train Total=0.7105 | Val post/prior Total=0.6598/0.7089, Recon post/prior=0.5845/0.5804, KL=0.0217, CycSim post/prior=0.0577/0.0383, CycMeas=0.0983, PriorBnd post/prior=1.12e-04/1.05e-04 | Best 0.0972 | Patience 35/40
 >> Epoch 183 | Train Total=0.7118 | Val post/prior Total=0.6578/0.7025, Recon post/prior=0.5817/0.5768, KL=0.0248, CycSim post/prior=0.0581/0.0361, CycMeas=0.0977, PriorBnd post/prior=2.49e-04/1.29e-04 | Best 0.0972 | Patience 36/40
 >> Epoch 184 | Train Total=0.7105 | Val post/prior Total=0.6577/0.7070, Recon post/prior=0.5842/0.5801, KL=0.0220, CycSim post/prior=0.0563/0.0370, CycMeas=0.0982, PriorBnd post/prior=1.24e-04/1.06e-04 | Best 0.0972 | Patience 37/40
 >> Epoch 185 | Train Total=0.7103 | Val post/prior Total=0.6602/0.7060, Recon post/prior=0.5830/0.5787, KL=0.0230, CycSim post/prior=0.0592/0.0374, CycMeas=0.0980, PriorBnd post/prior=1.74e-04/1.15e-04 | Best 0.0972 | Patience 38/40
 >> Epoch 186 | Train Total=0.7107 | Val post/prior Total=0.6578/0.7025, Recon post/prior=0.5812/0.5766, KL=0.0248, CycSim post/prior=0.0583/0.0360, CycMeas=0.0982, PriorBnd post/prior=2.03e-04/1.26e-04 | Best 0.0972 | Patience 39/40
 >> Epoch 187 | Train Total=0.7113 | Val post/prior Total=0.6609/0.7121, Recon post/prior=0.5852/0.5820, KL=0.0225, CycSim post/prior=0.0580/0.0401, CycMeas=0.0975, PriorBnd post/prior=1.03e-04/9.94e-05 | Best 0.0972 | Patience 40/40
[EarlyStop] at epoch 187
[Diag] Start to calcaulte diag in test preocess... 
[Diag] wrote 28930 rows to temp_Bidi_cvae\cvae_20251105-124145\diag_test.csv
[Diag] proxy_floor_ps  P50=0.0095  P90=0.0228  P95=0.0348  P99=0.2440
[Test] prior total=0.703401 | prior recon=0.577499 | kl=0.017978 | prior cyc_sim=0.036667 | cyc_meas=0.097374 | prior_l2=0.400219 | prior_bnd=0.000063 | 
