[log] tee initialized at 2025-11-28 01:12:50 -> temp_Unidi_cvae_14param_2channel\cvae_20251128-011250\train.log
[Data] Warning: Single measurement sample detected. Duplicating to N=2 for BatchNorm compatibility.
[Info] Loading dual proxies from temp_Unidi_cvae_14param_2channel/proxy_dual
[L_trust] using 20000 ref rows from temp_Unidi_cvae_14param_2channel/proxy_dual\proxy_Ytr_norm.npy
D:\Miniconda\envs\DL\Lib\site-packages\torch\optim\lr_scheduler.py:182: UserWarning: Detected call of `lr_scheduler.step()` before `optimizer.step()`. In PyTorch 1.1.0 and later, you should call them in the opposite order: `optimizer.step()` before `lr_scheduler.step()`.  Failure to do this will result in PyTorch skipping the first value of the learning rate schedule. See more details at https://pytorch.org/docs/stable/optim.html#how-to-adjust-learning-rate
  warnings.warn(
 >> Epoch 001 | Train Total=13.2806 | Val post/prior Total=5.8369/4.1570, Recon post/prior=1.0113/1.0010, KL=2.3912, | CycSim post total/iv/gm=0.3620/0.1556/0.2064, | CycSim prior total/iv/gm=0.3145/0.1273/0.1872, | CycMeas total/iv/gm=0.4160/0.1561/0.2599, | PriorBnd post/prior=2.33e-03/2.29e-03 | Best inf | Patience 1/40
[Update] best val_total_post improved to 5.836865 @ epoch 1
 >> Epoch 002 | Train Total=6.9654 | Val post/prior Total=5.8302/4.3600, Recon post/prior=1.0051/1.0034, KL=1.9238, | CycSim post total/iv/gm=0.3853/0.1738/0.2115, | CycSim prior total/iv/gm=0.3345/0.1523/0.1822, | CycMeas total/iv/gm=0.3676/0.1601/0.2075, | PriorBnd post/prior=2.36e-03/2.27e-03 | Best 5.8369 | Patience 1/40
[Update] best val_total_post improved to 5.830223 @ epoch 2
 >> Epoch 003 | Train Total=6.1762 | Val post/prior Total=5.2426/3.8126, Recon post/prior=0.9996/1.0041, KL=1.6730, | CycSim post total/iv/gm=0.3396/0.1531/0.1865, | CycSim prior total/iv/gm=0.2796/0.1276/0.1520, | CycMeas total/iv/gm=0.3555/0.1551/0.2003, | PriorBnd post/prior=2.40e-03/2.27e-03 | Best 5.8302 | Patience 1/40
[Update] best val_total_post improved to 5.242562 @ epoch 3
 >> Epoch 004 | Train Total=5.8384 | Val post/prior Total=5.3040/4.0602, Recon post/prior=0.9850/0.9875, KL=1.3721, | CycSim post total/iv/gm=0.3623/0.1626/0.1997, | CycSim prior total/iv/gm=0.3061/0.1389/0.1672, | CycMeas total/iv/gm=0.3438/0.1511/0.1927, | PriorBnd post/prior=2.28e-03/2.14e-03 | Best 5.2426 | Patience 1/40
 >> Epoch 005 | Train Total=5.4001 | Val post/prior Total=5.1491/4.2214, Recon post/prior=0.9672/0.9684, KL=1.2402, | CycSim post total/iv/gm=0.3552/0.1608/0.1944, | CycSim prior total/iv/gm=0.3242/0.1479/0.1763, | CycMeas total/iv/gm=0.3413/0.1524/0.1890, | PriorBnd post/prior=2.00e-03/1.99e-03 | Best 5.2426 | Patience 2/40
[Update] best val_total_post improved to 5.149095 @ epoch 5
 >> Epoch 006 | Train Total=5.1191 | Val post/prior Total=4.8586/3.8581, Recon post/prior=0.9608/0.9693, KL=1.3862, | CycSim post total/iv/gm=0.3195/0.1446/0.1749, | CycSim prior total/iv/gm=0.2877/0.1307/0.1570, | CycMeas total/iv/gm=0.2865/0.1288/0.1577, | PriorBnd post/prior=2.01e-03/1.95e-03 | Best 5.1491 | Patience 1/40
[Update] best val_total_post improved to 4.858552 @ epoch 6
 >> Epoch 007 | Train Total=4.9428 | Val post/prior Total=4.2762/3.1692, Recon post/prior=0.9578/0.9671, KL=1.4850, | CycSim post total/iv/gm=0.2566/0.1153/0.1413, | CycSim prior total/iv/gm=0.2189/0.0990/0.1199, | CycMeas total/iv/gm=0.2943/0.1374/0.1569, | PriorBnd post/prior=2.01e-03/1.94e-03 | Best 4.8586 | Patience 1/40
[Update] best val_total_post improved to 4.276224 @ epoch 7
 >> Epoch 008 | Train Total=4.8374 | Val post/prior Total=4.8465/3.9039, Recon post/prior=0.9443/0.9527, KL=1.2470, | CycSim post total/iv/gm=0.3269/0.1477/0.1792, | CycSim prior total/iv/gm=0.2939/0.1345/0.1594, | CycMeas total/iv/gm=0.2789/0.1302/0.1487, | PriorBnd post/prior=1.86e-03/1.88e-03 | Best 4.2762 | Patience 1/40
 >> Epoch 009 | Train Total=4.7367 | Val post/prior Total=4.8408/3.9093, Recon post/prior=0.9462/0.9600, KL=1.4340, | CycSim post total/iv/gm=0.3168/0.1402/0.1766, | CycSim prior total/iv/gm=0.2937/0.1306/0.1632, | CycMeas total/iv/gm=0.2299/0.1098/0.1201, | PriorBnd post/prior=1.84e-03/1.88e-03 | Best 4.2762 | Patience 2/40
 >> Epoch 010 | Train Total=4.6782 | Val post/prior Total=4.1976/2.9900, Recon post/prior=0.9332/0.9468, KL=1.4840, | CycSim post total/iv/gm=0.2513/0.1129/0.1384, | CycSim prior total/iv/gm=0.2032/0.0935/0.1097, | CycMeas total/iv/gm=0.1620/0.0801/0.0820, | PriorBnd post/prior=1.69e-03/1.70e-03 | Best 4.2762 | Patience 3/40
[Update] best val_total_post improved to 4.197596 @ epoch 10
 >> Epoch 011 | Train Total=4.5645 | Val post/prior Total=5.2028/4.0016, Recon post/prior=0.9330/0.9470, KL=1.7018, | CycSim post total/iv/gm=0.3410/0.1533/0.1877, | CycSim prior total/iv/gm=0.3042/0.1392/0.1651, | CycMeas total/iv/gm=0.2446/0.1193/0.1253, | PriorBnd post/prior=1.65e-03/1.68e-03 | Best 4.1976 | Patience 1/40
 >> Epoch 012 | Train Total=4.5136 | Val post/prior Total=5.3342/4.3894, Recon post/prior=0.9258/0.9391, KL=1.5263, | CycSim post total/iv/gm=0.3637/0.1650/0.1987, | CycSim prior total/iv/gm=0.3439/0.1575/0.1864, | CycMeas total/iv/gm=0.1693/0.0806/0.0888, | PriorBnd post/prior=1.71e-03/1.73e-03 | Best 4.1976 | Patience 2/40
 >> Epoch 013 | Train Total=4.4492 | Val post/prior Total=4.2753/3.4282, Recon post/prior=0.9286/0.9424, KL=1.3384, | CycSim post total/iv/gm=0.2669/0.1218/0.1451, | CycSim prior total/iv/gm=0.2474/0.1144/0.1330, | CycMeas total/iv/gm=0.2313/0.1095/0.1218, | PriorBnd post/prior=1.62e-03/1.59e-03 | Best 4.1976 | Patience 3/40
 >> Epoch 014 | Train Total=4.3940 | Val post/prior Total=3.9077/3.0660, Recon post/prior=0.9208/0.9345, KL=1.3038, | CycSim post total/iv/gm=0.2327/0.1034/0.1293, | CycSim prior total/iv/gm=0.2121/0.0953/0.1168, | CycMeas total/iv/gm=0.1960/0.0951/0.1008, | PriorBnd post/prior=1.51e-03/1.51e-03 | Best 4.1976 | Patience 4/40
[Update] best val_total_post improved to 3.907657 @ epoch 14
 >> Epoch 015 | Train Total=4.3897 | Val post/prior Total=4.0462/2.9690, Recon post/prior=0.9180/0.9361, KL=1.8112, | CycSim post total/iv/gm=0.2215/0.0981/0.1234, | CycSim prior total/iv/gm=0.2022/0.0889/0.1133, | CycMeas total/iv/gm=0.2048/0.0944/0.1105, | PriorBnd post/prior=1.55e-03/1.51e-03 | Best 3.9077 | Patience 1/40
 >> Epoch 016 | Train Total=4.3474 | Val post/prior Total=4.4841/3.5564, Recon post/prior=0.9197/0.9385, KL=1.4470, | CycSim post total/iv/gm=0.2833/0.1253/0.1580, | CycSim prior total/iv/gm=0.2607/0.1142/0.1465, | CycMeas total/iv/gm=0.1717/0.0827/0.0891, | PriorBnd post/prior=1.53e-03/1.55e-03 | Best 3.9077 | Patience 2/40
 >> Epoch 017 | Train Total=4.2923 | Val post/prior Total=5.2422/4.3048, Recon post/prior=0.9033/0.9188, KL=1.5155, | CycSim post total/iv/gm=0.3574/0.1596/0.1978, | CycSim prior total/iv/gm=0.3376/0.1522/0.1853, | CycMeas total/iv/gm=0.2013/0.0960/0.1053, | PriorBnd post/prior=1.40e-03/1.42e-03 | Best 3.9077 | Patience 3/40
 >> Epoch 018 | Train Total=4.3067 | Val post/prior Total=3.8072/2.6991, Recon post/prior=0.8972/0.9086, KL=1.5831, | CycSim post total/iv/gm=0.2112/0.0945/0.1167, | CycSim prior total/iv/gm=0.1781/0.0806/0.0975, | CycMeas total/iv/gm=0.2038/0.0945/0.1094, | PriorBnd post/prior=1.30e-03/1.33e-03 | Best 3.9077 | Patience 4/40
[Update] best val_total_post improved to 3.807177 @ epoch 18
 >> Epoch 019 | Train Total=4.2364 | Val post/prior Total=4.2516/3.1938, Recon post/prior=0.8841/0.8972, KL=1.8094, | CycSim post total/iv/gm=0.2457/0.1092/0.1365, | CycSim prior total/iv/gm=0.2288/0.1011/0.1277, | CycMeas total/iv/gm=0.1387/0.0722/0.0665, | PriorBnd post/prior=1.19e-03/1.27e-03 | Best 3.8072 | Patience 1/40
 >> Epoch 020 | Train Total=4.1894 | Val post/prior Total=5.2565/4.1605, Recon post/prior=0.8770/0.8895, KL=1.7948, | CycSim post total/iv/gm=0.3477/0.1542/0.1935, | CycSim prior total/iv/gm=0.3262/0.1461/0.1802, | CycMeas total/iv/gm=0.2051/0.0980/0.1071, | PriorBnd post/prior=1.11e-03/1.21e-03 | Best 3.8072 | Patience 2/40
 >> Epoch 021 | Train Total=4.2266 | Val post/prior Total=4.4389/3.3651, Recon post/prior=0.8713/0.8843, KL=1.5555, | CycSim post total/iv/gm=0.2785/0.1230/0.1555, | CycSim prior total/iv/gm=0.2473/0.1100/0.1373, | CycMeas total/iv/gm=0.1589/0.0714/0.0875, | PriorBnd post/prior=9.14e-04/1.04e-03 | Best 3.8072 | Patience 3/40
 >> Epoch 022 | Train Total=4.1314 | Val post/prior Total=4.1622/3.1254, Recon post/prior=0.8707/0.8834, KL=1.5320, | CycSim post total/iv/gm=0.2521/0.1118/0.1403, | CycSim prior total/iv/gm=0.2233/0.0995/0.1238, | CycMeas total/iv/gm=0.2265/0.1027/0.1237, | PriorBnd post/prior=5.29e-04/6.95e-04 | Best 3.8072 | Patience 4/40
 >> Epoch 023 | Train Total=4.1092 | Val post/prior Total=4.8207/3.4518, Recon post/prior=0.8744/0.8884, KL=2.1169, | CycSim post total/iv/gm=0.2883/0.1270/0.1613, | CycSim prior total/iv/gm=0.2556/0.1128/0.1427, | CycMeas total/iv/gm=0.1317/0.0649/0.0668, | PriorBnd post/prior=5.34e-04/7.88e-04 | Best 3.8072 | Patience 5/40
 >> Epoch 024 | Train Total=4.0320 | Val post/prior Total=4.3154/2.9587, Recon post/prior=0.8656/0.8791, KL=2.0319, | CycSim post total/iv/gm=0.2429/0.1087/0.1343, | CycSim prior total/iv/gm=0.2071/0.0924/0.1147, | CycMeas total/iv/gm=0.1884/0.0909/0.0975, | PriorBnd post/prior=3.46e-04/5.47e-04 | Best 3.8072 | Patience 6/40
 >> Epoch 025 | Train Total=4.1104 | Val post/prior Total=4.1364/3.0887, Recon post/prior=0.8593/0.8715, KL=1.8199, | CycSim post total/iv/gm=0.2363/0.1041/0.1322, | CycSim prior total/iv/gm=0.2209/0.0967/0.1242, | CycMeas total/iv/gm=0.1798/0.0905/0.0893, | PriorBnd post/prior=7.25e-06/6.66e-06 | Best 3.8072 | Patience 7/40
 >> Epoch 026 | Train Total=4.1137 | Val post/prior Total=5.1714/3.8314, Recon post/prior=0.8554/0.8705, KL=1.9221, | CycSim post total/iv/gm=0.3351/0.1466/0.1885, | CycSim prior total/iv/gm=0.2953/0.1295/0.1658, | CycMeas total/iv/gm=0.1603/0.0778/0.0825, | PriorBnd post/prior=1.84e-05/2.42e-05 | Best 3.8072 | Patience 8/40
 >> Epoch 027 | Train Total=4.0548 | Val post/prior Total=4.8798/3.5557, Recon post/prior=0.8573/0.8702, KL=2.2114, | CycSim post total/iv/gm=0.2913/0.1296/0.1617, | CycSim prior total/iv/gm=0.2676/0.1195/0.1482, | CycMeas total/iv/gm=0.2307/0.1161/0.1146, | PriorBnd post/prior=4.35e-05/6.94e-05 | Best 3.8072 | Patience 9/40
 >> Epoch 028 | Train Total=3.9257 | Val post/prior Total=5.7201/4.1514, Recon post/prior=0.8555/0.8705, KL=2.5262, | CycSim post total/iv/gm=0.3597/0.1586/0.2011, | CycSim prior total/iv/gm=0.3274/0.1441/0.1832, | CycMeas total/iv/gm=0.1224/0.0642/0.0583, | PriorBnd post/prior=5.48e-05/6.02e-05 | Best 3.8072 | Patience 10/40
 >> Epoch 029 | Train Total=3.9672 | Val post/prior Total=4.6784/3.4024, Recon post/prior=0.8546/0.8656, KL=2.0229, | CycSim post total/iv/gm=0.2808/0.1224/0.1584, | CycSim prior total/iv/gm=0.2529/0.1099/0.1431, | CycMeas total/iv/gm=0.1387/0.0716/0.0671, | PriorBnd post/prior=6.84e-06/1.27e-05 | Best 3.8072 | Patience 11/40
 >> Epoch 030 | Train Total=3.9667 | Val post/prior Total=5.1620/3.6717, Recon post/prior=0.8601/0.8752, KL=2.4935, | CycSim post total/iv/gm=0.3051/0.1300/0.1751, | CycSim prior total/iv/gm=0.2787/0.1192/0.1595, | CycMeas total/iv/gm=0.1891/0.0914/0.0977, | PriorBnd post/prior=1.31e-05/1.30e-05 | Best 3.8072 | Patience 12/40
 >> Epoch 031 | Train Total=3.9349 | Val post/prior Total=4.6470/3.0430, Recon post/prior=0.8603/0.8747, KL=2.5726, | CycSim post total/iv/gm=0.2496/0.1087/0.1409, | CycSim prior total/iv/gm=0.2160/0.0943/0.1218, | CycMeas total/iv/gm=0.1242/0.0655/0.0587, | PriorBnd post/prior=1.03e-05/1.36e-05 | Best 3.8072 | Patience 13/40
 >> Epoch 032 | Train Total=3.8827 | Val post/prior Total=4.7812/3.0533, Recon post/prior=0.8596/0.8725, KL=3.0959, | CycSim post total/iv/gm=0.2369/0.1036/0.1333, | CycSim prior total/iv/gm=0.2172/0.0941/0.1231, | CycMeas total/iv/gm=0.1903/0.0924/0.0979, | PriorBnd post/prior=3.06e-05/4.29e-05 | Best 3.8072 | Patience 14/40
 >> Epoch 033 | Train Total=3.8279 | Val post/prior Total=4.4986/2.6557, Recon post/prior=0.8632/0.8764, KL=2.9641, | CycSim post total/iv/gm=0.2149/0.0938/0.1211, | CycSim prior total/iv/gm=0.1770/0.0774/0.0997, | CycMeas total/iv/gm=0.1655/0.0831/0.0825, | PriorBnd post/prior=2.27e-05/3.47e-05 | Best 3.8072 | Patience 15/40
 >> Epoch 034 | Train Total=3.7460 | Val post/prior Total=4.4650/2.9819, Recon post/prior=0.8555/0.8684, KL=2.4906, | CycSim post total/iv/gm=0.2360/0.1029/0.1331, | CycSim prior total/iv/gm=0.2105/0.0917/0.1187, | CycMeas total/iv/gm=0.1592/0.0798/0.0794, | PriorBnd post/prior=2.25e-05/3.47e-05 | Best 3.8072 | Patience 16/40
 >> Epoch 035 | Train Total=3.7727 | Val post/prior Total=4.4363/2.7330, Recon post/prior=0.8607/0.8717, KL=3.1148, | CycSim post total/iv/gm=0.2013/0.0871/0.1143, | CycSim prior total/iv/gm=0.1852/0.0790/0.1063, | CycMeas total/iv/gm=0.1580/0.0780/0.0800, | PriorBnd post/prior=8.89e-05/1.17e-04 | Best 3.8072 | Patience 17/40
 >> Epoch 036 | Train Total=3.8438 | Val post/prior Total=4.9222/3.1248, Recon post/prior=0.8585/0.8712, KL=3.1079, | CycSim post total/iv/gm=0.2505/0.1083/0.1423, | CycSim prior total/iv/gm=0.2244/0.0975/0.1270, | CycMeas total/iv/gm=0.1685/0.0861/0.0824, | PriorBnd post/prior=3.18e-05/4.05e-05 | Best 3.8072 | Patience 18/40
 >> Epoch 037 | Train Total=3.7494 | Val post/prior Total=4.3953/2.6668, Recon post/prior=0.8615/0.8724, KL=3.0607, | CycSim post total/iv/gm=0.1999/0.0884/0.1115, | CycSim prior total/iv/gm=0.1785/0.0779/0.1006, | CycMeas total/iv/gm=0.1700/0.0871/0.0829, | PriorBnd post/prior=1.11e-04/1.45e-04 | Best 3.8072 | Patience 19/40
 >> Epoch 038 | Train Total=3.7170 | Val post/prior Total=4.6412/3.0611, Recon post/prior=0.8541/0.8635, KL=2.9652, | CycSim post total/iv/gm=0.2300/0.0989/0.1311, | CycSim prior total/iv/gm=0.2189/0.0927/0.1262, | CycMeas total/iv/gm=0.1378/0.0690/0.0688, | PriorBnd post/prior=5.82e-05/6.73e-05 | Best 3.8072 | Patience 20/40
 >> Epoch 039 | Train Total=4.0339 | Val post/prior Total=5.0735/3.3409, Recon post/prior=0.8493/0.8594, KL=2.9741, | CycSim post total/iv/gm=0.2733/0.1197/0.1535, | CycSim prior total/iv/gm=0.2472/0.1078/0.1394, | CycMeas total/iv/gm=0.1781/0.0882/0.0898, | PriorBnd post/prior=1.36e-05/1.43e-05 | Best 3.8072 | Patience 21/40
 >> Epoch 040 | Train Total=3.9002 | Val post/prior Total=3.8435/2.5250, Recon post/prior=0.8535/0.8585, KL=2.4901, | CycSim post total/iv/gm=0.1741/0.0748/0.0993, | CycSim prior total/iv/gm=0.1658/0.0704/0.0954, | CycMeas total/iv/gm=0.1563/0.0806/0.0757, | PriorBnd post/prior=2.07e-05/2.90e-05 | Best 3.8072 | Patience 22/40
 >> Epoch 041 | Train Total=3.8944 | Val post/prior Total=4.7708/3.0866, Recon post/prior=0.8589/0.8652, KL=3.1716, | CycSim post total/iv/gm=0.2321/0.1028/0.1293, | CycSim prior total/iv/gm=0.2213/0.0976/0.1237, | CycMeas total/iv/gm=0.1149/0.0617/0.0533, | PriorBnd post/prior=5.05e-05/7.50e-05 | Best 3.8072 | Patience 23/40
 >> Epoch 042 | Train Total=3.8831 | Val post/prior Total=5.0441/3.6323, Recon post/prior=0.8616/0.8685, KL=2.9446, | CycSim post total/iv/gm=0.2705/0.1132/0.1574, | CycSim prior total/iv/gm=0.2755/0.1145/0.1611, | CycMeas total/iv/gm=0.1257/0.0651/0.0606, | PriorBnd post/prior=1.32e-04/1.94e-04 | Best 3.8072 | Patience 24/40
 >> Epoch 043 | Train Total=3.8281 | Val post/prior Total=4.9805/3.6566, Recon post/prior=0.8454/0.8513, KL=2.6959, | CycSim post total/iv/gm=0.2783/0.1188/0.1595, | CycSim prior total/iv/gm=0.2797/0.1189/0.1608, | CycMeas total/iv/gm=0.1470/0.0752/0.0717, | PriorBnd post/prior=1.73e-05/3.51e-05 | Best 3.8072 | Patience 25/40
 >> Epoch 044 | Train Total=3.7647 | Val post/prior Total=4.9323/3.0303, Recon post/prior=0.8480/0.8460, KL=3.5406, | CycSim post total/iv/gm=0.2310/0.1018/0.1291, | CycSim prior total/iv/gm=0.2177/0.0943/0.1233, | CycMeas total/iv/gm=0.1204/0.0621/0.0583, | PriorBnd post/prior=1.64e-05/2.79e-05 | Best 3.8072 | Patience 26/40
 >> Epoch 045 | Train Total=3.9482 | Val post/prior Total=5.4771/3.5560, Recon post/prior=0.8450/0.8449, KL=3.8106, | CycSim post total/iv/gm=0.2723/0.1149/0.1574, | CycSim prior total/iv/gm=0.2703/0.1137/0.1566, | CycMeas total/iv/gm=0.1265/0.0652/0.0613, | PriorBnd post/prior=8.46e-06/1.73e-05 | Best 3.8072 | Patience 27/40
 >> Epoch 046 | Train Total=3.7692 | Val post/prior Total=4.7316/3.2388, Recon post/prior=0.8464/0.8440, KL=3.0814, | CycSim post total/iv/gm=0.2340/0.0988/0.1352, | CycSim prior total/iv/gm=0.2386/0.0991/0.1395, | CycMeas total/iv/gm=0.1563/0.0821/0.0743, | PriorBnd post/prior=8.46e-05/1.35e-04 | Best 3.8072 | Patience 28/40
 >> Epoch 047 | Train Total=3.5914 | Val post/prior Total=5.4247/3.5906, Recon post/prior=0.8489/0.8484, KL=3.4632, | CycSim post total/iv/gm=0.2840/0.1244/0.1596, | CycSim prior total/iv/gm=0.2733/0.1170/0.1563, | CycMeas total/iv/gm=0.1522/0.0785/0.0737, | PriorBnd post/prior=3.93e-05/7.18e-05 | Best 3.8072 | Patience 29/40
 >> Epoch 048 | Train Total=3.6152 | Val post/prior Total=4.6690/3.1268, Recon post/prior=0.8392/0.8396, KL=3.1861, | CycSim post total/iv/gm=0.2233/0.0929/0.1304, | CycSim prior total/iv/gm=0.2278/0.0930/0.1348, | CycMeas total/iv/gm=0.1607/0.0787/0.0820, | PriorBnd post/prior=1.33e-05/3.33e-05 | Best 3.8072 | Patience 30/40
 >> Epoch 049 | Train Total=3.6189 | Val post/prior Total=6.0870/4.0170, Recon post/prior=0.8446/0.8451, KL=4.2032, | CycSim post total/iv/gm=0.3137/0.1321/0.1816, | CycSim prior total/iv/gm=0.3163/0.1315/0.1848, | CycMeas total/iv/gm=0.1440/0.0739/0.0701, | PriorBnd post/prior=1.43e-05/2.80e-05 | Best 3.8072 | Patience 31/40
 >> Epoch 050 | Train Total=3.8317 | Val post/prior Total=4.8636/3.4769, Recon post/prior=0.8540/0.8537, KL=2.9719, | CycSim post total/iv/gm=0.2519/0.1070/0.1449, | CycSim prior total/iv/gm=0.2615/0.1092/0.1523, | CycMeas total/iv/gm=0.1167/0.0598/0.0569, | PriorBnd post/prior=5.88e-05/1.18e-04 | Best 3.8072 | Patience 32/40
 >> Epoch 051 | Train Total=3.7554 | Val post/prior Total=4.1459/2.8521, Recon post/prior=0.8612/0.8593, KL=2.5827, | CycSim post total/iv/gm=0.1989/0.0873/0.1116, | CycSim prior total/iv/gm=0.1982/0.0852/0.1130, | CycMeas total/iv/gm=0.1681/0.0875/0.0806, | PriorBnd post/prior=1.33e-04/2.07e-04 | Best 3.8072 | Patience 33/40
 >> Epoch 052 | Train Total=3.7984 | Val post/prior Total=4.8329/3.0664, Recon post/prior=0.8467/0.8485, KL=3.4662, | CycSim post total/iv/gm=0.2249/0.0972/0.1277, | CycSim prior total/iv/gm=0.2207/0.0953/0.1255, | CycMeas total/iv/gm=0.1748/0.0898/0.0850, | PriorBnd post/prior=1.03e-05/2.31e-05 | Best 3.8072 | Patience 34/40
 >> Epoch 053 | Train Total=3.8838 | Val post/prior Total=4.9787/3.1412, Recon post/prior=0.8478/0.8454, KL=3.4453, | CycSim post total/iv/gm=0.2404/0.1013/0.1391, | CycSim prior total/iv/gm=0.2287/0.0947/0.1340, | CycMeas total/iv/gm=0.1195/0.0640/0.0555, | PriorBnd post/prior=3.63e-05/8.15e-05 | Best 3.8072 | Patience 35/40
 >> Epoch 054 | Train Total=3.6482 | Val post/prior Total=4.8590/3.2664, Recon post/prior=0.8506/0.8492, KL=3.6605, | CycSim post total/iv/gm=0.2174/0.0915/0.1258, | CycSim prior total/iv/gm=0.2408/0.1002/0.1406, | CycMeas total/iv/gm=0.1278/0.0660/0.0617, | PriorBnd post/prior=5.38e-05/1.02e-04 | Best 3.8072 | Patience 36/40
 >> Epoch 055 | Train Total=3.6321 | Val post/prior Total=5.1401/3.1322, Recon post/prior=0.8583/0.8521, KL=4.1349, | CycSim post total/iv/gm=0.2210/0.0959/0.1250, | CycSim prior total/iv/gm=0.2270/0.0964/0.1306, | CycMeas total/iv/gm=0.1484/0.0760/0.0724, | PriorBnd post/prior=3.42e-05/5.69e-05 | Best 3.8072 | Patience 37/40
 >> Epoch 056 | Train Total=3.6594 | Val post/prior Total=6.6561/5.0864, Recon post/prior=0.8528/0.8503, KL=3.1201, | CycSim post total/iv/gm=0.4239/0.1794/0.2445, | CycSim prior total/iv/gm=0.4223/0.1782/0.2441, | CycMeas total/iv/gm=0.2294/0.1152/0.1142, | PriorBnd post/prior=1.40e-04/1.75e-04 | Best 3.8072 | Patience 38/40
 >> Epoch 057 | Train Total=3.8918 | Val post/prior Total=6.5278/4.5958, Recon post/prior=0.8547/0.8554, KL=3.9666, | CycSim post total/iv/gm=0.3685/0.1663/0.2022, | CycSim prior total/iv/gm=0.3732/0.1677/0.2055, | CycMeas total/iv/gm=0.0962/0.0518/0.0443, | PriorBnd post/prior=2.01e-04/2.60e-04 | Best 3.8072 | Patience 39/40
 >> Epoch 058 | Train Total=3.7360 | Val post/prior Total=5.2418/3.8424, Recon post/prior=0.8560/0.8657, KL=3.3788, | CycSim post total/iv/gm=0.2692/0.1119/0.1573, | CycSim prior total/iv/gm=0.2966/0.1231/0.1736, | CycMeas total/iv/gm=0.1360/0.0685/0.0675, | PriorBnd post/prior=9.97e-05/1.46e-04 | Best 3.8072 | Patience 40/40
[EarlyStop] at epoch 58
[Diag] Start to calcaulte diag in test preocess... 
[Diag] wrote 373 rows to temp_Unidi_cvae_14param_2channel\cvae_20251128-011250\diag_test.csv
[Diag] proxy_floor_ps  P50=0.0116  P90=0.0402  P95=0.0526  P99=0.0856
[Test] prior total=2.759786 | prior recon=0.909091 | kl=1.641278 | prior cyc_sim=0.182293 | cyc_meas=0.203831 | prior_l2=0.736315 | prior_bnd=0.001428 | 
