[log] tee initialized at 2025-11-08 23:02:47 -> temp_Bidi_cvae\cvae_20251108-230247\train.log
[L_trust] using 20000 ref rows from temp_Bidi_cvae/proxy\proxy_Ytr_norm.npy
 >> Epoch 001 | Train Total=14.6892 | Val post/prior Total=2557.5804/1.0324, Recon post/prior=2.6386/0.7449, KL=4646.3087, CycSim post/prior=0.1563/0.1092, CycMeas=0.1930, PriorBnd post/prior=5.17e-01/5.64e-04 | Best inf | Patience 1/40
[Update] best val_cyc_meas improved to 0.192989 @ epoch 1
 >> Epoch 002 | Train Total=0.9366 | Val post/prior Total=140.1238/0.9078, Recon post/prior=0.8167/0.7139, KL=676.8492, CycSim post/prior=0.1231/0.0758, CycMeas=0.1258, PriorBnd post/prior=2.93e-02/3.12e-04 | Best 0.1930 | Patience 1/40
[Update] best val_cyc_meas improved to 0.125837 @ epoch 2
 >> Epoch 003 | Train Total=0.8445 | Val post/prior Total=3.7142/0.9072, Recon post/prior=0.7303/0.7024, KL=13.2161, CycSim post/prior=0.1159/0.0740, CycMeas=0.1420, PriorBnd post/prior=5.69e-03/2.46e-04 | Best 0.1258 | Patience 1/40
 >> Epoch 004 | Train Total=0.8072 | Val post/prior Total=2.8750/0.8955, Recon post/prior=0.7318/0.6915, KL=7.8840, CycSim post/prior=0.1050/0.0662, CycMeas=0.1525, PriorBnd post/prior=9.51e-03/2.13e-04 | Best 0.1258 | Patience 2/40
 >> Epoch 005 | Train Total=0.7851 | Val post/prior Total=1.2097/0.8624, Recon post/prior=0.6946/0.6829, KL=1.9191, CycSim post/prior=0.0976/0.0600, CycMeas=0.1311, PriorBnd post/prior=1.96e-03/1.92e-04 | Best 0.1258 | Patience 3/40
 >> Epoch 006 | Train Total=0.7675 | Val post/prior Total=2.9823/0.8359, Recon post/prior=0.7406/0.6735, KL=2.4319, CycSim post/prior=0.0972/0.0545, CycMeas=0.1177, PriorBnd post/prior=1.66e-02/1.90e-04 | Best 0.1258 | Patience 4/40
[Update] best val_cyc_meas improved to 0.117661 @ epoch 6
 >> Epoch 007 | Train Total=0.7559 | Val post/prior Total=1.1607/0.8267, Recon post/prior=0.6933/0.6654, KL=1.0245, CycSim post/prior=0.0972/0.0561, CycMeas=0.1137, PriorBnd post/prior=6.18e-03/2.02e-04 | Best 0.1177 | Patience 1/40
[Update] best val_cyc_meas improved to 0.113734 @ epoch 7
 >> Epoch 008 | Train Total=0.7449 | Val post/prior Total=1.4106/0.8210, Recon post/prior=0.7038/0.6616, KL=0.3746, CycSim post/prior=0.0908/0.0518, CycMeas=0.1177, PriorBnd post/prior=9.77e-03/1.53e-04 | Best 0.1137 | Patience 1/40
 >> Epoch 009 | Train Total=0.7382 | Val post/prior Total=0.9067/0.8251, Recon post/prior=0.6818/0.6623, KL=0.1591, CycSim post/prior=0.0897/0.0548, CycMeas=0.1176, PriorBnd post/prior=4.09e-03/1.38e-04 | Best 0.1137 | Patience 2/40
 >> Epoch 010 | Train Total=0.7339 | Val post/prior Total=0.8023/0.8304, Recon post/prior=0.6713/0.6654, KL=0.1203, CycSim post/prior=0.0860/0.0591, CycMeas=0.1142, PriorBnd post/prior=6.82e-04/1.09e-04 | Best 0.1137 | Patience 3/40
 >> Epoch 011 | Train Total=0.7296 | Val post/prior Total=0.8105/0.8150, Recon post/prior=0.6675/0.6574, KL=0.1188, CycSim post/prior=0.0873/0.0573, CycMeas=0.1074, PriorBnd post/prior=1.81e-03/1.24e-04 | Best 0.1137 | Patience 4/40
[Update] best val_cyc_meas improved to 0.107419 @ epoch 11
 >> Epoch 012 | Train Total=0.7246 | Val post/prior Total=0.7953/0.8030, Recon post/prior=0.6619/0.6515, KL=0.0894, CycSim post/prior=0.0851/0.0518, CycMeas=0.1078, PriorBnd post/prior=1.54e-03/1.24e-04 | Best 0.1074 | Patience 1/40
 >> Epoch 013 | Train Total=0.7219 | Val post/prior Total=0.7951/0.7964, Recon post/prior=0.6577/0.6470, KL=0.0840, CycSim post/prior=0.0871/0.0498, CycMeas=0.1080, PriorBnd post/prior=1.85e-03/1.28e-04 | Best 0.1074 | Patience 2/40
 >> Epoch 014 | Train Total=0.7159 | Val post/prior Total=0.7754/0.7962, Recon post/prior=0.6503/0.6431, KL=0.0897, CycSim post/prior=0.0845/0.0539, CycMeas=0.1065, PriorBnd post/prior=9.13e-04/1.21e-04 | Best 0.1074 | Patience 3/40
[Update] best val_cyc_meas improved to 0.106480 @ epoch 14
 >> Epoch 015 | Train Total=0.7115 | Val post/prior Total=0.7620/0.7854, Recon post/prior=0.6499/0.6427, KL=0.0547, CycSim post/prior=0.0768/0.0477, CycMeas=0.1027, PriorBnd post/prior=1.29e-03/1.02e-04 | Best 0.1065 | Patience 1/40
[Update] best val_cyc_meas improved to 0.102727 @ epoch 15
 >> Epoch 016 | Train Total=0.7063 | Val post/prior Total=0.7925/0.8280, Recon post/prior=0.6599/0.6549, KL=0.0517, CycSim post/prior=0.0983/0.0715, CycMeas=0.1057, PriorBnd post/prior=7.28e-04/8.76e-05 | Best 0.1027 | Patience 1/40
 >> Epoch 017 | Train Total=0.7031 | Val post/prior Total=0.7537/0.7881, Recon post/prior=0.6455/0.6404, KL=0.0473, CycSim post/prior=0.0795/0.0511, CycMeas=0.1040, PriorBnd post/prior=3.81e-04/9.01e-05 | Best 0.1027 | Patience 2/40
 >> Epoch 018 | Train Total=0.7013 | Val post/prior Total=0.7538/0.7815, Recon post/prior=0.6397/0.6322, KL=0.0528, CycSim post/prior=0.0820/0.0499, CycMeas=0.1075, PriorBnd post/prior=5.80e-04/1.12e-04 | Best 0.1027 | Patience 3/40
 >> Epoch 019 | Train Total=0.7001 | Val post/prior Total=0.7516/0.7854, Recon post/prior=0.6417/0.6355, KL=0.0450, CycSim post/prior=0.0796/0.0518, CycMeas=0.1055, PriorBnd post/prior=7.56e-04/9.85e-05 | Best 0.1027 | Patience 4/40
 >> Epoch 020 | Train Total=0.6967 | Val post/prior Total=0.7406/0.7661, Recon post/prior=0.6371/0.6285, KL=0.0420, CycSim post/prior=0.0707/0.0452, CycMeas=0.0998, PriorBnd post/prior=1.34e-03/9.94e-05 | Best 0.1027 | Patience 5/40
[Update] best val_cyc_meas improved to 0.099753 @ epoch 20
 >> Epoch 021 | Train Total=0.6947 | Val post/prior Total=0.7331/0.7800, Recon post/prior=0.6350/0.6302, KL=0.0305, CycSim post/prior=0.0736/0.0481, CycMeas=0.1109, PriorBnd post/prior=3.46e-04/8.07e-05 | Best 0.0998 | Patience 1/40
 >> Epoch 022 | Train Total=0.6922 | Val post/prior Total=0.7260/0.7645, Recon post/prior=0.6291/0.6236, KL=0.0277, CycSim post/prior=0.0728/0.0484, CycMeas=0.0991, PriorBnd post/prior=5.50e-04/9.35e-05 | Best 0.0998 | Patience 2/40
[Update] best val_cyc_meas improved to 0.099072 @ epoch 22
 >> Epoch 023 | Train Total=0.6909 | Val post/prior Total=0.7251/0.7586, Recon post/prior=0.6282/0.6224, KL=0.0279, CycSim post/prior=0.0717/0.0444, CycMeas=0.0991, PriorBnd post/prior=8.89e-04/1.05e-04 | Best 0.0991 | Patience 1/40
 >> Epoch 024 | Train Total=0.6872 | Val post/prior Total=0.7234/0.7672, Recon post/prior=0.6269/0.6227, KL=0.0263, CycSim post/prior=0.0732/0.0503, CycMeas=0.1008, PriorBnd post/prior=2.01e-04/9.09e-05 | Best 0.0991 | Patience 2/40
 >> Epoch 025 | Train Total=0.6875 | Val post/prior Total=0.7157/0.7514, Recon post/prior=0.6242/0.6180, KL=0.0284, CycSim post/prior=0.0667/0.0418, CycMeas=0.0995, PriorBnd post/prior=9.08e-04/9.46e-05 | Best 0.0991 | Patience 3/40
 >> Epoch 026 | Train Total=0.6852 | Val post/prior Total=0.7157/0.7551, Recon post/prior=0.6234/0.6178, KL=0.0275, CycSim post/prior=0.0686/0.0437, CycMeas=0.1015, PriorBnd post/prior=5.89e-04/9.13e-05 | Best 0.0991 | Patience 4/40
 >> Epoch 027 | Train Total=0.6840 | Val post/prior Total=0.7115/0.7594, Recon post/prior=0.6229/0.6190, KL=0.0209, CycSim post/prior=0.0675/0.0481, CycMeas=0.0990, PriorBnd post/prior=2.06e-04/7.21e-05 | Best 0.0991 | Patience 5/40
[Update] best val_cyc_meas improved to 0.099015 @ epoch 27
 >> Epoch 028 | Train Total=0.6834 | Val post/prior Total=0.7110/0.7524, Recon post/prior=0.6183/0.6132, KL=0.0242, CycSim post/prior=0.0696/0.0462, CycMeas=0.1001, PriorBnd post/prior=6.10e-04/9.04e-05 | Best 0.0990 | Patience 1/40
 >> Epoch 029 | Train Total=0.6830 | Val post/prior Total=0.7042/0.7461, Recon post/prior=0.6173/0.6131, KL=0.0214, CycSim post/prior=0.0655/0.0417, CycMeas=0.0990, PriorBnd post/prior=4.20e-04/1.02e-04 | Best 0.0990 | Patience 2/40
[Update] best val_cyc_meas improved to 0.098972 @ epoch 29
 >> Epoch 030 | Train Total=0.6816 | Val post/prior Total=0.7086/0.7476, Recon post/prior=0.6167/0.6098, KL=0.0211, CycSim post/prior=0.0667/0.0460, CycMeas=0.0985, PriorBnd post/prior=1.02e-03/8.97e-05 | Best 0.0990 | Patience 1/40
[Update] best val_cyc_meas improved to 0.098480 @ epoch 30
 >> Epoch 031 | Train Total=0.6799 | Val post/prior Total=0.6997/0.7434, Recon post/prior=0.6127/0.6080, KL=0.0195, CycSim post/prior=0.0662/0.0429, CycMeas=0.1001, PriorBnd post/prior=2.73e-04/8.70e-05 | Best 0.0985 | Patience 1/40
 >> Epoch 032 | Train Total=0.6787 | Val post/prior Total=0.7027/0.7396, Recon post/prior=0.6117/0.6052, KL=0.0243, CycSim post/prior=0.0677/0.0423, CycMeas=0.0997, PriorBnd post/prior=7.14e-04/1.02e-04 | Best 0.0985 | Patience 2/40
 >> Epoch 033 | Train Total=0.6764 | Val post/prior Total=0.6932/0.7378, Recon post/prior=0.6106/0.6066, KL=0.0194, CycSim post/prior=0.0626/0.0400, CycMeas=0.0993, PriorBnd post/prior=2.13e-04/8.02e-05 | Best 0.0985 | Patience 3/40
 >> Epoch 034 | Train Total=0.6774 | Val post/prior Total=0.7140/0.7696, Recon post/prior=0.6202/0.6171, KL=0.0248, CycSim post/prior=0.0713/0.0530, CycMeas=0.1070, PriorBnd post/prior=2.33e-04/9.08e-05 | Best 0.0985 | Patience 4/40
 >> Epoch 035 | Train Total=0.6776 | Val post/prior Total=0.7524/0.8014, Recon post/prior=0.6301/0.6267, KL=0.0362, CycSim post/prior=0.0927/0.0733, CycMeas=0.1046, PriorBnd post/prior=5.12e-04/6.72e-05 | Best 0.0985 | Patience 5/40
 >> Epoch 036 | Train Total=0.6763 | Val post/prior Total=0.6957/0.7433, Recon post/prior=0.6095/0.6043, KL=0.0188, CycSim post/prior=0.0651/0.0439, CycMeas=0.1033, PriorBnd post/prior=5.73e-04/9.17e-05 | Best 0.0985 | Patience 6/40
 >> Epoch 037 | Train Total=0.6768 | Val post/prior Total=0.6904/0.7374, Recon post/prior=0.6061/0.6011, KL=0.0184, CycSim post/prior=0.0637/0.0431, CycMeas=0.1009, PriorBnd post/prior=4.83e-04/9.42e-05 | Best 0.0985 | Patience 7/40
 >> Epoch 038 | Train Total=0.6762 | Val post/prior Total=0.7138/0.7650, Recon post/prior=0.6158/0.6130, KL=0.0204, CycSim post/prior=0.0754/0.0574, CycMeas=0.0997, PriorBnd post/prior=2.15e-04/8.36e-05 | Best 0.0985 | Patience 8/40
 >> Epoch 039 | Train Total=0.6736 | Val post/prior Total=0.6852/0.7295, Recon post/prior=0.6037/0.5996, KL=0.0165, CycSim post/prior=0.0621/0.0391, CycMeas=0.0989, PriorBnd post/prior=2.05e-04/8.93e-05 | Best 0.0985 | Patience 9/40
 >> Epoch 040 | Train Total=0.6732 | Val post/prior Total=0.6843/0.7266, Recon post/prior=0.6026/0.5976, KL=0.0177, CycSim post/prior=0.0613/0.0384, CycMeas=0.0988, PriorBnd post/prior=5.01e-04/9.00e-05 | Best 0.0985 | Patience 10/40
 >> Epoch 041 | Train Total=0.6741 | Val post/prior Total=0.6832/0.7350, Recon post/prior=0.6033/0.5995, KL=0.0155, CycSim post/prior=0.0610/0.0401, CycMeas=0.1047, PriorBnd post/prior=2.37e-04/7.53e-05 | Best 0.0985 | Patience 11/40
 >> Epoch 042 | Train Total=0.6726 | Val post/prior Total=0.7758/0.8396, Recon post/prior=0.6403/0.6389, KL=0.0357, CycSim post/prior=0.1047/0.0913, CycMeas=0.1104, PriorBnd post/prior=6.63e-05/4.27e-05 | Best 0.0985 | Patience 12/40
 >> Epoch 043 | Train Total=0.6744 | Val post/prior Total=0.6742/0.7268, Recon post/prior=0.5998/0.5967, KL=0.0153, CycSim post/prior=0.0563/0.0397, CycMeas=0.0981, PriorBnd post/prior=1.70e-04/7.78e-05 | Best 0.0985 | Patience 13/40
[Update] best val_cyc_meas improved to 0.098090 @ epoch 43
 >> Epoch 044 | Train Total=0.6738 | Val post/prior Total=0.7072/0.7599, Recon post/prior=0.6104/0.6074, KL=0.0191, CycSim post/prior=0.0744/0.0587, CycMeas=0.0982, PriorBnd post/prior=3.98e-04/5.54e-05 | Best 0.0981 | Patience 1/40
 >> Epoch 045 | Train Total=0.6735 | Val post/prior Total=0.6837/0.7337, Recon post/prior=0.6008/0.5982, KL=0.0157, CycSim post/prior=0.0633/0.0443, CycMeas=0.0981, PriorBnd post/prior=1.50e-04/8.03e-05 | Best 0.0981 | Patience 2/40
 >> Epoch 046 | Train Total=0.6731 | Val post/prior Total=0.6781/0.7200, Recon post/prior=0.5955/0.5906, KL=0.0178, CycSim post/prior=0.0625/0.0385, CycMeas=0.0989, PriorBnd post/prior=3.78e-04/8.68e-05 | Best 0.0981 | Patience 3/40
 >> Epoch 047 | Train Total=0.6717 | Val post/prior Total=0.7089/0.7618, Recon post/prior=0.6128/0.6092, KL=0.0218, CycSim post/prior=0.0728/0.0571, CycMeas=0.1008, PriorBnd post/prior=5.36e-04/6.60e-05 | Best 0.0981 | Patience 4/40
 >> Epoch 048 | Train Total=0.6729 | Val post/prior Total=0.6982/0.7492, Recon post/prior=0.6050/0.6024, KL=0.0174, CycSim post/prior=0.0719/0.0531, CycMeas=0.0994, PriorBnd post/prior=1.65e-04/6.95e-05 | Best 0.0981 | Patience 5/40
 >> Epoch 049 | Train Total=0.6735 | Val post/prior Total=0.7031/0.7649, Recon post/prior=0.6112/0.6097, KL=0.0171, CycSim post/prior=0.0709/0.0599, CycMeas=0.0998, PriorBnd post/prior=1.45e-04/6.10e-05 | Best 0.0981 | Patience 6/40
 >> Epoch 050 | Train Total=0.6746 | Val post/prior Total=0.6853/0.7364, Recon post/prior=0.5983/0.5942, KL=0.0185, CycSim post/prior=0.0659/0.0483, CycMeas=0.1005, PriorBnd post/prior=4.57e-04/7.53e-05 | Best 0.0981 | Patience 7/40
 >> Epoch 051 | Train Total=0.6737 | Val post/prior Total=0.6733/0.7202, Recon post/prior=0.5956/0.5908, KL=0.0148, CycSim post/prior=0.0586/0.0396, CycMeas=0.0975, PriorBnd post/prior=4.92e-04/8.66e-05 | Best 0.0981 | Patience 8/40
[Update] best val_cyc_meas improved to 0.097489 @ epoch 51
 >> Epoch 052 | Train Total=0.6750 | Val post/prior Total=0.6969/0.7501, Recon post/prior=0.6062/0.6036, KL=0.0208, CycSim post/prior=0.0691/0.0529, CycMeas=0.0991, PriorBnd post/prior=2.96e-04/6.63e-05 | Best 0.0975 | Patience 1/40
 >> Epoch 053 | Train Total=0.6731 | Val post/prior Total=0.6760/0.7221, Recon post/prior=0.5954/0.5908, KL=0.0142, CycSim post/prior=0.0615/0.0411, CycMeas=0.0977, PriorBnd post/prior=3.80e-04/7.76e-05 | Best 0.0975 | Patience 2/40
 >> Epoch 054 | Train Total=0.6737 | Val post/prior Total=0.6702/0.7163, Recon post/prior=0.5907/0.5861, KL=0.0156, CycSim post/prior=0.0605/0.0388, CycMeas=0.0997, PriorBnd post/prior=1.82e-04/8.97e-05 | Best 0.0975 | Patience 3/40
 >> Epoch 055 | Train Total=0.6731 | Val post/prior Total=0.6705/0.7130, Recon post/prior=0.5912/0.5853, KL=0.0142, CycSim post/prior=0.0595/0.0373, CycMeas=0.0986, PriorBnd post/prior=6.42e-04/9.58e-05 | Best 0.0975 | Patience 4/40
 >> Epoch 056 | Train Total=0.6739 | Val post/prior Total=0.6665/0.7152, Recon post/prior=0.5914/0.5877, KL=0.0145, CycSim post/prior=0.0570/0.0375, CycMeas=0.0981, PriorBnd post/prior=2.07e-04/8.91e-05 | Best 0.0975 | Patience 5/40
 >> Epoch 057 | Train Total=0.6752 | Val post/prior Total=0.6662/0.7107, Recon post/prior=0.5886/0.5833, KL=0.0149, CycSim post/prior=0.0589/0.0374, CycMeas=0.0982, PriorBnd post/prior=3.11e-04/9.91e-05 | Best 0.0975 | Patience 6/40
 >> Epoch 058 | Train Total=0.6768 | Val post/prior Total=0.6675/0.7173, Recon post/prior=0.5917/0.5868, KL=0.0143, CycSim post/prior=0.0573/0.0407, CycMeas=0.0972, PriorBnd post/prior=3.62e-04/8.87e-05 | Best 0.0975 | Patience 7/40
[Update] best val_cyc_meas improved to 0.097172 @ epoch 58
 >> Epoch 059 | Train Total=0.6759 | Val post/prior Total=0.6660/0.7122, Recon post/prior=0.5902/0.5848, KL=0.0158, CycSim post/prior=0.0570/0.0377, CycMeas=0.0977, PriorBnd post/prior=3.93e-04/8.63e-05 | Best 0.0972 | Patience 1/40
 >> Epoch 060 | Train Total=0.6778 | Val post/prior Total=0.6678/0.7103, Recon post/prior=0.5878/0.5824, KL=0.0160, CycSim post/prior=0.0605/0.0377, CycMeas=0.0983, PriorBnd post/prior=3.61e-04/1.05e-04 | Best 0.0972 | Patience 2/40
 >> Epoch 061 | Train Total=0.6766 | Val post/prior Total=0.6666/0.7107, Recon post/prior=0.5879/0.5826, KL=0.0147, CycSim post/prior=0.0597/0.0373, CycMeas=0.0991, PriorBnd post/prior=3.96e-04/1.01e-04 | Best 0.0972 | Patience 3/40
 >> Epoch 062 | Train Total=0.6768 | Val post/prior Total=0.6629/0.7136, Recon post/prior=0.5879/0.5834, KL=0.0135, CycSim post/prior=0.0569/0.0393, CycMeas=0.0987, PriorBnd post/prior=2.41e-04/9.04e-05 | Best 0.0972 | Patience 4/40
 >> Epoch 063 | Train Total=0.6768 | Val post/prior Total=0.6657/0.7118, Recon post/prior=0.5866/0.5818, KL=0.0137, CycSim post/prior=0.0603/0.0381, CycMeas=0.1002, PriorBnd post/prior=2.46e-04/1.02e-04 | Best 0.0972 | Patience 5/40
 >> Epoch 064 | Train Total=0.6776 | Val post/prior Total=0.6672/0.7179, Recon post/prior=0.5894/0.5855, KL=0.0142, CycSim post/prior=0.0594/0.0413, CycMeas=0.0986, PriorBnd post/prior=2.15e-04/8.80e-05 | Best 0.0972 | Patience 6/40
 >> Epoch 065 | Train Total=0.6791 | Val post/prior Total=0.6695/0.7172, Recon post/prior=0.5902/0.5859, KL=0.0146, CycSim post/prior=0.0605/0.0411, CycMeas=0.0977, PriorBnd post/prior=2.44e-04/9.44e-05 | Best 0.0972 | Patience 7/40
 >> Epoch 066 | Train Total=0.6780 | Val post/prior Total=0.6655/0.7143, Recon post/prior=0.5891/0.5853, KL=0.0143, CycSim post/prior=0.0582/0.0396, CycMeas=0.0969, PriorBnd post/prior=1.40e-04/8.74e-05 | Best 0.0972 | Patience 8/40
[Update] best val_cyc_meas improved to 0.096933 @ epoch 66
 >> Epoch 067 | Train Total=0.6798 | Val post/prior Total=0.6697/0.7068, Recon post/prior=0.5863/0.5791, KL=0.0159, CycSim post/prior=0.0624/0.0381, CycMeas=0.0974, PriorBnd post/prior=6.69e-04/1.05e-04 | Best 0.0969 | Patience 1/40
 >> Epoch 068 | Train Total=0.6795 | Val post/prior Total=0.6627/0.7104, Recon post/prior=0.5872/0.5829, KL=0.0132, CycSim post/prior=0.0576/0.0376, CycMeas=0.0980, PriorBnd post/prior=1.64e-04/8.89e-05 | Best 0.0969 | Patience 2/40
 >> Epoch 069 | Train Total=0.6802 | Val post/prior Total=0.6686/0.7200, Recon post/prior=0.5911/0.5879, KL=0.0139, CycSim post/prior=0.0592/0.0415, CycMeas=0.0983, PriorBnd post/prior=1.83e-04/7.59e-05 | Best 0.0969 | Patience 3/40
 >> Epoch 070 | Train Total=0.6796 | Val post/prior Total=0.6682/0.7076, Recon post/prior=0.5872/0.5803, KL=0.0153, CycSim post/prior=0.0593/0.0375, CycMeas=0.0976, PriorBnd post/prior=9.04e-04/1.02e-04 | Best 0.0969 | Patience 4/40
 >> Epoch 071 | Train Total=0.6806 | Val post/prior Total=0.6626/0.7077, Recon post/prior=0.5852/0.5797, KL=0.0142, CycSim post/prior=0.0586/0.0382, CycMeas=0.0976, PriorBnd post/prior=3.85e-04/9.71e-05 | Best 0.0969 | Patience 5/40
 >> Epoch 072 | Train Total=0.6818 | Val post/prior Total=0.6666/0.7076, Recon post/prior=0.5864/0.5799, KL=0.0141, CycSim post/prior=0.0605/0.0376, CycMeas=0.0981, PriorBnd post/prior=6.51e-04/1.01e-04 | Best 0.0969 | Patience 6/40
 >> Epoch 073 | Train Total=0.6820 | Val post/prior Total=0.6661/0.7157, Recon post/prior=0.5877/0.5835, KL=0.0131, CycSim post/prior=0.0600/0.0420, CycMeas=0.0973, PriorBnd post/prior=2.02e-04/8.64e-05 | Best 0.0969 | Patience 7/40
 >> Epoch 074 | Train Total=0.6840 | Val post/prior Total=0.6676/0.7099, Recon post/prior=0.5862/0.5801, KL=0.0144, CycSim post/prior=0.0615/0.0392, CycMeas=0.0986, PriorBnd post/prior=5.54e-04/9.93e-05 | Best 0.0969 | Patience 8/40
 >> Epoch 075 | Train Total=0.6834 | Val post/prior Total=0.6658/0.7134, Recon post/prior=0.5874/0.5832, KL=0.0136, CycSim post/prior=0.0599/0.0405, CycMeas=0.0970, PriorBnd post/prior=1.96e-04/9.11e-05 | Best 0.0969 | Patience 9/40
 >> Epoch 076 | Train Total=0.6834 | Val post/prior Total=0.7393/0.7951, Recon post/prior=0.6193/0.6172, KL=0.0299, CycSim post/prior=0.0925/0.0772, CycMeas=0.1027, PriorBnd post/prior=8.92e-05/4.67e-05 | Best 0.0969 | Patience 10/40
 >> Epoch 077 | Train Total=0.6849 | Val post/prior Total=0.6629/0.7091, Recon post/prior=0.5853/0.5808, KL=0.0137, CycSim post/prior=0.0591/0.0382, CycMeas=0.0980, PriorBnd post/prior=2.49e-04/9.48e-05 | Best 0.0969 | Patience 11/40
 >> Epoch 078 | Train Total=0.6859 | Val post/prior Total=0.6619/0.7073, Recon post/prior=0.5854/0.5805, KL=0.0130, CycSim post/prior=0.0583/0.0377, CycMeas=0.0971, PriorBnd post/prior=2.21e-04/9.69e-05 | Best 0.0969 | Patience 12/40
 >> Epoch 079 | Train Total=0.6863 | Val post/prior Total=0.6669/0.7179, Recon post/prior=0.5877/0.5839, KL=0.0142, CycSim post/prior=0.0605/0.0431, CycMeas=0.0979, PriorBnd post/prior=1.29e-04/8.42e-05 | Best 0.0969 | Patience 13/40
 >> Epoch 080 | Train Total=0.6887 | Val post/prior Total=0.6644/0.7064, Recon post/prior=0.5846/0.5787, KL=0.0146, CycSim post/prior=0.0606/0.0383, CycMeas=0.0971, PriorBnd post/prior=4.42e-04/9.95e-05 | Best 0.0969 | Patience 14/40
 >> Epoch 081 | Train Total=0.6878 | Val post/prior Total=0.6622/0.7111, Recon post/prior=0.5862/0.5818, KL=0.0136, CycSim post/prior=0.0579/0.0394, CycMeas=0.0977, PriorBnd post/prior=2.11e-04/8.72e-05 | Best 0.0969 | Patience 15/40
 >> Epoch 082 | Train Total=0.6890 | Val post/prior Total=0.6669/0.7190, Recon post/prior=0.5902/0.5871, KL=0.0133, CycSim post/prior=0.0586/0.0414, CycMeas=0.0979, PriorBnd post/prior=1.35e-04/8.11e-05 | Best 0.0969 | Patience 16/40
 >> Epoch 083 | Train Total=0.6899 | Val post/prior Total=0.6656/0.7076, Recon post/prior=0.5844/0.5784, KL=0.0169, CycSim post/prior=0.0613/0.0384, CycMeas=0.0987, PriorBnd post/prior=3.63e-04/1.01e-04 | Best 0.0969 | Patience 17/40
 >> Epoch 084 | Train Total=0.6903 | Val post/prior Total=0.6649/0.7136, Recon post/prior=0.5884/0.5844, KL=0.0149, CycSim post/prior=0.0582/0.0399, CycMeas=0.0970, PriorBnd post/prior=1.74e-04/7.65e-05 | Best 0.0969 | Patience 18/40
 >> Epoch 085 | Train Total=0.6907 | Val post/prior Total=0.6653/0.7097, Recon post/prior=0.5855/0.5803, KL=0.0144, CycSim post/prior=0.0608/0.0396, CycMeas=0.0976, PriorBnd post/prior=2.98e-04/9.29e-05 | Best 0.0969 | Patience 19/40
 >> Epoch 086 | Train Total=0.6913 | Val post/prior Total=0.6635/0.7143, Recon post/prior=0.5850/0.5803, KL=0.0134, CycSim post/prior=0.0600/0.0399, CycMeas=0.1025, PriorBnd post/prior=1.90e-04/9.43e-05 | Best 0.0969 | Patience 20/40
 >> Epoch 087 | Train Total=0.6917 | Val post/prior Total=0.6643/0.7081, Recon post/prior=0.5852/0.5801, KL=0.0130, CycSim post/prior=0.0605/0.0379, CycMeas=0.0981, PriorBnd post/prior=2.82e-04/9.46e-05 | Best 0.0969 | Patience 21/40
 >> Epoch 088 | Train Total=0.6919 | Val post/prior Total=0.6578/0.7088, Recon post/prior=0.5855/0.5818, KL=0.0125, CycSim post/prior=0.0549/0.0377, CycMeas=0.0971, PriorBnd post/prior=1.58e-04/9.35e-05 | Best 0.0969 | Patience 22/40
 >> Epoch 089 | Train Total=0.6951 | Val post/prior Total=0.6645/0.7110, Recon post/prior=0.5870/0.5824, KL=0.0137, CycSim post/prior=0.0590/0.0388, CycMeas=0.0978, PriorBnd post/prior=3.08e-04/8.17e-05 | Best 0.0969 | Patience 23/40
 >> Epoch 090 | Train Total=0.6943 | Val post/prior Total=0.7102/0.7659, Recon post/prior=0.6070/0.6050, KL=0.0223, CycSim post/prior=0.0796/0.0654, CycMeas=0.0988, PriorBnd post/prior=9.82e-05/5.57e-05 | Best 0.0969 | Patience 24/40
 >> Epoch 091 | Train Total=0.6940 | Val post/prior Total=0.6955/0.7512, Recon post/prior=0.6033/0.6011, KL=0.0178, CycSim post/prior=0.0710/0.0570, CycMeas=0.0978, PriorBnd post/prior=1.26e-04/6.66e-05 | Best 0.0969 | Patience 25/40
 >> Epoch 092 | Train Total=0.6956 | Val post/prior Total=0.6690/0.7249, Recon post/prior=0.5891/0.5861, KL=0.0139, CycSim post/prior=0.0612/0.0444, CycMeas=0.1022, PriorBnd post/prior=2.04e-04/8.75e-05 | Best 0.0969 | Patience 26/40
 >> Epoch 093 | Train Total=0.6978 | Val post/prior Total=0.6596/0.7054, Recon post/prior=0.5841/0.5800, KL=0.0129, CycSim post/prior=0.0575/0.0365, CycMeas=0.0970, PriorBnd post/prior=1.56e-04/9.20e-05 | Best 0.0969 | Patience 27/40
 >> Epoch 094 | Train Total=0.6976 | Val post/prior Total=0.6642/0.7134, Recon post/prior=0.5885/0.5836, KL=0.0135, CycSim post/prior=0.0573/0.0400, CycMeas=0.0974, PriorBnd post/prior=4.69e-04/7.80e-05 | Best 0.0969 | Patience 28/40
 >> Epoch 095 | Train Total=0.6999 | Val post/prior Total=0.6931/0.7512, Recon post/prior=0.6010/0.5987, KL=0.0161, CycSim post/prior=0.0713/0.0583, CycMeas=0.0988, PriorBnd post/prior=1.43e-04/6.60e-05 | Best 0.0969 | Patience 29/40
 >> Epoch 096 | Train Total=0.6977 | Val post/prior Total=0.6628/0.7133, Recon post/prior=0.5867/0.5836, KL=0.0131, CycSim post/prior=0.0581/0.0400, CycMeas=0.0973, PriorBnd post/prior=1.34e-04/9.00e-05 | Best 0.0969 | Patience 30/40
 >> Epoch 097 | Train Total=0.7006 | Val post/prior Total=0.6680/0.7171, Recon post/prior=0.5888/0.5847, KL=0.0138, CycSim post/prior=0.0606/0.0420, CycMeas=0.0977, PriorBnd post/prior=2.33e-04/8.48e-05 | Best 0.0969 | Patience 31/40
 >> Epoch 098 | Train Total=0.6995 | Val post/prior Total=0.6821/0.7340, Recon post/prior=0.5943/0.5915, KL=0.0168, CycSim post/prior=0.0674/0.0508, CycMeas=0.0973, PriorBnd post/prior=1.21e-04/7.42e-05 | Best 0.0969 | Patience 32/40
 >> Epoch 099 | Train Total=0.7010 | Val post/prior Total=0.6603/0.7072, Recon post/prior=0.5839/0.5797, KL=0.0142, CycSim post/prior=0.0581/0.0382, CycMeas=0.0971, PriorBnd post/prior=1.97e-04/9.19e-05 | Best 0.0969 | Patience 33/40
 >> Epoch 100 | Train Total=0.7014 | Val post/prior Total=0.6665/0.7175, Recon post/prior=0.5888/0.5864, KL=0.0137, CycSim post/prior=0.0594/0.0415, CycMeas=0.0968, PriorBnd post/prior=1.34e-04/8.35e-05 | Best 0.0969 | Patience 34/40
[Update] best val_cyc_meas improved to 0.096762 @ epoch 100
 >> Epoch 101 | Train Total=0.7029 | Val post/prior Total=0.7057/0.7585, Recon post/prior=0.6068/0.6040, KL=0.0216, CycSim post/prior=0.0761/0.0607, CycMeas=0.0979, PriorBnd post/prior=1.38e-04/7.19e-05 | Best 0.0968 | Patience 1/40
 >> Epoch 102 | Train Total=0.7019 | Val post/prior Total=0.6604/0.7078, Recon post/prior=0.5841/0.5794, KL=0.0135, CycSim post/prior=0.0578/0.0387, CycMeas=0.0974, PriorBnd post/prior=3.43e-04/9.40e-05 | Best 0.0968 | Patience 2/40
 >> Epoch 103 | Train Total=0.7045 | Val post/prior Total=0.6664/0.7130, Recon post/prior=0.5875/0.5817, KL=0.0139, CycSim post/prior=0.0596/0.0406, CycMeas=0.0984, PriorBnd post/prior=5.67e-04/8.05e-05 | Best 0.0968 | Patience 3/40
 >> Epoch 104 | Train Total=0.7062 | Val post/prior Total=0.6627/0.7082, Recon post/prior=0.5858/0.5804, KL=0.0126, CycSim post/prior=0.0586/0.0375, CycMeas=0.0986, PriorBnd post/prior=3.32e-04/9.23e-05 | Best 0.0968 | Patience 4/40
 >> Epoch 105 | Train Total=0.7069 | Val post/prior Total=0.6603/0.7061, Recon post/prior=0.5844/0.5796, KL=0.0144, CycSim post/prior=0.0576/0.0375, CycMeas=0.0969, PriorBnd post/prior=2.86e-04/9.43e-05 | Best 0.0968 | Patience 5/40
 >> Epoch 106 | Train Total=0.7066 | Val post/prior Total=0.6645/0.7073, Recon post/prior=0.5844/0.5794, KL=0.0137, CycSim post/prior=0.0610/0.0387, CycMeas=0.0967, PriorBnd post/prior=3.69e-04/9.72e-05 | Best 0.0968 | Patience 6/40
[Update] best val_cyc_meas improved to 0.096743 @ epoch 106
 >> Epoch 107 | Train Total=0.7079 | Val post/prior Total=0.6598/0.7099, Recon post/prior=0.5855/0.5817, KL=0.0128, CycSim post/prior=0.0566/0.0387, CycMeas=0.0973, PriorBnd post/prior=1.25e-04/8.52e-05 | Best 0.0967 | Patience 1/40
 >> Epoch 108 | Train Total=0.7072 | Val post/prior Total=0.6597/0.7038, Recon post/prior=0.5840/0.5791, KL=0.0140, CycSim post/prior=0.0574/0.0362, CycMeas=0.0965, PriorBnd post/prior=2.69e-04/9.46e-05 | Best 0.0967 | Patience 2/40
[Update] best val_cyc_meas improved to 0.096532 @ epoch 108
 >> Epoch 109 | Train Total=0.7093 | Val post/prior Total=0.6613/0.7112, Recon post/prior=0.5860/0.5818, KL=0.0117, CycSim post/prior=0.0576/0.0397, CycMeas=0.0973, PriorBnd post/prior=1.31e-04/8.86e-05 | Best 0.0965 | Patience 1/40
 >> Epoch 110 | Train Total=0.7093 | Val post/prior Total=0.6699/0.7202, Recon post/prior=0.5886/0.5848, KL=0.0140, CycSim post/prior=0.0622/0.0443, CycMeas=0.0981, PriorBnd post/prior=2.45e-04/7.72e-05 | Best 0.0965 | Patience 2/40
 >> Epoch 111 | Train Total=0.7100 | Val post/prior Total=0.6642/0.7094, Recon post/prior=0.5850/0.5802, KL=0.0145, CycSim post/prior=0.0603/0.0398, CycMeas=0.0969, PriorBnd post/prior=2.68e-04/9.12e-05 | Best 0.0965 | Patience 3/40
 >> Epoch 112 | Train Total=0.7097 | Val post/prior Total=0.6646/0.7151, Recon post/prior=0.5881/0.5842, KL=0.0133, CycSim post/prior=0.0583/0.0410, CycMeas=0.0974, PriorBnd post/prior=2.91e-04/8.74e-05 | Best 0.0965 | Patience 4/40
 >> Epoch 113 | Train Total=0.7109 | Val post/prior Total=0.6631/0.7061, Recon post/prior=0.5838/0.5786, KL=0.0147, CycSim post/prior=0.0599/0.0380, CycMeas=0.0973, PriorBnd post/prior=4.41e-04/9.78e-05 | Best 0.0965 | Patience 5/40
 >> Epoch 114 | Train Total=0.7072 | Val post/prior Total=0.6610/0.7074, Recon post/prior=0.5843/0.5800, KL=0.0150, CycSim post/prior=0.0582/0.0382, CycMeas=0.0969, PriorBnd post/prior=3.07e-04/9.41e-05 | Best 0.0965 | Patience 6/40
 >> Epoch 115 | Train Total=0.7116 | Val post/prior Total=0.6803/0.7334, Recon post/prior=0.5936/0.5906, KL=0.0180, CycSim post/prior=0.0661/0.0509, CycMeas=0.0975, PriorBnd post/prior=2.66e-04/7.23e-05 | Best 0.0965 | Patience 7/40
 >> Epoch 116 | Train Total=0.7093 | Val post/prior Total=0.6600/0.7081, Recon post/prior=0.5848/0.5809, KL=0.0128, CycSim post/prior=0.0573/0.0381, CycMeas=0.0968, PriorBnd post/prior=1.79e-04/9.21e-05 | Best 0.0965 | Patience 8/40
 >> Epoch 117 | Train Total=0.7089 | Val post/prior Total=0.6657/0.7141, Recon post/prior=0.5882/0.5842, KL=0.0136, CycSim post/prior=0.0592/0.0403, CycMeas=0.0972, PriorBnd post/prior=1.78e-04/8.47e-05 | Best 0.0965 | Patience 9/40
 >> Epoch 118 | Train Total=0.7088 | Val post/prior Total=0.6652/0.7070, Recon post/prior=0.5850/0.5792, KL=0.0143, CycSim post/prior=0.0604/0.0386, CycMeas=0.0969, PriorBnd post/prior=5.91e-04/9.55e-05 | Best 0.0965 | Patience 10/40
 >> Epoch 119 | Train Total=0.7089 | Val post/prior Total=0.6635/0.7096, Recon post/prior=0.5861/0.5814, KL=0.0141, CycSim post/prior=0.0589/0.0391, CycMeas=0.0966, PriorBnd post/prior=3.26e-04/7.67e-05 | Best 0.0965 | Patience 11/40
 >> Epoch 120 | Train Total=0.7114 | Val post/prior Total=0.6594/0.7082, Recon post/prior=0.5850/0.5811, KL=0.0147, CycSim post/prior=0.0563/0.0376, CycMeas=0.0975, PriorBnd post/prior=1.69e-04/8.63e-05 | Best 0.0965 | Patience 12/40
 >> Epoch 121 | Train Total=0.7110 | Val post/prior Total=0.6677/0.7188, Recon post/prior=0.5882/0.5847, KL=0.0123, CycSim post/prior=0.0611/0.0425, CycMeas=0.0990, PriorBnd post/prior=1.21e-04/9.35e-05 | Best 0.0965 | Patience 13/40
 >> Epoch 122 | Train Total=0.7093 | Val post/prior Total=0.6602/0.7066, Recon post/prior=0.5843/0.5798, KL=0.0130, CycSim post/prior=0.0578/0.0372, CycMeas=0.0977, PriorBnd post/prior=1.38e-04/9.09e-05 | Best 0.0965 | Patience 14/40
 >> Epoch 123 | Train Total=0.7091 | Val post/prior Total=0.6643/0.7139, Recon post/prior=0.5877/0.5832, KL=0.0134, CycSim post/prior=0.0578/0.0412, CycMeas=0.0968, PriorBnd post/prior=5.19e-04/8.41e-05 | Best 0.0965 | Patience 15/40
 >> Epoch 124 | Train Total=0.7107 | Val post/prior Total=0.6881/0.7385, Recon post/prior=0.5958/0.5927, KL=0.0191, CycSim post/prior=0.0708/0.0533, CycMeas=0.0977, PriorBnd post/prior=9.16e-05/6.62e-05 | Best 0.0965 | Patience 16/40
 >> Epoch 125 | Train Total=0.7102 | Val post/prior Total=0.6609/0.7091, Recon post/prior=0.5847/0.5805, KL=0.0134, CycSim post/prior=0.0581/0.0392, CycMeas=0.0970, PriorBnd post/prior=1.13e-04/9.31e-05 | Best 0.0965 | Patience 17/40
 >> Epoch 126 | Train Total=0.7100 | Val post/prior Total=0.6559/0.7065, Recon post/prior=0.5843/0.5805, KL=0.0123, CycSim post/prior=0.0544/0.0371, CycMeas=0.0968, PriorBnd post/prior=1.73e-04/8.98e-05 | Best 0.0965 | Patience 18/40
 >> Epoch 127 | Train Total=0.7084 | Val post/prior Total=0.6631/0.7084, Recon post/prior=0.5857/0.5802, KL=0.0147, CycSim post/prior=0.0586/0.0390, CycMeas=0.0968, PriorBnd post/prior=3.66e-04/8.77e-05 | Best 0.0965 | Patience 19/40
 >> Epoch 128 | Train Total=0.7061 | Val post/prior Total=0.6800/0.7328, Recon post/prior=0.5948/0.5923, KL=0.0156, CycSim post/prior=0.0654/0.0490, CycMeas=0.0976, PriorBnd post/prior=9.07e-05/6.41e-05 | Best 0.0965 | Patience 20/40
 >> Epoch 129 | Train Total=0.7103 | Val post/prior Total=0.6626/0.7075, Recon post/prior=0.5855/0.5806, KL=0.0154, CycSim post/prior=0.0581/0.0382, CycMeas=0.0964, PriorBnd post/prior=3.90e-04/8.65e-05 | Best 0.0965 | Patience 21/40
[Update] best val_cyc_meas improved to 0.096410 @ epoch 129
 >> Epoch 130 | Train Total=0.7084 | Val post/prior Total=0.6623/0.7122, Recon post/prior=0.5862/0.5822, KL=0.0137, CycSim post/prior=0.0579/0.0395, CycMeas=0.0984, PriorBnd post/prior=2.08e-04/8.28e-05 | Best 0.0964 | Patience 1/40
 >> Epoch 131 | Train Total=0.7096 | Val post/prior Total=0.6611/0.7072, Recon post/prior=0.5849/0.5803, KL=0.0129, CycSim post/prior=0.0579/0.0372, CycMeas=0.0978, PriorBnd post/prior=3.38e-04/9.56e-05 | Best 0.0964 | Patience 2/40
 >> Epoch 132 | Train Total=0.7084 | Val post/prior Total=0.6604/0.7064, Recon post/prior=0.5842/0.5795, KL=0.0133, CycSim post/prior=0.0580/0.0378, CycMeas=0.0969, PriorBnd post/prior=2.27e-04/9.43e-05 | Best 0.0964 | Patience 3/40
 >> Epoch 133 | Train Total=0.7088 | Val post/prior Total=0.6665/0.7112, Recon post/prior=0.5864/0.5813, KL=0.0163, CycSim post/prior=0.0599/0.0403, CycMeas=0.0968, PriorBnd post/prior=5.65e-04/8.55e-05 | Best 0.0964 | Patience 4/40
 >> Epoch 134 | Train Total=0.7091 | Val post/prior Total=0.6592/0.7042, Recon post/prior=0.5832/0.5782, KL=0.0133, CycSim post/prior=0.0577/0.0367, CycMeas=0.0974, PriorBnd post/prior=3.53e-04/9.55e-05 | Best 0.0964 | Patience 5/40
 >> Epoch 135 | Train Total=0.7116 | Val post/prior Total=0.6883/0.7435, Recon post/prior=0.5982/0.5960, KL=0.0171, CycSim post/prior=0.0693/0.0549, CycMeas=0.0975, PriorBnd post/prior=1.41e-04/6.93e-05 | Best 0.0964 | Patience 6/40
 >> Epoch 136 | Train Total=0.7088 | Val post/prior Total=0.6645/0.7060, Recon post/prior=0.5843/0.5784, KL=0.0148, CycSim post/prior=0.0604/0.0382, CycMeas=0.0972, PriorBnd post/prior=5.74e-04/9.86e-05 | Best 0.0964 | Patience 7/40
 >> Epoch 137 | Train Total=0.7100 | Val post/prior Total=0.6702/0.7192, Recon post/prior=0.5892/0.5855, KL=0.0140, CycSim post/prior=0.0619/0.0434, CycMeas=0.0974, PriorBnd post/prior=3.39e-04/8.26e-05 | Best 0.0964 | Patience 8/40
 >> Epoch 138 | Train Total=0.7108 | Val post/prior Total=0.6600/0.7127, Recon post/prior=0.5869/0.5835, KL=0.0120, CycSim post/prior=0.0557/0.0399, CycMeas=0.0967, PriorBnd post/prior=2.13e-04/9.12e-05 | Best 0.0964 | Patience 9/40
 >> Epoch 139 | Train Total=0.7095 | Val post/prior Total=0.6784/0.7272, Recon post/prior=0.5905/0.5871, KL=0.0184, CycSim post/prior=0.0671/0.0488, CycMeas=0.0973, PriorBnd post/prior=2.45e-04/7.90e-05 | Best 0.0964 | Patience 10/40
 >> Epoch 140 | Train Total=0.7078 | Val post/prior Total=0.6682/0.7161, Recon post/prior=0.5879/0.5843, KL=0.0141, CycSim post/prior=0.0615/0.0417, CycMeas=0.0975, PriorBnd post/prior=1.51e-04/9.06e-05 | Best 0.0964 | Patience 11/40
 >> Epoch 141 | Train Total=0.7098 | Val post/prior Total=0.6620/0.7066, Recon post/prior=0.5843/0.5794, KL=0.0132, CycSim post/prior=0.0593/0.0375, CycMeas=0.0977, PriorBnd post/prior=1.85e-04/9.08e-05 | Best 0.0964 | Patience 12/40
 >> Epoch 142 | Train Total=0.7093 | Val post/prior Total=0.6640/0.7102, Recon post/prior=0.5868/0.5820, KL=0.0147, CycSim post/prior=0.0585/0.0387, CycMeas=0.0972, PriorBnd post/prior=2.74e-04/8.69e-05 | Best 0.0964 | Patience 13/40
 >> Epoch 143 | Train Total=0.7083 | Val post/prior Total=0.6632/0.7098, Recon post/prior=0.5849/0.5808, KL=0.0134, CycSim post/prior=0.0598/0.0397, CycMeas=0.0968, PriorBnd post/prior=2.31e-04/8.80e-05 | Best 0.0964 | Patience 14/40
 >> Epoch 144 | Train Total=0.7100 | Val post/prior Total=0.6616/0.7112, Recon post/prior=0.5853/0.5817, KL=0.0124, CycSim post/prior=0.0583/0.0395, CycMeas=0.0977, PriorBnd post/prior=1.60e-04/8.88e-05 | Best 0.0964 | Patience 15/40
 >> Epoch 145 | Train Total=0.7095 | Val post/prior Total=0.6599/0.7020, Recon post/prior=0.5819/0.5765, KL=0.0144, CycSim post/prior=0.0593/0.0363, CycMeas=0.0972, PriorBnd post/prior=1.52e-04/1.04e-04 | Best 0.0964 | Patience 16/40
 >> Epoch 146 | Train Total=0.7087 | Val post/prior Total=0.6585/0.7034, Recon post/prior=0.5831/0.5781, KL=0.0134, CycSim post/prior=0.0570/0.0363, CycMeas=0.0971, PriorBnd post/prior=4.14e-04/9.83e-05 | Best 0.0964 | Patience 17/40
 >> Epoch 147 | Train Total=0.7082 | Val post/prior Total=0.6723/0.7237, Recon post/prior=0.5916/0.5882, KL=0.0165, CycSim post/prior=0.0614/0.0456, CycMeas=0.0963, PriorBnd post/prior=1.77e-04/7.18e-05 | Best 0.0964 | Patience 18/40
[Update] best val_cyc_meas improved to 0.096301 @ epoch 147
 >> Epoch 148 | Train Total=0.7083 | Val post/prior Total=0.6607/0.7067, Recon post/prior=0.5838/0.5787, KL=0.0129, CycSim post/prior=0.0587/0.0384, CycMeas=0.0974, PriorBnd post/prior=1.97e-04/9.38e-05 | Best 0.0963 | Patience 1/40
 >> Epoch 149 | Train Total=0.7094 | Val post/prior Total=0.6627/0.7126, Recon post/prior=0.5871/0.5839, KL=0.0122, CycSim post/prior=0.0579/0.0392, CycMeas=0.0972, PriorBnd post/prior=8.51e-05/8.75e-05 | Best 0.0963 | Patience 2/40
 >> Epoch 150 | Train Total=0.7087 | Val post/prior Total=0.6670/0.7088, Recon post/prior=0.5862/0.5803, KL=0.0145, CycSim post/prior=0.0607/0.0395, CycMeas=0.0965, PriorBnd post/prior=5.55e-04/8.83e-05 | Best 0.0963 | Patience 3/40
 >> Epoch 151 | Train Total=0.7105 | Val post/prior Total=0.6603/0.7104, Recon post/prior=0.5866/0.5829, KL=0.0128, CycSim post/prior=0.0562/0.0381, CycMeas=0.0973, PriorBnd post/prior=1.13e-04/7.92e-05 | Best 0.0963 | Patience 4/40
 >> Epoch 152 | Train Total=0.7083 | Val post/prior Total=0.6670/0.7070, Recon post/prior=0.5855/0.5784, KL=0.0155, CycSim post/prior=0.0600/0.0383, CycMeas=0.0983, PriorBnd post/prior=8.87e-04/9.26e-05 | Best 0.0963 | Patience 5/40
 >> Epoch 153 | Train Total=0.7095 | Val post/prior Total=0.6581/0.7072, Recon post/prior=0.5853/0.5807, KL=0.0131, CycSim post/prior=0.0550/0.0371, CycMeas=0.0974, PriorBnd post/prior=3.94e-04/8.78e-05 | Best 0.0963 | Patience 6/40
 >> Epoch 154 | Train Total=0.7089 | Val post/prior Total=0.6641/0.7057, Recon post/prior=0.5841/0.5784, KL=0.0135, CycSim post/prior=0.0610/0.0379, CycMeas=0.0971, PriorBnd post/prior=3.81e-04/9.64e-05 | Best 0.0963 | Patience 7/40
 >> Epoch 155 | Train Total=0.7079 | Val post/prior Total=0.6618/0.7045, Recon post/prior=0.5842/0.5789, KL=0.0156, CycSim post/prior=0.0585/0.0367, CycMeas=0.0970, PriorBnd post/prior=4.10e-04/9.86e-05 | Best 0.0963 | Patience 8/40
 >> Epoch 156 | Train Total=0.7090 | Val post/prior Total=0.6605/0.7091, Recon post/prior=0.5846/0.5799, KL=0.0140, CycSim post/prior=0.0574/0.0397, CycMeas=0.0969, PriorBnd post/prior=4.32e-04/8.97e-05 | Best 0.0963 | Patience 9/40
 >> Epoch 157 | Train Total=0.7089 | Val post/prior Total=0.6613/0.7116, Recon post/prior=0.5870/0.5831, KL=0.0126, CycSim post/prior=0.0566/0.0390, CycMeas=0.0973, PriorBnd post/prior=2.13e-04/8.08e-05 | Best 0.0963 | Patience 10/40
 >> Epoch 158 | Train Total=0.7079 | Val post/prior Total=0.6614/0.7097, Recon post/prior=0.5852/0.5817, KL=0.0130, CycSim post/prior=0.0582/0.0388, CycMeas=0.0968, PriorBnd post/prior=1.39e-04/9.57e-05 | Best 0.0963 | Patience 11/40
 >> Epoch 159 | Train Total=0.7080 | Val post/prior Total=0.6616/0.7026, Recon post/prior=0.5833/0.5772, KL=0.0156, CycSim post/prior=0.0589/0.0364, CycMeas=0.0969, PriorBnd post/prior=4.20e-04/9.76e-05 | Best 0.0963 | Patience 12/40
 >> Epoch 160 | Train Total=0.7084 | Val post/prior Total=0.6647/0.7072, Recon post/prior=0.5859/0.5801, KL=0.0141, CycSim post/prior=0.0595/0.0383, CycMeas=0.0966, PriorBnd post/prior=4.48e-04/8.58e-05 | Best 0.0963 | Patience 13/40
 >> Epoch 161 | Train Total=0.7109 | Val post/prior Total=0.6634/0.7087, Recon post/prior=0.5851/0.5807, KL=0.0134, CycSim post/prior=0.0598/0.0381, CycMeas=0.0978, PriorBnd post/prior=1.98e-04/9.03e-05 | Best 0.0963 | Patience 14/40
 >> Epoch 162 | Train Total=0.7090 | Val post/prior Total=0.6657/0.7090, Recon post/prior=0.5844/0.5791, KL=0.0148, CycSim post/prior=0.0620/0.0399, CycMeas=0.0976, PriorBnd post/prior=3.58e-04/9.55e-05 | Best 0.0963 | Patience 15/40
 >> Epoch 163 | Train Total=0.7073 | Val post/prior Total=0.6590/0.7070, Recon post/prior=0.5845/0.5800, KL=0.0135, CycSim post/prior=0.0565/0.0374, CycMeas=0.0975, PriorBnd post/prior=2.11e-04/9.35e-05 | Best 0.0963 | Patience 16/40
 >> Epoch 164 | Train Total=0.7082 | Val post/prior Total=0.6664/0.7179, Recon post/prior=0.5898/0.5865, KL=0.0120, CycSim post/prior=0.0588/0.0411, CycMeas=0.0979, PriorBnd post/prior=1.42e-04/8.38e-05 | Best 0.0963 | Patience 17/40
 >> Epoch 165 | Train Total=0.7099 | Val post/prior Total=0.6615/0.7075, Recon post/prior=0.5836/0.5795, KL=0.0127, CycSim post/prior=0.0595/0.0386, CycMeas=0.0971, PriorBnd post/prior=1.32e-04/9.66e-05 | Best 0.0963 | Patience 18/40
 >> Epoch 166 | Train Total=0.7088 | Val post/prior Total=0.7415/0.7952, Recon post/prior=0.6179/0.6163, KL=0.0308, CycSim post/prior=0.0953/0.0786, CycMeas=0.1018, PriorBnd post/prior=1.06e-04/5.23e-05 | Best 0.0963 | Patience 19/40
 >> Epoch 167 | Train Total=0.7082 | Val post/prior Total=0.6582/0.7078, Recon post/prior=0.5853/0.5809, KL=0.0129, CycSim post/prior=0.0553/0.0379, CycMeas=0.0967, PriorBnd post/prior=1.98e-04/8.84e-05 | Best 0.0963 | Patience 20/40
 >> Epoch 168 | Train Total=0.7078 | Val post/prior Total=0.6592/0.7070, Recon post/prior=0.5843/0.5798, KL=0.0138, CycSim post/prior=0.0569/0.0374, CycMeas=0.0978, PriorBnd post/prior=2.67e-04/9.51e-05 | Best 0.0963 | Patience 21/40
 >> Epoch 169 | Train Total=0.7051 | Val post/prior Total=0.6634/0.7070, Recon post/prior=0.5848/0.5799, KL=0.0132, CycSim post/prior=0.0601/0.0377, CycMeas=0.0973, PriorBnd post/prior=1.97e-04/8.66e-05 | Best 0.0963 | Patience 22/40
 >> Epoch 170 | Train Total=0.7089 | Val post/prior Total=0.6628/0.7060, Recon post/prior=0.5847/0.5797, KL=0.0144, CycSim post/prior=0.0595/0.0376, CycMeas=0.0966, PriorBnd post/prior=1.67e-04/9.08e-05 | Best 0.0963 | Patience 23/40
 >> Epoch 171 | Train Total=0.7096 | Val post/prior Total=0.6629/0.7092, Recon post/prior=0.5855/0.5817, KL=0.0130, CycSim post/prior=0.0592/0.0386, CycMeas=0.0966, PriorBnd post/prior=1.34e-04/8.36e-05 | Best 0.0963 | Patience 24/40
 >> Epoch 172 | Train Total=0.7089 | Val post/prior Total=0.6665/0.7139, Recon post/prior=0.5872/0.5834, KL=0.0129, CycSim post/prior=0.0608/0.0412, CycMeas=0.0964, PriorBnd post/prior=2.40e-04/8.75e-05 | Best 0.0963 | Patience 25/40
 >> Epoch 173 | Train Total=0.7087 | Val post/prior Total=0.6613/0.7088, Recon post/prior=0.5860/0.5815, KL=0.0130, CycSim post/prior=0.0574/0.0380, CycMeas=0.0972, PriorBnd post/prior=1.70e-04/8.66e-05 | Best 0.0963 | Patience 26/40
 >> Epoch 174 | Train Total=0.7092 | Val post/prior Total=0.6587/0.7044, Recon post/prior=0.5834/0.5779, KL=0.0147, CycSim post/prior=0.0567/0.0369, CycMeas=0.0977, PriorBnd post/prior=4.11e-04/9.81e-05 | Best 0.0963 | Patience 27/40
 >> Epoch 175 | Train Total=0.7100 | Val post/prior Total=0.6656/0.7151, Recon post/prior=0.5863/0.5822, KL=0.0133, CycSim post/prior=0.0606/0.0414, CycMeas=0.0992, PriorBnd post/prior=2.47e-04/8.54e-05 | Best 0.0963 | Patience 28/40
 >> Epoch 176 | Train Total=0.7095 | Val post/prior Total=0.6613/0.7094, Recon post/prior=0.5859/0.5818, KL=0.0126, CycSim post/prior=0.0575/0.0383, CycMeas=0.0971, PriorBnd post/prior=1.88e-04/9.09e-05 | Best 0.0963 | Patience 29/40
 >> Epoch 177 | Train Total=0.7073 | Val post/prior Total=0.6636/0.7113, Recon post/prior=0.5862/0.5814, KL=0.0129, CycSim post/prior=0.0593/0.0403, CycMeas=0.0970, PriorBnd post/prior=1.86e-04/8.35e-05 | Best 0.0963 | Patience 30/40
 >> Epoch 178 | Train Total=0.7073 | Val post/prior Total=0.6589/0.7049, Recon post/prior=0.5844/0.5791, KL=0.0139, CycSim post/prior=0.0563/0.0368, CycMeas=0.0968, PriorBnd post/prior=3.30e-04/9.42e-05 | Best 0.0963 | Patience 31/40
 >> Epoch 179 | Train Total=0.7089 | Val post/prior Total=0.6670/0.7162, Recon post/prior=0.5882/0.5837, KL=0.0142, CycSim post/prior=0.0602/0.0423, CycMeas=0.0974, PriorBnd post/prior=2.18e-04/7.84e-05 | Best 0.0963 | Patience 32/40
 >> Epoch 180 | Train Total=0.7090 | Val post/prior Total=0.6617/0.7031, Recon post/prior=0.5829/0.5776, KL=0.0149, CycSim post/prior=0.0599/0.0366, CycMeas=0.0969, PriorBnd post/prior=2.21e-04/9.51e-05 | Best 0.0963 | Patience 33/40
 >> Epoch 181 | Train Total=0.7087 | Val post/prior Total=0.6621/0.7111, Recon post/prior=0.5869/0.5829, KL=0.0154, CycSim post/prior=0.0567/0.0389, CycMeas=0.0970, PriorBnd post/prior=3.39e-04/8.72e-05 | Best 0.0963 | Patience 34/40
 >> Epoch 182 | Train Total=0.7066 | Val post/prior Total=0.6599/0.7065, Recon post/prior=0.5841/0.5791, KL=0.0143, CycSim post/prior=0.0575/0.0383, CycMeas=0.0968, PriorBnd post/prior=2.42e-04/9.10e-05 | Best 0.0963 | Patience 35/40
 >> Epoch 183 | Train Total=0.7066 | Val post/prior Total=0.6727/0.7210, Recon post/prior=0.5901/0.5860, KL=0.0151, CycSim post/prior=0.0632/0.0445, CycMeas=0.0972, PriorBnd post/prior=2.77e-04/8.00e-05 | Best 0.0963 | Patience 36/40
 >> Epoch 184 | Train Total=0.7061 | Val post/prior Total=0.6692/0.7181, Recon post/prior=0.5894/0.5855, KL=0.0127, CycSim post/prior=0.0613/0.0424, CycMeas=0.0974, PriorBnd post/prior=1.72e-04/7.07e-05 | Best 0.0963 | Patience 37/40
 >> Epoch 185 | Train Total=0.7086 | Val post/prior Total=0.6611/0.7086, Recon post/prior=0.5855/0.5807, KL=0.0132, CycSim post/prior=0.0574/0.0387, CycMeas=0.0968, PriorBnd post/prior=3.01e-04/9.27e-05 | Best 0.0963 | Patience 38/40
 >> Epoch 186 | Train Total=0.7085 | Val post/prior Total=0.6643/0.7053, Recon post/prior=0.5838/0.5780, KL=0.0141, CycSim post/prior=0.0613/0.0380, CycMeas=0.0971, PriorBnd post/prior=3.70e-04/9.61e-05 | Best 0.0963 | Patience 39/40
 >> Epoch 187 | Train Total=0.7092 | Val post/prior Total=0.6634/0.7105, Recon post/prior=0.5866/0.5821, KL=0.0145, CycSim post/prior=0.0585/0.0392, CycMeas=0.0968, PriorBnd post/prior=2.09e-04/7.89e-05 | Best 0.0963 | Patience 40/40
[EarlyStop] at epoch 187
[Diag] Start to calcaulte diag in test preocess... 
[Diag] wrote 28930 rows to temp_Bidi_cvae\cvae_20251108-230247\diag_test.csv
[Diag] proxy_floor_ps  P50=0.0095  P90=0.0228  P95=0.0348  P99=0.2440
[Test] prior total=0.721930 | prior recon=0.587444 | kl=0.013035 | prior cyc_sim=0.044230 | cyc_meas=0.097021 | prior_l2=0.379195 | prior_bnd=0.000033 | 
