[log] tee initialized at 2025-11-27 21:01:13 -> temp_Unidi_cvae_14param_2channel\session_20251127-210113.log
Using CUDA device 0: NVIDIA GeForce RTX 4060 Laptop GPU
[log] tee initialized at 2025-11-27 21:01:16 -> temp_Unidi_cvae_14param_2channel\cvae_20251127-210116\train.log
[Data] Warning: Single measurement sample detected. Duplicating to N=2 for BatchNorm compatibility.
[Info] Loading dual proxies from temp_Unidi_cvae_14param_2channel/proxy_dual_new
[L_trust] using 20000 ref rows from temp_Unidi_cvae_14param_2channel/proxy_dual_new\proxy_Ytr_norm.npy
D:\Miniconda\envs\DL\Lib\site-packages\torch\optim\lr_scheduler.py:182: UserWarning: Detected call of `lr_scheduler.step()` before `optimizer.step()`. In PyTorch 1.1.0 and later, you should call them in the opposite order: `optimizer.step()` before `lr_scheduler.step()`.  Failure to do this will result in PyTorch skipping the first value of the learning rate schedule. See more details at https://pytorch.org/docs/stable/optim.html#how-to-adjust-learning-rate
  warnings.warn(
 >> Epoch 001 | Train Total=12.4097 | Val post/prior Total=7.7716/7.1254, Recon post/prior=0.9717/0.9552, KL=2.8398, | CycSim post total/iv/gm=0.5371/0.2419/0.2952, | CycSim prior total/iv/gm=0.6161/0.2768/0.3394, | CycMeas total/iv/gm=0.3792/0.1693/0.2098, | PriorBnd post/prior=2.52e-03/2.48e-03 | Best inf | Patience 1/40
[Update] best val_total_post improved to 7.771579 @ epoch 1
 >> Epoch 002 | Train Total=6.8057 | Val post/prior Total=5.9983/5.2904, Recon post/prior=0.9653/0.9572, KL=2.1136, | CycSim post total/iv/gm=0.3967/0.1778/0.2189, | CycSim prior total/iv/gm=0.4323/0.1951/0.2372, | CycMeas total/iv/gm=0.3647/0.1612/0.2035, | PriorBnd post/prior=2.48e-03/2.43e-03 | Best 7.7716 | Patience 1/40
[Update] best val_total_post improved to 5.998258 @ epoch 2
 >> Epoch 003 | Train Total=5.9557 | Val post/prior Total=4.8881/3.4922, Recon post/prior=0.9611/0.9645, KL=2.0147, | CycSim post total/iv/gm=0.2911/0.1290/0.1621, | CycSim prior total/iv/gm=0.2518/0.1134/0.1383, | CycMeas total/iv/gm=0.3605/0.1593/0.2012, | PriorBnd post/prior=2.31e-03/2.30e-03 | Best 5.9983 | Patience 1/40
[Update] best val_total_post improved to 4.888094 @ epoch 3
 >> Epoch 004 | Train Total=5.4836 | Val post/prior Total=5.9406/4.8743, Recon post/prior=0.9688/0.9754, KL=1.9814, | CycSim post total/iv/gm=0.3971/0.1796/0.2175, | CycSim prior total/iv/gm=0.3887/0.1758/0.2128, | CycMeas total/iv/gm=0.3490/0.1532/0.1958, | PriorBnd post/prior=2.43e-03/2.30e-03 | Best 4.8881 | Patience 1/40
 >> Epoch 005 | Train Total=5.2742 | Val post/prior Total=6.1751/5.0452, Recon post/prior=0.9604/0.9753, KL=2.1025, | CycSim post total/iv/gm=0.4154/0.1859/0.2295, | CycSim prior total/iv/gm=0.4058/0.1804/0.2254, | CycMeas total/iv/gm=0.3505/0.1572/0.1933, | PriorBnd post/prior=2.20e-03/2.11e-03 | Best 4.8881 | Patience 2/40
 >> Epoch 006 | Train Total=5.0617 | Val post/prior Total=4.8250/3.6081, Recon post/prior=0.9652/0.9794, KL=1.9223, | CycSim post total/iv/gm=0.2889/0.1311/0.1577, | CycSim prior total/iv/gm=0.2616/0.1201/0.1415, | CycMeas total/iv/gm=0.3369/0.1486/0.1882, | PriorBnd post/prior=2.17e-03/2.06e-03 | Best 4.8881 | Patience 3/40
[Update] best val_total_post improved to 4.825017 @ epoch 6
 >> Epoch 007 | Train Total=4.9919 | Val post/prior Total=5.2975/4.2920, Recon post/prior=0.9645/0.9784, KL=1.7620, | CycSim post total/iv/gm=0.3442/0.1528/0.1914, | CycSim prior total/iv/gm=0.3300/0.1479/0.1822, | CycMeas total/iv/gm=0.3281/0.1462/0.1818, | PriorBnd post/prior=2.15e-03/2.07e-03 | Best 4.8250 | Patience 1/40
 >> Epoch 008 | Train Total=4.9272 | Val post/prior Total=4.6594/3.5941, Recon post/prior=0.9672/0.9825, KL=1.6552, | CycSim post total/iv/gm=0.2854/0.1257/0.1598, | CycSim prior total/iv/gm=0.2598/0.1179/0.1419, | CycMeas total/iv/gm=0.3155/0.1428/0.1727, | PriorBnd post/prior=2.13e-03/1.94e-03 | Best 4.8250 | Patience 2/40
[Update] best val_total_post improved to 4.659445 @ epoch 8
 >> Epoch 009 | Train Total=4.8066 | Val post/prior Total=5.6281/4.6281, Recon post/prior=0.9582/0.9717, KL=1.7830, | CycSim post total/iv/gm=0.3769/0.1708/0.2060, | CycSim prior total/iv/gm=0.3643/0.1650/0.1994, | CycMeas total/iv/gm=0.3139/0.1444/0.1694, | PriorBnd post/prior=1.85e-03/1.80e-03 | Best 4.6594 | Patience 1/40
 >> Epoch 010 | Train Total=4.6988 | Val post/prior Total=4.8569/3.7525, Recon post/prior=0.9619/0.9821, KL=1.8930, | CycSim post total/iv/gm=0.2939/0.1306/0.1633, | CycSim prior total/iv/gm=0.2757/0.1216/0.1542, | CycMeas total/iv/gm=0.2614/0.1232/0.1383, | PriorBnd post/prior=1.94e-03/1.79e-03 | Best 4.6594 | Patience 2/40
 >> Epoch 011 | Train Total=4.5670 | Val post/prior Total=4.0788/3.3187, Recon post/prior=0.9629/0.9828, KL=1.7774, | CycSim post total/iv/gm=0.2218/0.0985/0.1233, | CycSim prior total/iv/gm=0.2323/0.1038/0.1285, | CycMeas total/iv/gm=0.2501/0.1190/0.1310, | PriorBnd post/prior=1.90e-03/1.71e-03 | Best 4.6594 | Patience 3/40
[Update] best val_total_post improved to 4.078821 @ epoch 11
 >> Epoch 012 | Train Total=4.5603 | Val post/prior Total=4.4797/3.2959, Recon post/prior=0.9466/0.9669, KL=1.7499, | CycSim post total/iv/gm=0.2650/0.1176/0.1474, | CycSim prior total/iv/gm=0.2317/0.1013/0.1303, | CycMeas total/iv/gm=0.2597/0.1236/0.1361, | PriorBnd post/prior=1.63e-03/1.61e-03 | Best 4.0788 | Patience 1/40
 >> Epoch 013 | Train Total=4.5298 | Val post/prior Total=3.8956/3.0334, Recon post/prior=0.9477/0.9686, KL=1.5566, | CycSim post total/iv/gm=0.2161/0.0966/0.1195, | CycSim prior total/iv/gm=0.2053/0.0923/0.1130, | CycMeas total/iv/gm=0.2637/0.1308/0.1328, | PriorBnd post/prior=1.86e-03/1.79e-03 | Best 4.0788 | Patience 2/40
[Update] best val_total_post improved to 3.895565 @ epoch 13
 >> Epoch 014 | Train Total=4.4308 | Val post/prior Total=5.6041/4.4548, Recon post/prior=0.9368/0.9624, KL=2.6374, | CycSim post total/iv/gm=0.3341/0.1472/0.1868, | CycSim prior total/iv/gm=0.3481/0.1515/0.1966, | CycMeas total/iv/gm=0.1823/0.0911/0.0912, | PriorBnd post/prior=1.69e-03/1.67e-03 | Best 3.8956 | Patience 1/40
 >> Epoch 015 | Train Total=4.4262 | Val post/prior Total=5.4211/4.6367, Recon post/prior=0.9440/0.9692, KL=2.5136, | CycSim post total/iv/gm=0.3212/0.1439/0.1774, | CycSim prior total/iv/gm=0.3655/0.1614/0.2041, | CycMeas total/iv/gm=0.2514/0.1271/0.1243, | PriorBnd post/prior=1.55e-03/1.57e-03 | Best 3.8956 | Patience 2/40
 >> Epoch 016 | Train Total=4.3425 | Val post/prior Total=4.3740/3.2900, Recon post/prior=0.9319/0.9588, KL=2.2038, | CycSim post total/iv/gm=0.2333/0.1048/0.1285, | CycSim prior total/iv/gm=0.2320/0.1044/0.1276, | CycMeas total/iv/gm=0.2080/0.1088/0.0992, | PriorBnd post/prior=1.54e-03/1.57e-03 | Best 3.8956 | Patience 3/40
 >> Epoch 017 | Train Total=4.2565 | Val post/prior Total=4.2717/3.1648, Recon post/prior=0.9249/0.9486, KL=2.0524, | CycSim post total/iv/gm=0.2314/0.1033/0.1281, | CycSim prior total/iv/gm=0.2206/0.0983/0.1223, | CycMeas total/iv/gm=0.1710/0.0876/0.0835, | PriorBnd post/prior=1.39e-03/1.43e-03 | Best 3.8956 | Patience 4/40
 >> Epoch 018 | Train Total=4.2950 | Val post/prior Total=4.2153/3.4989, Recon post/prior=0.9205/0.9436, KL=1.7961, | CycSim post total/iv/gm=0.2390/0.1049/0.1341, | CycSim prior total/iv/gm=0.2545/0.1112/0.1433, | CycMeas total/iv/gm=0.2193/0.1120/0.1072, | PriorBnd post/prior=1.27e-03/1.35e-03 | Best 3.8956 | Patience 5/40
 >> Epoch 019 | Train Total=4.1545 | Val post/prior Total=4.6688/3.4711, Recon post/prior=0.9232/0.9451, KL=2.3415, | CycSim post total/iv/gm=0.2568/0.1158/0.1410, | CycSim prior total/iv/gm=0.2516/0.1137/0.1379, | CycMeas total/iv/gm=0.2083/0.1018/0.1065, | PriorBnd post/prior=1.37e-03/1.44e-03 | Best 3.8956 | Patience 6/40
 >> Epoch 020 | Train Total=4.2204 | Val post/prior Total=6.5260/5.2631, Recon post/prior=0.8969/0.9210, KL=2.9392, | CycSim post total/iv/gm=0.4154/0.1800/0.2354, | CycSim prior total/iv/gm=0.4332/0.1866/0.2465, | CycMeas total/iv/gm=0.2990/0.1389/0.1601, | PriorBnd post/prior=1.01e-03/1.24e-03 | Best 3.8956 | Patience 7/40
 >> Epoch 021 | Train Total=4.0418 | Val post/prior Total=5.3465/3.9230, Recon post/prior=0.8900/0.9102, KL=2.4378, | CycSim post total/iv/gm=0.3233/0.1433/0.1799, | CycSim prior total/iv/gm=0.3005/0.1337/0.1668, | CycMeas total/iv/gm=0.1408/0.0723/0.0685, | PriorBnd post/prior=8.72e-04/1.36e-03 | Best 3.8956 | Patience 8/40
 >> Epoch 022 | Train Total=4.0530 | Val post/prior Total=5.1546/3.7713, Recon post/prior=0.8852/0.9037, KL=2.4328, | CycSim post total/iv/gm=0.3048/0.1339/0.1710, | CycSim prior total/iv/gm=0.2860/0.1255/0.1605, | CycMeas total/iv/gm=0.1219/0.0656/0.0563, | PriorBnd post/prior=4.97e-04/9.28e-04 | Best 3.8956 | Patience 9/40
 >> Epoch 023 | Train Total=4.1141 | Val post/prior Total=4.6395/3.0837, Recon post/prior=0.8916/0.9105, KL=3.1923, | CycSim post total/iv/gm=0.2147/0.0937/0.1210, | CycSim prior total/iv/gm=0.2164/0.0943/0.1221, | CycMeas total/iv/gm=0.1956/0.0978/0.0978, | PriorBnd post/prior=4.20e-04/9.40e-04 | Best 3.8956 | Patience 10/40
 >> Epoch 024 | Train Total=3.9390 | Val post/prior Total=4.2808/2.8416, Recon post/prior=0.8820/0.9000, KL=2.7551, | CycSim post total/iv/gm=0.2016/0.0880/0.1137, | CycSim prior total/iv/gm=0.1934/0.0840/0.1094, | CycMeas total/iv/gm=0.1657/0.0862/0.0795, | PriorBnd post/prior=1.36e-04/1.82e-04 | Best 3.8956 | Patience 11/40
 >> Epoch 025 | Train Total=3.9594 | Val post/prior Total=5.3283/3.2935, Recon post/prior=0.8818/0.8983, KL=4.1535, | CycSim post total/iv/gm=0.2365/0.1030/0.1335, | CycSim prior total/iv/gm=0.2387/0.1035/0.1353, | CycMeas total/iv/gm=0.1449/0.0763/0.0686, | PriorBnd post/prior=1.31e-04/4.18e-04 | Best 3.8956 | Patience 12/40
 >> Epoch 026 | Train Total=3.9595 | Val post/prior Total=3.7967/2.4542, Recon post/prior=0.8794/0.8960, KL=2.6933, | CycSim post total/iv/gm=0.1566/0.0653/0.0913, | CycSim prior total/iv/gm=0.1550/0.0645/0.0905, | CycMeas total/iv/gm=0.1594/0.0769/0.0825, | PriorBnd post/prior=1.29e-04/2.21e-04 | Best 3.8956 | Patience 13/40
[Update] best val_total_post improved to 3.796730 @ epoch 26
 >> Epoch 027 | Train Total=3.9062 | Val post/prior Total=4.8367/3.0699, Recon post/prior=0.8823/0.9022, KL=3.4091, | CycSim post total/iv/gm=0.2245/0.0982/0.1263, | CycSim prior total/iv/gm=0.2159/0.0945/0.1214, | CycMeas total/iv/gm=0.1615/0.0851/0.0764, | PriorBnd post/prior=7.92e-05/1.37e-04 | Best 3.7967 | Patience 1/40
 >> Epoch 028 | Train Total=3.7875 | Val post/prior Total=4.8291/3.1985, Recon post/prior=0.8878/0.9079, KL=3.3358, | CycSim post total/iv/gm=0.2268/0.1001/0.1267, | CycSim prior total/iv/gm=0.2282/0.1012/0.1269, | CycMeas total/iv/gm=0.1529/0.0819/0.0710, | PriorBnd post/prior=1.40e-04/2.57e-04 | Best 3.7967 | Patience 2/40
 >> Epoch 029 | Train Total=3.8905 | Val post/prior Total=4.6028/3.1534, Recon post/prior=0.8813/0.9015, KL=2.8592, | CycSim post total/iv/gm=0.2287/0.0987/0.1300, | CycSim prior total/iv/gm=0.2244/0.0968/0.1275, | CycMeas total/iv/gm=0.1312/0.0687/0.0625, | PriorBnd post/prior=5.94e-05/9.55e-05 | Best 3.7967 | Patience 3/40
 >> Epoch 030 | Train Total=3.9005 | Val post/prior Total=5.0908/3.2217, Recon post/prior=0.8891/0.9140, KL=3.3302, | CycSim post total/iv/gm=0.2531/0.1116/0.1416, | CycSim prior total/iv/gm=0.2298/0.1018/0.1281, | CycMeas total/iv/gm=0.1544/0.0782/0.0762, | PriorBnd post/prior=1.38e-04/2.78e-04 | Best 3.7967 | Patience 4/40
 >> Epoch 031 | Train Total=3.8667 | Val post/prior Total=4.3770/2.8913, Recon post/prior=0.8824/0.9058, KL=2.6612, | CycSim post total/iv/gm=0.2159/0.0955/0.1204, | CycSim prior total/iv/gm=0.1977/0.0873/0.1105, | CycMeas total/iv/gm=0.1234/0.0636/0.0598, | PriorBnd post/prior=1.56e-04/2.14e-04 | Best 3.7967 | Patience 5/40
 >> Epoch 032 | Train Total=3.9310 | Val post/prior Total=5.9749/4.5317, Recon post/prior=0.8833/0.9031, KL=3.0942, | CycSim post total/iv/gm=0.3539/0.1505/0.2035, | CycSim prior total/iv/gm=0.3620/0.1537/0.2083, | CycMeas total/iv/gm=0.1416/0.0719/0.0697, | PriorBnd post/prior=1.66e-04/2.61e-04 | Best 3.7967 | Patience 6/40
 >> Epoch 033 | Train Total=3.9184 | Val post/prior Total=5.0217/3.4532, Recon post/prior=0.8928/0.9181, KL=3.5112, | CycSim post total/iv/gm=0.2368/0.1038/0.1330, | CycSim prior total/iv/gm=0.2525/0.1101/0.1424, | CycMeas total/iv/gm=0.1537/0.0734/0.0802, | PriorBnd post/prior=8.35e-04/1.08e-03 | Best 3.7967 | Patience 7/40
 >> Epoch 034 | Train Total=3.7825 | Val post/prior Total=4.8071/3.3622, Recon post/prior=0.8874/0.9164, KL=2.9729, | CycSim post total/iv/gm=0.2428/0.1056/0.1372, | CycSim prior total/iv/gm=0.2435/0.1057/0.1377, | CycMeas total/iv/gm=0.2070/0.1089/0.0980, | PriorBnd post/prior=8.61e-05/1.45e-04 | Best 3.7967 | Patience 8/40
 >> Epoch 035 | Train Total=3.7970 | Val post/prior Total=6.5552/4.3946, Recon post/prior=0.8969/0.9245, KL=4.2818, | CycSim post total/iv/gm=0.3512/0.1563/0.1948, | CycSim prior total/iv/gm=0.3460/0.1537/0.1923, | CycMeas total/iv/gm=0.1546/0.0822/0.0724, | PriorBnd post/prior=7.74e-04/1.12e-03 | Best 3.7967 | Patience 9/40
 >> Epoch 036 | Train Total=3.6952 | Val post/prior Total=4.9012/3.3875, Recon post/prior=0.8848/0.9138, KL=3.0677, | CycSim post total/iv/gm=0.2477/0.1085/0.1393, | CycSim prior total/iv/gm=0.2463/0.1069/0.1394, | CycMeas total/iv/gm=0.2009/0.1035/0.0974, | PriorBnd post/prior=2.75e-04/3.79e-04 | Best 3.7967 | Patience 10/40
 >> Epoch 037 | Train Total=3.7784 | Val post/prior Total=6.8852/5.0810, Recon post/prior=0.8860/0.9153, KL=3.6165, | CycSim post total/iv/gm=0.4186/0.1926/0.2259, | CycSim prior total/iv/gm=0.4154/0.1913/0.2241, | CycMeas total/iv/gm=0.2004/0.1072/0.0932, | PriorBnd post/prior=1.99e-04/2.75e-04 | Best 3.7967 | Patience 11/40
 >> Epoch 038 | Train Total=4.1355 | Val post/prior Total=3.6510/2.5399, Recon post/prior=0.8793/0.9002, KL=2.2281, | CycSim post total/iv/gm=0.1653/0.0742/0.0911, | CycSim prior total/iv/gm=0.1630/0.0716/0.0914, | CycMeas total/iv/gm=0.1476/0.0828/0.0648, | PriorBnd post/prior=7.63e-05/1.27e-04 | Best 3.7967 | Patience 12/40
[Update] best val_total_post improved to 3.651004 @ epoch 38
 >> Epoch 039 | Train Total=3.9242 | Val post/prior Total=4.8054/3.4592, Recon post/prior=0.8899/0.9206, KL=2.8279, | CycSim post total/iv/gm=0.2496/0.1114/0.1382, | CycSim prior total/iv/gm=0.2528/0.1119/0.1409, | CycMeas total/iv/gm=0.1741/0.0901/0.0840, | PriorBnd post/prior=4.03e-04/5.66e-04 | Best 3.6510 | Patience 1/40
 >> Epoch 040 | Train Total=3.8007 | Val post/prior Total=4.5693/3.0307, Recon post/prior=0.8875/0.9186, KL=2.9864, | CycSim post total/iv/gm=0.2183/0.0972/0.1211, | CycSim prior total/iv/gm=0.2101/0.0924/0.1178, | CycMeas total/iv/gm=0.1635/0.0891/0.0744, | PriorBnd post/prior=1.15e-04/1.52e-04 | Best 3.6510 | Patience 2/40
 >> Epoch 041 | Train Total=3.6723 | Val post/prior Total=6.7327/4.9476, Recon post/prior=0.8691/0.8913, KL=3.9789, | CycSim post total/iv/gm=0.3870/0.1685/0.2185, | CycSim prior total/iv/gm=0.4046/0.1734/0.2311, | CycMeas total/iv/gm=0.1936/0.0905/0.1031, | PriorBnd post/prior=8.61e-05/8.80e-05 | Best 3.6510 | Patience 3/40
 >> Epoch 042 | Train Total=3.7454 | Val post/prior Total=6.0676/3.8752, Recon post/prior=0.8811/0.9082, KL=4.3618, | CycSim post total/iv/gm=0.3001/0.1333/0.1667, | CycSim prior total/iv/gm=0.2956/0.1294/0.1662, | CycMeas total/iv/gm=0.1984/0.1007/0.0977, | PriorBnd post/prior=3.43e-04/4.33e-04 | Best 3.6510 | Patience 4/40
 >> Epoch 043 | Train Total=3.7089 | Val post/prior Total=5.1861/2.9211, Recon post/prior=0.8897/0.9164, KL=4.3910, | CycSim post total/iv/gm=0.2096/0.0918/0.1177, | CycSim prior total/iv/gm=0.1992/0.0838/0.1155, | CycMeas total/iv/gm=0.2110/0.0955/0.1155, | PriorBnd post/prior=2.37e-04/3.24e-04 | Best 3.6510 | Patience 5/40
 >> Epoch 044 | Train Total=3.6015 | Val post/prior Total=5.2702/3.0717, Recon post/prior=0.8917/0.9240, KL=4.5274, | CycSim post total/iv/gm=0.2109/0.0927/0.1183, | CycSim prior total/iv/gm=0.2136/0.0923/0.1213, | CycMeas total/iv/gm=0.1814/0.0929/0.0885, | PriorBnd post/prior=1.67e-04/2.21e-04 | Best 3.6510 | Patience 6/40
 >> Epoch 045 | Train Total=3.4981 | Val post/prior Total=5.1948/2.5681, Recon post/prior=0.8963/0.9246, KL=5.4720, | CycSim post total/iv/gm=0.1557/0.0677/0.0880, | CycSim prior total/iv/gm=0.1631/0.0691/0.0940, | CycMeas total/iv/gm=0.1992/0.0921/0.1071, | PriorBnd post/prior=2.97e-04/3.61e-04 | Best 3.6510 | Patience 7/40
 >> Epoch 046 | Train Total=3.4672 | Val post/prior Total=5.6648/2.7511, Recon post/prior=0.9072/0.9429, KL=6.0129, | CycSim post total/iv/gm=0.1745/0.0786/0.0959, | CycSim prior total/iv/gm=0.1795/0.0798/0.0998, | CycMeas total/iv/gm=0.1832/0.0910/0.0922, | PriorBnd post/prior=5.39e-04/7.41e-04 | Best 3.6510 | Patience 8/40
 >> Epoch 047 | Train Total=3.4525 | Val post/prior Total=5.7196/3.1236, Recon post/prior=0.8855/0.9170, KL=5.2100, | CycSim post total/iv/gm=0.2224/0.0976/0.1247, | CycSim prior total/iv/gm=0.2194/0.0941/0.1253, | CycMeas total/iv/gm=0.2092/0.0990/0.1102, | PriorBnd post/prior=1.19e-04/1.50e-04 | Best 3.6510 | Patience 9/40
 >> Epoch 048 | Train Total=3.6014 | Val post/prior Total=6.6530/3.6564, Recon post/prior=0.8863/0.9137, KL=6.2451, | CycSim post total/iv/gm=0.2639/0.1121/0.1518, | CycSim prior total/iv/gm=0.2730/0.1146/0.1584, | CycMeas total/iv/gm=0.2150/0.0986/0.1164, | PriorBnd post/prior=1.64e-04/2.42e-04 | Best 3.6510 | Patience 10/40
 >> Epoch 049 | Train Total=3.5564 | Val post/prior Total=7.6744/4.3213, Recon post/prior=0.9004/0.9396, KL=6.7075, | CycSim post total/iv/gm=0.3414/0.1490/0.1924, | CycSim prior total/iv/gm=0.3368/0.1453/0.1915, | CycMeas total/iv/gm=0.2025/0.0895/0.1131, | PriorBnd post/prior=2.24e-04/2.72e-04 | Best 3.6510 | Patience 11/40
 >> Epoch 050 | Train Total=3.5767 | Val post/prior Total=5.9498/2.8794, Recon post/prior=0.9100/0.9331, KL=6.1873, | CycSim post total/iv/gm=0.1940/0.0861/0.1079, | CycSim prior total/iv/gm=0.1934/0.0878/0.1055, | CycMeas total/iv/gm=0.1806/0.0883/0.0922, | PriorBnd post/prior=3.01e-04/4.72e-04 | Best 3.6510 | Patience 12/40
 >> Epoch 051 | Train Total=3.8990 | Val post/prior Total=8.7985/6.3312, Recon post/prior=0.8903/0.9166, KL=5.5104, | CycSim post total/iv/gm=0.5147/0.2258/0.2889, | CycSim prior total/iv/gm=0.5401/0.2345/0.3056, | CycMeas total/iv/gm=0.2051/0.0932/0.1119, | PriorBnd post/prior=1.59e-04/2.71e-04 | Best 3.6510 | Patience 13/40
 >> Epoch 052 | Train Total=3.8711 | Val post/prior Total=6.7814/4.2834, Recon post/prior=0.9029/0.9226, KL=4.8827, | CycSim post total/iv/gm=0.3431/0.1524/0.1907, | CycSim prior total/iv/gm=0.3348/0.1490/0.1859, | CycMeas total/iv/gm=0.1748/0.0897/0.0852, | PriorBnd post/prior=1.80e-04/3.01e-04 | Best 3.6510 | Patience 14/40
 >> Epoch 053 | Train Total=3.8445 | Val post/prior Total=5.7328/3.4052, Recon post/prior=0.9036/0.9274, KL=5.1123, | CycSim post total/iv/gm=0.2267/0.0991/0.1276, | CycSim prior total/iv/gm=0.2463/0.1088/0.1376, | CycMeas total/iv/gm=0.2085/0.1118/0.0967, | PriorBnd post/prior=2.51e-04/3.30e-04 | Best 3.6510 | Patience 15/40
 >> Epoch 054 | Train Total=3.9569 | Val post/prior Total=7.5581/5.3064, Recon post/prior=0.8773/0.8924, KL=4.6305, | CycSim post total/iv/gm=0.4360/0.1739/0.2622, | CycSim prior total/iv/gm=0.4403/0.1738/0.2665, | CycMeas total/iv/gm=0.1549/0.0631/0.0918, | PriorBnd post/prior=4.21e-04/5.51e-04 | Best 3.6510 | Patience 16/40
 >> Epoch 055 | Train Total=3.7165 | Val post/prior Total=7.3619/4.5837, Recon post/prior=0.8874/0.9083, KL=5.5757, | CycSim post total/iv/gm=0.3681/0.1529/0.2152, | CycSim prior total/iv/gm=0.3663/0.1510/0.2153, | CycMeas total/iv/gm=0.1729/0.0778/0.0951, | PriorBnd post/prior=1.53e-04/1.88e-04 | Best 3.6510 | Patience 17/40
 >> Epoch 056 | Train Total=3.5613 | Val post/prior Total=6.8407/4.2389, Recon post/prior=0.8731/0.8968, KL=5.2541, | CycSim post total/iv/gm=0.3336/0.1386/0.1949, | CycSim prior total/iv/gm=0.3329/0.1380/0.1948, | CycMeas total/iv/gm=0.2096/0.0898/0.1198, | PriorBnd post/prior=3.11e-05/9.99e-05 | Best 3.6510 | Patience 18/40
 >> Epoch 057 | Train Total=3.5655 | Val post/prior Total=6.8821/4.1715, Recon post/prior=0.9000/0.9409, KL=5.7524, | CycSim post total/iv/gm=0.3100/0.1248/0.1851, | CycSim prior total/iv/gm=0.3217/0.1282/0.1935, | CycMeas total/iv/gm=0.1589/0.0737/0.0852, | PriorBnd post/prior=2.47e-04/8.86e-04 | Best 3.6510 | Patience 19/40
 >> Epoch 058 | Train Total=3.5083 | Val post/prior Total=5.0329/2.3309, Recon post/prior=0.8834/0.8983, KL=5.4366, | CycSim post total/iv/gm=0.1426/0.0567/0.0859, | CycSim prior total/iv/gm=0.1419/0.0576/0.0842, | CycMeas total/iv/gm=0.2219/0.1071/0.1148, | PriorBnd post/prior=3.80e-05/9.67e-05 | Best 3.6510 | Patience 20/40
 >> Epoch 059 | Train Total=3.3925 | Val post/prior Total=5.2397/2.9560, Recon post/prior=0.8910/0.9179, KL=4.6026, | CycSim post total/iv/gm=0.2042/0.0887/0.1155, | CycSim prior total/iv/gm=0.2022/0.0896/0.1127, | CycMeas total/iv/gm=0.2322/0.1158/0.1164, | PriorBnd post/prior=7.42e-05/1.40e-04 | Best 3.6510 | Patience 21/40
 >> Epoch 060 | Train Total=3.3550 | Val post/prior Total=5.0372/2.7656, Recon post/prior=0.8762/0.8949, KL=4.4254, | CycSim post total/iv/gm=0.1943/0.0805/0.1139, | CycSim prior total/iv/gm=0.1855/0.0770/0.1085, | CycMeas total/iv/gm=0.2443/0.1148/0.1296, | PriorBnd post/prior=2.27e-05/7.72e-05 | Best 3.6510 | Patience 22/40
 >> Epoch 061 | Train Total=3.2488 | Val post/prior Total=5.4130/2.9475, Recon post/prior=0.8721/0.8910, KL=4.9383, | CycSim post total/iv/gm=0.2067/0.0860/0.1207, | CycSim prior total/iv/gm=0.2042/0.0843/0.1199, | CycMeas total/iv/gm=0.2287/0.1056/0.1232, | PriorBnd post/prior=3.32e-05/1.20e-04 | Best 3.6510 | Patience 23/40
 >> Epoch 062 | Train Total=3.2118 | Val post/prior Total=4.9074/2.4321, Recon post/prior=0.8775/0.8939, KL=4.9058, | CycSim post total/iv/gm=0.1572/0.0635/0.0937, | CycSim prior total/iv/gm=0.1524/0.0616/0.0908, | CycMeas total/iv/gm=0.2048/0.0935/0.1113, | PriorBnd post/prior=2.60e-05/6.43e-05 | Best 3.6510 | Patience 24/40
 >> Epoch 063 | Train Total=3.2870 | Val post/prior Total=4.5116/2.3897, Recon post/prior=0.8889/0.9084, KL=4.4996, | CycSim post total/iv/gm=0.1367/0.0581/0.0787, | CycSim prior total/iv/gm=0.1467/0.0640/0.0828, | CycMeas total/iv/gm=0.1825/0.0910/0.0914, | PriorBnd post/prior=8.01e-05/1.08e-04 | Best 3.6510 | Patience 25/40
 >> Epoch 064 | Train Total=3.3402 | Val post/prior Total=5.1058/2.2955, Recon post/prior=0.8769/0.8976, KL=5.6392, | CycSim post total/iv/gm=0.1404/0.0565/0.0839, | CycSim prior total/iv/gm=0.1384/0.0567/0.0817, | CycMeas total/iv/gm=0.1882/0.0896/0.0986, | PriorBnd post/prior=3.64e-05/8.10e-05 | Best 3.6510 | Patience 26/40
 >> Epoch 065 | Train Total=3.2607 | Val post/prior Total=4.6991/2.2735, Recon post/prior=0.8852/0.9101, KL=4.9252, | CycSim post total/iv/gm=0.1346/0.0546/0.0800, | CycSim prior total/iv/gm=0.1348/0.0564/0.0784, | CycMeas total/iv/gm=0.1968/0.0967/0.1000, | PriorBnd post/prior=5.46e-05/1.71e-04 | Best 3.6510 | Patience 27/40
 >> Epoch 066 | Train Total=3.2607 | Val post/prior Total=4.3822/2.4256, Recon post/prior=0.8876/0.8970, KL=4.0315, | CycSim post total/iv/gm=0.1473/0.0615/0.0858, | CycSim prior total/iv/gm=0.1515/0.0648/0.0867, | CycMeas total/iv/gm=0.1761/0.0888/0.0873, | PriorBnd post/prior=1.24e-04/1.61e-04 | Best 3.6510 | Patience 28/40
 >> Epoch 067 | Train Total=3.2478 | Val post/prior Total=4.5623/2.3707, Recon post/prior=0.8834/0.8910, KL=4.3547, | CycSim post total/iv/gm=0.1496/0.0606/0.0890, | CycSim prior total/iv/gm=0.1466/0.0597/0.0869, | CycMeas total/iv/gm=0.1776/0.0876/0.0901, | PriorBnd post/prior=6.91e-05/1.33e-04 | Best 3.6510 | Patience 29/40
 >> Epoch 068 | Train Total=3.1452 | Val post/prior Total=4.7671/2.3815, Recon post/prior=0.8811/0.8885, KL=4.6930, | CycSim post total/iv/gm=0.1534/0.0624/0.0910, | CycSim prior total/iv/gm=0.1479/0.0602/0.0877, | CycMeas total/iv/gm=0.1882/0.0918/0.0964, | PriorBnd post/prior=8.40e-05/1.95e-04 | Best 3.6510 | Patience 30/40
 >> Epoch 069 | Train Total=3.0959 | Val post/prior Total=4.7405/2.4025, Recon post/prior=0.8752/0.8826, KL=4.6314, | CycSim post total/iv/gm=0.1544/0.0620/0.0924, | CycSim prior total/iv/gm=0.1505/0.0603/0.0902, | CycMeas total/iv/gm=0.2060/0.0991/0.1069, | PriorBnd post/prior=1.15e-04/1.74e-04 | Best 3.6510 | Patience 31/40
 >> Epoch 070 | Train Total=3.4732 | Val post/prior Total=3.8228/2.2219, Recon post/prior=0.8810/0.8993, KL=3.1640, | CycSim post total/iv/gm=0.1355/0.0524/0.0830, | CycSim prior total/iv/gm=0.1306/0.0495/0.0811, | CycMeas total/iv/gm=0.2248/0.1094/0.1154, | PriorBnd post/prior=3.01e-05/4.64e-05 | Best 3.6510 | Patience 32/40
 >> Epoch 071 | Train Total=3.4056 | Val post/prior Total=4.5607/2.2941, Recon post/prior=0.8996/0.9278, KL=4.4973, | CycSim post total/iv/gm=0.1406/0.0563/0.0843, | CycSim prior total/iv/gm=0.1352/0.0552/0.0800, | CycMeas total/iv/gm=0.1593/0.0823/0.0771, | PriorBnd post/prior=1.35e-04/2.01e-04 | Best 3.6510 | Patience 33/40
 >> Epoch 072 | Train Total=3.3828 | Val post/prior Total=5.0069/3.1680, Recon post/prior=0.8642/0.8684, KL=3.8929, | CycSim post total/iv/gm=0.2191/0.0917/0.1275, | CycSim prior total/iv/gm=0.2282/0.0933/0.1349, | CycMeas total/iv/gm=0.2544/0.1072/0.1472, | PriorBnd post/prior=6.71e-05/5.19e-05 | Best 3.6510 | Patience 34/40
 >> Epoch 073 | Train Total=3.2928 | Val post/prior Total=5.2517/2.8308, Recon post/prior=0.8696/0.8765, KL=4.6946, | CycSim post total/iv/gm=0.2030/0.0806/0.1224, | CycSim prior total/iv/gm=0.1940/0.0757/0.1183, | CycMeas total/iv/gm=0.1938/0.0835/0.1103, | PriorBnd post/prior=5.03e-05/7.22e-05 | Best 3.6510 | Patience 35/40
 >> Epoch 074 | Train Total=3.3295 | Val post/prior Total=6.2458/3.1532, Recon post/prior=0.8856/0.9049, KL=6.4194, | CycSim post total/iv/gm=0.2145/0.0832/0.1313, | CycSim prior total/iv/gm=0.2231/0.0853/0.1379, | CycMeas total/iv/gm=0.2182/0.0954/0.1228, | PriorBnd post/prior=2.33e-03/4.91e-03 | Best 3.6510 | Patience 36/40
 >> Epoch 075 | Train Total=3.2632 | Val post/prior Total=5.1179/2.7253, Recon post/prior=0.8985/0.9248, KL=4.7826, | CycSim post total/iv/gm=0.1822/0.0763/0.1059, | CycSim prior total/iv/gm=0.1782/0.0747/0.1035, | CycMeas total/iv/gm=0.2234/0.0999/0.1235, | PriorBnd post/prior=3.20e-03/4.65e-03 | Best 3.6510 | Patience 37/40
 >> Epoch 076 | Train Total=3.2426 | Val post/prior Total=4.9500/2.7883, Recon post/prior=0.8878/0.9096, KL=4.3964, | CycSim post total/iv/gm=0.1858/0.0740/0.1118, | CycSim prior total/iv/gm=0.1861/0.0721/0.1140, | CycMeas total/iv/gm=0.2262/0.0978/0.1284, | PriorBnd post/prior=4.95e-04/1.02e-03 | Best 3.6510 | Patience 38/40
 >> Epoch 077 | Train Total=3.1212 | Val post/prior Total=4.2890/2.4404, Recon post/prior=0.8837/0.9048, KL=3.6168, | CycSim post total/iv/gm=0.1591/0.0660/0.0932, | CycSim prior total/iv/gm=0.1517/0.0623/0.0894, | CycMeas total/iv/gm=0.2273/0.1008/0.1264, | PriorBnd post/prior=1.46e-03/3.38e-03 | Best 3.6510 | Patience 39/40
 >> Epoch 078 | Train Total=3.0255 | Val post/prior Total=4.7954/2.6473, Recon post/prior=0.8712/0.8869, KL=4.2520, | CycSim post total/iv/gm=0.1793/0.0699/0.1094, | CycSim prior total/iv/gm=0.1742/0.0665/0.1077, | CycMeas total/iv/gm=0.2477/0.1084/0.1393, | PriorBnd post/prior=1.02e-03/2.30e-03 | Best 3.6510 | Patience 40/40
[EarlyStop] at epoch 78
[Diag] Start to calcaulte diag in test preocess... 
[Diag] wrote 373 rows to temp_Unidi_cvae_14param_2channel\cvae_20251127-210116\diag_test.csv
[Diag] proxy_floor_ps  P50=0.0116  P90=0.0402  P95=0.0526  P99=0.0856
[Test] prior total=2.590072 | prior recon=0.898792 | kl=2.253530 | prior cyc_sim=0.167092 | cyc_meas=0.147591 | prior_l2=0.559447 | prior_bnd=0.000137 | 
