[log] tee initialized at 2025-11-05 03:24:28 -> temp_Bidi_cvae\session_20251105-032428.log
Using CUDA device 0: NVIDIA GeForce RTX 4060 Laptop GPU
[log] tee initialized at 2025-11-05 03:24:31 -> temp_Bidi_cvae\cvae_20251105-032431\train.log
[L_trust] using 20000 ref rows from temp_Bidi_cvae\proxy\proxy_Ytr_norm.npy
 >> Epoch 001 | Train Total=96.2670 | Val post/prior Total=50724895.9541/1.0786, Recon post/prior=17.6113/0.7702, KL=506203874.1910, CycSim post/prior=0.1690/0.1273, CycMeas=0.1917, PriorBnd post/prior=5.39e+00/1.03e-03 | Best inf | Patience 1/40
[Update] best val_cyc_meas improved to 0.191672 @ epoch 1
 >> Epoch 002 | Train Total=0.9075 | Val post/prior Total=3781.1457/0.9767, Recon post/prior=1.1394/0.7303, KL=37223.2384, CycSim post/prior=0.1324/0.0915, CycMeas=0.1679, PriorBnd post/prior=1.02e-01/3.99e-04 | Best 0.1917 | Patience 1/40
[Update] best val_cyc_meas improved to 0.167937 @ epoch 2
 >> Epoch 003 | Train Total=0.7832 | Val post/prior Total=700.9978/0.9333, Recon post/prior=0.7605/0.7158, KL=6995.3234, CycSim post/prior=0.1215/0.0847, CycMeas=0.1421, PriorBnd post/prior=1.21e-02/2.91e-04 | Best 0.1679 | Patience 1/40
[Update] best val_cyc_meas improved to 0.142088 @ epoch 3
 >> Epoch 004 | Train Total=0.7425 | Val post/prior Total=189.4342/0.8818, Recon post/prior=0.8569/0.7010, KL=1783.2030, CycSim post/prior=0.1070/0.0658, CycMeas=0.1239, PriorBnd post/prior=5.09e-02/2.76e-04 | Best 0.1421 | Patience 1/40
[Update] best val_cyc_meas improved to 0.123888 @ epoch 4
 >> Epoch 005 | Train Total=0.7179 | Val post/prior Total=4.7270/0.8843, Recon post/prior=0.7084/0.6989, KL=38.8079, CycSim post/prior=0.1039/0.0720, CycMeas=0.1208, PriorBnd post/prior=1.38e-03/1.80e-04 | Best 0.1239 | Patience 1/40
[Update] best val_cyc_meas improved to 0.120811 @ epoch 5
 >> Epoch 006 | Train Total=0.7033 | Val post/prior Total=18.3771/0.8654, Recon post/prior=0.7190/0.6863, KL=172.3065, CycSim post/prior=0.0980/0.0607, CycMeas=0.1294, PriorBnd post/prior=8.29e-03/1.93e-04 | Best 0.1208 | Patience 1/40
 >> Epoch 007 | Train Total=0.6916 | Val post/prior Total=1.2197/0.8657, Recon post/prior=0.6907/0.6827, KL=4.0791, CycSim post/prior=0.0956/0.0626, CycMeas=0.1314, PriorBnd post/prior=1.22e-03/1.41e-04 | Best 0.1208 | Patience 2/40
 >> Epoch 008 | Train Total=0.6832 | Val post/prior Total=2.8106/0.8364, Recon post/prior=0.6913/0.6781, KL=19.7970, CycSim post/prior=0.0862/0.0567, CycMeas=0.1092, PriorBnd post/prior=1.74e-03/1.21e-04 | Best 0.1208 | Patience 3/40
[Update] best val_cyc_meas improved to 0.109229 @ epoch 8
 >> Epoch 009 | Train Total=0.6772 | Val post/prior Total=1.9271/0.8366, Recon post/prior=0.6973/0.6751, KL=9.8547, CycSim post/prior=0.0856/0.0541, CycMeas=0.1171, PriorBnd post/prior=4.98e-03/1.35e-04 | Best 0.1092 | Patience 1/40
 >> Epoch 010 | Train Total=0.6716 | Val post/prior Total=1.4175/0.8151, Recon post/prior=0.6868/0.6697, KL=5.7565, CycSim post/prior=0.0852/0.0515, CycMeas=0.1008, PriorBnd post/prior=3.66e-03/1.24e-04 | Best 0.1092 | Patience 2/40
[Update] best val_cyc_meas improved to 0.100837 @ epoch 10
 >> Epoch 011 | Train Total=0.6686 | Val post/prior Total=1.1759/0.8123, Recon post/prior=0.6768/0.6657, KL=3.7973, CycSim post/prior=0.0856/0.0527, CycMeas=0.1004, PriorBnd post/prior=1.70e-03/1.28e-04 | Best 0.1008 | Patience 1/40
[Update] best val_cyc_meas improved to 0.100388 @ epoch 11
 >> Epoch 012 | Train Total=0.6643 | Val post/prior Total=0.8667/0.8142, Recon post/prior=0.6744/0.6654, KL=0.8350, CycSim post/prior=0.0813/0.0508, CycMeas=0.1060, PriorBnd post/prior=1.67e-03/1.13e-04 | Best 0.1004 | Patience 1/40
 >> Epoch 013 | Train Total=0.6613 | Val post/prior Total=0.8579/0.8156, Recon post/prior=0.6707/0.6628, KL=0.8419, CycSim post/prior=0.0794/0.0513, CycMeas=0.1103, PriorBnd post/prior=1.09e-03/9.84e-05 | Best 0.1004 | Patience 2/40
 >> Epoch 014 | Train Total=0.6570 | Val post/prior Total=0.8350/0.8101, Recon post/prior=0.6650/0.6567, KL=0.5843, CycSim post/prior=0.0856/0.0539, CycMeas=0.1070, PriorBnd post/prior=1.26e-03/8.98e-05 | Best 0.1004 | Patience 3/40
 >> Epoch 015 | Train Total=0.6527 | Val post/prior Total=0.8243/0.8221, Recon post/prior=0.6650/0.6569, KL=0.4589, CycSim post/prior=0.0840/0.0570, CycMeas=0.1171, PriorBnd post/prior=1.33e-03/9.66e-05 | Best 0.1004 | Patience 4/40
 >> Epoch 016 | Train Total=0.6482 | Val post/prior Total=0.7946/0.7957, Recon post/prior=0.6561/0.6485, KL=0.3806, CycSim post/prior=0.0783/0.0470, CycMeas=0.1094, PriorBnd post/prior=9.26e-04/9.13e-05 | Best 0.1004 | Patience 5/40
 >> Epoch 017 | Train Total=0.6460 | Val post/prior Total=0.7666/0.7864, Recon post/prior=0.6524/0.6468, KL=0.1897, CycSim post/prior=0.0764/0.0459, CycMeas=0.1014, PriorBnd post/prior=3.46e-04/9.06e-05 | Best 0.1004 | Patience 6/40
 >> Epoch 018 | Train Total=0.6458 | Val post/prior Total=0.7732/0.7850, Recon post/prior=0.6524/0.6450, KL=0.2517, CycSim post/prior=0.0751/0.0458, CycMeas=0.1022, PriorBnd post/prior=9.69e-04/7.88e-05 | Best 0.1004 | Patience 7/40
 >> Epoch 019 | Train Total=0.6420 | Val post/prior Total=0.7663/0.7904, Recon post/prior=0.6507/0.6455, KL=0.2040, CycSim post/prior=0.0765/0.0511, CycMeas=0.1004, PriorBnd post/prior=4.48e-04/8.65e-05 | Best 0.1004 | Patience 8/40
 >> Epoch 020 | Train Total=0.6405 | Val post/prior Total=0.7563/0.7786, Recon post/prior=0.6476/0.6391, KL=0.1048, CycSim post/prior=0.0738/0.0474, CycMeas=0.0991, PriorBnd post/prior=1.23e-03/1.16e-04 | Best 0.1004 | Patience 9/40
[Update] best val_cyc_meas improved to 0.099056 @ epoch 20
 >> Epoch 021 | Train Total=0.6384 | Val post/prior Total=0.7503/0.7790, Recon post/prior=0.6435/0.6378, KL=0.1390, CycSim post/prior=0.0737/0.0456, CycMeas=0.1039, PriorBnd post/prior=6.73e-04/8.72e-05 | Best 0.0991 | Patience 1/40
 >> Epoch 022 | Train Total=0.6357 | Val post/prior Total=0.7407/0.7864, Recon post/prior=0.6427/0.6385, KL=0.0528, CycSim post/prior=0.0743/0.0530, CycMeas=0.1013, PriorBnd post/prior=3.72e-04/9.38e-05 | Best 0.0991 | Patience 2/40
 >> Epoch 023 | Train Total=0.6341 | Val post/prior Total=0.7423/0.7879, Recon post/prior=0.6400/0.6357, KL=0.0635, CycSim post/prior=0.0771/0.0518, CycMeas=0.1085, PriorBnd post/prior=2.87e-04/7.07e-05 | Best 0.0991 | Patience 3/40
 >> Epoch 024 | Train Total=0.6314 | Val post/prior Total=0.7378/0.7857, Recon post/prior=0.6392/0.6353, KL=0.0384, CycSim post/prior=0.0763/0.0531, CycMeas=0.1044, PriorBnd post/prior=2.07e-04/7.72e-05 | Best 0.0991 | Patience 4/40
 >> Epoch 025 | Train Total=0.6306 | Val post/prior Total=0.7325/0.7727, Recon post/prior=0.6356/0.6308, KL=0.0646, CycSim post/prior=0.0724/0.0469, CycMeas=0.1029, PriorBnd post/prior=3.88e-04/8.15e-05 | Best 0.0991 | Patience 5/40
 >> Epoch 026 | Train Total=0.6302 | Val post/prior Total=0.7272/0.7650, Recon post/prior=0.6325/0.6277, KL=0.0726, CycSim post/prior=0.0697/0.0448, CycMeas=0.1001, PriorBnd post/prior=4.70e-04/8.51e-05 | Best 0.0991 | Patience 6/40
 >> Epoch 027 | Train Total=0.6291 | Val post/prior Total=0.7309/0.7811, Recon post/prior=0.6365/0.6335, KL=0.0376, CycSim post/prior=0.0728/0.0526, CycMeas=0.1015, PriorBnd post/prior=1.47e-04/7.21e-05 | Best 0.0991 | Patience 7/40
 >> Epoch 028 | Train Total=0.6275 | Val post/prior Total=0.7190/0.7535, Recon post/prior=0.6270/0.6212, KL=0.0547, CycSim post/prior=0.0684/0.0408, CycMeas=0.0996, PriorBnd post/prior=6.32e-04/9.67e-05 | Best 0.0991 | Patience 8/40
 >> Epoch 029 | Train Total=0.6267 | Val post/prior Total=0.7136/0.7551, Recon post/prior=0.6242/0.6198, KL=0.0456, CycSim post/prior=0.0678/0.0431, CycMeas=0.0999, PriorBnd post/prior=2.01e-04/8.53e-05 | Best 0.0991 | Patience 9/40
 >> Epoch 030 | Train Total=0.6246 | Val post/prior Total=0.7107/0.7535, Recon post/prior=0.6225/0.6177, KL=0.0473, CycSim post/prior=0.0665/0.0417, CycMeas=0.1026, PriorBnd post/prior=2.72e-04/9.61e-05 | Best 0.0991 | Patience 10/40
 >> Epoch 031 | Train Total=0.6241 | Val post/prior Total=0.7068/0.7488, Recon post/prior=0.6219/0.6166, KL=0.0418, CycSim post/prior=0.0640/0.0409, CycMeas=0.0994, PriorBnd post/prior=3.99e-04/8.28e-05 | Best 0.0991 | Patience 11/40
 >> Epoch 032 | Train Total=0.6220 | Val post/prior Total=0.7078/0.7542, Recon post/prior=0.6216/0.6178, KL=0.0401, CycSim post/prior=0.0655/0.0437, CycMeas=0.1004, PriorBnd post/prior=1.86e-04/8.58e-05 | Best 0.0991 | Patience 12/40
 >> Epoch 033 | Train Total=0.6213 | Val post/prior Total=0.7272/0.7875, Recon post/prior=0.6316/0.6294, KL=0.0545, CycSim post/prior=0.0724/0.0558, CycMeas=0.1096, PriorBnd post/prior=1.33e-04/9.28e-05 | Best 0.0991 | Patience 13/40
 >> Epoch 034 | Train Total=0.6213 | Val post/prior Total=0.7015/0.7432, Recon post/prior=0.6169/0.6118, KL=0.0376, CycSim post/prior=0.0643/0.0397, CycMeas=0.0999, PriorBnd post/prior=2.44e-04/8.84e-05 | Best 0.0991 | Patience 14/40
 >> Epoch 035 | Train Total=0.6216 | Val post/prior Total=0.7010/0.7439, Recon post/prior=0.6159/0.6111, KL=0.0362, CycSim post/prior=0.0647/0.0414, CycMeas=0.0991, PriorBnd post/prior=3.37e-04/9.60e-05 | Best 0.0991 | Patience 15/40
 >> Epoch 036 | Train Total=0.6212 | Val post/prior Total=0.7002/0.7453, Recon post/prior=0.6157/0.6114, KL=0.0358, CycSim post/prior=0.0642/0.0418, CycMeas=0.1000, PriorBnd post/prior=4.11e-04/9.52e-05 | Best 0.0991 | Patience 16/40
 >> Epoch 037 | Train Total=0.6209 | Val post/prior Total=0.7009/0.7449, Recon post/prior=0.6141/0.6094, KL=0.0362, CycSim post/prior=0.0662/0.0433, CycMeas=0.0997, PriorBnd post/prior=2.77e-04/9.94e-05 | Best 0.0991 | Patience 17/40
 >> Epoch 038 | Train Total=0.6201 | Val post/prior Total=0.6934/0.7398, Recon post/prior=0.6123/0.6080, KL=0.0315, CycSim post/prior=0.0619/0.0398, CycMeas=0.1004, PriorBnd post/prior=1.18e-04/9.72e-05 | Best 0.0991 | Patience 18/40
 >> Epoch 039 | Train Total=0.6191 | Val post/prior Total=0.6948/0.7441, Recon post/prior=0.6110/0.6062, KL=0.0356, CycSim post/prior=0.0637/0.0421, CycMeas=0.1046, PriorBnd post/prior=3.44e-04/9.72e-05 | Best 0.0991 | Patience 19/40
 >> Epoch 040 | Train Total=0.6184 | Val post/prior Total=0.6956/0.7434, Recon post/prior=0.6128/0.6090, KL=0.0298, CycSim post/prior=0.0636/0.0426, CycMeas=0.0996, PriorBnd post/prior=1.41e-04/8.21e-05 | Best 0.0991 | Patience 20/40
 >> Epoch 041 | Train Total=0.6188 | Val post/prior Total=0.6961/0.7408, Recon post/prior=0.6096/0.6057, KL=0.0320, CycSim post/prior=0.0663/0.0413, CycMeas=0.1021, PriorBnd post/prior=2.31e-04/9.06e-05 | Best 0.0991 | Patience 21/40
 >> Epoch 042 | Train Total=0.6188 | Val post/prior Total=0.6919/0.7405, Recon post/prior=0.6100/0.6058, KL=0.0306, CycSim post/prior=0.0627/0.0427, CycMeas=0.0997, PriorBnd post/prior=2.38e-04/9.08e-05 | Best 0.0991 | Patience 22/40
 >> Epoch 043 | Train Total=0.6185 | Val post/prior Total=0.6872/0.7369, Recon post/prior=0.6084/0.6048, KL=0.0287, CycSim post/prior=0.0602/0.0390, CycMeas=0.1019, PriorBnd post/prior=1.59e-04/8.71e-05 | Best 0.0991 | Patience 23/40
 >> Epoch 044 | Train Total=0.6191 | Val post/prior Total=0.6935/0.7436, Recon post/prior=0.6119/0.6081, KL=0.0259, CycSim post/prior=0.0629/0.0441, CycMeas=0.0986, PriorBnd post/prior=1.38e-04/9.03e-05 | Best 0.0991 | Patience 24/40
[Update] best val_cyc_meas improved to 0.098634 @ epoch 44
 >> Epoch 045 | Train Total=0.6185 | Val post/prior Total=0.6869/0.7337, Recon post/prior=0.6063/0.6023, KL=0.0309, CycSim post/prior=0.0614/0.0398, CycMeas=0.0997, PriorBnd post/prior=1.52e-04/9.81e-05 | Best 0.0986 | Patience 1/40
 >> Epoch 046 | Train Total=0.6186 | Val post/prior Total=0.6814/0.7346, Recon post/prior=0.6052/0.6014, KL=0.0289, CycSim post/prior=0.0579/0.0398, CycMeas=0.1020, PriorBnd post/prior=2.48e-04/9.27e-05 | Best 0.0986 | Patience 2/40
 >> Epoch 047 | Train Total=0.6168 | Val post/prior Total=0.6812/0.7314, Recon post/prior=0.6049/0.6007, KL=0.0291, CycSim post/prior=0.0580/0.0394, CycMeas=0.0994, PriorBnd post/prior=2.45e-04/9.13e-05 | Best 0.0986 | Patience 3/40
 >> Epoch 048 | Train Total=0.6187 | Val post/prior Total=0.6860/0.7317, Recon post/prior=0.6046/0.6001, KL=0.0287, CycSim post/prior=0.0624/0.0404, CycMeas=0.0992, PriorBnd post/prior=1.04e-04/8.83e-05 | Best 0.0986 | Patience 4/40
 >> Epoch 049 | Train Total=0.6174 | Val post/prior Total=0.6859/0.7307, Recon post/prior=0.6032/0.5987, KL=0.0271, CycSim post/prior=0.0635/0.0409, CycMeas=0.0989, PriorBnd post/prior=2.05e-04/1.05e-04 | Best 0.0986 | Patience 5/40
 >> Epoch 050 | Train Total=0.6186 | Val post/prior Total=0.6951/0.7508, Recon post/prior=0.6103/0.6074, KL=0.0239, CycSim post/prior=0.0656/0.0486, CycMeas=0.1019, PriorBnd post/prior=2.90e-04/8.08e-05 | Best 0.0986 | Patience 6/40
 >> Epoch 051 | Train Total=0.6203 | Val post/prior Total=0.6854/0.7333, Recon post/prior=0.6028/0.5989, KL=0.0284, CycSim post/prior=0.0634/0.0419, CycMeas=0.1004, PriorBnd post/prior=1.73e-04/1.00e-04 | Best 0.0986 | Patience 7/40
 >> Epoch 052 | Train Total=0.6193 | Val post/prior Total=0.6803/0.7265, Recon post/prior=0.6006/0.5957, KL=0.0288, CycSim post/prior=0.0609/0.0385, CycMeas=0.1008, PriorBnd post/prior=1.67e-04/1.07e-04 | Best 0.0986 | Patience 8/40
 >> Epoch 053 | Train Total=0.6191 | Val post/prior Total=0.6779/0.7226, Recon post/prior=0.5993/0.5950, KL=0.0279, CycSim post/prior=0.0600/0.0378, CycMeas=0.0979, PriorBnd post/prior=1.51e-04/1.10e-04 | Best 0.0986 | Patience 9/40
[Update] best val_cyc_meas improved to 0.097948 @ epoch 53
 >> Epoch 054 | Train Total=0.6199 | Val post/prior Total=0.6769/0.7263, Recon post/prior=0.5987/0.5943, KL=0.0272, CycSim post/prior=0.0597/0.0369, CycMeas=0.1046, PriorBnd post/prior=1.57e-04/1.06e-04 | Best 0.0979 | Patience 1/40
 >> Epoch 055 | Train Total=0.6189 | Val post/prior Total=0.6788/0.7269, Recon post/prior=0.6003/0.5959, KL=0.0242, CycSim post/prior=0.0603/0.0401, CycMeas=0.0988, PriorBnd post/prior=1.54e-04/1.01e-04 | Best 0.0979 | Patience 2/40
 >> Epoch 056 | Train Total=0.6204 | Val post/prior Total=0.6784/0.7290, Recon post/prior=0.6010/0.5978, KL=0.0267, CycSim post/prior=0.0592/0.0400, CycMeas=0.0993, PriorBnd post/prior=1.12e-04/8.99e-05 | Best 0.0979 | Patience 3/40
 >> Epoch 057 | Train Total=0.6211 | Val post/prior Total=0.6823/0.7325, Recon post/prior=0.6006/0.5969, KL=0.0266, CycSim post/prior=0.0628/0.0420, CycMeas=0.1017, PriorBnd post/prior=2.12e-04/1.02e-04 | Best 0.0979 | Patience 4/40
 >> Epoch 058 | Train Total=0.6213 | Val post/prior Total=0.6746/0.7231, Recon post/prior=0.5983/0.5940, KL=0.0238, CycSim post/prior=0.0583/0.0381, CycMeas=0.0992, PriorBnd post/prior=2.63e-04/1.12e-04 | Best 0.0979 | Patience 5/40
 >> Epoch 059 | Train Total=0.6211 | Val post/prior Total=0.6782/0.7267, Recon post/prior=0.5996/0.5957, KL=0.0228, CycSim post/prior=0.0605/0.0399, CycMeas=0.0992, PriorBnd post/prior=1.56e-04/9.98e-05 | Best 0.0979 | Patience 6/40
 >> Epoch 060 | Train Total=0.6223 | Val post/prior Total=0.6738/0.7235, Recon post/prior=0.5991/0.5952, KL=0.0252, CycSim post/prior=0.0569/0.0376, CycMeas=0.0992, PriorBnd post/prior=2.84e-04/9.83e-05 | Best 0.0979 | Patience 7/40
 >> Epoch 061 | Train Total=0.6234 | Val post/prior Total=0.6740/0.7248, Recon post/prior=0.5987/0.5955, KL=0.0237, CycSim post/prior=0.0577/0.0388, CycMeas=0.0986, PriorBnd post/prior=1.24e-04/9.69e-05 | Best 0.0979 | Patience 8/40
 >> Epoch 062 | Train Total=0.6220 | Val post/prior Total=0.6807/0.7287, Recon post/prior=0.6002/0.5962, KL=0.0252, CycSim post/prior=0.0619/0.0420, CycMeas=0.0979, PriorBnd post/prior=2.39e-04/9.77e-05 | Best 0.0979 | Patience 9/40
[Update] best val_cyc_meas improved to 0.097862 @ epoch 62
 >> Epoch 063 | Train Total=0.6226 | Val post/prior Total=0.6733/0.7232, Recon post/prior=0.5979/0.5942, KL=0.0251, CycSim post/prior=0.0576/0.0378, CycMeas=0.0996, PriorBnd post/prior=2.12e-04/1.01e-04 | Best 0.0979 | Patience 1/40
 >> Epoch 064 | Train Total=0.6227 | Val post/prior Total=0.6711/0.7198, Recon post/prior=0.5960/0.5921, KL=0.0239, CycSim post/prior=0.0573/0.0371, CycMeas=0.0990, PriorBnd post/prior=1.86e-04/1.08e-04 | Best 0.0979 | Patience 2/40
 >> Epoch 065 | Train Total=0.6255 | Val post/prior Total=0.6731/0.7229, Recon post/prior=0.5980/0.5939, KL=0.0261, CycSim post/prior=0.0573/0.0379, CycMeas=0.0996, PriorBnd post/prior=1.60e-04/1.00e-04 | Best 0.0979 | Patience 3/40
 >> Epoch 066 | Train Total=0.6234 | Val post/prior Total=0.6726/0.7225, Recon post/prior=0.5973/0.5933, KL=0.0238, CycSim post/prior=0.0576/0.0384, CycMeas=0.0990, PriorBnd post/prior=1.33e-04/1.00e-04 | Best 0.0979 | Patience 4/40
 >> Epoch 067 | Train Total=0.6246 | Val post/prior Total=0.6820/0.7319, Recon post/prior=0.6006/0.5971, KL=0.0242, CycSim post/prior=0.0629/0.0437, CycMeas=0.0983, PriorBnd post/prior=9.62e-05/1.00e-04 | Best 0.0979 | Patience 5/40
 >> Epoch 068 | Train Total=0.6276 | Val post/prior Total=0.6758/0.7300, Recon post/prior=0.5994/0.5965, KL=0.0220, CycSim post/prior=0.0588/0.0424, CycMeas=0.0984, PriorBnd post/prior=1.15e-04/9.20e-05 | Best 0.0979 | Patience 6/40
 >> Epoch 069 | Train Total=0.6269 | Val post/prior Total=0.6734/0.7196, Recon post/prior=0.5956/0.5913, KL=0.0245, CycSim post/prior=0.0596/0.0381, CycMeas=0.0984, PriorBnd post/prior=2.13e-04/1.07e-04 | Best 0.0979 | Patience 7/40
 >> Epoch 070 | Train Total=0.6281 | Val post/prior Total=0.6720/0.7229, Recon post/prior=0.5962/0.5928, KL=0.0241, CycSim post/prior=0.0581/0.0385, CycMeas=0.0999, PriorBnd post/prior=1.09e-04/1.07e-04 | Best 0.0979 | Patience 8/40
 >> Epoch 071 | Train Total=0.6273 | Val post/prior Total=0.6735/0.7186, Recon post/prior=0.5949/0.5902, KL=0.0237, CycSim post/prior=0.0602/0.0372, CycMeas=0.0998, PriorBnd post/prior=2.81e-04/1.10e-04 | Best 0.0979 | Patience 9/40
 >> Epoch 072 | Train Total=0.6288 | Val post/prior Total=0.6717/0.7173, Recon post/prior=0.5941/0.5893, KL=0.0244, CycSim post/prior=0.0593/0.0373, CycMeas=0.0990, PriorBnd post/prior=2.22e-04/1.18e-04 | Best 0.0979 | Patience 10/40
 >> Epoch 073 | Train Total=0.6292 | Val post/prior Total=0.6725/0.7206, Recon post/prior=0.5959/0.5920, KL=0.0222, CycSim post/prior=0.0588/0.0385, CycMeas=0.0981, PriorBnd post/prior=1.09e-04/1.02e-04 | Best 0.0979 | Patience 11/40
 >> Epoch 074 | Train Total=0.6311 | Val post/prior Total=0.6714/0.7184, Recon post/prior=0.5958/0.5916, KL=0.0218, CycSim post/prior=0.0580/0.0370, CycMeas=0.0981, PriorBnd post/prior=1.81e-04/1.14e-04 | Best 0.0979 | Patience 12/40
 >> Epoch 075 | Train Total=0.6307 | Val post/prior Total=0.6702/0.7187, Recon post/prior=0.5959/0.5919, KL=0.0243, CycSim post/prior=0.0568/0.0371, CycMeas=0.0980, PriorBnd post/prior=1.59e-04/1.04e-04 | Best 0.0979 | Patience 13/40
 >> Epoch 076 | Train Total=0.6319 | Val post/prior Total=0.6705/0.7163, Recon post/prior=0.5937/0.5892, KL=0.0260, CycSim post/prior=0.0585/0.0361, CycMeas=0.0997, PriorBnd post/prior=2.39e-04/1.15e-04 | Best 0.0979 | Patience 14/40
 >> Epoch 077 | Train Total=0.6322 | Val post/prior Total=0.7337/0.7915, Recon post/prior=0.6223/0.6200, KL=0.0401, CycSim post/prior=0.0869/0.0723, CycMeas=0.1020, PriorBnd post/prior=1.05e-04/7.14e-05 | Best 0.0979 | Patience 15/40
 >> Epoch 078 | Train Total=0.6324 | Val post/prior Total=0.6981/0.7543, Recon post/prior=0.6085/0.6064, KL=0.0281, CycSim post/prior=0.0694/0.0541, CycMeas=0.0992, PriorBnd post/prior=1.20e-04/7.57e-05 | Best 0.0979 | Patience 16/40
 >> Epoch 079 | Train Total=0.6344 | Val post/prior Total=0.6735/0.7243, Recon post/prior=0.5960/0.5927, KL=0.0219, CycSim post/prior=0.0596/0.0409, CycMeas=0.0983, PriorBnd post/prior=1.32e-04/9.80e-05 | Best 0.0979 | Patience 17/40
 >> Epoch 080 | Train Total=0.6358 | Val post/prior Total=0.6713/0.7180, Recon post/prior=0.5939/0.5900, KL=0.0235, CycSim post/prior=0.0593/0.0372, CycMeas=0.0994, PriorBnd post/prior=1.51e-04/1.10e-04 | Best 0.0979 | Patience 18/40
 >> Epoch 081 | Train Total=0.6364 | Val post/prior Total=0.6720/0.7171, Recon post/prior=0.5936/0.5883, KL=0.0260, CycSim post/prior=0.0597/0.0366, CycMeas=0.1010, PriorBnd post/prior=4.06e-04/1.17e-04 | Best 0.0979 | Patience 19/40
 >> Epoch 082 | Train Total=0.6356 | Val post/prior Total=0.7465/0.8110, Recon post/prior=0.6329/0.6319, KL=0.0471, CycSim post/prior=0.0883/0.0750, CycMeas=0.1076, PriorBnd post/prior=7.15e-05/6.92e-05 | Best 0.0979 | Patience 20/40
 >> Epoch 083 | Train Total=0.6376 | Val post/prior Total=0.6824/0.7368, Recon post/prior=0.6006/0.5973, KL=0.0209, CycSim post/prior=0.0635/0.0470, CycMeas=0.0992, PriorBnd post/prior=1.19e-04/8.81e-05 | Best 0.0979 | Patience 21/40
 >> Epoch 084 | Train Total=0.6374 | Val post/prior Total=0.6686/0.7190, Recon post/prior=0.5948/0.5907, KL=0.0232, CycSim post/prior=0.0564/0.0382, CycMeas=0.0980, PriorBnd post/prior=1.73e-04/1.05e-04 | Best 0.0979 | Patience 22/40
 >> Epoch 085 | Train Total=0.6398 | Val post/prior Total=0.6702/0.7197, Recon post/prior=0.5935/0.5893, KL=0.0245, CycSim post/prior=0.0587/0.0382, CycMeas=0.1006, PriorBnd post/prior=1.77e-04/1.08e-04 | Best 0.0979 | Patience 23/40
 >> Epoch 086 | Train Total=0.6388 | Val post/prior Total=0.6703/0.7160, Recon post/prior=0.5940/0.5894, KL=0.0232, CycSim post/prior=0.0584/0.0366, CycMeas=0.0984, PriorBnd post/prior=3.01e-04/1.05e-04 | Best 0.0979 | Patience 24/40
 >> Epoch 087 | Train Total=0.6401 | Val post/prior Total=0.6719/0.7172, Recon post/prior=0.5934/0.5886, KL=0.0234, CycSim post/prior=0.0602/0.0385, CycMeas=0.0981, PriorBnd post/prior=1.63e-04/1.11e-04 | Best 0.0979 | Patience 25/40
 >> Epoch 088 | Train Total=0.6415 | Val post/prior Total=0.6754/0.7178, Recon post/prior=0.5926/0.5878, KL=0.0250, CycSim post/prior=0.0636/0.0378, CycMeas=0.1008, PriorBnd post/prior=2.17e-04/1.26e-04 | Best 0.0979 | Patience 26/40
 >> Epoch 089 | Train Total=0.6419 | Val post/prior Total=0.6769/0.7274, Recon post/prior=0.5972/0.5935, KL=0.0235, CycSim post/prior=0.0613/0.0419, CycMeas=0.0999, PriorBnd post/prior=1.92e-04/1.07e-04 | Best 0.0979 | Patience 27/40
 >> Epoch 090 | Train Total=0.6432 | Val post/prior Total=0.6699/0.7176, Recon post/prior=0.5939/0.5898, KL=0.0234, CycSim post/prior=0.0582/0.0379, CycMeas=0.0979, PriorBnd post/prior=1.14e-04/1.05e-04 | Best 0.0979 | Patience 28/40
 >> Epoch 091 | Train Total=0.6426 | Val post/prior Total=0.6999/0.7579, Recon post/prior=0.6069/0.6049, KL=0.0218, CycSim post/prior=0.0728/0.0586, CycMeas=0.0990, PriorBnd post/prior=1.24e-04/7.25e-05 | Best 0.0979 | Patience 29/40
 >> Epoch 092 | Train Total=0.6434 | Val post/prior Total=0.6767/0.7282, Recon post/prior=0.5948/0.5918, KL=0.0261, CycSim post/prior=0.0629/0.0411, CycMeas=0.1040, PriorBnd post/prior=1.36e-04/1.11e-04 | Best 0.0979 | Patience 30/40
 >> Epoch 093 | Train Total=0.6445 | Val post/prior Total=0.6700/0.7163, Recon post/prior=0.5942/0.5898, KL=0.0243, CycSim post/prior=0.0580/0.0366, CycMeas=0.0982, PriorBnd post/prior=1.59e-04/1.09e-04 | Best 0.0979 | Patience 31/40
 >> Epoch 094 | Train Total=0.6471 | Val post/prior Total=0.6697/0.7174, Recon post/prior=0.5934/0.5892, KL=0.0234, CycSim post/prior=0.0583/0.0374, CycMeas=0.0991, PriorBnd post/prior=1.93e-04/1.09e-04 | Best 0.0979 | Patience 32/40
 >> Epoch 095 | Train Total=0.6459 | Val post/prior Total=0.6884/0.7427, Recon post/prior=0.6049/0.6018, KL=0.0232, CycSim post/prior=0.0648/0.0490, CycMeas=0.0981, PriorBnd post/prior=8.97e-05/7.73e-05 | Best 0.0979 | Patience 33/40
 >> Epoch 096 | Train Total=0.6470 | Val post/prior Total=0.6719/0.7145, Recon post/prior=0.5931/0.5880, KL=0.0261, CycSim post/prior=0.0603/0.0371, CycMeas=0.0975, PriorBnd post/prior=2.21e-04/1.12e-04 | Best 0.0979 | Patience 34/40
[Update] best val_cyc_meas improved to 0.097515 @ epoch 96
 >> Epoch 097 | Train Total=0.6477 | Val post/prior Total=0.6804/0.7305, Recon post/prior=0.5971/0.5934, KL=0.0241, CycSim post/prior=0.0644/0.0449, CycMeas=0.0993, PriorBnd post/prior=1.49e-04/1.01e-04 | Best 0.0975 | Patience 1/40
 >> Epoch 098 | Train Total=0.6486 | Val post/prior Total=0.6684/0.7148, Recon post/prior=0.5928/0.5890, KL=0.0249, CycSim post/prior=0.0577/0.0361, CycMeas=0.0982, PriorBnd post/prior=1.85e-04/1.16e-04 | Best 0.0975 | Patience 2/40
 >> Epoch 099 | Train Total=0.6505 | Val post/prior Total=0.6691/0.7212, Recon post/prior=0.5932/0.5887, KL=0.0246, CycSim post/prior=0.0580/0.0375, CycMeas=0.1044, PriorBnd post/prior=1.90e-04/1.16e-04 | Best 0.0975 | Patience 3/40
 >> Epoch 100 | Train Total=0.6494 | Val post/prior Total=0.6688/0.7139, Recon post/prior=0.5927/0.5879, KL=0.0248, CycSim post/prior=0.0580/0.0361, CycMeas=0.0983, PriorBnd post/prior=2.94e-04/1.18e-04 | Best 0.0975 | Patience 4/40
 >> Epoch 101 | Train Total=0.6511 | Val post/prior Total=0.6685/0.7139, Recon post/prior=0.5928/0.5879, KL=0.0255, CycSim post/prior=0.0576/0.0365, CycMeas=0.0975, PriorBnd post/prior=2.98e-04/1.16e-04 | Best 0.0975 | Patience 5/40
 >> Epoch 102 | Train Total=0.6501 | Val post/prior Total=0.6685/0.7176, Recon post/prior=0.5942/0.5906, KL=0.0235, CycSim post/prior=0.0568/0.0366, CycMeas=0.0989, PriorBnd post/prior=1.38e-04/1.06e-04 | Best 0.0975 | Patience 6/40
 >> Epoch 103 | Train Total=0.6535 | Val post/prior Total=0.6682/0.7195, Recon post/prior=0.5947/0.5912, KL=0.0234, CycSim post/prior=0.0562/0.0381, CycMeas=0.0982, PriorBnd post/prior=1.71e-04/1.09e-04 | Best 0.0975 | Patience 7/40
 >> Epoch 104 | Train Total=0.6516 | Val post/prior Total=0.6704/0.7222, Recon post/prior=0.5955/0.5918, KL=0.0229, CycSim post/prior=0.0572/0.0393, CycMeas=0.0993, PriorBnd post/prior=3.22e-04/1.08e-04 | Best 0.0975 | Patience 8/40
 >> Epoch 105 | Train Total=0.6562 | Val post/prior Total=0.6730/0.7215, Recon post/prior=0.5957/0.5922, KL=0.0246, CycSim post/prior=0.0593/0.0392, CycMeas=0.0980, PriorBnd post/prior=1.40e-04/1.05e-04 | Best 0.0975 | Patience 9/40
 >> Epoch 106 | Train Total=0.6564 | Val post/prior Total=0.7348/0.8015, Recon post/prior=0.6283/0.6273, KL=0.0437, CycSim post/prior=0.0825/0.0687, CycMeas=0.1107, PriorBnd post/prior=8.66e-05/7.42e-05 | Best 0.0975 | Patience 10/40
 >> Epoch 107 | Train Total=0.6569 | Val post/prior Total=0.6678/0.7144, Recon post/prior=0.5931/0.5885, KL=0.0249, CycSim post/prior=0.0569/0.0360, CycMeas=0.0983, PriorBnd post/prior=1.77e-04/1.14e-04 | Best 0.0975 | Patience 11/40
 >> Epoch 108 | Train Total=0.6561 | Val post/prior Total=0.6813/0.7362, Recon post/prior=0.6022/0.5996, KL=0.0246, CycSim post/prior=0.0608/0.0455, CycMeas=0.0978, PriorBnd post/prior=2.40e-04/8.65e-05 | Best 0.0975 | Patience 12/40
 >> Epoch 109 | Train Total=0.6581 | Val post/prior Total=0.6705/0.7143, Recon post/prior=0.5936/0.5882, KL=0.0272, CycSim post/prior=0.0586/0.0362, CycMeas=0.0984, PriorBnd post/prior=2.22e-04/1.14e-04 | Best 0.0975 | Patience 13/40
 >> Epoch 110 | Train Total=0.6595 | Val post/prior Total=0.6759/0.7194, Recon post/prior=0.5942/0.5891, KL=0.0231, CycSim post/prior=0.0630/0.0400, CycMeas=0.0980, PriorBnd post/prior=1.62e-04/1.07e-04 | Best 0.0975 | Patience 14/40
 >> Epoch 111 | Train Total=0.6569 | Val post/prior Total=0.6690/0.7168, Recon post/prior=0.5932/0.5888, KL=0.0232, CycSim post/prior=0.0579/0.0370, CycMeas=0.0994, PriorBnd post/prior=2.97e-04/1.11e-04 | Best 0.0975 | Patience 15/40
 >> Epoch 112 | Train Total=0.6579 | Val post/prior Total=0.7131/0.7691, Recon post/prior=0.6167/0.6148, KL=0.0383, CycSim post/prior=0.0744/0.0583, CycMeas=0.1011, PriorBnd post/prior=9.73e-05/8.13e-05 | Best 0.0975 | Patience 16/40
 >> Epoch 113 | Train Total=0.6598 | Val post/prior Total=0.6750/0.7220, Recon post/prior=0.5967/0.5927, KL=0.0260, CycSim post/prior=0.0600/0.0396, CycMeas=0.0975, PriorBnd post/prior=1.87e-04/9.92e-05 | Best 0.0975 | Patience 17/40
 >> Epoch 114 | Train Total=0.6597 | Val post/prior Total=0.6692/0.7174, Recon post/prior=0.5932/0.5894, KL=0.0248, CycSim post/prior=0.0581/0.0376, CycMeas=0.0987, PriorBnd post/prior=1.36e-04/1.14e-04 | Best 0.0975 | Patience 18/40
 >> Epoch 115 | Train Total=0.6612 | Val post/prior Total=0.6671/0.7145, Recon post/prior=0.5928/0.5882, KL=0.0261, CycSim post/prior=0.0565/0.0363, CycMeas=0.0984, PriorBnd post/prior=1.69e-04/1.10e-04 | Best 0.0975 | Patience 19/40
 >> Epoch 116 | Train Total=0.6595 | Val post/prior Total=0.6714/0.7154, Recon post/prior=0.5934/0.5889, KL=0.0271, CycSim post/prior=0.0596/0.0371, CycMeas=0.0974, PriorBnd post/prior=2.11e-04/1.17e-04 | Best 0.0975 | Patience 20/40
[Update] best val_cyc_meas improved to 0.097441 @ epoch 116
 >> Epoch 117 | Train Total=0.6587 | Val post/prior Total=0.6698/0.7167, Recon post/prior=0.5942/0.5899, KL=0.0239, CycSim post/prior=0.0578/0.0371, CycMeas=0.0979, PriorBnd post/prior=2.62e-04/1.14e-04 | Best 0.0974 | Patience 1/40
 >> Epoch 118 | Train Total=0.6581 | Val post/prior Total=0.6748/0.7238, Recon post/prior=0.5967/0.5930, KL=0.0224, CycSim post/prior=0.0602/0.0404, CycMeas=0.0981, PriorBnd post/prior=1.48e-04/9.12e-05 | Best 0.0974 | Patience 2/40
 >> Epoch 119 | Train Total=0.6590 | Val post/prior Total=0.6654/0.7172, Recon post/prior=0.5936/0.5905, KL=0.0232, CycSim post/prior=0.0547/0.0372, CycMeas=0.0977, PriorBnd post/prior=1.05e-04/1.03e-04 | Best 0.0974 | Patience 3/40
 >> Epoch 120 | Train Total=0.6596 | Val post/prior Total=0.6711/0.7155, Recon post/prior=0.5925/0.5887, KL=0.0254, CycSim post/prior=0.0600/0.0370, CycMeas=0.0979, PriorBnd post/prior=2.31e-04/1.20e-04 | Best 0.0974 | Patience 4/40
 >> Epoch 121 | Train Total=0.6594 | Val post/prior Total=0.6747/0.7264, Recon post/prior=0.5971/0.5937, KL=0.0227, CycSim post/prior=0.0597/0.0410, CycMeas=0.0995, PriorBnd post/prior=1.87e-04/9.90e-05 | Best 0.0974 | Patience 5/40
 >> Epoch 122 | Train Total=0.6590 | Val post/prior Total=0.6724/0.7220, Recon post/prior=0.5965/0.5914, KL=0.0243, CycSim post/prior=0.0580/0.0399, CycMeas=0.0985, PriorBnd post/prior=2.67e-04/9.68e-05 | Best 0.0974 | Patience 6/40
 >> Epoch 123 | Train Total=0.6609 | Val post/prior Total=0.6669/0.7153, Recon post/prior=0.5929/0.5883, KL=0.0241, CycSim post/prior=0.0564/0.0368, CycMeas=0.0986, PriorBnd post/prior=2.12e-04/1.17e-04 | Best 0.0974 | Patience 7/40
 >> Epoch 124 | Train Total=0.6593 | Val post/prior Total=0.6721/0.7182, Recon post/prior=0.5940/0.5900, KL=0.0245, CycSim post/prior=0.0598/0.0384, CycMeas=0.0977, PriorBnd post/prior=2.19e-04/1.11e-04 | Best 0.0974 | Patience 8/40
 >> Epoch 125 | Train Total=0.6576 | Val post/prior Total=0.6741/0.7198, Recon post/prior=0.5929/0.5881, KL=0.0249, CycSim post/prior=0.0623/0.0399, CycMeas=0.0999, PriorBnd post/prior=2.07e-04/1.15e-04 | Best 0.0974 | Patience 9/40
 >> Epoch 126 | Train Total=0.6583 | Val post/prior Total=0.7059/0.7621, Recon post/prior=0.6123/0.6097, KL=0.0268, CycSim post/prior=0.0730/0.0587, CycMeas=0.0981, PriorBnd post/prior=7.44e-05/6.89e-05 | Best 0.0974 | Patience 10/40
 >> Epoch 127 | Train Total=0.6597 | Val post/prior Total=0.6912/0.7450, Recon post/prior=0.6023/0.5988, KL=0.0239, CycSim post/prior=0.0691/0.0521, CycMeas=0.0999, PriorBnd post/prior=1.18e-04/8.41e-05 | Best 0.0974 | Patience 11/40
 >> Epoch 128 | Train Total=0.6562 | Val post/prior Total=0.6752/0.7235, Recon post/prior=0.5957/0.5926, KL=0.0285, CycSim post/prior=0.0608/0.0409, CycMeas=0.0975, PriorBnd post/prior=1.35e-04/1.06e-04 | Best 0.0974 | Patience 12/40
 >> Epoch 129 | Train Total=0.6584 | Val post/prior Total=0.6712/0.7230, Recon post/prior=0.5965/0.5933, KL=0.0234, CycSim post/prior=0.0572/0.0399, CycMeas=0.0975, PriorBnd post/prior=1.32e-04/1.06e-04 | Best 0.0974 | Patience 13/40
 >> Epoch 130 | Train Total=0.6580 | Val post/prior Total=0.6691/0.7203, Recon post/prior=0.5952/0.5921, KL=0.0228, CycSim post/prior=0.0565/0.0386, CycMeas=0.0975, PriorBnd post/prior=2.11e-04/1.04e-04 | Best 0.0974 | Patience 14/40
 >> Epoch 131 | Train Total=0.6572 | Val post/prior Total=0.6694/0.7153, Recon post/prior=0.5934/0.5889, KL=0.0238, CycSim post/prior=0.0582/0.0368, CycMeas=0.0978, PriorBnd post/prior=2.19e-04/1.07e-04 | Best 0.0974 | Patience 15/40
 >> Epoch 132 | Train Total=0.6574 | Val post/prior Total=0.6696/0.7154, Recon post/prior=0.5928/0.5881, KL=0.0252, CycSim post/prior=0.0587/0.0374, CycMeas=0.0980, PriorBnd post/prior=1.88e-04/1.15e-04 | Best 0.0974 | Patience 16/40
 >> Epoch 133 | Train Total=0.6585 | Val post/prior Total=0.6718/0.7204, Recon post/prior=0.5953/0.5910, KL=0.0235, CycSim post/prior=0.0587/0.0395, CycMeas=0.0976, PriorBnd post/prior=1.06e-04/1.00e-04 | Best 0.0974 | Patience 17/40
 >> Epoch 134 | Train Total=0.6571 | Val post/prior Total=0.6694/0.7145, Recon post/prior=0.5928/0.5877, KL=0.0270, CycSim post/prior=0.0582/0.0363, CycMeas=0.0991, PriorBnd post/prior=2.48e-04/1.18e-04 | Best 0.0974 | Patience 18/40
 >> Epoch 135 | Train Total=0.6585 | Val post/prior Total=0.6719/0.7164, Recon post/prior=0.5930/0.5889, KL=0.0257, CycSim post/prior=0.0604/0.0379, CycMeas=0.0977, PriorBnd post/prior=2.09e-04/1.12e-04 | Best 0.0974 | Patience 19/40
 >> Epoch 136 | Train Total=0.6595 | Val post/prior Total=0.6704/0.7214, Recon post/prior=0.5941/0.5901, KL=0.0240, CycSim post/prior=0.0585/0.0377, CycMeas=0.1027, PriorBnd post/prior=1.67e-04/1.08e-04 | Best 0.0974 | Patience 20/40
 >> Epoch 137 | Train Total=0.6581 | Val post/prior Total=0.6698/0.7158, Recon post/prior=0.5931/0.5890, KL=0.0245, CycSim post/prior=0.0587/0.0369, CycMeas=0.0982, PriorBnd post/prior=1.59e-04/1.10e-04 | Best 0.0974 | Patience 21/40
 >> Epoch 138 | Train Total=0.6594 | Val post/prior Total=0.6719/0.7160, Recon post/prior=0.5924/0.5881, KL=0.0252, CycSim post/prior=0.0609/0.0378, CycMeas=0.0981, PriorBnd post/prior=1.65e-04/1.17e-04 | Best 0.0974 | Patience 22/40
 >> Epoch 139 | Train Total=0.6586 | Val post/prior Total=0.6735/0.7212, Recon post/prior=0.5949/0.5910, KL=0.0242, CycSim post/prior=0.0604/0.0399, CycMeas=0.0981, PriorBnd post/prior=1.17e-04/1.09e-04 | Best 0.0974 | Patience 23/40
 >> Epoch 140 | Train Total=0.6585 | Val post/prior Total=0.6728/0.7171, Recon post/prior=0.5929/0.5882, KL=0.0237, CycSim post/prior=0.0613/0.0386, CycMeas=0.0982, PriorBnd post/prior=1.97e-04/1.16e-04 | Best 0.0974 | Patience 24/40
 >> Epoch 141 | Train Total=0.6584 | Val post/prior Total=0.6711/0.7156, Recon post/prior=0.5932/0.5890, KL=0.0239, CycSim post/prior=0.0596/0.0361, CycMeas=0.0992, PriorBnd post/prior=2.59e-04/1.15e-04 | Best 0.0974 | Patience 25/40
 >> Epoch 142 | Train Total=0.6579 | Val post/prior Total=0.6674/0.7140, Recon post/prior=0.5924/0.5877, KL=0.0231, CycSim post/prior=0.0573/0.0367, CycMeas=0.0977, PriorBnd post/prior=1.36e-04/1.11e-04 | Best 0.0974 | Patience 26/40
 >> Epoch 143 | Train Total=0.6584 | Val post/prior Total=0.6741/0.7218, Recon post/prior=0.5955/0.5923, KL=0.0267, CycSim post/prior=0.0601/0.0392, CycMeas=0.0984, PriorBnd post/prior=1.59e-04/1.04e-04 | Best 0.0974 | Patience 27/40
 >> Epoch 144 | Train Total=0.6584 | Val post/prior Total=0.6688/0.7169, Recon post/prior=0.5939/0.5893, KL=0.0245, CycSim post/prior=0.0572/0.0379, CycMeas=0.0977, PriorBnd post/prior=2.36e-04/1.10e-04 | Best 0.0974 | Patience 28/40
 >> Epoch 145 | Train Total=0.6580 | Val post/prior Total=0.6688/0.7186, Recon post/prior=0.5939/0.5905, KL=0.0242, CycSim post/prior=0.0573/0.0381, CycMeas=0.0979, PriorBnd post/prior=1.37e-04/1.05e-04 | Best 0.0974 | Patience 29/40
 >> Epoch 146 | Train Total=0.6574 | Val post/prior Total=0.6703/0.7147, Recon post/prior=0.5926/0.5875, KL=0.0242, CycSim post/prior=0.0595/0.0374, CycMeas=0.0979, PriorBnd post/prior=1.70e-04/1.15e-04 | Best 0.0974 | Patience 30/40
 >> Epoch 147 | Train Total=0.6580 | Val post/prior Total=0.6709/0.7159, Recon post/prior=0.5936/0.5891, KL=0.0235, CycSim post/prior=0.0590/0.0375, CycMeas=0.0973, PriorBnd post/prior=4.01e-04/1.13e-04 | Best 0.0974 | Patience 31/40
[Update] best val_cyc_meas improved to 0.097294 @ epoch 147
 >> Epoch 148 | Train Total=0.6591 | Val post/prior Total=0.6672/0.7182, Recon post/prior=0.5934/0.5895, KL=0.0223, CycSim post/prior=0.0564/0.0372, CycMeas=0.1001, PriorBnd post/prior=2.14e-04/1.11e-04 | Best 0.0973 | Patience 1/40
 >> Epoch 149 | Train Total=0.6579 | Val post/prior Total=0.6732/0.7230, Recon post/prior=0.5955/0.5920, KL=0.0246, CycSim post/prior=0.0596/0.0406, CycMeas=0.0979, PriorBnd post/prior=1.30e-04/1.00e-04 | Best 0.0973 | Patience 2/40
 >> Epoch 150 | Train Total=0.6595 | Val post/prior Total=0.6685/0.7174, Recon post/prior=0.5945/0.5905, KL=0.0234, CycSim post/prior=0.0565/0.0374, CycMeas=0.0976, PriorBnd post/prior=1.33e-04/1.06e-04 | Best 0.0973 | Patience 3/40
 >> Epoch 151 | Train Total=0.6579 | Val post/prior Total=0.6729/0.7154, Recon post/prior=0.5930/0.5884, KL=0.0264, CycSim post/prior=0.0610/0.0369, CycMeas=0.0983, PriorBnd post/prior=3.05e-04/1.18e-04 | Best 0.0973 | Patience 4/40
 >> Epoch 152 | Train Total=0.6578 | Val post/prior Total=0.6699/0.7126, Recon post/prior=0.5919/0.5869, KL=0.0275, CycSim post/prior=0.0594/0.0361, CycMeas=0.0980, PriorBnd post/prior=2.13e-04/1.21e-04 | Best 0.0973 | Patience 5/40
 >> Epoch 153 | Train Total=0.6586 | Val post/prior Total=0.6687/0.7168, Recon post/prior=0.5938/0.5894, KL=0.0240, CycSim post/prior=0.0569/0.0367, CycMeas=0.0991, PriorBnd post/prior=3.61e-04/1.10e-04 | Best 0.0973 | Patience 6/40
 >> Epoch 154 | Train Total=0.6586 | Val post/prior Total=0.6700/0.7182, Recon post/prior=0.5940/0.5904, KL=0.0256, CycSim post/prior=0.0580/0.0378, CycMeas=0.0982, PriorBnd post/prior=1.45e-04/1.09e-04 | Best 0.0973 | Patience 7/40
 >> Epoch 155 | Train Total=0.6588 | Val post/prior Total=0.6705/0.7187, Recon post/prior=0.5945/0.5907, KL=0.0249, CycSim post/prior=0.0581/0.0384, CycMeas=0.0976, PriorBnd post/prior=1.97e-04/1.06e-04 | Best 0.0973 | Patience 8/40
 >> Epoch 156 | Train Total=0.6577 | Val post/prior Total=0.6857/0.7379, Recon post/prior=0.6006/0.5977, KL=0.0245, CycSim post/prior=0.0659/0.0486, CycMeas=0.0978, PriorBnd post/prior=1.17e-04/8.89e-05 | Best 0.0973 | Patience 9/40
 >> Epoch 157 | Train Total=0.6596 | Val post/prior Total=0.6732/0.7205, Recon post/prior=0.5956/0.5921, KL=0.0236, CycSim post/prior=0.0596/0.0382, CycMeas=0.0984, PriorBnd post/prior=1.38e-04/1.03e-04 | Best 0.0973 | Patience 10/40
 >> Epoch 158 | Train Total=0.6602 | Val post/prior Total=0.6678/0.7157, Recon post/prior=0.5933/0.5883, KL=0.0271, CycSim post/prior=0.0564/0.0372, CycMeas=0.0985, PriorBnd post/prior=3.05e-04/1.14e-04 | Best 0.0973 | Patience 11/40
 >> Epoch 159 | Train Total=0.6585 | Val post/prior Total=0.6735/0.7228, Recon post/prior=0.5954/0.5917, KL=0.0265, CycSim post/prior=0.0597/0.0398, CycMeas=0.0993, PriorBnd post/prior=1.52e-04/1.04e-04 | Best 0.0973 | Patience 12/40
 >> Epoch 160 | Train Total=0.6582 | Val post/prior Total=0.6713/0.7156, Recon post/prior=0.5937/0.5884, KL=0.0256, CycSim post/prior=0.0592/0.0373, CycMeas=0.0981, PriorBnd post/prior=3.01e-04/1.09e-04 | Best 0.0973 | Patience 13/40
 >> Epoch 161 | Train Total=0.6580 | Val post/prior Total=0.6669/0.7155, Recon post/prior=0.5931/0.5892, KL=0.0262, CycSim post/prior=0.0560/0.0367, CycMeas=0.0977, PriorBnd post/prior=2.55e-04/1.16e-04 | Best 0.0973 | Patience 14/40
 >> Epoch 162 | Train Total=0.6576 | Val post/prior Total=0.6686/0.7181, Recon post/prior=0.5938/0.5899, KL=0.0230, CycSim post/prior=0.0572/0.0378, CycMeas=0.0985, PriorBnd post/prior=1.68e-04/1.13e-04 | Best 0.0973 | Patience 15/40
 >> Epoch 163 | Train Total=0.6590 | Val post/prior Total=0.6705/0.7170, Recon post/prior=0.5931/0.5885, KL=0.0215, CycSim post/prior=0.0595/0.0387, CycMeas=0.0977, PriorBnd post/prior=1.26e-04/1.06e-04 | Best 0.0973 | Patience 16/40
 >> Epoch 164 | Train Total=0.6593 | Val post/prior Total=0.6686/0.7171, Recon post/prior=0.5937/0.5889, KL=0.0261, CycSim post/prior=0.0570/0.0378, CycMeas=0.0986, PriorBnd post/prior=2.10e-04/1.12e-04 | Best 0.0973 | Patience 17/40
 >> Epoch 165 | Train Total=0.6583 | Val post/prior Total=0.6710/0.7153, Recon post/prior=0.5928/0.5884, KL=0.0252, CycSim post/prior=0.0598/0.0369, CycMeas=0.0982, PriorBnd post/prior=1.62e-04/1.14e-04 | Best 0.0973 | Patience 18/40
 >> Epoch 166 | Train Total=0.6594 | Val post/prior Total=0.6706/0.7220, Recon post/prior=0.5966/0.5931, KL=0.0236, CycSim post/prior=0.0565/0.0386, CycMeas=0.0983, PriorBnd post/prior=1.97e-04/1.01e-04 | Best 0.0973 | Patience 19/40
 >> Epoch 167 | Train Total=0.6584 | Val post/prior Total=0.6711/0.7176, Recon post/prior=0.5935/0.5889, KL=0.0205, CycSim post/prior=0.0598/0.0388, CycMeas=0.0977, PriorBnd post/prior=1.46e-04/1.10e-04 | Best 0.0973 | Patience 20/40
 >> Epoch 168 | Train Total=0.6587 | Val post/prior Total=0.6686/0.7133, Recon post/prior=0.5923/0.5876, KL=0.0258, CycSim post/prior=0.0582/0.0360, CycMeas=0.0980, PriorBnd post/prior=1.69e-04/1.16e-04 | Best 0.0973 | Patience 21/40
 >> Epoch 169 | Train Total=0.6574 | Val post/prior Total=0.6697/0.7156, Recon post/prior=0.5929/0.5882, KL=0.0253, CycSim post/prior=0.0586/0.0373, CycMeas=0.0982, PriorBnd post/prior=1.99e-04/1.11e-04 | Best 0.0973 | Patience 22/40
 >> Epoch 170 | Train Total=0.6605 | Val post/prior Total=0.6728/0.7238, Recon post/prior=0.5968/0.5929, KL=0.0237, CycSim post/prior=0.0583/0.0403, CycMeas=0.0984, PriorBnd post/prior=1.37e-04/9.73e-05 | Best 0.0973 | Patience 23/40
 >> Epoch 171 | Train Total=0.6585 | Val post/prior Total=0.6691/0.7140, Recon post/prior=0.5928/0.5878, KL=0.0256, CycSim post/prior=0.0581/0.0366, CycMeas=0.0979, PriorBnd post/prior=2.88e-04/1.12e-04 | Best 0.0973 | Patience 24/40
 >> Epoch 172 | Train Total=0.6563 | Val post/prior Total=0.6722/0.7197, Recon post/prior=0.5944/0.5900, KL=0.0235, CycSim post/prior=0.0597/0.0391, CycMeas=0.0986, PriorBnd post/prior=1.02e-04/1.03e-04 | Best 0.0973 | Patience 25/40
 >> Epoch 173 | Train Total=0.6598 | Val post/prior Total=0.6675/0.7188, Recon post/prior=0.5944/0.5908, KL=0.0210, CycSim post/prior=0.0560/0.0381, CycMeas=0.0978, PriorBnd post/prior=1.83e-04/1.04e-04 | Best 0.0973 | Patience 26/40
 >> Epoch 174 | Train Total=0.6581 | Val post/prior Total=0.6744/0.7193, Recon post/prior=0.5941/0.5896, KL=0.0274, CycSim post/prior=0.0613/0.0393, CycMeas=0.0981, PriorBnd post/prior=3.25e-04/1.12e-04 | Best 0.0973 | Patience 27/40
 >> Epoch 175 | Train Total=0.6602 | Val post/prior Total=0.6707/0.7180, Recon post/prior=0.5947/0.5908, KL=0.0229, CycSim post/prior=0.0583/0.0376, CycMeas=0.0977, PriorBnd post/prior=2.04e-04/1.08e-04 | Best 0.0973 | Patience 28/40
 >> Epoch 176 | Train Total=0.6586 | Val post/prior Total=0.6699/0.7149, Recon post/prior=0.5929/0.5880, KL=0.0249, CycSim post/prior=0.0589/0.0369, CycMeas=0.0982, PriorBnd post/prior=1.51e-04/1.14e-04 | Best 0.0973 | Patience 29/40
 >> Epoch 177 | Train Total=0.6577 | Val post/prior Total=0.6779/0.7323, Recon post/prior=0.5999/0.5977, KL=0.0276, CycSim post/prior=0.0596/0.0437, CycMeas=0.0980, PriorBnd post/prior=1.03e-04/1.00e-04 | Best 0.0973 | Patience 30/40
 >> Epoch 178 | Train Total=0.6591 | Val post/prior Total=0.6726/0.7193, Recon post/prior=0.5939/0.5894, KL=0.0234, CycSim post/prior=0.0605/0.0389, CycMeas=0.0991, PriorBnd post/prior=1.83e-04/1.11e-04 | Best 0.0973 | Patience 31/40
 >> Epoch 179 | Train Total=0.6586 | Val post/prior Total=0.6694/0.7144, Recon post/prior=0.5931/0.5886, KL=0.0235, CycSim post/prior=0.0584/0.0364, CycMeas=0.0977, PriorBnd post/prior=1.83e-04/1.12e-04 | Best 0.0973 | Patience 32/40
 >> Epoch 180 | Train Total=0.6588 | Val post/prior Total=0.6708/0.7204, Recon post/prior=0.5957/0.5921, KL=0.0214, CycSim post/prior=0.0577/0.0381, CycMeas=0.0984, PriorBnd post/prior=1.54e-04/1.07e-04 | Best 0.0973 | Patience 33/40
 >> Epoch 181 | Train Total=0.6578 | Val post/prior Total=0.6680/0.7174, Recon post/prior=0.5945/0.5899, KL=0.0226, CycSim post/prior=0.0562/0.0380, CycMeas=0.0975, PriorBnd post/prior=1.66e-04/1.03e-04 | Best 0.0973 | Patience 34/40
 >> Epoch 182 | Train Total=0.6592 | Val post/prior Total=0.6712/0.7202, Recon post/prior=0.5951/0.5911, KL=0.0222, CycSim post/prior=0.0584/0.0386, CycMeas=0.0986, PriorBnd post/prior=1.28e-04/1.04e-04 | Best 0.0973 | Patience 35/40
 >> Epoch 183 | Train Total=0.6593 | Val post/prior Total=0.6691/0.7132, Recon post/prior=0.5923/0.5876, KL=0.0256, CycSim post/prior=0.0586/0.0360, CycMeas=0.0979, PriorBnd post/prior=2.57e-04/1.23e-04 | Best 0.0973 | Patience 36/40
 >> Epoch 184 | Train Total=0.6587 | Val post/prior Total=0.6688/0.7175, Recon post/prior=0.5947/0.5909, KL=0.0225, CycSim post/prior=0.0567/0.0370, CycMeas=0.0979, PriorBnd post/prior=1.16e-04/1.03e-04 | Best 0.0973 | Patience 37/40
 >> Epoch 185 | Train Total=0.6578 | Val post/prior Total=0.6713/0.7167, Recon post/prior=0.5935/0.5895, KL=0.0237, CycSim post/prior=0.0596/0.0372, CycMeas=0.0983, PriorBnd post/prior=1.76e-04/1.10e-04 | Best 0.0973 | Patience 38/40
 >> Epoch 186 | Train Total=0.6592 | Val post/prior Total=0.6692/0.7137, Recon post/prior=0.5921/0.5876, KL=0.0259, CycSim post/prior=0.0588/0.0361, CycMeas=0.0984, PriorBnd post/prior=2.19e-04/1.20e-04 | Best 0.0973 | Patience 39/40
 >> Epoch 187 | Train Total=0.6585 | Val post/prior Total=0.6725/0.7234, Recon post/prior=0.5958/0.5926, KL=0.0229, CycSim post/prior=0.0588/0.0407, CycMeas=0.0976, PriorBnd post/prior=1.03e-04/1.00e-04 | Best 0.0973 | Patience 40/40
[EarlyStop] at epoch 187
[Diag] Start to calcaulte diag in test preocess... 
[Diag] wrote 28930 rows to temp_Bidi_cvae\cvae_20251105-032431\diag_test.csv
[Diag] proxy_floor_ps  P50=0.0095  P90=0.0228  P95=0.0348  P99=0.2440
[Test] prior total=0.713739 | prior recon=0.588164 | kl=0.018077 | prior cyc_sim=0.036391 | cyc_meas=0.097462 | prior_l2=0.393604 | prior_bnd=0.000051 | 
