[log] tee initialized at 2025-11-06 12:00:05 -> temp_Bidi_cvae\cvae_20251106-120005\train.log
[L_trust] using 20000 ref rows from temp_Bidi_cvae/proxy\proxy_Ytr_norm.npy
 >> Epoch 001 | Train Total=133.7059 | Val post/prior Total=41366591.0314/1.0939, Recon post/prior=16.2757/0.7738, KL=206359378.1125, CycSim post/prior=0.1754/0.1347, CycMeas=0.1952, PriorBnd post/prior=5.13e+00/1.13e-03 | Best inf | Patience 1/40
[Update] best val_cyc_meas improved to 0.195234 @ epoch 1
 >> Epoch 002 | Train Total=1.0551 | Val post/prior Total=955.8762/0.9772, Recon post/prior=1.1503/0.7290, KL=4481.8154, CycSim post/prior=0.1335/0.0931, CycMeas=0.1679, PriorBnd post/prior=1.08e-01/4.21e-04 | Best 0.1952 | Patience 1/40
[Update] best val_cyc_meas improved to 0.167930 @ epoch 2
 >> Epoch 003 | Train Total=0.8765 | Val post/prior Total=544.5180/0.9246, Recon post/prior=0.7338/0.7128, KL=2717.7714, CycSim post/prior=0.1222/0.0851, CycMeas=0.1343, PriorBnd post/prior=5.19e-03/2.97e-04 | Best 0.1679 | Patience 1/40
[Update] best val_cyc_meas improved to 0.134335 @ epoch 3
 >> Epoch 004 | Train Total=0.8244 | Val post/prior Total=73.0326/0.8755, Recon post/prior=0.7649/0.6978, KL=352.2209, CycSim post/prior=0.1062/0.0650, CycMeas=0.1212, PriorBnd post/prior=1.93e-02/2.96e-04 | Best 0.1343 | Patience 1/40
[Update] best val_cyc_meas improved to 0.121222 @ epoch 4
 >> Epoch 005 | Train Total=0.7947 | Val post/prior Total=2.9952/0.8800, Recon post/prior=0.7029/0.6956, KL=10.8178, CycSim post/prior=0.1023/0.0710, CycMeas=0.1210, PriorBnd post/prior=7.08e-04/1.71e-04 | Best 0.1212 | Patience 1/40
[Update] best val_cyc_meas improved to 0.120984 @ epoch 5
 >> Epoch 006 | Train Total=0.7775 | Val post/prior Total=6.2788/0.8621, Recon post/prior=0.7045/0.6826, KL=26.7887, CycSim post/prior=0.0970/0.0599, CycMeas=0.1310, PriorBnd post/prior=4.95e-03/1.97e-04 | Best 0.1210 | Patience 1/40
 >> Epoch 007 | Train Total=0.7638 | Val post/prior Total=0.9787/0.8585, Recon post/prior=0.6864/0.6786, KL=0.8686, CycSim post/prior=0.0944/0.0612, CycMeas=0.1297, PriorBnd post/prior=1.12e-03/1.37e-04 | Best 0.1210 | Patience 2/40
 >> Epoch 008 | Train Total=0.7538 | Val post/prior Total=1.3404/0.8311, Recon post/prior=0.6847/0.6739, KL=2.6661, CycSim post/prior=0.0852/0.0557, CycMeas=0.1092, PriorBnd post/prior=1.50e-03/1.35e-04 | Best 0.1210 | Patience 3/40
[Update] best val_cyc_meas improved to 0.109214 @ epoch 8
 >> Epoch 009 | Train Total=0.7469 | Val post/prior Total=1.0816/0.8317, Recon post/prior=0.6871/0.6706, KL=1.1617, CycSim post/prior=0.0853/0.0535, CycMeas=0.1175, PriorBnd post/prior=3.44e-03/1.34e-04 | Best 0.1092 | Patience 1/40
 >> Epoch 010 | Train Total=0.7407 | Val post/prior Total=0.9305/0.8100, Recon post/prior=0.6775/0.6651, KL=0.6608, CycSim post/prior=0.0848/0.0509, CycMeas=0.1011, PriorBnd post/prior=2.24e-03/1.24e-04 | Best 0.1092 | Patience 2/40
[Update] best val_cyc_meas improved to 0.101082 @ epoch 10
 >> Epoch 011 | Train Total=0.7370 | Val post/prior Total=0.8684/0.8060, Recon post/prior=0.6699/0.6608, KL=0.4454, CycSim post/prior=0.0846/0.0518, CycMeas=0.1000, PriorBnd post/prior=1.07e-03/1.28e-04 | Best 0.1011 | Patience 1/40
[Update] best val_cyc_meas improved to 0.099954 @ epoch 11
 >> Epoch 012 | Train Total=0.7316 | Val post/prior Total=0.7992/0.8078, Recon post/prior=0.6679/0.6605, KL=0.1431, CycSim post/prior=0.0805/0.0505, CycMeas=0.1045, PriorBnd post/prior=1.06e-03/1.18e-04 | Best 0.1000 | Patience 1/40
 >> Epoch 013 | Train Total=0.7279 | Val post/prior Total=0.7881/0.8092, Recon post/prior=0.6639/0.6575, KL=0.1281, CycSim post/prior=0.0787/0.0505, CycMeas=0.1099, PriorBnd post/prior=6.37e-04/1.01e-04 | Best 0.1000 | Patience 2/40
 >> Epoch 014 | Train Total=0.7229 | Val post/prior Total=0.7819/0.8027, Recon post/prior=0.6580/0.6511, KL=0.0883, CycSim post/prior=0.0846/0.0522, CycMeas=0.1073, PriorBnd post/prior=7.56e-04/8.99e-05 | Best 0.1000 | Patience 3/40
 >> Epoch 015 | Train Total=0.7178 | Val post/prior Total=0.7787/0.8166, Recon post/prior=0.6576/0.6515, KL=0.0697, CycSim post/prior=0.0851/0.0582, CycMeas=0.1153, PriorBnd post/prior=7.35e-04/1.01e-04 | Best 0.1000 | Patience 4/40
 >> Epoch 016 | Train Total=0.7128 | Val post/prior Total=0.7592/0.7919, Recon post/prior=0.6494/0.6429, KL=0.0601, CycSim post/prior=0.0783/0.0473, CycMeas=0.1113, PriorBnd post/prior=4.87e-04/9.98e-05 | Best 0.1000 | Patience 5/40
 >> Epoch 017 | Train Total=0.7103 | Val post/prior Total=0.7513/0.7814, Recon post/prior=0.6467/0.6412, KL=0.0454, CycSim post/prior=0.0768/0.0466, CycMeas=0.1012, PriorBnd post/prior=1.79e-04/9.61e-05 | Best 0.1000 | Patience 6/40
 >> Epoch 018 | Train Total=0.7098 | Val post/prior Total=0.7489/0.7802, Recon post/prior=0.6457/0.6395, KL=0.0472, CycSim post/prior=0.0750/0.0461, CycMeas=0.1024, PriorBnd post/prior=5.12e-04/8.69e-05 | Best 0.1000 | Patience 7/40
 >> Epoch 019 | Train Total=0.7055 | Val post/prior Total=0.7482/0.7854, Recon post/prior=0.6446/0.6398, KL=0.0403, CycSim post/prior=0.0769/0.0520, CycMeas=0.0999, PriorBnd post/prior=2.56e-04/8.79e-05 | Best 0.1000 | Patience 8/40
[Update] best val_cyc_meas improved to 0.099920 @ epoch 19
 >> Epoch 020 | Train Total=0.7039 | Val post/prior Total=0.7407/0.7745, Recon post/prior=0.6402/0.6337, KL=0.0320, CycSim post/prior=0.0745/0.0488, CycMeas=0.0985, PriorBnd post/prior=5.71e-04/1.31e-04 | Best 0.0999 | Patience 1/40
[Update] best val_cyc_meas improved to 0.098547 @ epoch 20
 >> Epoch 021 | Train Total=0.7012 | Val post/prior Total=0.7338/0.7753, Recon post/prior=0.6370/0.6322, KL=0.0308, CycSim post/prior=0.0726/0.0462, CycMeas=0.1054, PriorBnd post/prior=2.84e-04/8.44e-05 | Best 0.0985 | Patience 1/40
 >> Epoch 022 | Train Total=0.6985 | Val post/prior Total=0.7330/0.7794, Recon post/prior=0.6370/0.6330, KL=0.0256, CycSim post/prior=0.0729/0.0525, CycMeas=0.1001, PriorBnd post/prior=2.23e-04/1.06e-04 | Best 0.0985 | Patience 2/40
 >> Epoch 023 | Train Total=0.6962 | Val post/prior Total=0.7335/0.7818, Recon post/prior=0.6343/0.6300, KL=0.0240, CycSim post/prior=0.0760/0.0516, CycMeas=0.1082, PriorBnd post/prior=2.09e-04/7.07e-05 | Best 0.0985 | Patience 3/40
 >> Epoch 024 | Train Total=0.6937 | Val post/prior Total=0.7295/0.7795, Recon post/prior=0.6339/0.6301, KL=0.0214, CycSim post/prior=0.0734/0.0511, CycMeas=0.1059, PriorBnd post/prior=1.68e-04/7.57e-05 | Best 0.0985 | Patience 4/40
 >> Epoch 025 | Train Total=0.6927 | Val post/prior Total=0.7229/0.7663, Recon post/prior=0.6297/0.6251, KL=0.0228, CycSim post/prior=0.0711/0.0463, CycMeas=0.1027, PriorBnd post/prior=2.57e-04/7.94e-05 | Best 0.0985 | Patience 5/40
 >> Epoch 026 | Train Total=0.6922 | Val post/prior Total=0.7176/0.7612, Recon post/prior=0.6269/0.6224, KL=0.0239, CycSim post/prior=0.0687/0.0453, CycMeas=0.1012, PriorBnd post/prior=2.68e-04/8.44e-05 | Best 0.0985 | Patience 6/40
 >> Epoch 027 | Train Total=0.6910 | Val post/prior Total=0.7238/0.7764, Recon post/prior=0.6314/0.6285, KL=0.0206, CycSim post/prior=0.0709/0.0520, CycMeas=0.1027, PriorBnd post/prior=1.09e-04/7.34e-05 | Best 0.0985 | Patience 7/40
 >> Epoch 028 | Train Total=0.6896 | Val post/prior Total=0.7096/0.7498, Recon post/prior=0.6208/0.6160, KL=0.0198, CycSim post/prior=0.0676/0.0421, CycMeas=0.0995, PriorBnd post/prior=2.74e-04/9.51e-05 | Best 0.0985 | Patience 8/40
 >> Epoch 029 | Train Total=0.6882 | Val post/prior Total=0.7059/0.7499, Recon post/prior=0.6189/0.6146, KL=0.0187, CycSim post/prior=0.0664/0.0429, CycMeas=0.1001, PriorBnd post/prior=1.25e-04/8.94e-05 | Best 0.0985 | Patience 9/40
 >> Epoch 030 | Train Total=0.6859 | Val post/prior Total=0.7038/0.7475, Recon post/prior=0.6169/0.6122, KL=0.0199, CycSim post/prior=0.0660/0.0418, CycMeas=0.1018, PriorBnd post/prior=2.37e-04/9.42e-05 | Best 0.0985 | Patience 10/40
 >> Epoch 031 | Train Total=0.6851 | Val post/prior Total=0.6993/0.7450, Recon post/prior=0.6161/0.6114, KL=0.0175, CycSim post/prior=0.0634/0.0417, CycMeas=0.0998, PriorBnd post/prior=2.13e-04/8.57e-05 | Best 0.0985 | Patience 11/40
 >> Epoch 032 | Train Total=0.6833 | Val post/prior Total=0.7007/0.7501, Recon post/prior=0.6162/0.6124, KL=0.0168, CycSim post/prior=0.0646/0.0443, CycMeas=0.1011, PriorBnd post/prior=1.28e-04/8.53e-05 | Best 0.0985 | Patience 12/40
 >> Epoch 033 | Train Total=0.6822 | Val post/prior Total=0.7209/0.7806, Recon post/prior=0.6260/0.6237, KL=0.0312, CycSim post/prior=0.0712/0.0552, CycMeas=0.1091, PriorBnd post/prior=1.05e-04/9.10e-05 | Best 0.0985 | Patience 13/40
 >> Epoch 034 | Train Total=0.6822 | Val post/prior Total=0.6948/0.7376, Recon post/prior=0.6113/0.6064, KL=0.0163, CycSim post/prior=0.0637/0.0398, CycMeas=0.0995, PriorBnd post/prior=1.94e-04/9.18e-05 | Best 0.0985 | Patience 14/40
 >> Epoch 035 | Train Total=0.6825 | Val post/prior Total=0.6947/0.7393, Recon post/prior=0.6103/0.6057, KL=0.0164, CycSim post/prior=0.0645/0.0419, CycMeas=0.0994, PriorBnd post/prior=1.78e-04/9.59e-05 | Best 0.0985 | Patience 15/40
 >> Epoch 036 | Train Total=0.6818 | Val post/prior Total=0.6939/0.7400, Recon post/prior=0.6100/0.6060, KL=0.0162, CycSim post/prior=0.0642/0.0420, CycMeas=0.0997, PriorBnd post/prior=2.38e-04/9.55e-05 | Best 0.0985 | Patience 16/40
 >> Epoch 037 | Train Total=0.6815 | Val post/prior Total=0.6951/0.7420, Recon post/prior=0.6085/0.6040, KL=0.0158, CycSim post/prior=0.0665/0.0456, CycMeas=0.0993, PriorBnd post/prior=1.83e-04/9.98e-05 | Best 0.0985 | Patience 17/40
 >> Epoch 038 | Train Total=0.6811 | Val post/prior Total=0.6866/0.7332, Recon post/prior=0.6070/0.6027, KL=0.0161, CycSim post/prior=0.0605/0.0392, CycMeas=0.0996, PriorBnd post/prior=9.82e-05/9.98e-05 | Best 0.0985 | Patience 18/40
 >> Epoch 039 | Train Total=0.6794 | Val post/prior Total=0.6876/0.7385, Recon post/prior=0.6052/0.6009, KL=0.0164, CycSim post/prior=0.0629/0.0425, CycMeas=0.1035, PriorBnd post/prior=1.84e-04/9.89e-05 | Best 0.0985 | Patience 19/40
 >> Epoch 040 | Train Total=0.6785 | Val post/prior Total=0.6909/0.7388, Recon post/prior=0.6075/0.6038, KL=0.0150, CycSim post/prior=0.0640/0.0430, CycMeas=0.0997, PriorBnd post/prior=1.16e-04/8.43e-05 | Best 0.0985 | Patience 20/40
 >> Epoch 041 | Train Total=0.6790 | Val post/prior Total=0.6883/0.7351, Recon post/prior=0.6039/0.6003, KL=0.0154, CycSim post/prior=0.0647/0.0408, CycMeas=0.1024, PriorBnd post/prior=1.39e-04/9.69e-05 | Best 0.0985 | Patience 21/40
 >> Epoch 042 | Train Total=0.6790 | Val post/prior Total=0.6861/0.7364, Recon post/prior=0.6042/0.6001, KL=0.0149, CycSim post/prior=0.0627/0.0436, CycMeas=0.1003, PriorBnd post/prior=1.18e-04/9.79e-05 | Best 0.0985 | Patience 22/40
 >> Epoch 043 | Train Total=0.6785 | Val post/prior Total=0.6824/0.7311, Recon post/prior=0.6031/0.5994, KL=0.0136, CycSim post/prior=0.0607/0.0396, CycMeas=0.1005, PriorBnd post/prior=1.31e-04/8.83e-05 | Best 0.0985 | Patience 23/40
 >> Epoch 044 | Train Total=0.6793 | Val post/prior Total=0.6890/0.7403, Recon post/prior=0.6066/0.6028, KL=0.0135, CycSim post/prior=0.0635/0.0458, CycMeas=0.0986, PriorBnd post/prior=1.28e-04/8.63e-05 | Best 0.0985 | Patience 24/40
 >> Epoch 045 | Train Total=0.6782 | Val post/prior Total=0.6803/0.7284, Recon post/prior=0.6006/0.5966, KL=0.0147, CycSim post/prior=0.0608/0.0392, CycMeas=0.1011, PriorBnd post/prior=1.22e-04/1.04e-04 | Best 0.0985 | Patience 25/40
 >> Epoch 046 | Train Total=0.6784 | Val post/prior Total=0.6745/0.7283, Recon post/prior=0.5996/0.5959, KL=0.0139, CycSim post/prior=0.0569/0.0405, CycMeas=0.0999, PriorBnd post/prior=1.68e-04/9.52e-05 | Best 0.0985 | Patience 26/40
 >> Epoch 047 | Train Total=0.6767 | Val post/prior Total=0.6747/0.7266, Recon post/prior=0.5991/0.5952, KL=0.0137, CycSim post/prior=0.0576/0.0399, CycMeas=0.0995, PriorBnd post/prior=1.19e-04/9.27e-05 | Best 0.0985 | Patience 27/40
 >> Epoch 048 | Train Total=0.6784 | Val post/prior Total=0.6817/0.7282, Recon post/prior=0.5997/0.5951, KL=0.0135, CycSim post/prior=0.0631/0.0415, CycMeas=0.0995, PriorBnd post/prior=1.12e-04/8.88e-05 | Best 0.0985 | Patience 28/40
 >> Epoch 049 | Train Total=0.6771 | Val post/prior Total=0.6793/0.7248, Recon post/prior=0.5976/0.5932, KL=0.0137, CycSim post/prior=0.0627/0.0406, CycMeas=0.0987, PriorBnd post/prior=1.47e-04/1.06e-04 | Best 0.0985 | Patience 29/40
 >> Epoch 050 | Train Total=0.6782 | Val post/prior Total=0.6903/0.7463, Recon post/prior=0.6048/0.6021, KL=0.0139, CycSim post/prior=0.0660/0.0498, CycMeas=0.1009, PriorBnd post/prior=1.33e-04/7.52e-05 | Best 0.0985 | Patience 30/40
 >> Epoch 051 | Train Total=0.6800 | Val post/prior Total=0.6784/0.7273, Recon post/prior=0.5973/0.5935, KL=0.0139, CycSim post/prior=0.0622/0.0415, CycMeas=0.1002, PriorBnd post/prior=1.15e-04/9.80e-05 | Best 0.0985 | Patience 31/40
 >> Epoch 052 | Train Total=0.6787 | Val post/prior Total=0.6738/0.7212, Recon post/prior=0.5950/0.5900, KL=0.0140, CycSim post/prior=0.0602/0.0391, CycMeas=0.1005, PriorBnd post/prior=1.19e-04/1.05e-04 | Best 0.0985 | Patience 32/40
 >> Epoch 053 | Train Total=0.6787 | Val post/prior Total=0.6721/0.7180, Recon post/prior=0.5937/0.5892, KL=0.0133, CycSim post/prior=0.0599/0.0384, CycMeas=0.0985, PriorBnd post/prior=1.30e-04/1.11e-04 | Best 0.0985 | Patience 33/40
[Update] best val_cyc_meas improved to 0.098458 @ epoch 53
 >> Epoch 054 | Train Total=0.6792 | Val post/prior Total=0.6711/0.7217, Recon post/prior=0.5932/0.5886, KL=0.0130, CycSim post/prior=0.0596/0.0373, CycMeas=0.1055, PriorBnd post/prior=1.18e-04/1.06e-04 | Best 0.0985 | Patience 1/40
 >> Epoch 055 | Train Total=0.6785 | Val post/prior Total=0.6731/0.7222, Recon post/prior=0.5946/0.5902, KL=0.0121, CycSim post/prior=0.0603/0.0410, CycMeas=0.0988, PriorBnd post/prior=1.46e-04/1.00e-04 | Best 0.0985 | Patience 2/40
 >> Epoch 056 | Train Total=0.6795 | Val post/prior Total=0.6729/0.7238, Recon post/prior=0.5955/0.5921, KL=0.0128, CycSim post/prior=0.0593/0.0404, CycMeas=0.0992, PriorBnd post/prior=9.79e-05/8.74e-05 | Best 0.0985 | Patience 3/40
 >> Epoch 057 | Train Total=0.6801 | Val post/prior Total=0.6752/0.7246, Recon post/prior=0.5946/0.5911, KL=0.0130, CycSim post/prior=0.0619/0.0415, CycMeas=0.0999, PriorBnd post/prior=1.41e-04/1.01e-04 | Best 0.0985 | Patience 4/40
 >> Epoch 058 | Train Total=0.6804 | Val post/prior Total=0.6686/0.7169, Recon post/prior=0.5924/0.5882, KL=0.0125, CycSim post/prior=0.0582/0.0383, CycMeas=0.0985, PriorBnd post/prior=1.58e-04/1.08e-04 | Best 0.0985 | Patience 5/40
 >> Epoch 059 | Train Total=0.6805 | Val post/prior Total=0.6716/0.7208, Recon post/prior=0.5940/0.5903, KL=0.0123, CycSim post/prior=0.0595/0.0395, CycMeas=0.0990, PriorBnd post/prior=1.07e-04/9.99e-05 | Best 0.0985 | Patience 6/40
 >> Epoch 060 | Train Total=0.6815 | Val post/prior Total=0.6672/0.7182, Recon post/prior=0.5932/0.5893, KL=0.0126, CycSim post/prior=0.0564/0.0382, CycMeas=0.0990, PriorBnd post/prior=1.72e-04/9.57e-05 | Best 0.0985 | Patience 7/40
 >> Epoch 061 | Train Total=0.6823 | Val post/prior Total=0.6672/0.7190, Recon post/prior=0.5929/0.5899, KL=0.0120, CycSim post/prior=0.0568/0.0387, CycMeas=0.0985, PriorBnd post/prior=1.02e-04/9.22e-05 | Best 0.0985 | Patience 8/40
 >> Epoch 062 | Train Total=0.6812 | Val post/prior Total=0.6733/0.7215, Recon post/prior=0.5939/0.5900, KL=0.0128, CycSim post/prior=0.0609/0.0412, CycMeas=0.0978, PriorBnd post/prior=1.87e-04/9.45e-05 | Best 0.0985 | Patience 9/40
[Update] best val_cyc_meas improved to 0.097794 @ epoch 62
 >> Epoch 063 | Train Total=0.6815 | Val post/prior Total=0.6664/0.7173, Recon post/prior=0.5918/0.5882, KL=0.0123, CycSim post/prior=0.0570/0.0378, CycMeas=0.0997, PriorBnd post/prior=1.32e-04/9.70e-05 | Best 0.0978 | Patience 1/40
 >> Epoch 064 | Train Total=0.6816 | Val post/prior Total=0.6645/0.7140, Recon post/prior=0.5901/0.5862, KL=0.0124, CycSim post/prior=0.0567/0.0373, CycMeas=0.0988, PriorBnd post/prior=1.38e-04/1.07e-04 | Best 0.0978 | Patience 2/40
 >> Epoch 065 | Train Total=0.6843 | Val post/prior Total=0.6664/0.7157, Recon post/prior=0.5920/0.5879, KL=0.0132, CycSim post/prior=0.0567/0.0374, CycMeas=0.0987, PriorBnd post/prior=1.28e-04/9.81e-05 | Best 0.0978 | Patience 3/40
 >> Epoch 066 | Train Total=0.6821 | Val post/prior Total=0.6658/0.7167, Recon post/prior=0.5916/0.5876, KL=0.0121, CycSim post/prior=0.0567/0.0382, CycMeas=0.0991, PriorBnd post/prior=1.13e-04/9.74e-05 | Best 0.0978 | Patience 4/40
 >> Epoch 067 | Train Total=0.6833 | Val post/prior Total=0.6749/0.7252, Recon post/prior=0.5948/0.5911, KL=0.0134, CycSim post/prior=0.0615/0.0430, CycMeas=0.0984, PriorBnd post/prior=1.03e-04/9.76e-05 | Best 0.0978 | Patience 5/40
 >> Epoch 068 | Train Total=0.6864 | Val post/prior Total=0.6690/0.7231, Recon post/prior=0.5933/0.5904, KL=0.0124, CycSim post/prior=0.0579/0.0418, CycMeas=0.0984, PriorBnd post/prior=9.97e-05/8.77e-05 | Best 0.0978 | Patience 6/40
 >> Epoch 069 | Train Total=0.6856 | Val post/prior Total=0.6670/0.7133, Recon post/prior=0.5895/0.5851, KL=0.0128, CycSim post/prior=0.0592/0.0381, CycMeas=0.0982, PriorBnd post/prior=1.31e-04/1.03e-04 | Best 0.0978 | Patience 7/40
 >> Epoch 070 | Train Total=0.6868 | Val post/prior Total=0.6663/0.7179, Recon post/prior=0.5905/0.5869, KL=0.0121, CycSim post/prior=0.0580/0.0392, CycMeas=0.0999, PriorBnd post/prior=1.09e-04/1.00e-04 | Best 0.0978 | Patience 8/40
 >> Epoch 071 | Train Total=0.6860 | Val post/prior Total=0.6663/0.7118, Recon post/prior=0.5887/0.5842, KL=0.0129, CycSim post/prior=0.0593/0.0371, CycMeas=0.0988, PriorBnd post/prior=1.93e-04/1.12e-04 | Best 0.0978 | Patience 9/40
 >> Epoch 072 | Train Total=0.6877 | Val post/prior Total=0.6652/0.7121, Recon post/prior=0.5880/0.5833, KL=0.0125, CycSim post/prior=0.0589/0.0380, CycMeas=0.0989, PriorBnd post/prior=1.55e-04/1.15e-04 | Best 0.0978 | Patience 10/40
 >> Epoch 073 | Train Total=0.6880 | Val post/prior Total=0.6657/0.7139, Recon post/prior=0.5898/0.5857, KL=0.0119, CycSim post/prior=0.0581/0.0380, CycMeas=0.0983, PriorBnd post/prior=9.76e-05/1.01e-04 | Best 0.0978 | Patience 11/40
 >> Epoch 074 | Train Total=0.6898 | Val post/prior Total=0.6651/0.7127, Recon post/prior=0.5898/0.5855, KL=0.0115, CycSim post/prior=0.0576/0.0373, CycMeas=0.0982, PriorBnd post/prior=1.26e-04/1.10e-04 | Best 0.0978 | Patience 12/40
 >> Epoch 075 | Train Total=0.6894 | Val post/prior Total=0.6635/0.7126, Recon post/prior=0.5895/0.5856, KL=0.0126, CycSim post/prior=0.0563/0.0370, CycMeas=0.0983, PriorBnd post/prior=1.09e-04/1.06e-04 | Best 0.0978 | Patience 13/40
 >> Epoch 076 | Train Total=0.6906 | Val post/prior Total=0.6635/0.7108, Recon post/prior=0.5876/0.5832, KL=0.0127, CycSim post/prior=0.0579/0.0364, CycMeas=0.0999, PriorBnd post/prior=1.40e-04/1.13e-04 | Best 0.0978 | Patience 14/40
 >> Epoch 077 | Train Total=0.6908 | Val post/prior Total=0.7193/0.7767, Recon post/prior=0.6151/0.6128, KL=0.0237, CycSim post/prior=0.0802/0.0666, CycMeas=0.1009, PriorBnd post/prior=7.74e-05/7.09e-05 | Best 0.0978 | Patience 15/40
 >> Epoch 078 | Train Total=0.6907 | Val post/prior Total=0.6891/0.7470, Recon post/prior=0.6030/0.6011, KL=0.0173, CycSim post/prior=0.0661/0.0522, CycMeas=0.0996, PriorBnd post/prior=8.09e-05/7.12e-05 | Best 0.0978 | Patience 16/40
 >> Epoch 079 | Train Total=0.6929 | Val post/prior Total=0.6667/0.7184, Recon post/prior=0.5899/0.5865, KL=0.0117, CycSim post/prior=0.0589/0.0410, CycMeas=0.0985, PriorBnd post/prior=1.23e-04/9.47e-05 | Best 0.0978 | Patience 17/40
 >> Epoch 080 | Train Total=0.6945 | Val post/prior Total=0.6641/0.7123, Recon post/prior=0.5877/0.5839, KL=0.0120, CycSim post/prior=0.0584/0.0373, CycMeas=0.0994, PriorBnd post/prior=1.21e-04/1.09e-04 | Best 0.0978 | Patience 18/40
 >> Epoch 081 | Train Total=0.6952 | Val post/prior Total=0.6647/0.7103, Recon post/prior=0.5873/0.5822, KL=0.0127, CycSim post/prior=0.0591/0.0369, CycMeas=0.0997, PriorBnd post/prior=2.49e-04/1.18e-04 | Best 0.0978 | Patience 19/40
 >> Epoch 082 | Train Total=0.6942 | Val post/prior Total=0.7381/0.8019, Recon post/prior=0.6276/0.6265, KL=0.0300, CycSim post/prior=0.0846/0.0721, CycMeas=0.1073, PriorBnd post/prior=7.26e-05/7.17e-05 | Best 0.0978 | Patience 20/40
 >> Epoch 083 | Train Total=0.6961 | Val post/prior Total=0.6760/0.7333, Recon post/prior=0.5948/0.5916, KL=0.0122, CycSim post/prior=0.0626/0.0470, CycMeas=0.1020, PriorBnd post/prior=9.72e-05/8.08e-05 | Best 0.0978 | Patience 21/40
 >> Epoch 084 | Train Total=0.6961 | Val post/prior Total=0.6613/0.7128, Recon post/prior=0.5887/0.5846, KL=0.0117, CycSim post/prior=0.0553/0.0380, CycMeas=0.0982, PriorBnd post/prior=1.29e-04/1.00e-04 | Best 0.0978 | Patience 22/40
 >> Epoch 085 | Train Total=0.6984 | Val post/prior Total=0.6631/0.7137, Recon post/prior=0.5872/0.5832, KL=0.0121, CycSim post/prior=0.0580/0.0382, CycMeas=0.1009, PriorBnd post/prior=1.32e-04/1.04e-04 | Best 0.0978 | Patience 23/40
 >> Epoch 086 | Train Total=0.6974 | Val post/prior Total=0.6634/0.7104, Recon post/prior=0.5877/0.5832, KL=0.0118, CycSim post/prior=0.0579/0.0369, CycMeas=0.0987, PriorBnd post/prior=1.73e-04/1.02e-04 | Best 0.0978 | Patience 24/40
 >> Epoch 087 | Train Total=0.6988 | Val post/prior Total=0.6651/0.7112, Recon post/prior=0.5873/0.5823, KL=0.0120, CycSim post/prior=0.0597/0.0387, CycMeas=0.0982, PriorBnd post/prior=1.28e-04/1.05e-04 | Best 0.0978 | Patience 25/40
 >> Epoch 088 | Train Total=0.7001 | Val post/prior Total=0.6686/0.7112, Recon post/prior=0.5863/0.5815, KL=0.0129, CycSim post/prior=0.0631/0.0378, CycMeas=0.1003, PriorBnd post/prior=1.92e-04/1.27e-04 | Best 0.0978 | Patience 26/40
 >> Epoch 089 | Train Total=0.7004 | Val post/prior Total=0.6710/0.7229, Recon post/prior=0.5919/0.5884, KL=0.0122, CycSim post/prior=0.0608/0.0423, CycMeas=0.0999, PriorBnd post/prior=1.52e-04/1.04e-04 | Best 0.0978 | Patience 27/40
 >> Epoch 090 | Train Total=0.7016 | Val post/prior Total=0.6634/0.7115, Recon post/prior=0.5879/0.5837, KL=0.0120, CycSim post/prior=0.0577/0.0379, CycMeas=0.0979, PriorBnd post/prior=1.00e-04/1.05e-04 | Best 0.0978 | Patience 28/40
 >> Epoch 091 | Train Total=0.7011 | Val post/prior Total=0.6927/0.7517, Recon post/prior=0.6015/0.5996, KL=0.0131, CycSim post/prior=0.0709/0.0576, CycMeas=0.0991, PriorBnd post/prior=7.71e-05/6.61e-05 | Best 0.0978 | Patience 29/40
 >> Epoch 092 | Train Total=0.7021 | Val post/prior Total=0.6705/0.7210, Recon post/prior=0.5887/0.5855, KL=0.0138, CycSim post/prior=0.0627/0.0412, CycMeas=0.1026, PriorBnd post/prior=1.32e-04/1.11e-04 | Best 0.0978 | Patience 30/40
 >> Epoch 093 | Train Total=0.7033 | Val post/prior Total=0.6637/0.7101, Recon post/prior=0.5882/0.5836, KL=0.0124, CycSim post/prior=0.0577/0.0367, CycMeas=0.0981, PriorBnd post/prior=1.39e-04/1.07e-04 | Best 0.0978 | Patience 31/40
 >> Epoch 094 | Train Total=0.7056 | Val post/prior Total=0.6627/0.7115, Recon post/prior=0.5873/0.5832, KL=0.0119, CycSim post/prior=0.0576/0.0374, CycMeas=0.0992, PriorBnd post/prior=1.36e-04/1.04e-04 | Best 0.0978 | Patience 32/40
 >> Epoch 095 | Train Total=0.7044 | Val post/prior Total=0.6809/0.7360, Recon post/prior=0.5996/0.5966, KL=0.0137, CycSim post/prior=0.0626/0.0477, CycMeas=0.0981, PriorBnd post/prior=7.53e-05/7.16e-05 | Best 0.0978 | Patience 33/40
 >> Epoch 096 | Train Total=0.7055 | Val post/prior Total=0.6656/0.7088, Recon post/prior=0.5870/0.5819, KL=0.0131, CycSim post/prior=0.0601/0.0372, CycMeas=0.0978, PriorBnd post/prior=1.52e-04/1.12e-04 | Best 0.0978 | Patience 34/40
[Update] best val_cyc_meas improved to 0.097782 @ epoch 96
 >> Epoch 097 | Train Total=0.7061 | Val post/prior Total=0.6735/0.7245, Recon post/prior=0.5908/0.5873, KL=0.0132, CycSim post/prior=0.0636/0.0448, CycMeas=0.0995, PriorBnd post/prior=1.25e-04/9.98e-05 | Best 0.0978 | Patience 1/40
 >> Epoch 098 | Train Total=0.7075 | Val post/prior Total=0.6619/0.7086, Recon post/prior=0.5866/0.5827, KL=0.0125, CycSim post/prior=0.0574/0.0362, CycMeas=0.0981, PriorBnd post/prior=1.49e-04/1.14e-04 | Best 0.0978 | Patience 2/40
 >> Epoch 099 | Train Total=0.7090 | Val post/prior Total=0.6626/0.7165, Recon post/prior=0.5871/0.5825, KL=0.0123, CycSim post/prior=0.0576/0.0376, CycMeas=0.1061, PriorBnd post/prior=1.44e-04/1.14e-04 | Best 0.0978 | Patience 3/40
 >> Epoch 100 | Train Total=0.7079 | Val post/prior Total=0.6615/0.7082, Recon post/prior=0.5863/0.5817, KL=0.0123, CycSim post/prior=0.0573/0.0363, CycMeas=0.0985, PriorBnd post/prior=1.46e-04/1.17e-04 | Best 0.0978 | Patience 4/40
 >> Epoch 101 | Train Total=0.7095 | Val post/prior Total=0.6615/0.7079, Recon post/prior=0.5868/0.5820, KL=0.0126, CycSim post/prior=0.0569/0.0365, CycMeas=0.0976, PriorBnd post/prior=2.02e-04/1.16e-04 | Best 0.0978 | Patience 5/40
[Update] best val_cyc_meas improved to 0.097613 @ epoch 101
 >> Epoch 102 | Train Total=0.7084 | Val post/prior Total=0.6620/0.7113, Recon post/prior=0.5883/0.5846, KL=0.0121, CycSim post/prior=0.0562/0.0367, CycMeas=0.0985, PriorBnd post/prior=1.30e-04/1.04e-04 | Best 0.0976 | Patience 1/40
 >> Epoch 103 | Train Total=0.7118 | Val post/prior Total=0.6612/0.7131, Recon post/prior=0.5885/0.5851, KL=0.0123, CycSim post/prior=0.0554/0.0383, CycMeas=0.0977, PriorBnd post/prior=1.27e-04/1.11e-04 | Best 0.0976 | Patience 2/40
 >> Epoch 104 | Train Total=0.7099 | Val post/prior Total=0.6637/0.7165, Recon post/prior=0.5892/0.5857, KL=0.0117, CycSim post/prior=0.0569/0.0395, CycMeas=0.0994, PriorBnd post/prior=1.56e-04/1.05e-04 | Best 0.0976 | Patience 3/40
 >> Epoch 105 | Train Total=0.7148 | Val post/prior Total=0.6661/0.7149, Recon post/prior=0.5896/0.5861, KL=0.0128, CycSim post/prior=0.0585/0.0388, CycMeas=0.0979, PriorBnd post/prior=1.11e-04/1.00e-04 | Best 0.0976 | Patience 4/40
 >> Epoch 106 | Train Total=0.7150 | Val post/prior Total=0.7267/0.7901, Recon post/prior=0.6227/0.6218, KL=0.0279, CycSim post/prior=0.0794/0.0664, CycMeas=0.1067, PriorBnd post/prior=7.73e-05/7.72e-05 | Best 0.0976 | Patience 5/40
 >> Epoch 107 | Train Total=0.7154 | Val post/prior Total=0.6609/0.7083, Recon post/prior=0.5870/0.5824, KL=0.0124, CycSim post/prior=0.0562/0.0361, CycMeas=0.0981, PriorBnd post/prior=1.25e-04/1.12e-04 | Best 0.0976 | Patience 6/40
 >> Epoch 108 | Train Total=0.7147 | Val post/prior Total=0.6726/0.7280, Recon post/prior=0.5960/0.5937, KL=0.0145, CycSim post/prior=0.0584/0.0435, CycMeas=0.0978, PriorBnd post/prior=1.32e-04/8.28e-05 | Best 0.0976 | Patience 7/40
 >> Epoch 109 | Train Total=0.7167 | Val post/prior Total=0.6638/0.7081, Recon post/prior=0.5875/0.5821, KL=0.0134, CycSim post/prior=0.0581/0.0361, CycMeas=0.0983, PriorBnd post/prior=1.42e-04/1.15e-04 | Best 0.0976 | Patience 8/40
 >> Epoch 110 | Train Total=0.7179 | Val post/prior Total=0.6686/0.7125, Recon post/prior=0.5882/0.5829, KL=0.0119, CycSim post/prior=0.0619/0.0394, CycMeas=0.0980, PriorBnd post/prior=1.39e-04/1.05e-04 | Best 0.0976 | Patience 9/40
 >> Epoch 111 | Train Total=0.7153 | Val post/prior Total=0.6624/0.7103, Recon post/prior=0.5871/0.5827, KL=0.0120, CycSim post/prior=0.0575/0.0369, CycMeas=0.0991, PriorBnd post/prior=1.73e-04/1.08e-04 | Best 0.0976 | Patience 10/40
 >> Epoch 112 | Train Total=0.7165 | Val post/prior Total=0.7051/0.7608, Recon post/prior=0.6107/0.6088, KL=0.0238, CycSim post/prior=0.0719/0.0563, CycMeas=0.1012, PriorBnd post/prior=9.08e-05/7.94e-05 | Best 0.0976 | Patience 11/40
 >> Epoch 113 | Train Total=0.7182 | Val post/prior Total=0.6678/0.7157, Recon post/prior=0.5908/0.5869, KL=0.0145, CycSim post/prior=0.0587/0.0390, CycMeas=0.0977, PriorBnd post/prior=1.31e-04/9.84e-05 | Best 0.0976 | Patience 12/40
 >> Epoch 114 | Train Total=0.7181 | Val post/prior Total=0.6620/0.7112, Recon post/prior=0.5870/0.5831, KL=0.0124, CycSim post/prior=0.0572/0.0376, CycMeas=0.0987, PriorBnd post/prior=1.17e-04/1.09e-04 | Best 0.0976 | Patience 13/40
 >> Epoch 115 | Train Total=0.7194 | Val post/prior Total=0.6605/0.7085, Recon post/prior=0.5869/0.5822, KL=0.0129, CycSim post/prior=0.0559/0.0364, CycMeas=0.0983, PriorBnd post/prior=1.20e-04/1.05e-04 | Best 0.0976 | Patience 14/40
 >> Epoch 116 | Train Total=0.7179 | Val post/prior Total=0.6643/0.7088, Recon post/prior=0.5871/0.5827, KL=0.0136, CycSim post/prior=0.0588/0.0368, CycMeas=0.0973, PriorBnd post/prior=1.21e-04/1.15e-04 | Best 0.0976 | Patience 15/40
[Update] best val_cyc_meas improved to 0.097310 @ epoch 116
 >> Epoch 117 | Train Total=0.7173 | Val post/prior Total=0.6628/0.7108, Recon post/prior=0.5880/0.5838, KL=0.0124, CycSim post/prior=0.0570/0.0371, CycMeas=0.0981, PriorBnd post/prior=1.91e-04/1.14e-04 | Best 0.0973 | Patience 1/40
 >> Epoch 118 | Train Total=0.7165 | Val post/prior Total=0.6690/0.7185, Recon post/prior=0.5911/0.5874, KL=0.0120, CycSim post/prior=0.0599/0.0407, CycMeas=0.0981, PriorBnd post/prior=1.12e-04/8.78e-05 | Best 0.0973 | Patience 2/40
 >> Epoch 119 | Train Total=0.7169 | Val post/prior Total=0.6592/0.7107, Recon post/prior=0.5877/0.5844, KL=0.0121, CycSim post/prior=0.0544/0.0370, CycMeas=0.0974, PriorBnd post/prior=1.09e-04/9.74e-05 | Best 0.0973 | Patience 3/40
 >> Epoch 120 | Train Total=0.7178 | Val post/prior Total=0.6643/0.7092, Recon post/prior=0.5863/0.5824, KL=0.0138, CycSim post/prior=0.0594/0.0370, CycMeas=0.0979, PriorBnd post/prior=1.64e-04/1.20e-04 | Best 0.0973 | Patience 4/40
 >> Epoch 121 | Train Total=0.7176 | Val post/prior Total=0.6669/0.7181, Recon post/prior=0.5911/0.5877, KL=0.0132, CycSim post/prior=0.0578/0.0399, CycMeas=0.0984, PriorBnd post/prior=1.59e-04/9.90e-05 | Best 0.0973 | Patience 5/40
 >> Epoch 122 | Train Total=0.7170 | Val post/prior Total=0.6653/0.7163, Recon post/prior=0.5905/0.5856, KL=0.0122, CycSim post/prior=0.0572/0.0401, CycMeas=0.0983, PriorBnd post/prior=1.65e-04/9.75e-05 | Best 0.0973 | Patience 6/40
 >> Epoch 123 | Train Total=0.7190 | Val post/prior Total=0.6603/0.7095, Recon post/prior=0.5868/0.5822, KL=0.0121, CycSim post/prior=0.0560/0.0369, CycMeas=0.0988, PriorBnd post/prior=1.35e-04/1.13e-04 | Best 0.0973 | Patience 7/40
 >> Epoch 124 | Train Total=0.7171 | Val post/prior Total=0.6649/0.7120, Recon post/prior=0.5879/0.5839, KL=0.0130, CycSim post/prior=0.0589/0.0383, CycMeas=0.0977, PriorBnd post/prior=1.50e-04/1.09e-04 | Best 0.0973 | Patience 8/40
 >> Epoch 125 | Train Total=0.7158 | Val post/prior Total=0.6679/0.7141, Recon post/prior=0.5868/0.5819, KL=0.0126, CycSim post/prior=0.0623/0.0397, CycMeas=0.1007, PriorBnd post/prior=1.45e-04/1.15e-04 | Best 0.0973 | Patience 9/40
 >> Epoch 126 | Train Total=0.7166 | Val post/prior Total=0.7024/0.7603, Recon post/prior=0.6090/0.6066, KL=0.0176, CycSim post/prior=0.0721/0.0588, CycMeas=0.0996, PriorBnd post/prior=6.98e-05/6.25e-05 | Best 0.0973 | Patience 10/40
 >> Epoch 127 | Train Total=0.7178 | Val post/prior Total=0.6839/0.7383, Recon post/prior=0.5967/0.5932, KL=0.0142, CycSim post/prior=0.0673/0.0512, CycMeas=0.0999, PriorBnd post/prior=9.41e-05/7.92e-05 | Best 0.0973 | Patience 11/40
 >> Epoch 128 | Train Total=0.7142 | Val post/prior Total=0.6678/0.7166, Recon post/prior=0.5896/0.5865, KL=0.0165, CycSim post/prior=0.0592/0.0402, CycMeas=0.0975, PriorBnd post/prior=1.21e-04/1.03e-04 | Best 0.0973 | Patience 12/40
 >> Epoch 129 | Train Total=0.7163 | Val post/prior Total=0.6644/0.7169, Recon post/prior=0.5906/0.5875, KL=0.0134, CycSim post/prior=0.0562/0.0397, CycMeas=0.0975, PriorBnd post/prior=1.25e-04/1.02e-04 | Best 0.0973 | Patience 13/40
 >> Epoch 130 | Train Total=0.7159 | Val post/prior Total=0.6624/0.7145, Recon post/prior=0.5891/0.5862, KL=0.0115, CycSim post/prior=0.0560/0.0387, CycMeas=0.0975, PriorBnd post/prior=1.21e-04/9.87e-05 | Best 0.0973 | Patience 14/40
 >> Epoch 131 | Train Total=0.7151 | Val post/prior Total=0.6623/0.7095, Recon post/prior=0.5873/0.5828, KL=0.0120, CycSim post/prior=0.0572/0.0367, CycMeas=0.0983, PriorBnd post/prior=1.63e-04/1.02e-04 | Best 0.0973 | Patience 15/40
 >> Epoch 132 | Train Total=0.7152 | Val post/prior Total=0.6626/0.7087, Recon post/prior=0.5865/0.5817, KL=0.0125, CycSim post/prior=0.0581/0.0371, CycMeas=0.0980, PriorBnd post/prior=1.30e-04/1.15e-04 | Best 0.0973 | Patience 16/40
 >> Epoch 133 | Train Total=0.7163 | Val post/prior Total=0.6652/0.7141, Recon post/prior=0.5894/0.5849, KL=0.0117, CycSim post/prior=0.0581/0.0394, CycMeas=0.0976, PriorBnd post/prior=1.06e-04/9.47e-05 | Best 0.0973 | Patience 17/40
 >> Epoch 134 | Train Total=0.7148 | Val post/prior Total=0.6624/0.7086, Recon post/prior=0.5865/0.5813, KL=0.0129, CycSim post/prior=0.0578/0.0365, CycMeas=0.0993, PriorBnd post/prior=1.75e-04/1.18e-04 | Best 0.0973 | Patience 18/40
 >> Epoch 135 | Train Total=0.7162 | Val post/prior Total=0.6650/0.7103, Recon post/prior=0.5867/0.5828, KL=0.0128, CycSim post/prior=0.0599/0.0377, CycMeas=0.0979, PriorBnd post/prior=1.46e-04/1.13e-04 | Best 0.0973 | Patience 19/40
 >> Epoch 136 | Train Total=0.7174 | Val post/prior Total=0.6636/0.7152, Recon post/prior=0.5879/0.5839, KL=0.0122, CycSim post/prior=0.0579/0.0379, CycMeas=0.1024, PriorBnd post/prior=1.39e-04/1.05e-04 | Best 0.0973 | Patience 20/40
 >> Epoch 137 | Train Total=0.7160 | Val post/prior Total=0.6627/0.7095, Recon post/prior=0.5872/0.5829, KL=0.0121, CycSim post/prior=0.0577/0.0366, CycMeas=0.0982, PriorBnd post/prior=1.23e-04/1.10e-04 | Best 0.0973 | Patience 21/40
 >> Epoch 138 | Train Total=0.7173 | Val post/prior Total=0.6651/0.7097, Recon post/prior=0.5863/0.5818, KL=0.0127, CycSim post/prior=0.0604/0.0379, CycMeas=0.0980, PriorBnd post/prior=1.20e-04/1.16e-04 | Best 0.0973 | Patience 22/40
 >> Epoch 139 | Train Total=0.7163 | Val post/prior Total=0.6665/0.7147, Recon post/prior=0.5887/0.5848, KL=0.0126, CycSim post/prior=0.0596/0.0396, CycMeas=0.0981, PriorBnd post/prior=1.13e-04/1.06e-04 | Best 0.0973 | Patience 23/40
 >> Epoch 140 | Train Total=0.7163 | Val post/prior Total=0.6660/0.7108, Recon post/prior=0.5868/0.5820, KL=0.0122, CycSim post/prior=0.0608/0.0385, CycMeas=0.0982, PriorBnd post/prior=1.40e-04/1.12e-04 | Best 0.0973 | Patience 24/40
 >> Epoch 141 | Train Total=0.7162 | Val post/prior Total=0.6645/0.7091, Recon post/prior=0.5870/0.5828, KL=0.0119, CycSim post/prior=0.0593/0.0360, CycMeas=0.0988, PriorBnd post/prior=1.73e-04/1.15e-04 | Best 0.0973 | Patience 25/40
 >> Epoch 142 | Train Total=0.7155 | Val post/prior Total=0.6605/0.7077, Recon post/prior=0.5863/0.5815, KL=0.0118, CycSim post/prior=0.0565/0.0367, CycMeas=0.0976, PriorBnd post/prior=1.21e-04/1.06e-04 | Best 0.0973 | Patience 26/40
 >> Epoch 143 | Train Total=0.7162 | Val post/prior Total=0.6667/0.7149, Recon post/prior=0.5895/0.5863, KL=0.0151, CycSim post/prior=0.0587/0.0384, CycMeas=0.0982, PriorBnd post/prior=1.29e-04/1.02e-04 | Best 0.0973 | Patience 27/40
 >> Epoch 144 | Train Total=0.7161 | Val post/prior Total=0.6620/0.7103, Recon post/prior=0.5876/0.5830, KL=0.0123, CycSim post/prior=0.0567/0.0377, CycMeas=0.0976, PriorBnd post/prior=1.49e-04/1.08e-04 | Best 0.0973 | Patience 28/40
 >> Epoch 145 | Train Total=0.7156 | Val post/prior Total=0.6622/0.7124, Recon post/prior=0.5880/0.5845, KL=0.0124, CycSim post/prior=0.0566/0.0381, CycMeas=0.0977, PriorBnd post/prior=1.10e-04/9.88e-05 | Best 0.0973 | Patience 29/40
 >> Epoch 146 | Train Total=0.7149 | Val post/prior Total=0.6634/0.7084, Recon post/prior=0.5863/0.5812, KL=0.0125, CycSim post/prior=0.0589/0.0374, CycMeas=0.0979, PriorBnd post/prior=1.33e-04/1.15e-04 | Best 0.0973 | Patience 30/40
 >> Epoch 147 | Train Total=0.7158 | Val post/prior Total=0.6637/0.7097, Recon post/prior=0.5872/0.5830, KL=0.0128, CycSim post/prior=0.0584/0.0372, CycMeas=0.0975, PriorBnd post/prior=2.13e-04/1.17e-04 | Best 0.0973 | Patience 31/40
 >> Epoch 148 | Train Total=0.7167 | Val post/prior Total=0.6607/0.7128, Recon post/prior=0.5874/0.5834, KL=0.0116, CycSim post/prior=0.0559/0.0373, CycMeas=0.1008, PriorBnd post/prior=1.63e-04/1.06e-04 | Best 0.0973 | Patience 32/40
 >> Epoch 149 | Train Total=0.7155 | Val post/prior Total=0.6656/0.7159, Recon post/prior=0.5893/0.5858, KL=0.0142, CycSim post/prior=0.0580/0.0399, CycMeas=0.0978, PriorBnd post/prior=1.25e-04/9.99e-05 | Best 0.0973 | Patience 33/40
 >> Epoch 150 | Train Total=0.7172 | Val post/prior Total=0.6616/0.7115, Recon post/prior=0.5884/0.5843, KL=0.0121, CycSim post/prior=0.0557/0.0374, CycMeas=0.0977, PriorBnd post/prior=8.83e-05/9.89e-05 | Best 0.0973 | Patience 34/40
 >> Epoch 151 | Train Total=0.7157 | Val post/prior Total=0.6657/0.7089, Recon post/prior=0.5867/0.5822, KL=0.0131, CycSim post/prior=0.0604/0.0369, CycMeas=0.0980, PriorBnd post/prior=2.01e-04/1.19e-04 | Best 0.0973 | Patience 35/40
 >> Epoch 152 | Train Total=0.7153 | Val post/prior Total=0.6631/0.7062, Recon post/prior=0.5857/0.5805, KL=0.0130, CycSim post/prior=0.0591/0.0361, CycMeas=0.0978, PriorBnd post/prior=1.31e-04/1.21e-04 | Best 0.0973 | Patience 36/40
 >> Epoch 153 | Train Total=0.7160 | Val post/prior Total=0.6610/0.7105, Recon post/prior=0.5874/0.5833, KL=0.0120, CycSim post/prior=0.0560/0.0367, CycMeas=0.0990, PriorBnd post/prior=1.69e-04/1.04e-04 | Best 0.0973 | Patience 37/40
 >> Epoch 154 | Train Total=0.7161 | Val post/prior Total=0.6631/0.7121, Recon post/prior=0.5881/0.5843, KL=0.0128, CycSim post/prior=0.0572/0.0378, CycMeas=0.0981, PriorBnd post/prior=1.16e-04/1.04e-04 | Best 0.0973 | Patience 38/40
 >> Epoch 155 | Train Total=0.7162 | Val post/prior Total=0.6641/0.7125, Recon post/prior=0.5884/0.5846, KL=0.0143, CycSim post/prior=0.0575/0.0383, CycMeas=0.0976, PriorBnd post/prior=1.52e-04/1.05e-04 | Best 0.0973 | Patience 39/40
 >> Epoch 156 | Train Total=0.7150 | Val post/prior Total=0.6792/0.7318, Recon post/prior=0.5952/0.5923, KL=0.0148, CycSim post/prior=0.0646/0.0479, CycMeas=0.0979, PriorBnd post/prior=9.00e-05/8.03e-05 | Best 0.0973 | Patience 40/40
[EarlyStop] at epoch 156
[Diag] Start to calcaulte diag in test preocess... 
[Diag] wrote 28930 rows to temp_Bidi_cvae\cvae_20251106-120005\diag_test.csv
[Diag] proxy_floor_ps  P50=0.0095  P90=0.0228  P95=0.0348  P99=0.2440
[Test] prior total=0.706727 | prior recon=0.581732 | kl=0.009754 | prior cyc_sim=0.035920 | cyc_meas=0.097390 | prior_l2=0.397841 | prior_bnd=0.000058 | 
