[log] tee initialized at 2025-11-28 12:57:33 -> temp_Unidi_cvae_14param_2channel\cvae_20251128-125733\train.log
[Data] Warning: Single measurement sample detected. Duplicating to N=2 for BatchNorm compatibility.
[Info] Loading dual proxies from temp_Unidi_cvae_14param_2channel/proxy_dual
[L_trust] using 20000 ref rows from temp_Unidi_cvae_14param_2channel/proxy_dual\proxy_Ytr_norm.npy
D:\Miniconda\envs\DL\Lib\site-packages\torch\optim\lr_scheduler.py:182: UserWarning: Detected call of `lr_scheduler.step()` before `optimizer.step()`. In PyTorch 1.1.0 and later, you should call them in the opposite order: `optimizer.step()` before `lr_scheduler.step()`.  Failure to do this will result in PyTorch skipping the first value of the learning rate schedule. See more details at https://pytorch.org/docs/stable/optim.html#how-to-adjust-learning-rate
  warnings.warn(
 >> Epoch 001 | Train Total=20.8045 | Val post/prior Total=27.6926/25.4946, Recon post/prior=0.9098/0.9048, KL=2.4997, | CycSim post total/iv/gm=2.5528/2.0343/0.5185, | CycSim prior total/iv/gm=2.4584/1.9589/0.4995, | CycMeas total/iv/gm=0.9565/0.7997/0.1567, | PriorBnd post/prior=2.94e-03/2.41e-03 | Best inf | Patience 1/80
[Update] best val_cyc_meas improved to 0.956493 @ epoch 1
 >> Epoch 002 | Train Total=9.2493 | Val post/prior Total=28.9898/27.5212, Recon post/prior=0.9148/0.9157, KL=1.5327, | CycSim post total/iv/gm=2.7303/2.1676/0.5627, | CycSim prior total/iv/gm=2.6598/2.1138/0.5460, | CycMeas total/iv/gm=0.7632/0.6210/0.1422, | PriorBnd post/prior=2.93e-03/2.55e-03 | Best 0.9565 | Patience 1/80
[Update] best val_cyc_meas improved to 0.763189 @ epoch 2
 >> Epoch 003 | Train Total=7.8206 | Val post/prior Total=25.3585/24.2741, Recon post/prior=0.9218/0.9289, KL=1.5280, | CycSim post total/iv/gm=2.3666/1.8758/0.4908, | CycSim prior total/iv/gm=2.3336/1.8492/0.4844, | CycMeas total/iv/gm=1.1234/0.9086/0.2148, | PriorBnd post/prior=3.47e-03/3.45e-03 | Best 0.7632 | Patience 1/80
 >> Epoch 004 | Train Total=7.1015 | Val post/prior Total=25.7968/24.6384, Recon post/prior=0.9225/0.9315, KL=1.4524, | CycSim post total/iv/gm=2.4141/1.9126/0.5015, | CycSim prior total/iv/gm=2.3696/1.8771/0.4926, | CycMeas total/iv/gm=1.1855/0.9583/0.2272, | PriorBnd post/prior=2.92e-03/2.44e-03 | Best 0.7632 | Patience 2/80
 >> Epoch 005 | Train Total=6.5644 | Val post/prior Total=26.2527/24.8847, Recon post/prior=0.9254/0.9359, KL=1.9051, | CycSim post total/iv/gm=2.4367/1.9324/0.5043, | CycSim prior total/iv/gm=2.3937/1.8980/0.4957, | CycMeas total/iv/gm=1.2153/0.9765/0.2388, | PriorBnd post/prior=2.85e-03/2.41e-03 | Best 0.7632 | Patience 3/80
 >> Epoch 006 | Train Total=6.3480 | Val post/prior Total=26.4696/25.1068, Recon post/prior=0.9311/0.9427, KL=1.9501, | CycSim post total/iv/gm=2.4556/1.9357/0.5199, | CycSim prior total/iv/gm=2.4152/1.9038/0.5114, | CycMeas total/iv/gm=1.1494/0.9191/0.2303, | PriorBnd post/prior=2.79e-03/2.26e-03 | Best 0.7632 | Patience 4/80
 >> Epoch 007 | Train Total=6.1520 | Val post/prior Total=26.4271/25.0049, Recon post/prior=0.9124/0.9236, KL=2.1487, | CycSim post total/iv/gm=2.4433/1.9327/0.5106, | CycSim prior total/iv/gm=2.4067/1.9030/0.5037, | CycMeas total/iv/gm=1.4500/1.1753/0.2747, | PriorBnd post/prior=1.78e-03/1.54e-03 | Best 0.7632 | Patience 5/80
 >> Epoch 008 | Train Total=5.9209 | Val post/prior Total=29.1958/27.8507, Recon post/prior=0.9023/0.9124, KL=2.0523, | CycSim post total/iv/gm=2.7261/2.1517/0.5744, | CycSim prior total/iv/gm=2.6926/2.1255/0.5671, | CycMeas total/iv/gm=0.9948/0.7946/0.2002, | PriorBnd post/prior=1.25e-03/1.18e-03 | Best 0.7632 | Patience 6/80
 >> Epoch 009 | Train Total=5.8016 | Val post/prior Total=27.6403/26.0950, Recon post/prior=0.9244/0.9434, KL=2.5852, | CycSim post total/iv/gm=2.5416/2.0082/0.5334, | CycSim prior total/iv/gm=2.5137/1.9847/0.5290, | CycMeas total/iv/gm=1.0567/0.8406/0.2161, | PriorBnd post/prior=1.76e-03/1.48e-03 | Best 0.7632 | Patience 7/80
 >> Epoch 010 | Train Total=5.6886 | Val post/prior Total=25.3112/23.8337, Recon post/prior=0.9234/0.9362, KL=2.2751, | CycSim post total/iv/gm=2.3243/1.8412/0.4831, | CycSim prior total/iv/gm=2.2882/1.8106/0.4775, | CycMeas total/iv/gm=1.1920/0.9534/0.2386, | PriorBnd post/prior=2.34e-03/1.90e-03 | Best 0.7632 | Patience 8/80
 >> Epoch 011 | Train Total=5.5720 | Val post/prior Total=29.8112/28.2022, Recon post/prior=0.9258/0.9398, KL=2.6289, | CycSim post total/iv/gm=2.7563/2.1810/0.5754, | CycSim prior total/iv/gm=2.7244/2.1532/0.5712, | CycMeas total/iv/gm=1.4257/1.1459/0.2798, | PriorBnd post/prior=2.10e-03/1.80e-03 | Best 0.7632 | Patience 9/80
 >> Epoch 012 | Train Total=5.5127 | Val post/prior Total=28.0852/26.7058, Recon post/prior=0.9135/0.9294, KL=2.4875, | CycSim post total/iv/gm=2.5921/2.0440/0.5481, | CycSim prior total/iv/gm=2.5758/2.0281/0.5477, | CycMeas total/iv/gm=1.2867/1.0282/0.2586, | PriorBnd post/prior=1.07e-03/9.82e-04 | Best 0.7632 | Patience 10/80
 >> Epoch 013 | Train Total=5.3927 | Val post/prior Total=27.4326/25.8634, Recon post/prior=0.9232/0.9371, KL=2.6737, | CycSim post total/iv/gm=2.5165/1.9941/0.5224, | CycSim prior total/iv/gm=2.4908/1.9719/0.5190, | CycMeas total/iv/gm=1.1526/0.9061/0.2465, | PriorBnd post/prior=1.73e-03/1.63e-03 | Best 0.7632 | Patience 11/80
 >> Epoch 014 | Train Total=5.3905 | Val post/prior Total=26.6257/25.1508, Recon post/prior=0.9178/0.9323, KL=2.2451, | CycSim post total/iv/gm=2.4578/1.9458/0.5121, | CycSim prior total/iv/gm=2.4202/1.9141/0.5061, | CycMeas total/iv/gm=0.9255/0.7233/0.2022, | PriorBnd post/prior=1.04e-03/1.18e-03 | Best 0.7632 | Patience 12/80
 >> Epoch 015 | Train Total=5.2684 | Val post/prior Total=30.1507/28.6767, Recon post/prior=0.9190/0.9344, KL=2.4580, | CycSim post total/iv/gm=2.7995/2.2094/0.5901, | CycSim prior total/iv/gm=2.7727/2.1855/0.5872, | CycMeas total/iv/gm=0.7158/0.5503/0.1655, | PriorBnd post/prior=1.22e-03/1.46e-03 | Best 0.7632 | Patience 13/80
[Update] best val_cyc_meas improved to 0.715778 @ epoch 15
 >> Epoch 016 | Train Total=5.4209 | Val post/prior Total=27.7882/25.9090, Recon post/prior=0.9351/0.9567, KL=3.4159, | CycSim post total/iv/gm=2.5137/1.9857/0.5280, | CycSim prior total/iv/gm=2.4934/1.9664/0.5270, | CycMeas total/iv/gm=0.8825/0.6825/0.2000, | PriorBnd post/prior=1.46e-03/1.98e-03 | Best 0.7158 | Patience 1/80
 >> Epoch 017 | Train Total=5.1961 | Val post/prior Total=26.6395/25.0184, Recon post/prior=0.9155/0.9313, KL=2.9601, | CycSim post total/iv/gm=2.4237/1.9188/0.5049, | CycSim prior total/iv/gm=2.4065/1.9052/0.5013, | CycMeas total/iv/gm=1.2581/0.9890/0.2691, | PriorBnd post/prior=1.25e-03/1.48e-03 | Best 0.7158 | Patience 2/80
 >> Epoch 018 | Train Total=5.2765 | Val post/prior Total=29.9517/28.5032, Recon post/prior=0.9083/0.9184, KL=2.3985, | CycSim post total/iv/gm=2.7837/2.1951/0.5886, | CycSim prior total/iv/gm=2.7566/2.1736/0.5830, | CycMeas total/iv/gm=0.9309/0.7348/0.1961, | PriorBnd post/prior=1.17e-03/1.36e-03 | Best 0.7158 | Patience 3/80
 >> Epoch 019 | Train Total=5.1675 | Val post/prior Total=30.1740/28.4570, Recon post/prior=0.9218/0.9336, KL=2.5849, | CycSim post total/iv/gm=2.7952/2.2078/0.5874, | CycSim prior total/iv/gm=2.7508/2.1755/0.5753, | CycMeas total/iv/gm=0.5662/0.4303/0.1360, | PriorBnd post/prior=1.35e-03/1.56e-03 | Best 0.7158 | Patience 4/80
[Update] best val_cyc_meas improved to 0.566232 @ epoch 19
 >> Epoch 020 | Train Total=5.1011 | Val post/prior Total=29.2937/27.2805, Recon post/prior=0.9118/0.9173, KL=2.5729, | CycSim post total/iv/gm=2.7088/2.1392/0.5697, | CycSim prior total/iv/gm=2.6339/2.0822/0.5517, | CycMeas total/iv/gm=1.2828/1.0225/0.2603, | PriorBnd post/prior=1.43e-03/1.55e-03 | Best 0.5662 | Patience 1/80
 >> Epoch 021 | Train Total=5.0783 | Val post/prior Total=29.2490/27.2884, Recon post/prior=0.9134/0.9201, KL=2.4095, | CycSim post total/iv/gm=2.7123/2.1379/0.5745, | CycSim prior total/iv/gm=2.6349/2.0799/0.5550, | CycMeas total/iv/gm=0.8175/0.6325/0.1849, | PriorBnd post/prior=1.50e-03/1.60e-03 | Best 0.5662 | Patience 2/80
 >> Epoch 022 | Train Total=5.1455 | Val post/prior Total=32.0775/28.8858, Recon post/prior=0.9012/0.9082, KL=2.3826, | CycSim post total/iv/gm=2.9978/2.3538/0.6440, | CycSim prior total/iv/gm=2.7961/2.1973/0.5988, | CycMeas total/iv/gm=0.6728/0.5177/0.1551, | PriorBnd post/prior=1.33e-03/1.48e-03 | Best 0.5662 | Patience 3/80
 >> Epoch 023 | Train Total=5.2219 | Val post/prior Total=33.6866/30.9659, Recon post/prior=0.8980/0.9024, KL=2.4620, | CycSim post total/iv/gm=3.1551/2.4787/0.6764, | CycSim prior total/iv/gm=3.0045/2.3626/0.6420, | CycMeas total/iv/gm=0.7385/0.5746/0.1639, | PriorBnd post/prior=1.11e-03/1.19e-03 | Best 0.5662 | Patience 4/80
 >> Epoch 024 | Train Total=4.9656 | Val post/prior Total=27.2260/25.0506, Recon post/prior=0.9032/0.9091, KL=2.4271, | CycSim post total/iv/gm=2.5103/1.9729/0.5373, | CycSim prior total/iv/gm=2.4123/1.8989/0.5134, | CycMeas total/iv/gm=0.7018/0.5523/0.1495, | PriorBnd post/prior=6.84e-04/7.13e-04 | Best 0.5662 | Patience 5/80
 >> Epoch 025 | Train Total=5.0646 | Val post/prior Total=34.3494/31.4798, Recon post/prior=0.8897/0.8924, KL=2.3242, | CycSim post total/iv/gm=3.2291/2.5417/0.6875, | CycSim prior total/iv/gm=3.0569/2.4074/0.6495, | CycMeas total/iv/gm=0.7570/0.5916/0.1654, | PriorBnd post/prior=1.11e-03/1.17e-03 | Best 0.5662 | Patience 6/80
 >> Epoch 026 | Train Total=5.1426 | Val post/prior Total=30.3556/28.0763, Recon post/prior=0.9266/0.9296, KL=2.5509, | CycSim post total/iv/gm=2.8146/2.2121/0.6025, | CycSim prior total/iv/gm=2.7128/2.1350/0.5778, | CycMeas total/iv/gm=0.6056/0.4635/0.1421, | PriorBnd post/prior=1.38e-03/1.48e-03 | Best 0.5662 | Patience 7/80
 >> Epoch 027 | Train Total=5.2518 | Val post/prior Total=29.4565/26.7468, Recon post/prior=0.9145/0.9179, KL=2.7773, | CycSim post total/iv/gm=2.7146/2.1357/0.5789, | CycSim prior total/iv/gm=2.5810/2.0332/0.5477, | CycMeas total/iv/gm=0.6495/0.4983/0.1512, | PriorBnd post/prior=1.11e-03/1.23e-03 | Best 0.5662 | Patience 8/80
 >> Epoch 028 | Train Total=5.1537 | Val post/prior Total=25.8340/23.6626, Recon post/prior=0.9217/0.9254, KL=2.2083, | CycSim post total/iv/gm=2.3801/1.8702/0.5098, | CycSim prior total/iv/gm=2.2719/1.7858/0.4861, | CycMeas total/iv/gm=0.5427/0.4155/0.1272, | PriorBnd post/prior=1.80e-03/1.89e-03 | Best 0.5662 | Patience 9/80
[Update] best val_cyc_meas improved to 0.542720 @ epoch 28
 >> Epoch 029 | Train Total=5.0975 | Val post/prior Total=31.9687/30.4246, Recon post/prior=0.9269/0.9353, KL=2.0955, | CycSim post total/iv/gm=2.9986/2.3667/0.6319, | CycSim prior total/iv/gm=2.9466/2.3280/0.6186, | CycMeas total/iv/gm=0.7546/0.5798/0.1748, | PriorBnd post/prior=1.68e-03/2.09e-03 | Best 0.5427 | Patience 1/80
 >> Epoch 030 | Train Total=5.1632 | Val post/prior Total=33.0722/30.5165, Recon post/prior=0.9312/0.9342, KL=2.4535, | CycSim post total/iv/gm=3.0906/2.4330/0.6576, | CycSim prior total/iv/gm=2.9564/2.3292/0.6272, | CycMeas total/iv/gm=0.4982/0.3793/0.1189, | PriorBnd post/prior=2.37e-03/2.48e-03 | Best 0.5427 | Patience 2/80
[Update] best val_cyc_meas improved to 0.498209 @ epoch 30
 >> Epoch 031 | Train Total=5.3979 | Val post/prior Total=31.3220/29.2319, Recon post/prior=0.9265/0.9330, KL=1.8977, | CycSim post total/iv/gm=2.9439/2.3104/0.6335, | CycSim prior total/iv/gm=2.8283/2.2208/0.6074, | CycMeas total/iv/gm=0.4094/0.3046/0.1047, | PriorBnd post/prior=1.66e-03/1.89e-03 | Best 0.4982 | Patience 1/80
[Update] best val_cyc_meas improved to 0.409374 @ epoch 31
 >> Epoch 032 | Train Total=4.9685 | Val post/prior Total=32.5814/30.5488, Recon post/prior=0.9295/0.9355, KL=2.0857, | CycSim post total/iv/gm=3.0601/2.4023/0.6578, | CycSim prior total/iv/gm=2.9595/2.3248/0.6347, | CycMeas total/iv/gm=0.4869/0.3667/0.1202, | PriorBnd post/prior=1.98e-03/2.21e-03 | Best 0.4094 | Patience 1/80
 >> Epoch 033 | Train Total=5.1816 | Val post/prior Total=33.7819/32.8140, Recon post/prior=0.9375/0.9447, KL=1.7663, | CycSim post total/iv/gm=3.1953/2.5166/0.6788, | CycSim prior total/iv/gm=3.1850/2.5089/0.6761, | CycMeas total/iv/gm=0.5077/0.3820/0.1257, | PriorBnd post/prior=1.64e-03/2.00e-03 | Best 0.4094 | Patience 2/80
 >> Epoch 034 | Train Total=5.6225 | Val post/prior Total=30.1625/28.6788, Recon post/prior=0.9362/0.9424, KL=2.3120, | CycSim post total/iv/gm=2.8062/2.2183/0.5880, | CycSim prior total/iv/gm=2.7714/2.1917/0.5797, | CycMeas total/iv/gm=0.6302/0.4842/0.1460, | PriorBnd post/prior=2.24e-03/2.42e-03 | Best 0.4094 | Patience 3/80
 >> Epoch 035 | Train Total=5.3817 | Val post/prior Total=31.4777/29.9550, Recon post/prior=0.9313/0.9386, KL=2.0226, | CycSim post total/iv/gm=2.9527/2.3264/0.6263, | CycSim prior total/iv/gm=2.8995/2.2858/0.6138, | CycMeas total/iv/gm=0.5448/0.4092/0.1356, | PriorBnd post/prior=1.35e-03/1.51e-03 | Best 0.4094 | Patience 4/80
 >> Epoch 036 | Train Total=5.3915 | Val post/prior Total=31.0306/29.0779, Recon post/prior=0.9118/0.9164, KL=1.9329, | CycSim post total/iv/gm=2.9145/2.2921/0.6224, | CycSim prior total/iv/gm=2.8137/2.2137/0.6000, | CycMeas total/iv/gm=0.7181/0.5570/0.1612, | PriorBnd post/prior=1.78e-03/1.95e-03 | Best 0.4094 | Patience 5/80
 >> Epoch 037 | Train Total=6.3844 | Val post/prior Total=30.5723/29.5443, Recon post/prior=0.9275/0.9370, KL=1.3562, | CycSim post total/iv/gm=2.8959/2.2837/0.6122, | CycSim prior total/iv/gm=2.8588/2.2552/0.6036, | CycMeas total/iv/gm=0.4689/0.3501/0.1187, | PriorBnd post/prior=1.19e-03/1.39e-03 | Best 0.4094 | Patience 6/80
 >> Epoch 038 | Train Total=5.8093 | Val post/prior Total=31.1210/30.1728, Recon post/prior=0.9289/0.9378, KL=1.3808, | CycSim post total/iv/gm=2.9494/2.3294/0.6200, | CycSim prior total/iv/gm=2.9209/2.3073/0.6136, | CycMeas total/iv/gm=0.7056/0.5342/0.1715, | PriorBnd post/prior=1.80e-03/2.01e-03 | Best 0.4094 | Patience 7/80
 >> Epoch 039 | Train Total=5.8531 | Val post/prior Total=24.3122/23.5475, Recon post/prior=0.9603/0.9693, KL=1.6899, | CycSim post total/iv/gm=2.2498/1.7827/0.4670, | CycSim prior total/iv/gm=2.2547/1.7845/0.4702, | CycMeas total/iv/gm=0.8232/0.6380/0.1853, | PriorBnd post/prior=1.64e-03/1.93e-03 | Best 0.4094 | Patience 8/80
 >> Epoch 040 | Train Total=6.1327 | Val post/prior Total=31.2422/29.6890, Recon post/prior=0.9762/0.9834, KL=1.3484, | CycSim post total/iv/gm=2.9582/2.3341/0.6241, | CycSim prior total/iv/gm=2.8675/2.2634/0.6040, | CycMeas total/iv/gm=0.7906/0.5938/0.1968, | PriorBnd post/prior=3.45e-03/3.71e-03 | Best 0.4094 | Patience 9/80
 >> Epoch 041 | Train Total=6.0365 | Val post/prior Total=28.1618/26.5248, Recon post/prior=0.9338/0.9391, KL=1.4690, | CycSim post total/iv/gm=2.6486/2.0950/0.5535, | CycSim prior total/iv/gm=2.5560/2.0241/0.5320, | CycMeas total/iv/gm=0.6225/0.4674/0.1551, | PriorBnd post/prior=1.70e-03/1.77e-03 | Best 0.4094 | Patience 10/80
 >> Epoch 042 | Train Total=6.2906 | Val post/prior Total=31.0659/29.7600, Recon post/prior=0.9423/0.9484, KL=1.2403, | CycSim post total/iv/gm=2.9495/2.3231/0.6265, | CycSim prior total/iv/gm=2.8788/2.2693/0.6095, | CycMeas total/iv/gm=0.5332/0.3979/0.1354, | PriorBnd post/prior=4.75e-04/6.52e-04 | Best 0.4094 | Patience 11/80
 >> Epoch 043 | Train Total=5.8199 | Val post/prior Total=35.1502/34.3607, Recon post/prior=0.9660/0.9747, KL=1.3638, | CycSim post total/iv/gm=3.3493/2.6344/0.7150, | CycSim prior total/iv/gm=3.3354/2.6238/0.7116, | CycMeas total/iv/gm=0.7841/0.5921/0.1920, | PriorBnd post/prior=1.98e-03/2.38e-03 | Best 0.4094 | Patience 12/80
 >> Epoch 044 | Train Total=5.7205 | Val post/prior Total=27.0620/25.9236, Recon post/prior=0.9374/0.9454, KL=1.5674, | CycSim post total/iv/gm=2.5333/2.0000/0.5333, | CycSim prior total/iv/gm=2.4949/1.9705/0.5244, | CycMeas total/iv/gm=0.7205/0.5407/0.1798, | PriorBnd post/prior=1.15e-03/1.34e-03 | Best 0.4094 | Patience 13/80
 >> Epoch 045 | Train Total=5.8604 | Val post/prior Total=32.0840/31.1419, Recon post/prior=0.9363/0.9461, KL=1.4023, | CycSim post total/iv/gm=3.0439/2.3876/0.6563, | CycSim prior total/iv/gm=3.0167/2.3675/0.6492, | CycMeas total/iv/gm=0.6808/0.5172/0.1636, | PriorBnd post/prior=1.03e-03/1.36e-03 | Best 0.4094 | Patience 14/80
 >> Epoch 046 | Train Total=5.5918 | Val post/prior Total=31.0778/30.1256, Recon post/prior=0.9242/0.9356, KL=1.3279, | CycSim post total/iv/gm=2.9482/2.3252/0.6230, | CycSim prior total/iv/gm=2.9157/2.3001/0.6156, | CycMeas total/iv/gm=0.8198/0.6231/0.1968, | PriorBnd post/prior=1.06e-03/1.27e-03 | Best 0.4094 | Patience 15/80
 >> Epoch 047 | Train Total=5.9091 | Val post/prior Total=31.5424/30.7846, Recon post/prior=0.9372/0.9458, KL=1.4142, | CycSim post total/iv/gm=2.9890/2.3665/0.6225, | CycSim prior total/iv/gm=2.9809/2.3600/0.6209, | CycMeas total/iv/gm=0.6749/0.5142/0.1607, | PriorBnd post/prior=2.37e-03/2.39e-03 | Best 0.4094 | Patience 16/80
 >> Epoch 048 | Train Total=5.8530 | Val post/prior Total=30.7070/29.6052, Recon post/prior=0.9718/0.9844, KL=1.5940, | CycSim post total/iv/gm=2.8929/2.2883/0.6046, | CycSim prior total/iv/gm=2.8592/2.2621/0.5971, | CycMeas total/iv/gm=0.5996/0.4478/0.1518, | PriorBnd post/prior=1.41e-03/1.78e-03 | Best 0.4094 | Patience 17/80
 >> Epoch 049 | Train Total=5.8823 | Val post/prior Total=36.8014/35.4347, Recon post/prior=0.9198/0.9278, KL=1.5750, | CycSim post total/iv/gm=3.5087/2.7491/0.7596, | CycSim prior total/iv/gm=3.4464/2.7014/0.7450, | CycMeas total/iv/gm=1.0721/0.8327/0.2394, | PriorBnd post/prior=5.27e-04/5.91e-04 | Best 0.4094 | Patience 18/80
 >> Epoch 050 | Train Total=6.2583 | Val post/prior Total=35.2827/34.8202, Recon post/prior=0.9228/0.9334, KL=1.2763, | CycSim post total/iv/gm=3.3715/2.6499/0.7215, | CycSim prior total/iv/gm=3.3846/2.6600/0.7246, | CycMeas total/iv/gm=1.0030/0.7666/0.2364, | PriorBnd post/prior=8.75e-04/1.06e-03 | Best 0.4094 | Patience 19/80
 >> Epoch 051 | Train Total=5.9895 | Val post/prior Total=36.2860/35.9993, Recon post/prior=0.9263/0.9390, KL=1.2637, | CycSim post total/iv/gm=3.4720/2.7310/0.7410, | CycSim prior total/iv/gm=3.5028/2.7554/0.7474, | CycMeas total/iv/gm=0.7191/0.5486/0.1705, | PriorBnd post/prior=7.03e-04/1.04e-03 | Best 0.4094 | Patience 20/80
 >> Epoch 052 | Train Total=6.1267 | Val post/prior Total=32.9506/32.3655, Recon post/prior=0.9583/0.9712, KL=1.4798, | CycSim post total/iv/gm=3.1244/2.4544/0.6700, | CycSim prior total/iv/gm=3.1365/2.4640/0.6725, | CycMeas total/iv/gm=0.5756/0.4269/0.1486, | PriorBnd post/prior=1.90e-03/2.34e-03 | Best 0.4094 | Patience 21/80
 >> Epoch 053 | Train Total=5.6027 | Val post/prior Total=29.4754/28.6273, Recon post/prior=0.9819/0.9960, KL=1.5738, | CycSim post total/iv/gm=2.7697/2.1798/0.5899, | CycSim prior total/iv/gm=2.7589/2.1716/0.5873, | CycMeas total/iv/gm=0.9163/0.6989/0.2174, | PriorBnd post/prior=3.74e-03/4.05e-03 | Best 0.4094 | Patience 22/80
 >> Epoch 054 | Train Total=5.8360 | Val post/prior Total=33.7007/32.6922, Recon post/prior=0.9967/1.0126, KL=1.5657, | CycSim post total/iv/gm=3.1911/2.5267/0.6644, | CycSim prior total/iv/gm=3.1637/2.5072/0.6565, | CycMeas total/iv/gm=0.8848/0.6860/0.1988, | PriorBnd post/prior=3.28e-03/3.66e-03 | Best 0.4094 | Patience 23/80
 >> Epoch 055 | Train Total=6.3414 | Val post/prior Total=32.9370/31.9700, Recon post/prior=0.9733/0.9891, KL=1.7704, | CycSim post total/iv/gm=3.1069/2.4454/0.6615, | CycSim prior total/iv/gm=3.0942/2.4358/0.6583, | CycMeas total/iv/gm=0.7996/0.6153/0.1842, | PriorBnd post/prior=2.71e-03/3.25e-03 | Best 0.4094 | Patience 24/80
 >> Epoch 056 | Train Total=5.8901 | Val post/prior Total=41.9131/41.2361, Recon post/prior=0.9284/0.9428, KL=1.9036, | CycSim post total/iv/gm=4.0025/3.1581/0.8444, | CycSim prior total/iv/gm=4.0258/3.1768/0.8490, | CycMeas total/iv/gm=0.7213/0.5461/0.1752, | PriorBnd post/prior=7.90e-04/1.25e-03 | Best 0.4094 | Patience 25/80
 >> Epoch 057 | Train Total=5.8643 | Val post/prior Total=29.6730/28.1192, Recon post/prior=0.9871/1.0072, KL=2.2288, | CycSim post total/iv/gm=2.7562/2.1533/0.6029, | CycSim prior total/iv/gm=2.7079/2.1145/0.5933, | CycMeas total/iv/gm=0.6020/0.4406/0.1614, | PriorBnd post/prior=3.43e-03/4.14e-03 | Best 0.4094 | Patience 26/80
 >> Epoch 058 | Train Total=5.8924 | Val post/prior Total=32.1434/31.4160, Recon post/prior=0.9710/0.9925, KL=1.6503, | CycSim post total/iv/gm=3.0338/2.3936/0.6403, | CycSim prior total/iv/gm=3.0386/2.3971/0.6415, | CycMeas total/iv/gm=0.7092/0.5388/0.1705, | PriorBnd post/prior=2.04e-03/2.72e-03 | Best 0.4094 | Patience 27/80
 >> Epoch 059 | Train Total=5.4967 | Val post/prior Total=29.3548/28.4491, Recon post/prior=0.9476/0.9715, KL=1.6314, | CycSim post total/iv/gm=2.7583/2.1704/0.5879, | CycSim prior total/iv/gm=2.7442/2.1583/0.5860, | CycMeas total/iv/gm=0.6647/0.5005/0.1642, | PriorBnd post/prior=1.21e-03/2.05e-03 | Best 0.4094 | Patience 28/80
 >> Epoch 060 | Train Total=5.5459 | Val post/prior Total=35.1723/34.1734, Recon post/prior=1.0152/1.0401, KL=1.8449, | CycSim post total/iv/gm=3.3223/2.6179/0.7044, | CycSim prior total/iv/gm=3.3080/2.6057/0.7022, | CycMeas total/iv/gm=1.0380/0.8115/0.2265, | PriorBnd post/prior=7.65e-03/9.12e-03 | Best 0.4094 | Patience 29/80
 >> Epoch 061 | Train Total=5.5870 | Val post/prior Total=35.4211/34.4854, Recon post/prior=0.9901/1.0205, KL=1.7585, | CycSim post total/iv/gm=3.3542/2.6374/0.7167, | CycSim prior total/iv/gm=3.3420/2.6263/0.7157, | CycMeas total/iv/gm=0.8181/0.6249/0.1932, | PriorBnd post/prior=7.15e-03/9.46e-03 | Best 0.4094 | Patience 30/80
 >> Epoch 062 | Train Total=5.6578 | Val post/prior Total=40.0480/39.3983, Recon post/prior=0.9732/0.9964, KL=1.5633, | CycSim post total/iv/gm=3.8284/2.9978/0.8306, | CycSim prior total/iv/gm=3.8363/3.0019/0.8344, | CycMeas total/iv/gm=0.6963/0.5296/0.1666, | PriorBnd post/prior=4.36e-03/5.76e-03 | Best 0.4094 | Patience 31/80
 >> Epoch 063 | Train Total=5.5901 | Val post/prior Total=32.6864/31.7184, Recon post/prior=1.0251/1.0542, KL=1.9529, | CycSim post total/iv/gm=3.0673/2.4146/0.6527, | CycSim prior total/iv/gm=3.0627/2.4105/0.6522, | CycMeas total/iv/gm=0.5791/0.4317/0.1474, | PriorBnd post/prior=7.56e-03/9.67e-03 | Best 0.4094 | Patience 32/80
 >> Epoch 064 | Train Total=5.7034 | Val post/prior Total=28.0812/27.9578, Recon post/prior=0.9413/0.9659, KL=1.4891, | CycSim post total/iv/gm=2.6387/2.0829/0.5558, | CycSim prior total/iv/gm=2.6946/2.1251/0.5695, | CycMeas total/iv/gm=0.8542/0.6580/0.1962, | PriorBnd post/prior=1.96e-03/2.87e-03 | Best 0.4094 | Patience 33/80
 >> Epoch 065 | Train Total=5.7980 | Val post/prior Total=37.5019/37.0246, Recon post/prior=1.0047/1.0343, KL=1.9106, | CycSim post total/iv/gm=3.5531/2.7993/0.7538, | CycSim prior total/iv/gm=3.5943/2.8296/0.7647, | CycMeas total/iv/gm=0.8104/0.6193/0.1911, | PriorBnd post/prior=7.41e-03/9.45e-03 | Best 0.4094 | Patience 34/80
 >> Epoch 066 | Train Total=5.8774 | Val post/prior Total=33.4426/32.7519, Recon post/prior=1.0380/1.0684, KL=1.6223, | CycSim post total/iv/gm=3.1582/2.4825/0.6757, | CycSim prior total/iv/gm=3.1648/2.4863/0.6785, | CycMeas total/iv/gm=0.5150/0.3782/0.1368, | PriorBnd post/prior=8.05e-03/1.04e-02 | Best 0.4094 | Patience 35/80
 >> Epoch 067 | Train Total=5.6948 | Val post/prior Total=32.2604/31.7995, Recon post/prior=0.9797/1.0100, KL=1.8074, | CycSim post total/iv/gm=3.0367/2.4002/0.6365, | CycSim prior total/iv/gm=3.0736/2.4282/0.6455, | CycMeas total/iv/gm=0.9426/0.7323/0.2103, | PriorBnd post/prior=4.28e-03/5.71e-03 | Best 0.4094 | Patience 36/80
 >> Epoch 068 | Train Total=5.3595 | Val post/prior Total=31.3242/30.7128, Recon post/prior=0.9909/1.0230, KL=1.8350, | CycSim post total/iv/gm=2.9405/2.3143/0.6262, | CycSim prior total/iv/gm=2.9643/2.3317/0.6326, | CycMeas total/iv/gm=0.7757/0.5936/0.1821, | PriorBnd post/prior=5.92e-03/7.72e-03 | Best 0.4094 | Patience 37/80
 >> Epoch 069 | Train Total=5.5071 | Val post/prior Total=31.2157/30.7934, Recon post/prior=0.9686/1.0020, KL=1.7519, | CycSim post total/iv/gm=2.9362/2.3216/0.6145, | CycSim prior total/iv/gm=2.9745/2.3510/0.6235, | CycMeas total/iv/gm=0.7712/0.5910/0.1803, | PriorBnd post/prior=4.37e-03/6.42e-03 | Best 0.4094 | Patience 38/80
 >> Epoch 070 | Train Total=5.7140 | Val post/prior Total=33.6560/33.5553, Recon post/prior=1.0167/1.0540, KL=1.9750, | CycSim post total/iv/gm=3.1641/2.4852/0.6789, | CycSim prior total/iv/gm=3.2448/2.5476/0.6973, | CycMeas total/iv/gm=0.8588/0.6615/0.1973, | PriorBnd post/prior=8.25e-03/1.10e-02 | Best 0.4094 | Patience 39/80
 >> Epoch 071 | Train Total=5.6647 | Val post/prior Total=27.9688/27.4384, Recon post/prior=0.9416/0.9735, KL=1.7826, | CycSim post total/iv/gm=2.6127/2.0613/0.5514, | CycSim prior total/iv/gm=2.6430/2.0841/0.5589, | CycMeas total/iv/gm=0.5393/0.4085/0.1308, | PriorBnd post/prior=1.74e-03/3.15e-03 | Best 0.4094 | Patience 40/80
 >> Epoch 072 | Train Total=5.5910 | Val post/prior Total=32.0937/31.4118, Recon post/prior=0.9813/1.0214, KL=1.9101, | CycSim post total/iv/gm=3.0148/2.3754/0.6393, | CycSim prior total/iv/gm=3.0341/2.3893/0.6448, | CycMeas total/iv/gm=0.7994/0.6160/0.1834, | PriorBnd post/prior=4.63e-03/7.14e-03 | Best 0.4094 | Patience 41/80
 >> Epoch 073 | Train Total=5.4880 | Val post/prior Total=32.2901/32.3996, Recon post/prior=0.9693/1.0029, KL=1.3167, | CycSim post total/iv/gm=3.0653/2.4182/0.6471, | CycSim prior total/iv/gm=3.1343/2.4718/0.6626, | CycMeas total/iv/gm=0.8812/0.6866/0.1946, | PriorBnd post/prior=5.25e-03/7.91e-03 | Best 0.4094 | Patience 42/80
 >> Epoch 074 | Train Total=5.4915 | Val post/prior Total=33.9993/33.7841, Recon post/prior=1.0222/1.0650, KL=1.7614, | CycSim post total/iv/gm=3.2085/2.5384/0.6700, | CycSim prior total/iv/gm=3.2667/2.5822/0.6846, | CycMeas total/iv/gm=0.7814/0.5973/0.1842, | PriorBnd post/prior=1.00e-02/1.41e-02 | Best 0.4094 | Patience 43/80
 >> Epoch 075 | Train Total=5.5255 | Val post/prior Total=26.0055/25.9663, Recon post/prior=0.9405/0.9754, KL=1.5371, | CycSim post total/iv/gm=2.4288/1.9216/0.5072, | CycSim prior total/iv/gm=2.4944/1.9708/0.5236, | CycMeas total/iv/gm=0.7427/0.5720/0.1707, | PriorBnd post/prior=3.61e-03/5.97e-03 | Best 0.4094 | Patience 44/80
 >> Epoch 076 | Train Total=5.4994 | Val post/prior Total=25.6545/25.0797, Recon post/prior=0.9968/1.0387, KL=1.4104, | CycSim post total/iv/gm=2.3942/1.9040/0.4902, | CycSim prior total/iv/gm=2.3992/1.9058/0.4934, | CycMeas total/iv/gm=0.7237/0.5531/0.1706, | PriorBnd post/prior=5.35e-03/7.84e-03 | Best 0.4094 | Patience 45/80
 >> Epoch 077 | Train Total=5.4539 | Val post/prior Total=26.5082/26.1190, Recon post/prior=0.9739/1.0170, KL=0.9660, | CycSim post total/iv/gm=2.5042/1.9838/0.5204, | CycSim prior total/iv/gm=2.5037/1.9800/0.5238, | CycMeas total/iv/gm=1.0366/0.8046/0.2320, | PriorBnd post/prior=4.81e-03/8.09e-03 | Best 0.4094 | Patience 46/80
 >> Epoch 078 | Train Total=5.4582 | Val post/prior Total=25.2944/24.6533, Recon post/prior=1.0189/1.0586, KL=1.5700, | CycSim post total/iv/gm=2.3479/1.8572/0.4907, | CycSim prior total/iv/gm=2.3547/1.8596/0.4951, | CycMeas total/iv/gm=0.6577/0.4995/0.1582, | PriorBnd post/prior=1.12e-02/1.48e-02 | Best 0.4094 | Patience 47/80
 >> Epoch 079 | Train Total=5.4341 | Val post/prior Total=34.3622/33.6415, Recon post/prior=1.0170/1.0560, KL=1.8950, | CycSim post total/iv/gm=3.2387/2.5436/0.6950, | CycSim prior total/iv/gm=3.2529/2.5521/0.7008, | CycMeas total/iv/gm=0.8421/0.6510/0.1911, | PriorBnd post/prior=9.40e-03/1.24e-02 | Best 0.4094 | Patience 48/80
 >> Epoch 080 | Train Total=5.4688 | Val post/prior Total=35.4653/35.4766, Recon post/prior=0.9869/1.0243, KL=1.2375, | CycSim post total/iv/gm=3.3850/2.6642/0.7207, | CycSim prior total/iv/gm=3.4396/2.7042/0.7354, | CycMeas total/iv/gm=0.8370/0.6514/0.1857, | PriorBnd post/prior=6.77e-03/9.52e-03 | Best 0.4094 | Patience 49/80
 >> Epoch 081 | Train Total=5.5141 | Val post/prior Total=33.1048/32.5985, Recon post/prior=1.0562/1.0997, KL=1.3661, | CycSim post total/iv/gm=3.1352/2.4791/0.6561, | CycSim prior total/iv/gm=3.1442/2.4838/0.6604, | CycMeas total/iv/gm=0.7726/0.5950/0.1777, | PriorBnd post/prior=1.38e-02/1.78e-02 | Best 0.4094 | Patience 50/80
 >> Epoch 082 | Train Total=5.3429 | Val post/prior Total=32.2136/32.3304, Recon post/prior=0.9695/1.0045, KL=1.0928, | CycSim post total/iv/gm=3.0688/2.4199/0.6490, | CycSim prior total/iv/gm=3.1285/2.4651/0.6634, | CycMeas total/iv/gm=0.5536/0.4190/0.1347, | PriorBnd post/prior=4.64e-03/6.92e-03 | Best 0.4094 | Patience 51/80
 >> Epoch 083 | Train Total=5.3448 | Val post/prior Total=27.1991/27.3070, Recon post/prior=0.9373/0.9698, KL=0.9739, | CycSim post total/iv/gm=2.5767/2.0388/0.5379, | CycSim prior total/iv/gm=2.6283/2.0785/0.5499, | CycMeas total/iv/gm=0.8016/0.6172/0.1844, | PriorBnd post/prior=3.10e-03/4.84e-03 | Best 0.4094 | Patience 52/80
 >> Epoch 084 | Train Total=5.4539 | Val post/prior Total=34.4373/34.3885, Recon post/prior=0.9870/1.0217, KL=1.0673, | CycSim post total/iv/gm=3.2906/2.6058/0.6848, | CycSim prior total/iv/gm=3.3287/2.6341/0.6946, | CycMeas total/iv/gm=1.2221/0.9628/0.2593, | PriorBnd post/prior=7.98e-03/1.07e-02 | Best 0.4094 | Patience 53/80
 >> Epoch 085 | Train Total=5.4259 | Val post/prior Total=30.1337/30.0536, Recon post/prior=1.0067/1.0486, KL=0.7451, | CycSim post total/iv/gm=2.8744/2.2786/0.5958, | CycSim prior total/iv/gm=2.8956/2.2970/0.5986, | CycMeas total/iv/gm=0.6323/0.4850/0.1474, | PriorBnd post/prior=1.02e-02/1.35e-02 | Best 0.4094 | Patience 54/80
 >> Epoch 086 | Train Total=5.4069 | Val post/prior Total=36.8124/37.4072, Recon post/prior=0.9895/1.0259, KL=0.8951, | CycSim post total/iv/gm=3.5365/2.7740/0.7626, | CycSim prior total/iv/gm=3.6326/2.8475/0.7851, | CycMeas total/iv/gm=0.7691/0.5914/0.1776, | PriorBnd post/prior=7.49e-03/1.04e-02 | Best 0.4094 | Patience 55/80
 >> Epoch 087 | Train Total=5.3588 | Val post/prior Total=25.5551/25.4560, Recon post/prior=0.9754/1.0129, KL=1.0352, | CycSim post total/iv/gm=2.4052/1.8992/0.5060, | CycSim prior total/iv/gm=2.4395/1.9262/0.5132, | CycMeas total/iv/gm=0.6430/0.4976/0.1455, | PriorBnd post/prior=5.65e-03/7.65e-03 | Best 0.4094 | Patience 56/80
 >> Epoch 088 | Train Total=5.4649 | Val post/prior Total=29.0271/28.6134, Recon post/prior=1.0172/1.0554, KL=0.8394, | CycSim post total/iv/gm=2.7579/2.1830/0.5749, | CycSim prior total/iv/gm=2.7498/2.1766/0.5732, | CycMeas total/iv/gm=0.8044/0.6273/0.1771, | PriorBnd post/prior=9.05e-03/1.19e-02 | Best 0.4094 | Patience 57/80
 >> Epoch 089 | Train Total=5.2595 | Val post/prior Total=29.2574/28.8992, Recon post/prior=0.9713/1.0049, KL=0.8346, | CycSim post total/iv/gm=2.7859/2.1998/0.5861, | CycSim prior total/iv/gm=2.7823/2.1971/0.5851, | CycMeas total/iv/gm=1.0181/0.7968/0.2213, | PriorBnd post/prior=6.08e-03/8.41e-03 | Best 0.4094 | Patience 58/80
 >> Epoch 090 | Train Total=5.2434 | Val post/prior Total=25.9312/25.5518, Recon post/prior=0.9740/1.0021, KL=1.0730, | CycSim post total/iv/gm=2.4411/1.9422/0.4988, | CycSim prior total/iv/gm=2.4491/1.9482/0.5008, | CycMeas total/iv/gm=0.7949/0.6269/0.1680, | PriorBnd post/prior=9.28e-03/1.18e-02 | Best 0.4094 | Patience 59/80
 >> Epoch 091 | Train Total=5.2177 | Val post/prior Total=25.9864/25.7421, Recon post/prior=0.9409/0.9685, KL=0.9154, | CycSim post total/iv/gm=2.4579/1.9372/0.5207, | CycSim prior total/iv/gm=2.4714/1.9482/0.5232, | CycMeas total/iv/gm=0.8202/0.6504/0.1698, | PriorBnd post/prior=2.44e-03/3.58e-03 | Best 0.4094 | Patience 60/80
 >> Epoch 092 | Train Total=5.2747 | Val post/prior Total=30.3796/29.7917, Recon post/prior=0.9912/1.0203, KL=0.7585, | CycSim post total/iv/gm=2.8999/2.2896/0.6102, | CycSim prior total/iv/gm=2.8712/2.2671/0.6041, | CycMeas total/iv/gm=0.7858/0.6124/0.1734, | PriorBnd post/prior=1.01e-02/1.21e-02 | Best 0.4094 | Patience 61/80
 >> Epoch 093 | Train Total=5.2021 | Val post/prior Total=25.7747/25.1883, Recon post/prior=0.9622/0.9898, KL=0.7820, | CycSim post total/iv/gm=2.4412/1.9254/0.5158, | CycSim prior total/iv/gm=2.4138/1.9035/0.5102, | CycMeas total/iv/gm=0.8107/0.6360/0.1747, | PriorBnd post/prior=8.10e-03/9.18e-03 | Best 0.4094 | Patience 62/80
 >> Epoch 094 | Train Total=5.4250 | Val post/prior Total=26.5670/25.6154, Recon post/prior=0.9579/0.9836, KL=1.2629, | CycSim post total/iv/gm=2.4969/1.9613/0.5355, | CycSim prior total/iv/gm=2.4571/1.9303/0.5268, | CycMeas total/iv/gm=0.8138/0.6390/0.1748, | PriorBnd post/prior=5.18e-03/6.37e-03 | Best 0.4094 | Patience 63/80
 >> Epoch 095 | Train Total=5.3104 | Val post/prior Total=28.9460/27.5640, Recon post/prior=1.0400/1.0710, KL=1.1890, | CycSim post total/iv/gm=2.7299/2.1394/0.5905, | CycSim prior total/iv/gm=2.6433/2.0721/0.5711, | CycMeas total/iv/gm=0.7403/0.5817/0.1586, | PriorBnd post/prior=1.24e-02/1.49e-02 | Best 0.4094 | Patience 64/80
 >> Epoch 096 | Train Total=5.2371 | Val post/prior Total=30.8724/29.5698, Recon post/prior=1.0220/1.0512, KL=0.8989, | CycSim post total/iv/gm=2.9389/2.3149/0.6240, | CycSim prior total/iv/gm=2.8462/2.2418/0.6044, | CycMeas total/iv/gm=0.6837/0.5316/0.1521, | PriorBnd post/prior=1.10e-02/1.31e-02 | Best 0.4094 | Patience 65/80
 >> Epoch 097 | Train Total=5.1496 | Val post/prior Total=26.9766/26.3501, Recon post/prior=1.0215/1.0461, KL=0.8831, | CycSim post total/iv/gm=2.5502/2.0132/0.5370, | CycSim prior total/iv/gm=2.5256/1.9944/0.5312, | CycMeas total/iv/gm=0.5422/0.4181/0.1241, | PriorBnd post/prior=1.47e-02/1.65e-02 | Best 0.4094 | Patience 66/80
 >> Epoch 098 | Train Total=5.2172 | Val post/prior Total=33.1332/32.0096, Recon post/prior=1.0118/1.0446, KL=0.5751, | CycSim post total/iv/gm=3.1823/2.4906/0.6917, | CycSim prior total/iv/gm=3.0920/2.4203/0.6717, | CycMeas total/iv/gm=0.5053/0.3871/0.1182, | PriorBnd post/prior=9.75e-03/1.26e-02 | Best 0.4094 | Patience 67/80
 >> Epoch 099 | Train Total=5.2635 | Val post/prior Total=28.8729/27.5588, Recon post/prior=0.9881/1.0169, KL=0.8598, | CycSim post total/iv/gm=2.7445/2.1569/0.5875, | CycSim prior total/iv/gm=2.6485/2.0823/0.5662, | CycMeas total/iv/gm=0.6936/0.5403/0.1533, | PriorBnd post/prior=8.04e-03/1.04e-02 | Best 0.4094 | Patience 68/80
 >> Epoch 100 | Train Total=5.1918 | Val post/prior Total=29.6091/28.8274, Recon post/prior=0.9604/0.9895, KL=1.0330, | CycSim post total/iv/gm=2.8123/2.2030/0.6093, | CycSim prior total/iv/gm=2.7797/2.1763/0.6034, | CycMeas total/iv/gm=0.4640/0.3584/0.1056, | PriorBnd post/prior=7.22e-03/7.62e-03 | Best 0.4094 | Patience 69/80
 >> Epoch 101 | Train Total=5.2360 | Val post/prior Total=23.6603/22.7727, Recon post/prior=0.9195/0.9394, KL=0.8579, | CycSim post total/iv/gm=2.2304/1.7594/0.4710, | CycSim prior total/iv/gm=2.1781/1.7170/0.4611, | CycMeas total/iv/gm=0.6499/0.5000/0.1498, | PriorBnd post/prior=3.00e-03/3.31e-03 | Best 0.4094 | Patience 70/80
 >> Epoch 102 | Train Total=5.1635 | Val post/prior Total=27.0730/26.3877, Recon post/prior=0.9559/0.9856, KL=0.6037, | CycSim post total/iv/gm=2.5806/2.0322/0.5484, | CycSim prior total/iv/gm=2.5344/1.9937/0.5407, | CycMeas total/iv/gm=0.7016/0.5444/0.1572, | PriorBnd post/prior=4.71e-03/6.02e-03 | Best 0.4094 | Patience 71/80
 >> Epoch 103 | Train Total=5.2455 | Val post/prior Total=26.8186/26.3649, Recon post/prior=0.9817/1.0177, KL=0.9701, | CycSim post total/iv/gm=2.5342/2.0028/0.5314, | CycSim prior total/iv/gm=2.5294/1.9987/0.5307, | CycMeas total/iv/gm=0.6109/0.4717/0.1392, | PriorBnd post/prior=5.51e-03/8.06e-03 | Best 0.4094 | Patience 72/80
 >> Epoch 104 | Train Total=5.1380 | Val post/prior Total=25.8839/25.7149, Recon post/prior=0.9081/0.9338, KL=0.6524, | CycSim post total/iv/gm=2.4642/1.9404/0.5239, | CycSim prior total/iv/gm=2.4716/1.9451/0.5265, | CycMeas total/iv/gm=0.8209/0.6485/0.1724, | PriorBnd post/prior=1.69e-03/2.68e-03 | Best 0.4094 | Patience 73/80
 >> Epoch 105 | Train Total=5.2734 | Val post/prior Total=25.3439/24.5648, Recon post/prior=0.9800/1.0102, KL=0.6952, | CycSim post total/iv/gm=2.4006/1.8882/0.5125, | CycSim prior total/iv/gm=2.3505/1.8487/0.5018, | CycMeas total/iv/gm=0.5466/0.4244/0.1222, | PriorBnd post/prior=5.87e-03/6.76e-03 | Best 0.4094 | Patience 74/80
 >> Epoch 106 | Train Total=5.1902 | Val post/prior Total=24.9971/24.3437, Recon post/prior=0.9474/0.9661, KL=0.8002, | CycSim post total/iv/gm=2.3640/1.8653/0.4987, | CycSim prior total/iv/gm=2.3314/1.8395/0.4919, | CycMeas total/iv/gm=0.7646/0.5933/0.1713, | PriorBnd post/prior=5.75e-03/5.91e-03 | Best 0.4094 | Patience 75/80
 >> Epoch 107 | Train Total=5.2475 | Val post/prior Total=24.0429/23.1701, Recon post/prior=0.9790/1.0052, KL=0.6336, | CycSim post total/iv/gm=2.2737/1.7988/0.4749, | CycSim prior total/iv/gm=2.2104/1.7508/0.4597, | CycMeas total/iv/gm=0.6935/0.5339/0.1596, | PriorBnd post/prior=7.49e-03/8.74e-03 | Best 0.4094 | Patience 76/80
 >> Epoch 108 | Train Total=5.0490 | Val post/prior Total=25.3941/24.8715, Recon post/prior=0.9446/0.9628, KL=0.7274, | CycSim post total/iv/gm=2.4077/1.9024/0.5053, | CycSim prior total/iv/gm=2.3847/1.8841/0.5006, | CycMeas total/iv/gm=0.7270/0.5688/0.1582, | PriorBnd post/prior=3.52e-03/3.81e-03 | Best 0.4094 | Patience 77/80
 >> Epoch 109 | Train Total=5.0373 | Val post/prior Total=24.6551/23.8534, Recon post/prior=0.9839/1.0077, KL=0.8553, | CycSim post total/iv/gm=2.3233/1.8538/0.4695, | CycSim prior total/iv/gm=2.2786/1.8196/0.4590, | CycMeas total/iv/gm=0.6680/0.5134/0.1546, | PriorBnd post/prior=6.79e-03/8.72e-03 | Best 0.4094 | Patience 78/80
 >> Epoch 110 | Train Total=5.1484 | Val post/prior Total=24.5009/23.2887, Recon post/prior=0.9852/1.0133, KL=0.7417, | CycSim post total/iv/gm=2.3134/1.8337/0.4797, | CycSim prior total/iv/gm=2.2199/1.7604/0.4595, | CycMeas total/iv/gm=0.8807/0.6872/0.1935, | PriorBnd post/prior=6.55e-03/8.32e-03 | Best 0.4094 | Patience 79/80
 >> Epoch 111 | Train Total=5.1857 | Val post/prior Total=25.9232/25.0345, Recon post/prior=0.9638/0.9864, KL=1.0281, | CycSim post total/iv/gm=2.4436/1.9394/0.5042, | CycSim prior total/iv/gm=2.3991/1.9052/0.4939, | CycMeas total/iv/gm=0.6320/0.4916/0.1404, | PriorBnd post/prior=4.91e-03/6.43e-03 | Best 0.4094 | Patience 80/80
[EarlyStop] at epoch 111
[Diag] Start to calcaulte diag in test preocess... 
[Diag] wrote 373 rows to temp_Unidi_cvae_14param_2channel\cvae_20251128-125733\diag_test.csv
[Diag] proxy_floor_ps  P50=0.0116  P90=0.0402  P95=0.0526  P99=0.0856
[Test] prior total=29.722602 | prior recon=0.931817 | kl=1.896415 | prior cyc_sim=2.874190 | cyc_meas=0.409374 | prior_l2=0.793149 | prior_bnd=0.001958 | 
