[log] tee initialized at 2025-12-01 13:05:38 -> temp_Unidi_cvae_14param_2channel\cvae_20251201-130538\train.log
[Data] Warning: Single measurement sample detected. Duplicating to N=2 for BatchNorm compatibility.
[Info] Loading dual proxies from temp_Unidi_cvae_14param_2channel/proxy_dual_bigger
[L_trust] using 20000 ref rows from temp_Unidi_cvae_14param_2channel/proxy_dual_bigger\proxy_Ytr_norm.npy
D:\Miniconda\envs\DL\Lib\site-packages\torch\optim\lr_scheduler.py:182: UserWarning: Detected call of `lr_scheduler.step()` before `optimizer.step()`. In PyTorch 1.1.0 and later, you should call them in the opposite order: `optimizer.step()` before `lr_scheduler.step()`.  Failure to do this will result in PyTorch skipping the first value of the learning rate schedule. See more details at https://pytorch.org/docs/stable/optim.html#how-to-adjust-learning-rate
  warnings.warn(
 >> Epoch 001 | Train Total=62.8350 | Val post/prior Total=22.2741/15.6495, Recon post/prior=0.8881/0.8633, KL=6.2110, | CycSim post total/iv/gm=1.8279/0.7774/1.0505, | CycSim prior total/iv/gm=1.4783/0.6220/0.8564, | CycMeas total/iv/gm=2.6178/1.0704/1.5475, | PriorBnd post/prior=1.74e-05/0.00e+00 | Best inf | Patience 1/100
[Update] best val_cyc_meas improved to 2.617831 @ epoch 1
 >> Epoch 002 | Train Total=61.8561 | Val post/prior Total=21.6252/14.5566, Recon post/prior=0.8839/0.8659, KL=6.1765, | CycSim post total/iv/gm=1.7651/0.7504/1.0147, | CycSim prior total/iv/gm=1.3685/0.5744/0.7942, | CycMeas total/iv/gm=3.1672/1.2995/1.8677, | PriorBnd post/prior=7.65e-06/0.00e+00 | Best 2.6178 | Patience 1/100
 >> Epoch 003 | Train Total=61.9509 | Val post/prior Total=22.4626/16.9638, Recon post/prior=0.8776/0.8587, KL=6.3003, | CycSim post total/iv/gm=1.8433/0.7901/1.0532, | CycSim prior total/iv/gm=1.6099/0.6822/0.9277, | CycMeas total/iv/gm=2.5893/1.0717/1.5177, | PriorBnd post/prior=1.34e-06/0.00e+00 | Best 2.6178 | Patience 2/100
[Update] best val_cyc_meas improved to 2.589322 @ epoch 3
 >> Epoch 004 | Train Total=60.1764 | Val post/prior Total=22.7139/18.7833, Recon post/prior=0.8876/0.8625, KL=6.5340, | CycSim post total/iv/gm=1.8558/0.8105/1.0453, | CycSim prior total/iv/gm=1.7912/0.7690/1.0222, | CycMeas total/iv/gm=3.0202/1.2639/1.7563, | PriorBnd post/prior=1.39e-06/0.00e+00 | Best 2.5893 | Patience 1/100
 >> Epoch 005 | Train Total=58.1250 | Val post/prior Total=20.2891/17.0950, Recon post/prior=0.8905/0.8655, KL=6.2712, | CycSim post total/iv/gm=1.6261/0.7137/0.9124, | CycSim prior total/iv/gm=1.6218/0.6996/0.9222, | CycMeas total/iv/gm=3.1922/1.3430/1.8492, | PriorBnd post/prior=2.70e-06/0.00e+00 | Best 2.5893 | Patience 2/100
 >> Epoch 006 | Train Total=56.3417 | Val post/prior Total=19.0833/16.9025, Recon post/prior=0.9008/0.8689, KL=5.5555, | CycSim post total/iv/gm=1.5403/0.6802/0.8601, | CycSim prior total/iv/gm=1.6021/0.6950/0.9071, | CycMeas total/iv/gm=2.8185/1.1803/1.6381, | PriorBnd post/prior=7.10e-06/0.00e+00 | Best 2.5893 | Patience 3/100
 >> Epoch 007 | Train Total=50.1537 | Val post/prior Total=16.6009/16.4957, Recon post/prior=0.9097/0.8734, KL=5.3018, | CycSim post total/iv/gm=1.3038/0.5751/0.7287, | CycSim prior total/iv/gm=1.5607/0.6773/0.8835, | CycMeas total/iv/gm=2.9557/1.2426/1.7130, | PriorBnd post/prior=8.21e-06/0.00e+00 | Best 2.5893 | Patience 4/100
 >> Epoch 008 | Train Total=44.9842 | Val post/prior Total=15.3312/14.5664, Recon post/prior=0.9132/0.8744, KL=4.9444, | CycSim post total/iv/gm=1.1943/0.5240/0.6704, | CycSim prior total/iv/gm=1.3677/0.5882/0.7795, | CycMeas total/iv/gm=2.4772/1.0586/1.4186, | PriorBnd post/prior=1.50e-05/0.00e+00 | Best 2.5893 | Patience 5/100
[Update] best val_cyc_meas improved to 2.477244 @ epoch 8
 >> Epoch 009 | Train Total=41.9084 | Val post/prior Total=13.8231/13.2790, Recon post/prior=0.9290/0.8847, KL=4.9311, | CycSim post total/iv/gm=1.0425/0.4595/0.5830, | CycSim prior total/iv/gm=1.2380/0.5402/0.6978, | CycMeas total/iv/gm=2.0931/0.8941/1.1990, | PriorBnd post/prior=7.11e-05/5.36e-07 | Best 2.4772 | Patience 1/100
[Update] best val_cyc_meas improved to 2.093089 @ epoch 9
 >> Epoch 010 | Train Total=40.8229 | Val post/prior Total=13.2435/11.6608, Recon post/prior=0.9270/0.8839, KL=5.0214, | CycSim post total/iv/gm=0.9803/0.4311/0.5492, | CycSim prior total/iv/gm=1.0763/0.4657/0.6106, | CycMeas total/iv/gm=1.8648/0.7861/1.0787, | PriorBnd post/prior=8.24e-05/1.96e-06 | Best 2.0931 | Patience 1/100
[Update] best val_cyc_meas improved to 1.864756 @ epoch 10
 >> Epoch 011 | Train Total=40.7374 | Val post/prior Total=13.8874/12.6420, Recon post/prior=0.9261/0.8870, KL=5.3350, | CycSim post total/iv/gm=1.0291/0.4532/0.5759, | CycSim prior total/iv/gm=1.1740/0.5113/0.6627, | CycMeas total/iv/gm=1.8319/0.7858/1.0461, | PriorBnd post/prior=3.91e-05/1.84e-08 | Best 1.8648 | Patience 1/100
[Update] best val_cyc_meas improved to 1.831866 @ epoch 11
 >> Epoch 012 | Train Total=41.0692 | Val post/prior Total=14.3176/12.6909, Recon post/prior=0.9165/0.8832, KL=6.1868, | CycSim post total/iv/gm=1.0305/0.4541/0.5764, | CycSim prior total/iv/gm=1.1793/0.5131/0.6663, | CycMeas total/iv/gm=1.6050/0.6860/0.9189, | PriorBnd post/prior=1.78e-05/4.00e-08 | Best 1.8319 | Patience 1/100
[Update] best val_cyc_meas improved to 1.604970 @ epoch 12
 >> Epoch 013 | Train Total=40.9706 | Val post/prior Total=14.5359/11.4477, Recon post/prior=0.9289/0.8910, KL=6.1593, | CycSim post total/iv/gm=1.0524/0.4635/0.5889, | CycSim prior total/iv/gm=1.0547/0.4569/0.5978, | CycMeas total/iv/gm=0.9634/0.4084/0.5550, | PriorBnd post/prior=3.29e-05/9.91e-10 | Best 1.6050 | Patience 1/100
[Update] best val_cyc_meas improved to 0.963394 @ epoch 13
 >> Epoch 014 | Train Total=40.9979 | Val post/prior Total=14.2575/10.3888, Recon post/prior=0.9142/0.8857, KL=6.2521, | CycSim post total/iv/gm=1.0215/0.4485/0.5729, | CycSim prior total/iv/gm=0.9487/0.4107/0.5380, | CycMeas total/iv/gm=1.5519/0.6483/0.9036, | PriorBnd post/prior=7.60e-06/1.03e-07 | Best 0.9634 | Patience 1/100
 >> Epoch 015 | Train Total=40.8563 | Val post/prior Total=15.4076/11.5026, Recon post/prior=0.9050/0.8811, KL=6.9708, | CycSim post total/iv/gm=1.1015/0.4821/0.6194, | CycSim prior total/iv/gm=1.0608/0.4578/0.6030, | CycMeas total/iv/gm=1.1598/0.4923/0.6675, | PriorBnd post/prior=1.45e-06/0.00e+00 | Best 0.9634 | Patience 2/100
 >> Epoch 016 | Train Total=40.7532 | Val post/prior Total=13.5126/9.1151, Recon post/prior=0.9056/0.8860, KL=6.4955, | CycSim post total/iv/gm=0.9357/0.4105/0.5252, | CycSim prior total/iv/gm=0.8214/0.3561/0.4653, | CycMeas total/iv/gm=1.2171/0.5005/0.7166, | PriorBnd post/prior=8.80e-07/0.00e+00 | Best 0.9634 | Patience 3/100
 >> Epoch 017 | Train Total=39.6410 | Val post/prior Total=12.5745/7.5063, Recon post/prior=0.9153/0.8918, KL=6.5151, | CycSim post total/iv/gm=0.8399/0.3699/0.4700, | CycSim prior total/iv/gm=0.6605/0.2883/0.3722, | CycMeas total/iv/gm=0.6813/0.2713/0.4101, | PriorBnd post/prior=3.31e-06/0.00e+00 | Best 0.9634 | Patience 4/100
[Update] best val_cyc_meas improved to 0.681349 @ epoch 17
 >> Epoch 018 | Train Total=39.5325 | Val post/prior Total=13.2748/7.5520, Recon post/prior=0.9154/0.8914, KL=7.6368, | CycSim post total/iv/gm=0.8538/0.3776/0.4762, | CycSim prior total/iv/gm=0.6649/0.2915/0.3734, | CycMeas total/iv/gm=0.7922/0.3263/0.4659, | PriorBnd post/prior=2.89e-06/0.00e+00 | Best 0.6813 | Patience 1/100
 >> Epoch 019 | Train Total=42.8237 | Val post/prior Total=14.4645/9.7996, Recon post/prior=0.9210/0.9005, KL=7.2748, | CycSim post total/iv/gm=0.9904/0.4390/0.5514, | CycSim prior total/iv/gm=0.8875/0.3933/0.4942, | CycMeas total/iv/gm=1.7240/0.7355/0.9885, | PriorBnd post/prior=6.14e-06/2.10e-07 | Best 0.6813 | Patience 2/100
 >> Epoch 020 | Train Total=41.8518 | Val post/prior Total=15.6684/12.3812, Recon post/prior=0.9140/0.8889, KL=7.1865, | CycSim post total/iv/gm=1.1159/0.4936/0.6223, | CycSim prior total/iv/gm=1.1479/0.5039/0.6440, | CycMeas total/iv/gm=0.8689/0.3620/0.5070, | PriorBnd post/prior=5.36e-07/0.00e+00 | Best 0.6813 | Patience 3/100
 >> Epoch 021 | Train Total=43.3878 | Val post/prior Total=15.0859/11.3746, Recon post/prior=0.9772/0.9320, KL=6.1606, | CycSim post total/iv/gm=1.1024/0.4871/0.6153, | CycSim prior total/iv/gm=1.0423/0.4571/0.5852, | CycMeas total/iv/gm=1.2246/0.5352/0.6894, | PriorBnd post/prior=1.15e-04/1.74e-07 | Best 0.6813 | Patience 4/100
 >> Epoch 022 | Train Total=43.8166 | Val post/prior Total=14.9120/10.7071, Recon post/prior=0.9999/0.9478, KL=6.0145, | CycSim post total/iv/gm=1.0899/0.4799/0.6101, | CycSim prior total/iv/gm=0.9739/0.4256/0.5484, | CycMeas total/iv/gm=1.1251/0.5095/0.6156, | PriorBnd post/prior=5.27e-04/8.19e-06 | Best 0.6813 | Patience 5/100
 >> Epoch 023 | Train Total=44.1971 | Val post/prior Total=14.8469/11.0827, Recon post/prior=1.0107/0.9448, KL=6.1357, | CycSim post total/iv/gm=1.0763/0.4717/0.6046, | CycSim prior total/iv/gm=1.0118/0.4403/0.5715, | CycMeas total/iv/gm=1.0855/0.5012/0.5843, | PriorBnd post/prior=9.83e-04/1.72e-05 | Best 0.6813 | Patience 6/100
 >> Epoch 024 | Train Total=43.1121 | Val post/prior Total=13.2826/9.3667, Recon post/prior=0.9108/0.8902, KL=6.2522, | CycSim post total/iv/gm=0.9243/0.4091/0.5152, | CycSim prior total/iv/gm=0.8447/0.3723/0.4724, | CycMeas total/iv/gm=1.7489/0.7351/1.0138, | PriorBnd post/prior=3.68e-06/7.16e-08 | Best 0.6813 | Patience 7/100
 >> Epoch 025 | Train Total=42.3183 | Val post/prior Total=13.0626/9.2637, Recon post/prior=0.9095/0.8882, KL=5.7673, | CycSim post total/iv/gm=0.9267/0.4114/0.5153, | CycSim prior total/iv/gm=0.8364/0.3710/0.4654, | CycMeas total/iv/gm=0.5954/0.2487/0.3467, | PriorBnd post/prior=7.95e-07/0.00e+00 | Best 0.6813 | Patience 8/100
[Update] best val_cyc_meas improved to 0.595350 @ epoch 25
 >> Epoch 026 | Train Total=43.3042 | Val post/prior Total=13.9408/9.8738, Recon post/prior=0.9063/0.8833, KL=5.5620, | CycSim post total/iv/gm=1.0252/0.4520/0.5732, | CycSim prior total/iv/gm=0.8983/0.3924/0.5059, | CycMeas total/iv/gm=0.3388/0.1400/0.1988, | PriorBnd post/prior=2.08e-06/0.00e+00 | Best 0.5954 | Patience 1/100
[Update] best val_cyc_meas improved to 0.338765 @ epoch 26
 >> Epoch 027 | Train Total=43.8564 | Val post/prior Total=15.8171/11.4561, Recon post/prior=1.0019/0.9445, KL=7.1930, | CycSim post total/iv/gm=1.1213/0.4946/0.6267, | CycSim prior total/iv/gm=1.0493/0.4610/0.5883, | CycMeas total/iv/gm=0.8510/0.3662/0.4848, | PriorBnd post/prior=3.10e-04/3.66e-06 | Best 0.3388 | Patience 1/100
 >> Epoch 028 | Train Total=44.9754 | Val post/prior Total=15.6761/9.9713, Recon post/prior=1.0175/0.9578, KL=8.3399, | CycSim post total/iv/gm=1.0482/0.4571/0.5912, | CycSim prior total/iv/gm=0.9005/0.3879/0.5125, | CycMeas total/iv/gm=0.2629/0.1098/0.1531, | PriorBnd post/prior=5.21e-04/3.70e-05 | Best 0.3388 | Patience 2/100
[Update] best val_cyc_meas improved to 0.262909 @ epoch 28
 >> Epoch 029 | Train Total=45.8098 | Val post/prior Total=12.3901/11.6045, Recon post/prior=1.0196/0.9397, KL=1.6888, | CycSim post total/iv/gm=1.0520/0.4618/0.5902, | CycSim prior total/iv/gm=1.0647/0.4641/0.6006, | CycMeas total/iv/gm=0.7620/0.3535/0.4086, | PriorBnd post/prior=8.92e-04/4.17e-05 | Best 0.2629 | Patience 1/100
 >> Epoch 030 | Train Total=40.8157 | Val post/prior Total=13.7341/12.8787, Recon post/prior=1.0377/0.9533, KL=4.0881, | CycSim post total/iv/gm=1.0645/0.4688/0.5958, | CycSim prior total/iv/gm=1.1912/0.5304/0.6608, | CycMeas total/iv/gm=0.4876/0.2314/0.2562, | PriorBnd post/prior=8.38e-04/1.43e-05 | Best 0.2629 | Patience 2/100
 >> Epoch 031 | Train Total=42.5171 | Val post/prior Total=13.1264/12.8051, Recon post/prior=0.9236/0.8981, KL=5.2367, | CycSim post total/iv/gm=0.9582/0.4242/0.5339, | CycSim prior total/iv/gm=1.1873/0.5240/0.6633, | CycMeas total/iv/gm=1.5480/0.6710/0.8770, | PriorBnd post/prior=7.25e-06/0.00e+00 | Best 0.2629 | Patience 3/100
 >> Epoch 032 | Train Total=41.4911 | Val post/prior Total=13.1639/10.6965, Recon post/prior=0.9156/0.8928, KL=4.3760, | CycSim post total/iv/gm=1.0058/0.4466/0.5592, | CycSim prior total/iv/gm=0.9784/0.4299/0.5485, | CycMeas total/iv/gm=0.8704/0.3673/0.5031, | PriorBnd post/prior=2.42e-06/0.00e+00 | Best 0.2629 | Patience 4/100
 >> Epoch 033 | Train Total=41.2831 | Val post/prior Total=12.9168/13.0420, Recon post/prior=0.9148/0.8973, KL=3.7320, | CycSim post total/iv/gm=1.0134/0.4478/0.5656, | CycSim prior total/iv/gm=1.2123/0.5340/0.6782, | CycMeas total/iv/gm=0.9225/0.3903/0.5323, | PriorBnd post/prior=1.10e-06/0.00e+00 | Best 0.2629 | Patience 5/100
 >> Epoch 034 | Train Total=41.1168 | Val post/prior Total=14.2088/12.0411, Recon post/prior=1.0770/0.9901, KL=4.0654, | CycSim post total/iv/gm=1.1091/0.4863/0.6227, | CycSim prior total/iv/gm=1.1035/0.4884/0.6151, | CycMeas total/iv/gm=0.4612/0.2205/0.2406, | PriorBnd post/prior=2.19e-03/1.19e-04 | Best 0.2629 | Patience 6/100
 >> Epoch 035 | Train Total=43.7284 | Val post/prior Total=14.5923/11.5206, Recon post/prior=1.0648/0.9952, KL=5.4337, | CycSim post total/iv/gm=1.0803/0.4754/0.6049, | CycSim prior total/iv/gm=1.0503/0.4651/0.5852, | CycMeas total/iv/gm=0.7041/0.3281/0.3760, | PriorBnd post/prior=1.62e-04/1.79e-07 | Best 0.2629 | Patience 7/100
 >> Epoch 036 | Train Total=44.0540 | Val post/prior Total=14.6841/12.9804, Recon post/prior=1.0652/0.9768, KL=4.5904, | CycSim post total/iv/gm=1.1316/0.5016/0.6300, | CycSim prior total/iv/gm=1.1991/0.5375/0.6615, | CycMeas total/iv/gm=0.3440/0.1710/0.1730, | PriorBnd post/prior=1.35e-04/0.00e+00 | Best 0.2629 | Patience 8/100
 >> Epoch 037 | Train Total=42.1603 | Val post/prior Total=12.2327/13.4051, Recon post/prior=1.0510/0.9484, KL=1.7352, | CycSim post total/iv/gm=1.0307/0.4522/0.5784, | CycSim prior total/iv/gm=1.2432/0.5460/0.6972, | CycMeas total/iv/gm=0.8644/0.4095/0.4549, | PriorBnd post/prior=1.01e-04/0.00e+00 | Best 0.2629 | Patience 9/100
 >> Epoch 038 | Train Total=26.2473 | Val post/prior Total=10.6341/9.1548, Recon post/prior=1.0197/0.9442, KL=2.2209, | CycSim post total/iv/gm=0.8497/0.3644/0.4853, | CycSim prior total/iv/gm=0.8202/0.3527/0.4675, | CycMeas total/iv/gm=0.1885/0.0844/0.1042, | PriorBnd post/prior=3.15e-04/0.00e+00 | Best 0.2629 | Patience 10/100
[Update] best val_cyc_meas improved to 0.188545 @ epoch 38
 >> Epoch 039 | Train Total=26.7328 | Val post/prior Total=10.8019/11.1112, Recon post/prior=0.9771/0.9196, KL=2.0425, | CycSim post total/iv/gm=0.8798/0.3802/0.4997, | CycSim prior total/iv/gm=1.0180/0.4435/0.5745, | CycMeas total/iv/gm=0.3466/0.1632/0.1834, | PriorBnd post/prior=1.57e-04/0.00e+00 | Best 0.1885 | Patience 1/100
 >> Epoch 040 | Train Total=28.9742 | Val post/prior Total=10.8650/11.0489, Recon post/prior=1.0007/0.9238, KL=1.4915, | CycSim post total/iv/gm=0.9113/0.3918/0.5195, | CycSim prior total/iv/gm=1.0111/0.4396/0.5715, | CycMeas total/iv/gm=0.4172/0.1964/0.2208, | PriorBnd post/prior=6.03e-04/3.67e-07 | Best 0.1885 | Patience 2/100
 >> Epoch 041 | Train Total=28.5769 | Val post/prior Total=9.6739/11.1238, Recon post/prior=0.9747/0.9163, KL=0.9679, | CycSim post total/iv/gm=0.8210/0.3530/0.4680, | CycSim prior total/iv/gm=1.0188/0.4440/0.5747, | CycMeas total/iv/gm=0.6243/0.2849/0.3395, | PriorBnd post/prior=2.53e-04/0.00e+00 | Best 0.1885 | Patience 3/100
 >> Epoch 042 | Train Total=28.0222 | Val post/prior Total=10.8717/12.2289, Recon post/prior=0.9921/0.9270, KL=1.0968, | CycSim post total/iv/gm=0.9326/0.4034/0.5292, | CycSim prior total/iv/gm=1.1282/0.5016/0.6266, | CycMeas total/iv/gm=0.5858/0.2421/0.3437, | PriorBnd post/prior=3.86e-04/0.00e+00 | Best 0.1885 | Patience 4/100
 >> Epoch 043 | Train Total=35.9099 | Val post/prior Total=13.8090/13.1232, Recon post/prior=1.0908/0.9919, KL=3.0089, | CycSim post total/iv/gm=1.1205/0.4928/0.6277, | CycSim prior total/iv/gm=1.2117/0.5364/0.6752, | CycMeas total/iv/gm=0.3185/0.1444/0.1740, | PriorBnd post/prior=2.37e-04/5.36e-08 | Best 0.1885 | Patience 5/100
 >> Epoch 044 | Train Total=39.3551 | Val post/prior Total=13.1384/13.5643, Recon post/prior=1.0463/0.9666, KL=2.9781, | CycSim post total/iv/gm=1.0596/0.4688/0.5908, | CycSim prior total/iv/gm=1.2574/0.5561/0.7013, | CycMeas total/iv/gm=0.6566/0.2965/0.3601, | PriorBnd post/prior=4.33e-05/0.00e+00 | Best 0.1885 | Patience 6/100
 >> Epoch 045 | Train Total=39.2369 | Val post/prior Total=11.0617/13.3603, Recon post/prior=1.1131/0.9659, KL=1.7304, | CycSim post total/iv/gm=0.9074/0.3954/0.5120, | CycSim prior total/iv/gm=1.2361/0.5474/0.6888, | CycMeas total/iv/gm=0.9460/0.4441/0.5019, | PriorBnd post/prior=1.35e-03/0.00e+00 | Best 0.1885 | Patience 7/100
 >> Epoch 046 | Train Total=30.9489 | Val post/prior Total=10.4190/12.5805, Recon post/prior=0.9815/0.9319, KL=0.8625, | CycSim post total/iv/gm=0.9001/0.3916/0.5085, | CycSim prior total/iv/gm=1.1623/0.5117/0.6505, | CycMeas total/iv/gm=0.7466/0.3330/0.4136, | PriorBnd post/prior=1.95e-04/0.00e+00 | Best 0.1885 | Patience 8/100
 >> Epoch 047 | Train Total=30.5371 | Val post/prior Total=10.4598/12.0449, Recon post/prior=1.0140/0.9543, KL=1.0939, | CycSim post total/iv/gm=0.8893/0.3890/0.5002, | CycSim prior total/iv/gm=1.1055/0.4918/0.6136, | CycMeas total/iv/gm=1.0220/0.4528/0.5691, | PriorBnd post/prior=2.00e-04/0.00e+00 | Best 0.1885 | Patience 9/100
 >> Epoch 048 | Train Total=31.3255 | Val post/prior Total=9.8819/11.2446, Recon post/prior=0.9567/0.9259, KL=0.6641, | CycSim post total/iv/gm=0.8589/0.3748/0.4841, | CycSim prior total/iv/gm=1.0278/0.4559/0.5719, | CycMeas total/iv/gm=1.1800/0.5240/0.6560, | PriorBnd post/prior=9.58e-05/0.00e+00 | Best 0.1885 | Patience 10/100
 >> Epoch 049 | Train Total=33.0162 | Val post/prior Total=13.6463/12.8521, Recon post/prior=0.9789/0.9096, KL=1.6913, | CycSim post total/iv/gm=1.1817/0.5075/0.6741, | CycSim prior total/iv/gm=1.1904/0.5260/0.6644, | CycMeas total/iv/gm=1.0924/0.4683/0.6241, | PriorBnd post/prior=2.26e-03/0.00e+00 | Best 0.1885 | Patience 11/100
 >> Epoch 050 | Train Total=33.8963 | Val post/prior Total=10.2777/13.7614, Recon post/prior=0.9521/0.9005, KL=1.0273, | CycSim post total/iv/gm=0.8808/0.3857/0.4951, | CycSim prior total/iv/gm=1.2819/0.5668/0.7151, | CycMeas total/iv/gm=1.1877/0.5371/0.6506, | PriorBnd post/prior=2.46e-04/0.00e+00 | Best 0.1885 | Patience 12/100
 >> Epoch 051 | Train Total=28.2623 | Val post/prior Total=10.8403/13.3461, Recon post/prior=0.9451/0.9033, KL=1.1419, | CycSim post total/iv/gm=0.9320/0.4070/0.5250, | CycSim prior total/iv/gm=1.2404/0.5468/0.6936, | CycMeas total/iv/gm=1.0705/0.4792/0.5913, | PriorBnd post/prior=2.87e-04/0.00e+00 | Best 0.1885 | Patience 13/100
 >> Epoch 052 | Train Total=29.6146 | Val post/prior Total=10.9771/13.4911, Recon post/prior=0.9503/0.9132, KL=1.0902, | CycSim post total/iv/gm=0.9478/0.4155/0.5322, | CycSim prior total/iv/gm=1.2540/0.5578/0.6962, | CycMeas total/iv/gm=1.0226/0.4666/0.5559, | PriorBnd post/prior=2.24e-04/0.00e+00 | Best 0.1885 | Patience 14/100
 >> Epoch 053 | Train Total=28.7798 | Val post/prior Total=11.0898/13.5853, Recon post/prior=0.9489/0.9137, KL=0.5579, | CycSim post total/iv/gm=0.9858/0.4310/0.5548, | CycSim prior total/iv/gm=1.2626/0.5588/0.7037, | CycMeas total/iv/gm=1.2262/0.5405/0.6857, | PriorBnd post/prior=2.11e-04/0.00e+00 | Best 0.1885 | Patience 15/100
 >> Epoch 054 | Train Total=29.9912 | Val post/prior Total=12.4401/13.2672, Recon post/prior=0.9536/0.9174, KL=1.0324, | CycSim post total/iv/gm=1.0966/0.4836/0.6130, | CycSim prior total/iv/gm=1.2306/0.5460/0.6845, | CycMeas total/iv/gm=1.1469/0.5067/0.6402, | PriorBnd post/prior=7.45e-05/0.00e+00 | Best 0.1885 | Patience 16/100
 >> Epoch 055 | Train Total=33.3365 | Val post/prior Total=11.1087/11.5865, Recon post/prior=0.9526/0.9134, KL=1.3082, | CycSim post total/iv/gm=0.9498/0.4176/0.5321, | CycSim prior total/iv/gm=1.0639/0.4698/0.5941, | CycMeas total/iv/gm=0.8461/0.3807/0.4655, | PriorBnd post/prior=7.84e-05/0.00e+00 | Best 0.1885 | Patience 17/100
 >> Epoch 056 | Train Total=19.1870 | Val post/prior Total=7.2186/8.9380, Recon post/prior=0.8584/0.8523, KL=0.7894, | CycSim post total/iv/gm=0.5963/0.2476/0.3487, | CycSim prior total/iv/gm=0.8079/0.3381/0.4698, | CycMeas total/iv/gm=0.1112/0.0594/0.0518, | PriorBnd post/prior=5.26e-06/0.00e+00 | Best 0.1885 | Patience 18/100
[Update] best val_cyc_meas improved to 0.111182 @ epoch 56
 >> Epoch 057 | Train Total=14.5870 | Val post/prior Total=6.0661/8.4816, Recon post/prior=0.8742/0.8688, KL=0.6290, | CycSim post total/iv/gm=0.4874/0.2042/0.2832, | CycSim prior total/iv/gm=0.7603/0.3258/0.4345, | CycMeas total/iv/gm=0.1807/0.0972/0.0835, | PriorBnd post/prior=5.62e-05/1.55e-07 | Best 0.1112 | Patience 1/100
 >> Epoch 058 | Train Total=15.7805 | Val post/prior Total=7.0024/9.3899, Recon post/prior=0.8839/0.8679, KL=1.0161, | CycSim post total/iv/gm=0.5607/0.2353/0.3254, | CycSim prior total/iv/gm=0.8502/0.3677/0.4825, | CycMeas total/iv/gm=0.4563/0.2117/0.2446, | PriorBnd post/prior=2.00e-04/0.00e+00 | Best 0.1112 | Patience 2/100
 >> Epoch 059 | Train Total=12.8805 | Val post/prior Total=6.6649/7.6408, Recon post/prior=0.8615/0.8636, KL=1.0475, | CycSim post total/iv/gm=0.5276/0.2191/0.3085, | CycSim prior total/iv/gm=0.6764/0.2827/0.3938, | CycMeas total/iv/gm=0.2401/0.1035/0.1367, | PriorBnd post/prior=4.31e-07/9.05e-09 | Best 0.1112 | Patience 3/100
 >> Epoch 060 | Train Total=11.8868 | Val post/prior Total=6.1215/8.1628, Recon post/prior=0.8563/0.8581, KL=1.1709, | CycSim post total/iv/gm=0.4677/0.1978/0.2699, | CycSim prior total/iv/gm=0.7293/0.3122/0.4171, | CycMeas total/iv/gm=0.2113/0.0857/0.1257, | PriorBnd post/prior=9.12e-06/1.70e-08 | Best 0.1112 | Patience 4/100
 >> Epoch 061 | Train Total=17.8256 | Val post/prior Total=6.3971/8.3033, Recon post/prior=0.8700/0.8616, KL=0.7060, | CycSim post total/iv/gm=0.5171/0.2189/0.2982, | CycSim prior total/iv/gm=0.7437/0.3218/0.4219, | CycMeas total/iv/gm=0.0366/0.0177/0.0188, | PriorBnd post/prior=1.93e-05/0.00e+00 | Best 0.1112 | Patience 5/100
[Update] best val_cyc_meas improved to 0.036590 @ epoch 61
 >> Epoch 062 | Train Total=18.2547 | Val post/prior Total=7.9079/7.8982, Recon post/prior=0.8903/0.8708, KL=1.5993, | CycSim post total/iv/gm=0.6215/0.2673/0.3542, | CycSim prior total/iv/gm=0.7020/0.2994/0.4025, | CycMeas total/iv/gm=0.1236/0.0616/0.0620, | PriorBnd post/prior=6.91e-05/0.00e+00 | Best 0.0366 | Patience 1/100
 >> Epoch 063 | Train Total=26.4023 | Val post/prior Total=9.2653/9.8357, Recon post/prior=0.9029/0.8904, KL=1.4259, | CycSim post total/iv/gm=0.7646/0.3327/0.4320, | CycSim prior total/iv/gm=0.8934/0.3852/0.5081, | CycMeas total/iv/gm=0.2123/0.0847/0.1276, | PriorBnd post/prior=1.08e-04/1.53e-08 | Best 0.0366 | Patience 2/100
 >> Epoch 064 | Train Total=26.8310 | Val post/prior Total=9.4696/10.0669, Recon post/prior=0.9223/0.9013, KL=1.4055, | CycSim post total/iv/gm=0.7841/0.3359/0.4482, | CycSim prior total/iv/gm=0.9145/0.3945/0.5200, | CycMeas total/iv/gm=0.4128/0.1691/0.2437, | PriorBnd post/prior=5.20e-04/0.00e+00 | Best 0.0366 | Patience 3/100
 >> Epoch 065 | Train Total=30.8596 | Val post/prior Total=14.8819/10.1791, Recon post/prior=1.0649/1.0295, KL=10.4914, | CycSim post total/iv/gm=0.8563/0.3650/0.4913, | CycSim prior total/iv/gm=0.9136/0.4024/0.5111, | CycMeas total/iv/gm=0.1601/0.0728/0.0873, | PriorBnd post/prior=3.20e-03/4.41e-05 | Best 0.0366 | Patience 4/100
 >> Epoch 066 | Train Total=33.5741 | Val post/prior Total=14.2377/11.6544, Recon post/prior=1.0634/1.0397, KL=7.3461, | CycSim post total/iv/gm=0.9493/0.4122/0.5371, | CycSim prior total/iv/gm=1.0594/0.4669/0.5925, | CycMeas total/iv/gm=0.3127/0.1402/0.1725, | PriorBnd post/prior=7.02e-04/9.51e-07 | Best 0.0366 | Patience 5/100
 >> Epoch 067 | Train Total=34.6378 | Val post/prior Total=14.8452/11.3682, Recon post/prior=0.9983/0.9561, KL=1.8347, | CycSim post total/iv/gm=1.2923/0.5315/0.7608, | CycSim prior total/iv/gm=1.0388/0.4591/0.5797, | CycMeas total/iv/gm=0.4483/0.2172/0.2312, | PriorBnd post/prior=4.40e-03/8.30e-06 | Best 0.0366 | Patience 6/100
 >> Epoch 068 | Train Total=35.2112 | Val post/prior Total=10.8374/11.2849, Recon post/prior=0.9412/0.9210, KL=0.7357, | CycSim post total/iv/gm=0.9524/0.4142/0.5382, | CycSim prior total/iv/gm=1.0347/0.4599/0.5748, | CycMeas total/iv/gm=0.2914/0.1264/0.1650, | PriorBnd post/prior=6.91e-04/4.32e-07 | Best 0.0366 | Patience 7/100
 >> Epoch 069 | Train Total=33.5666 | Val post/prior Total=10.4835/11.6093, Recon post/prior=0.9427/0.9351, KL=0.6562, | CycSim post total/iv/gm=0.9209/0.4037/0.5171, | CycSim prior total/iv/gm=1.0646/0.4725/0.5920, | CycMeas total/iv/gm=0.5450/0.2369/0.3081, | PriorBnd post/prior=1.11e-04/0.00e+00 | Best 0.0366 | Patience 8/100
 >> Epoch 070 | Train Total=30.8127 | Val post/prior Total=10.2848/10.6612, Recon post/prior=0.9286/0.9159, KL=0.4412, | CycSim post total/iv/gm=0.9132/0.4001/0.5131, | CycSim prior total/iv/gm=0.9719/0.4311/0.5408, | CycMeas total/iv/gm=0.4916/0.2164/0.2751, | PriorBnd post/prior=1.72e-04/0.00e+00 | Best 0.0366 | Patience 9/100
 >> Epoch 071 | Train Total=32.8383 | Val post/prior Total=10.9176/10.9974, Recon post/prior=0.9386/0.9310, KL=0.5868, | CycSim post total/iv/gm=0.9682/0.4197/0.5485, | CycSim prior total/iv/gm=1.0048/0.4445/0.5603, | CycMeas total/iv/gm=0.3260/0.1513/0.1747, | PriorBnd post/prior=2.70e-04/0.00e+00 | Best 0.0366 | Patience 10/100
 >> Epoch 072 | Train Total=32.8996 | Val post/prior Total=10.7224/12.1962, Recon post/prior=0.9291/0.9215, KL=0.7025, | CycSim post total/iv/gm=0.9438/0.4149/0.5290, | CycSim prior total/iv/gm=1.1237/0.4964/0.6273, | CycMeas total/iv/gm=0.7100/0.3159/0.3941, | PriorBnd post/prior=7.47e-05/0.00e+00 | Best 0.0366 | Patience 11/100
 >> Epoch 073 | Train Total=16.2134 | Val post/prior Total=4.7577/4.9466, Recon post/prior=0.8611/0.8627, KL=1.3076, | CycSim post total/iv/gm=0.3240/0.1339/0.1901, | CycSim prior total/iv/gm=0.4064/0.1691/0.2373, | CycMeas total/iv/gm=0.3525/0.1655/0.1870, | PriorBnd post/prior=1.58e-06/1.07e-07 | Best 0.0366 | Patience 12/100
 >> Epoch 074 | Train Total=9.1639 | Val post/prior Total=5.5034/5.7819, Recon post/prior=0.8631/0.8730, KL=1.5959, | CycSim post total/iv/gm=0.3839/0.1567/0.2273, | CycSim prior total/iv/gm=0.4896/0.2017/0.2879, | CycMeas total/iv/gm=0.1871/0.0881/0.0990, | PriorBnd post/prior=6.33e-06/6.91e-07 | Best 0.0366 | Patience 13/100
 >> Epoch 075 | Train Total=10.9553 | Val post/prior Total=4.8820/4.3867, Recon post/prior=0.8566/0.8563, KL=1.2048, | CycSim post total/iv/gm=0.3420/0.1475/0.1945, | CycSim prior total/iv/gm=0.3521/0.1496/0.2025, | CycMeas total/iv/gm=0.1336/0.0727/0.0609, | PriorBnd post/prior=2.93e-07/3.72e-07 | Best 0.0366 | Patience 14/100
 >> Epoch 076 | Train Total=18.5605 | Val post/prior Total=6.3530/4.9786, Recon post/prior=0.8575/0.8559, KL=1.2543, | CycSim post total/iv/gm=0.4866/0.2140/0.2726, | CycSim prior total/iv/gm=0.4110/0.1800/0.2310, | CycMeas total/iv/gm=0.2009/0.0755/0.1253, | PriorBnd post/prior=9.19e-07/1.04e-06 | Best 0.0366 | Patience 15/100
 >> Epoch 077 | Train Total=22.9133 | Val post/prior Total=7.2964/5.2166, Recon post/prior=0.8671/0.8637, KL=0.7646, | CycSim post total/iv/gm=0.6044/0.2629/0.3416, | CycSim prior total/iv/gm=0.4344/0.1914/0.2430, | CycMeas total/iv/gm=0.1269/0.0513/0.0756, | PriorBnd post/prior=8.59e-05/7.51e-07 | Best 0.0366 | Patience 16/100
 >> Epoch 078 | Train Total=10.2026 | Val post/prior Total=5.0174/5.3990, Recon post/prior=0.8441/0.8474, KL=1.3163, | CycSim post total/iv/gm=0.3512/0.1466/0.2046, | CycSim prior total/iv/gm=0.4538/0.1923/0.2614, | CycMeas total/iv/gm=0.2151/0.1029/0.1122, | PriorBnd post/prior=2.91e-07/2.80e-07 | Best 0.0366 | Patience 17/100
 >> Epoch 079 | Train Total=14.2753 | Val post/prior Total=6.0086/4.6629, Recon post/prior=0.8603/0.8593, KL=0.8318, | CycSim post total/iv/gm=0.4730/0.2035/0.2695, | CycSim prior total/iv/gm=0.3793/0.1607/0.2186, | CycMeas total/iv/gm=0.1482/0.0752/0.0730, | PriorBnd post/prior=2.06e-07/0.00e+00 | Best 0.0366 | Patience 18/100
 >> Epoch 080 | Train Total=20.0836 | Val post/prior Total=8.4112/7.1157, Recon post/prior=0.8874/0.8950, KL=0.9671, | CycSim post total/iv/gm=0.7037/0.2949/0.4088, | CycSim prior total/iv/gm=0.6207/0.2489/0.3718, | CycMeas total/iv/gm=0.1769/0.0900/0.0869, | PriorBnd post/prior=6.08e-04/2.54e-04 | Best 0.0366 | Patience 19/100
 >> Epoch 081 | Train Total=16.3612 | Val post/prior Total=4.8216/4.8473, Recon post/prior=0.8562/0.8646, KL=1.4385, | CycSim post total/iv/gm=0.3243/0.1353/0.1890, | CycSim prior total/iv/gm=0.3970/0.1675/0.2294, | CycMeas total/iv/gm=0.1726/0.0814/0.0912, | PriorBnd post/prior=2.95e-07/1.78e-09 | Best 0.0366 | Patience 20/100
 >> Epoch 082 | Train Total=9.9530 | Val post/prior Total=4.7736/4.4047, Recon post/prior=0.8453/0.8453, KL=1.5125, | CycSim post total/iv/gm=0.3169/0.1331/0.1838, | CycSim prior total/iv/gm=0.3554/0.1504/0.2050, | CycMeas total/iv/gm=0.0466/0.0255/0.0211, | PriorBnd post/prior=1.20e-06/1.07e-06 | Best 0.0366 | Patience 21/100
 >> Epoch 083 | Train Total=17.8475 | Val post/prior Total=6.5008/6.1367, Recon post/prior=0.8574/0.8501, KL=1.0265, | CycSim post total/iv/gm=0.5128/0.2211/0.2917, | CycSim prior total/iv/gm=0.5277/0.2268/0.3010, | CycMeas total/iv/gm=0.1209/0.0506/0.0702, | PriorBnd post/prior=7.55e-06/0.00e+00 | Best 0.0366 | Patience 22/100
 >> Epoch 084 | Train Total=17.9117 | Val post/prior Total=8.1957/5.4637, Recon post/prior=0.8863/0.8771, KL=0.8863, | CycSim post total/iv/gm=0.6863/0.2914/0.3949, | CycSim prior total/iv/gm=0.4579/0.1960/0.2619, | CycMeas total/iv/gm=0.0750/0.0373/0.0377, | PriorBnd post/prior=4.10e-04/9.85e-07 | Best 0.0366 | Patience 23/100
 >> Epoch 085 | Train Total=24.4231 | Val post/prior Total=7.9214/5.6972, Recon post/prior=0.8976/0.8942, KL=1.5321, | CycSim post total/iv/gm=0.6254/0.2669/0.3586, | CycSim prior total/iv/gm=0.4780/0.2073/0.2707, | CycMeas total/iv/gm=0.3540/0.1438/0.2102, | PriorBnd post/prior=6.70e-04/5.90e-04 | Best 0.0366 | Patience 24/100
 >> Epoch 086 | Train Total=20.8494 | Val post/prior Total=8.2690/6.5846, Recon post/prior=0.8958/0.8861, KL=2.4452, | CycSim post total/iv/gm=0.6147/0.2618/0.3530, | CycSim prior total/iv/gm=0.5687/0.2461/0.3227, | CycMeas total/iv/gm=0.1418/0.0674/0.0744, | PriorBnd post/prior=2.60e-04/0.00e+00 | Best 0.0366 | Patience 25/100
 >> Epoch 087 | Train Total=21.4979 | Val post/prior Total=8.1231/7.9060, Recon post/prior=0.8992/0.8919, KL=1.5753, | CycSim post total/iv/gm=0.6433/0.2748/0.3685, | CycSim prior total/iv/gm=0.6986/0.2987/0.3999, | CycMeas total/iv/gm=0.4289/0.1771/0.2519, | PriorBnd post/prior=6.36e-05/0.00e+00 | Best 0.0366 | Patience 26/100
 >> Epoch 088 | Train Total=22.4616 | Val post/prior Total=9.0742/9.2185, Recon post/prior=0.9039/0.8920, KL=1.3010, | CycSim post total/iv/gm=0.7517/0.3240/0.4277, | CycSim prior total/iv/gm=0.8301/0.3585/0.4717, | CycMeas total/iv/gm=0.3809/0.1595/0.2214, | PriorBnd post/prior=5.01e-05/0.00e+00 | Best 0.0366 | Patience 27/100
 >> Epoch 089 | Train Total=26.1723 | Val post/prior Total=28.6255/11.5866, Recon post/prior=1.0197/0.9195, KL=34.9245, | CycSim post total/iv/gm=1.0136/0.4337/0.5800, | CycSim prior total/iv/gm=1.0630/0.4634/0.5996, | CycMeas total/iv/gm=0.5763/0.2526/0.3237, | PriorBnd post/prior=8.13e-03/0.00e+00 | Best 0.0366 | Patience 28/100
 >> Epoch 090 | Train Total=17.3444 | Val post/prior Total=5.5720/6.9992, Recon post/prior=0.8694/0.8628, KL=1.8532, | CycSim post total/iv/gm=0.3772/0.1542/0.2230, | CycSim prior total/iv/gm=0.6121/0.2558/0.3563, | CycMeas total/iv/gm=0.2095/0.0909/0.1186, | PriorBnd post/prior=3.38e-05/5.65e-06 | Best 0.0366 | Patience 29/100
 >> Epoch 091 | Train Total=9.0227 | Val post/prior Total=5.0237/5.8331, Recon post/prior=0.8502/0.8420, KL=1.8863, | CycSim post total/iv/gm=0.3227/0.1348/0.1879, | CycSim prior total/iv/gm=0.4980/0.2108/0.2872, | CycMeas total/iv/gm=0.1350/0.0533/0.0816, | PriorBnd post/prior=3.61e-06/1.78e-07 | Best 0.0366 | Patience 30/100
 >> Epoch 092 | Train Total=13.9757 | Val post/prior Total=5.5552/5.6830, Recon post/prior=0.8514/0.8462, KL=1.6433, | CycSim post total/iv/gm=0.3880/0.1655/0.2224, | CycSim prior total/iv/gm=0.4826/0.2076/0.2750, | CycMeas total/iv/gm=0.1402/0.0605/0.0797, | PriorBnd post/prior=3.62e-06/0.00e+00 | Best 0.0366 | Patience 31/100
 >> Epoch 093 | Train Total=14.7304 | Val post/prior Total=7.3248/6.4057, Recon post/prior=0.8631/0.8621, KL=2.7589, | CycSim post total/iv/gm=0.5080/0.2169/0.2911, | CycSim prior total/iv/gm=0.5539/0.2387/0.3152, | CycMeas total/iv/gm=0.0218/0.0138/0.0080, | PriorBnd post/prior=2.43e-05/3.93e-06 | Best 0.0366 | Patience 32/100
[Update] best val_cyc_meas improved to 0.021820 @ epoch 93
 >> Epoch 094 | Train Total=13.5552 | Val post/prior Total=5.8421/6.5018, Recon post/prior=0.8611/0.8611, KL=2.2434, | CycSim post total/iv/gm=0.3856/0.1640/0.2217, | CycSim prior total/iv/gm=0.5636/0.2439/0.3196, | CycMeas total/iv/gm=0.0349/0.0253/0.0096, | PriorBnd post/prior=3.50e-05/1.17e-06 | Best 0.0218 | Patience 1/100
 >> Epoch 095 | Train Total=15.4605 | Val post/prior Total=7.3111/6.9002, Recon post/prior=0.8663/0.8646, KL=1.4412, | CycSim post total/iv/gm=0.5722/0.2441/0.3281, | CycSim prior total/iv/gm=0.6025/0.2615/0.3410, | CycMeas total/iv/gm=0.1310/0.0615/0.0695, | PriorBnd post/prior=1.98e-06/0.00e+00 | Best 0.0218 | Patience 2/100
 >> Epoch 096 | Train Total=18.4224 | Val post/prior Total=7.7352/7.8861, Recon post/prior=0.8714/0.8688, KL=1.0534, | CycSim post total/iv/gm=0.6335/0.2719/0.3615, | CycSim prior total/iv/gm=0.7013/0.3069/0.3944, | CycMeas total/iv/gm=0.0276/0.0190/0.0087, | PriorBnd post/prior=1.95e-05/0.00e+00 | Best 0.0218 | Patience 3/100
 >> Epoch 097 | Train Total=12.7863 | Val post/prior Total=5.1319/5.3130, Recon post/prior=0.8683/0.8645, KL=1.9872, | CycSim post total/iv/gm=0.3266/0.1379/0.1887, | CycSim prior total/iv/gm=0.4430/0.1892/0.2538, | CycMeas total/iv/gm=0.2194/0.0960/0.1234, | PriorBnd post/prior=1.09e-05/1.85e-07 | Best 0.0218 | Patience 4/100
 >> Epoch 098 | Train Total=12.0004 | Val post/prior Total=7.1216/6.6968, Recon post/prior=0.8707/0.8638, KL=2.5070, | CycSim post total/iv/gm=0.4994/0.2113/0.2882, | CycSim prior total/iv/gm=0.5819/0.2520/0.3299, | CycMeas total/iv/gm=0.1660/0.0830/0.0830, | PriorBnd post/prior=1.11e-04/0.00e+00 | Best 0.0218 | Patience 5/100
 >> Epoch 099 | Train Total=15.0621 | Val post/prior Total=7.2230/6.1870, Recon post/prior=0.8787/0.8914, KL=2.7022, | CycSim post total/iv/gm=0.4990/0.2127/0.2863, | CycSim prior total/iv/gm=0.5288/0.2288/0.3000, | CycMeas total/iv/gm=0.0687/0.0298/0.0388, | PriorBnd post/prior=6.19e-05/2.13e-07 | Best 0.0218 | Patience 6/100
 >> Epoch 100 | Train Total=16.0123 | Val post/prior Total=7.6271/6.4563, Recon post/prior=0.8808/0.8886, KL=3.1420, | CycSim post total/iv/gm=0.5172/0.2212/0.2960, | CycSim prior total/iv/gm=0.5560/0.2410/0.3149, | CycMeas total/iv/gm=0.0732/0.0336/0.0396, | PriorBnd post/prior=5.21e-05/1.01e-06 | Best 0.0218 | Patience 7/100
 >> Epoch 101 | Train Total=16.4987 | Val post/prior Total=8.3567/9.3616, Recon post/prior=0.8809/0.8759, KL=1.5481, | CycSim post total/iv/gm=0.6699/0.2815/0.3884, | CycSim prior total/iv/gm=0.8481/0.3669/0.4812, | CycMeas total/iv/gm=0.0305/0.0173/0.0132, | PriorBnd post/prior=3.08e-04/0.00e+00 | Best 0.0218 | Patience 8/100
 >> Epoch 102 | Train Total=20.1422 | Val post/prior Total=8.7321/10.0571, Recon post/prior=0.8817/0.8837, KL=2.3498, | CycSim post total/iv/gm=0.6673/0.2848/0.3825, | CycSim prior total/iv/gm=0.9159/0.3962/0.5196, | CycMeas total/iv/gm=0.1764/0.0758/0.1006, | PriorBnd post/prior=3.70e-05/0.00e+00 | Best 0.0218 | Patience 9/100
 >> Epoch 103 | Train Total=18.3990 | Val post/prior Total=5.4227/5.6007, Recon post/prior=0.8776/0.8735, KL=2.5807, | CycSim post total/iv/gm=0.3251/0.1362/0.1889, | CycSim prior total/iv/gm=0.4721/0.1987/0.2733, | CycMeas total/iv/gm=0.0450/0.0188/0.0262, | PriorBnd post/prior=3.28e-06/2.37e-08 | Best 0.0218 | Patience 10/100
 >> Epoch 104 | Train Total=8.3910 | Val post/prior Total=4.8187/4.8721, Recon post/prior=0.8667/0.8601, KL=1.9935, | CycSim post total/iv/gm=0.2952/0.1236/0.1715, | CycSim prior total/iv/gm=0.4005/0.1651/0.2353, | CycMeas total/iv/gm=0.0552/0.0212/0.0340, | PriorBnd post/prior=1.33e-05/5.00e-07 | Best 0.0218 | Patience 11/100
 >> Epoch 105 | Train Total=9.3891 | Val post/prior Total=6.1725/7.5337, Recon post/prior=0.8468/0.8436, KL=2.5891, | CycSim post total/iv/gm=0.4028/0.1674/0.2354, | CycSim prior total/iv/gm=0.6685/0.2839/0.3847, | CycMeas total/iv/gm=0.0297/0.0161/0.0136, | PriorBnd post/prior=1.45e-05/0.00e+00 | Best 0.0218 | Patience 12/100
 >> Epoch 106 | Train Total=11.6723 | Val post/prior Total=7.0913/7.3329, Recon post/prior=0.8567/0.8521, KL=2.9843, | CycSim post total/iv/gm=0.4740/0.1994/0.2746, | CycSim prior total/iv/gm=0.6473/0.2748/0.3725, | CycMeas total/iv/gm=0.0770/0.0393/0.0377, | PriorBnd post/prior=2.01e-05/0.00e+00 | Best 0.0218 | Patience 13/100
 >> Epoch 107 | Train Total=12.5790 | Val post/prior Total=6.6365/6.9747, Recon post/prior=0.8759/0.8776, KL=2.4279, | CycSim post total/iv/gm=0.4544/0.1911/0.2632, | CycSim prior total/iv/gm=0.6084/0.2603/0.3481, | CycMeas total/iv/gm=0.1343/0.0660/0.0683, | PriorBnd post/prior=4.00e-05/0.00e+00 | Best 0.0218 | Patience 14/100
 >> Epoch 108 | Train Total=16.3387 | Val post/prior Total=9.1243/6.8434, Recon post/prior=0.9589/0.9587, KL=5.9652, | CycSim post total/iv/gm=0.5177/0.2167/0.3010, | CycSim prior total/iv/gm=0.5866/0.2540/0.3326, | CycMeas total/iv/gm=0.1735/0.0847/0.0888, | PriorBnd post/prior=1.07e-03/4.25e-06 | Best 0.0218 | Patience 15/100
 >> Epoch 109 | Train Total=24.4179 | Val post/prior Total=11.6482/7.9343, Recon post/prior=1.0528/1.0458, KL=6.9494, | CycSim post total/iv/gm=0.7112/0.2994/0.4118, | CycSim prior total/iv/gm=0.6874/0.2893/0.3981, | CycMeas total/iv/gm=0.0798/0.0505/0.0292, | PriorBnd post/prior=5.75e-04/1.17e-04 | Best 0.0218 | Patience 16/100
 >> Epoch 110 | Train Total=28.9753 | Val post/prior Total=14.3397/9.2343, Recon post/prior=1.0738/1.0833, KL=7.4963, | CycSim post total/iv/gm=0.9509/0.4102/0.5407, | CycSim prior total/iv/gm=0.8137/0.3459/0.4677, | CycMeas total/iv/gm=0.0678/0.0380/0.0297, | PriorBnd post/prior=4.96e-04/2.96e-04 | Best 0.0218 | Patience 17/100
 >> Epoch 111 | Train Total=36.4887 | Val post/prior Total=17.9251/11.1798, Recon post/prior=1.0534/1.0337, KL=9.9696, | CycSim post total/iv/gm=1.1878/0.5331/0.6547, | CycSim prior total/iv/gm=1.0123/0.4459/0.5664, | CycMeas total/iv/gm=0.2155/0.1023/0.1132, | PriorBnd post/prior=6.73e-03/2.92e-07 | Best 0.0218 | Patience 18/100
 >> Epoch 112 | Train Total=43.3240 | Val post/prior Total=15.2928/10.9806, Recon post/prior=0.9754/0.9215, KL=8.9462, | CycSim post total/iv/gm=0.9839/0.4381/0.5458, | CycSim prior total/iv/gm=1.0037/0.4472/0.5565, | CycMeas total/iv/gm=0.2533/0.1075/0.1458, | PriorBnd post/prior=4.63e-03/0.00e+00 | Best 0.0218 | Patience 19/100
 >> Epoch 113 | Train Total=42.8970 | Val post/prior Total=15.6264/11.7302, Recon post/prior=0.9483/0.9193, KL=7.4736, | CycSim post total/iv/gm=1.0937/0.4872/0.6065, | CycSim prior total/iv/gm=1.0779/0.4802/0.5976, | CycMeas total/iv/gm=0.3853/0.1624/0.2229, | PriorBnd post/prior=1.87e-03/0.00e+00 | Best 0.0218 | Patience 20/100
 >> Epoch 114 | Train Total=43.3366 | Val post/prior Total=15.3640/11.6238, Recon post/prior=0.9671/0.9387, KL=7.7211, | CycSim post total/iv/gm=1.0532/0.4679/0.5853, | CycSim prior total/iv/gm=1.0664/0.4743/0.5921, | CycMeas total/iv/gm=0.2331/0.1042/0.1290, | PriorBnd post/prior=2.46e-03/0.00e+00 | Best 0.0218 | Patience 21/100
 >> Epoch 115 | Train Total=45.3387 | Val post/prior Total=17.2216/12.6215, Recon post/prior=1.0785/1.0546, KL=10.0782, | CycSim post total/iv/gm=1.1096/0.4883/0.6213, | CycSim prior total/iv/gm=1.1547/0.5105/0.6442, | CycMeas total/iv/gm=0.1635/0.0765/0.0870, | PriorBnd post/prior=3.73e-04/0.00e+00 | Best 0.0218 | Patience 22/100
 >> Epoch 116 | Train Total=46.6744 | Val post/prior Total=16.8769/12.7820, Recon post/prior=1.0793/1.0575, KL=9.5765, | CycSim post total/iv/gm=1.1001/0.4863/0.6138, | CycSim prior total/iv/gm=1.1707/0.5147/0.6559, | CycMeas total/iv/gm=0.1338/0.0515/0.0823, | PriorBnd post/prior=1.26e-04/0.00e+00 | Best 0.0218 | Patience 23/100
 >> Epoch 117 | Train Total=45.0721 | Val post/prior Total=13.6625/11.8584, Recon post/prior=1.0056/1.0129, KL=4.3347, | CycSim post total/iv/gm=1.0484/0.4667/0.5817, | CycSim prior total/iv/gm=1.0827/0.4813/0.6015, | CycMeas total/iv/gm=0.1572/0.0622/0.0950, | PriorBnd post/prior=4.09e-05/0.00e+00 | Best 0.0218 | Patience 24/100
 >> Epoch 118 | Train Total=33.4624 | Val post/prior Total=11.6003/11.1456, Recon post/prior=0.9859/0.9909, KL=1.4820, | CycSim post total/iv/gm=0.9868/0.4360/0.5508, | CycSim prior total/iv/gm=1.0139/0.4466/0.5673, | CycMeas total/iv/gm=0.1356/0.0584/0.0772, | PriorBnd post/prior=2.23e-05/0.00e+00 | Best 0.0218 | Patience 25/100
 >> Epoch 119 | Train Total=31.1567 | Val post/prior Total=11.9956/10.8430, Recon post/prior=0.9807/0.9843, KL=2.6900, | CycSim post total/iv/gm=0.9665/0.4277/0.5389, | CycSim prior total/iv/gm=0.9844/0.4341/0.5503, | CycMeas total/iv/gm=0.1217/0.0631/0.0586, | PriorBnd post/prior=9.98e-06/0.00e+00 | Best 0.0218 | Patience 26/100
 >> Epoch 120 | Train Total=31.3227 | Val post/prior Total=12.8408/11.1683, Recon post/prior=0.9556/0.9519, KL=4.1661, | CycSim post total/iv/gm=0.9798/0.4314/0.5484, | CycSim prior total/iv/gm=1.0197/0.4491/0.5705, | CycMeas total/iv/gm=0.1937/0.0804/0.1133, | PriorBnd post/prior=2.12e-05/0.00e+00 | Best 0.0218 | Patience 27/100
 >> Epoch 121 | Train Total=31.3287 | Val post/prior Total=11.7610/11.0864, Recon post/prior=0.9348/0.9332, KL=2.3172, | CycSim post total/iv/gm=0.9664/0.4272/0.5392, | CycSim prior total/iv/gm=1.0141/0.4466/0.5674, | CycMeas total/iv/gm=0.1138/0.0521/0.0617, | PriorBnd post/prior=1.04e-04/0.00e+00 | Best 0.0218 | Patience 28/100
 >> Epoch 122 | Train Total=31.1772 | Val post/prior Total=11.8315/11.5230, Recon post/prior=0.9438/0.9404, KL=1.7490, | CycSim post total/iv/gm=1.0009/0.4423/0.5587, | CycSim prior total/iv/gm=1.0558/0.4651/0.5907, | CycMeas total/iv/gm=0.2548/0.1003/0.1545, | PriorBnd post/prior=5.89e-05/0.00e+00 | Best 0.0218 | Patience 29/100
 >> Epoch 123 | Train Total=18.3924 | Val post/prior Total=8.8049/7.4080, Recon post/prior=0.8978/0.8833, KL=2.8661, | CycSim post total/iv/gm=0.6471/0.2798/0.3673, | CycSim prior total/iv/gm=0.6518/0.2815/0.3703, | CycMeas total/iv/gm=0.0419/0.0241/0.0178, | PriorBnd post/prior=5.97e-05/0.00e+00 | Best 0.0218 | Patience 30/100
 >> Epoch 124 | Train Total=19.6248 | Val post/prior Total=11.4272/8.8699, Recon post/prior=0.9067/0.8930, KL=6.0651, | CycSim post total/iv/gm=0.7485/0.3249/0.4236, | CycSim prior total/iv/gm=0.7965/0.3456/0.4509, | CycMeas total/iv/gm=0.1094/0.0531/0.0563, | PriorBnd post/prior=9.29e-05/0.00e+00 | Best 0.0218 | Patience 31/100
 >> Epoch 125 | Train Total=18.6393 | Val post/prior Total=9.7806/8.4996, Recon post/prior=0.9354/0.9106, KL=3.8428, | CycSim post total/iv/gm=0.6920/0.3014/0.3906, | CycSim prior total/iv/gm=0.7576/0.3291/0.4285, | CycMeas total/iv/gm=0.1160/0.0549/0.0611, | PriorBnd post/prior=7.01e-05/0.00e+00 | Best 0.0218 | Patience 32/100
 >> Epoch 126 | Train Total=18.1936 | Val post/prior Total=11.3195/8.9145, Recon post/prior=0.9396/0.9230, KL=6.6020, | CycSim post total/iv/gm=0.7075/0.3014/0.4060, | CycSim prior total/iv/gm=0.7978/0.3425/0.4554, | CycMeas total/iv/gm=0.1141/0.0534/0.0607, | PriorBnd post/prior=3.01e-07/0.00e+00 | Best 0.0218 | Patience 33/100
 >> Epoch 127 | Train Total=19.1732 | Val post/prior Total=12.3186/10.1005, Recon post/prior=0.9263/0.9174, KL=7.5444, | CycSim post total/iv/gm=0.7617/0.3275/0.4342, | CycSim prior total/iv/gm=0.9160/0.4009/0.5151, | CycMeas total/iv/gm=0.2302/0.1038/0.1265, | PriorBnd post/prior=1.83e-06/0.00e+00 | Best 0.0218 | Patience 34/100
 >> Epoch 128 | Train Total=24.7141 | Val post/prior Total=10.9660/11.8562, Recon post/prior=0.9326/0.9203, KL=2.8022, | CycSim post total/iv/gm=0.8629/0.3741/0.4888, | CycSim prior total/iv/gm=1.0908/0.4813/0.6096, | CycMeas total/iv/gm=0.2882/0.1275/0.1606, | PriorBnd post/prior=1.19e-04/0.00e+00 | Best 0.0218 | Patience 35/100
 >> Epoch 129 | Train Total=25.3577 | Val post/prior Total=11.4679/11.7693, Recon post/prior=0.9304/0.9274, KL=3.0449, | CycSim post total/iv/gm=0.9012/0.3921/0.5091, | CycSim prior total/iv/gm=1.0800/0.4737/0.6064, | CycMeas total/iv/gm=0.4439/0.1980/0.2458, | PriorBnd post/prior=4.86e-06/0.00e+00 | Best 0.0218 | Patience 36/100
 >> Epoch 130 | Train Total=15.1796 | Val post/prior Total=7.5512/5.7647, Recon post/prior=0.8955/0.8989, KL=3.5476, | CycSim post total/iv/gm=0.4878/0.2012/0.2865, | CycSim prior total/iv/gm=0.4853/0.2009/0.2844, | CycMeas total/iv/gm=0.0996/0.0428/0.0569, | PriorBnd post/prior=1.79e-05/1.88e-05 | Best 0.0218 | Patience 37/100
 >> Epoch 131 | Train Total=8.5445 | Val post/prior Total=6.7449/5.6183, Recon post/prior=0.8923/0.8811, KL=5.3504, | CycSim post total/iv/gm=0.3173/0.1273/0.1900, | CycSim prior total/iv/gm=0.4730/0.1995/0.2735, | CycMeas total/iv/gm=0.0428/0.0239/0.0189, | PriorBnd post/prior=5.85e-05/1.04e-07 | Best 0.0218 | Patience 38/100
 >> Epoch 132 | Train Total=8.6174 | Val post/prior Total=7.7965/7.1482, Recon post/prior=0.8796/0.8656, KL=4.9161, | CycSim post total/iv/gm=0.4455/0.1804/0.2652, | CycSim prior total/iv/gm=0.6276/0.2662/0.3614, | CycMeas total/iv/gm=0.0391/0.0202/0.0190, | PriorBnd post/prior=4.71e-05/9.57e-08 | Best 0.0218 | Patience 39/100
 >> Epoch 133 | Train Total=13.0352 | Val post/prior Total=8.6678/7.3095, Recon post/prior=0.8912/0.8782, KL=3.6181, | CycSim post total/iv/gm=0.5964/0.2543/0.3422, | CycSim prior total/iv/gm=0.6426/0.2771/0.3655, | CycMeas total/iv/gm=0.0366/0.0176/0.0190, | PriorBnd post/prior=3.00e-05/4.79e-07 | Best 0.0218 | Patience 40/100
 >> Epoch 134 | Train Total=12.3684 | Val post/prior Total=9.1872/7.5774, Recon post/prior=0.8984/0.8795, KL=5.7269, | CycSim post total/iv/gm=0.5422/0.2290/0.3132, | CycSim prior total/iv/gm=0.6690/0.2907/0.3782, | CycMeas total/iv/gm=0.0599/0.0346/0.0253, | PriorBnd post/prior=1.46e-04/0.00e+00 | Best 0.0218 | Patience 41/100
 >> Epoch 135 | Train Total=12.6073 | Val post/prior Total=12.5358/8.8788, Recon post/prior=0.9000/0.8903, KL=10.2312, | CycSim post total/iv/gm=0.6517/0.2730/0.3787, | CycSim prior total/iv/gm=0.7973/0.3440/0.4533, | CycMeas total/iv/gm=0.1451/0.0701/0.0750, | PriorBnd post/prior=4.21e-07/0.00e+00 | Best 0.0218 | Patience 42/100
 >> Epoch 136 | Train Total=15.3632 | Val post/prior Total=11.1598/10.5684, Recon post/prior=0.9081/0.9012, KL=7.0335, | CycSim post total/iv/gm=0.6732/0.2826/0.3906, | CycSim prior total/iv/gm=0.9650/0.4239/0.5411, | CycMeas total/iv/gm=0.1546/0.0739/0.0808, | PriorBnd post/prior=3.68e-06/0.00e+00 | Best 0.0218 | Patience 43/100
 >> Epoch 137 | Train Total=16.3711 | Val post/prior Total=9.0158/9.1349, Recon post/prior=0.9304/0.9060, KL=4.0624, | CycSim post total/iv/gm=0.6050/0.2549/0.3501, | CycSim prior total/iv/gm=0.8218/0.3589/0.4629, | CycMeas total/iv/gm=0.0816/0.0424/0.0392, | PriorBnd post/prior=1.36e-04/0.00e+00 | Best 0.0218 | Patience 44/100
 >> Epoch 138 | Train Total=17.2918 | Val post/prior Total=9.6602/10.9526, Recon post/prior=0.9245/0.9032, KL=3.4373, | CycSim post total/iv/gm=0.7013/0.3019/0.3994, | CycSim prior total/iv/gm=1.0032/0.4481/0.5551, | CycMeas total/iv/gm=0.1593/0.0649/0.0944, | PriorBnd post/prior=5.72e-05/0.00e+00 | Best 0.0218 | Patience 45/100
 >> Epoch 139 | Train Total=16.3299 | Val post/prior Total=9.8726/11.2576, Recon post/prior=0.9207/0.9036, KL=3.4966, | CycSim post total/iv/gm=0.7200/0.3034/0.4166, | CycSim prior total/iv/gm=1.0339/0.4559/0.5780, | CycMeas total/iv/gm=0.1335/0.0632/0.0703, | PriorBnd post/prior=6.03e-06/0.00e+00 | Best 0.0218 | Patience 46/100
 >> Epoch 140 | Train Total=17.7400 | Val post/prior Total=11.6118/12.1988, Recon post/prior=0.9134/0.8953, KL=7.2709, | CycSim post total/iv/gm=0.7060/0.2973/0.4087, | CycSim prior total/iv/gm=1.1274/0.4989/0.6285, | CycMeas total/iv/gm=0.2912/0.1361/0.1550, | PriorBnd post/prior=1.84e-05/0.00e+00 | Best 0.0218 | Patience 47/100
 >> Epoch 141 | Train Total=19.0130 | Val post/prior Total=9.5306/12.0258, Recon post/prior=0.9182/0.8982, KL=3.2056, | CycSim post total/iv/gm=0.7006/0.2968/0.4038, | CycSim prior total/iv/gm=1.1104/0.4947/0.6157, | CycMeas total/iv/gm=0.2213/0.1078/0.1135, | PriorBnd post/prior=1.06e-05/0.00e+00 | Best 0.0218 | Patience 48/100
 >> Epoch 142 | Train Total=9.0604 | Val post/prior Total=5.9589/7.7874, Recon post/prior=0.8897/0.8818, KL=2.6354, | CycSim post total/iv/gm=0.3748/0.1573/0.2175, | CycSim prior total/iv/gm=0.6889/0.3052/0.3837, | CycMeas total/iv/gm=0.1417/0.0572/0.0845, | PriorBnd post/prior=4.08e-05/7.87e-09 | Best 0.0218 | Patience 49/100
 >> Epoch 143 | Train Total=8.2126 | Val post/prior Total=7.4837/8.3244, Recon post/prior=0.8797/0.8672, KL=5.4448, | CycSim post total/iv/gm=0.3878/0.1593/0.2285, | CycSim prior total/iv/gm=0.7445/0.3293/0.4152, | CycMeas total/iv/gm=0.0976/0.0373/0.0603, | PriorBnd post/prior=1.86e-05/8.09e-10 | Best 0.0218 | Patience 50/100
 >> Epoch 144 | Train Total=9.6925 | Val post/prior Total=8.5749/9.1010, Recon post/prior=0.8878/0.8772, KL=5.7874, | CycSim post total/iv/gm=0.4790/0.1996/0.2795, | CycSim prior total/iv/gm=0.8217/0.3702/0.4515, | CycMeas total/iv/gm=0.0377/0.0196/0.0181, | PriorBnd post/prior=2.74e-05/0.00e+00 | Best 0.0218 | Patience 51/100
 >> Epoch 145 | Train Total=11.6061 | Val post/prior Total=11.0369/9.7631, Recon post/prior=0.8975/0.8835, KL=7.4649, | CycSim post total/iv/gm=0.6404/0.2665/0.3739, | CycSim prior total/iv/gm=0.8871/0.3907/0.4965, | CycMeas total/iv/gm=0.0607/0.0367/0.0240, | PriorBnd post/prior=2.10e-06/0.00e+00 | Best 0.0218 | Patience 52/100
 >> Epoch 146 | Train Total=9.3814 | Val post/prior Total=6.4050/8.2693, Recon post/prior=0.8765/0.8580, KL=3.9433, | CycSim post total/iv/gm=0.3553/0.1487/0.2066, | CycSim prior total/iv/gm=0.7399/0.3240/0.4159, | CycMeas total/iv/gm=0.1007/0.0450/0.0557, | PriorBnd post/prior=2.24e-05/0.00e+00 | Best 0.0218 | Patience 53/100
 >> Epoch 147 | Train Total=8.3995 | Val post/prior Total=8.7956/9.4979, Recon post/prior=0.8836/0.8657, KL=5.8792, | CycSim post total/iv/gm=0.4969/0.2074/0.2895, | CycSim prior total/iv/gm=0.8627/0.3798/0.4829, | CycMeas total/iv/gm=0.0272/0.0176/0.0096, | PriorBnd post/prior=1.71e-05/0.00e+00 | Best 0.0218 | Patience 54/100
 >> Epoch 148 | Train Total=10.1054 | Val post/prior Total=9.5507/9.5754, Recon post/prior=0.9011/0.8793, KL=5.2694, | CycSim post total/iv/gm=0.6012/0.2520/0.3492, | CycSim prior total/iv/gm=0.8689/0.3799/0.4890, | CycMeas total/iv/gm=0.0410/0.0252/0.0158, | PriorBnd post/prior=3.19e-05/0.00e+00 | Best 0.0218 | Patience 55/100
 >> Epoch 149 | Train Total=10.9439 | Val post/prior Total=8.2433/7.7096, Recon post/prior=0.8872/0.8730, KL=6.4895, | CycSim post total/iv/gm=0.4108/0.1710/0.2398, | CycSim prior total/iv/gm=0.6828/0.2974/0.3854, | CycMeas total/iv/gm=0.0574/0.0267/0.0307, | PriorBnd post/prior=1.12e-05/0.00e+00 | Best 0.0218 | Patience 56/100
 >> Epoch 150 | Train Total=7.9470 | Val post/prior Total=8.0647/7.7374, Recon post/prior=0.8825/0.8671, KL=7.1406, | CycSim post total/iv/gm=0.3608/0.1474/0.2134, | CycSim prior total/iv/gm=0.6855/0.2972/0.3883, | CycMeas total/iv/gm=0.1233/0.0516/0.0716, | PriorBnd post/prior=2.27e-04/0.00e+00 | Best 0.0218 | Patience 57/100
 >> Epoch 151 | Train Total=7.5012 | Val post/prior Total=8.1483/8.5203, Recon post/prior=0.8797/0.8666, KL=7.3463, | CycSim post total/iv/gm=0.3592/0.1494/0.2098, | CycSim prior total/iv/gm=0.7644/0.3329/0.4315, | CycMeas total/iv/gm=0.0704/0.0322/0.0381, | PriorBnd post/prior=2.75e-05/2.57e-06 | Best 0.0218 | Patience 58/100
 >> Epoch 152 | Train Total=7.3740 | Val post/prior Total=7.6726/8.1735, Recon post/prior=0.9072/0.8747, KL=6.5627, | CycSim post total/iv/gm=0.3480/0.1445/0.2035, | CycSim prior total/iv/gm=0.7285/0.3170/0.4115, | CycMeas total/iv/gm=0.1093/0.0476/0.0618, | PriorBnd post/prior=6.92e-04/6.94e-06 | Best 0.0218 | Patience 59/100
 >> Epoch 153 | Train Total=7.9454 | Val post/prior Total=7.5204/9.9537, Recon post/prior=0.8786/0.8571, KL=5.4522, | CycSim post total/iv/gm=0.3913/0.1658/0.2254, | CycSim prior total/iv/gm=0.9089/0.4002/0.5087, | CycMeas total/iv/gm=0.0548/0.0305/0.0242, | PriorBnd post/prior=9.14e-05/0.00e+00 | Best 0.0218 | Patience 60/100
 >> Epoch 154 | Train Total=8.4470 | Val post/prior Total=7.1449/8.4754, Recon post/prior=0.8875/0.8702, KL=4.8004, | CycSim post total/iv/gm=0.3854/0.1582/0.2272, | CycSim prior total/iv/gm=0.7598/0.3314/0.4284, | CycMeas total/iv/gm=0.0443/0.0282/0.0161, | PriorBnd post/prior=9.35e-05/2.57e-08 | Best 0.0218 | Patience 61/100
 >> Epoch 155 | Train Total=9.4456 | Val post/prior Total=12.3123/9.1034, Recon post/prior=0.9694/0.9348, KL=12.1451, | CycSim post total/iv/gm=0.5265/0.2169/0.3096, | CycSim prior total/iv/gm=0.8156/0.3530/0.4625, | CycMeas total/iv/gm=0.0850/0.0483/0.0367, | PriorBnd post/prior=1.85e-03/1.77e-05 | Best 0.0218 | Patience 62/100
 >> Epoch 156 | Train Total=22.0786 | Val post/prior Total=25.6965/10.0223, Recon post/prior=1.0889/1.0169, KL=35.4551, | CycSim post total/iv/gm=0.6870/0.2880/0.3990, | CycSim prior total/iv/gm=0.8987/0.3912/0.5075, | CycMeas total/iv/gm=0.1113/0.0568/0.0545, | PriorBnd post/prior=5.12e-03/6.79e-04 | Best 0.0218 | Patience 63/100
 >> Epoch 157 | Train Total=25.9474 | Val post/prior Total=30.3012/9.8110, Recon post/prior=1.0507/1.0122, KL=43.7591, | CycSim post total/iv/gm=0.7363/0.3139/0.4223, | CycSim prior total/iv/gm=0.8770/0.3840/0.4930, | CycMeas total/iv/gm=0.2167/0.1033/0.1133, | PriorBnd post/prior=7.84e-04/1.63e-04 | Best 0.0218 | Patience 64/100
 >> Epoch 158 | Train Total=30.0424 | Val post/prior Total=12.4172/10.4766, Recon post/prior=0.9466/0.9117, KL=7.7246, | CycSim post total/iv/gm=0.7604/0.3274/0.4330, | CycSim prior total/iv/gm=0.9533/0.4174/0.5358, | CycMeas total/iv/gm=0.2871/0.1195/0.1676, | PriorBnd post/prior=1.06e-03/0.00e+00 | Best 0.0218 | Patience 65/100
 >> Epoch 159 | Train Total=15.4558 | Val post/prior Total=12.9426/9.8077, Recon post/prior=0.9366/0.8986, KL=8.8021, | CycSim post total/iv/gm=0.7601/0.3282/0.4319, | CycSim prior total/iv/gm=0.8884/0.3936/0.4948, | CycMeas total/iv/gm=0.2253/0.0983/0.1270, | PriorBnd post/prior=1.38e-04/0.00e+00 | Best 0.0218 | Patience 66/100
 >> Epoch 160 | Train Total=16.0222 | Val post/prior Total=13.1002/10.4914, Recon post/prior=0.9512/0.9032, KL=9.1317, | CycSim post total/iv/gm=0.7579/0.3257/0.4322, | CycSim prior total/iv/gm=0.9561/0.4197/0.5364, | CycMeas total/iv/gm=0.2387/0.0975/0.1412, | PriorBnd post/prior=3.64e-04/0.00e+00 | Best 0.0218 | Patience 67/100
 >> Epoch 161 | Train Total=14.8691 | Val post/prior Total=15.6707/11.2014, Recon post/prior=0.9346/0.8989, KL=14.2006, | CycSim post total/iv/gm=0.7632/0.3281/0.4351, | CycSim prior total/iv/gm=1.0266/0.4545/0.5721, | CycMeas total/iv/gm=0.3374/0.1450/0.1924, | PriorBnd post/prior=6.48e-05/0.00e+00 | Best 0.0218 | Patience 68/100
 >> Epoch 162 | Train Total=17.9797 | Val post/prior Total=15.8734/11.1533, Recon post/prior=0.9412/0.9047, KL=14.2911, | CycSim post total/iv/gm=0.7783/0.3385/0.4398, | CycSim prior total/iv/gm=1.0213/0.4532/0.5680, | CycMeas total/iv/gm=0.3303/0.1367/0.1935, | PriorBnd post/prior=1.74e-04/0.00e+00 | Best 0.0218 | Patience 69/100
 >> Epoch 163 | Train Total=18.2705 | Val post/prior Total=12.9890/9.8582, Recon post/prior=0.9383/0.9020, KL=9.6321, | CycSim post total/iv/gm=0.7231/0.3118/0.4113, | CycSim prior total/iv/gm=0.8924/0.3928/0.4995, | CycMeas total/iv/gm=0.2931/0.1170/0.1761, | PriorBnd post/prior=3.85e-04/0.00e+00 | Best 0.0218 | Patience 70/100
 >> Epoch 164 | Train Total=16.0026 | Val post/prior Total=15.2124/10.5221, Recon post/prior=0.9258/0.8955, KL=15.1089, | CycSim post total/iv/gm=0.6728/0.2877/0.3851, | CycSim prior total/iv/gm=0.9582/0.4220/0.5362, | CycMeas total/iv/gm=0.4208/0.1754/0.2455, | PriorBnd post/prior=2.10e-05/0.00e+00 | Best 0.0218 | Patience 71/100
 >> Epoch 165 | Train Total=16.9684 | Val post/prior Total=12.6085/11.1439, Recon post/prior=0.9472/0.9058, KL=9.2438, | CycSim post total/iv/gm=0.7035/0.3002/0.4033, | CycSim prior total/iv/gm=1.0207/0.4541/0.5666, | CycMeas total/iv/gm=0.2822/0.1222/0.1600, | PriorBnd post/prior=4.78e-05/0.00e+00 | Best 0.0218 | Patience 72/100
 >> Epoch 166 | Train Total=17.7169 | Val post/prior Total=13.2059/11.9477, Recon post/prior=0.9325/0.8973, KL=9.1873, | CycSim post total/iv/gm=0.7676/0.3313/0.4363, | CycSim prior total/iv/gm=1.1007/0.4879/0.6128, | CycMeas total/iv/gm=0.4060/0.1727/0.2333, | PriorBnd post/prior=1.75e-04/0.00e+00 | Best 0.0218 | Patience 73/100
 >> Epoch 167 | Train Total=19.0439 | Val post/prior Total=12.2244/12.0882, Recon post/prior=0.9383/0.9136, KL=7.3294, | CycSim post total/iv/gm=0.7618/0.3286/0.4331, | CycSim prior total/iv/gm=1.1123/0.4929/0.6195, | CycMeas total/iv/gm=0.4837/0.2089/0.2748, | PriorBnd post/prior=1.05e-04/0.00e+00 | Best 0.0218 | Patience 74/100
 >> Epoch 168 | Train Total=17.9381 | Val post/prior Total=11.4414/12.0910, Recon post/prior=0.9226/0.8994, KL=7.1917, | CycSim post total/iv/gm=0.6920/0.3014/0.3906, | CycSim prior total/iv/gm=1.1138/0.4949/0.6189, | CycMeas total/iv/gm=0.5089/0.2168/0.2921, | PriorBnd post/prior=3.28e-05/0.00e+00 | Best 0.0218 | Patience 75/100
 >> Epoch 169 | Train Total=16.3912 | Val post/prior Total=11.3253/10.9496, Recon post/prior=0.9409/0.9097, KL=7.2364, | CycSim post total/iv/gm=0.6762/0.2894/0.3868, | CycSim prior total/iv/gm=0.9992/0.4406/0.5587, | CycMeas total/iv/gm=0.4447/0.1905/0.2541, | PriorBnd post/prior=1.47e-04/0.00e+00 | Best 0.0218 | Patience 76/100
 >> Epoch 170 | Train Total=17.0188 | Val post/prior Total=13.2153/12.9042, Recon post/prior=0.9205/0.8961, KL=11.8103, | CycSim post total/iv/gm=0.6386/0.2744/0.3643, | CycSim prior total/iv/gm=1.1948/0.5274/0.6674, | CycMeas total/iv/gm=0.5768/0.2407/0.3361, | PriorBnd post/prior=3.41e-06/0.00e+00 | Best 0.0218 | Patience 77/100
 >> Epoch 171 | Train Total=17.8610 | Val post/prior Total=13.8212/11.6055, Recon post/prior=0.9432/0.9094, KL=10.4917, | CycSim post total/iv/gm=0.7628/0.3310/0.4318, | CycSim prior total/iv/gm=1.0654/0.4743/0.5911, | CycMeas total/iv/gm=0.3937/0.1677/0.2260, | PriorBnd post/prior=8.58e-07/0.00e+00 | Best 0.0218 | Patience 78/100
 >> Epoch 172 | Train Total=19.8424 | Val post/prior Total=13.9435/9.8725, Recon post/prior=0.9419/0.9093, KL=9.8675, | CycSim post total/iv/gm=0.8064/0.3519/0.4545, | CycSim prior total/iv/gm=0.8934/0.3957/0.4977, | CycMeas total/iv/gm=0.2629/0.1057/0.1573, | PriorBnd post/prior=6.49e-05/0.00e+00 | Best 0.0218 | Patience 79/100
 >> Epoch 173 | Train Total=17.0629 | Val post/prior Total=13.3020/10.7679, Recon post/prior=0.9282/0.9025, KL=10.3034, | CycSim post total/iv/gm=0.7218/0.3128/0.4091, | CycSim prior total/iv/gm=0.9825/0.4347/0.5478, | CycMeas total/iv/gm=0.3746/0.1550/0.2197, | PriorBnd post/prior=2.96e-05/0.00e+00 | Best 0.0218 | Patience 80/100
 >> Epoch 174 | Train Total=16.5306 | Val post/prior Total=11.9709/10.7977, Recon post/prior=0.9303/0.9042, KL=8.8385, | CycSim post total/iv/gm=0.6618/0.2877/0.3741, | CycSim prior total/iv/gm=0.9853/0.4392/0.5461, | CycMeas total/iv/gm=0.3804/0.1594/0.2210, | PriorBnd post/prior=5.76e-05/0.00e+00 | Best 0.0218 | Patience 81/100
 >> Epoch 175 | Train Total=16.9139 | Val post/prior Total=12.5873/11.9300, Recon post/prior=0.9275/0.8946, KL=11.3687, | CycSim post total/iv/gm=0.5972/0.2584/0.3387, | CycSim prior total/iv/gm=1.0980/0.4884/0.6096, | CycMeas total/iv/gm=0.5294/0.2234/0.3060, | PriorBnd post/prior=1.82e-04/0.00e+00 | Best 0.0218 | Patience 82/100
 >> Epoch 176 | Train Total=17.4975 | Val post/prior Total=11.9968/11.4992, Recon post/prior=0.9126/0.8920, KL=9.2023, | CycSim post total/iv/gm=0.6480/0.2836/0.3644, | CycSim prior total/iv/gm=1.0548/0.4654/0.5894, | CycMeas total/iv/gm=0.5644/0.2299/0.3345, | PriorBnd post/prior=8.00e-06/0.00e+00 | Best 0.0218 | Patience 83/100
 >> Epoch 177 | Train Total=16.7843 | Val post/prior Total=12.1874/11.8586, Recon post/prior=0.9309/0.9044, KL=8.2628, | CycSim post total/iv/gm=0.7121/0.3062/0.4059, | CycSim prior total/iv/gm=1.0899/0.4832/0.6067, | CycMeas total/iv/gm=0.5258/0.2215/0.3043, | PriorBnd post/prior=4.82e-05/0.00e+00 | Best 0.0218 | Patience 84/100
 >> Epoch 178 | Train Total=19.1202 | Val post/prior Total=11.6327/12.7772, Recon post/prior=0.9348/0.9071, KL=6.5991, | CycSim post total/iv/gm=0.7395/0.3195/0.4199, | CycSim prior total/iv/gm=1.1804/0.5239/0.6564, | CycMeas total/iv/gm=0.6347/0.2756/0.3592, | PriorBnd post/prior=6.15e-05/0.00e+00 | Best 0.0218 | Patience 85/100
 >> Epoch 179 | Train Total=19.5076 | Val post/prior Total=14.4405/13.5710, Recon post/prior=0.9349/0.8975, KL=12.8285, | CycSim post total/iv/gm=0.7088/0.3078/0.4009, | CycSim prior total/iv/gm=1.2599/0.5579/0.7020, | CycMeas total/iv/gm=0.7147/0.3075/0.4072, | PriorBnd post/prior=1.53e-05/0.00e+00 | Best 0.0218 | Patience 86/100
 >> Epoch 180 | Train Total=18.7173 | Val post/prior Total=13.9192/11.9566, Recon post/prior=0.9284/0.8943, KL=12.1093, | CycSim post total/iv/gm=0.6933/0.3026/0.3906, | CycSim prior total/iv/gm=1.1003/0.4860/0.6143, | CycMeas total/iv/gm=0.5722/0.2385/0.3337, | PriorBnd post/prior=1.78e-05/0.00e+00 | Best 0.0218 | Patience 87/100
 >> Epoch 181 | Train Total=17.9271 | Val post/prior Total=10.5142/11.9113, Recon post/prior=0.9493/0.8893, KL=4.9339, | CycSim post total/iv/gm=0.7094/0.3093/0.4001, | CycSim prior total/iv/gm=1.0963/0.4834/0.6129, | CycMeas total/iv/gm=0.5725/0.2386/0.3339, | PriorBnd post/prior=1.16e-04/0.00e+00 | Best 0.0218 | Patience 88/100
 >> Epoch 182 | Train Total=19.9737 | Val post/prior Total=18.0731/11.3981, Recon post/prior=0.9439/0.8929, KL=18.3511, | CycSim post total/iv/gm=0.7950/0.3466/0.4483, | CycSim prior total/iv/gm=1.0450/0.4623/0.5826, | CycMeas total/iv/gm=0.5337/0.2224/0.3113, | PriorBnd post/prior=6.63e-05/0.00e+00 | Best 0.0218 | Patience 89/100
 >> Epoch 183 | Train Total=19.2388 | Val post/prior Total=14.5696/12.5425, Recon post/prior=0.9289/0.8916, KL=12.1603, | CycSim post total/iv/gm=0.7557/0.3282/0.4275, | CycSim prior total/iv/gm=1.1576/0.5118/0.6459, | CycMeas total/iv/gm=0.7237/0.3097/0.4139, | PriorBnd post/prior=5.95e-06/0.00e+00 | Best 0.0218 | Patience 90/100
 >> Epoch 184 | Train Total=19.3946 | Val post/prior Total=14.8882/12.7127, Recon post/prior=0.9281/0.8904, KL=13.3730, | CycSim post total/iv/gm=0.7270/0.3168/0.4102, | CycSim prior total/iv/gm=1.1745/0.5196/0.6548, | CycMeas total/iv/gm=0.7548/0.3228/0.4319, | PriorBnd post/prior=6.48e-06/0.00e+00 | Best 0.0218 | Patience 91/100
 >> Epoch 185 | Train Total=10.8508 | Val post/prior Total=16.2290/10.0658, Recon post/prior=0.9166/0.9056, KL=17.4325, | CycSim post total/iv/gm=0.6593/0.2940/0.3653, | CycSim prior total/iv/gm=0.9142/0.4080/0.5061, | CycMeas total/iv/gm=0.1536/0.0648/0.0889, | PriorBnd post/prior=9.35e-09/0.00e+00 | Best 0.0218 | Patience 92/100
 >> Epoch 186 | Train Total=8.7627 | Val post/prior Total=11.4338/10.4690, Recon post/prior=0.8982/0.8886, KL=9.5061, | CycSim post total/iv/gm=0.5780/0.2566/0.3213, | CycSim prior total/iv/gm=0.9557/0.4230/0.5327, | CycMeas total/iv/gm=0.2120/0.0850/0.1271, | PriorBnd post/prior=1.47e-06/0.00e+00 | Best 0.0218 | Patience 93/100
 >> Epoch 187 | Train Total=8.2104 | Val post/prior Total=9.4152/9.6130, Recon post/prior=0.8988/0.8912, KL=7.0298, | CycSim post total/iv/gm=0.4998/0.2214/0.2784, | CycSim prior total/iv/gm=0.8701/0.3862/0.4839, | CycMeas total/iv/gm=0.1802/0.0736/0.1065, | PriorBnd post/prior=1.14e-05/0.00e+00 | Best 0.0218 | Patience 94/100
 >> Epoch 188 | Train Total=7.7878 | Val post/prior Total=9.2021/10.0152, Recon post/prior=0.8942/0.8841, KL=7.4069, | CycSim post total/iv/gm=0.4601/0.2024/0.2578, | CycSim prior total/iv/gm=0.9107/0.4013/0.5095, | CycMeas total/iv/gm=0.2156/0.0903/0.1253, | PriorBnd post/prior=2.37e-05/0.00e+00 | Best 0.0218 | Patience 95/100
 >> Epoch 189 | Train Total=7.7019 | Val post/prior Total=9.7956/10.6026, Recon post/prior=0.8949/0.8833, KL=8.5302, | CycSim post total/iv/gm=0.4632/0.2046/0.2587, | CycSim prior total/iv/gm=0.9692/0.4244/0.5448, | CycMeas total/iv/gm=0.2472/0.1033/0.1438, | PriorBnd post/prior=5.89e-06/0.00e+00 | Best 0.0218 | Patience 96/100
 >> Epoch 190 | Train Total=8.5458 | Val post/prior Total=8.8117/11.3100, Recon post/prior=0.8880/0.8745, KL=5.6419, | CycSim post total/iv/gm=0.5100/0.2253/0.2847, | CycSim prior total/iv/gm=1.0395/0.4554/0.5841, | CycMeas total/iv/gm=0.3826/0.1646/0.2180, | PriorBnd post/prior=2.87e-06/0.00e+00 | Best 0.0218 | Patience 97/100
 >> Epoch 191 | Train Total=8.4605 | Val post/prior Total=10.9624/10.8426, Recon post/prior=0.8921/0.8752, KL=9.9195, | CycSim post total/iv/gm=0.5108/0.2255/0.2853, | CycSim prior total/iv/gm=0.9933/0.4353/0.5579, | CycMeas total/iv/gm=0.3242/0.1378/0.1864, | PriorBnd post/prior=2.49e-06/0.00e+00 | Best 0.0218 | Patience 98/100
 >> Epoch 192 | Train Total=8.9267 | Val post/prior Total=13.2093/10.7143, Recon post/prior=0.8901/0.8744, KL=13.1666, | CycSim post total/iv/gm=0.5733/0.2532/0.3201, | CycSim prior total/iv/gm=0.9802/0.4312/0.5490, | CycMeas total/iv/gm=0.3571/0.1512/0.2059, | PriorBnd post/prior=1.02e-05/0.00e+00 | Best 0.0218 | Patience 99/100
 >> Epoch 193 | Train Total=10.4144 | Val post/prior Total=12.9522/11.8676, Recon post/prior=0.9137/0.8803, KL=11.1932, | CycSim post total/iv/gm=0.6439/0.2840/0.3598, | CycSim prior total/iv/gm=1.0934/0.4847/0.6088, | CycMeas total/iv/gm=0.5073/0.2214/0.2860, | PriorBnd post/prior=6.33e-06/0.00e+00 | Best 0.0218 | Patience 100/100
[EarlyStop] at epoch 193
[Diag] Start to calcaulte diag in test preocess... 
[Diag] wrote 569 rows to temp_Unidi_cvae_14param_2channel\cvae_20251201-130538\diag_test.csv
[Diag] proxy_floor_ps  P50=0.0061  P90=0.0250  P95=0.0328  P99=0.0514
[Test] prior total=6.378135 | prior recon=0.861987 | kl=2.758616 | prior cyc_sim=0.551115 | cyc_meas=0.021820 | prior_l2=0.282011 | prior_bnd=0.000004 | 
