[log] tee initialized at 2025-11-28 03:39:04 -> temp_Unidi_cvae_14param_2channel\session_20251128-033904.log
Using CUDA device 0: NVIDIA GeForce RTX 4060 Laptop GPU
[log] tee initialized at 2025-11-28 03:39:08 -> temp_Unidi_cvae_14param_2channel\cvae_20251128-033908\train.log
[Data] Warning: Single measurement sample detected. Duplicating to N=2 for BatchNorm compatibility.
[Info] Loading dual proxies from temp_Unidi_cvae_14param_2channel/proxy_dual
[L_trust] using 20000 ref rows from temp_Unidi_cvae_14param_2channel/proxy_dual\proxy_Ytr_norm.npy
D:\Miniconda\envs\DL\Lib\site-packages\torch\optim\lr_scheduler.py:182: UserWarning: Detected call of `lr_scheduler.step()` before `optimizer.step()`. In PyTorch 1.1.0 and later, you should call them in the opposite order: `optimizer.step()` before `lr_scheduler.step()`.  Failure to do this will result in PyTorch skipping the first value of the learning rate schedule. See more details at https://pytorch.org/docs/stable/optim.html#how-to-adjust-learning-rate
  warnings.warn(
 >> Epoch 001 | Train Total=9.6899 | Val post/prior Total=93.0259/14.3216, Recon post/prior=1.3654/1.4713, KL=160.9576, | CycSim post total/iv/gm=1.1157/0.4803/0.6353, | CycSim prior total/iv/gm=1.2821/0.5482/0.7339, | CycMeas total/iv/gm=1.2040/0.5705/0.6335, | PriorBnd post/prior=3.74e-02/4.57e-02 | Best inf | Patience 1/40
[Update] best val_total_post improved to 93.025944 @ epoch 1
 >> Epoch 002 | Train Total=5.0854 | Val post/prior Total=58.1811/10.8962, Recon post/prior=1.2927/1.3553, KL=96.7796, | CycSim post total/iv/gm=0.8477/0.3628/0.4849, | CycSim prior total/iv/gm=0.9515/0.4058/0.5457, | CycMeas total/iv/gm=0.9578/0.4706/0.4872, | PriorBnd post/prior=2.82e-02/3.43e-02 | Best 93.0259 | Patience 1/40
[Update] best val_total_post improved to 58.181144 @ epoch 2
 >> Epoch 003 | Train Total=4.5030 | Val post/prior Total=44.4401/9.3214, Recon post/prior=1.2752/1.3186, KL=71.4741, | CycSim post total/iv/gm=0.7407/0.3153/0.4254, | CycSim prior total/iv/gm=0.7978/0.3420/0.4559, | CycMeas total/iv/gm=0.7436/0.3554/0.3881, | PriorBnd post/prior=2.60e-02/3.06e-02 | Best 58.1811 | Patience 1/40
[Update] best val_total_post improved to 44.440106 @ epoch 3
 >> Epoch 004 | Train Total=4.2301 | Val post/prior Total=39.7055/8.4090, Recon post/prior=1.2646/1.3183, KL=63.3578, | CycSim post total/iv/gm=0.6741/0.2846/0.3895, | CycSim prior total/iv/gm=0.7066/0.2985/0.4081, | CycMeas total/iv/gm=0.4447/0.1979/0.2468, | PriorBnd post/prior=2.63e-02/3.39e-02 | Best 44.4401 | Patience 1/40
[Update] best val_total_post improved to 39.705544 @ epoch 4
 >> Epoch 005 | Train Total=4.0147 | Val post/prior Total=38.1567/7.7058, Recon post/prior=1.2513/1.3075, KL=61.7277, | CycSim post total/iv/gm=0.6021/0.2566/0.3455, | CycSim prior total/iv/gm=0.6374/0.2707/0.3667, | CycMeas total/iv/gm=0.4270/0.1890/0.2380, | PriorBnd post/prior=2.30e-02/3.09e-02 | Best 39.7055 | Patience 1/40
[Update] best val_total_post improved to 38.156656 @ epoch 5
 >> Epoch 006 | Train Total=3.8988 | Val post/prior Total=38.1019/7.3166, Recon post/prior=1.2315/1.2724, KL=62.1971, | CycSim post total/iv/gm=0.5753/0.2441/0.3312, | CycSim prior total/iv/gm=0.6022/0.2549/0.3473, | CycMeas total/iv/gm=0.4232/0.1842/0.2391, | PriorBnd post/prior=2.09e-02/2.47e-02 | Best 38.1567 | Patience 1/40
[Update] best val_total_post improved to 38.101893 @ epoch 6
 >> Epoch 007 | Train Total=3.7591 | Val post/prior Total=36.6964/6.4134, Recon post/prior=1.2084/1.2510, KL=60.9362, | CycSim post total/iv/gm=0.5002/0.2139/0.2863, | CycSim prior total/iv/gm=0.5142/0.2188/0.2953, | CycMeas total/iv/gm=0.2255/0.0908/0.1347, | PriorBnd post/prior=1.82e-02/2.20e-02 | Best 38.1019 | Patience 1/40
[Update] best val_total_post improved to 36.696414 @ epoch 7
 >> Epoch 008 | Train Total=3.6801 | Val post/prior Total=38.5125/6.5405, Recon post/prior=1.2025/1.2399, KL=64.3451, | CycSim post total/iv/gm=0.5120/0.2200/0.2920, | CycSim prior total/iv/gm=0.5280/0.2267/0.3012, | CycMeas total/iv/gm=0.2746/0.1118/0.1628, | PriorBnd post/prior=1.68e-02/1.87e-02 | Best 36.6964 | Patience 1/40
 >> Epoch 009 | Train Total=3.6268 | Val post/prior Total=40.6730/6.4236, Recon post/prior=1.1991/1.2393, KL=69.0673, | CycSim post total/iv/gm=0.4922/0.2114/0.2809, | CycSim prior total/iv/gm=0.5163/0.2214/0.2949, | CycMeas total/iv/gm=0.3787/0.1650/0.2137, | PriorBnd post/prior=1.82e-02/2.02e-02 | Best 36.6964 | Patience 2/40
 >> Epoch 010 | Train Total=3.6018 | Val post/prior Total=41.1664/6.2437, Recon post/prior=1.2033/1.2489, KL=70.3522, | CycSim post total/iv/gm=0.4769/0.2043/0.2726, | CycSim prior total/iv/gm=0.4972/0.2123/0.2849, | CycMeas total/iv/gm=0.4647/0.2127/0.2520, | PriorBnd post/prior=1.85e-02/2.12e-02 | Best 36.6964 | Patience 3/40
 >> Epoch 011 | Train Total=3.5617 | Val post/prior Total=45.2000/5.9693, Recon post/prior=1.1864/1.2293, KL=79.0444, | CycSim post total/iv/gm=0.4474/0.1908/0.2566, | CycSim prior total/iv/gm=0.4719/0.2006/0.2714, | CycMeas total/iv/gm=0.2767/0.1134/0.1633, | PriorBnd post/prior=1.65e-02/1.85e-02 | Best 36.6964 | Patience 4/40
 >> Epoch 012 | Train Total=3.5345 | Val post/prior Total=48.9278/5.4787, Recon post/prior=1.1895/1.2335, KL=86.9146, | CycSim post total/iv/gm=0.4264/0.1826/0.2437, | CycSim prior total/iv/gm=0.4224/0.1802/0.2422, | CycMeas total/iv/gm=0.3169/0.1380/0.1789, | PriorBnd post/prior=1.72e-02/1.98e-02 | Best 36.6964 | Patience 5/40
 >> Epoch 013 | Train Total=3.4820 | Val post/prior Total=49.5441/5.4970, Recon post/prior=1.1807/1.2315, KL=88.6416, | CycSim post total/iv/gm=0.4026/0.1720/0.2305, | CycSim prior total/iv/gm=0.4243/0.1805/0.2438, | CycMeas total/iv/gm=0.3814/0.1687/0.2127, | PriorBnd post/prior=1.69e-02/2.03e-02 | Best 36.6964 | Patience 6/40
 >> Epoch 014 | Train Total=3.4620 | Val post/prior Total=51.2238/5.5381, Recon post/prior=1.1821/1.2224, KL=91.8312, | CycSim post total/iv/gm=0.4109/0.1763/0.2346, | CycSim prior total/iv/gm=0.4296/0.1835/0.2460, | CycMeas total/iv/gm=0.1479/0.0588/0.0891, | PriorBnd post/prior=1.59e-02/1.76e-02 | Best 36.6964 | Patience 7/40
 >> Epoch 015 | Train Total=3.4309 | Val post/prior Total=54.2372/5.1689, Recon post/prior=1.1740/1.2168, KL=98.2690, | CycSim post total/iv/gm=0.3912/0.1680/0.2233, | CycSim prior total/iv/gm=0.3931/0.1675/0.2255, | CycMeas total/iv/gm=0.3444/0.1552/0.1892, | PriorBnd post/prior=1.56e-02/1.88e-02 | Best 36.6964 | Patience 8/40
 >> Epoch 016 | Train Total=3.3996 | Val post/prior Total=56.3388/5.1628, Recon post/prior=1.1613/1.2025, KL=102.6765, | CycSim post total/iv/gm=0.3823/0.1631/0.2192, | CycSim prior total/iv/gm=0.3941/0.1674/0.2267, | CycMeas total/iv/gm=0.1623/0.0696/0.0928, | PriorBnd post/prior=1.54e-02/1.78e-02 | Best 36.6964 | Patience 9/40
 >> Epoch 017 | Train Total=3.3722 | Val post/prior Total=59.3593/4.9145, Recon post/prior=1.1413/1.1865, KL=108.9608, | CycSim post total/iv/gm=0.3722/0.1581/0.2141, | CycSim prior total/iv/gm=0.3709/0.1578/0.2131, | CycMeas total/iv/gm=0.1583/0.0725/0.0859, | PriorBnd post/prior=1.50e-02/1.85e-02 | Best 36.6964 | Patience 10/40
 >> Epoch 018 | Train Total=3.3568 | Val post/prior Total=64.6187/4.7698, Recon post/prior=1.1448/1.1899, KL=119.4729, | CycSim post total/iv/gm=0.3722/0.1607/0.2115, | CycSim prior total/iv/gm=0.3560/0.1530/0.2030, | CycMeas total/iv/gm=0.1900/0.0886/0.1015, | PriorBnd post/prior=1.76e-02/2.23e-02 | Best 36.6964 | Patience 11/40
 >> Epoch 019 | Train Total=3.3244 | Val post/prior Total=66.6846/4.4839, Recon post/prior=1.1148/1.1544, KL=124.0911, | CycSim post total/iv/gm=0.3509/0.1518/0.1992, | CycSim prior total/iv/gm=0.3311/0.1431/0.1880, | CycMeas total/iv/gm=0.2104/0.0956/0.1149, | PriorBnd post/prior=1.44e-02/1.60e-02 | Best 36.6964 | Patience 12/40
 >> Epoch 020 | Train Total=3.2708 | Val post/prior Total=76.5443/4.8379, Recon post/prior=1.1466/1.1858, KL=143.1652, | CycSim post total/iv/gm=0.3799/0.1645/0.2154, | CycSim prior total/iv/gm=0.3633/0.1569/0.2064, | CycMeas total/iv/gm=0.1311/0.0606/0.0705, | PriorBnd post/prior=2.01e-02/2.24e-02 | Best 36.6964 | Patience 13/40
 >> Epoch 021 | Train Total=3.2622 | Val post/prior Total=83.5622/4.7413, Recon post/prior=1.1335/1.1730, KL=156.8103, | CycSim post total/iv/gm=0.4008/0.1747/0.2261, | CycSim prior total/iv/gm=0.3550/0.1545/0.2005, | CycMeas total/iv/gm=0.1052/0.0524/0.0527, | PriorBnd post/prior=1.89e-02/2.20e-02 | Best 36.6964 | Patience 14/40
 >> Epoch 022 | Train Total=3.2538 | Val post/prior Total=88.2684/4.4206, Recon post/prior=1.1137/1.1493, KL=166.7903, | CycSim post total/iv/gm=0.3744/0.1597/0.2147, | CycSim prior total/iv/gm=0.3253/0.1389/0.1865, | CycMeas total/iv/gm=0.1450/0.0745/0.0705, | PriorBnd post/prior=1.75e-02/1.94e-02 | Best 36.6964 | Patience 15/40
 >> Epoch 023 | Train Total=3.2452 | Val post/prior Total=106.6375/4.6646, Recon post/prior=1.1067/1.1437, KL=203.5223, | CycSim post total/iv/gm=0.3755/0.1610/0.2145, | CycSim prior total/iv/gm=0.3501/0.1485/0.2017, | CycMeas total/iv/gm=0.2658/0.1267/0.1391, | PriorBnd post/prior=1.48e-02/1.68e-02 | Best 36.6964 | Patience 16/40
 >> Epoch 024 | Train Total=3.2221 | Val post/prior Total=93.6424/4.3571, Recon post/prior=1.1086/1.1450, KL=177.8437, | CycSim post total/iv/gm=0.3597/0.1546/0.2051, | CycSim prior total/iv/gm=0.3192/0.1377/0.1815, | CycMeas total/iv/gm=0.2853/0.1360/0.1493, | PriorBnd post/prior=1.76e-02/1.80e-02 | Best 36.6964 | Patience 17/40
 >> Epoch 025 | Train Total=3.2007 | Val post/prior Total=101.8843/4.6610, Recon post/prior=1.1025/1.1338, KL=193.7499, | CycSim post total/iv/gm=0.3892/0.1690/0.2202, | CycSim prior total/iv/gm=0.3507/0.1537/0.1970, | CycMeas total/iv/gm=0.2924/0.1347/0.1577, | PriorBnd post/prior=1.72e-02/1.75e-02 | Best 36.6964 | Patience 18/40
 >> Epoch 026 | Train Total=3.1457 | Val post/prior Total=108.2796/4.4700, Recon post/prior=1.0953/1.1163, KL=206.7458, | CycSim post total/iv/gm=0.3797/0.1632/0.2165, | CycSim prior total/iv/gm=0.3332/0.1443/0.1889, | CycMeas total/iv/gm=0.4335/0.1923/0.2412, | PriorBnd post/prior=1.71e-02/1.70e-02 | Best 36.6964 | Patience 19/40
 >> Epoch 027 | Train Total=3.1559 | Val post/prior Total=100.6692/4.6661, Recon post/prior=1.1103/1.1305, KL=190.7905, | CycSim post total/iv/gm=0.4148/0.1779/0.2370, | CycSim prior total/iv/gm=0.3514/0.1525/0.1989, | CycMeas total/iv/gm=0.3487/0.1518/0.1968, | PriorBnd post/prior=2.02e-02/2.04e-02 | Best 36.6964 | Patience 20/40
 >> Epoch 028 | Train Total=3.1347 | Val post/prior Total=120.7348/4.3550, Recon post/prior=1.0854/1.0966, KL=231.6487, | CycSim post total/iv/gm=0.3811/0.1640/0.2172, | CycSim prior total/iv/gm=0.3238/0.1385/0.1853, | CycMeas total/iv/gm=0.3478/0.1555/0.1923, | PriorBnd post/prior=1.34e-02/1.27e-02 | Best 36.6964 | Patience 21/40
 >> Epoch 029 | Train Total=3.1179 | Val post/prior Total=111.2990/4.6380, Recon post/prior=1.0794/1.0942, KL=212.0942, | CycSim post total/iv/gm=0.4159/0.1782/0.2377, | CycSim prior total/iv/gm=0.3522/0.1532/0.1990, | CycMeas total/iv/gm=0.4274/0.1927/0.2347, | PriorBnd post/prior=1.65e-02/1.73e-02 | Best 36.6964 | Patience 22/40
 >> Epoch 030 | Train Total=3.0807 | Val post/prior Total=121.0530/4.5945, Recon post/prior=1.0592/1.0709, KL=231.5055, | CycSim post total/iv/gm=0.4228/0.1794/0.2434, | CycSim prior total/iv/gm=0.3502/0.1508/0.1994, | CycMeas total/iv/gm=0.4349/0.1914/0.2435, | PriorBnd post/prior=1.33e-02/1.38e-02 | Best 36.6964 | Patience 23/40
 >> Epoch 031 | Train Total=3.0978 | Val post/prior Total=98.2742/4.5505, Recon post/prior=1.0777/1.0898, KL=186.3643, | CycSim post total/iv/gm=0.4001/0.1694/0.2306, | CycSim prior total/iv/gm=0.3437/0.1475/0.1961, | CycMeas total/iv/gm=0.4932/0.2033/0.2899, | PriorBnd post/prior=1.90e-02/1.99e-02 | Best 36.6964 | Patience 24/40
 >> Epoch 032 | Train Total=3.0855 | Val post/prior Total=115.7942/4.6535, Recon post/prior=1.0387/1.0558, KL=220.9869, | CycSim post total/iv/gm=0.4250/0.1783/0.2467, | CycSim prior total/iv/gm=0.3577/0.1522/0.2055, | CycMeas total/iv/gm=0.4092/0.1777/0.2315, | PriorBnd post/prior=1.05e-02/1.11e-02 | Best 36.6964 | Patience 25/40
 >> Epoch 033 | Train Total=3.0465 | Val post/prior Total=101.9737/5.8370, Recon post/prior=1.0504/1.0635, KL=191.0401, | CycSim post total/iv/gm=0.5391/0.2248/0.3143, | CycSim prior total/iv/gm=0.4752/0.2000/0.2752, | CycMeas total/iv/gm=0.4086/0.1750/0.2336, | PriorBnd post/prior=1.49e-02/1.53e-02 | Best 36.6964 | Patience 26/40
 >> Epoch 034 | Train Total=3.0317 | Val post/prior Total=108.9702/4.9905, Recon post/prior=1.0407/1.0583, KL=206.7481, | CycSim post total/iv/gm=0.4543/0.1859/0.2684, | CycSim prior total/iv/gm=0.3909/0.1606/0.2302, | CycMeas total/iv/gm=0.4842/0.2030/0.2811, | PriorBnd post/prior=1.43e-02/1.66e-02 | Best 36.6964 | Patience 27/40
 >> Epoch 035 | Train Total=3.0544 | Val post/prior Total=125.5698/5.6151, Recon post/prior=1.0577/1.0699, KL=238.2518, | CycSim post total/iv/gm=0.5373/0.2230/0.3143, | CycSim prior total/iv/gm=0.4521/0.1887/0.2634, | CycMeas total/iv/gm=0.4737/0.2025/0.2712, | PriorBnd post/prior=1.84e-02/2.16e-02 | Best 36.6964 | Patience 28/40
 >> Epoch 036 | Train Total=3.0383 | Val post/prior Total=127.4224/4.3326, Recon post/prior=1.0128/1.0310, KL=244.8637, | CycSim post total/iv/gm=0.3966/0.1635/0.2331, | CycSim prior total/iv/gm=0.3279/0.1357/0.1922, | CycMeas total/iv/gm=0.4431/0.1872/0.2559, | PriorBnd post/prior=1.23e-02/1.44e-02 | Best 36.6964 | Patience 29/40
 >> Epoch 037 | Train Total=3.0100 | Val post/prior Total=124.6864/4.1374, Recon post/prior=1.0194/1.0455, KL=239.9622, | CycSim post total/iv/gm=0.3674/0.1532/0.2142, | CycSim prior total/iv/gm=0.3069/0.1285/0.1784, | CycMeas total/iv/gm=0.4081/0.1842/0.2239, | PriorBnd post/prior=1.27e-02/1.56e-02 | Best 36.6964 | Patience 30/40
 >> Epoch 038 | Train Total=2.9690 | Val post/prior Total=110.0782/5.2468, Recon post/prior=1.0156/1.0431, KL=208.6374, | CycSim post total/iv/gm=0.4732/0.1939/0.2793, | CycSim prior total/iv/gm=0.4179/0.1718/0.2462, | CycMeas total/iv/gm=0.4614/0.2001/0.2614, | PriorBnd post/prior=1.50e-02/1.89e-02 | Best 36.6964 | Patience 31/40
 >> Epoch 039 | Train Total=2.9765 | Val post/prior Total=112.0849/5.5008, Recon post/prior=0.9915/1.0118, KL=212.1323, | CycSim post total/iv/gm=0.5016/0.2050/0.2967, | CycSim prior total/iv/gm=0.4465/0.1822/0.2644, | CycMeas total/iv/gm=0.4725/0.1984/0.2741, | PriorBnd post/prior=1.22e-02/1.47e-02 | Best 36.6964 | Patience 32/40
 >> Epoch 040 | Train Total=2.9835 | Val post/prior Total=119.3128/5.1462, Recon post/prior=1.0005/1.0195, KL=227.1664, | CycSim post total/iv/gm=0.4718/0.1913/0.2805, | CycSim prior total/iv/gm=0.4100/0.1656/0.2444, | CycMeas total/iv/gm=0.5455/0.2309/0.3146, | PriorBnd post/prior=1.47e-02/1.79e-02 | Best 36.6964 | Patience 33/40
 >> Epoch 041 | Train Total=2.9477 | Val post/prior Total=117.2447/4.8042, Recon post/prior=0.9709/0.9917, KL=223.9668, | CycSim post total/iv/gm=0.4280/0.1720/0.2560, | CycSim prior total/iv/gm=0.3789/0.1510/0.2279, | CycMeas total/iv/gm=0.4901/0.2133/0.2768, | PriorBnd post/prior=1.07e-02/1.21e-02 | Best 36.6964 | Patience 34/40
 >> Epoch 042 | Train Total=2.9926 | Val post/prior Total=138.6532/5.0713, Recon post/prior=0.9891/0.9982, KL=265.7953, | CycSim post total/iv/gm=0.4756/0.1929/0.2826, | CycSim prior total/iv/gm=0.4047/0.1633/0.2414, | CycMeas total/iv/gm=0.5298/0.2247/0.3051, | PriorBnd post/prior=1.42e-02/1.49e-02 | Best 36.6964 | Patience 35/40
 >> Epoch 043 | Train Total=2.9292 | Val post/prior Total=151.9351/5.2000, Recon post/prior=0.9830/0.9915, KL=292.2076, | CycSim post total/iv/gm=0.4838/0.1928/0.2910, | CycSim prior total/iv/gm=0.4184/0.1658/0.2526, | CycMeas total/iv/gm=0.4887/0.2073/0.2814, | PriorBnd post/prior=1.18e-02/1.15e-02 | Best 36.6964 | Patience 36/40
 >> Epoch 044 | Train Total=2.9408 | Val post/prior Total=115.6915/5.3937, Recon post/prior=1.0298/1.0378, KL=219.3535, | CycSim post total/iv/gm=0.4972/0.1954/0.3018, | CycSim prior total/iv/gm=0.4325/0.1691/0.2634, | CycMeas total/iv/gm=0.6141/0.2631/0.3510, | PriorBnd post/prior=2.14e-02/2.24e-02 | Best 36.6964 | Patience 37/40
 >> Epoch 045 | Train Total=2.9323 | Val post/prior Total=119.9996/4.9694, Recon post/prior=1.0121/1.0219, KL=228.8665, | CycSim post total/iv/gm=0.4542/0.1802/0.2740, | CycSim prior total/iv/gm=0.3919/0.1548/0.2370, | CycMeas total/iv/gm=0.5524/0.2262/0.3262, | PriorBnd post/prior=1.88e-02/2.07e-02 | Best 36.6964 | Patience 38/40
 >> Epoch 046 | Train Total=2.8669 | Val post/prior Total=138.8548/4.9157, Recon post/prior=0.9934/1.0065, KL=266.8147, | CycSim post total/iv/gm=0.4443/0.1768/0.2674, | CycSim prior total/iv/gm=0.3881/0.1539/0.2342, | CycMeas total/iv/gm=0.5465/0.2295/0.3170, | PriorBnd post/prior=1.74e-02/1.90e-02 | Best 36.6964 | Patience 39/40
 >> Epoch 047 | Train Total=2.9109 | Val post/prior Total=130.3485/4.4603, Recon post/prior=0.9872/1.0046, KL=250.8010, | CycSim post total/iv/gm=0.3950/0.1556/0.2394, | CycSim prior total/iv/gm=0.3426/0.1345/0.2081, | CycMeas total/iv/gm=0.5796/0.2473/0.3322, | PriorBnd post/prior=1.57e-02/1.81e-02 | Best 36.6964 | Patience 40/40
[EarlyStop] at epoch 47
[Diag] Start to calcaulte diag in test preocess... 
[Diag] wrote 373 rows to temp_Unidi_cvae_14param_2channel\cvae_20251128-033908\diag_test.csv
[Diag] proxy_floor_ps  P50=0.0116  P90=0.0402  P95=0.0526  P99=0.0856
[Test] prior total=6.519360 | prior recon=1.239294 | kl=62.251901 | prior cyc_sim=0.523795 | cyc_meas=0.225471 | prior_l2=1.935725 | prior_bnd=0.021407 | 
