[log] tee initialized at 2025-11-06 20:18:06 -> temp_Bidi_cvae\session_20251106-201806.log
Using CUDA device 0: NVIDIA GeForce RTX 4060 Laptop GPU
[log] tee initialized at 2025-11-06 20:18:12 -> temp_Bidi_cvae\cvae_20251106-201812\train.log
[L_trust] using 20000 ref rows from temp_Bidi_cvae/proxy\proxy_Ytr_norm.npy
 >> Epoch 001 | Train Total=141.8024 | Val post/prior Total=13512752.8585/1.2961, Recon post/prior=60.4611/0.8126, KL=66011328.8732, CycSim post/prior=0.2461/0.2276, CycMeas=0.2602, PriorBnd post/prior=9.31e+00/1.67e-03 | Best inf | Patience 1/40
[Update] best val_cyc_meas improved to 0.260196 @ epoch 1
 >> Epoch 002 | Train Total=2.2190 | Val post/prior Total=25.4588/1.0924, Recon post/prior=0.7954/0.7498, KL=118.7131, CycSim post/prior=0.1537/0.1324, CycMeas=0.2273, PriorBnd post/prior=1.22e-02/3.90e-04 | Best 0.2602 | Patience 1/40
[Update] best val_cyc_meas improved to 0.227259 @ epoch 2
 >> Epoch 003 | Train Total=1.1971 | Val post/prior Total=1.9253/0.9790, Recon post/prior=0.7442/0.7262, KL=4.7378, CycSim post/prior=0.1269/0.1058, CycMeas=0.1548, PriorBnd post/prior=4.37e-03/2.14e-04 | Best 0.2273 | Patience 1/40
[Update] best val_cyc_meas improved to 0.154780 @ epoch 3
 >> Epoch 004 | Train Total=1.0591 | Val post/prior Total=0.9974/0.9118, Recon post/prior=0.7233/0.7088, KL=0.4247, CycSim post/prior=0.1007/0.0837, CycMeas=0.1252, PriorBnd post/prior=4.36e-03/2.02e-04 | Best 0.1548 | Patience 1/40
[Update] best val_cyc_meas improved to 0.125164 @ epoch 4
 >> Epoch 005 | Train Total=0.9883 | Val post/prior Total=0.8595/0.9204, Recon post/prior=0.7086/0.7057, KL=0.1060, CycSim post/prior=0.1063/0.0872, CycMeas=0.1349, PriorBnd post/prior=1.54e-04/1.10e-04 | Best 0.1252 | Patience 1/40
 >> Epoch 006 | Train Total=0.9405 | Val post/prior Total=0.8207/0.8733, Recon post/prior=0.6960/0.6925, KL=0.1099, CycSim post/prior=0.0830/0.0698, CycMeas=0.1179, PriorBnd post/prior=4.79e-04/1.82e-04 | Best 0.1252 | Patience 2/40
[Update] best val_cyc_meas improved to 0.117887 @ epoch 6
 >> Epoch 007 | Train Total=0.9109 | Val post/prior Total=0.8111/0.8636, Recon post/prior=0.6911/0.6881, KL=0.0660, CycSim post/prior=0.0869/0.0688, CycMeas=0.1130, PriorBnd post/prior=2.13e-04/8.35e-05 | Best 0.1179 | Patience 1/40
[Update] best val_cyc_meas improved to 0.113018 @ epoch 7
 >> Epoch 008 | Train Total=0.8903 | Val post/prior Total=0.7962/0.8543, Recon post/prior=0.6864/0.6835, KL=0.0597, CycSim post/prior=0.0794/0.0659, CycMeas=0.1112, PriorBnd post/prior=1.95e-04/7.31e-05 | Best 0.1130 | Patience 1/40
[Update] best val_cyc_meas improved to 0.111177 @ epoch 8
 >> Epoch 009 | Train Total=0.8770 | Val post/prior Total=0.7934/0.8507, Recon post/prior=0.6831/0.6802, KL=0.0573, CycSim post/prior=0.0801/0.0626, CycMeas=0.1157, PriorBnd post/prior=1.07e-04/6.02e-05 | Best 0.1112 | Patience 1/40
 >> Epoch 010 | Train Total=0.8677 | Val post/prior Total=0.7879/0.8342, Recon post/prior=0.6793/0.6756, KL=0.0572, CycSim post/prior=0.0785/0.0608, CycMeas=0.1035, PriorBnd post/prior=2.42e-04/6.23e-05 | Best 0.1112 | Patience 2/40
[Update] best val_cyc_meas improved to 0.103476 @ epoch 10
 >> Epoch 011 | Train Total=0.8589 | Val post/prior Total=0.7766/0.8296, Recon post/prior=0.6748/0.6711, KL=0.0456, CycSim post/prior=0.0745/0.0598, CycMeas=0.1045, PriorBnd post/prior=3.72e-04/7.76e-05 | Best 0.1035 | Patience 1/40
 >> Epoch 012 | Train Total=0.8517 | Val post/prior Total=0.7755/0.8338, Recon post/prior=0.6752/0.6723, KL=0.0397, CycSim post/prior=0.0746/0.0599, CycMeas=0.1082, PriorBnd post/prior=2.22e-04/5.98e-05 | Best 0.1035 | Patience 2/40
 >> Epoch 013 | Train Total=0.8426 | Val post/prior Total=0.7640/0.8256, Recon post/prior=0.6721/0.6699, KL=0.0435, CycSim post/prior=0.0668/0.0591, CycMeas=0.1022, PriorBnd post/prior=2.52e-04/7.04e-05 | Best 0.1035 | Patience 3/40
[Update] best val_cyc_meas improved to 0.102233 @ epoch 13
 >> Epoch 014 | Train Total=0.8341 | Val post/prior Total=0.7793/0.8425, Recon post/prior=0.6691/0.6657, KL=0.0429, CycSim post/prior=0.0823/0.0619, CycMeas=0.1246, PriorBnd post/prior=2.82e-04/4.40e-05 | Best 0.1022 | Patience 1/40
 >> Epoch 015 | Train Total=0.8267 | Val post/prior Total=0.7693/0.8206, Recon post/prior=0.6682/0.6653, KL=0.0411, CycSim post/prior=0.0749/0.0589, CycMeas=0.1022, PriorBnd post/prior=2.38e-04/4.45e-05 | Best 0.1022 | Patience 2/40
[Update] best val_cyc_meas improved to 0.102156 @ epoch 15
 >> Epoch 016 | Train Total=0.8203 | Val post/prior Total=0.7593/0.8116, Recon post/prior=0.6624/0.6585, KL=0.0360, CycSim post/prior=0.0717/0.0538, CycMeas=0.1067, PriorBnd post/prior=4.80e-04/4.40e-05 | Best 0.1022 | Patience 1/40
 >> Epoch 017 | Train Total=0.8164 | Val post/prior Total=0.7511/0.8022, Recon post/prior=0.6599/0.6564, KL=0.0318, CycSim post/prior=0.0677/0.0526, CycMeas=0.0994, PriorBnd post/prior=3.99e-04/4.50e-05 | Best 0.1022 | Patience 2/40
[Update] best val_cyc_meas improved to 0.099445 @ epoch 17
 >> Epoch 018 | Train Total=0.8126 | Val post/prior Total=0.7515/0.8039, Recon post/prior=0.6583/0.6551, KL=0.0323, CycSim post/prior=0.0697/0.0526, CycMeas=0.1032, PriorBnd post/prior=1.77e-04/2.71e-05 | Best 0.0994 | Patience 1/40
 >> Epoch 019 | Train Total=0.8082 | Val post/prior Total=0.7496/0.8013, Recon post/prior=0.6576/0.6546, KL=0.0336, CycSim post/prior=0.0683/0.0539, CycMeas=0.0988, PriorBnd post/prior=3.76e-04/2.44e-05 | Best 0.0994 | Patience 2/40
[Update] best val_cyc_meas improved to 0.098768 @ epoch 19
 >> Epoch 020 | Train Total=0.8046 | Val post/prior Total=0.7425/0.7977, Recon post/prior=0.6529/0.6494, KL=0.0356, CycSim post/prior=0.0658/0.0544, CycMeas=0.0996, PriorBnd post/prior=4.47e-04/5.30e-05 | Best 0.0988 | Patience 1/40
 >> Epoch 021 | Train Total=0.7998 | Val post/prior Total=0.7452/0.7953, Recon post/prior=0.6521/0.6486, KL=0.0292, CycSim post/prior=0.0698/0.0519, CycMeas=0.1017, PriorBnd post/prior=3.00e-04/2.85e-05 | Best 0.0988 | Patience 2/40
 >> Epoch 022 | Train Total=0.7969 | Val post/prior Total=0.7416/0.8010, Recon post/prior=0.6522/0.6497, KL=0.0215, CycSim post/prior=0.0683/0.0569, CycMeas=0.0999, PriorBnd post/prior=1.72e-04/2.71e-05 | Best 0.0988 | Patience 3/40
 >> Epoch 023 | Train Total=0.7910 | Val post/prior Total=0.7426/0.7990, Recon post/prior=0.6500/0.6471, KL=0.0251, CycSim post/prior=0.0704/0.0560, CycMeas=0.1021, PriorBnd post/prior=2.82e-04/2.72e-05 | Best 0.0988 | Patience 4/40
 >> Epoch 024 | Train Total=0.7886 | Val post/prior Total=0.7425/0.8031, Recon post/prior=0.6507/0.6484, KL=0.0216, CycSim post/prior=0.0703/0.0571, CycMeas=0.1039, PriorBnd post/prior=1.70e-04/2.02e-05 | Best 0.0988 | Patience 5/40
 >> Epoch 025 | Train Total=0.7865 | Val post/prior Total=0.7362/0.7899, Recon post/prior=0.6455/0.6423, KL=0.0237, CycSim post/prior=0.0689/0.0525, CycMeas=0.1018, PriorBnd post/prior=2.39e-04/2.24e-05 | Best 0.0988 | Patience 6/40
 >> Epoch 026 | Train Total=0.7839 | Val post/prior Total=0.7374/0.7822, Recon post/prior=0.6441/0.6386, KL=0.0296, CycSim post/prior=0.0674/0.0490, CycMeas=0.1020, PriorBnd post/prior=1.04e-03/1.95e-05 | Best 0.0988 | Patience 7/40
 >> Epoch 027 | Train Total=0.7801 | Val post/prior Total=0.7362/0.8051, Recon post/prior=0.6479/0.6465, KL=0.0181, CycSim post/prior=0.0682/0.0581, CycMeas=0.1074, PriorBnd post/prior=3.43e-05/1.37e-05 | Best 0.0988 | Patience 8/40
 >> Epoch 028 | Train Total=0.7800 | Val post/prior Total=0.7273/0.7741, Recon post/prior=0.6387/0.6324, KL=0.0222, CycSim post/prior=0.0623/0.0453, CycMeas=0.1049, PriorBnd post/prior=1.08e-03/3.05e-05 | Best 0.0988 | Patience 9/40
 >> Epoch 029 | Train Total=0.7779 | Val post/prior Total=0.7200/0.7710, Recon post/prior=0.6351/0.6322, KL=0.0240, CycSim post/prior=0.0641/0.0464, CycMeas=0.0997, PriorBnd post/prior=1.96e-04/1.82e-05 | Best 0.0988 | Patience 10/40
 >> Epoch 030 | Train Total=0.7749 | Val post/prior Total=0.7292/0.7676, Recon post/prior=0.6363/0.6279, KL=0.0241, CycSim post/prior=0.0582/0.0477, CycMeas=0.0987, PriorBnd post/prior=1.76e-03/3.42e-05 | Best 0.0988 | Patience 11/40
[Update] best val_cyc_meas improved to 0.098687 @ epoch 30
 >> Epoch 031 | Train Total=0.7725 | Val post/prior Total=0.7125/0.7682, Recon post/prior=0.6326/0.6286, KL=0.0202, CycSim post/prior=0.0595/0.0471, CycMeas=0.0996, PriorBnd post/prior=4.77e-04/1.73e-05 | Best 0.0987 | Patience 1/40
 >> Epoch 032 | Train Total=0.7700 | Val post/prior Total=0.7204/0.7737, Recon post/prior=0.6327/0.6294, KL=0.0177, CycSim post/prior=0.0672/0.0509, CycMeas=0.0999, PriorBnd post/prior=3.06e-04/1.79e-05 | Best 0.0987 | Patience 2/40
 >> Epoch 033 | Train Total=0.7685 | Val post/prior Total=0.7321/0.7973, Recon post/prior=0.6417/0.6384, KL=0.0176, CycSim post/prior=0.0687/0.0601, CycMeas=0.1047, PriorBnd post/prior=6.36e-04/1.35e-05 | Best 0.0987 | Patience 3/40
 >> Epoch 034 | Train Total=0.7675 | Val post/prior Total=0.7197/0.7611, Recon post/prior=0.6310/0.6240, KL=0.0268, CycSim post/prior=0.0595/0.0455, CycMeas=0.0987, PriorBnd post/prior=1.34e-03/3.30e-05 | Best 0.0987 | Patience 4/40
 >> Epoch 035 | Train Total=0.7656 | Val post/prior Total=0.7105/0.7614, Recon post/prior=0.6279/0.6234, KL=0.0213, CycSim post/prior=0.0607/0.0460, CycMeas=0.0992, PriorBnd post/prior=7.25e-04/1.72e-05 | Best 0.0987 | Patience 5/40
 >> Epoch 036 | Train Total=0.7655 | Val post/prior Total=0.7209/0.7623, Recon post/prior=0.6301/0.6232, KL=0.0236, CycSim post/prior=0.0592/0.0467, CycMeas=0.0996, PriorBnd post/prior=1.38e-03/2.41e-05 | Best 0.0987 | Patience 6/40
 >> Epoch 037 | Train Total=0.7638 | Val post/prior Total=0.7250/0.7588, Recon post/prior=0.6283/0.6207, KL=0.0184, CycSim post/prior=0.0569/0.0462, CycMeas=0.0990, PriorBnd post/prior=1.38e-03/2.21e-05 | Best 0.0987 | Patience 7/40
 >> Epoch 038 | Train Total=0.7629 | Val post/prior Total=0.6996/0.7598, Recon post/prior=0.6238/0.6204, KL=0.0202, CycSim post/prior=0.0564/0.0463, CycMeas=0.1004, PriorBnd post/prior=4.04e-04/2.18e-05 | Best 0.0987 | Patience 8/40
 >> Epoch 039 | Train Total=0.7619 | Val post/prior Total=0.7479/0.7574, Recon post/prior=0.6292/0.6177, KL=0.0189, CycSim post/prior=0.0576/0.0471, CycMeas=0.0995, PriorBnd post/prior=2.75e-03/2.78e-05 | Best 0.0987 | Patience 9/40
 >> Epoch 040 | Train Total=0.7605 | Val post/prior Total=0.7126/0.7632, Recon post/prior=0.6269/0.6217, KL=0.0163, CycSim post/prior=0.0616/0.0489, CycMeas=0.0993, PriorBnd post/prior=8.14e-04/1.39e-05 | Best 0.0987 | Patience 10/40
 >> Epoch 041 | Train Total=0.7587 | Val post/prior Total=0.7081/0.7527, Recon post/prior=0.6225/0.6164, KL=0.0191, CycSim post/prior=0.0611/0.0447, CycMeas=0.0989, PriorBnd post/prior=9.95e-04/1.99e-05 | Best 0.0987 | Patience 11/40
 >> Epoch 042 | Train Total=0.7609 | Val post/prior Total=0.7203/0.7541, Recon post/prior=0.6254/0.6173, KL=0.0213, CycSim post/prior=0.0579/0.0448, CycMeas=0.0993, PriorBnd post/prior=1.55e-03/2.32e-05 | Best 0.0987 | Patience 12/40
 >> Epoch 043 | Train Total=0.7579 | Val post/prior Total=0.6952/0.7581, Recon post/prior=0.6212/0.6180, KL=0.0138, CycSim post/prior=0.0559/0.0479, CycMeas=0.0988, PriorBnd post/prior=4.29e-04/1.42e-05 | Best 0.0987 | Patience 13/40
 >> Epoch 044 | Train Total=0.7568 | Val post/prior Total=0.7122/0.7707, Recon post/prior=0.6259/0.6229, KL=0.0119, CycSim post/prior=0.0668/0.0550, CycMeas=0.0981, PriorBnd post/prior=3.59e-04/7.08e-06 | Best 0.0987 | Patience 14/40
[Update] best val_cyc_meas improved to 0.098065 @ epoch 44
 >> Epoch 045 | Train Total=0.7570 | Val post/prior Total=0.7503/0.7528, Recon post/prior=0.6261/0.6140, KL=0.0199, CycSim post/prior=0.0595/0.0464, CycMeas=0.0995, PriorBnd post/prior=2.37e-03/2.03e-05 | Best 0.0981 | Patience 1/40
 >> Epoch 046 | Train Total=0.7540 | Val post/prior Total=0.7347/0.7522, Recon post/prior=0.6247/0.6142, KL=0.0159, CycSim post/prior=0.0558/0.0462, CycMeas=0.0985, PriorBnd post/prior=1.94e-03/2.08e-05 | Best 0.0981 | Patience 2/40
 >> Epoch 047 | Train Total=0.7553 | Val post/prior Total=0.6911/0.7479, Recon post/prior=0.6179/0.6129, KL=0.0165, CycSim post/prior=0.0520/0.0440, CycMeas=0.0982, PriorBnd post/prior=7.11e-04/2.49e-05 | Best 0.0981 | Patience 3/40
 >> Epoch 048 | Train Total=0.7558 | Val post/prior Total=0.7007/0.7533, Recon post/prior=0.6197/0.6144, KL=0.0169, CycSim post/prior=0.0583/0.0466, CycMeas=0.0993, PriorBnd post/prior=8.32e-04/1.40e-05 | Best 0.0981 | Patience 4/40
 >> Epoch 049 | Train Total=0.7551 | Val post/prior Total=0.7263/0.7540, Recon post/prior=0.6208/0.6108, KL=0.0170, CycSim post/prior=0.0578/0.0458, CycMeas=0.1058, PriorBnd post/prior=2.12e-03/2.69e-05 | Best 0.0981 | Patience 5/40
 >> Epoch 050 | Train Total=0.7557 | Val post/prior Total=0.7090/0.7696, Recon post/prior=0.6247/0.6214, KL=0.0106, CycSim post/prior=0.0638/0.0546, CycMeas=0.0991, PriorBnd post/prior=5.96e-04/6.04e-06 | Best 0.0981 | Patience 6/40
 >> Epoch 051 | Train Total=0.7563 | Val post/prior Total=0.7958/0.7480, Recon post/prior=0.6278/0.6121, KL=0.0159, CycSim post/prior=0.0577/0.0448, CycMeas=0.0981, PriorBnd post/prior=3.53e-03/2.17e-05 | Best 0.0981 | Patience 7/40
 >> Epoch 052 | Train Total=0.7556 | Val post/prior Total=0.7111/0.7439, Recon post/prior=0.6170/0.6081, KL=0.0175, CycSim post/prior=0.0536/0.0444, CycMeas=0.0985, PriorBnd post/prior=2.05e-03/2.22e-05 | Best 0.0981 | Patience 8/40
 >> Epoch 053 | Train Total=0.7526 | Val post/prior Total=0.6870/0.7425, Recon post/prior=0.6125/0.6079, KL=0.0118, CycSim post/prior=0.0557/0.0439, CycMeas=0.0979, PriorBnd post/prior=5.49e-04/1.95e-05 | Best 0.0981 | Patience 9/40
[Update] best val_cyc_meas improved to 0.097897 @ epoch 53
 >> Epoch 054 | Train Total=0.7549 | Val post/prior Total=0.6980/0.7406, Recon post/prior=0.6146/0.6075, KL=0.0138, CycSim post/prior=0.0546/0.0415, CycMeas=0.0994, PriorBnd post/prior=1.29e-03/2.63e-05 | Best 0.0979 | Patience 1/40
 >> Epoch 055 | Train Total=0.7551 | Val post/prior Total=0.6940/0.7473, Recon post/prior=0.6145/0.6102, KL=0.0137, CycSim post/prior=0.0593/0.0454, CycMeas=0.0989, PriorBnd post/prior=6.03e-04/1.31e-05 | Best 0.0979 | Patience 2/40
 >> Epoch 056 | Train Total=0.7547 | Val post/prior Total=0.6891/0.7499, Recon post/prior=0.6146/0.6111, KL=0.0117, CycSim post/prior=0.0561/0.0459, CycMeas=0.1002, PriorBnd post/prior=4.29e-04/1.25e-05 | Best 0.0979 | Patience 3/40
 >> Epoch 057 | Train Total=0.7547 | Val post/prior Total=0.6992/0.7490, Recon post/prior=0.6175/0.6122, KL=0.0103, CycSim post/prior=0.0558/0.0453, CycMeas=0.0987, PriorBnd post/prior=1.17e-03/1.21e-05 | Best 0.0979 | Patience 4/40
 >> Epoch 058 | Train Total=0.7543 | Val post/prior Total=0.7044/0.7423, Recon post/prior=0.6156/0.6073, KL=0.0131, CycSim post/prior=0.0550/0.0439, CycMeas=0.0985, PriorBnd post/prior=1.73e-03/2.25e-05 | Best 0.0979 | Patience 5/40
 >> Epoch 059 | Train Total=0.7557 | Val post/prior Total=0.7094/0.7483, Recon post/prior=0.6179/0.6095, KL=0.0108, CycSim post/prior=0.0568/0.0466, CycMeas=0.0991, PriorBnd post/prior=1.62e-03/1.65e-05 | Best 0.0979 | Patience 6/40
 >> Epoch 060 | Train Total=0.7569 | Val post/prior Total=0.6835/0.7453, Recon post/prior=0.6122/0.6078, KL=0.0111, CycSim post/prior=0.0516/0.0451, CycMeas=0.0996, PriorBnd post/prior=7.21e-04/1.54e-05 | Best 0.0979 | Patience 7/40
 >> Epoch 061 | Train Total=0.7570 | Val post/prior Total=0.6886/0.7443, Recon post/prior=0.6138/0.6090, KL=0.0132, CycSim post/prior=0.0527/0.0444, CycMeas=0.0980, PriorBnd post/prior=9.15e-04/1.81e-05 | Best 0.0979 | Patience 8/40
 >> Epoch 062 | Train Total=0.7553 | Val post/prior Total=0.7024/0.7489, Recon post/prior=0.6168/0.6104, KL=0.0126, CycSim post/prior=0.0580/0.0469, CycMeas=0.0983, PriorBnd post/prior=1.24e-03/1.29e-05 | Best 0.0979 | Patience 9/40
 >> Epoch 063 | Train Total=0.7566 | Val post/prior Total=0.6949/0.7435, Recon post/prior=0.6142/0.6077, KL=0.0111, CycSim post/prior=0.0514/0.0446, CycMeas=0.0982, PriorBnd post/prior=1.53e-03/1.66e-05 | Best 0.0979 | Patience 10/40
 >> Epoch 064 | Train Total=0.7576 | Val post/prior Total=0.6947/0.7380, Recon post/prior=0.6126/0.6054, KL=0.0138, CycSim post/prior=0.0522/0.0420, CycMeas=0.0981, PriorBnd post/prior=1.53e-03/2.23e-05 | Best 0.0979 | Patience 11/40
 >> Epoch 065 | Train Total=0.7582 | Val post/prior Total=0.7089/0.7486, Recon post/prior=0.6175/0.6096, KL=0.0164, CycSim post/prior=0.0552/0.0466, CycMeas=0.0993, PriorBnd post/prior=1.53e-03/1.94e-05 | Best 0.0979 | Patience 12/40
 >> Epoch 066 | Train Total=0.7592 | Val post/prior Total=0.6871/0.7482, Recon post/prior=0.6133/0.6082, KL=0.0109, CycSim post/prior=0.0508/0.0481, CycMeas=0.0984, PriorBnd post/prior=1.09e-03/1.40e-05 | Best 0.0979 | Patience 13/40
 >> Epoch 067 | Train Total=0.7587 | Val post/prior Total=0.6997/0.7552, Recon post/prior=0.6165/0.6112, KL=0.0121, CycSim post/prior=0.0594/0.0483, CycMeas=0.1032, PriorBnd post/prior=1.07e-03/1.35e-05 | Best 0.0979 | Patience 14/40
 >> Epoch 068 | Train Total=0.7628 | Val post/prior Total=0.7050/0.7513, Recon post/prior=0.6175/0.6106, KL=0.0111, CycSim post/prior=0.0559/0.0487, CycMeas=0.0984, PriorBnd post/prior=1.71e-03/1.02e-05 | Best 0.0979 | Patience 15/40
 >> Epoch 069 | Train Total=0.7592 | Val post/prior Total=0.6818/0.7412, Recon post/prior=0.6104/0.6057, KL=0.0085, CycSim post/prior=0.0531/0.0436, CycMeas=0.0994, PriorBnd post/prior=8.32e-04/2.25e-05 | Best 0.0979 | Patience 16/40
 >> Epoch 070 | Train Total=0.7600 | Val post/prior Total=0.6827/0.7421, Recon post/prior=0.6101/0.6069, KL=0.0081, CycSim post/prior=0.0556/0.0437, CycMeas=0.0989, PriorBnd post/prior=4.42e-04/1.44e-05 | Best 0.0979 | Patience 17/40
 >> Epoch 071 | Train Total=0.7601 | Val post/prior Total=0.7689/0.7378, Recon post/prior=0.6176/0.6042, KL=0.0146, CycSim post/prior=0.0558/0.0427, CycMeas=0.0983, PriorBnd post/prior=2.66e-03/3.51e-05 | Best 0.0979 | Patience 18/40
 >> Epoch 072 | Train Total=0.7612 | Val post/prior Total=0.7120/0.7415, Recon post/prior=0.6142/0.6047, KL=0.0145, CycSim post/prior=0.0575/0.0445, CycMeas=0.0997, PriorBnd post/prior=2.14e-03/2.53e-05 | Best 0.0979 | Patience 19/40
 >> Epoch 073 | Train Total=0.7632 | Val post/prior Total=0.7049/0.7435, Recon post/prior=0.6139/0.6065, KL=0.0095, CycSim post/prior=0.0557/0.0461, CycMeas=0.0976, PriorBnd post/prior=1.43e-03/2.27e-05 | Best 0.0979 | Patience 20/40
[Update] best val_cyc_meas improved to 0.097640 @ epoch 73
 >> Epoch 074 | Train Total=0.7632 | Val post/prior Total=0.6934/0.7437, Recon post/prior=0.6131/0.6072, KL=0.0115, CycSim post/prior=0.0551/0.0451, CycMeas=0.0984, PriorBnd post/prior=1.14e-03/1.46e-05 | Best 0.0976 | Patience 1/40
 >> Epoch 075 | Train Total=0.7635 | Val post/prior Total=0.7101/0.7416, Recon post/prior=0.6150/0.6065, KL=0.0124, CycSim post/prior=0.0558/0.0444, CycMeas=0.0978, PriorBnd post/prior=1.83e-03/1.42e-05 | Best 0.0976 | Patience 2/40
 >> Epoch 076 | Train Total=0.7651 | Val post/prior Total=0.7569/0.7369, Recon post/prior=0.6164/0.6026, KL=0.0124, CycSim post/prior=0.0523/0.0431, CycMeas=0.0984, PriorBnd post/prior=3.39e-03/3.24e-05 | Best 0.0976 | Patience 3/40
 >> Epoch 077 | Train Total=0.7641 | Val post/prior Total=0.7361/0.8024, Recon post/prior=0.6329/0.6299, KL=0.0102, CycSim post/prior=0.0800/0.0714, CycMeas=0.1048, PriorBnd post/prior=6.20e-04/4.23e-06 | Best 0.0976 | Patience 4/40
 >> Epoch 078 | Train Total=0.7640 | Val post/prior Total=0.7106/0.7745, Recon post/prior=0.6241/0.6210, KL=0.0099, CycSim post/prior=0.0655/0.0591, CycMeas=0.0993, PriorBnd post/prior=6.38e-04/5.55e-06 | Best 0.0976 | Patience 5/40
 >> Epoch 079 | Train Total=0.7667 | Val post/prior Total=0.6933/0.7515, Recon post/prior=0.6124/0.6072, KL=0.0101, CycSim post/prior=0.0595/0.0517, CycMeas=0.0983, PriorBnd post/prior=1.10e-03/1.25e-05 | Best 0.0976 | Patience 6/40
 >> Epoch 080 | Train Total=0.7681 | Val post/prior Total=0.7003/0.7370, Recon post/prior=0.6114/0.6039, KL=0.0095, CycSim post/prior=0.0548/0.0423, CycMeas=0.0983, PriorBnd post/prior=1.53e-03/2.29e-05 | Best 0.0976 | Patience 7/40
 >> Epoch 081 | Train Total=0.7672 | Val post/prior Total=0.8440/0.7359, Recon post/prior=0.6204/0.6025, KL=0.0155, CycSim post/prior=0.0550/0.0426, CycMeas=0.0982, PriorBnd post/prior=4.03e-03/3.09e-05 | Best 0.0976 | Patience 8/40
 >> Epoch 082 | Train Total=0.7657 | Val post/prior Total=0.7656/0.8420, Recon post/prior=0.6430/0.6416, KL=0.0088, CycSim post/prior=0.0978/0.0908, CycMeas=0.1109, PriorBnd post/prior=4.72e-04/5.63e-06 | Best 0.0976 | Patience 9/40
 >> Epoch 083 | Train Total=0.7673 | Val post/prior Total=0.6969/0.7588, Recon post/prior=0.6174/0.6146, KL=0.0084, CycSim post/prior=0.0613/0.0516, CycMeas=0.0985, PriorBnd post/prior=4.85e-04/6.61e-06 | Best 0.0976 | Patience 10/40
 >> Epoch 084 | Train Total=0.7702 | Val post/prior Total=0.6785/0.7459, Recon post/prior=0.6098/0.6053, KL=0.0104, CycSim post/prior=0.0494/0.0489, CycMeas=0.0977, PriorBnd post/prior=8.94e-04/1.53e-05 | Best 0.0976 | Patience 11/40
 >> Epoch 085 | Train Total=0.7705 | Val post/prior Total=0.6910/0.7408, Recon post/prior=0.6097/0.6032, KL=0.0102, CycSim post/prior=0.0529/0.0457, CycMeas=0.0987, PriorBnd post/prior=1.37e-03/2.07e-05 | Best 0.0976 | Patience 12/40
 >> Epoch 086 | Train Total=0.7714 | Val post/prior Total=0.6873/0.7364, Recon post/prior=0.6097/0.6035, KL=0.0124, CycSim post/prior=0.0532/0.0422, CycMeas=0.0981, PriorBnd post/prior=9.97e-04/1.63e-05 | Best 0.0976 | Patience 13/40
 >> Epoch 087 | Train Total=0.7717 | Val post/prior Total=0.6925/0.7435, Recon post/prior=0.6102/0.6045, KL=0.0109, CycSim post/prior=0.0599/0.0472, CycMeas=0.0985, PriorBnd post/prior=8.08e-04/1.73e-05 | Best 0.0976 | Patience 14/40
 >> Epoch 088 | Train Total=0.7743 | Val post/prior Total=0.9025/0.7334, Recon post/prior=0.6244/0.6009, KL=0.0137, CycSim post/prior=0.0590/0.0409, CycMeas=0.0994, PriorBnd post/prior=6.29e-03/4.06e-05 | Best 0.0976 | Patience 15/40
 >> Epoch 089 | Train Total=0.7723 | Val post/prior Total=0.7053/0.7504, Recon post/prior=0.6166/0.6101, KL=0.0112, CycSim post/prior=0.0557/0.0476, CycMeas=0.0997, PriorBnd post/prior=1.50e-03/1.51e-05 | Best 0.0976 | Patience 16/40
 >> Epoch 090 | Train Total=0.7754 | Val post/prior Total=0.6895/0.7407, Recon post/prior=0.6105/0.6047, KL=0.0101, CycSim post/prior=0.0551/0.0450, CycMeas=0.0979, PriorBnd post/prior=1.03e-03/1.67e-05 | Best 0.0976 | Patience 17/40
 >> Epoch 091 | Train Total=0.7757 | Val post/prior Total=0.7150/0.7799, Recon post/prior=0.6242/0.6216, KL=0.0084, CycSim post/prior=0.0708/0.0627, CycMeas=0.0998, PriorBnd post/prior=4.92e-04/4.57e-06 | Best 0.0976 | Patience 18/40
 >> Epoch 092 | Train Total=0.7778 | Val post/prior Total=0.7244/0.7378, Recon post/prior=0.6146/0.6039, KL=0.0150, CycSim post/prior=0.0532/0.0429, CycMeas=0.0983, PriorBnd post/prior=2.41e-03/2.51e-05 | Best 0.0976 | Patience 19/40
 >> Epoch 093 | Train Total=0.7786 | Val post/prior Total=0.7000/0.7383, Recon post/prior=0.6126/0.6047, KL=0.0100, CycSim post/prior=0.0528/0.0422, CycMeas=0.0992, PriorBnd post/prior=1.58e-03/1.64e-05 | Best 0.0976 | Patience 20/40
 >> Epoch 094 | Train Total=0.7784 | Val post/prior Total=0.6865/0.7399, Recon post/prior=0.6092/0.6039, KL=0.0112, CycSim post/prior=0.0562/0.0449, CycMeas=0.0981, PriorBnd post/prior=1.03e-03/1.80e-05 | Best 0.0976 | Patience 21/40
 >> Epoch 095 | Train Total=0.7775 | Val post/prior Total=0.7025/0.7683, Recon post/prior=0.6214/0.6192, KL=0.0067, CycSim post/prior=0.0636/0.0561, CycMeas=0.0982, PriorBnd post/prior=2.95e-04/4.57e-06 | Best 0.0976 | Patience 22/40
 >> Epoch 096 | Train Total=0.7789 | Val post/prior Total=0.7180/0.7354, Recon post/prior=0.6127/0.6027, KL=0.0129, CycSim post/prior=0.0532/0.0422, CycMeas=0.0979, PriorBnd post/prior=2.22e-03/2.43e-05 | Best 0.0976 | Patience 23/40
 >> Epoch 097 | Train Total=0.7785 | Val post/prior Total=0.6912/0.7498, Recon post/prior=0.6118/0.6080, KL=0.0103, CycSim post/prior=0.0599/0.0495, CycMeas=0.0985, PriorBnd post/prior=6.39e-04/1.39e-05 | Best 0.0976 | Patience 24/40
 >> Epoch 098 | Train Total=0.7804 | Val post/prior Total=0.7324/0.7351, Recon post/prior=0.6145/0.6029, KL=0.0124, CycSim post/prior=0.0514/0.0418, CycMeas=0.0978, PriorBnd post/prior=2.98e-03/3.10e-05 | Best 0.0976 | Patience 25/40
 >> Epoch 099 | Train Total=0.7829 | Val post/prior Total=0.6966/0.7395, Recon post/prior=0.6107/0.6027, KL=0.0111, CycSim post/prior=0.0512/0.0455, CycMeas=0.0981, PriorBnd post/prior=1.71e-03/2.49e-05 | Best 0.0976 | Patience 26/40
 >> Epoch 100 | Train Total=0.7805 | Val post/prior Total=0.7064/0.7377, Recon post/prior=0.6107/0.6024, KL=0.0127, CycSim post/prior=0.0521/0.0444, CycMeas=0.0977, PriorBnd post/prior=1.91e-03/2.64e-05 | Best 0.0976 | Patience 27/40
 >> Epoch 101 | Train Total=0.7848 | Val post/prior Total=0.6933/0.7361, Recon post/prior=0.6100/0.6023, KL=0.0124, CycSim post/prior=0.0491/0.0427, CycMeas=0.0985, PriorBnd post/prior=1.67e-03/3.76e-05 | Best 0.0976 | Patience 28/40
 >> Epoch 102 | Train Total=0.7824 | Val post/prior Total=0.6843/0.7383, Recon post/prior=0.6105/0.6053, KL=0.0120, CycSim post/prior=0.0518/0.0423, CycMeas=0.0982, PriorBnd post/prior=9.92e-04/1.74e-05 | Best 0.0976 | Patience 29/40
 >> Epoch 103 | Train Total=0.7840 | Val post/prior Total=0.6877/0.7420, Recon post/prior=0.6113/0.6055, KL=0.0138, CycSim post/prior=0.0509/0.0449, CycMeas=0.0987, PriorBnd post/prior=9.96e-04/2.46e-05 | Best 0.0976 | Patience 30/40
 >> Epoch 104 | Train Total=0.7864 | Val post/prior Total=0.6941/0.7436, Recon post/prior=0.6124/0.6057, KL=0.0106, CycSim post/prior=0.0511/0.0460, CycMeas=0.0988, PriorBnd post/prior=1.52e-03/2.04e-05 | Best 0.0976 | Patience 31/40
 >> Epoch 105 | Train Total=0.7861 | Val post/prior Total=0.6973/0.7434, Recon post/prior=0.6134/0.6070, KL=0.0106, CycSim post/prior=0.0554/0.0453, CycMeas=0.0981, PriorBnd post/prior=1.45e-03/1.45e-05 | Best 0.0976 | Patience 32/40
 >> Epoch 106 | Train Total=0.7864 | Val post/prior Total=0.7404/0.8148, Recon post/prior=0.6360/0.6355, KL=0.0068, CycSim post/prior=0.0834/0.0772, CycMeas=0.1047, PriorBnd post/prior=1.88e-04/5.86e-06 | Best 0.0976 | Patience 33/40
 >> Epoch 107 | Train Total=0.7843 | Val post/prior Total=0.7084/0.7387, Recon post/prior=0.6117/0.6025, KL=0.0124, CycSim post/prior=0.0484/0.0447, CycMeas=0.0984, PriorBnd post/prior=1.92e-03/2.90e-05 | Best 0.0976 | Patience 34/40
 >> Epoch 108 | Train Total=0.7868 | Val post/prior Total=0.7116/0.7586, Recon post/prior=0.6203/0.6138, KL=0.0096, CycSim post/prior=0.0562/0.0524, CycMeas=0.0983, PriorBnd post/prior=1.70e-03/1.50e-05 | Best 0.0976 | Patience 35/40
 >> Epoch 109 | Train Total=0.7881 | Val post/prior Total=0.8872/0.7349, Recon post/prior=0.6207/0.6021, KL=0.0144, CycSim post/prior=0.0525/0.0421, CycMeas=0.0982, PriorBnd post/prior=4.99e-03/2.93e-05 | Best 0.0976 | Patience 36/40
 >> Epoch 110 | Train Total=0.7897 | Val post/prior Total=0.6920/0.7424, Recon post/prior=0.6092/0.6042, KL=0.0102, CycSim post/prior=0.0624/0.0468, CycMeas=0.0981, PriorBnd post/prior=6.74e-04/1.70e-05 | Best 0.0976 | Patience 37/40
 >> Epoch 111 | Train Total=0.7884 | Val post/prior Total=0.6885/0.7376, Recon post/prior=0.6098/0.6034, KL=0.0113, CycSim post/prior=0.0529/0.0433, CycMeas=0.0981, PriorBnd post/prior=1.13e-03/2.07e-05 | Best 0.0976 | Patience 38/40
 >> Epoch 112 | Train Total=0.7910 | Val post/prior Total=0.7290/0.7962, Recon post/prior=0.6268/0.6249, KL=0.0078, CycSim post/prior=0.0812/0.0705, CycMeas=0.1047, PriorBnd post/prior=2.42e-04/6.10e-06 | Best 0.0976 | Patience 39/40
 >> Epoch 113 | Train Total=0.7907 | Val post/prior Total=0.6914/0.7448, Recon post/prior=0.6131/0.6082, KL=0.0117, CycSim post/prior=0.0569/0.0452, CycMeas=0.0984, PriorBnd post/prior=9.04e-04/1.33e-05 | Best 0.0976 | Patience 40/40
[EarlyStop] at epoch 113
[Diag] Start to calcaulte diag in test preocess... 
[Diag] wrote 28930 rows to temp_Bidi_cvae\cvae_20251106-201812\diag_test.csv
[Diag] proxy_floor_ps  P50=0.0095  P90=0.0228  P95=0.0348  P99=0.2440
[Test] prior total=0.742037 | prior recon=0.606138 | kl=0.006738 | prior cyc_sim=0.044970 | cyc_meas=0.097858 | prior_l2=0.364836 | prior_bnd=0.000016 | 
