[log] tee initialized at 2025-11-05 04:28:59 -> temp_Bidi_cvae\cvae_20251105-042859\train.log
[L_trust] using 20000 ref rows from temp_Bidi_cvae\proxy\proxy_Ytr_norm.npy
 >> Epoch 001 | Train Total=92.1873 | Val post/prior Total=53057054.9643/1.0669, Recon post/prior=17.9379/0.7642, KL=529479021.7614, CycSim post/prior=0.1659/0.1243, CycMeas=0.1891, PriorBnd post/prior=5.47e+00/8.63e-04 | Best inf | Patience 1/40
[Update] best val_cyc_meas improved to 0.189068 @ epoch 1
 >> Epoch 002 | Train Total=1.0490 | Val post/prior Total=3794.6102/0.9669, Recon post/prior=1.1570/0.7247, KL=37307.2827, CycSim post/prior=0.1306/0.0896, CycMeas=0.1654, PriorBnd post/prior=1.10e-01/3.84e-04 | Best 0.1891 | Patience 1/40
[Update] best val_cyc_meas improved to 0.165416 @ epoch 2
 >> Epoch 003 | Train Total=0.9223 | Val post/prior Total=752.2407/0.9221, Recon post/prior=0.7532/0.7094, KL=7508.1403, CycSim post/prior=0.1204/0.0836, CycMeas=0.1376, PriorBnd post/prior=1.17e-02/2.81e-04 | Best 0.1654 | Patience 1/40
[Update] best val_cyc_meas improved to 0.137634 @ epoch 3
 >> Epoch 004 | Train Total=0.8787 | Val post/prior Total=199.5854/0.8720, Recon post/prior=0.8320/0.6943, KL=1906.3608, CycSim post/prior=0.1054/0.0646, CycMeas=0.1218, PriorBnd post/prior=4.43e-02/2.82e-04 | Best 0.1376 | Patience 1/40
[Update] best val_cyc_meas improved to 0.121787 @ epoch 4
 >> Epoch 005 | Train Total=0.8522 | Val post/prior Total=5.5271/0.8754, Recon post/prior=0.7021/0.6921, KL=46.8748, CycSim post/prior=0.1012/0.0703, CycMeas=0.1208, PriorBnd post/prior=1.43e-03/1.66e-04 | Best 0.1218 | Patience 1/40
[Update] best val_cyc_meas improved to 0.120764 @ epoch 5
 >> Epoch 006 | Train Total=0.8365 | Val post/prior Total=23.2294/0.8614, Recon post/prior=0.7088/0.6790, KL=221.4760, CycSim post/prior=0.0968/0.0599, CycMeas=0.1346, PriorBnd post/prior=7.54e-03/1.89e-04 | Best 0.1208 | Patience 1/40
 >> Epoch 007 | Train Total=0.8236 | Val post/prior Total=1.3384/0.8571, Recon post/prior=0.6834/0.6752, KL=5.3501, CycSim post/prior=0.0943/0.0615, CycMeas=0.1316, PriorBnd post/prior=1.28e-03/1.27e-04 | Best 0.1208 | Patience 2/40
 >> Epoch 008 | Train Total=0.8139 | Val post/prior Total=3.7784/0.8277, Recon post/prior=0.6830/0.6702, KL=29.5718, CycSim post/prior=0.0854/0.0561, CycMeas=0.1091, PriorBnd post/prior=1.88e-03/1.24e-04 | Best 0.1208 | Patience 3/40
[Update] best val_cyc_meas improved to 0.109102 @ epoch 8
 >> Epoch 009 | Train Total=0.8067 | Val post/prior Total=2.3300/0.8286, Recon post/prior=0.6884/0.6666, KL=14.0624, CycSim post/prior=0.0850/0.0532, CycMeas=0.1190, PriorBnd post/prior=5.07e-03/1.32e-04 | Best 0.1091 | Patience 1/40
 >> Epoch 010 | Train Total=0.8007 | Val post/prior Total=1.6338/0.8059, Recon post/prior=0.6785/0.6610, KL=7.9880, CycSim post/prior=0.0846/0.0509, CycMeas=0.1009, PriorBnd post/prior=3.66e-03/1.19e-04 | Best 0.1091 | Patience 2/40
[Update] best val_cyc_meas improved to 0.100936 @ epoch 10
 >> Epoch 011 | Train Total=0.7970 | Val post/prior Total=1.3267/0.8021, Recon post/prior=0.6679/0.6568, KL=5.4136, CycSim post/prior=0.0845/0.0518, CycMeas=0.0999, PriorBnd post/prior=1.77e-03/1.38e-04 | Best 0.1009 | Patience 1/40
[Update] best val_cyc_meas improved to 0.099870 @ epoch 11
 >> Epoch 012 | Train Total=0.7912 | Val post/prior Total=0.8781/0.8025, Recon post/prior=0.6654/0.6561, KL=1.0427, CycSim post/prior=0.0807/0.0506, CycMeas=0.1033, PriorBnd post/prior=1.67e-03/1.23e-04 | Best 0.0999 | Patience 1/40
 >> Epoch 013 | Train Total=0.7872 | Val post/prior Total=0.8709/0.8043, Recon post/prior=0.6604/0.6530, KL=1.0837, CycSim post/prior=0.0796/0.0508, CycMeas=0.1089, PriorBnd post/prior=8.63e-04/1.02e-04 | Best 0.0999 | Patience 2/40
 >> Epoch 014 | Train Total=0.7821 | Val post/prior Total=0.8434/0.8041, Recon post/prior=0.6555/0.6468, KL=0.7394, CycSim post/prior=0.0871/0.0551, CycMeas=0.1100, PriorBnd post/prior=1.24e-03/9.98e-05 | Best 0.0999 | Patience 3/40
 >> Epoch 015 | Train Total=0.7766 | Val post/prior Total=0.8203/0.8071, Recon post/prior=0.6545/0.6468, KL=0.5581, CycSim post/prior=0.0831/0.0564, CycMeas=0.1119, PriorBnd post/prior=1.27e-03/9.87e-05 | Best 0.0999 | Patience 4/40
 >> Epoch 016 | Train Total=0.7716 | Val post/prior Total=0.7944/0.7847, Recon post/prior=0.6463/0.6385, KL=0.4838, CycSim post/prior=0.0781/0.0469, CycMeas=0.1081, PriorBnd post/prior=9.75e-04/1.04e-04 | Best 0.0999 | Patience 5/40
 >> Epoch 017 | Train Total=0.7692 | Val post/prior Total=0.7599/0.7768, Recon post/prior=0.6425/0.6367, KL=0.2189, CycSim post/prior=0.0765/0.0460, CycMeas=0.1019, PriorBnd post/prior=3.54e-04/1.05e-04 | Best 0.0999 | Patience 6/40
 >> Epoch 018 | Train Total=0.7688 | Val post/prior Total=0.7695/0.7755, Recon post/prior=0.6422/0.6348, KL=0.3140, CycSim post/prior=0.0754/0.0464, CycMeas=0.1021, PriorBnd post/prior=8.83e-04/9.66e-05 | Best 0.0999 | Patience 7/40
 >> Epoch 019 | Train Total=0.7645 | Val post/prior Total=0.7612/0.7803, Recon post/prior=0.6407/0.6354, KL=0.2478, CycSim post/prior=0.0768/0.0513, CycMeas=0.1001, PriorBnd post/prior=4.62e-04/9.31e-05 | Best 0.0999 | Patience 8/40
 >> Epoch 020 | Train Total=0.7620 | Val post/prior Total=0.7455/0.7689, Recon post/prior=0.6377/0.6292, KL=0.1095, CycSim post/prior=0.0731/0.0475, CycMeas=0.0988, PriorBnd post/prior=1.20e-03/1.43e-04 | Best 0.0999 | Patience 9/40
[Update] best val_cyc_meas improved to 0.098804 @ epoch 20
 >> Epoch 021 | Train Total=0.7594 | Val post/prior Total=0.7400/0.7674, Recon post/prior=0.6334/0.6277, KL=0.1489, CycSim post/prior=0.0727/0.0454, CycMeas=0.1021, PriorBnd post/prior=6.77e-04/1.01e-04 | Best 0.0988 | Patience 1/40
 >> Epoch 022 | Train Total=0.7560 | Val post/prior Total=0.7296/0.7741, Recon post/prior=0.6329/0.6286, KL=0.0554, CycSim post/prior=0.0730/0.0516, CycMeas=0.1002, PriorBnd post/prior=3.60e-04/1.07e-04 | Best 0.0988 | Patience 2/40
 >> Epoch 023 | Train Total=0.7540 | Val post/prior Total=0.7339/0.7749, Recon post/prior=0.6303/0.6258, KL=0.0699, CycSim post/prior=0.0777/0.0531, CycMeas=0.1026, PriorBnd post/prior=2.72e-04/7.79e-05 | Best 0.0988 | Patience 3/40
 >> Epoch 024 | Train Total=0.7507 | Val post/prior Total=0.7267/0.7743, Recon post/prior=0.6294/0.6255, KL=0.0410, CycSim post/prior=0.0749/0.0520, CycMeas=0.1038, PriorBnd post/prior=1.99e-04/8.31e-05 | Best 0.0988 | Patience 4/40
 >> Epoch 025 | Train Total=0.7496 | Val post/prior Total=0.7222/0.7630, Recon post/prior=0.6253/0.6206, KL=0.0707, CycSim post/prior=0.0718/0.0469, CycMeas=0.1033, PriorBnd post/prior=3.38e-04/8.68e-05 | Best 0.0988 | Patience 5/40
 >> Epoch 026 | Train Total=0.7486 | Val post/prior Total=0.7168/0.7560, Recon post/prior=0.6226/0.6178, KL=0.0792, CycSim post/prior=0.0687/0.0454, CycMeas=0.1002, PriorBnd post/prior=3.94e-04/9.71e-05 | Best 0.0988 | Patience 6/40
 >> Epoch 027 | Train Total=0.7476 | Val post/prior Total=0.7178/0.7683, Recon post/prior=0.6261/0.6231, KL=0.0405, CycSim post/prior=0.0703/0.0506, CycMeas=0.1014, PriorBnd post/prior=1.37e-04/7.98e-05 | Best 0.0988 | Patience 7/40
 >> Epoch 028 | Train Total=0.7457 | Val post/prior Total=0.7081/0.7444, Recon post/prior=0.6167/0.6110, KL=0.0593, CycSim post/prior=0.0676/0.0417, CycMeas=0.0995, PriorBnd post/prior=5.94e-04/1.01e-04 | Best 0.0988 | Patience 8/40
 >> Epoch 029 | Train Total=0.7442 | Val post/prior Total=0.7030/0.7451, Recon post/prior=0.6141/0.6099, KL=0.0488, CycSim post/prior=0.0670/0.0434, CycMeas=0.0992, PriorBnd post/prior=1.76e-04/1.06e-04 | Best 0.0988 | Patience 9/40
 >> Epoch 030 | Train Total=0.7420 | Val post/prior Total=0.7002/0.7441, Recon post/prior=0.6121/0.6073, KL=0.0489, CycSim post/prior=0.0662/0.0421, CycMeas=0.1032, PriorBnd post/prior=2.56e-04/1.05e-04 | Best 0.0988 | Patience 10/40
 >> Epoch 031 | Train Total=0.7407 | Val post/prior Total=0.6963/0.7389, Recon post/prior=0.6113/0.6060, KL=0.0447, CycSim post/prior=0.0638/0.0413, CycMeas=0.0994, PriorBnd post/prior=3.80e-04/9.71e-05 | Best 0.0988 | Patience 11/40
 >> Epoch 032 | Train Total=0.7386 | Val post/prior Total=0.6983/0.7456, Recon post/prior=0.6110/0.6070, KL=0.0433, CycSim post/prior=0.0661/0.0453, CycMeas=0.1006, PriorBnd post/prior=1.86e-04/1.01e-04 | Best 0.0988 | Patience 12/40
 >> Epoch 033 | Train Total=0.7378 | Val post/prior Total=0.7170/0.7735, Recon post/prior=0.6220/0.6198, KL=0.0583, CycSim post/prior=0.0715/0.0551, CycMeas=0.1052, PriorBnd post/prior=1.26e-04/9.84e-05 | Best 0.0988 | Patience 13/40
 >> Epoch 034 | Train Total=0.7373 | Val post/prior Total=0.6915/0.7335, Recon post/prior=0.6063/0.6012, KL=0.0404, CycSim post/prior=0.0645/0.0402, CycMeas=0.1002, PriorBnd post/prior=2.38e-04/1.06e-04 | Best 0.0988 | Patience 14/40
 >> Epoch 035 | Train Total=0.7376 | Val post/prior Total=0.6924/0.7358, Recon post/prior=0.6052/0.6003, KL=0.0388, CycSim post/prior=0.0662/0.0438, CycMeas=0.0989, PriorBnd post/prior=3.09e-04/1.08e-04 | Best 0.0988 | Patience 15/40
 >> Epoch 036 | Train Total=0.7367 | Val post/prior Total=0.6895/0.7347, Recon post/prior=0.6049/0.6006, KL=0.0384, CycSim post/prior=0.0641/0.0419, CycMeas=0.1000, PriorBnd post/prior=3.92e-04/1.10e-04 | Best 0.0988 | Patience 16/40
 >> Epoch 037 | Train Total=0.7362 | Val post/prior Total=0.6913/0.7359, Recon post/prior=0.6030/0.5983, KL=0.0395, CycSim post/prior=0.0671/0.0453, CycMeas=0.0994, PriorBnd post/prior=2.58e-04/1.12e-04 | Best 0.0988 | Patience 17/40
 >> Epoch 038 | Train Total=0.7351 | Val post/prior Total=0.6812/0.7290, Recon post/prior=0.6013/0.5969, KL=0.0335, CycSim post/prior=0.0607/0.0394, CycMeas=0.1012, PriorBnd post/prior=1.19e-04/1.13e-04 | Best 0.0988 | Patience 18/40
 >> Epoch 039 | Train Total=0.7334 | Val post/prior Total=0.6832/0.7326, Recon post/prior=0.5997/0.5949, KL=0.0378, CycSim post/prior=0.0632/0.0422, CycMeas=0.1039, PriorBnd post/prior=3.34e-04/1.14e-04 | Best 0.0988 | Patience 19/40
 >> Epoch 040 | Train Total=0.7326 | Val post/prior Total=0.6858/0.7319, Recon post/prior=0.6017/0.5977, KL=0.0322, CycSim post/prior=0.0643/0.0424, CycMeas=0.0994, PriorBnd post/prior=1.57e-04/1.02e-04 | Best 0.0988 | Patience 20/40
 >> Epoch 041 | Train Total=0.7325 | Val post/prior Total=0.6841/0.7291, Recon post/prior=0.5983/0.5944, KL=0.0340, CycSim post/prior=0.0655/0.0406, CycMeas=0.1025, PriorBnd post/prior=2.24e-04/1.12e-04 | Best 0.0988 | Patience 21/40
 >> Epoch 042 | Train Total=0.7327 | Val post/prior Total=0.6810/0.7294, Recon post/prior=0.5989/0.5945, KL=0.0324, CycSim post/prior=0.0626/0.0429, CycMeas=0.0995, PriorBnd post/prior=2.33e-04/1.07e-04 | Best 0.0988 | Patience 22/40
 >> Epoch 043 | Train Total=0.7322 | Val post/prior Total=0.6779/0.7265, Recon post/prior=0.5972/0.5934, KL=0.0313, CycSim post/prior=0.0615/0.0398, CycMeas=0.1018, PriorBnd post/prior=1.42e-04/1.02e-04 | Best 0.0988 | Patience 23/40
 >> Epoch 044 | Train Total=0.7327 | Val post/prior Total=0.6847/0.7345, Recon post/prior=0.6009/0.5969, KL=0.0281, CycSim post/prior=0.0646/0.0462, CycMeas=0.0982, PriorBnd post/prior=1.49e-04/1.02e-04 | Best 0.0988 | Patience 24/40
[Update] best val_cyc_meas improved to 0.098160 @ epoch 44
 >> Epoch 045 | Train Total=0.7314 | Val post/prior Total=0.6750/0.7227, Recon post/prior=0.5946/0.5905, KL=0.0334, CycSim post/prior=0.0611/0.0400, CycMeas=0.1004, PriorBnd post/prior=1.66e-04/1.15e-04 | Best 0.0982 | Patience 1/40
 >> Epoch 046 | Train Total=0.7316 | Val post/prior Total=0.6699/0.7222, Recon post/prior=0.5933/0.5893, KL=0.0310, CycSim post/prior=0.0580/0.0404, CycMeas=0.1006, PriorBnd post/prior=2.33e-04/1.07e-04 | Best 0.0982 | Patience 2/40
 >> Epoch 047 | Train Total=0.7296 | Val post/prior Total=0.6694/0.7195, Recon post/prior=0.5929/0.5887, KL=0.0311, CycSim post/prior=0.0579/0.0392, CycMeas=0.0998, PriorBnd post/prior=2.30e-04/1.07e-04 | Best 0.0982 | Patience 3/40
 >> Epoch 048 | Train Total=0.7313 | Val post/prior Total=0.6753/0.7211, Recon post/prior=0.5928/0.5881, KL=0.0311, CycSim post/prior=0.0631/0.0411, CycMeas=0.0998, PriorBnd post/prior=1.19e-04/1.03e-04 | Best 0.0982 | Patience 4/40
 >> Epoch 049 | Train Total=0.7299 | Val post/prior Total=0.6739/0.7185, Recon post/prior=0.5910/0.5863, KL=0.0293, CycSim post/prior=0.0634/0.0411, CycMeas=0.0986, PriorBnd post/prior=2.14e-04/1.20e-04 | Best 0.0982 | Patience 5/40
 >> Epoch 050 | Train Total=0.7307 | Val post/prior Total=0.6844/0.7392, Recon post/prior=0.5989/0.5958, KL=0.0256, CycSim post/prior=0.0660/0.0490, CycMeas=0.1011, PriorBnd post/prior=2.48e-04/8.77e-05 | Best 0.0982 | Patience 6/40
 >> Epoch 051 | Train Total=0.7324 | Val post/prior Total=0.6738/0.7221, Recon post/prior=0.5907/0.5866, KL=0.0307, CycSim post/prior=0.0635/0.0423, CycMeas=0.1009, PriorBnd post/prior=1.88e-04/1.09e-04 | Best 0.0982 | Patience 7/40
 >> Epoch 052 | Train Total=0.7311 | Val post/prior Total=0.6682/0.7156, Recon post/prior=0.5880/0.5830, KL=0.0306, CycSim post/prior=0.0610/0.0399, CycMeas=0.1009, PriorBnd post/prior=1.60e-04/1.22e-04 | Best 0.0982 | Patience 8/40
 >> Epoch 053 | Train Total=0.7310 | Val post/prior Total=0.6668/0.7102, Recon post/prior=0.5866/0.5820, KL=0.0308, CycSim post/prior=0.0610/0.0381, CycMeas=0.0980, PriorBnd post/prior=1.61e-04/1.25e-04 | Best 0.0982 | Patience 9/40
[Update] best val_cyc_meas improved to 0.098014 @ epoch 53
 >> Epoch 054 | Train Total=0.7316 | Val post/prior Total=0.6655/0.7184, Recon post/prior=0.5862/0.5814, KL=0.0300, CycSim post/prior=0.0603/0.0376, CycMeas=0.1098, PriorBnd post/prior=1.84e-04/1.21e-04 | Best 0.0980 | Patience 1/40
 >> Epoch 055 | Train Total=0.7302 | Val post/prior Total=0.6675/0.7159, Recon post/prior=0.5877/0.5830, KL=0.0264, CycSim post/prior=0.0611/0.0410, CycMeas=0.0997, PriorBnd post/prior=1.68e-04/1.16e-04 | Best 0.0980 | Patience 2/40
 >> Epoch 056 | Train Total=0.7314 | Val post/prior Total=0.6669/0.7176, Recon post/prior=0.5886/0.5850, KL=0.0297, CycSim post/prior=0.0596/0.0411, CycMeas=0.0993, PriorBnd post/prior=1.14e-04/1.03e-04 | Best 0.0980 | Patience 3/40
 >> Epoch 057 | Train Total=0.7324 | Val post/prior Total=0.6706/0.7210, Recon post/prior=0.5880/0.5842, KL=0.0290, CycSim post/prior=0.0632/0.0426, CycMeas=0.1023, PriorBnd post/prior=1.95e-04/1.19e-04 | Best 0.0980 | Patience 4/40
 >> Epoch 058 | Train Total=0.7325 | Val post/prior Total=0.6629/0.7111, Recon post/prior=0.5856/0.5813, KL=0.0259, CycSim post/prior=0.0590/0.0384, CycMeas=0.0996, PriorBnd post/prior=2.39e-04/1.29e-04 | Best 0.0980 | Patience 5/40
 >> Epoch 059 | Train Total=0.7321 | Val post/prior Total=0.6659/0.7141, Recon post/prior=0.5869/0.5827, KL=0.0246, CycSim post/prior=0.0606/0.0401, CycMeas=0.0991, PriorBnd post/prior=1.64e-04/1.18e-04 | Best 0.0980 | Patience 6/40
 >> Epoch 060 | Train Total=0.7330 | Val post/prior Total=0.6614/0.7115, Recon post/prior=0.5860/0.5818, KL=0.0277, CycSim post/prior=0.0573/0.0385, CycMeas=0.0993, PriorBnd post/prior=2.76e-04/1.13e-04 | Best 0.0980 | Patience 7/40
 >> Epoch 061 | Train Total=0.7342 | Val post/prior Total=0.6618/0.7119, Recon post/prior=0.5857/0.5823, KL=0.0260, CycSim post/prior=0.0580/0.0390, CycMeas=0.0986, PriorBnd post/prior=1.22e-04/1.09e-04 | Best 0.0980 | Patience 8/40
 >> Epoch 062 | Train Total=0.7327 | Val post/prior Total=0.6678/0.7157, Recon post/prior=0.5870/0.5830, KL=0.0274, CycSim post/prior=0.0618/0.0422, CycMeas=0.0978, PriorBnd post/prior=2.26e-04/1.15e-04 | Best 0.0980 | Patience 9/40
[Update] best val_cyc_meas improved to 0.097785 @ epoch 62
 >> Epoch 063 | Train Total=0.7330 | Val post/prior Total=0.6607/0.7099, Recon post/prior=0.5845/0.5806, KL=0.0276, CycSim post/prior=0.0580/0.0380, CycMeas=0.0996, PriorBnd post/prior=1.94e-04/1.14e-04 | Best 0.0978 | Patience 1/40
 >> Epoch 064 | Train Total=0.7329 | Val post/prior Total=0.6583/0.7069, Recon post/prior=0.5829/0.5787, KL=0.0259, CycSim post/prior=0.0574/0.0376, CycMeas=0.0988, PriorBnd post/prior=2.07e-04/1.25e-04 | Best 0.0978 | Patience 2/40
 >> Epoch 065 | Train Total=0.7359 | Val post/prior Total=0.6602/0.7101, Recon post/prior=0.5848/0.5805, KL=0.0281, CycSim post/prior=0.0573/0.0386, CycMeas=0.0991, PriorBnd post/prior=1.56e-04/1.15e-04 | Best 0.0978 | Patience 3/40
 >> Epoch 066 | Train Total=0.7337 | Val post/prior Total=0.6597/0.7098, Recon post/prior=0.5842/0.5799, KL=0.0259, CycSim post/prior=0.0576/0.0387, CycMeas=0.0993, PriorBnd post/prior=1.35e-04/1.15e-04 | Best 0.0978 | Patience 4/40
 >> Epoch 067 | Train Total=0.7347 | Val post/prior Total=0.6688/0.7187, Recon post/prior=0.5875/0.5837, KL=0.0259, CycSim post/prior=0.0625/0.0436, CycMeas=0.0986, PriorBnd post/prior=1.11e-04/1.12e-04 | Best 0.0978 | Patience 5/40
 >> Epoch 068 | Train Total=0.7377 | Val post/prior Total=0.6628/0.7168, Recon post/prior=0.5863/0.5834, KL=0.0240, CycSim post/prior=0.0586/0.0423, CycMeas=0.0984, PriorBnd post/prior=1.19e-04/1.00e-04 | Best 0.0978 | Patience 6/40
 >> Epoch 069 | Train Total=0.7368 | Val post/prior Total=0.6608/0.7066, Recon post/prior=0.5822/0.5776, KL=0.0271, CycSim post/prior=0.0600/0.0387, CycMeas=0.0983, PriorBnd post/prior=2.09e-04/1.20e-04 | Best 0.0978 | Patience 7/40
 >> Epoch 070 | Train Total=0.7379 | Val post/prior Total=0.6595/0.7103, Recon post/prior=0.5828/0.5792, KL=0.0269, CycSim post/prior=0.0585/0.0394, CycMeas=0.1000, PriorBnd post/prior=1.27e-04/1.15e-04 | Best 0.0978 | Patience 8/40
 >> Epoch 071 | Train Total=0.7371 | Val post/prior Total=0.6603/0.7051, Recon post/prior=0.5811/0.5765, KL=0.0256, CycSim post/prior=0.0605/0.0376, CycMeas=0.0993, PriorBnd post/prior=2.48e-04/1.28e-04 | Best 0.0978 | Patience 9/40
 >> Epoch 072 | Train Total=0.7389 | Val post/prior Total=0.6594/0.7044, Recon post/prior=0.5805/0.5754, KL=0.0266, CycSim post/prior=0.0601/0.0384, CycMeas=0.0985, PriorBnd post/prior=2.35e-04/1.34e-04 | Best 0.0978 | Patience 10/40
 >> Epoch 073 | Train Total=0.7391 | Val post/prior Total=0.6601/0.7083, Recon post/prior=0.5827/0.5784, KL=0.0241, CycSim post/prior=0.0593/0.0394, CycMeas=0.0984, PriorBnd post/prior=1.17e-04/1.16e-04 | Best 0.0978 | Patience 11/40
 >> Epoch 074 | Train Total=0.7408 | Val post/prior Total=0.6586/0.7057, Recon post/prior=0.5821/0.5777, KL=0.0237, CycSim post/prior=0.0585/0.0379, CycMeas=0.0982, PriorBnd post/prior=1.53e-04/1.28e-04 | Best 0.0978 | Patience 12/40
 >> Epoch 075 | Train Total=0.7404 | Val post/prior Total=0.6575/0.7060, Recon post/prior=0.5823/0.5781, KL=0.0265, CycSim post/prior=0.0572/0.0378, CycMeas=0.0982, PriorBnd post/prior=1.53e-04/1.21e-04 | Best 0.0978 | Patience 13/40
 >> Epoch 076 | Train Total=0.7418 | Val post/prior Total=0.6577/0.7036, Recon post/prior=0.5800/0.5753, KL=0.0286, CycSim post/prior=0.0590/0.0368, CycMeas=0.1000, PriorBnd post/prior=2.21e-04/1.28e-04 | Best 0.0978 | Patience 14/40
 >> Epoch 077 | Train Total=0.7417 | Val post/prior Total=0.7200/0.7776, Recon post/prior=0.6116/0.6093, KL=0.0432, CycSim post/prior=0.0841/0.0692, CycMeas=0.1024, PriorBnd post/prior=1.01e-04/7.92e-05 | Best 0.0978 | Patience 15/40
 >> Epoch 078 | Train Total=0.7418 | Val post/prior Total=0.6844/0.7411, Recon post/prior=0.5966/0.5946, KL=0.0305, CycSim post/prior=0.0678/0.0526, CycMeas=0.0997, PriorBnd post/prior=1.12e-04/8.14e-05 | Best 0.0978 | Patience 16/40
 >> Epoch 079 | Train Total=0.7441 | Val post/prior Total=0.6601/0.7109, Recon post/prior=0.5824/0.5789, KL=0.0238, CycSim post/prior=0.0596/0.0412, CycMeas=0.0983, PriorBnd post/prior=1.43e-04/1.11e-04 | Best 0.0978 | Patience 17/40
 >> Epoch 080 | Train Total=0.7455 | Val post/prior Total=0.6585/0.7049, Recon post/prior=0.5802/0.5760, KL=0.0258, CycSim post/prior=0.0598/0.0379, CycMeas=0.0993, PriorBnd post/prior=1.59e-04/1.23e-04 | Best 0.0978 | Patience 18/40
 >> Epoch 081 | Train Total=0.7460 | Val post/prior Total=0.6588/0.7035, Recon post/prior=0.5799/0.5743, KL=0.0285, CycSim post/prior=0.0599/0.0371, CycMeas=0.1007, PriorBnd post/prior=3.96e-04/1.31e-04 | Best 0.0978 | Patience 19/40
 >> Epoch 082 | Train Total=0.7450 | Val post/prior Total=0.7377/0.8017, Recon post/prior=0.6230/0.6220, KL=0.0503, CycSim post/prior=0.0889/0.0751, CycMeas=0.1080, PriorBnd post/prior=8.85e-05/8.27e-05 | Best 0.0978 | Patience 20/40
 >> Epoch 083 | Train Total=0.7470 | Val post/prior Total=0.6697/0.7266, Recon post/prior=0.5877/0.5842, KL=0.0227, CycSim post/prior=0.0634/0.0476, CycMeas=0.1018, PriorBnd post/prior=1.16e-04/9.22e-05 | Best 0.0978 | Patience 21/40
 >> Epoch 084 | Train Total=0.7468 | Val post/prior Total=0.6552/0.7054, Recon post/prior=0.5812/0.5769, KL=0.0260, CycSim post/prior=0.0562/0.0384, CycMeas=0.0980, PriorBnd post/prior=1.67e-04/1.15e-04 | Best 0.0978 | Patience 22/40
 >> Epoch 085 | Train Total=0.7491 | Val post/prior Total=0.6569/0.7054, Recon post/prior=0.5797/0.5753, KL=0.0273, CycSim post/prior=0.0588/0.0386, CycMeas=0.0997, PriorBnd post/prior=1.91e-04/1.17e-04 | Best 0.0978 | Patience 23/40
 >> Epoch 086 | Train Total=0.7483 | Val post/prior Total=0.6569/0.7027, Recon post/prior=0.5803/0.5754, KL=0.0256, CycSim post/prior=0.0583/0.0369, CycMeas=0.0986, PriorBnd post/prior=3.04e-04/1.17e-04 | Best 0.0978 | Patience 24/40
 >> Epoch 087 | Train Total=0.7498 | Val post/prior Total=0.6585/0.7039, Recon post/prior=0.5795/0.5745, KL=0.0258, CycSim post/prior=0.0604/0.0390, CycMeas=0.0982, PriorBnd post/prior=1.78e-04/1.21e-04 | Best 0.0978 | Patience 25/40
 >> Epoch 088 | Train Total=0.7509 | Val post/prior Total=0.6622/0.7039, Recon post/prior=0.5787/0.5737, KL=0.0271, CycSim post/prior=0.0640/0.0385, CycMeas=0.0998, PriorBnd post/prior=2.16e-04/1.42e-04 | Best 0.0978 | Patience 26/40
 >> Epoch 089 | Train Total=0.7512 | Val post/prior Total=0.6644/0.7157, Recon post/prior=0.5841/0.5802, KL=0.0255, CycSim post/prior=0.0616/0.0428, CycMeas=0.1004, PriorBnd post/prior=1.88e-04/1.18e-04 | Best 0.0978 | Patience 27/40
 >> Epoch 090 | Train Total=0.7526 | Val post/prior Total=0.6567/0.7043, Recon post/prior=0.5802/0.5760, KL=0.0258, CycSim post/prior=0.0583/0.0383, CycMeas=0.0980, PriorBnd post/prior=1.24e-04/1.20e-04 | Best 0.0978 | Patience 28/40
 >> Epoch 091 | Train Total=0.7521 | Val post/prior Total=0.6879/0.7458, Recon post/prior=0.5946/0.5924, KL=0.0236, CycSim post/prior=0.0728/0.0587, CycMeas=0.0992, PriorBnd post/prior=1.17e-04/7.72e-05 | Best 0.0978 | Patience 29/40
 >> Epoch 092 | Train Total=0.7527 | Val post/prior Total=0.6637/0.7160, Recon post/prior=0.5811/0.5778, KL=0.0280, CycSim post/prior=0.0632/0.0417, CycMeas=0.1050, PriorBnd post/prior=1.65e-04/1.29e-04 | Best 0.0978 | Patience 30/40
 >> Epoch 093 | Train Total=0.7539 | Val post/prior Total=0.6569/0.7033, Recon post/prior=0.5805/0.5758, KL=0.0265, CycSim post/prior=0.0582/0.0373, CycMeas=0.0985, PriorBnd post/prior=1.62e-04/1.22e-04 | Best 0.0978 | Patience 31/40
 >> Epoch 094 | Train Total=0.7564 | Val post/prior Total=0.6561/0.7039, Recon post/prior=0.5795/0.5751, KL=0.0258, CycSim post/prior=0.0583/0.0378, CycMeas=0.0991, PriorBnd post/prior=1.94e-04/1.20e-04 | Best 0.0978 | Patience 32/40
 >> Epoch 095 | Train Total=0.7552 | Val post/prior Total=0.6756/0.7302, Recon post/prior=0.5927/0.5897, KL=0.0253, CycSim post/prior=0.0640/0.0486, CycMeas=0.0984, PriorBnd post/prior=8.81e-05/8.26e-05 | Best 0.0978 | Patience 33/40
 >> Epoch 096 | Train Total=0.7564 | Val post/prior Total=0.6595/0.7018, Recon post/prior=0.5795/0.5739, KL=0.0284, CycSim post/prior=0.0610/0.0382, CycMeas=0.0975, PriorBnd post/prior=2.50e-04/1.28e-04 | Best 0.0978 | Patience 34/40
[Update] best val_cyc_meas improved to 0.097547 @ epoch 96
 >> Epoch 097 | Train Total=0.7569 | Val post/prior Total=0.6672/0.7177, Recon post/prior=0.5832/0.5795, KL=0.0261, CycSim post/prior=0.0647/0.0457, CycMeas=0.0994, PriorBnd post/prior=1.38e-04/1.16e-04 | Best 0.0975 | Patience 1/40
 >> Epoch 098 | Train Total=0.7580 | Val post/prior Total=0.6553/0.7012, Recon post/prior=0.5789/0.5747, KL=0.0271, CycSim post/prior=0.0580/0.0365, CycMeas=0.0981, PriorBnd post/prior=2.13e-04/1.29e-04 | Best 0.0975 | Patience 2/40
 >> Epoch 099 | Train Total=0.7598 | Val post/prior Total=0.6559/0.7100, Recon post/prior=0.5793/0.5746, KL=0.0272, CycSim post/prior=0.0583/0.0380, CycMeas=0.1071, PriorBnd post/prior=1.77e-04/1.29e-04 | Best 0.0975 | Patience 3/40
 >> Epoch 100 | Train Total=0.7587 | Val post/prior Total=0.6555/0.7003, Recon post/prior=0.5787/0.5737, KL=0.0274, CycSim post/prior=0.0583/0.0366, CycMeas=0.0981, PriorBnd post/prior=2.65e-04/1.30e-04 | Best 0.0975 | Patience 4/40
 >> Epoch 101 | Train Total=0.7604 | Val post/prior Total=0.6554/0.7003, Recon post/prior=0.5790/0.5738, KL=0.0281, CycSim post/prior=0.0579/0.0370, CycMeas=0.0975, PriorBnd post/prior=2.79e-04/1.30e-04 | Best 0.0975 | Patience 5/40
[Update] best val_cyc_meas improved to 0.097507 @ epoch 101
 >> Epoch 102 | Train Total=0.7591 | Val post/prior Total=0.6556/0.7038, Recon post/prior=0.5805/0.5766, KL=0.0258, CycSim post/prior=0.0572/0.0371, CycMeas=0.0985, PriorBnd post/prior=1.54e-04/1.20e-04 | Best 0.0975 | Patience 1/40
 >> Epoch 103 | Train Total=0.7625 | Val post/prior Total=0.6549/0.7054, Recon post/prior=0.5808/0.5771, KL=0.0256, CycSim post/prior=0.0564/0.0384, CycMeas=0.0977, PriorBnd post/prior=1.74e-04/1.26e-04 | Best 0.0975 | Patience 2/40
 >> Epoch 104 | Train Total=0.7609 | Val post/prior Total=0.6568/0.7087, Recon post/prior=0.5816/0.5778, KL=0.0251, CycSim post/prior=0.0573/0.0396, CycMeas=0.0992, PriorBnd post/prior=2.69e-04/1.20e-04 | Best 0.0975 | Patience 3/40
 >> Epoch 105 | Train Total=0.7655 | Val post/prior Total=0.6604/0.7086, Recon post/prior=0.5820/0.5783, KL=0.0270, CycSim post/prior=0.0599/0.0399, CycMeas=0.0980, PriorBnd post/prior=1.44e-04/1.18e-04 | Best 0.0975 | Patience 4/40
 >> Epoch 106 | Train Total=0.7655 | Val post/prior Total=0.7261/0.7920, Recon post/prior=0.6179/0.6170, KL=0.0468, CycSim post/prior=0.0836/0.0692, CycMeas=0.1108, PriorBnd post/prior=1.03e-04/9.28e-05 | Best 0.0975 | Patience 5/40
 >> Epoch 107 | Train Total=0.7661 | Val post/prior Total=0.6550/0.7007, Recon post/prior=0.5792/0.5743, KL=0.0276, CycSim post/prior=0.0576/0.0365, CycMeas=0.0981, PriorBnd post/prior=1.84e-04/1.25e-04 | Best 0.0975 | Patience 6/40
 >> Epoch 108 | Train Total=0.7656 | Val post/prior Total=0.6679/0.7220, Recon post/prior=0.5894/0.5868, KL=0.0267, CycSim post/prior=0.0601/0.0443, CycMeas=0.0979, PriorBnd post/prior=2.46e-04/9.48e-05 | Best 0.0975 | Patience 7/40
 >> Epoch 109 | Train Total=0.7674 | Val post/prior Total=0.6578/0.7011, Recon post/prior=0.5797/0.5741, KL=0.0297, CycSim post/prior=0.0593/0.0369, CycMeas=0.0984, PriorBnd post/prior=2.12e-04/1.28e-04 | Best 0.0975 | Patience 8/40
 >> Epoch 110 | Train Total=0.7686 | Val post/prior Total=0.6637/0.7064, Recon post/prior=0.5805/0.5749, KL=0.0255, CycSim post/prior=0.0639/0.0410, CycMeas=0.0980, PriorBnd post/prior=1.78e-04/1.19e-04 | Best 0.0975 | Patience 9/40
 >> Epoch 111 | Train Total=0.7661 | Val post/prior Total=0.6561/0.7034, Recon post/prior=0.5795/0.5748, KL=0.0254, CycSim post/prior=0.0583/0.0374, CycMeas=0.0995, PriorBnd post/prior=2.95e-04/1.25e-04 | Best 0.0975 | Patience 10/40
 >> Epoch 112 | Train Total=0.7674 | Val post/prior Total=0.7040/0.7590, Recon post/prior=0.6056/0.6038, KL=0.0412, CycSim post/prior=0.0757/0.0590, CycMeas=0.1011, PriorBnd post/prior=1.10e-04/9.84e-05 | Best 0.0975 | Patience 11/40
 >> Epoch 113 | Train Total=0.7690 | Val post/prior Total=0.6623/0.7092, Recon post/prior=0.5834/0.5792, KL=0.0284, CycSim post/prior=0.0602/0.0400, CycMeas=0.0977, PriorBnd post/prior=2.01e-04/1.14e-04 | Best 0.0975 | Patience 12/40
 >> Epoch 114 | Train Total=0.7691 | Val post/prior Total=0.6562/0.7041, Recon post/prior=0.5793/0.5752, KL=0.0275, CycSim post/prior=0.0585/0.0382, CycMeas=0.0987, PriorBnd post/prior=1.50e-04/1.24e-04 | Best 0.0975 | Patience 13/40
 >> Epoch 115 | Train Total=0.7703 | Val post/prior Total=0.6546/0.7013, Recon post/prior=0.5791/0.5741, KL=0.0290, CycSim post/prior=0.0571/0.0369, CycMeas=0.0986, PriorBnd post/prior=1.65e-04/1.21e-04 | Best 0.0975 | Patience 14/40
 >> Epoch 116 | Train Total=0.7689 | Val post/prior Total=0.6582/0.7020, Recon post/prior=0.5794/0.5747, KL=0.0295, CycSim post/prior=0.0600/0.0378, CycMeas=0.0974, PriorBnd post/prior=2.25e-04/1.32e-04 | Best 0.0975 | Patience 15/40
[Update] best val_cyc_meas improved to 0.097439 @ epoch 116
 >> Epoch 117 | Train Total=0.7682 | Val post/prior Total=0.6565/0.7032, Recon post/prior=0.5801/0.5756, KL=0.0259, CycSim post/prior=0.0582/0.0377, CycMeas=0.0980, PriorBnd post/prior=2.18e-04/1.30e-04 | Best 0.0974 | Patience 1/40
 >> Epoch 118 | Train Total=0.7675 | Val post/prior Total=0.6628/0.7111, Recon post/prior=0.5834/0.5794, KL=0.0246, CycSim post/prior=0.0610/0.0412, CycMeas=0.0981, PriorBnd post/prior=1.41e-04/1.00e-04 | Best 0.0974 | Patience 2/40
 >> Epoch 119 | Train Total=0.7679 | Val post/prior Total=0.6527/0.7038, Recon post/prior=0.5799/0.5765, KL=0.0254, CycSim post/prior=0.0553/0.0377, CycMeas=0.0975, PriorBnd post/prior=1.10e-04/1.12e-04 | Best 0.0974 | Patience 3/40
 >> Epoch 120 | Train Total=0.7689 | Val post/prior Total=0.6585/0.7025, Recon post/prior=0.5789/0.5747, KL=0.0277, CycSim post/prior=0.0607/0.0378, CycMeas=0.0980, PriorBnd post/prior=2.49e-04/1.35e-04 | Best 0.0974 | Patience 4/40
 >> Epoch 121 | Train Total=0.7686 | Val post/prior Total=0.6611/0.7116, Recon post/prior=0.5835/0.5800, KL=0.0247, CycSim post/prior=0.0594/0.0407, CycMeas=0.0986, PriorBnd post/prior=1.69e-04/1.10e-04 | Best 0.0974 | Patience 5/40
 >> Epoch 122 | Train Total=0.7679 | Val post/prior Total=0.6594/0.7087, Recon post/prior=0.5830/0.5777, KL=0.0268, CycSim post/prior=0.0581/0.0403, CycMeas=0.0985, PriorBnd post/prior=2.76e-04/1.08e-04 | Best 0.0974 | Patience 6/40
 >> Epoch 123 | Train Total=0.7699 | Val post/prior Total=0.6537/0.7014, Recon post/prior=0.5790/0.5742, KL=0.0265, CycSim post/prior=0.0566/0.0370, CycMeas=0.0982, PriorBnd post/prior=1.73e-04/1.29e-04 | Best 0.0974 | Patience 7/40
 >> Epoch 124 | Train Total=0.7683 | Val post/prior Total=0.6592/0.7051, Recon post/prior=0.5803/0.5760, KL=0.0265, CycSim post/prior=0.0603/0.0392, CycMeas=0.0976, PriorBnd post/prior=2.18e-04/1.26e-04 | Best 0.0974 | Patience 8/40
 >> Epoch 125 | Train Total=0.7668 | Val post/prior Total=0.6617/0.7078, Recon post/prior=0.5792/0.5740, KL=0.0271, CycSim post/prior=0.0632/0.0407, CycMeas=0.1012, PriorBnd post/prior=2.14e-04/1.30e-04 | Best 0.0974 | Patience 9/40
 >> Epoch 126 | Train Total=0.7676 | Val post/prior Total=0.6937/0.7498, Recon post/prior=0.6009/0.5983, KL=0.0289, CycSim post/prior=0.0721/0.0576, CycMeas=0.0986, PriorBnd post/prior=7.72e-05/7.24e-05 | Best 0.0974 | Patience 10/40
 >> Epoch 127 | Train Total=0.7691 | Val post/prior Total=0.6791/0.7331, Recon post/prior=0.5899/0.5862, KL=0.0261, CycSim post/prior=0.0692/0.0528, CycMeas=0.0998, PriorBnd post/prior=1.13e-04/8.76e-05 | Best 0.0974 | Patience 11/40
 >> Epoch 128 | Train Total=0.7653 | Val post/prior Total=0.6629/0.7110, Recon post/prior=0.5823/0.5792, KL=0.0311, CycSim post/prior=0.0614/0.0415, CycMeas=0.0976, PriorBnd post/prior=1.36e-04/1.22e-04 | Best 0.0974 | Patience 12/40
 >> Epoch 129 | Train Total=0.7676 | Val post/prior Total=0.6582/0.7095, Recon post/prior=0.5828/0.5795, KL=0.0254, CycSim post/prior=0.0575/0.0402, CycMeas=0.0974, PriorBnd post/prior=1.36e-04/1.20e-04 | Best 0.0974 | Patience 13/40
[Update] best val_cyc_meas improved to 0.097357 @ epoch 129
 >> Epoch 130 | Train Total=0.7672 | Val post/prior Total=0.6562/0.7070, Recon post/prior=0.5814/0.5781, KL=0.0254, CycSim post/prior=0.0570/0.0390, CycMeas=0.0976, PriorBnd post/prior=1.83e-04/1.13e-04 | Best 0.0974 | Patience 1/40
 >> Epoch 131 | Train Total=0.7665 | Val post/prior Total=0.6562/0.7024, Recon post/prior=0.5798/0.5749, KL=0.0264, CycSim post/prior=0.0582/0.0375, CycMeas=0.0981, PriorBnd post/prior=2.37e-04/1.17e-04 | Best 0.0974 | Patience 2/40
 >> Epoch 132 | Train Total=0.7664 | Val post/prior Total=0.6564/0.7020, Recon post/prior=0.5789/0.5739, KL=0.0278, CycSim post/prior=0.0590/0.0381, CycMeas=0.0979, PriorBnd post/prior=1.83e-04/1.29e-04 | Best 0.0974 | Patience 3/40
 >> Epoch 133 | Train Total=0.7676 | Val post/prior Total=0.6589/0.7068, Recon post/prior=0.5815/0.5768, KL=0.0263, CycSim post/prior=0.0591/0.0400, CycMeas=0.0976, PriorBnd post/prior=1.20e-04/1.10e-04 | Best 0.0974 | Patience 4/40
 >> Epoch 134 | Train Total=0.7663 | Val post/prior Total=0.6562/0.7015, Recon post/prior=0.5790/0.5735, KL=0.0299, CycSim post/prior=0.0585/0.0369, CycMeas=0.0996, PriorBnd post/prior=2.42e-04/1.31e-04 | Best 0.0974 | Patience 5/40
 >> Epoch 135 | Train Total=0.7675 | Val post/prior Total=0.6588/0.7032, Recon post/prior=0.5792/0.5749, KL=0.0279, CycSim post/prior=0.0607/0.0384, CycMeas=0.0977, PriorBnd post/prior=2.02e-04/1.28e-04 | Best 0.0974 | Patience 6/40
 >> Epoch 136 | Train Total=0.7687 | Val post/prior Total=0.6574/0.7089, Recon post/prior=0.5803/0.5760, KL=0.0265, CycSim post/prior=0.0587/0.0384, CycMeas=0.1035, PriorBnd post/prior=1.73e-04/1.20e-04 | Best 0.0974 | Patience 7/40
 >> Epoch 137 | Train Total=0.7674 | Val post/prior Total=0.6568/0.7023, Recon post/prior=0.5795/0.5751, KL=0.0271, CycSim post/prior=0.0589/0.0373, CycMeas=0.0980, PriorBnd post/prior=1.58e-04/1.25e-04 | Best 0.0974 | Patience 8/40
 >> Epoch 138 | Train Total=0.7685 | Val post/prior Total=0.6596/0.7030, Recon post/prior=0.5787/0.5739, KL=0.0277, CycSim post/prior=0.0618/0.0386, CycMeas=0.0983, PriorBnd post/prior=1.68e-04/1.32e-04 | Best 0.0974 | Patience 9/40
 >> Epoch 139 | Train Total=0.7678 | Val post/prior Total=0.6606/0.7081, Recon post/prior=0.5811/0.5770, KL=0.0264, CycSim post/prior=0.0608/0.0405, CycMeas=0.0981, PriorBnd post/prior=1.36e-04/1.24e-04 | Best 0.0974 | Patience 10/40
 >> Epoch 140 | Train Total=0.7676 | Val post/prior Total=0.6599/0.7038, Recon post/prior=0.5791/0.5741, KL=0.0258, CycSim post/prior=0.0618/0.0392, CycMeas=0.0982, PriorBnd post/prior=1.91e-04/1.30e-04 | Best 0.0974 | Patience 11/40
 >> Epoch 141 | Train Total=0.7677 | Val post/prior Total=0.6586/0.7022, Recon post/prior=0.5793/0.5748, KL=0.0265, CycSim post/prior=0.0606/0.0370, CycMeas=0.0986, PriorBnd post/prior=2.13e-04/1.30e-04 | Best 0.0974 | Patience 12/40
 >> Epoch 142 | Train Total=0.7671 | Val post/prior Total=0.6543/0.7004, Recon post/prior=0.5786/0.5735, KL=0.0256, CycSim post/prior=0.0576/0.0373, CycMeas=0.0975, PriorBnd post/prior=1.39e-04/1.21e-04 | Best 0.0974 | Patience 13/40
 >> Epoch 143 | Train Total=0.7679 | Val post/prior Total=0.6610/0.7084, Recon post/prior=0.5818/0.5783, KL=0.0292, CycSim post/prior=0.0604/0.0397, CycMeas=0.0982, PriorBnd post/prior=1.72e-04/1.17e-04 | Best 0.0974 | Patience 14/40
 >> Epoch 144 | Train Total=0.7676 | Val post/prior Total=0.6556/0.7031, Recon post/prior=0.5799/0.5751, KL=0.0269, CycSim post/prior=0.0575/0.0381, CycMeas=0.0979, PriorBnd post/prior=2.15e-04/1.22e-04 | Best 0.0974 | Patience 15/40
 >> Epoch 145 | Train Total=0.7671 | Val post/prior Total=0.6559/0.7050, Recon post/prior=0.5801/0.5764, KL=0.0269, CycSim post/prior=0.0577/0.0386, CycMeas=0.0978, PriorBnd post/prior=1.29e-04/1.13e-04 | Best 0.0974 | Patience 16/40
 >> Epoch 146 | Train Total=0.7667 | Val post/prior Total=0.6573/0.7013, Recon post/prior=0.5787/0.5733, KL=0.0266, CycSim post/prior=0.0600/0.0379, CycMeas=0.0980, PriorBnd post/prior=1.69e-04/1.28e-04 | Best 0.0974 | Patience 17/40
 >> Epoch 147 | Train Total=0.7673 | Val post/prior Total=0.6581/0.7034, Recon post/prior=0.5798/0.5752, KL=0.0254, CycSim post/prior=0.0598/0.0383, CycMeas=0.0978, PriorBnd post/prior=3.20e-04/1.28e-04 | Best 0.0974 | Patience 18/40
 >> Epoch 148 | Train Total=0.7682 | Val post/prior Total=0.6540/0.7050, Recon post/prior=0.5796/0.5754, KL=0.0245, CycSim post/prior=0.0566/0.0378, CycMeas=0.1002, PriorBnd post/prior=2.33e-04/1.22e-04 | Best 0.0974 | Patience 19/40
 >> Epoch 149 | Train Total=0.7671 | Val post/prior Total=0.6598/0.7097, Recon post/prior=0.5820/0.5785, KL=0.0268, CycSim post/prior=0.0594/0.0405, CycMeas=0.0983, PriorBnd post/prior=1.34e-04/1.13e-04 | Best 0.0974 | Patience 20/40
 >> Epoch 150 | Train Total=0.7687 | Val post/prior Total=0.6552/0.7040, Recon post/prior=0.5807/0.5764, KL=0.0257, CycSim post/prior=0.0567/0.0378, CycMeas=0.0977, PriorBnd post/prior=1.39e-04/1.16e-04 | Best 0.0974 | Patience 21/40
 >> Epoch 151 | Train Total=0.7673 | Val post/prior Total=0.6600/0.7019, Recon post/prior=0.5791/0.5740, KL=0.0288, CycSim post/prior=0.0616/0.0378, CycMeas=0.0979, PriorBnd post/prior=3.10e-04/1.33e-04 | Best 0.0974 | Patience 22/40
 >> Epoch 152 | Train Total=0.7670 | Val post/prior Total=0.6574/0.6993, Recon post/prior=0.5781/0.5726, KL=0.0303, CycSim post/prior=0.0602/0.0369, CycMeas=0.0979, PriorBnd post/prior=2.22e-04/1.35e-04 | Best 0.0974 | Patience 23/40
 >> Epoch 153 | Train Total=0.7679 | Val post/prior Total=0.6555/0.7035, Recon post/prior=0.5797/0.5751, KL=0.0267, CycSim post/prior=0.0576/0.0374, CycMeas=0.0993, PriorBnd post/prior=2.80e-04/1.19e-04 | Best 0.0974 | Patience 24/40
 >> Epoch 154 | Train Total=0.7680 | Val post/prior Total=0.6576/0.7054, Recon post/prior=0.5804/0.5763, KL=0.0285, CycSim post/prior=0.0587/0.0387, CycMeas=0.0982, PriorBnd post/prior=1.54e-04/1.20e-04 | Best 0.0974 | Patience 25/40
 >> Epoch 155 | Train Total=0.7680 | Val post/prior Total=0.6577/0.7057, Recon post/prior=0.5809/0.5768, KL=0.0270, CycSim post/prior=0.0585/0.0389, CycMeas=0.0977, PriorBnd post/prior=1.94e-04/1.22e-04 | Best 0.0974 | Patience 26/40
 >> Epoch 156 | Train Total=0.7669 | Val post/prior Total=0.6742/0.7260, Recon post/prior=0.5879/0.5847, KL=0.0265, CycSim post/prior=0.0667/0.0493, CycMeas=0.0980, PriorBnd post/prior=1.17e-04/9.33e-05 | Best 0.0974 | Patience 27/40
 >> Epoch 157 | Train Total=0.7689 | Val post/prior Total=0.6600/0.7071, Recon post/prior=0.5819/0.5781, KL=0.0256, CycSim post/prior=0.0598/0.0387, CycMeas=0.0983, PriorBnd post/prior=1.52e-04/1.14e-04 | Best 0.0974 | Patience 28/40
 >> Epoch 158 | Train Total=0.7694 | Val post/prior Total=0.6544/0.7027, Recon post/prior=0.5795/0.5742, KL=0.0295, CycSim post/prior=0.0566/0.0379, CycMeas=0.0986, PriorBnd post/prior=2.73e-04/1.27e-04 | Best 0.0974 | Patience 29/40
 >> Epoch 159 | Train Total=0.7678 | Val post/prior Total=0.6600/0.7089, Recon post/prior=0.5815/0.5775, KL=0.0289, CycSim post/prior=0.0598/0.0403, CycMeas=0.0987, PriorBnd post/prior=1.67e-04/1.16e-04 | Best 0.0974 | Patience 30/40
 >> Epoch 160 | Train Total=0.7675 | Val post/prior Total=0.6582/0.7021, Recon post/prior=0.5798/0.5743, KL=0.0278, CycSim post/prior=0.0596/0.0378, CycMeas=0.0980, PriorBnd post/prior=3.02e-04/1.21e-04 | Best 0.0974 | Patience 31/40
 >> Epoch 161 | Train Total=0.7670 | Val post/prior Total=0.6540/0.7024, Recon post/prior=0.5793/0.5751, KL=0.0286, CycSim post/prior=0.0565/0.0372, CycMeas=0.0981, PriorBnd post/prior=2.41e-04/1.28e-04 | Best 0.0974 | Patience 32/40
 >> Epoch 162 | Train Total=0.7667 | Val post/prior Total=0.6553/0.7042, Recon post/prior=0.5799/0.5757, KL=0.0252, CycSim post/prior=0.0575/0.0380, CycMeas=0.0986, PriorBnd post/prior=1.70e-04/1.27e-04 | Best 0.0974 | Patience 33/40
 >> Epoch 163 | Train Total=0.7684 | Val post/prior Total=0.6575/0.7040, Recon post/prior=0.5794/0.5744, KL=0.0237, CycSim post/prior=0.0599/0.0393, CycMeas=0.0981, PriorBnd post/prior=1.36e-04/1.18e-04 | Best 0.0974 | Patience 34/40
 >> Epoch 164 | Train Total=0.7686 | Val post/prior Total=0.6554/0.7029, Recon post/prior=0.5796/0.5746, KL=0.0288, CycSim post/prior=0.0574/0.0381, CycMeas=0.0982, PriorBnd post/prior=1.91e-04/1.24e-04 | Best 0.0974 | Patience 35/40
 >> Epoch 165 | Train Total=0.7674 | Val post/prior Total=0.6579/0.7020, Recon post/prior=0.5790/0.5742, KL=0.0277, CycSim post/prior=0.0601/0.0377, CycMeas=0.0982, PriorBnd post/prior=1.79e-04/1.27e-04 | Best 0.0974 | Patience 36/40
 >> Epoch 166 | Train Total=0.7683 | Val post/prior Total=0.6580/0.7102, Recon post/prior=0.5833/0.5797, KL=0.0255, CycSim post/prior=0.0569/0.0397, CycMeas=0.0986, PriorBnd post/prior=1.71e-04/1.11e-04 | Best 0.0974 | Patience 37/40
 >> Epoch 167 | Train Total=0.7677 | Val post/prior Total=0.6577/0.7040, Recon post/prior=0.5798/0.5748, KL=0.0223, CycSim post/prior=0.0598/0.0391, CycMeas=0.0977, PriorBnd post/prior=1.49e-04/1.22e-04 | Best 0.0974 | Patience 38/40
 >> Epoch 168 | Train Total=0.7679 | Val post/prior Total=0.6557/0.7000, Recon post/prior=0.5784/0.5734, KL=0.0280, CycSim post/prior=0.0587/0.0368, CycMeas=0.0979, PriorBnd post/prior=1.64e-04/1.30e-04 | Best 0.0974 | Patience 39/40
 >> Epoch 169 | Train Total=0.7666 | Val post/prior Total=0.6566/0.7023, Recon post/prior=0.5790/0.5739, KL=0.0279, CycSim post/prior=0.0590/0.0381, CycMeas=0.0982, PriorBnd post/prior=1.97e-04/1.22e-04 | Best 0.0974 | Patience 40/40
[EarlyStop] at epoch 169
[Diag] Start to calcaulte diag in test preocess... 
[Diag] wrote 28930 rows to temp_Bidi_cvae\cvae_20251105-042859\diag_test.csv
[Diag] proxy_floor_ps  P50=0.0095  P90=0.0228  P95=0.0348  P99=0.2440
[Test] prior total=0.708421 | prior recon=0.578534 | kl=0.020538 | prior cyc_sim=0.039044 | cyc_meas=0.098967 | prior_l2=0.386077 | prior_bnd=0.000057 | 
