[log] tee initialized at 2025-11-28 11:22:14 -> temp_Unidi_cvae_14param_2channel\session_20251128-112214.log
Using CUDA device 0: NVIDIA GeForce RTX 4060 Laptop GPU
[log] tee initialized at 2025-11-28 11:22:18 -> temp_Unidi_cvae_14param_2channel\cvae_20251128-112218\train.log
[Data] Warning: Single measurement sample detected. Duplicating to N=2 for BatchNorm compatibility.
[Info] Loading dual proxies from temp_Unidi_cvae_14param_2channel/proxy_dual
[L_trust] using 20000 ref rows from temp_Unidi_cvae_14param_2channel/proxy_dual\proxy_Ytr_norm.npy
D:\Miniconda\envs\DL\Lib\site-packages\torch\optim\lr_scheduler.py:182: UserWarning: Detected call of `lr_scheduler.step()` before `optimizer.step()`. In PyTorch 1.1.0 and later, you should call them in the opposite order: `optimizer.step()` before `lr_scheduler.step()`.  Failure to do this will result in PyTorch skipping the first value of the learning rate schedule. See more details at https://pytorch.org/docs/stable/optim.html#how-to-adjust-learning-rate
  warnings.warn(
 >> Epoch 001 | Train Total=10.6351 | Val post/prior Total=12.5323/11.4663, Recon post/prior=0.8957/0.8807, KL=2.2364, | CycSim post total/iv/gm=1.0514/0.4671/0.5843, | CycSim prior total/iv/gm=1.0582/0.4698/0.5884, | CycMeas total/iv/gm=0.3056/0.1525/0.1530, | PriorBnd post/prior=1.24e-04/1.49e-05 | Best inf | Patience 1/40
[Update] best val_cyc_meas improved to 0.305590 @ epoch 1
 >> Epoch 002 | Train Total=5.3568 | Val post/prior Total=11.7399/10.8880, Recon post/prior=0.9064/0.8979, KL=1.2346, | CycSim post total/iv/gm=1.0211/0.4525/0.5686, | CycSim prior total/iv/gm=0.9985/0.4428/0.5557, | CycMeas total/iv/gm=0.2144/0.1116/0.1029, | PriorBnd post/prior=6.41e-05/6.75e-06 | Best 0.3056 | Patience 1/40
[Update] best val_cyc_meas improved to 0.214423 @ epoch 2
 >> Epoch 003 | Train Total=4.6899 | Val post/prior Total=10.5668/9.9594, Recon post/prior=0.9015/0.8970, KL=0.8968, | CycSim post total/iv/gm=0.9212/0.4078/0.5133, | CycSim prior total/iv/gm=0.9057/0.4010/0.5047, | CycMeas total/iv/gm=0.2059/0.0941/0.1119, | PriorBnd post/prior=9.04e-05/5.68e-05 | Best 0.2144 | Patience 1/40
[Update] best val_cyc_meas improved to 0.205941 @ epoch 3
 >> Epoch 004 | Train Total=4.4114 | Val post/prior Total=10.8900/10.1858, Recon post/prior=0.9060/0.9033, KL=0.9666, | CycSim post total/iv/gm=0.9495/0.4130/0.5365, | CycSim prior total/iv/gm=0.9276/0.4029/0.5247, | CycMeas total/iv/gm=0.2667/0.1194/0.1473, | PriorBnd post/prior=1.01e-04/8.76e-05 | Best 0.2059 | Patience 1/40
 >> Epoch 005 | Train Total=4.2106 | Val post/prior Total=11.2051/10.4527, Recon post/prior=0.8927/0.8938, KL=1.1640, | CycSim post total/iv/gm=0.9725/0.4230/0.5495, | CycSim prior total/iv/gm=0.9552/0.4152/0.5400, | CycMeas total/iv/gm=0.2836/0.1276/0.1560, | PriorBnd post/prior=6.72e-05/6.84e-05 | Best 0.2059 | Patience 2/40
 >> Epoch 006 | Train Total=4.1155 | Val post/prior Total=9.5731/8.6385, Recon post/prior=0.8828/0.8840, KL=1.2728, | CycSim post total/iv/gm=0.8049/0.3497/0.4552, | CycSim prior total/iv/gm=0.7748/0.3368/0.4380, | CycMeas total/iv/gm=0.3399/0.1561/0.1838, | PriorBnd post/prior=5.50e-05/4.65e-05 | Best 0.2059 | Patience 3/40
 >> Epoch 007 | Train Total=3.9642 | Val post/prior Total=10.2580/9.3521, Recon post/prior=0.8827/0.8836, KL=1.1446, | CycSim post total/iv/gm=0.8798/0.3808/0.4990, | CycSim prior total/iv/gm=0.8462/0.3664/0.4798, | CycMeas total/iv/gm=0.3022/0.1392/0.1630, | PriorBnd post/prior=5.70e-05/5.82e-05 | Best 0.2059 | Patience 4/40
 >> Epoch 008 | Train Total=3.9371 | Val post/prior Total=10.9469/10.1454, Recon post/prior=0.8908/0.8948, KL=1.1328, | CycSim post total/iv/gm=0.9484/0.4125/0.5360, | CycSim prior total/iv/gm=0.9244/0.4015/0.5228, | CycMeas total/iv/gm=0.2561/0.1182/0.1379, | PriorBnd post/prior=4.25e-05/3.25e-05 | Best 0.2059 | Patience 5/40
 >> Epoch 009 | Train Total=3.8186 | Val post/prior Total=11.9121/11.2650, Recon post/prior=0.8998/0.9037, KL=1.0273, | CycSim post total/iv/gm=1.0493/0.4475/0.6017, | CycSim prior total/iv/gm=1.0353/0.4401/0.5953, | CycMeas total/iv/gm=0.2925/0.1333/0.1591, | PriorBnd post/prior=8.83e-05/9.53e-05 | Best 0.2059 | Patience 6/40
 >> Epoch 010 | Train Total=3.7743 | Val post/prior Total=11.8876/10.9872, Recon post/prior=0.9046/0.9094, KL=1.3701, | CycSim post total/iv/gm=1.0292/0.4431/0.5861, | CycSim prior total/iv/gm=1.0069/0.4326/0.5743, | CycMeas total/iv/gm=0.3233/0.1478/0.1755, | PriorBnd post/prior=1.98e-04/2.36e-04 | Best 0.2059 | Patience 7/40
 >> Epoch 011 | Train Total=3.7390 | Val post/prior Total=11.0233/9.9395, Recon post/prior=0.9108/0.9177, KL=1.7917, | CycSim post total/iv/gm=0.9210/0.3939/0.5272, | CycSim prior total/iv/gm=0.9013/0.3839/0.5174, | CycMeas total/iv/gm=0.3306/0.1532/0.1774, | PriorBnd post/prior=1.20e-04/1.39e-04 | Best 0.2059 | Patience 8/40
 >> Epoch 012 | Train Total=3.7413 | Val post/prior Total=11.3774/10.5197, Recon post/prior=0.8959/0.9007, KL=1.2168, | CycSim post total/iv/gm=0.9867/0.4278/0.5589, | CycSim prior total/iv/gm=0.9610/0.4171/0.5439, | CycMeas total/iv/gm=0.3208/0.1441/0.1767, | PriorBnd post/prior=3.89e-04/4.46e-04 | Best 0.2059 | Patience 9/40
 >> Epoch 013 | Train Total=3.6149 | Val post/prior Total=11.8868/11.0794, Recon post/prior=0.8987/0.9032, KL=1.2344, | CycSim post total/iv/gm=1.0365/0.4502/0.5863, | CycSim prior total/iv/gm=1.0167/0.4418/0.5749, | CycMeas total/iv/gm=0.3404/0.1529/0.1875, | PriorBnd post/prior=5.48e-04/6.21e-04 | Best 0.2059 | Patience 10/40
 >> Epoch 014 | Train Total=3.6290 | Val post/prior Total=12.1972/11.3349, Recon post/prior=0.9115/0.9167, KL=1.3275, | CycSim post total/iv/gm=1.0615/0.4551/0.6065, | CycSim prior total/iv/gm=1.0408/0.4458/0.5950, | CycMeas total/iv/gm=0.3602/0.1635/0.1967, | PriorBnd post/prior=5.04e-04/5.73e-04 | Best 0.2059 | Patience 11/40
 >> Epoch 015 | Train Total=3.6568 | Val post/prior Total=11.9580/10.9884, Recon post/prior=0.9067/0.9120, KL=1.5454, | CycSim post total/iv/gm=1.0272/0.4399/0.5874, | CycSim prior total/iv/gm=1.0066/0.4297/0.5769, | CycMeas total/iv/gm=0.3400/0.1523/0.1877, | PriorBnd post/prior=4.19e-04/4.74e-04 | Best 0.2059 | Patience 12/40
 >> Epoch 016 | Train Total=3.6742 | Val post/prior Total=11.4255/10.6711, Recon post/prior=0.8908/0.8965, KL=1.0925, | CycSim post total/iv/gm=0.9982/0.4312/0.5671, | CycSim prior total/iv/gm=0.9765/0.4223/0.5542, | CycMeas total/iv/gm=0.3224/0.1441/0.1783, | PriorBnd post/prior=5.41e-04/6.10e-04 | Best 0.2059 | Patience 13/40
 >> Epoch 017 | Train Total=3.5920 | Val post/prior Total=11.2228/10.2252, Recon post/prior=0.9163/0.9226, KL=1.6642, | CycSim post total/iv/gm=0.9467/0.4067/0.5400, | CycSim prior total/iv/gm=0.9291/0.3986/0.5305, | CycMeas total/iv/gm=0.3641/0.1650/0.1992, | PriorBnd post/prior=7.00e-04/7.86e-04 | Best 0.2059 | Patience 14/40
 >> Epoch 018 | Train Total=3.5477 | Val post/prior Total=11.1018/10.1022, Recon post/prior=0.8949/0.9004, KL=1.5040, | CycSim post total/iv/gm=0.9449/0.4076/0.5373, | CycSim prior total/iv/gm=0.9190/0.3972/0.5218, | CycMeas total/iv/gm=0.4426/0.2040/0.2386, | PriorBnd post/prior=6.14e-04/6.87e-04 | Best 0.2059 | Patience 15/40
 >> Epoch 019 | Train Total=3.5336 | Val post/prior Total=12.7371/11.8579, Recon post/prior=0.9066/0.9134, KL=1.4482, | CycSim post total/iv/gm=1.1100/0.4803/0.6297, | CycSim prior total/iv/gm=1.0932/0.4734/0.6198, | CycMeas total/iv/gm=0.4684/0.2201/0.2484, | PriorBnd post/prior=1.02e-03/1.12e-03 | Best 0.2059 | Patience 16/40
 >> Epoch 020 | Train Total=3.5273 | Val post/prior Total=11.0798/10.2197, Recon post/prior=0.8956/0.9039, KL=1.3382, | CycSim post total/iv/gm=0.9509/0.4131/0.5378, | CycSim prior total/iv/gm=0.9306/0.4052/0.5254, | CycMeas total/iv/gm=0.2658/0.1178/0.1480, | PriorBnd post/prior=7.26e-04/7.91e-04 | Best 0.2059 | Patience 17/40
 >> Epoch 021 | Train Total=3.4987 | Val post/prior Total=12.5792/11.5448, Recon post/prior=0.9226/0.9314, KL=1.4006, | CycSim post total/iv/gm=1.0949/0.4704/0.6245, | CycSim prior total/iv/gm=1.0602/0.4563/0.6039, | CycMeas total/iv/gm=0.2828/0.1257/0.1571, | PriorBnd post/prior=9.33e-04/1.02e-03 | Best 0.2059 | Patience 18/40
 >> Epoch 022 | Train Total=3.4773 | Val post/prior Total=11.9685/10.7551, Recon post/prior=0.9300/0.9427, KL=2.0612, | CycSim post total/iv/gm=1.0001/0.4306/0.5695, | CycSim prior total/iv/gm=0.9801/0.4224/0.5577, | CycMeas total/iv/gm=0.2420/0.1078/0.1342, | PriorBnd post/prior=1.23e-03/1.32e-03 | Best 0.2059 | Patience 19/40
 >> Epoch 023 | Train Total=3.5641 | Val post/prior Total=12.4410/11.3242, Recon post/prior=0.9128/0.9241, KL=1.8460, | CycSim post total/iv/gm=1.0598/0.4594/0.6004, | CycSim prior total/iv/gm=1.0389/0.4510/0.5879, | CycMeas total/iv/gm=0.2564/0.1110/0.1454, | PriorBnd post/prior=1.27e-03/1.38e-03 | Best 0.2059 | Patience 20/40
 >> Epoch 024 | Train Total=3.4779 | Val post/prior Total=13.2340/11.8446, Recon post/prior=0.9165/0.9290, KL=2.1684, | CycSim post total/iv/gm=1.1226/0.4795/0.6432, | CycSim prior total/iv/gm=1.0902/0.4669/0.6233, | CycMeas total/iv/gm=0.3579/0.1634/0.1945, | PriorBnd post/prior=1.02e-03/1.16e-03 | Best 0.2059 | Patience 21/40
 >> Epoch 025 | Train Total=3.4735 | Val post/prior Total=12.2530/10.8469, Recon post/prior=0.9004/0.9144, KL=2.0999, | CycSim post total/iv/gm=1.0296/0.4457/0.5840, | CycSim prior total/iv/gm=0.9920/0.4306/0.5614, | CycMeas total/iv/gm=0.3121/0.1398/0.1723, | PriorBnd post/prior=1.15e-03/1.23e-03 | Best 0.2059 | Patience 22/40
 >> Epoch 026 | Train Total=3.4328 | Val post/prior Total=13.0498/11.7455, Recon post/prior=0.9071/0.9203, KL=2.0113, | CycSim post total/iv/gm=1.1130/0.4827/0.6304, | CycSim prior total/iv/gm=1.0813/0.4697/0.6116, | CycMeas total/iv/gm=0.3108/0.1384/0.1724, | PriorBnd post/prior=1.63e-03/1.75e-03 | Best 0.2059 | Patience 23/40
 >> Epoch 027 | Train Total=3.4263 | Val post/prior Total=13.2853/12.3221, Recon post/prior=0.8925/0.9102, KL=1.3778, | CycSim post total/iv/gm=1.1698/0.4972/0.6726, | CycSim prior total/iv/gm=1.1402/0.4870/0.6532, | CycMeas total/iv/gm=0.1660/0.0728/0.0932, | PriorBnd post/prior=1.31e-03/1.40e-03 | Best 0.2059 | Patience 24/40
[Update] best val_cyc_meas improved to 0.166046 @ epoch 27
 >> Epoch 028 | Train Total=3.4105 | Val post/prior Total=13.8432/12.4847, Recon post/prior=0.9044/0.9247, KL=2.1460, | CycSim post total/iv/gm=1.1859/0.5081/0.6778, | CycSim prior total/iv/gm=1.1548/0.4959/0.6589, | CycMeas total/iv/gm=0.2431/0.1027/0.1403, | PriorBnd post/prior=1.60e-03/1.72e-03 | Best 0.1660 | Patience 1/40
 >> Epoch 029 | Train Total=3.3879 | Val post/prior Total=13.7826/12.1777, Recon post/prior=0.8990/0.9177, KL=2.7159, | CycSim post total/iv/gm=1.1519/0.4904/0.6616, | CycSim prior total/iv/gm=1.1248/0.4799/0.6449, | CycMeas total/iv/gm=0.2871/0.1279/0.1592, | PriorBnd post/prior=8.75e-04/9.46e-04 | Best 0.1660 | Patience 2/40
 >> Epoch 030 | Train Total=3.4163 | Val post/prior Total=12.2356/10.5209, Recon post/prior=0.8864/0.9029, KL=2.6806, | CycSim post total/iv/gm=1.0003/0.4286/0.5717, | CycSim prior total/iv/gm=0.9608/0.4126/0.5482, | CycMeas total/iv/gm=0.1858/0.0736/0.1121, | PriorBnd post/prior=1.04e-03/1.08e-03 | Best 0.1660 | Patience 3/40
 >> Epoch 031 | Train Total=3.3695 | Val post/prior Total=15.4521/14.2367, Recon post/prior=0.9210/0.9430, KL=2.1492, | CycSim post total/iv/gm=1.3450/0.5719/0.7730, | CycSim prior total/iv/gm=1.3281/0.5669/0.7612, | CycMeas total/iv/gm=0.2502/0.1101/0.1401, | PriorBnd post/prior=1.47e-03/1.63e-03 | Best 0.1660 | Patience 4/40
 >> Epoch 032 | Train Total=3.5093 | Val post/prior Total=13.6843/12.2849, Recon post/prior=0.8903/0.9151, KL=2.4439, | CycSim post total/iv/gm=1.1566/0.4947/0.6619, | CycSim prior total/iv/gm=1.1358/0.4864/0.6494, | CycMeas total/iv/gm=0.2509/0.1142/0.1367, | PriorBnd post/prior=6.69e-04/7.29e-04 | Best 0.1660 | Patience 5/40
 >> Epoch 033 | Train Total=3.4400 | Val post/prior Total=14.4440/12.7675, Recon post/prior=0.9121/0.9403, KL=2.9485, | CycSim post total/iv/gm=1.2051/0.5127/0.6924, | CycSim prior total/iv/gm=1.1813/0.5032/0.6781, | CycMeas total/iv/gm=0.2911/0.1300/0.1612, | PriorBnd post/prior=1.70e-03/1.87e-03 | Best 0.1660 | Patience 6/40
 >> Epoch 034 | Train Total=3.4852 | Val post/prior Total=14.3322/13.4770, Recon post/prior=0.8747/0.8904, KL=1.8971, | CycSim post total/iv/gm=1.2504/0.5308/0.7196, | CycSim prior total/iv/gm=1.2576/0.5345/0.7231, | CycMeas total/iv/gm=0.2216/0.1033/0.1183, | PriorBnd post/prior=4.60e-04/5.00e-04 | Best 0.1660 | Patience 7/40
 >> Epoch 035 | Train Total=3.4837 | Val post/prior Total=16.3280/14.8664, Recon post/prior=0.9290/0.9559, KL=2.4372, | CycSim post total/iv/gm=1.4173/0.6046/0.8127, | CycSim prior total/iv/gm=1.3898/0.5938/0.7960, | CycMeas total/iv/gm=0.1858/0.0795/0.1063, | PriorBnd post/prior=1.42e-03/1.64e-03 | Best 0.1660 | Patience 8/40
 >> Epoch 036 | Train Total=3.4997 | Val post/prior Total=14.0327/12.7045, Recon post/prior=0.9149/0.9466, KL=2.3307, | CycSim post total/iv/gm=1.1946/0.5100/0.6846, | CycSim prior total/iv/gm=1.1746/0.5031/0.6715, | CycMeas total/iv/gm=0.1621/0.0727/0.0894, | PriorBnd post/prior=1.15e-03/1.32e-03 | Best 0.1660 | Patience 9/40
[Update] best val_cyc_meas improved to 0.162091 @ epoch 36
 >> Epoch 037 | Train Total=3.4940 | Val post/prior Total=15.9653/14.6368, Recon post/prior=0.8942/0.9187, KL=2.1390, | CycSim post total/iv/gm=1.3996/0.5962/0.8034, | CycSim prior total/iv/gm=1.3709/0.5858/0.7851, | CycMeas total/iv/gm=0.0773/0.0455/0.0318, | PriorBnd post/prior=1.44e-03/1.52e-03 | Best 0.1621 | Patience 1/40
[Update] best val_cyc_meas improved to 0.077312 @ epoch 37
 >> Epoch 038 | Train Total=3.4610 | Val post/prior Total=13.2213/12.2135, Recon post/prior=0.9065/0.9458, KL=1.9983, | CycSim post total/iv/gm=1.1309/0.4798/0.6511, | CycSim prior total/iv/gm=1.1256/0.4780/0.6477, | CycMeas total/iv/gm=0.1349/0.0645/0.0704, | PriorBnd post/prior=8.94e-04/1.05e-03 | Best 0.0773 | Patience 1/40
 >> Epoch 039 | Train Total=3.5107 | Val post/prior Total=13.1813/11.9678, Recon post/prior=0.8951/0.9357, KL=2.3812, | CycSim post total/iv/gm=1.1089/0.4668/0.6421, | CycSim prior total/iv/gm=1.1019/0.4645/0.6374, | CycMeas total/iv/gm=0.2088/0.0860/0.1228, | PriorBnd post/prior=1.54e-03/1.76e-03 | Best 0.0773 | Patience 2/40
 >> Epoch 040 | Train Total=3.5757 | Val post/prior Total=15.1647/14.0367, Recon post/prior=0.8972/0.9348, KL=2.1671, | CycSim post total/iv/gm=1.3178/0.5599/0.7579, | CycSim prior total/iv/gm=1.3093/0.5559/0.7534, | CycMeas total/iv/gm=0.0658/0.0355/0.0303, | PriorBnd post/prior=1.51e-03/1.83e-03 | Best 0.0773 | Patience 3/40
[Update] best val_cyc_meas improved to 0.065841 @ epoch 40
 >> Epoch 041 | Train Total=3.5467 | Val post/prior Total=12.8013/12.2297, Recon post/prior=0.9004/0.9443, KL=1.6071, | CycSim post total/iv/gm=1.1091/0.4757/0.6333, | CycSim prior total/iv/gm=1.1273/0.4842/0.6431, | CycMeas total/iv/gm=0.1669/0.0685/0.0984, | PriorBnd post/prior=9.54e-04/1.16e-03 | Best 0.0658 | Patience 1/40
 >> Epoch 042 | Train Total=3.5636 | Val post/prior Total=13.9618/13.2982, Recon post/prior=0.8873/0.9200, KL=2.0016, | CycSim post total/iv/gm=1.2068/0.5160/0.6908, | CycSim prior total/iv/gm=1.2363/0.5289/0.7073, | CycMeas total/iv/gm=0.3141/0.1456/0.1685, | PriorBnd post/prior=6.75e-04/7.40e-04 | Best 0.0658 | Patience 2/40
 >> Epoch 043 | Train Total=3.5525 | Val post/prior Total=14.0110/13.0685, Recon post/prior=0.9070/0.9608, KL=1.9808, | CycSim post total/iv/gm=1.2107/0.5135/0.6973, | CycSim prior total/iv/gm=1.2097/0.5132/0.6965, | CycMeas total/iv/gm=0.1048/0.0554/0.0494, | PriorBnd post/prior=7.31e-04/8.01e-04 | Best 0.0658 | Patience 3/40
 >> Epoch 044 | Train Total=3.4743 | Val post/prior Total=12.6922/11.3682, Recon post/prior=0.9039/0.9583, KL=2.6474, | CycSim post total/iv/gm=1.0458/0.4475/0.5983, | CycSim prior total/iv/gm=1.0398/0.4446/0.5952, | CycMeas total/iv/gm=0.1446/0.0579/0.0866, | PriorBnd post/prior=6.58e-04/8.78e-04 | Best 0.0658 | Patience 4/40
 >> Epoch 045 | Train Total=3.4384 | Val post/prior Total=13.8583/14.2516, Recon post/prior=0.8954/0.9488, KL=2.2814, | CycSim post total/iv/gm=1.1816/0.5040/0.6776, | CycSim prior total/iv/gm=1.3291/0.5653/0.7638, | CycMeas total/iv/gm=0.1367/0.0566/0.0801, | PriorBnd post/prior=7.00e-04/8.92e-04 | Best 0.0658 | Patience 5/40
 >> Epoch 046 | Train Total=3.4429 | Val post/prior Total=12.2727/11.7261, Recon post/prior=0.8856/0.9347, KL=2.0297, | CycSim post total/iv/gm=1.0366/0.4443/0.5923, | CycSim prior total/iv/gm=1.0780/0.4603/0.6177, | CycMeas total/iv/gm=0.1380/0.0698/0.0682, | PriorBnd post/prior=5.58e-04/7.18e-04 | Best 0.0658 | Patience 6/40
 >> Epoch 047 | Train Total=3.5088 | Val post/prior Total=13.9916/13.2212, Recon post/prior=0.9087/0.9654, KL=1.9955, | CycSim post total/iv/gm=1.2079/0.5146/0.6932, | CycSim prior total/iv/gm=1.2243/0.5207/0.7037, | CycMeas total/iv/gm=0.1330/0.0550/0.0780, | PriorBnd post/prior=9.12e-04/1.75e-03 | Best 0.0658 | Patience 7/40
 >> Epoch 048 | Train Total=3.4541 | Val post/prior Total=12.7478/12.7557, Recon post/prior=0.9023/0.9787, KL=1.4289, | CycSim post total/iv/gm=1.1125/0.4735/0.6390, | CycSim prior total/iv/gm=1.1761/0.4998/0.6763, | CycMeas total/iv/gm=0.2239/0.0922/0.1317, | PriorBnd post/prior=1.02e-03/3.07e-03 | Best 0.0658 | Patience 8/40
 >> Epoch 049 | Train Total=3.4661 | Val post/prior Total=14.6943/15.8238, Recon post/prior=0.9139/0.9649, KL=1.6278, | CycSim post total/iv/gm=1.2960/0.5582/0.7378, | CycSim prior total/iv/gm=1.4845/0.6317/0.8528, | CycMeas total/iv/gm=0.1884/0.0830/0.1054, | PriorBnd post/prior=8.63e-04/1.49e-03 | Best 0.0658 | Patience 9/40
 >> Epoch 050 | Train Total=3.5420 | Val post/prior Total=16.3805/16.6510, Recon post/prior=0.9030/0.9496, KL=2.1665, | CycSim post total/iv/gm=1.4388/0.6099/0.8289, | CycSim prior total/iv/gm=1.5689/0.6589/0.9100, | CycMeas total/iv/gm=0.1631/0.0738/0.0893, | PriorBnd post/prior=9.43e-04/1.25e-03 | Best 0.0658 | Patience 10/40
 >> Epoch 051 | Train Total=3.4745 | Val post/prior Total=14.9555/13.5978, Recon post/prior=0.8973/0.9348, KL=2.7487, | CycSim post total/iv/gm=1.2678/0.5369/0.7309, | CycSim prior total/iv/gm=1.2653/0.5315/0.7337, | CycMeas total/iv/gm=0.0888/0.0310/0.0578, | PriorBnd post/prior=9.70e-04/1.35e-03 | Best 0.0658 | Patience 11/40
 >> Epoch 052 | Train Total=3.4610 | Val post/prior Total=13.7865/13.3836, Recon post/prior=0.8992/0.9334, KL=2.8184, | CycSim post total/iv/gm=1.1472/0.4915/0.6557, | CycSim prior total/iv/gm=1.2439/0.5357/0.7082, | CycMeas total/iv/gm=0.1215/0.0453/0.0761, | PriorBnd post/prior=5.05e-04/9.03e-04 | Best 0.0658 | Patience 12/40
 >> Epoch 053 | Train Total=3.4785 | Val post/prior Total=13.2461/12.5470, Recon post/prior=0.9161/0.9485, KL=2.9267, | CycSim post total/iv/gm=1.0860/0.4612/0.6248, | CycSim prior total/iv/gm=1.1585/0.4909/0.6676, | CycMeas total/iv/gm=0.1512/0.0778/0.0734, | PriorBnd post/prior=2.82e-04/4.70e-04 | Best 0.0658 | Patience 13/40
 >> Epoch 054 | Train Total=3.4038 | Val post/prior Total=13.3419/12.6883, Recon post/prior=0.8834/0.9185, KL=2.6888, | CycSim post total/iv/gm=1.1108/0.4723/0.6385, | CycSim prior total/iv/gm=1.1758/0.4970/0.6788, | CycMeas total/iv/gm=0.1366/0.0685/0.0681, | PriorBnd post/prior=1.11e-04/1.87e-04 | Best 0.0658 | Patience 14/40
 >> Epoch 055 | Train Total=3.3529 | Val post/prior Total=15.0970/13.0715, Recon post/prior=0.9039/0.9479, KL=3.8044, | CycSim post total/iv/gm=1.2285/0.5187/0.7098, | CycSim prior total/iv/gm=1.2113/0.5133/0.6980, | CycMeas total/iv/gm=0.0840/0.0346/0.0494, | PriorBnd post/prior=6.60e-04/1.09e-03 | Best 0.0658 | Patience 15/40
 >> Epoch 056 | Train Total=3.4160 | Val post/prior Total=12.4939/10.6212, Recon post/prior=0.8822/0.9151, KL=3.5760, | CycSim post total/iv/gm=0.9818/0.4146/0.5672, | CycSim prior total/iv/gm=0.9695/0.4095/0.5599, | CycMeas total/iv/gm=0.1290/0.0580/0.0710, | PriorBnd post/prior=1.72e-04/3.85e-04 | Best 0.0658 | Patience 16/40
 >> Epoch 057 | Train Total=3.5018 | Val post/prior Total=11.9648/10.3192, Recon post/prior=0.8816/0.9218, KL=3.1220, | CycSim post total/iv/gm=0.9516/0.4077/0.5440, | CycSim prior total/iv/gm=0.9384/0.4022/0.5362, | CycMeas total/iv/gm=0.1553/0.0645/0.0908, | PriorBnd post/prior=2.05e-04/4.01e-04 | Best 0.0658 | Patience 17/40
 >> Epoch 058 | Train Total=3.3284 | Val post/prior Total=14.3576/13.2617, Recon post/prior=0.8865/0.9266, KL=3.3926, | CycSim post total/iv/gm=1.1769/0.5021/0.6748, | CycSim prior total/iv/gm=1.2326/0.5259/0.7067, | CycMeas total/iv/gm=0.0619/0.0325/0.0294, | PriorBnd post/prior=3.23e-04/6.02e-04 | Best 0.0658 | Patience 18/40
[Update] best val_cyc_meas improved to 0.061915 @ epoch 58
 >> Epoch 059 | Train Total=3.4117 | Val post/prior Total=14.4489/14.4504, Recon post/prior=0.8779/0.9171, KL=2.8975, | CycSim post total/iv/gm=1.2117/0.5089/0.7028, | CycSim prior total/iv/gm=1.3521/0.5732/0.7789, | CycMeas total/iv/gm=0.1339/0.0637/0.0702, | PriorBnd post/prior=2.32e-04/5.94e-04 | Best 0.0619 | Patience 1/40
 >> Epoch 060 | Train Total=3.3729 | Val post/prior Total=13.4001/12.1949, Recon post/prior=0.8911/0.9387, KL=2.9131, | CycSim post total/iv/gm=1.1046/0.4707/0.6340, | CycSim prior total/iv/gm=1.1245/0.4823/0.6421, | CycMeas total/iv/gm=0.1054/0.0627/0.0427, | PriorBnd post/prior=4.03e-04/8.05e-04 | Best 0.0619 | Patience 2/40
 >> Epoch 061 | Train Total=3.4245 | Val post/prior Total=13.4433/12.2635, Recon post/prior=0.8688/0.8971, KL=3.1350, | CycSim post total/iv/gm=1.1002/0.4692/0.6310, | CycSim prior total/iv/gm=1.1358/0.4872/0.6485, | CycMeas total/iv/gm=0.0676/0.0363/0.0312, | PriorBnd post/prior=1.74e-04/3.74e-04 | Best 0.0619 | Patience 3/40
 >> Epoch 062 | Train Total=3.4222 | Val post/prior Total=14.9754/14.8373, Recon post/prior=0.8789/0.9128, KL=3.0601, | CycSim post total/iv/gm=1.2561/0.5311/0.7250, | CycSim prior total/iv/gm=1.3916/0.5906/0.8010, | CycMeas total/iv/gm=0.0556/0.0306/0.0249, | PriorBnd post/prior=2.41e-04/5.55e-04 | Best 0.0619 | Patience 4/40
[Update] best val_cyc_meas improved to 0.055596 @ epoch 62
 >> Epoch 063 | Train Total=3.3119 | Val post/prior Total=12.2770/11.9628, Recon post/prior=0.8615/0.8908, KL=2.6078, | CycSim post total/iv/gm=1.0107/0.4201/0.5906, | CycSim prior total/iv/gm=1.1064/0.4608/0.6456, | CycMeas total/iv/gm=0.0565/0.0268/0.0297, | PriorBnd post/prior=8.84e-05/2.75e-04 | Best 0.0556 | Patience 1/40
 >> Epoch 064 | Train Total=3.3274 | Val post/prior Total=15.2482/16.3467, Recon post/prior=0.8741/0.9019, KL=2.4432, | CycSim post total/iv/gm=1.3147/0.5499/0.7649, | CycSim prior total/iv/gm=1.5435/0.6460/0.8974, | CycMeas total/iv/gm=0.1002/0.0604/0.0398, | PriorBnd post/prior=1.06e-04/4.17e-04 | Best 0.0556 | Patience 2/40
 >> Epoch 065 | Train Total=3.4222 | Val post/prior Total=11.6248/10.8306, Recon post/prior=0.8751/0.9036, KL=2.9898, | CycSim post total/iv/gm=0.9249/0.3899/0.5350, | CycSim prior total/iv/gm=0.9914/0.4207/0.5707, | CycMeas total/iv/gm=0.1419/0.0756/0.0663, | PriorBnd post/prior=2.23e-04/5.04e-04 | Best 0.0556 | Patience 3/40
 >> Epoch 066 | Train Total=3.4127 | Val post/prior Total=17.7023/19.8537, Recon post/prior=0.8928/0.9263, KL=2.2738, | CycSim post total/iv/gm=1.5667/0.6555/0.9111, | CycSim prior total/iv/gm=1.8916/0.8014/1.0902, | CycMeas total/iv/gm=0.1009/0.0575/0.0434, | PriorBnd post/prior=1.08e-04/2.98e-04 | Best 0.0556 | Patience 4/40
 >> Epoch 067 | Train Total=3.3485 | Val post/prior Total=17.1147/17.6996, Recon post/prior=0.8630/0.8887, KL=3.0386, | CycSim post total/iv/gm=1.4728/0.6157/0.8570, | CycSim prior total/iv/gm=1.6801/0.7024/0.9777, | CycMeas total/iv/gm=0.0982/0.0594/0.0388, | PriorBnd post/prior=3.79e-05/9.71e-05 | Best 0.0556 | Patience 5/40
 >> Epoch 068 | Train Total=3.3208 | Val post/prior Total=15.2491/13.8375, Recon post/prior=0.8628/0.8804, KL=3.9857, | CycSim post total/iv/gm=1.2388/0.5269/0.7119, | CycSim prior total/iv/gm=1.2945/0.5503/0.7441, | CycMeas total/iv/gm=0.1463/0.0757/0.0706, | PriorBnd post/prior=1.21e-04/2.27e-04 | Best 0.0556 | Patience 6/40
 >> Epoch 069 | Train Total=3.3175 | Val post/prior Total=19.6388/21.3256, Recon post/prior=0.8651/0.8828, KL=2.6585, | CycSim post total/iv/gm=1.7440/0.7377/1.0063, | CycSim prior total/iv/gm=2.0432/0.8637/1.1795, | CycMeas total/iv/gm=0.1204/0.0612/0.0592, | PriorBnd post/prior=2.77e-04/4.92e-04 | Best 0.0556 | Patience 7/40
 >> Epoch 070 | Train Total=3.2978 | Val post/prior Total=13.9835/13.2989, Recon post/prior=0.8812/0.8968, KL=4.0808, | CycSim post total/iv/gm=1.1056/0.4596/0.6460, | CycSim prior total/iv/gm=1.2388/0.5172/0.7216, | CycMeas total/iv/gm=0.1580/0.0762/0.0818, | PriorBnd post/prior=2.24e-04/5.03e-04 | Best 0.0556 | Patience 8/40
 >> Epoch 071 | Train Total=3.3264 | Val post/prior Total=14.0602/13.5903, Recon post/prior=0.8848/0.8981, KL=3.9901, | CycSim post total/iv/gm=1.1175/0.4723/0.6452, | CycSim prior total/iv/gm=1.2684/0.5366/0.7317, | CycMeas total/iv/gm=0.0492/0.0203/0.0289, | PriorBnd post/prior=1.04e-04/2.51e-04 | Best 0.0556 | Patience 9/40
[Update] best val_cyc_meas improved to 0.049203 @ epoch 71
 >> Epoch 072 | Train Total=3.2901 | Val post/prior Total=14.2930/12.9349, Recon post/prior=0.8700/0.8818, KL=4.1605, | CycSim post total/iv/gm=1.1337/0.4743/0.6594, | CycSim prior total/iv/gm=1.2041/0.5064/0.6977, | CycMeas total/iv/gm=0.1340/0.0668/0.0672, | PriorBnd post/prior=1.18e-04/2.25e-04 | Best 0.0492 | Patience 1/40
 >> Epoch 073 | Train Total=3.2937 | Val post/prior Total=10.9779/9.6791, Recon post/prior=0.8994/0.9208, KL=3.7936, | CycSim post total/iv/gm=0.8175/0.3454/0.4722, | CycSim prior total/iv/gm=0.8745/0.3732/0.5014, | CycMeas total/iv/gm=0.1207/0.0583/0.0624, | PriorBnd post/prior=1.83e-04/3.83e-04 | Best 0.0492 | Patience 2/40
 >> Epoch 074 | Train Total=3.2799 | Val post/prior Total=14.4710/13.2713, Recon post/prior=0.9074/0.9261, KL=3.8609, | CycSim post total/iv/gm=1.1627/0.4910/0.6716, | CycSim prior total/iv/gm=1.2330/0.5228/0.7102, | CycMeas total/iv/gm=0.1705/0.0858/0.0847, | PriorBnd post/prior=2.13e-04/3.95e-04 | Best 0.0492 | Patience 3/40
 >> Epoch 075 | Train Total=3.2794 | Val post/prior Total=12.8029/11.4663, Recon post/prior=0.8900/0.9061, KL=4.0349, | CycSim post total/iv/gm=0.9890/0.4221/0.5669, | CycSim prior total/iv/gm=1.0546/0.4504/0.6042, | CycMeas total/iv/gm=0.1565/0.0743/0.0822, | PriorBnd post/prior=3.62e-04/3.85e-04 | Best 0.0492 | Patience 4/40
 >> Epoch 076 | Train Total=3.3192 | Val post/prior Total=15.4618/14.2118, Recon post/prior=0.9279/0.9501, KL=4.3694, | CycSim post total/iv/gm=1.2342/0.5204/0.7138, | CycSim prior total/iv/gm=1.3242/0.5626/0.7616, | CycMeas total/iv/gm=0.2231/0.1110/0.1121, | PriorBnd post/prior=7.69e-04/1.10e-03 | Best 0.0492 | Patience 5/40
 >> Epoch 077 | Train Total=3.2545 | Val post/prior Total=16.2613/14.8953, Recon post/prior=0.9290/0.9517, KL=3.8452, | CycSim post total/iv/gm=1.3403/0.5750/0.7652, | CycSim prior total/iv/gm=1.3926/0.6012/0.7915, | CycMeas total/iv/gm=0.1851/0.0983/0.0868, | PriorBnd post/prior=9.97e-04/1.75e-03 | Best 0.0492 | Patience 6/40
 >> Epoch 078 | Train Total=3.3013 | Val post/prior Total=12.7176/12.5390, Recon post/prior=0.9224/0.9410, KL=2.7895, | CycSim post total/iv/gm=1.0393/0.4407/0.5986, | CycSim prior total/iv/gm=1.1586/0.4961/0.6624, | CycMeas total/iv/gm=0.0877/0.0516/0.0361, | PriorBnd post/prior=1.76e-03/1.72e-03 | Best 0.0492 | Patience 7/40
 >> Epoch 079 | Train Total=3.2923 | Val post/prior Total=13.6138/12.2957, Recon post/prior=0.9068/0.9255, KL=4.4605, | CycSim post total/iv/gm=1.0470/0.4376/0.6094, | CycSim prior total/iv/gm=1.1359/0.4766/0.6592, | CycMeas total/iv/gm=0.0908/0.0528/0.0380, | PriorBnd post/prior=6.28e-04/2.80e-04 | Best 0.0492 | Patience 8/40
 >> Epoch 080 | Train Total=3.2920 | Val post/prior Total=14.9957/15.6072, Recon post/prior=0.9156/0.9327, KL=3.4000, | CycSim post total/iv/gm=1.2373/0.5131/0.7242, | CycSim prior total/iv/gm=1.4663/0.6101/0.8562, | CycMeas total/iv/gm=0.0816/0.0388/0.0428, | PriorBnd post/prior=3.49e-04/4.57e-04 | Best 0.0492 | Patience 9/40
 >> Epoch 081 | Train Total=3.3186 | Val post/prior Total=17.1666/16.9783, Recon post/prior=0.9225/0.9404, KL=4.3050, | CycSim post total/iv/gm=1.4085/0.5907/0.8178, | CycSim prior total/iv/gm=1.6025/0.6777/0.9248, | CycMeas total/iv/gm=0.0951/0.0521/0.0430, | PriorBnd post/prior=5.20e-04/1.03e-03 | Best 0.0492 | Patience 10/40
 >> Epoch 082 | Train Total=3.2785 | Val post/prior Total=13.2471/12.5893, Recon post/prior=0.8835/0.8966, KL=3.4607, | CycSim post total/iv/gm=1.0627/0.4471/0.6156, | CycSim prior total/iv/gm=1.1681/0.4928/0.6753, | CycMeas total/iv/gm=0.1083/0.0623/0.0460, | PriorBnd post/prior=1.78e-04/4.46e-04 | Best 0.0492 | Patience 11/40
 >> Epoch 083 | Train Total=3.2806 | Val post/prior Total=15.8862/15.2768, Recon post/prior=0.8838/0.9003, KL=3.3981, | CycSim post total/iv/gm=1.3298/0.5603/0.7694, | CycSim prior total/iv/gm=1.4363/0.6080/0.8282, | CycMeas total/iv/gm=0.1404/0.0717/0.0687, | PriorBnd post/prior=1.17e-04/3.50e-04 | Best 0.0492 | Patience 12/40
 >> Epoch 084 | Train Total=3.3133 | Val post/prior Total=14.3041/12.5177, Recon post/prior=0.8659/0.8754, KL=4.5105, | CycSim post total/iv/gm=1.1178/0.4681/0.6497, | CycSim prior total/iv/gm=1.1631/0.4879/0.6752, | CycMeas total/iv/gm=0.1024/0.0562/0.0462, | PriorBnd post/prior=2.19e-04/5.61e-04 | Best 0.0492 | Patience 13/40
 >> Epoch 085 | Train Total=3.2526 | Val post/prior Total=16.1774/15.8560, Recon post/prior=0.9198/0.9382, KL=3.7729, | CycSim post total/iv/gm=1.3364/0.5565/0.7799, | CycSim prior total/iv/gm=1.4901/0.6249/0.8652, | CycMeas total/iv/gm=0.1559/0.0831/0.0728, | PriorBnd post/prior=2.48e-03/3.57e-03 | Best 0.0492 | Patience 14/40
 >> Epoch 086 | Train Total=3.2707 | Val post/prior Total=13.9346/11.8351, Recon post/prior=0.9219/0.9462, KL=5.1871, | CycSim post total/iv/gm=1.0412/0.4387/0.6025, | CycSim prior total/iv/gm=1.0873/0.4613/0.6260, | CycMeas total/iv/gm=0.1331/0.0784/0.0547, | PriorBnd post/prior=2.49e-03/3.58e-03 | Best 0.0492 | Patience 15/40
 >> Epoch 087 | Train Total=3.2413 | Val post/prior Total=13.5560/12.1170, Recon post/prior=0.9175/0.9393, KL=4.3022, | CycSim post total/iv/gm=1.0481/0.4335/0.6145, | CycSim prior total/iv/gm=1.1164/0.4667/0.6497, | CycMeas total/iv/gm=0.1107/0.0650/0.0457, | PriorBnd post/prior=9.82e-04/1.74e-03 | Best 0.0492 | Patience 16/40
 >> Epoch 088 | Train Total=3.2578 | Val post/prior Total=13.9874/12.5502, Recon post/prior=0.9155/0.9332, KL=4.2943, | CycSim post total/iv/gm=1.0918/0.4653/0.6264, | CycSim prior total/iv/gm=1.1599/0.4971/0.6628, | CycMeas total/iv/gm=0.1782/0.0862/0.0920, | PriorBnd post/prior=4.57e-03/6.02e-03 | Best 0.0492 | Patience 17/40
 >> Epoch 089 | Train Total=3.2561 | Val post/prior Total=12.3956/11.2299, Recon post/prior=0.8656/0.8734, KL=3.3454, | CycSim post total/iv/gm=0.9852/0.4175/0.5677, | CycSim prior total/iv/gm=1.0341/0.4385/0.5956, | CycMeas total/iv/gm=0.1717/0.0898/0.0819, | PriorBnd post/prior=4.62e-04/6.02e-04 | Best 0.0492 | Patience 18/40
 >> Epoch 090 | Train Total=3.2451 | Val post/prior Total=11.6306/9.5583, Recon post/prior=0.8986/0.9190, KL=4.2912, | CycSim post total/iv/gm=0.8580/0.3630/0.4949, | CycSim prior total/iv/gm=0.8617/0.3667/0.4950, | CycMeas total/iv/gm=0.2462/0.1165/0.1297, | PriorBnd post/prior=1.95e-03/2.86e-03 | Best 0.0492 | Patience 19/40
 >> Epoch 091 | Train Total=3.2439 | Val post/prior Total=11.9159/11.3026, Recon post/prior=0.9127/0.9413, KL=2.5872, | CycSim post total/iv/gm=0.9703/0.4055/0.5648, | CycSim prior total/iv/gm=1.0345/0.4375/0.5969, | CycMeas total/iv/gm=0.1487/0.0847/0.0640, | PriorBnd post/prior=2.08e-03/3.17e-03 | Best 0.0492 | Patience 20/40
 >> Epoch 092 | Train Total=3.2238 | Val post/prior Total=14.2656/12.8571, Recon post/prior=0.9094/0.9363, KL=4.0072, | CycSim post total/iv/gm=1.1346/0.4743/0.6603, | CycSim prior total/iv/gm=1.1907/0.4991/0.6916, | CycMeas total/iv/gm=0.1085/0.0651/0.0434, | PriorBnd post/prior=1.24e-03/2.10e-03 | Best 0.0492 | Patience 21/40
 >> Epoch 093 | Train Total=3.2234 | Val post/prior Total=11.6691/10.2825, Recon post/prior=0.8880/0.9141, KL=3.8143, | CycSim post total/iv/gm=0.8868/0.3678/0.5190, | CycSim prior total/iv/gm=0.9353/0.3900/0.5453, | CycMeas total/iv/gm=0.1364/0.0742/0.0623, | PriorBnd post/prior=3.21e-04/7.54e-04 | Best 0.0492 | Patience 22/40
 >> Epoch 094 | Train Total=3.2008 | Val post/prior Total=13.2387/13.2989, Recon post/prior=0.8921/0.9230, KL=3.2487, | CycSim post total/iv/gm=1.0716/0.4542/0.6174, | CycSim prior total/iv/gm=1.2359/0.5272/0.7087, | CycMeas total/iv/gm=0.1521/0.0795/0.0726, | PriorBnd post/prior=7.63e-04/1.03e-03 | Best 0.0492 | Patience 23/40
 >> Epoch 095 | Train Total=3.1875 | Val post/prior Total=12.4455/11.7477, Recon post/prior=0.8985/0.9290, KL=3.1368, | CycSim post total/iv/gm=0.9972/0.4145/0.5827, | CycSim prior total/iv/gm=1.0803/0.4522/0.6281, | CycMeas total/iv/gm=0.1302/0.0742/0.0560, | PriorBnd post/prior=4.70e-04/9.21e-04 | Best 0.0492 | Patience 24/40
 >> Epoch 096 | Train Total=3.2311 | Val post/prior Total=12.1864/12.2824, Recon post/prior=0.8858/0.9051, KL=2.8369, | CycSim post total/iv/gm=0.9876/0.4120/0.5756, | CycSim prior total/iv/gm=1.1360/0.4765/0.6595, | CycMeas total/iv/gm=0.1772/0.0974/0.0798, | PriorBnd post/prior=4.63e-04/8.01e-04 | Best 0.0492 | Patience 25/40
 >> Epoch 097 | Train Total=3.1833 | Val post/prior Total=11.2446/10.3362, Recon post/prior=0.8901/0.9085, KL=3.0523, | CycSim post total/iv/gm=0.8822/0.3773/0.5049, | CycSim prior total/iv/gm=0.9412/0.4026/0.5386, | CycMeas total/iv/gm=0.1410/0.0774/0.0636, | PriorBnd post/prior=1.74e-03/2.23e-03 | Best 0.0492 | Patience 26/40
 >> Epoch 098 | Train Total=3.1641 | Val post/prior Total=10.7159/9.0404, Recon post/prior=0.8895/0.9146, KL=3.7376, | CycSim post total/iv/gm=0.7951/0.3310/0.4641, | CycSim prior total/iv/gm=0.8105/0.3390/0.4714, | CycMeas total/iv/gm=0.2144/0.1108/0.1036, | PriorBnd post/prior=1.80e-03/2.45e-03 | Best 0.0492 | Patience 27/40
 >> Epoch 099 | Train Total=3.1815 | Val post/prior Total=11.6706/10.6570, Recon post/prior=0.9063/0.9305, KL=2.8336, | CycSim post total/iv/gm=0.9341/0.3875/0.5466, | CycSim prior total/iv/gm=0.9710/0.4051/0.5659, | CycMeas total/iv/gm=0.1419/0.0717/0.0703, | PriorBnd post/prior=1.74e-03/2.56e-03 | Best 0.0492 | Patience 28/40
 >> Epoch 100 | Train Total=3.1628 | Val post/prior Total=12.5803/11.8584, Recon post/prior=0.8979/0.9199, KL=2.9176, | CycSim post total/iv/gm=1.0217/0.4242/0.5976, | CycSim prior total/iv/gm=1.0923/0.4557/0.6366, | CycMeas total/iv/gm=0.1332/0.0746/0.0587, | PriorBnd post/prior=1.14e-03/1.84e-03 | Best 0.0492 | Patience 29/40
 >> Epoch 101 | Train Total=3.1778 | Val post/prior Total=12.5999/12.4026, Recon post/prior=0.9083/0.9299, KL=3.1485, | CycSim post total/iv/gm=1.0111/0.4223/0.5887, | CycSim prior total/iv/gm=1.1454/0.4813/0.6641, | CycMeas total/iv/gm=0.1657/0.0931/0.0726, | PriorBnd post/prior=2.64e-03/3.46e-03 | Best 0.0492 | Patience 30/40
 >> Epoch 102 | Train Total=3.1815 | Val post/prior Total=10.3257/8.2596, Recon post/prior=0.8724/0.8831, KL=4.2919, | CycSim post total/iv/gm=0.7301/0.3072/0.4230, | CycSim prior total/iv/gm=0.7356/0.3101/0.4256, | CycMeas total/iv/gm=0.2029/0.1087/0.0942, | PriorBnd post/prior=4.84e-04/8.51e-04 | Best 0.0492 | Patience 31/40
 >> Epoch 103 | Train Total=3.1259 | Val post/prior Total=10.5458/8.9063, Recon post/prior=0.9011/0.9145, KL=3.5593, | CycSim post total/iv/gm=0.7858/0.3334/0.4524, | CycSim prior total/iv/gm=0.7978/0.3395/0.4583, | CycMeas total/iv/gm=0.0939/0.0556/0.0383, | PriorBnd post/prior=2.11e-03/2.92e-03 | Best 0.0492 | Patience 32/40
 >> Epoch 104 | Train Total=3.1497 | Val post/prior Total=11.4737/10.6435, Recon post/prior=0.8954/0.9166, KL=3.2314, | CycSim post total/iv/gm=0.8956/0.3752/0.5204, | CycSim prior total/iv/gm=0.9711/0.4099/0.5613, | CycMeas total/iv/gm=0.1224/0.0693/0.0531, | PriorBnd post/prior=2.56e-03/3.61e-03 | Best 0.0492 | Patience 33/40
 >> Epoch 105 | Train Total=3.1342 | Val post/prior Total=11.9043/11.1703, Recon post/prior=0.9048/0.9243, KL=2.9939, | CycSim post total/iv/gm=0.9496/0.3957/0.5539, | CycSim prior total/iv/gm=1.0232/0.4289/0.5943, | CycMeas total/iv/gm=0.0916/0.0537/0.0378, | PriorBnd post/prior=3.32e-03/4.39e-03 | Best 0.0492 | Patience 34/40
 >> Epoch 106 | Train Total=3.1402 | Val post/prior Total=10.9069/9.8714, Recon post/prior=0.8676/0.8856, KL=2.9962, | CycSim post total/iv/gm=0.8536/0.3564/0.4972, | CycSim prior total/iv/gm=0.8971/0.3762/0.5210, | CycMeas total/iv/gm=0.1175/0.0672/0.0503, | PriorBnd post/prior=3.86e-04/7.75e-04 | Best 0.0492 | Patience 35/40
 >> Epoch 107 | Train Total=3.1240 | Val post/prior Total=10.6349/9.6865, Recon post/prior=0.8969/0.9186, KL=2.9024, | CycSim post total/iv/gm=0.8280/0.3447/0.4833, | CycSim prior total/iv/gm=0.8753/0.3663/0.5090, | CycMeas total/iv/gm=0.1109/0.0641/0.0468, | PriorBnd post/prior=2.13e-03/3.19e-03 | Best 0.0492 | Patience 36/40
 >> Epoch 108 | Train Total=3.1362 | Val post/prior Total=10.5978/9.7585, Recon post/prior=0.8909/0.9131, KL=3.3435, | CycSim post total/iv/gm=0.8029/0.3352/0.4676, | CycSim prior total/iv/gm=0.8830/0.3704/0.5126, | CycMeas total/iv/gm=0.1137/0.0632/0.0505, | PriorBnd post/prior=1.79e-03/2.60e-03 | Best 0.0492 | Patience 37/40
 >> Epoch 109 | Train Total=3.1413 | Val post/prior Total=12.7027/12.3227, Recon post/prior=0.9011/0.9195, KL=3.1167, | CycSim post total/iv/gm=1.0237/0.4300/0.5937, | CycSim prior total/iv/gm=1.1389/0.4785/0.6605, | CycMeas total/iv/gm=0.0940/0.0568/0.0371, | PriorBnd post/prior=1.82e-03/2.32e-03 | Best 0.0492 | Patience 38/40
 >> Epoch 110 | Train Total=3.1266 | Val post/prior Total=11.6845/10.3151, Recon post/prior=0.8924/0.9139, KL=3.8618, | CycSim post total/iv/gm=0.8855/0.3736/0.5119, | CycSim prior total/iv/gm=0.9385/0.3968/0.5417, | CycMeas total/iv/gm=0.1300/0.0735/0.0565, | PriorBnd post/prior=1.95e-03/2.52e-03 | Best 0.0492 | Patience 39/40
 >> Epoch 111 | Train Total=3.1431 | Val post/prior Total=9.5329/8.0275, Recon post/prior=0.9061/0.9207, KL=3.4300, | CycSim post total/iv/gm=0.6905/0.2898/0.4007, | CycSim prior total/iv/gm=0.7091/0.2992/0.4098, | CycMeas total/iv/gm=0.1158/0.0646/0.0513, | PriorBnd post/prior=3.24e-03/3.83e-03 | Best 0.0492 | Patience 40/40
[EarlyStop] at epoch 111
[Diag] Start to calcaulte diag in test preocess... 
[Diag] wrote 373 rows to temp_Unidi_cvae_14param_2channel\cvae_20251128-112218\diag_test.csv
[Diag] proxy_floor_ps  P50=0.0116  P90=0.0402  P95=0.0526  P99=0.0856
[Test] prior total=13.631788 | prior recon=0.895578 | kl=3.954024 | prior cyc_sim=1.272503 | cyc_meas=0.049203 | prior_l2=0.625723 | prior_bnd=0.000250 | 
