[log] tee initialized at 2025-11-09 14:39:01 -> temp_Bidi_cvae\session_20251109-143901.log
Using CUDA device 0: NVIDIA GeForce RTX 4060 Laptop GPU
[log] tee initialized at 2025-11-09 14:39:06 -> temp_Bidi_cvae\cvae_20251109-143906\train.log
[L_trust] using 20000 ref rows from temp_Bidi_cvae/proxy\proxy_Ytr_norm.npy
 >> Epoch 001 | Train Total=14.6892 | Val post/prior Total=2557.5804/1.0324, Recon post/prior=2.6386/0.7449, KL=4646.3087, CycSim post/prior=0.1563/0.1092, CycMeas=0.1930, PriorBnd post/prior=5.17e-01/5.64e-04 | Best inf | Patience 1/40
[Update] best val_cyc_meas improved to 0.192989 @ epoch 1
 >> Epoch 002 | Train Total=0.9366 | Val post/prior Total=140.1238/0.9078, Recon post/prior=0.8167/0.7139, KL=676.8492, CycSim post/prior=0.1231/0.0758, CycMeas=0.1258, PriorBnd post/prior=2.93e-02/3.12e-04 | Best 0.1930 | Patience 1/40
[Update] best val_cyc_meas improved to 0.125837 @ epoch 2
 >> Epoch 003 | Train Total=0.8658 | Val post/prior Total=4.4942/0.8940, Recon post/prior=0.7317/0.7013, KL=16.7944, CycSim post/prior=0.0894/0.0699, CycMeas=0.1328, PriorBnd post/prior=6.73e-03/2.26e-04 | Best 0.1258 | Patience 1/40
 >> Epoch 004 | Train Total=0.8154 | Val post/prior Total=24.6263/0.8766, Recon post/prior=0.9210/0.6902, KL=6.0967, CycSim post/prior=0.0741/0.0614, CycMeas=0.1376, PriorBnd post/prior=5.71e-02/2.04e-04 | Best 0.1258 | Patience 2/40
 >> Epoch 005 | Train Total=0.7897 | Val post/prior Total=0.9287/0.8554, Recon post/prior=0.6886/0.6816, KL=0.7519, CycSim post/prior=0.0681/0.0610, CycMeas=0.1221, PriorBnd post/prior=1.38e-03/1.78e-04 | Best 0.1258 | Patience 3/40
[Update] best val_cyc_meas improved to 0.122065 @ epoch 5
 >> Epoch 006 | Train Total=0.7703 | Val post/prior Total=1.3584/0.8734, Recon post/prior=0.7011/0.6721, KL=1.2723, CycSim post/prior=0.0672/0.0583, CycMeas=0.1603, PriorBnd post/prior=6.39e-03/1.82e-04 | Best 0.1221 | Patience 1/40
 >> Epoch 007 | Train Total=0.7573 | Val post/prior Total=1.0011/0.8204, Recon post/prior=0.6837/0.6631, KL=0.6180, CycSim post/prior=0.0652/0.0533, CycMeas=0.1126, PriorBnd post/prior=4.24e-03/2.15e-04 | Best 0.1221 | Patience 2/40
[Update] best val_cyc_meas improved to 0.112642 @ epoch 7
 >> Epoch 008 | Train Total=0.7465 | Val post/prior Total=0.7928/0.8171, Recon post/prior=0.6655/0.6604, KL=0.2397, CycSim post/prior=0.0628/0.0548, CycMeas=0.1098, PriorBnd post/prior=6.49e-04/1.21e-04 | Best 0.1126 | Patience 1/40
[Update] best val_cyc_meas improved to 0.109836 @ epoch 8
 >> Epoch 009 | Train Total=0.7401 | Val post/prior Total=0.7691/0.8152, Recon post/prior=0.6643/0.6581, KL=0.1198, CycSim post/prior=0.0621/0.0525, CycMeas=0.1138, PriorBnd post/prior=8.82e-04/1.37e-04 | Best 0.1098 | Patience 1/40
 >> Epoch 010 | Train Total=0.7356 | Val post/prior Total=0.7579/0.8217, Recon post/prior=0.6666/0.6638, KL=0.0783, CycSim post/prior=0.0605/0.0546, CycMeas=0.1119, PriorBnd post/prior=3.30e-04/9.57e-05 | Best 0.1098 | Patience 2/40
 >> Epoch 011 | Train Total=0.7303 | Val post/prior Total=0.7522/0.8012, Recon post/prior=0.6591/0.6552, KL=0.0854, CycSim post/prior=0.0608/0.0522, CycMeas=0.1004, PriorBnd post/prior=2.26e-04/9.26e-05 | Best 0.1098 | Patience 3/40
[Update] best val_cyc_meas improved to 0.100430 @ epoch 11
 >> Epoch 012 | Train Total=0.7259 | Val post/prior Total=0.7399/0.7956, Recon post/prior=0.6529/0.6485, KL=0.0622, CycSim post/prior=0.0590/0.0507, CycMeas=0.1039, PriorBnd post/prior=5.05e-04/1.11e-04 | Best 0.1004 | Patience 1/40
 >> Epoch 013 | Train Total=0.7210 | Val post/prior Total=0.7326/0.7918, Recon post/prior=0.6481/0.6443, KL=0.0571, CycSim post/prior=0.0580/0.0507, CycMeas=0.1041, PriorBnd post/prior=3.37e-04/9.95e-05 | Best 0.1004 | Patience 2/40
 >> Epoch 014 | Train Total=0.7163 | Val post/prior Total=0.7333/0.7879, Recon post/prior=0.6446/0.6399, KL=0.0611, CycSim post/prior=0.0605/0.0535, CycMeas=0.1003, PriorBnd post/prior=4.48e-04/1.08e-04 | Best 0.1004 | Patience 3/40
[Update] best val_cyc_meas improved to 0.100306 @ epoch 14
 >> Epoch 015 | Train Total=0.7114 | Val post/prior Total=0.7230/0.7876, Recon post/prior=0.6436/0.6403, KL=0.0404, CycSim post/prior=0.0566/0.0491, CycMeas=0.1063, PriorBnd post/prior=2.44e-04/8.08e-05 | Best 0.1003 | Patience 1/40
 >> Epoch 016 | Train Total=0.7066 | Val post/prior Total=0.7528/0.8164, Recon post/prior=0.6531/0.6504, KL=0.0418, CycSim post/prior=0.0737/0.0661, CycMeas=0.1048, PriorBnd post/prior=3.04e-04/6.66e-05 | Best 0.1003 | Patience 2/40
 >> Epoch 017 | Train Total=0.7035 | Val post/prior Total=0.7226/0.7823, Recon post/prior=0.6417/0.6385, KL=0.0359, CycSim post/prior=0.0588/0.0499, CycMeas=0.1009, PriorBnd post/prior=1.27e-04/7.07e-05 | Best 0.1003 | Patience 3/40
 >> Epoch 018 | Train Total=0.7020 | Val post/prior Total=0.7153/0.7733, Recon post/prior=0.6337/0.6290, KL=0.0370, CycSim post/prior=0.0581/0.0504, CycMeas=0.1003, PriorBnd post/prior=5.37e-04/8.50e-05 | Best 0.1003 | Patience 4/40
 >> Epoch 019 | Train Total=0.6995 | Val post/prior Total=0.7220/0.7820, Recon post/prior=0.6382/0.6338, KL=0.0339, CycSim post/prior=0.0597/0.0528, CycMeas=0.1020, PriorBnd post/prior=8.23e-04/7.93e-05 | Best 0.1003 | Patience 5/40
 >> Epoch 020 | Train Total=0.6977 | Val post/prior Total=0.7003/0.7654, Recon post/prior=0.6305/0.6268, KL=0.0307, CycSim post/prior=0.0499/0.0458, CycMeas=0.1001, PriorBnd post/prior=3.32e-04/8.33e-05 | Best 0.1003 | Patience 6/40
[Update] best val_cyc_meas improved to 0.100111 @ epoch 20
 >> Epoch 021 | Train Total=0.6947 | Val post/prior Total=0.7024/0.7661, Recon post/prior=0.6300/0.6264, KL=0.0264, CycSim post/prior=0.0531/0.0473, CycMeas=0.0992, PriorBnd post/prior=2.09e-04/7.00e-05 | Best 0.1001 | Patience 1/40
[Update] best val_cyc_meas improved to 0.099249 @ epoch 21
 >> Epoch 022 | Train Total=0.6940 | Val post/prior Total=0.6941/0.7579, Recon post/prior=0.6252/0.6206, KL=0.0223, CycSim post/prior=0.0498/0.0445, CycMeas=0.1002, PriorBnd post/prior=5.93e-04/7.55e-05 | Best 0.0992 | Patience 1/40
 >> Epoch 023 | Train Total=0.6906 | Val post/prior Total=0.6899/0.7552, Recon post/prior=0.6218/0.6187, KL=0.0228, CycSim post/prior=0.0499/0.0439, CycMeas=0.1001, PriorBnd post/prior=1.38e-04/8.02e-05 | Best 0.0992 | Patience 2/40
 >> Epoch 024 | Train Total=0.6874 | Val post/prior Total=0.6904/0.7590, Recon post/prior=0.6219/0.6187, KL=0.0213, CycSim post/prior=0.0505/0.0461, CycMeas=0.1016, PriorBnd post/prior=2.07e-04/7.57e-05 | Best 0.0992 | Patience 3/40
 >> Epoch 025 | Train Total=0.6873 | Val post/prior Total=0.6837/0.7501, Recon post/prior=0.6184/0.6154, KL=0.0225, CycSim post/prior=0.0475/0.0429, CycMeas=0.0992, PriorBnd post/prior=2.93e-04/8.02e-05 | Best 0.0992 | Patience 4/40
[Update] best val_cyc_meas improved to 0.099213 @ epoch 25
 >> Epoch 026 | Train Total=0.6855 | Val post/prior Total=0.6857/0.7505, Recon post/prior=0.6187/0.6146, KL=0.0213, CycSim post/prior=0.0488/0.0434, CycMeas=0.1002, PriorBnd post/prior=4.63e-04/7.88e-05 | Best 0.0992 | Patience 1/40
 >> Epoch 027 | Train Total=0.6852 | Val post/prior Total=0.6825/0.7496, Recon post/prior=0.6170/0.6133, KL=0.0182, CycSim post/prior=0.0484/0.0439, CycMeas=0.0999, PriorBnd post/prior=2.90e-04/6.65e-05 | Best 0.0992 | Patience 2/40
 >> Epoch 028 | Train Total=0.6841 | Val post/prior Total=0.6797/0.7459, Recon post/prior=0.6132/0.6099, KL=0.0198, CycSim post/prior=0.0490/0.0434, CycMeas=0.1002, PriorBnd post/prior=2.52e-04/8.17e-05 | Best 0.0992 | Patience 3/40
 >> Epoch 029 | Train Total=0.6826 | Val post/prior Total=0.6762/0.7432, Recon post/prior=0.6124/0.6098, KL=0.0178, CycSim post/prior=0.0470/0.0416, CycMeas=0.0995, PriorBnd post/prior=1.57e-04/7.23e-05 | Best 0.0992 | Patience 4/40
 >> Epoch 030 | Train Total=0.6808 | Val post/prior Total=0.6744/0.7457, Recon post/prior=0.6109/0.6073, KL=0.0175, CycSim post/prior=0.0468/0.0423, CycMeas=0.1048, PriorBnd post/prior=3.65e-04/7.24e-05 | Best 0.0992 | Patience 5/40
 >> Epoch 031 | Train Total=0.6796 | Val post/prior Total=0.6723/0.7415, Recon post/prior=0.6083/0.6053, KL=0.0166, CycSim post/prior=0.0475/0.0438, CycMeas=0.0997, PriorBnd post/prior=1.20e-04/7.51e-05 | Best 0.0992 | Patience 6/40
 >> Epoch 032 | Train Total=0.6777 | Val post/prior Total=0.6704/0.7348, Recon post/prior=0.6060/0.6021, KL=0.0196, CycSim post/prior=0.0472/0.0417, CycMeas=0.0985, PriorBnd post/prior=2.84e-04/8.36e-05 | Best 0.0992 | Patience 7/40
[Update] best val_cyc_meas improved to 0.098544 @ epoch 32
 >> Epoch 033 | Train Total=0.6767 | Val post/prior Total=0.6693/0.7379, Recon post/prior=0.6081/0.6049, KL=0.0158, CycSim post/prior=0.0452/0.0419, CycMeas=0.0986, PriorBnd post/prior=2.43e-04/6.72e-05 | Best 0.0985 | Patience 1/40
 >> Epoch 034 | Train Total=0.6762 | Val post/prior Total=0.6820/0.7519, Recon post/prior=0.6136/0.6112, KL=0.0217, CycSim post/prior=0.0505/0.0474, CycMeas=0.1003, PriorBnd post/prior=1.30e-04/6.45e-05 | Best 0.0985 | Patience 2/40
 >> Epoch 035 | Train Total=0.6763 | Val post/prior Total=0.7018/0.7697, Recon post/prior=0.6185/0.6163, KL=0.0330, CycSim post/prior=0.0612/0.0580, CycMeas=0.1005, PriorBnd post/prior=9.44e-05/6.04e-05 | Best 0.0985 | Patience 3/40
 >> Epoch 036 | Train Total=0.6753 | Val post/prior Total=0.6675/0.7393, Recon post/prior=0.6051/0.6023, KL=0.0152, CycSim post/prior=0.0464/0.0427, CycMeas=0.1025, PriorBnd post/prior=1.27e-04/6.74e-05 | Best 0.0985 | Patience 4/40
 >> Epoch 037 | Train Total=0.6760 | Val post/prior Total=0.6644/0.7332, Recon post/prior=0.6018/0.5983, KL=0.0151, CycSim post/prior=0.0458/0.0430, CycMeas=0.0991, PriorBnd post/prior=5.08e-04/8.11e-05 | Best 0.0985 | Patience 5/40
 >> Epoch 038 | Train Total=0.6744 | Val post/prior Total=0.6803/0.7487, Recon post/prior=0.6081/0.6060, KL=0.0183, CycSim post/prior=0.0543/0.0505, CycMeas=0.0981, PriorBnd post/prior=8.57e-05/6.53e-05 | Best 0.0985 | Patience 6/40
[Update] best val_cyc_meas improved to 0.098084 @ epoch 38
 >> Epoch 039 | Train Total=0.6738 | Val post/prior Total=0.6605/0.7294, Recon post/prior=0.6005/0.5971, KL=0.0138, CycSim post/prior=0.0443/0.0399, CycMeas=0.1007, PriorBnd post/prior=3.44e-04/6.85e-05 | Best 0.0981 | Patience 1/40
 >> Epoch 040 | Train Total=0.6736 | Val post/prior Total=0.6571/0.7249, Recon post/prior=0.5972/0.5938, KL=0.0146, CycSim post/prior=0.0441/0.0400, CycMeas=0.0989, PriorBnd post/prior=3.47e-04/7.91e-05 | Best 0.0981 | Patience 2/40
 >> Epoch 041 | Train Total=0.6748 | Val post/prior Total=0.6577/0.7270, Recon post/prior=0.5986/0.5960, KL=0.0133, CycSim post/prior=0.0440/0.0403, CycMeas=0.0985, PriorBnd post/prior=1.71e-04/7.24e-05 | Best 0.0981 | Patience 3/40
 >> Epoch 042 | Train Total=0.6739 | Val post/prior Total=0.7519/0.8283, Recon post/prior=0.6402/0.6392, KL=0.0333, CycSim post/prior=0.0852/0.0829, CycMeas=0.1083, PriorBnd post/prior=6.75e-05/3.82e-05 | Best 0.0981 | Patience 4/40
 >> Epoch 043 | Train Total=0.6727 | Val post/prior Total=0.6540/0.7238, Recon post/prior=0.5960/0.5931, KL=0.0130, CycSim post/prior=0.0429/0.0404, CycMeas=0.0976, PriorBnd post/prior=2.51e-04/6.93e-05 | Best 0.0981 | Patience 5/40
[Update] best val_cyc_meas improved to 0.097632 @ epoch 43
 >> Epoch 044 | Train Total=0.6728 | Val post/prior Total=0.6736/0.7448, Recon post/prior=0.6040/0.6024, KL=0.0170, CycSim post/prior=0.0523/0.0496, CycMeas=0.0990, PriorBnd post/prior=1.16e-04/5.33e-05 | Best 0.0976 | Patience 1/40
 >> Epoch 045 | Train Total=0.6737 | Val post/prior Total=0.6541/0.7228, Recon post/prior=0.5945/0.5923, KL=0.0142, CycSim post/prior=0.0441/0.0404, CycMeas=0.0976, PriorBnd post/prior=1.22e-04/8.37e-05 | Best 0.0976 | Patience 2/40
[Update] best val_cyc_meas improved to 0.097601 @ epoch 45
 >> Epoch 046 | Train Total=0.6733 | Val post/prior Total=0.6507/0.7185, Recon post/prior=0.5903/0.5871, KL=0.0149, CycSim post/prior=0.0446/0.0406, CycMeas=0.0983, PriorBnd post/prior=1.93e-04/7.90e-05 | Best 0.0976 | Patience 1/40
 >> Epoch 047 | Train Total=0.6717 | Val post/prior Total=0.6818/0.7530, Recon post/prior=0.6082/0.6061, KL=0.0191, CycSim post/prior=0.0552/0.0528, CycMeas=0.1001, PriorBnd post/prior=1.35e-04/5.88e-05 | Best 0.0976 | Patience 2/40
 >> Epoch 048 | Train Total=0.6722 | Val post/prior Total=0.6619/0.7314, Recon post/prior=0.5962/0.5940, KL=0.0156, CycSim post/prior=0.0490/0.0459, CycMeas=0.0981, PriorBnd post/prior=1.28e-04/6.53e-05 | Best 0.0976 | Patience 3/40
 >> Epoch 049 | Train Total=0.6730 | Val post/prior Total=0.6795/0.7550, Recon post/prior=0.6062/0.6047, KL=0.0153, CycSim post/prior=0.0556/0.0553, CycMeas=0.1005, PriorBnd post/prior=7.64e-05/5.35e-05 | Best 0.0976 | Patience 4/40
 >> Epoch 050 | Train Total=0.6719 | Val post/prior Total=0.6537/0.7236, Recon post/prior=0.5917/0.5886, KL=0.0155, CycSim post/prior=0.0458/0.0439, CycMeas=0.0979, PriorBnd post/prior=2.13e-04/6.76e-05 | Best 0.0976 | Patience 5/40
 >> Epoch 051 | Train Total=0.6747 | Val post/prior Total=0.6469/0.7151, Recon post/prior=0.5900/0.5869, KL=0.0127, CycSim post/prior=0.0420/0.0385, CycMeas=0.0977, PriorBnd post/prior=1.97e-04/7.31e-05 | Best 0.0976 | Patience 6/40
 >> Epoch 052 | Train Total=0.6736 | Val post/prior Total=0.6615/0.7296, Recon post/prior=0.5970/0.5949, KL=0.0185, CycSim post/prior=0.0476/0.0442, CycMeas=0.0974, PriorBnd post/prior=1.40e-04/6.74e-05 | Best 0.0976 | Patience 7/40
[Update] best val_cyc_meas improved to 0.097386 @ epoch 52
 >> Epoch 053 | Train Total=0.6735 | Val post/prior Total=0.6502/0.7192, Recon post/prior=0.5908/0.5882, KL=0.0126, CycSim post/prior=0.0442/0.0408, CycMeas=0.0977, PriorBnd post/prior=9.16e-05/7.15e-05 | Best 0.0974 | Patience 1/40
 >> Epoch 054 | Train Total=0.6722 | Val post/prior Total=0.6440/0.7102, Recon post/prior=0.5852/0.5813, KL=0.0132, CycSim post/prior=0.0435/0.0391, CycMeas=0.0974, PriorBnd post/prior=1.71e-04/7.99e-05 | Best 0.0974 | Patience 2/40
 >> Epoch 055 | Train Total=0.6714 | Val post/prior Total=0.6436/0.7116, Recon post/prior=0.5853/0.5815, KL=0.0122, CycSim post/prior=0.0432/0.0391, CycMeas=0.0989, PriorBnd post/prior=2.95e-04/8.32e-05 | Best 0.0974 | Patience 3/40
 >> Epoch 056 | Train Total=0.6740 | Val post/prior Total=0.6434/0.7113, Recon post/prior=0.5870/0.5839, KL=0.0125, CycSim post/prior=0.0416/0.0379, CycMeas=0.0974, PriorBnd post/prior=2.20e-04/7.90e-05 | Best 0.0974 | Patience 4/40
[Update] best val_cyc_meas improved to 0.097377 @ epoch 56
 >> Epoch 057 | Train Total=0.6746 | Val post/prior Total=0.6436/0.7082, Recon post/prior=0.5840/0.5795, KL=0.0127, CycSim post/prior=0.0434/0.0387, CycMeas=0.0977, PriorBnd post/prior=5.53e-04/8.62e-05 | Best 0.0974 | Patience 1/40
 >> Epoch 058 | Train Total=0.6737 | Val post/prior Total=0.6448/0.7135, Recon post/prior=0.5870/0.5834, KL=0.0124, CycSim post/prior=0.0427/0.0400, CycMeas=0.0977, PriorBnd post/prior=2.07e-04/7.68e-05 | Best 0.0974 | Patience 2/40
 >> Epoch 059 | Train Total=0.6753 | Val post/prior Total=0.6411/0.7095, Recon post/prior=0.5843/0.5808, KL=0.0134, CycSim post/prior=0.0417/0.0387, CycMeas=0.0978, PriorBnd post/prior=1.55e-04/7.57e-05 | Best 0.0974 | Patience 3/40
 >> Epoch 060 | Train Total=0.6753 | Val post/prior Total=0.6415/0.7083, Recon post/prior=0.5817/0.5785, KL=0.0135, CycSim post/prior=0.0442/0.0399, CycMeas=0.0974, PriorBnd post/prior=2.27e-04/8.76e-05 | Best 0.0974 | Patience 4/40
 >> Epoch 061 | Train Total=0.6750 | Val post/prior Total=0.6397/0.7068, Recon post/prior=0.5815/0.5780, KL=0.0127, CycSim post/prior=0.0431/0.0387, CycMeas=0.0978, PriorBnd post/prior=1.48e-04/8.49e-05 | Best 0.0974 | Patience 5/40
 >> Epoch 062 | Train Total=0.6750 | Val post/prior Total=0.6397/0.7093, Recon post/prior=0.5828/0.5797, KL=0.0117, CycSim post/prior=0.0422/0.0398, CycMeas=0.0973, PriorBnd post/prior=1.68e-04/7.81e-05 | Best 0.0974 | Patience 6/40
[Update] best val_cyc_meas improved to 0.097267 @ epoch 62
 >> Epoch 063 | Train Total=0.6756 | Val post/prior Total=0.6395/0.7061, Recon post/prior=0.5808/0.5774, KL=0.0120, CycSim post/prior=0.0435/0.0388, CycMeas=0.0975, PriorBnd post/prior=1.94e-04/9.03e-05 | Best 0.0973 | Patience 1/40
 >> Epoch 064 | Train Total=0.6755 | Val post/prior Total=0.6430/0.7131, Recon post/prior=0.5838/0.5816, KL=0.0123, CycSim post/prior=0.0440/0.0414, CycMeas=0.0973, PriorBnd post/prior=8.37e-05/8.08e-05 | Best 0.0973 | Patience 2/40
 >> Epoch 065 | Train Total=0.6779 | Val post/prior Total=0.6450/0.7123, Recon post/prior=0.5860/0.5824, KL=0.0128, CycSim post/prior=0.0438/0.0401, CycMeas=0.0973, PriorBnd post/prior=2.23e-04/8.63e-05 | Best 0.0973 | Patience 3/40
 >> Epoch 066 | Train Total=0.6789 | Val post/prior Total=0.6427/0.7130, Recon post/prior=0.5855/0.5827, KL=0.0123, CycSim post/prior=0.0425/0.0397, CycMeas=0.0985, PriorBnd post/prior=1.11e-04/7.87e-05 | Best 0.0973 | Patience 4/40
 >> Epoch 067 | Train Total=0.6776 | Val post/prior Total=0.6397/0.7046, Recon post/prior=0.5790/0.5747, KL=0.0133, CycSim post/prior=0.0450/0.0402, CycMeas=0.0969, PriorBnd post/prior=1.76e-04/8.96e-05 | Best 0.0973 | Patience 5/40
[Update] best val_cyc_meas improved to 0.096904 @ epoch 67
 >> Epoch 068 | Train Total=0.6803 | Val post/prior Total=0.6393/0.7084, Recon post/prior=0.5825/0.5792, KL=0.0113, CycSim post/prior=0.0422/0.0386, CycMeas=0.0987, PriorBnd post/prior=1.12e-04/8.35e-05 | Best 0.0969 | Patience 1/40
 >> Epoch 069 | Train Total=0.6785 | Val post/prior Total=0.6432/0.7141, Recon post/prior=0.5862/0.5840, KL=0.0121, CycSim post/prior=0.0424/0.0390, CycMeas=0.0994, PriorBnd post/prior=1.17e-04/7.13e-05 | Best 0.0969 | Patience 2/40
 >> Epoch 070 | Train Total=0.6796 | Val post/prior Total=0.6368/0.7046, Recon post/prior=0.5790/0.5761, KL=0.0129, CycSim post/prior=0.0427/0.0388, CycMeas=0.0972, PriorBnd post/prior=1.38e-04/8.59e-05 | Best 0.0969 | Patience 3/40
 >> Epoch 071 | Train Total=0.6807 | Val post/prior Total=0.6360/0.7037, Recon post/prior=0.5787/0.5751, KL=0.0123, CycSim post/prior=0.0424/0.0386, CycMeas=0.0977, PriorBnd post/prior=1.26e-04/8.37e-05 | Best 0.0969 | Patience 4/40
 >> Epoch 072 | Train Total=0.6816 | Val post/prior Total=0.6377/0.7032, Recon post/prior=0.5791/0.5751, KL=0.0122, CycSim post/prior=0.0435/0.0385, CycMeas=0.0974, PriorBnd post/prior=1.77e-04/8.74e-05 | Best 0.0969 | Patience 5/40
 >> Epoch 073 | Train Total=0.6804 | Val post/prior Total=0.6377/0.7051, Recon post/prior=0.5812/0.5776, KL=0.0116, CycSim post/prior=0.0419/0.0382, CycMeas=0.0972, PriorBnd post/prior=1.44e-04/8.40e-05 | Best 0.0969 | Patience 6/40
 >> Epoch 074 | Train Total=0.6822 | Val post/prior Total=0.6391/0.7036, Recon post/prior=0.5790/0.5745, KL=0.0126, CycSim post/prior=0.0447/0.0392, CycMeas=0.0975, PriorBnd post/prior=1.77e-04/8.87e-05 | Best 0.0969 | Patience 7/40
 >> Epoch 075 | Train Total=0.6836 | Val post/prior Total=0.6423/0.7099, Recon post/prior=0.5831/0.5805, KL=0.0121, CycSim post/prior=0.0441/0.0400, CycMeas=0.0968, PriorBnd post/prior=1.14e-04/7.31e-05 | Best 0.0969 | Patience 8/40
[Update] best val_cyc_meas improved to 0.096818 @ epoch 75
 >> Epoch 076 | Train Total=0.6827 | Val post/prior Total=0.7082/0.7817, Recon post/prior=0.6139/0.6122, KL=0.0281, CycSim post/prior=0.0713/0.0685, CycMeas=0.1052, PriorBnd post/prior=5.46e-05/4.48e-05 | Best 0.0968 | Patience 1/40
 >> Epoch 077 | Train Total=0.6848 | Val post/prior Total=0.6369/0.7054, Recon post/prior=0.5801/0.5772, KL=0.0118, CycSim post/prior=0.0421/0.0384, CycMeas=0.0977, PriorBnd post/prior=1.23e-04/8.65e-05 | Best 0.0968 | Patience 2/40
 >> Epoch 078 | Train Total=0.6826 | Val post/prior Total=0.6369/0.7036, Recon post/prior=0.5795/0.5758, KL=0.0115, CycSim post/prior=0.0427/0.0378, CycMeas=0.0979, PriorBnd post/prior=1.11e-04/8.77e-05 | Best 0.0968 | Patience 3/40
 >> Epoch 079 | Train Total=0.6847 | Val post/prior Total=0.6383/0.7066, Recon post/prior=0.5804/0.5773, KL=0.0126, CycSim post/prior=0.0429/0.0393, CycMeas=0.0977, PriorBnd post/prior=7.16e-05/7.85e-05 | Best 0.0968 | Patience 4/40
 >> Epoch 080 | Train Total=0.6862 | Val post/prior Total=0.6385/0.7041, Recon post/prior=0.5777/0.5733, KL=0.0126, CycSim post/prior=0.0453/0.0403, CycMeas=0.0980, PriorBnd post/prior=1.33e-04/8.83e-05 | Best 0.0968 | Patience 5/40
 >> Epoch 081 | Train Total=0.6864 | Val post/prior Total=0.6379/0.7057, Recon post/prior=0.5813/0.5780, KL=0.0120, CycSim post/prior=0.0419/0.0381, CycMeas=0.0975, PriorBnd post/prior=1.20e-04/8.07e-05 | Best 0.0968 | Patience 6/40
 >> Epoch 082 | Train Total=0.6873 | Val post/prior Total=0.6451/0.7143, Recon post/prior=0.5862/0.5840, KL=0.0120, CycSim post/prior=0.0439/0.0404, CycMeas=0.0973, PriorBnd post/prior=1.06e-04/7.68e-05 | Best 0.0968 | Patience 7/40
 >> Epoch 083 | Train Total=0.6880 | Val post/prior Total=0.6380/0.7029, Recon post/prior=0.5790/0.5747, KL=0.0143, CycSim post/prior=0.0434/0.0386, CycMeas=0.0972, PriorBnd post/prior=2.51e-04/8.19e-05 | Best 0.0968 | Patience 8/40
 >> Epoch 084 | Train Total=0.6876 | Val post/prior Total=0.6393/0.7078, Recon post/prior=0.5823/0.5797, KL=0.0128, CycSim post/prior=0.0422/0.0384, CycMeas=0.0976, PriorBnd post/prior=9.13e-05/7.31e-05 | Best 0.0968 | Patience 9/40
 >> Epoch 085 | Train Total=0.6891 | Val post/prior Total=0.6385/0.7054, Recon post/prior=0.5795/0.5759, KL=0.0123, CycSim post/prior=0.0438/0.0394, CycMeas=0.0978, PriorBnd post/prior=1.06e-04/8.57e-05 | Best 0.0968 | Patience 10/40
 >> Epoch 086 | Train Total=0.6897 | Val post/prior Total=0.6370/0.7056, Recon post/prior=0.5789/0.5753, KL=0.0117, CycSim post/prior=0.0432/0.0400, CycMeas=0.0978, PriorBnd post/prior=1.57e-04/8.46e-05 | Best 0.0968 | Patience 11/40
 >> Epoch 087 | Train Total=0.6907 | Val post/prior Total=0.6382/0.7039, Recon post/prior=0.5789/0.5752, KL=0.0114, CycSim post/prior=0.0442/0.0390, CycMeas=0.0974, PriorBnd post/prior=1.90e-04/8.58e-05 | Best 0.0968 | Patience 12/40
 >> Epoch 088 | Train Total=0.6912 | Val post/prior Total=0.6357/0.7054, Recon post/prior=0.5803/0.5780, KL=0.0110, CycSim post/prior=0.0410/0.0382, CycMeas=0.0968, PriorBnd post/prior=1.18e-04/8.17e-05 | Best 0.0968 | Patience 13/40
[Update] best val_cyc_meas improved to 0.096802 @ epoch 88
 >> Epoch 089 | Train Total=0.6931 | Val post/prior Total=0.6395/0.7070, Recon post/prior=0.5821/0.5789, KL=0.0121, CycSim post/prior=0.0426/0.0383, CycMeas=0.0977, PriorBnd post/prior=9.86e-05/7.55e-05 | Best 0.0968 | Patience 1/40
 >> Epoch 090 | Train Total=0.6938 | Val post/prior Total=0.6640/0.7333, Recon post/prior=0.5920/0.5901, KL=0.0211, CycSim post/prior=0.0536/0.0510, CycMeas=0.0980, PriorBnd post/prior=5.88e-05/5.84e-05 | Best 0.0968 | Patience 2/40
 >> Epoch 091 | Train Total=0.6939 | Val post/prior Total=0.6648/0.7342, Recon post/prior=0.5970/0.5951, KL=0.0167, CycSim post/prior=0.0508/0.0481, CycMeas=0.0972, PriorBnd post/prior=6.87e-05/5.94e-05 | Best 0.0968 | Patience 3/40
 >> Epoch 092 | Train Total=0.6932 | Val post/prior Total=0.6487/0.7190, Recon post/prior=0.5859/0.5839, KL=0.0124, CycSim post/prior=0.0472/0.0446, CycMeas=0.0972, PriorBnd post/prior=1.19e-04/7.97e-05 | Best 0.0968 | Patience 4/40
 >> Epoch 093 | Train Total=0.6970 | Val post/prior Total=0.6372/0.7043, Recon post/prior=0.5797/0.5765, KL=0.0112, CycSim post/prior=0.0427/0.0382, CycMeas=0.0974, PriorBnd post/prior=1.48e-04/8.39e-05 | Best 0.0968 | Patience 5/40
 >> Epoch 094 | Train Total=0.6962 | Val post/prior Total=0.6368/0.7051, Recon post/prior=0.5811/0.5780, KL=0.0120, CycSim post/prior=0.0412/0.0376, CycMeas=0.0975, PriorBnd post/prior=9.48e-05/7.12e-05 | Best 0.0968 | Patience 6/40
 >> Epoch 095 | Train Total=0.6958 | Val post/prior Total=0.6663/0.7377, Recon post/prior=0.5949/0.5929, KL=0.0150, CycSim post/prior=0.0541/0.0525, CycMeas=0.0977, PriorBnd post/prior=6.94e-05/5.81e-05 | Best 0.0968 | Patience 7/40
 >> Epoch 096 | Train Total=0.6982 | Val post/prior Total=0.6392/0.7088, Recon post/prior=0.5818/0.5796, KL=0.0115, CycSim post/prior=0.0428/0.0398, CycMeas=0.0970, PriorBnd post/prior=8.91e-05/8.08e-05 | Best 0.0968 | Patience 8/40
 >> Epoch 097 | Train Total=0.6967 | Val post/prior Total=0.6439/0.7121, Recon post/prior=0.5837/0.5807, KL=0.0123, CycSim post/prior=0.0449/0.0410, CycMeas=0.0979, PriorBnd post/prior=1.39e-04/8.12e-05 | Best 0.0968 | Patience 9/40
 >> Epoch 098 | Train Total=0.6995 | Val post/prior Total=0.6464/0.7153, Recon post/prior=0.5842/0.5820, KL=0.0154, CycSim post/prior=0.0461/0.0434, CycMeas=0.0968, PriorBnd post/prior=1.77e-04/7.43e-05 | Best 0.0968 | Patience 10/40
[Update] best val_cyc_meas improved to 0.096794 @ epoch 98
 >> Epoch 099 | Train Total=0.6997 | Val post/prior Total=0.6356/0.7025, Recon post/prior=0.5781/0.5746, KL=0.0124, CycSim post/prior=0.0425/0.0387, CycMeas=0.0967, PriorBnd post/prior=2.20e-04/8.01e-05 | Best 0.0968 | Patience 1/40
[Update] best val_cyc_meas improved to 0.096669 @ epoch 99
 >> Epoch 100 | Train Total=0.6990 | Val post/prior Total=0.6455/0.7165, Recon post/prior=0.5852/0.5836, KL=0.0123, CycSim post/prior=0.0450/0.0421, CycMeas=0.0981, PriorBnd post/prior=8.39e-05/7.73e-05 | Best 0.0967 | Patience 1/40
 >> Epoch 101 | Train Total=0.7016 | Val post/prior Total=0.6825/0.7512, Recon post/prior=0.6030/0.6007, KL=0.0200, CycSim post/prior=0.0602/0.0568, CycMeas=0.0987, PriorBnd post/prior=8.23e-05/6.53e-05 | Best 0.0967 | Patience 2/40
 >> Epoch 102 | Train Total=0.7013 | Val post/prior Total=0.6357/0.7040, Recon post/prior=0.5786/0.5754, KL=0.0116, CycSim post/prior=0.0424/0.0392, CycMeas=0.0970, PriorBnd post/prior=1.38e-04/8.45e-05 | Best 0.0967 | Patience 3/40
 >> Epoch 103 | Train Total=0.7048 | Val post/prior Total=0.6391/0.7067, Recon post/prior=0.5817/0.5779, KL=0.0120, CycSim post/prior=0.0425/0.0382, CycMeas=0.0987, PriorBnd post/prior=2.77e-04/7.53e-05 | Best 0.0967 | Patience 4/40
 >> Epoch 104 | Train Total=0.7029 | Val post/prior Total=0.6373/0.7030, Recon post/prior=0.5796/0.5755, KL=0.0110, CycSim post/prior=0.0430/0.0380, CycMeas=0.0975, PriorBnd post/prior=1.18e-04/8.65e-05 | Best 0.0967 | Patience 5/40
 >> Epoch 105 | Train Total=0.7032 | Val post/prior Total=0.6346/0.7013, Recon post/prior=0.5787/0.5749, KL=0.0123, CycSim post/prior=0.0412/0.0375, CycMeas=0.0967, PriorBnd post/prior=1.33e-04/8.58e-05 | Best 0.0967 | Patience 6/40
[Update] best val_cyc_meas improved to 0.096651 @ epoch 105
 >> Epoch 106 | Train Total=0.7034 | Val post/prior Total=0.6377/0.7043, Recon post/prior=0.5783/0.5751, KL=0.0121, CycSim post/prior=0.0443/0.0399, CycMeas=0.0966, PriorBnd post/prior=1.37e-04/8.60e-05 | Best 0.0967 | Patience 1/40
[Update] best val_cyc_meas improved to 0.096563 @ epoch 106
 >> Epoch 107 | Train Total=0.7078 | Val post/prior Total=0.6362/0.7050, Recon post/prior=0.5801/0.5771, KL=0.0114, CycSim post/prior=0.0417/0.0386, CycMeas=0.0970, PriorBnd post/prior=6.56e-05/8.07e-05 | Best 0.0966 | Patience 1/40
 >> Epoch 108 | Train Total=0.7057 | Val post/prior Total=0.6343/0.7001, Recon post/prior=0.5779/0.5744, KL=0.0120, CycSim post/prior=0.0416/0.0370, CycMeas=0.0965, PriorBnd post/prior=1.35e-04/8.53e-05 | Best 0.0966 | Patience 2/40
[Update] best val_cyc_meas improved to 0.096489 @ epoch 108
 >> Epoch 109 | Train Total=0.7080 | Val post/prior Total=0.6380/0.7064, Recon post/prior=0.5807/0.5776, KL=0.0104, CycSim post/prior=0.0428/0.0393, CycMeas=0.0971, PriorBnd post/prior=7.94e-05/8.32e-05 | Best 0.0965 | Patience 1/40
 >> Epoch 110 | Train Total=0.7072 | Val post/prior Total=0.6416/0.7103, Recon post/prior=0.5816/0.5784, KL=0.0124, CycSim post/prior=0.0448/0.0417, CycMeas=0.0976, PriorBnd post/prior=1.39e-04/7.86e-05 | Best 0.0965 | Patience 2/40
 >> Epoch 111 | Train Total=0.7092 | Val post/prior Total=0.6385/0.7056, Recon post/prior=0.5793/0.5759, KL=0.0124, CycSim post/prior=0.0440/0.0399, CycMeas=0.0973, PriorBnd post/prior=1.27e-04/8.46e-05 | Best 0.0965 | Patience 3/40
 >> Epoch 112 | Train Total=0.7078 | Val post/prior Total=0.6403/0.7111, Recon post/prior=0.5827/0.5798, KL=0.0120, CycSim post/prior=0.0428/0.0399, CycMeas=0.0994, PriorBnd post/prior=1.30e-04/8.18e-05 | Best 0.0965 | Patience 4/40
 >> Epoch 113 | Train Total=0.7088 | Val post/prior Total=0.6363/0.7038, Recon post/prior=0.5775/0.5743, KL=0.0126, CycSim post/prior=0.0435/0.0400, CycMeas=0.0969, PriorBnd post/prior=2.09e-04/8.41e-05 | Best 0.0965 | Patience 5/40
 >> Epoch 114 | Train Total=0.7079 | Val post/prior Total=0.6361/0.7051, Recon post/prior=0.5787/0.5756, KL=0.0127, CycSim post/prior=0.0424/0.0398, CycMeas=0.0970, PriorBnd post/prior=1.43e-04/8.13e-05 | Best 0.0965 | Patience 6/40
 >> Epoch 115 | Train Total=0.7077 | Val post/prior Total=0.6470/0.7166, Recon post/prior=0.5842/0.5814, KL=0.0161, CycSim post/prior=0.0464/0.0439, CycMeas=0.0982, PriorBnd post/prior=1.40e-04/7.12e-05 | Best 0.0965 | Patience 7/40
 >> Epoch 116 | Train Total=0.7074 | Val post/prior Total=0.6347/0.7037, Recon post/prior=0.5791/0.5763, KL=0.0111, CycSim post/prior=0.0412/0.0384, CycMeas=0.0965, PriorBnd post/prior=1.35e-04/8.05e-05 | Best 0.0965 | Patience 8/40
 >> Epoch 117 | Train Total=0.7077 | Val post/prior Total=0.6430/0.7112, Recon post/prior=0.5839/0.5807, KL=0.0120, CycSim post/prior=0.0441/0.0403, CycMeas=0.0978, PriorBnd post/prior=2.08e-04/8.05e-05 | Best 0.0965 | Patience 9/40
 >> Epoch 118 | Train Total=0.7075 | Val post/prior Total=0.6366/0.7037, Recon post/prior=0.5781/0.5749, KL=0.0123, CycSim post/prior=0.0434/0.0395, CycMeas=0.0968, PriorBnd post/prior=1.13e-04/8.55e-05 | Best 0.0965 | Patience 10/40
 >> Epoch 119 | Train Total=0.7078 | Val post/prior Total=0.6386/0.7070, Recon post/prior=0.5811/0.5777, KL=0.0123, CycSim post/prior=0.0426/0.0389, CycMeas=0.0984, PriorBnd post/prior=2.30e-04/6.94e-05 | Best 0.0965 | Patience 11/40
 >> Epoch 120 | Train Total=0.7079 | Val post/prior Total=0.6342/0.7022, Recon post/prior=0.5783/0.5750, KL=0.0131, CycSim post/prior=0.0411/0.0379, CycMeas=0.0971, PriorBnd post/prior=9.79e-05/8.02e-05 | Best 0.0965 | Patience 12/40
 >> Epoch 121 | Train Total=0.7087 | Val post/prior Total=0.6442/0.7136, Recon post/prior=0.5831/0.5807, KL=0.0111, CycSim post/prior=0.0459/0.0424, CycMeas=0.0977, PriorBnd post/prior=8.81e-05/9.31e-05 | Best 0.0965 | Patience 13/40
 >> Epoch 122 | Train Total=0.7077 | Val post/prior Total=0.6356/0.7027, Recon post/prior=0.5793/0.5759, KL=0.0113, CycSim post/prior=0.0418/0.0377, CycMeas=0.0969, PriorBnd post/prior=1.26e-04/7.97e-05 | Best 0.0965 | Patience 14/40
 >> Epoch 123 | Train Total=0.7092 | Val post/prior Total=0.6383/0.7077, Recon post/prior=0.5813/0.5789, KL=0.0117, CycSim post/prior=0.0422/0.0394, CycMeas=0.0968, PriorBnd post/prior=1.28e-04/7.50e-05 | Best 0.0965 | Patience 15/40
 >> Epoch 124 | Train Total=0.7087 | Val post/prior Total=0.6503/0.7192, Recon post/prior=0.5851/0.5825, KL=0.0178, CycSim post/prior=0.0482/0.0450, CycMeas=0.0986, PriorBnd post/prior=8.32e-05/7.32e-05 | Best 0.0965 | Patience 16/40
 >> Epoch 125 | Train Total=0.7071 | Val post/prior Total=0.6350/0.7041, Recon post/prior=0.5787/0.5758, KL=0.0118, CycSim post/prior=0.0416/0.0387, CycMeas=0.0971, PriorBnd post/prior=1.23e-04/8.44e-05 | Best 0.0965 | Patience 17/40
 >> Epoch 126 | Train Total=0.7055 | Val post/prior Total=0.6331/0.7032, Recon post/prior=0.5790/0.5766, KL=0.0107, CycSim post/prior=0.0400/0.0372, CycMeas=0.0973, PriorBnd post/prior=1.33e-04/8.31e-05 | Best 0.0965 | Patience 18/40
 >> Epoch 127 | Train Total=0.7068 | Val post/prior Total=0.6366/0.7029, Recon post/prior=0.5793/0.5751, KL=0.0128, CycSim post/prior=0.0423/0.0385, CycMeas=0.0970, PriorBnd post/prior=2.50e-04/8.06e-05 | Best 0.0965 | Patience 19/40
 >> Epoch 128 | Train Total=0.7081 | Val post/prior Total=0.6485/0.7179, Recon post/prior=0.5871/0.5851, KL=0.0146, CycSim post/prior=0.0457/0.0426, CycMeas=0.0974, PriorBnd post/prior=9.79e-05/6.78e-05 | Best 0.0965 | Patience 20/40
 >> Epoch 129 | Train Total=0.7066 | Val post/prior Total=0.6369/0.7042, Recon post/prior=0.5803/0.5765, KL=0.0131, CycSim post/prior=0.0416/0.0379, CycMeas=0.0976, PriorBnd post/prior=3.20e-04/7.49e-05 | Best 0.0965 | Patience 21/40
 >> Epoch 130 | Train Total=0.7082 | Val post/prior Total=0.6375/0.7080, Recon post/prior=0.5809/0.5778, KL=0.0120, CycSim post/prior=0.0420/0.0389, CycMeas=0.0994, PriorBnd post/prior=1.05e-04/7.79e-05 | Best 0.0965 | Patience 22/40
 >> Epoch 131 | Train Total=0.7081 | Val post/prior Total=0.6351/0.7018, Recon post/prior=0.5791/0.5759, KL=0.0113, CycSim post/prior=0.0415/0.0370, CycMeas=0.0968, PriorBnd post/prior=1.13e-04/8.72e-05 | Best 0.0965 | Patience 23/40
 >> Epoch 132 | Train Total=0.7067 | Val post/prior Total=0.6361/0.7052, Recon post/prior=0.5789/0.5755, KL=0.0116, CycSim post/prior=0.0425/0.0392, CycMeas=0.0982, PriorBnd post/prior=1.50e-04/8.28e-05 | Best 0.0965 | Patience 24/40
 >> Epoch 133 | Train Total=0.7082 | Val post/prior Total=0.6361/0.7034, Recon post/prior=0.5786/0.5757, KL=0.0146, CycSim post/prior=0.0421/0.0385, CycMeas=0.0967, PriorBnd post/prior=2.36e-04/7.90e-05 | Best 0.0965 | Patience 25/40
 >> Epoch 134 | Train Total=0.7075 | Val post/prior Total=0.6331/0.7014, Recon post/prior=0.5773/0.5740, KL=0.0115, CycSim post/prior=0.0412/0.0374, CycMeas=0.0981, PriorBnd post/prior=1.04e-04/8.39e-05 | Best 0.0965 | Patience 26/40
 >> Epoch 135 | Train Total=0.7084 | Val post/prior Total=0.6583/0.7284, Recon post/prior=0.5914/0.5894, KL=0.0157, CycSim post/prior=0.0501/0.0479, CycMeas=0.0973, PriorBnd post/prior=6.42e-05/6.40e-05 | Best 0.0965 | Patience 27/40
 >> Epoch 136 | Train Total=0.7081 | Val post/prior Total=0.6357/0.7023, Recon post/prior=0.5776/0.5739, KL=0.0125, CycSim post/prior=0.0430/0.0386, CycMeas=0.0974, PriorBnd post/prior=1.46e-04/9.12e-05 | Best 0.0965 | Patience 28/40
 >> Epoch 137 | Train Total=0.7065 | Val post/prior Total=0.6432/0.7112, Recon post/prior=0.5828/0.5805, KL=0.0124, CycSim post/prior=0.0451/0.0413, CycMeas=0.0966, PriorBnd post/prior=1.02e-04/7.54e-05 | Best 0.0965 | Patience 29/40
 >> Epoch 138 | Train Total=0.7069 | Val post/prior Total=0.6372/0.7071, Recon post/prior=0.5821/0.5798, KL=0.0106, CycSim post/prior=0.0409/0.0384, CycMeas=0.0966, PriorBnd post/prior=1.08e-04/8.62e-05 | Best 0.0965 | Patience 30/40
 >> Epoch 139 | Train Total=0.7085 | Val post/prior Total=0.6438/0.7114, Recon post/prior=0.5805/0.5776, KL=0.0163, CycSim post/prior=0.0468/0.0433, CycMeas=0.0973, PriorBnd post/prior=1.90e-04/7.56e-05 | Best 0.0965 | Patience 31/40
 >> Epoch 140 | Train Total=0.7068 | Val post/prior Total=0.6455/0.7141, Recon post/prior=0.5828/0.5803, KL=0.0126, CycSim post/prior=0.0470/0.0429, CycMeas=0.0981, PriorBnd post/prior=9.23e-05/8.60e-05 | Best 0.0965 | Patience 32/40
 >> Epoch 141 | Train Total=0.7083 | Val post/prior Total=0.6361/0.7037, Recon post/prior=0.5789/0.5752, KL=0.0115, CycSim post/prior=0.0425/0.0382, CycMeas=0.0982, PriorBnd post/prior=1.64e-04/8.31e-05 | Best 0.0965 | Patience 33/40
 >> Epoch 142 | Train Total=0.7084 | Val post/prior Total=0.6392/0.7063, Recon post/prior=0.5822/0.5785, KL=0.0128, CycSim post/prior=0.0419/0.0386, CycMeas=0.0968, PriorBnd post/prior=3.72e-04/7.92e-05 | Best 0.0965 | Patience 34/40
 >> Epoch 143 | Train Total=0.7073 | Val post/prior Total=0.6371/0.7055, Recon post/prior=0.5786/0.5762, KL=0.0116, CycSim post/prior=0.0435/0.0396, CycMeas=0.0972, PriorBnd post/prior=1.35e-04/7.70e-05 | Best 0.0965 | Patience 35/40
 >> Epoch 144 | Train Total=0.7080 | Val post/prior Total=0.6364/0.7060, Recon post/prior=0.5796/0.5769, KL=0.0109, CycSim post/prior=0.0423/0.0395, CycMeas=0.0972, PriorBnd post/prior=7.91e-05/8.28e-05 | Best 0.0965 | Patience 36/40
 >> Epoch 145 | Train Total=0.7084 | Val post/prior Total=0.6341/0.6989, Recon post/prior=0.5753/0.5710, KL=0.0122, CycSim post/prior=0.0436/0.0385, CycMeas=0.0969, PriorBnd post/prior=1.11e-04/9.58e-05 | Best 0.0965 | Patience 37/40
 >> Epoch 146 | Train Total=0.7062 | Val post/prior Total=0.6325/0.6999, Recon post/prior=0.5765/0.5733, KL=0.0115, CycSim post/prior=0.0414/0.0373, CycMeas=0.0972, PriorBnd post/prior=1.44e-04/8.82e-05 | Best 0.0965 | Patience 38/40
 >> Epoch 147 | Train Total=0.7068 | Val post/prior Total=0.6435/0.7116, Recon post/prior=0.5836/0.5806, KL=0.0149, CycSim post/prior=0.0442/0.0414, CycMeas=0.0968, PriorBnd post/prior=1.38e-04/7.33e-05 | Best 0.0965 | Patience 39/40
 >> Epoch 148 | Train Total=0.7051 | Val post/prior Total=0.6343/0.7011, Recon post/prior=0.5771/0.5733, KL=0.0111, CycSim post/prior=0.0424/0.0385, CycMeas=0.0968, PriorBnd post/prior=1.93e-04/8.92e-05 | Best 0.0965 | Patience 40/40
[EarlyStop] at epoch 148
[Diag] Start to calcaulte diag in test preocess... 
[Diag] wrote 28930 rows to temp_Bidi_cvae\cvae_20251109-143906\diag_test.csv
[Diag] proxy_floor_ps  P50=0.0095  P90=0.0228  P95=0.0348  P99=0.2440
[Test] prior total=0.699094 | prior recon=0.573996 | kl=0.008725 | prior cyc_sim=0.036171 | cyc_meas=0.097019 | prior_l2=0.407795 | prior_bnd=0.000053 | 
