[log] tee initialized at 2025-11-19 13:14:29 -> temp_Bidi_cvae\session_20251119-131429.log
Using CUDA device 0: NVIDIA GeForce RTX 4060 Laptop GPU
[log] tee initialized at 2025-11-19 13:14:33 -> temp_Bidi_cvae\cvae_20251119-131433\train.log
[L_trust] using 20000 ref rows from temp_Bidi_cvae/proxy\proxy_Ytr_norm.npy
 >> Epoch 001 | Train Total=14.5664 | Val post/prior Total=2843.2393/1.0139, Recon post/prior=2.8325/0.7420, KL=4506.3625, CycSim post/prior=0.1522/0.1049, CycMeas=0.1800, PriorBnd post/prior=6.05e-01/6.25e-04 | Best inf | Patience 1/40
[Update] best val_cyc_meas improved to 0.179986 @ epoch 1
 >> Epoch 002 | Train Total=0.8911 | Val post/prior Total=149.5648/0.9070, Recon post/prior=0.8566/0.7087, KL=708.6956, CycSim post/prior=0.1235/0.0732, CycMeas=0.1351, PriorBnd post/prior=4.39e-02/3.53e-04 | Best 0.1800 | Patience 1/40
[Update] best val_cyc_meas improved to 0.135093 @ epoch 2
 >> Epoch 003 | Train Total=0.8003 | Val post/prior Total=4.5178/0.8897, Recon post/prior=0.7299/0.6955, KL=16.5181, CycSim post/prior=0.1135/0.0687, CycMeas=0.1365, PriorBnd post/prior=6.58e-03/2.67e-04 | Best 0.1351 | Patience 1/40
 >> Epoch 004 | Train Total=0.7628 | Val post/prior Total=2.6693/0.8614, Recon post/prior=0.7290/0.6848, KL=6.3765, CycSim post/prior=0.1032/0.0636, CycMeas=0.1222, PriorBnd post/prior=1.04e-02/2.24e-04 | Best 0.1351 | Patience 2/40
[Update] best val_cyc_meas improved to 0.122173 @ epoch 4
 >> Epoch 005 | Train Total=0.7411 | Val post/prior Total=1.1273/0.8340, Recon post/prior=0.6878/0.6760, KL=1.5636, CycSim post/prior=0.0947/0.0575, CycMeas=0.1078, PriorBnd post/prior=1.88e-03/2.05e-04 | Best 0.1222 | Patience 1/40
[Update] best val_cyc_meas improved to 0.107809 @ epoch 5
 >> Epoch 006 | Train Total=0.7230 | Val post/prior Total=3.5728/0.8189, Recon post/prior=0.7447/0.6667, KL=2.0536, CycSim post/prior=0.0966/0.0524, CycMeas=0.1080, PriorBnd post/prior=2.02e-02/1.89e-04 | Best 0.1078 | Patience 1/40
 >> Epoch 007 | Train Total=0.7103 | Val post/prior Total=1.1866/0.8048, Recon post/prior=0.6897/0.6585, KL=0.9469, CycSim post/prior=0.0937/0.0531, CycMeas=0.0994, PriorBnd post/prior=7.34e-03/2.01e-04 | Best 0.1078 | Patience 2/40
[Update] best val_cyc_meas improved to 0.099441 @ epoch 7
 >> Epoch 008 | Train Total=0.7000 | Val post/prior Total=1.5142/0.7993, Recon post/prior=0.7009/0.6546, KL=0.3515, CycSim post/prior=0.0905/0.0508, CycMeas=0.1009, PriorBnd post/prior=1.08e-02/1.62e-04 | Best 0.0994 | Patience 1/40
 >> Epoch 009 | Train Total=0.6937 | Val post/prior Total=0.9089/0.8039, Recon post/prior=0.6758/0.6554, KL=0.1453, CycSim post/prior=0.0877/0.0522, CycMeas=0.1037, PriorBnd post/prior=4.35e-03/1.53e-04 | Best 0.0994 | Patience 2/40
 >> Epoch 010 | Train Total=0.6895 | Val post/prior Total=0.7895/0.8092, Recon post/prior=0.6639/0.6579, KL=0.1142, CycSim post/prior=0.0823/0.0552, CycMeas=0.1028, PriorBnd post/prior=7.29e-04/1.10e-04 | Best 0.0994 | Patience 3/40
 >> Epoch 011 | Train Total=0.6853 | Val post/prior Total=0.8014/0.7965, Recon post/prior=0.6610/0.6499, KL=0.1121, CycSim post/prior=0.0831/0.0537, CycMeas=0.0990, PriorBnd post/prior=2.12e-03/1.30e-04 | Best 0.0994 | Patience 4/40
[Update] best val_cyc_meas improved to 0.098994 @ epoch 11
 >> Epoch 012 | Train Total=0.6804 | Val post/prior Total=0.7846/0.7850, Recon post/prior=0.6553/0.6444, KL=0.0832, CycSim post/prior=0.0815/0.0485, CycMeas=0.0991, PriorBnd post/prior=1.72e-03/1.28e-04 | Best 0.0990 | Patience 1/40
 >> Epoch 013 | Train Total=0.6763 | Val post/prior Total=0.7883/0.7835, Recon post/prior=0.6510/0.6396, KL=0.0817, CycSim post/prior=0.0856/0.0479, CycMeas=0.1039, PriorBnd post/prior=2.00e-03/1.47e-04 | Best 0.0990 | Patience 2/40
 >> Epoch 014 | Train Total=0.6717 | Val post/prior Total=0.7671/0.7790, Recon post/prior=0.6430/0.6353, KL=0.0830, CycSim post/prior=0.0849/0.0517, CycMeas=0.0979, PriorBnd post/prior=1.02e-03/1.43e-04 | Best 0.0990 | Patience 3/40
[Update] best val_cyc_meas improved to 0.097935 @ epoch 14
 >> Epoch 015 | Train Total=0.6678 | Val post/prior Total=0.7511/0.7720, Recon post/prior=0.6422/0.6349, KL=0.0513, CycSim post/prior=0.0747/0.0464, CycMeas=0.0976, PriorBnd post/prior=1.25e-03/1.20e-04 | Best 0.0979 | Patience 1/40
[Update] best val_cyc_meas improved to 0.097593 @ epoch 15
 >> Epoch 016 | Train Total=0.6624 | Val post/prior Total=0.7850/0.8150, Recon post/prior=0.6522/0.6468, KL=0.0503, CycSim post/prior=0.0983/0.0711, CycMeas=0.1003, PriorBnd post/prior=8.65e-04/9.32e-05 | Best 0.0976 | Patience 1/40
 >> Epoch 017 | Train Total=0.6598 | Val post/prior Total=0.7454/0.7747, Recon post/prior=0.6373/0.6321, KL=0.0436, CycSim post/prior=0.0800/0.0509, CycMeas=0.0979, PriorBnd post/prior=4.20e-04/1.13e-04 | Best 0.0976 | Patience 2/40
 >> Epoch 018 | Train Total=0.6578 | Val post/prior Total=0.7426/0.7620, Recon post/prior=0.6315/0.6238, KL=0.0497, CycSim post/prior=0.0802/0.0474, CycMeas=0.0973, PriorBnd post/prior=6.39e-04/1.34e-04 | Best 0.0976 | Patience 3/40
[Update] best val_cyc_meas improved to 0.097268 @ epoch 18
 >> Epoch 019 | Train Total=0.6551 | Val post/prior Total=0.7409/0.7704, Recon post/prior=0.6334/0.6273, KL=0.0423, CycSim post/prior=0.0784/0.0505, CycMeas=0.0990, PriorBnd post/prior=6.95e-04/1.07e-04 | Best 0.0973 | Patience 1/40
 >> Epoch 020 | Train Total=0.6528 | Val post/prior Total=0.7312/0.7539, Recon post/prior=0.6289/0.6200, KL=0.0395, CycSim post/prior=0.0705/0.0423, CycMeas=0.0994, PriorBnd post/prior=1.40e-03/1.15e-04 | Best 0.0973 | Patience 2/40
 >> Epoch 021 | Train Total=0.6501 | Val post/prior Total=0.7258/0.7679, Recon post/prior=0.6265/0.6216, KL=0.0298, CycSim post/prior=0.0747/0.0479, CycMeas=0.1068, PriorBnd post/prior=3.44e-04/1.02e-04 | Best 0.0973 | Patience 3/40
 >> Epoch 022 | Train Total=0.6479 | Val post/prior Total=0.7153/0.7520, Recon post/prior=0.6205/0.6151, KL=0.0267, CycSim post/prior=0.0713/0.0452, CycMeas=0.0987, PriorBnd post/prior=4.64e-04/1.17e-04 | Best 0.0973 | Patience 4/40
 >> Epoch 023 | Train Total=0.6453 | Val post/prior Total=0.7137/0.7455, Recon post/prior=0.6199/0.6138, KL=0.0270, CycSim post/prior=0.0690/0.0415, CycMeas=0.0977, PriorBnd post/prior=8.93e-04/1.29e-04 | Best 0.0973 | Patience 5/40
 >> Epoch 024 | Train Total=0.6411 | Val post/prior Total=0.7136/0.7547, Recon post/prior=0.6183/0.6137, KL=0.0256, CycSim post/prior=0.0722/0.0484, CycMeas=0.0991, PriorBnd post/prior=2.44e-04/1.13e-04 | Best 0.0973 | Patience 6/40
 >> Epoch 025 | Train Total=0.6412 | Val post/prior Total=0.7053/0.7404, Recon post/prior=0.6152/0.6091, KL=0.0275, CycSim post/prior=0.0659/0.0409, CycMeas=0.0981, PriorBnd post/prior=8.28e-04/1.30e-04 | Best 0.0973 | Patience 7/40
 >> Epoch 026 | Train Total=0.6389 | Val post/prior Total=0.7069/0.7406, Recon post/prior=0.6145/0.6088, KL=0.0264, CycSim post/prior=0.0687/0.0423, CycMeas=0.0967, PriorBnd post/prior=6.64e-04/1.19e-04 | Best 0.0973 | Patience 8/40
[Update] best val_cyc_meas improved to 0.096668 @ epoch 26
 >> Epoch 027 | Train Total=0.6377 | Val post/prior Total=0.7010/0.7470, Recon post/prior=0.6134/0.6092, KL=0.0206, CycSim post/prior=0.0666/0.0471, CycMeas=0.0970, PriorBnd post/prior=2.30e-04/9.83e-05 | Best 0.0967 | Patience 1/40
 >> Epoch 028 | Train Total=0.6363 | Val post/prior Total=0.6981/0.7390, Recon post/prior=0.6096/0.6045, KL=0.0235, CycSim post/prior=0.0662/0.0436, CycMeas=0.0979, PriorBnd post/prior=6.14e-04/1.20e-04 | Best 0.0967 | Patience 2/40
 >> Epoch 029 | Train Total=0.6352 | Val post/prior Total=0.6949/0.7334, Recon post/prior=0.6076/0.6030, KL=0.0211, CycSim post/prior=0.0659/0.0400, CycMeas=0.0982, PriorBnd post/prior=4.05e-04/1.28e-04 | Best 0.0967 | Patience 3/40
 >> Epoch 030 | Train Total=0.6333 | Val post/prior Total=0.6952/0.7341, Recon post/prior=0.6064/0.5999, KL=0.0207, CycSim post/prior=0.0654/0.0440, CycMeas=0.0971, PriorBnd post/prior=8.27e-04/1.19e-04 | Best 0.0967 | Patience 4/40
 >> Epoch 031 | Train Total=0.6314 | Val post/prior Total=0.6883/0.7333, Recon post/prior=0.6031/0.5983, KL=0.0192, CycSim post/prior=0.0647/0.0408, CycMeas=0.1026, PriorBnd post/prior=2.82e-04/1.11e-04 | Best 0.0967 | Patience 5/40
 >> Epoch 032 | Train Total=0.6298 | Val post/prior Total=0.6936/0.7254, Recon post/prior=0.6021/0.5953, KL=0.0234, CycSim post/prior=0.0684/0.0406, CycMeas=0.0969, PriorBnd post/prior=7.14e-04/1.39e-04 | Best 0.0967 | Patience 6/40
 >> Epoch 033 | Train Total=0.6286 | Val post/prior Total=0.6849/0.7249, Recon post/prior=0.6008/0.5967, KL=0.0191, CycSim post/prior=0.0638/0.0390, CycMeas=0.0971, PriorBnd post/prior=2.19e-04/1.12e-04 | Best 0.0967 | Patience 7/40
 >> Epoch 034 | Train Total=0.6285 | Val post/prior Total=0.7020/0.7534, Recon post/prior=0.6110/0.6078, KL=0.0244, CycSim post/prior=0.0690/0.0507, CycMeas=0.1017, PriorBnd post/prior=2.57e-04/9.52e-05 | Best 0.0967 | Patience 8/40
 >> Epoch 035 | Train Total=0.6273 | Val post/prior Total=0.7411/0.7866, Recon post/prior=0.6203/0.6167, KL=0.0351, CycSim post/prior=0.0916/0.0726, CycMeas=0.0994, PriorBnd post/prior=5.43e-04/9.35e-05 | Best 0.0967 | Patience 9/40
 >> Epoch 036 | Train Total=0.6267 | Val post/prior Total=0.6834/0.7271, Recon post/prior=0.5992/0.5940, KL=0.0184, CycSim post/prior=0.0637/0.0415, CycMeas=0.0995, PriorBnd post/prior=5.12e-04/1.20e-04 | Best 0.0967 | Patience 10/40
 >> Epoch 037 | Train Total=0.6268 | Val post/prior Total=0.6787/0.7199, Recon post/prior=0.5952/0.5904, KL=0.0182, CycSim post/prior=0.0630/0.0401, CycMeas=0.0969, PriorBnd post/prior=4.62e-04/1.35e-04 | Best 0.0967 | Patience 11/40
 >> Epoch 038 | Train Total=0.6255 | Val post/prior Total=0.7029/0.7516, Recon post/prior=0.6054/0.6026, KL=0.0203, CycSim post/prior=0.0750/0.0562, CycMeas=0.0976, PriorBnd post/prior=2.50e-04/9.36e-05 | Best 0.0967 | Patience 12/40
 >> Epoch 039 | Train Total=0.6230 | Val post/prior Total=0.6756/0.7160, Recon post/prior=0.5928/0.5884, KL=0.0161, CycSim post/prior=0.0632/0.0387, CycMeas=0.0967, PriorBnd post/prior=2.17e-04/1.19e-04 | Best 0.0967 | Patience 13/40
[Update] best val_cyc_meas improved to 0.096660 @ epoch 39
 >> Epoch 040 | Train Total=0.6219 | Val post/prior Total=0.6731/0.7126, Recon post/prior=0.5919/0.5863, KL=0.0174, CycSim post/prior=0.0609/0.0373, CycMeas=0.0970, PriorBnd post/prior=5.03e-04/1.28e-04 | Best 0.0967 | Patience 1/40
 >> Epoch 041 | Train Total=0.6221 | Val post/prior Total=0.6732/0.7236, Recon post/prior=0.5926/0.5888, KL=0.0152, CycSim post/prior=0.0616/0.0404, CycMeas=0.1031, PriorBnd post/prior=2.41e-04/1.13e-04 | Best 0.0967 | Patience 2/40
 >> Epoch 042 | Train Total=0.6220 | Val post/prior Total=0.7711/0.8327, Recon post/prior=0.6324/0.6311, KL=0.0351, CycSim post/prior=0.1074/0.0953, CycMeas=0.1054, PriorBnd post/prior=7.85e-05/6.59e-05 | Best 0.0967 | Patience 3/40
 >> Epoch 043 | Train Total=0.6218 | Val post/prior Total=0.6653/0.7155, Recon post/prior=0.5888/0.5856, KL=0.0150, CycSim post/prior=0.0580/0.0393, CycMeas=0.0985, PriorBnd post/prior=1.62e-04/1.16e-04 | Best 0.0967 | Patience 4/40
 >> Epoch 044 | Train Total=0.6216 | Val post/prior Total=0.6940/0.7458, Recon post/prior=0.5991/0.5961, KL=0.0188, CycSim post/prior=0.0728/0.0567, CycMeas=0.0977, PriorBnd post/prior=3.77e-04/7.82e-05 | Best 0.0967 | Patience 5/40
 >> Epoch 045 | Train Total=0.6208 | Val post/prior Total=0.6711/0.7188, Recon post/prior=0.5893/0.5861, KL=0.0155, CycSim post/prior=0.0624/0.0417, CycMeas=0.0983, PriorBnd post/prior=1.90e-04/1.12e-04 | Best 0.0967 | Patience 6/40
 >> Epoch 046 | Train Total=0.6199 | Val post/prior Total=0.6676/0.7070, Recon post/prior=0.5841/0.5789, KL=0.0173, CycSim post/prior=0.0633/0.0380, CycMeas=0.0981, PriorBnd post/prior=3.52e-04/1.37e-04 | Best 0.0967 | Patience 7/40
 >> Epoch 047 | Train Total=0.6183 | Val post/prior Total=0.6991/0.7492, Recon post/prior=0.6014/0.5975, KL=0.0213, CycSim post/prior=0.0744/0.0576, CycMeas=0.0988, PriorBnd post/prior=5.31e-04/9.43e-05 | Best 0.0967 | Patience 8/40
 >> Epoch 048 | Train Total=0.6187 | Val post/prior Total=0.6834/0.7317, Recon post/prior=0.5924/0.5896, KL=0.0169, CycSim post/prior=0.0700/0.0509, CycMeas=0.0968, PriorBnd post/prior=1.68e-04/9.81e-05 | Best 0.0967 | Patience 9/40
 >> Epoch 049 | Train Total=0.6194 | Val post/prior Total=0.6922/0.7522, Recon post/prior=0.5995/0.5976, KL=0.0168, CycSim post/prior=0.0716/0.0608, CycMeas=0.0977, PriorBnd post/prior=1.54e-04/8.43e-05 | Best 0.0967 | Patience 10/40
 >> Epoch 050 | Train Total=0.6192 | Val post/prior Total=0.6732/0.7227, Recon post/prior=0.5861/0.5818, KL=0.0180, CycSim post/prior=0.0662/0.0496, CycMeas=0.0969, PriorBnd post/prior=4.36e-04/1.12e-04 | Best 0.0967 | Patience 11/40
 >> Epoch 051 | Train Total=0.6185 | Val post/prior Total=0.6621/0.7072, Recon post/prior=0.5834/0.5781, KL=0.0144, CycSim post/prior=0.0595/0.0389, CycMeas=0.0981, PriorBnd post/prior=4.71e-04/1.14e-04 | Best 0.0967 | Patience 12/40
 >> Epoch 052 | Train Total=0.6188 | Val post/prior Total=0.6815/0.7320, Recon post/prior=0.5937/0.5910, KL=0.0204, CycSim post/prior=0.0667/0.0494, CycMeas=0.0976, PriorBnd post/prior=2.32e-04/9.63e-05 | Best 0.0967 | Patience 13/40
 >> Epoch 053 | Train Total=0.6185 | Val post/prior Total=0.6626/0.7072, Recon post/prior=0.5825/0.5780, KL=0.0141, CycSim post/prior=0.0611/0.0400, CycMeas=0.0966, PriorBnd post/prior=3.31e-04/1.12e-04 | Best 0.0967 | Patience 14/40
[Update] best val_cyc_meas improved to 0.096551 @ epoch 53
 >> Epoch 054 | Train Total=0.6179 | Val post/prior Total=0.6596/0.7028, Recon post/prior=0.5786/0.5732, KL=0.0154, CycSim post/prior=0.0616/0.0391, CycMeas=0.0982, PriorBnd post/prior=2.06e-04/1.31e-04 | Best 0.0966 | Patience 1/40
 >> Epoch 055 | Train Total=0.6169 | Val post/prior Total=0.6599/0.6978, Recon post/prior=0.5791/0.5724, KL=0.0141, CycSim post/prior=0.0607/0.0366, CycMeas=0.0968, PriorBnd post/prior=7.14e-04/1.38e-04 | Best 0.0966 | Patience 2/40
 >> Epoch 056 | Train Total=0.6179 | Val post/prior Total=0.6557/0.6998, Recon post/prior=0.5785/0.5745, KL=0.0144, CycSim post/prior=0.0586/0.0365, CycMeas=0.0969, PriorBnd post/prior=2.40e-04/1.32e-04 | Best 0.0966 | Patience 3/40
 >> Epoch 057 | Train Total=0.6184 | Val post/prior Total=0.6557/0.6953, Recon post/prior=0.5763/0.5703, KL=0.0147, CycSim post/prior=0.0602/0.0364, CycMeas=0.0964, PriorBnd post/prior=3.32e-04/1.44e-04 | Best 0.0966 | Patience 4/40
[Update] best val_cyc_meas improved to 0.096380 @ epoch 57
 >> Epoch 058 | Train Total=0.6184 | Val post/prior Total=0.6562/0.7028, Recon post/prior=0.5788/0.5731, KL=0.0140, CycSim post/prior=0.0586/0.0402, CycMeas=0.0968, PriorBnd post/prior=3.91e-04/1.26e-04 | Best 0.0964 | Patience 1/40
 >> Epoch 059 | Train Total=0.6184 | Val post/prior Total=0.6530/0.6998, Recon post/prior=0.5772/0.5716, KL=0.0154, CycSim post/prior=0.0571/0.0389, CycMeas=0.0968, PriorBnd post/prior=3.53e-04/1.27e-04 | Best 0.0964 | Patience 2/40
 >> Epoch 060 | Train Total=0.6190 | Val post/prior Total=0.6575/0.6963, Recon post/prior=0.5751/0.5693, KL=0.0158, CycSim post/prior=0.0625/0.0380, CycMeas=0.0965, PriorBnd post/prior=3.23e-04/1.51e-04 | Best 0.0964 | Patience 3/40
 >> Epoch 061 | Train Total=0.6185 | Val post/prior Total=0.6548/0.6954, Recon post/prior=0.5751/0.5691, KL=0.0146, CycSim post/prior=0.0604/0.0364, CycMeas=0.0980, PriorBnd post/prior=4.21e-04/1.48e-04 | Best 0.0964 | Patience 4/40
 >> Epoch 062 | Train Total=0.6180 | Val post/prior Total=0.6499/0.6968, Recon post/prior=0.5747/0.5697, KL=0.0134, CycSim post/prior=0.0570/0.0380, CycMeas=0.0966, PriorBnd post/prior=2.35e-04/1.34e-04 | Best 0.0964 | Patience 5/40
 >> Epoch 063 | Train Total=0.6191 | Val post/prior Total=0.6550/0.6955, Recon post/prior=0.5741/0.5684, KL=0.0136, CycSim post/prior=0.0617/0.0379, CycMeas=0.0968, PriorBnd post/prior=2.68e-04/1.44e-04 | Best 0.0964 | Patience 6/40
 >> Epoch 064 | Train Total=0.6189 | Val post/prior Total=0.6550/0.7044, Recon post/prior=0.5762/0.5720, KL=0.0140, CycSim post/prior=0.0601/0.0409, CycMeas=0.0990, PriorBnd post/prior=2.38e-04/1.25e-04 | Best 0.0964 | Patience 7/40
 >> Epoch 065 | Train Total=0.6190 | Val post/prior Total=0.6555/0.7017, Recon post/prior=0.5768/0.5721, KL=0.0145, CycSim post/prior=0.0599/0.0404, CycMeas=0.0965, PriorBnd post/prior=2.69e-04/1.30e-04 | Best 0.0964 | Patience 8/40
 >> Epoch 066 | Train Total=0.6187 | Val post/prior Total=0.6520/0.6987, Recon post/prior=0.5758/0.5717, KL=0.0140, CycSim post/prior=0.0580/0.0384, CycMeas=0.0962, PriorBnd post/prior=1.87e-04/1.24e-04 | Best 0.0964 | Patience 9/40
[Update] best val_cyc_meas improved to 0.096235 @ epoch 66
 >> Epoch 067 | Train Total=0.6201 | Val post/prior Total=0.6583/0.6915, Recon post/prior=0.5734/0.5657, KL=0.0156, CycSim post/prior=0.0639/0.0369, CycMeas=0.0966, PriorBnd post/prior=6.64e-04/1.58e-04 | Best 0.0962 | Patience 1/40
 >> Epoch 068 | Train Total=0.6205 | Val post/prior Total=0.6499/0.6955, Recon post/prior=0.5741/0.5691, KL=0.0131, CycSim post/prior=0.0578/0.0375, CycMeas=0.0967, PriorBnd post/prior=1.85e-04/1.26e-04 | Best 0.0962 | Patience 2/40
 >> Epoch 069 | Train Total=0.6204 | Val post/prior Total=0.6538/0.7032, Recon post/prior=0.5773/0.5736, KL=0.0137, CycSim post/prior=0.0583/0.0397, CycMeas=0.0976, PriorBnd post/prior=1.92e-04/1.15e-04 | Best 0.0962 | Patience 3/40
 >> Epoch 070 | Train Total=0.6204 | Val post/prior Total=0.6564/0.6930, Recon post/prior=0.5742/0.5666, KL=0.0149, CycSim post/prior=0.0606/0.0369, CycMeas=0.0973, PriorBnd post/prior=9.50e-04/1.54e-04 | Best 0.0962 | Patience 4/40
 >> Epoch 071 | Train Total=0.6206 | Val post/prior Total=0.6504/0.6910, Recon post/prior=0.5720/0.5658, KL=0.0139, CycSim post/prior=0.0594/0.0366, CycMeas=0.0964, PriorBnd post/prior=4.08e-04/1.44e-04 | Best 0.0962 | Patience 5/40
 >> Epoch 072 | Train Total=0.6217 | Val post/prior Total=0.6539/0.6927, Recon post/prior=0.5730/0.5662, KL=0.0139, CycSim post/prior=0.0612/0.0370, CycMeas=0.0976, PriorBnd post/prior=5.59e-04/1.50e-04 | Best 0.0962 | Patience 6/40
 >> Epoch 073 | Train Total=0.6217 | Val post/prior Total=0.6522/0.6996, Recon post/prior=0.5742/0.5693, KL=0.0129, CycSim post/prior=0.0596/0.0409, CycMeas=0.0965, PriorBnd post/prior=2.14e-04/1.24e-04 | Best 0.0962 | Patience 7/40
 >> Epoch 074 | Train Total=0.6228 | Val post/prior Total=0.6550/0.6938, Recon post/prior=0.5730/0.5661, KL=0.0141, CycSim post/prior=0.0620/0.0380, CycMeas=0.0973, PriorBnd post/prior=5.86e-04/1.45e-04 | Best 0.0962 | Patience 8/40
 >> Epoch 075 | Train Total=0.6221 | Val post/prior Total=0.6516/0.6985, Recon post/prior=0.5742/0.5696, KL=0.0133, CycSim post/prior=0.0590/0.0392, CycMeas=0.0972, PriorBnd post/prior=2.46e-04/1.27e-04 | Best 0.0962 | Patience 9/40
 >> Epoch 076 | Train Total=0.6226 | Val post/prior Total=0.7296/0.7837, Recon post/prior=0.6088/0.6068, KL=0.0301, CycSim post/prior=0.0931/0.0782, CycMeas=0.0998, PriorBnd post/prior=1.07e-04/7.65e-05 | Best 0.0962 | Patience 10/40
 >> Epoch 077 | Train Total=0.6230 | Val post/prior Total=0.6493/0.6930, Recon post/prior=0.5717/0.5672, KL=0.0136, CycSim post/prior=0.0590/0.0372, CycMeas=0.0963, PriorBnd post/prior=2.60e-04/1.43e-04 | Best 0.0962 | Patience 11/40
 >> Epoch 078 | Train Total=0.6236 | Val post/prior Total=0.6487/0.6916, Recon post/prior=0.5720/0.5663, KL=0.0127, CycSim post/prior=0.0585/0.0366, CycMeas=0.0965, PriorBnd post/prior=2.53e-04/1.40e-04 | Best 0.0962 | Patience 12/40
 >> Epoch 079 | Train Total=0.6247 | Val post/prior Total=0.6514/0.7004, Recon post/prior=0.5738/0.5695, KL=0.0140, CycSim post/prior=0.0591/0.0414, CycMeas=0.0964, PriorBnd post/prior=1.57e-04/1.15e-04 | Best 0.0962 | Patience 13/40
 >> Epoch 080 | Train Total=0.6253 | Val post/prior Total=0.6525/0.6908, Recon post/prior=0.5711/0.5644, KL=0.0142, CycSim post/prior=0.0618/0.0376, CycMeas=0.0964, PriorBnd post/prior=4.74e-04/1.47e-04 | Best 0.0962 | Patience 14/40
 >> Epoch 081 | Train Total=0.6250 | Val post/prior Total=0.6485/0.6936, Recon post/prior=0.5724/0.5673, KL=0.0135, CycSim post/prior=0.0579/0.0375, CycMeas=0.0966, PriorBnd post/prior=1.80e-04/1.30e-04 | Best 0.0962 | Patience 15/40
 >> Epoch 082 | Train Total=0.6264 | Val post/prior Total=0.6550/0.7040, Recon post/prior=0.5765/0.5730, KL=0.0133, CycSim post/prior=0.0600/0.0412, CycMeas=0.0970, PriorBnd post/prior=1.66e-04/1.16e-04 | Best 0.0962 | Patience 16/40
 >> Epoch 083 | Train Total=0.6268 | Val post/prior Total=0.6539/0.6918, Recon post/prior=0.5714/0.5645, KL=0.0167, CycSim post/prior=0.0624/0.0376, CycMeas=0.0976, PriorBnd post/prior=4.23e-04/1.52e-04 | Best 0.0962 | Patience 17/40
 >> Epoch 084 | Train Total=0.6271 | Val post/prior Total=0.6509/0.6980, Recon post/prior=0.5743/0.5700, KL=0.0145, CycSim post/prior=0.0582/0.0392, CycMeas=0.0962, PriorBnd post/prior=2.06e-04/1.17e-04 | Best 0.0962 | Patience 18/40
[Update] best val_cyc_meas improved to 0.096205 @ epoch 84
 >> Epoch 085 | Train Total=0.6270 | Val post/prior Total=0.6530/0.6938, Recon post/prior=0.5717/0.5660, KL=0.0143, CycSim post/prior=0.0619/0.0388, CycMeas=0.0965, PriorBnd post/prior=3.33e-04/1.38e-04 | Best 0.0962 | Patience 1/40
 >> Epoch 086 | Train Total=0.6280 | Val post/prior Total=0.6506/0.6979, Recon post/prior=0.5712/0.5662, KL=0.0132, CycSim post/prior=0.0606/0.0396, CycMeas=0.1001, PriorBnd post/prior=2.34e-04/1.39e-04 | Best 0.0962 | Patience 2/40
 >> Epoch 087 | Train Total=0.6284 | Val post/prior Total=0.6522/0.6926, Recon post/prior=0.5717/0.5662, KL=0.0128, CycSim post/prior=0.0617/0.0374, CycMeas=0.0968, PriorBnd post/prior=2.60e-04/1.40e-04 | Best 0.0962 | Patience 3/40
 >> Epoch 088 | Train Total=0.6283 | Val post/prior Total=0.6454/0.6940, Recon post/prior=0.5718/0.5675, KL=0.0124, CycSim post/prior=0.0559/0.0375, CycMeas=0.0967, PriorBnd post/prior=1.71e-04/1.36e-04 | Best 0.0962 | Patience 4/40
 >> Epoch 089 | Train Total=0.6312 | Val post/prior Total=0.6507/0.6943, Recon post/prior=0.5731/0.5680, KL=0.0136, CycSim post/prior=0.0590/0.0377, CycMeas=0.0964, PriorBnd post/prior=3.07e-04/1.23e-04 | Best 0.0962 | Patience 5/40
 >> Epoch 090 | Train Total=0.6292 | Val post/prior Total=0.6954/0.7503, Recon post/prior=0.5942/0.5920, KL=0.0220, CycSim post/prior=0.0779/0.0640, CycMeas=0.0976, PriorBnd post/prior=1.17e-04/8.33e-05 | Best 0.0962 | Patience 6/40
 >> Epoch 091 | Train Total=0.6307 | Val post/prior Total=0.6819/0.7349, Recon post/prior=0.5899/0.5871, KL=0.0175, CycSim post/prior=0.0708/0.0558, CycMeas=0.0966, PriorBnd post/prior=1.31e-04/9.08e-05 | Best 0.0962 | Patience 7/40
 >> Epoch 092 | Train Total=0.6312 | Val post/prior Total=0.6545/0.7057, Recon post/prior=0.5756/0.5727, KL=0.0139, CycSim post/prior=0.0602/0.0425, CycMeas=0.0976, PriorBnd post/prior=2.33e-04/1.25e-04 | Best 0.0962 | Patience 8/40
 >> Epoch 093 | Train Total=0.6324 | Val post/prior Total=0.6483/0.6919, Recon post/prior=0.5712/0.5664, KL=0.0128, CycSim post/prior=0.0588/0.0367, CycMeas=0.0966, PriorBnd post/prior=1.95e-04/1.34e-04 | Best 0.0962 | Patience 9/40
 >> Epoch 094 | Train Total=0.6321 | Val post/prior Total=0.6498/0.6967, Recon post/prior=0.5746/0.5691, KL=0.0134, CycSim post/prior=0.0568/0.0385, CycMeas=0.0968, PriorBnd post/prior=5.08e-04/1.14e-04 | Best 0.0962 | Patience 10/40
 >> Epoch 095 | Train Total=0.6342 | Val post/prior Total=0.6792/0.7356, Recon post/prior=0.5875/0.5850, KL=0.0159, CycSim post/prior=0.0708/0.0578, CycMeas=0.0971, PriorBnd post/prior=1.42e-04/8.82e-05 | Best 0.0962 | Patience 11/40
 >> Epoch 096 | Train Total=0.6331 | Val post/prior Total=0.6504/0.6976, Recon post/prior=0.5730/0.5694, KL=0.0129, CycSim post/prior=0.0591/0.0392, CycMeas=0.0964, PriorBnd post/prior=1.73e-04/1.34e-04 | Best 0.0962 | Patience 12/40
 >> Epoch 097 | Train Total=0.6345 | Val post/prior Total=0.6543/0.7009, Recon post/prior=0.5746/0.5698, KL=0.0138, CycSim post/prior=0.0609/0.0412, CycMeas=0.0971, PriorBnd post/prior=2.94e-04/1.19e-04 | Best 0.0962 | Patience 13/40
 >> Epoch 098 | Train Total=0.6341 | Val post/prior Total=0.6668/0.7173, Recon post/prior=0.5806/0.5777, KL=0.0166, CycSim post/prior=0.0660/0.0491, CycMeas=0.0961, PriorBnd post/prior=1.29e-04/1.10e-04 | Best 0.0962 | Patience 14/40
[Update] best val_cyc_meas improved to 0.096074 @ epoch 98
 >> Epoch 099 | Train Total=0.6348 | Val post/prior Total=0.6477/0.6921, Recon post/prior=0.5701/0.5655, KL=0.0139, CycSim post/prior=0.0590/0.0376, CycMeas=0.0968, PriorBnd post/prior=2.49e-04/1.36e-04 | Best 0.0961 | Patience 1/40
 >> Epoch 100 | Train Total=0.6347 | Val post/prior Total=0.6536/0.7030, Recon post/prior=0.5750/0.5722, KL=0.0135, CycSim post/prior=0.0601/0.0415, CycMeas=0.0964, PriorBnd post/prior=1.50e-04/1.23e-04 | Best 0.0961 | Patience 2/40
 >> Epoch 101 | Train Total=0.6364 | Val post/prior Total=0.6952/0.7464, Recon post/prior=0.5952/0.5916, KL=0.0217, CycSim post/prior=0.0770/0.0615, CycMeas=0.0971, PriorBnd post/prior=1.42e-04/9.87e-05 | Best 0.0961 | Patience 3/40
 >> Epoch 102 | Train Total=0.6362 | Val post/prior Total=0.6480/0.6917, Recon post/prior=0.5703/0.5649, KL=0.0133, CycSim post/prior=0.0590/0.0377, CycMeas=0.0967, PriorBnd post/prior=3.57e-04/1.41e-04 | Best 0.0961 | Patience 4/40
 >> Epoch 103 | Train Total=0.6377 | Val post/prior Total=0.6522/0.6958, Recon post/prior=0.5736/0.5674, KL=0.0138, CycSim post/prior=0.0595/0.0392, CycMeas=0.0967, PriorBnd post/prior=5.20e-04/1.28e-04 | Best 0.0961 | Patience 5/40
 >> Epoch 104 | Train Total=0.6389 | Val post/prior Total=0.6503/0.6919, Recon post/prior=0.5718/0.5655, KL=0.0125, CycSim post/prior=0.0599/0.0372, CycMeas=0.0971, PriorBnd post/prior=3.50e-04/1.34e-04 | Best 0.0961 | Patience 6/40
 >> Epoch 105 | Train Total=0.6395 | Val post/prior Total=0.6474/0.6905, Recon post/prior=0.5709/0.5654, KL=0.0142, CycSim post/prior=0.0580/0.0367, CycMeas=0.0961, PriorBnd post/prior=3.04e-04/1.44e-04 | Best 0.0961 | Patience 7/40
 >> Epoch 106 | Train Total=0.6393 | Val post/prior Total=0.6528/0.6930, Recon post/prior=0.5711/0.5656, KL=0.0136, CycSim post/prior=0.0623/0.0384, CycMeas=0.0965, PriorBnd post/prior=4.06e-04/1.47e-04 | Best 0.0961 | Patience 8/40
 >> Epoch 107 | Train Total=0.6404 | Val post/prior Total=0.6466/0.6940, Recon post/prior=0.5719/0.5674, KL=0.0127, CycSim post/prior=0.0569/0.0380, CycMeas=0.0963, PriorBnd post/prior=1.50e-04/1.25e-04 | Best 0.0961 | Patience 9/40
 >> Epoch 108 | Train Total=0.6404 | Val post/prior Total=0.6465/0.6892, Recon post/prior=0.5702/0.5650, KL=0.0138, CycSim post/prior=0.0578/0.0358, CycMeas=0.0962, PriorBnd post/prior=2.90e-04/1.45e-04 | Best 0.0961 | Patience 10/40
 >> Epoch 109 | Train Total=0.6415 | Val post/prior Total=0.6484/0.6951, Recon post/prior=0.5721/0.5671, KL=0.0116, CycSim post/prior=0.0584/0.0391, CycMeas=0.0963, PriorBnd post/prior=1.53e-04/1.27e-04 | Best 0.0961 | Patience 11/40
 >> Epoch 110 | Train Total=0.6414 | Val post/prior Total=0.6561/0.7033, Recon post/prior=0.5748/0.5708, KL=0.0139, CycSim post/prior=0.0622/0.0428, CycMeas=0.0965, PriorBnd post/prior=2.42e-04/1.20e-04 | Best 0.0961 | Patience 12/40
 >> Epoch 111 | Train Total=0.6411 | Val post/prior Total=0.6514/0.6944, Recon post/prior=0.5715/0.5662, KL=0.0143, CycSim post/prior=0.0608/0.0393, CycMeas=0.0962, PriorBnd post/prior=2.64e-04/1.36e-04 | Best 0.0961 | Patience 13/40
 >> Epoch 112 | Train Total=0.6409 | Val post/prior Total=0.6503/0.6981, Recon post/prior=0.5734/0.5690, KL=0.0131, CycSim post/prior=0.0585/0.0400, CycMeas=0.0964, PriorBnd post/prior=3.27e-04/1.32e-04 | Best 0.0961 | Patience 14/40
 >> Epoch 113 | Train Total=0.6422 | Val post/prior Total=0.6501/0.6916, Recon post/prior=0.5703/0.5648, KL=0.0144, CycSim post/prior=0.0603/0.0374, CycMeas=0.0972, PriorBnd post/prior=4.58e-04/1.52e-04 | Best 0.0961 | Patience 15/40
 >> Epoch 114 | Train Total=0.6402 | Val post/prior Total=0.6489/0.6943, Recon post/prior=0.5708/0.5662, KL=0.0147, CycSim post/prior=0.0592/0.0380, CycMeas=0.0980, PriorBnd post/prior=2.83e-04/1.47e-04 | Best 0.0961 | Patience 16/40
 >> Epoch 115 | Train Total=0.6429 | Val post/prior Total=0.6653/0.7173, Recon post/prior=0.5801/0.5764, KL=0.0178, CycSim post/prior=0.0648/0.0496, CycMeas=0.0969, PriorBnd post/prior=2.76e-04/1.07e-04 | Best 0.0961 | Patience 17/40
 >> Epoch 116 | Train Total=0.6417 | Val post/prior Total=0.6474/0.6930, Recon post/prior=0.5711/0.5668, KL=0.0127, CycSim post/prior=0.0581/0.0375, CycMeas=0.0963, PriorBnd post/prior=1.89e-04/1.40e-04 | Best 0.0961 | Patience 18/40
 >> Epoch 117 | Train Total=0.6409 | Val post/prior Total=0.6513/0.6987, Recon post/prior=0.5741/0.5700, KL=0.0137, CycSim post/prior=0.0589/0.0391, CycMeas=0.0974, PriorBnd post/prior=1.98e-04/1.16e-04 | Best 0.0961 | Patience 19/40
 >> Epoch 118 | Train Total=0.6409 | Val post/prior Total=0.6523/0.6919, Recon post/prior=0.5713/0.5651, KL=0.0141, CycSim post/prior=0.0613/0.0380, CycMeas=0.0963, PriorBnd post/prior=5.32e-04/1.45e-04 | Best 0.0961 | Patience 20/40
 >> Epoch 119 | Train Total=0.6410 | Val post/prior Total=0.6498/0.6937, Recon post/prior=0.5721/0.5669, KL=0.0140, CycSim post/prior=0.0591/0.0381, CycMeas=0.0963, PriorBnd post/prior=3.17e-04/1.19e-04 | Best 0.0961 | Patience 21/40
 >> Epoch 120 | Train Total=0.6425 | Val post/prior Total=0.6455/0.6932, Recon post/prior=0.5710/0.5667, KL=0.0145, CycSim post/prior=0.0564/0.0371, CycMeas=0.0975, PriorBnd post/prior=1.88e-04/1.35e-04 | Best 0.0961 | Patience 22/40
 >> Epoch 121 | Train Total=0.6423 | Val post/prior Total=0.6542/0.7033, Recon post/prior=0.5744/0.5707, KL=0.0122, CycSim post/prior=0.0613/0.0424, CycMeas=0.0973, PriorBnd post/prior=1.49e-04/1.34e-04 | Best 0.0961 | Patience 23/40
 >> Epoch 122 | Train Total=0.6420 | Val post/prior Total=0.6467/0.6915, Recon post/prior=0.5708/0.5655, KL=0.0129, CycSim post/prior=0.0577/0.0369, CycMeas=0.0969, PriorBnd post/prior=1.70e-04/1.32e-04 | Best 0.0961 | Patience 24/40
 >> Epoch 123 | Train Total=0.6412 | Val post/prior Total=0.6512/0.6991, Recon post/prior=0.5740/0.5690, KL=0.0133, CycSim post/prior=0.0584/0.0409, CycMeas=0.0962, PriorBnd post/prior=5.05e-04/1.24e-04 | Best 0.0961 | Patience 25/40
 >> Epoch 124 | Train Total=0.6413 | Val post/prior Total=0.6727/0.7222, Recon post/prior=0.5825/0.5792, KL=0.0190, CycSim post/prior=0.0689/0.0518, CycMeas=0.0964, PriorBnd post/prior=1.05e-04/1.01e-04 | Best 0.0961 | Patience 26/40
 >> Epoch 125 | Train Total=0.6420 | Val post/prior Total=0.6483/0.6957, Recon post/prior=0.5709/0.5664, KL=0.0133, CycSim post/prior=0.0589/0.0387, CycMeas=0.0985, PriorBnd post/prior=1.50e-04/1.36e-04 | Best 0.0961 | Patience 27/40
 >> Epoch 126 | Train Total=0.6415 | Val post/prior Total=0.6428/0.6913, Recon post/prior=0.5704/0.5662, KL=0.0121, CycSim post/prior=0.0549/0.0367, CycMeas=0.0961, PriorBnd post/prior=1.96e-04/1.34e-04 | Best 0.0961 | Patience 28/40
 >> Epoch 127 | Train Total=0.6410 | Val post/prior Total=0.6494/0.6923, Recon post/prior=0.5718/0.5656, KL=0.0145, CycSim post/prior=0.0588/0.0378, CycMeas=0.0965, PriorBnd post/prior=4.00e-04/1.38e-04 | Best 0.0961 | Patience 29/40
 >> Epoch 128 | Train Total=0.6391 | Val post/prior Total=0.6649/0.7169, Recon post/prior=0.5811/0.5785, KL=0.0157, CycSim post/prior=0.0641/0.0476, CycMeas=0.0968, PriorBnd post/prior=1.11e-04/9.27e-05 | Best 0.0961 | Patience 30/40
 >> Epoch 129 | Train Total=0.6415 | Val post/prior Total=0.6486/0.6934, Recon post/prior=0.5719/0.5667, KL=0.0151, CycSim post/prior=0.0578/0.0376, CycMeas=0.0968, PriorBnd post/prior=4.48e-04/1.35e-04 | Best 0.0961 | Patience 31/40
 >> Epoch 130 | Train Total=0.6406 | Val post/prior Total=0.6486/0.6965, Recon post/prior=0.5723/0.5677, KL=0.0135, CycSim post/prior=0.0581/0.0393, CycMeas=0.0970, PriorBnd post/prior=2.49e-04/1.19e-04 | Best 0.0961 | Patience 32/40
 >> Epoch 131 | Train Total=0.6416 | Val post/prior Total=0.6487/0.6907, Recon post/prior=0.5715/0.5661, KL=0.0128, CycSim post/prior=0.0588/0.0363, CycMeas=0.0961, PriorBnd post/prior=3.55e-04/1.36e-04 | Best 0.0961 | Patience 33/40
 >> Epoch 132 | Train Total=0.6405 | Val post/prior Total=0.6481/0.6922, Recon post/prior=0.5702/0.5652, KL=0.0130, CycSim post/prior=0.0594/0.0372, CycMeas=0.0977, PriorBnd post/prior=2.33e-04/1.45e-04 | Best 0.0961 | Patience 34/40
 >> Epoch 133 | Train Total=0.6406 | Val post/prior Total=0.6525/0.6955, Recon post/prior=0.5724/0.5671, KL=0.0161, CycSim post/prior=0.0599/0.0392, CycMeas=0.0966, PriorBnd post/prior=5.30e-04/1.33e-04 | Best 0.0961 | Patience 35/40
 >> Epoch 134 | Train Total=0.6414 | Val post/prior Total=0.6474/0.6889, Recon post/prior=0.5697/0.5641, KL=0.0131, CycSim post/prior=0.0588/0.0364, CycMeas=0.0963, PriorBnd post/prior=4.34e-04/1.46e-04 | Best 0.0961 | Patience 36/40
 >> Epoch 135 | Train Total=0.6421 | Val post/prior Total=0.6748/0.7283, Recon post/prior=0.5849/0.5825, KL=0.0169, CycSim post/prior=0.0691/0.0541, CycMeas=0.0965, PriorBnd post/prior=1.67e-04/9.80e-05 | Best 0.0961 | Patience 37/40
 >> Epoch 136 | Train Total=0.6407 | Val post/prior Total=0.6517/0.6906, Recon post/prior=0.5707/0.5643, KL=0.0145, CycSim post/prior=0.0611/0.0376, CycMeas=0.0963, PriorBnd post/prior=5.41e-04/1.50e-04 | Best 0.0961 | Patience 38/40
 >> Epoch 137 | Train Total=0.6420 | Val post/prior Total=0.6563/0.7027, Recon post/prior=0.5755/0.5715, KL=0.0138, CycSim post/prior=0.0617/0.0419, CycMeas=0.0962, PriorBnd post/prior=3.60e-04/1.20e-04 | Best 0.0961 | Patience 39/40
 >> Epoch 138 | Train Total=0.6418 | Val post/prior Total=0.6464/0.6964, Recon post/prior=0.5732/0.5694, KL=0.0120, CycSim post/prior=0.0557/0.0384, CycMeas=0.0962, PriorBnd post/prior=2.17e-04/1.33e-04 | Best 0.0961 | Patience 40/40
[EarlyStop] at epoch 138
[Diag] Start to calcaulte diag in test preocess... 
[Diag] wrote 28930 rows to temp_Bidi_cvae\cvae_20251119-131433\diag_test.csv
[Diag] proxy_floor_ps  P50=0.0095  P90=0.0228  P95=0.0348  P99=0.2440
[Test] prior total=0.715063 | prior recon=0.576723 | kl=0.013763 | prior cyc_sim=0.048071 | cyc_meas=0.096135 | prior_l2=0.374742 | prior_bnd=0.000054 | 
