[log] tee initialized at 2025-11-27 23:57:08 -> temp_Unidi_cvae_14param_2channel\cvae_20251127-235708\train.log
[Data] Warning: Single measurement sample detected. Duplicating to N=2 for BatchNorm compatibility.
[Info] Loading dual proxies from temp_Unidi_cvae_14param_2channel/proxy_dual
[L_trust] using 20000 ref rows from temp_Unidi_cvae_14param_2channel/proxy_dual\proxy_Ytr_norm.npy
D:\Miniconda\envs\DL\Lib\site-packages\torch\optim\lr_scheduler.py:182: UserWarning: Detected call of `lr_scheduler.step()` before `optimizer.step()`. In PyTorch 1.1.0 and later, you should call them in the opposite order: `optimizer.step()` before `lr_scheduler.step()`.  Failure to do this will result in PyTorch skipping the first value of the learning rate schedule. See more details at https://pytorch.org/docs/stable/optim.html#how-to-adjust-learning-rate
  warnings.warn(
 >> Epoch 001 | Train Total=12.3264 | Val post/prior Total=6.9809/6.1617, Recon post/prior=0.9631/0.9484, KL=2.8062, | CycSim post total/iv/gm=0.4607/0.2060/0.2546, | CycSim prior total/iv/gm=0.5205/0.2341/0.2864, | CycMeas total/iv/gm=0.3647/0.1575/0.2071, | PriorBnd post/prior=2.54e-03/2.49e-03 | Best inf | Patience 1/40
[Update] best val_total_post improved to 6.980864 @ epoch 1
 >> Epoch 002 | Train Total=6.8031 | Val post/prior Total=5.2090/4.0857, Recon post/prior=0.9588/0.9486, KL=1.9615, | CycSim post total/iv/gm=0.3261/0.1434/0.1828, | CycSim prior total/iv/gm=0.3128/0.1404/0.1725, | CycMeas total/iv/gm=0.3521/0.1513/0.2008, | PriorBnd post/prior=2.51e-03/2.36e-03 | Best 6.9809 | Patience 1/40
[Update] best val_total_post improved to 5.209034 @ epoch 2
 >> Epoch 003 | Train Total=5.9324 | Val post/prior Total=5.6404/4.4714, Recon post/prior=0.9696/0.9695, KL=2.2694, | CycSim post total/iv/gm=0.3526/0.1614/0.1912, | CycSim prior total/iv/gm=0.3491/0.1610/0.1881, | CycMeas total/iv/gm=0.3762/0.1707/0.2054, | PriorBnd post/prior=2.51e-03/2.42e-03 | Best 5.2090 | Patience 1/40
 >> Epoch 004 | Train Total=5.5543 | Val post/prior Total=4.9119/3.6378, Recon post/prior=0.9639/0.9656, KL=1.4282, | CycSim post total/iv/gm=0.3225/0.1436/0.1788, | CycSim prior total/iv/gm=0.2661/0.1182/0.1479, | CycMeas total/iv/gm=0.3482/0.1529/0.1954, | PriorBnd post/prior=2.45e-03/2.38e-03 | Best 5.2090 | Patience 2/40
[Update] best val_total_post improved to 4.911871 @ epoch 4
 >> Epoch 005 | Train Total=5.3173 | Val post/prior Total=4.7185/3.3326, Recon post/prior=0.9659/0.9762, KL=1.6739, | CycSim post total/iv/gm=0.2906/0.1285/0.1621, | CycSim prior total/iv/gm=0.2345/0.1054/0.1291, | CycMeas total/iv/gm=0.3523/0.1574/0.1949, | PriorBnd post/prior=2.31e-03/2.21e-03 | Best 4.9119 | Patience 1/40
[Update] best val_total_post improved to 4.718520 @ epoch 5
 >> Epoch 006 | Train Total=5.0826 | Val post/prior Total=4.6461/3.7365, Recon post/prior=0.9585/0.9694, KL=1.4587, | CycSim post total/iv/gm=0.2949/0.1306/0.1642, | CycSim prior total/iv/gm=0.2755/0.1217/0.1539, | CycMeas total/iv/gm=0.3431/0.1514/0.1917, | PriorBnd post/prior=2.06e-03/1.93e-03 | Best 4.7185 | Patience 1/40
[Update] best val_total_post improved to 4.646125 @ epoch 6
 >> Epoch 007 | Train Total=4.9525 | Val post/prior Total=5.4562/4.4641, Recon post/prior=0.9479/0.9592, KL=1.1950, | CycSim post total/iv/gm=0.3902/0.1732/0.2169, | CycSim prior total/iv/gm=0.3493/0.1543/0.1951, | CycMeas total/iv/gm=0.3145/0.1365/0.1781, | PriorBnd post/prior=1.97e-03/1.85e-03 | Best 4.6461 | Patience 1/40
 >> Epoch 008 | Train Total=4.8531 | Val post/prior Total=4.6546/3.8361, Recon post/prior=0.9612/0.9733, KL=1.3116, | CycSim post total/iv/gm=0.3028/0.1337/0.1691, | CycSim prior total/iv/gm=0.2850/0.1252/0.1598, | CycMeas total/iv/gm=0.3148/0.1406/0.1742, | PriorBnd post/prior=1.98e-03/1.85e-03 | Best 4.6461 | Patience 2/40
 >> Epoch 009 | Train Total=4.7075 | Val post/prior Total=4.6518/3.8098, Recon post/prior=0.9396/0.9529, KL=1.3412, | CycSim post total/iv/gm=0.3033/0.1371/0.1662, | CycSim prior total/iv/gm=0.2846/0.1293/0.1553, | CycMeas total/iv/gm=0.2921/0.1366/0.1555, | PriorBnd post/prior=1.75e-03/1.70e-03 | Best 4.6461 | Patience 3/40
 >> Epoch 010 | Train Total=4.6323 | Val post/prior Total=4.3668/3.4081, Recon post/prior=0.9410/0.9593, KL=1.5572, | CycSim post total/iv/gm=0.2639/0.1143/0.1495, | CycSim prior total/iv/gm=0.2437/0.1050/0.1387, | CycMeas total/iv/gm=0.2601/0.1254/0.1347, | PriorBnd post/prior=1.70e-03/1.66e-03 | Best 4.6461 | Patience 4/40
[Update] best val_total_post improved to 4.366759 @ epoch 10
 >> Epoch 011 | Train Total=4.4914 | Val post/prior Total=4.0281/3.2817, Recon post/prior=0.9433/0.9597, KL=1.4633, | CycSim post total/iv/gm=0.2345/0.1025/0.1320, | CycSim prior total/iv/gm=0.2311/0.0986/0.1324, | CycMeas total/iv/gm=0.2412/0.1149/0.1263, | PriorBnd post/prior=1.60e-03/1.55e-03 | Best 4.3668 | Patience 1/40
[Update] best val_total_post improved to 4.028102 @ epoch 11
 >> Epoch 012 | Train Total=4.4504 | Val post/prior Total=3.8181/2.7998, Recon post/prior=0.9572/0.9790, KL=1.6971, | CycSim post total/iv/gm=0.2003/0.0857/0.1147, | CycSim prior total/iv/gm=0.1808/0.0774/0.1034, | CycMeas total/iv/gm=0.2617/0.1243/0.1375, | PriorBnd post/prior=1.97e-03/1.81e-03 | Best 4.0281 | Patience 1/40
[Update] best val_total_post improved to 3.818120 @ epoch 12
 >> Epoch 013 | Train Total=4.4241 | Val post/prior Total=4.9734/4.1342, Recon post/prior=0.9397/0.9608, KL=1.4576, | CycSim post total/iv/gm=0.3297/0.1444/0.1853, | CycSim prior total/iv/gm=0.3162/0.1364/0.1798, | CycMeas total/iv/gm=0.2510/0.1132/0.1377, | PriorBnd post/prior=1.57e-03/1.52e-03 | Best 3.8181 | Patience 1/40
 >> Epoch 014 | Train Total=4.3635 | Val post/prior Total=4.1209/3.2320, Recon post/prior=0.9382/0.9613, KL=1.6417, | CycSim post total/iv/gm=0.2354/0.1028/0.1327, | CycSim prior total/iv/gm=0.2260/0.0977/0.1283, | CycMeas total/iv/gm=0.1907/0.0905/0.1002, | PriorBnd post/prior=1.57e-03/1.44e-03 | Best 3.8181 | Patience 2/40
 >> Epoch 015 | Train Total=4.3548 | Val post/prior Total=5.4098/4.3137, Recon post/prior=0.9310/0.9527, KL=2.1827, | CycSim post total/iv/gm=0.3380/0.1483/0.1897, | CycSim prior total/iv/gm=0.3350/0.1456/0.1895, | CycMeas total/iv/gm=0.2076/0.0998/0.1078, | PriorBnd post/prior=1.46e-03/1.47e-03 | Best 3.8181 | Patience 3/40
 >> Epoch 016 | Train Total=4.4185 | Val post/prior Total=4.9611/3.6312, Recon post/prior=0.9252/0.9468, KL=2.3462, | CycSim post total/iv/gm=0.2856/0.1245/0.1611, | CycSim prior total/iv/gm=0.2674/0.1147/0.1527, | CycMeas total/iv/gm=0.1815/0.0902/0.0914, | PriorBnd post/prior=1.41e-03/1.45e-03 | Best 3.8181 | Patience 4/40
 >> Epoch 017 | Train Total=4.3413 | Val post/prior Total=4.9276/3.7470, Recon post/prior=0.9206/0.9434, KL=2.2652, | CycSim post total/iv/gm=0.2868/0.1263/0.1605, | CycSim prior total/iv/gm=0.2794/0.1207/0.1587, | CycMeas total/iv/gm=0.1568/0.0808/0.0760, | PriorBnd post/prior=1.26e-03/1.39e-03 | Best 3.8181 | Patience 5/40
 >> Epoch 018 | Train Total=4.1999 | Val post/prior Total=4.3231/3.0956, Recon post/prior=0.9120/0.9323, KL=2.4606, | CycSim post total/iv/gm=0.2175/0.0940/0.1234, | CycSim prior total/iv/gm=0.2154/0.0920/0.1234, | CycMeas total/iv/gm=0.2245/0.1142/0.1103, | PriorBnd post/prior=1.08e-03/1.18e-03 | Best 3.8181 | Patience 6/40
 >> Epoch 019 | Train Total=4.1196 | Val post/prior Total=5.6708/4.5784, Recon post/prior=0.9171/0.9359, KL=2.5639, | CycSim post total/iv/gm=0.3466/0.1467/0.1999, | CycSim prior total/iv/gm=0.3633/0.1518/0.2115, | CycMeas total/iv/gm=0.1445/0.0777/0.0668, | PriorBnd post/prior=1.24e-03/1.33e-03 | Best 3.8181 | Patience 7/40
 >> Epoch 020 | Train Total=4.1614 | Val post/prior Total=6.1481/5.0461, Recon post/prior=0.8984/0.9163, KL=2.2761, | CycSim post total/iv/gm=0.4106/0.1758/0.2348, | CycSim prior total/iv/gm=0.4122/0.1752/0.2370, | CycMeas total/iv/gm=0.1355/0.0731/0.0624, | PriorBnd post/prior=8.48e-04/1.02e-03 | Best 3.8181 | Patience 8/40
 >> Epoch 021 | Train Total=4.0713 | Val post/prior Total=5.1271/3.8266, Recon post/prior=0.8994/0.9190, KL=2.2913, | CycSim post total/iv/gm=0.3077/0.1310/0.1766, | CycSim prior total/iv/gm=0.2900/0.1226/0.1673, | CycMeas total/iv/gm=0.1405/0.0759/0.0646, | PriorBnd post/prior=5.44e-04/8.00e-04 | Best 3.8181 | Patience 9/40
 >> Epoch 022 | Train Total=4.0350 | Val post/prior Total=4.4595/3.1547, Recon post/prior=0.8887/0.9075, KL=2.3447, | CycSim post total/iv/gm=0.2394/0.1045/0.1349, | CycSim prior total/iv/gm=0.2240/0.0978/0.1262, | CycMeas total/iv/gm=0.1206/0.0658/0.0548, | PriorBnd post/prior=6.10e-04/8.38e-04 | Best 3.8181 | Patience 10/40
 >> Epoch 023 | Train Total=3.9441 | Val post/prior Total=5.6919/4.1367, Recon post/prior=0.8784/0.8941, KL=2.6257, | CycSim post total/iv/gm=0.3496/0.1498/0.1998, | CycSim prior total/iv/gm=0.3235/0.1375/0.1860, | CycMeas total/iv/gm=0.1566/0.0828/0.0737, | PriorBnd post/prior=2.84e-04/5.04e-04 | Best 3.8181 | Patience 11/40
 >> Epoch 024 | Train Total=3.9300 | Val post/prior Total=5.2405/3.9163, Recon post/prior=0.8846/0.8997, KL=2.6562, | CycSim post total/iv/gm=0.3023/0.1325/0.1698, | CycSim prior total/iv/gm=0.3009/0.1317/0.1692, | CycMeas total/iv/gm=0.1532/0.0835/0.0697, | PriorBnd post/prior=3.09e-04/5.27e-04 | Best 3.8181 | Patience 12/40
 >> Epoch 025 | Train Total=3.9881 | Val post/prior Total=4.1598/2.9209, Recon post/prior=0.8805/0.8957, KL=2.4505, | CycSim post total/iv/gm=0.2049/0.0889/0.1161, | CycSim prior total/iv/gm=0.2017/0.0865/0.1152, | CycMeas total/iv/gm=0.1630/0.0875/0.0756, | PriorBnd post/prior=8.42e-05/2.16e-04 | Best 3.8181 | Patience 13/40
 >> Epoch 026 | Train Total=3.9415 | Val post/prior Total=4.5710/3.0391, Recon post/prior=0.8882/0.9042, KL=2.7046, | CycSim post total/iv/gm=0.2326/0.1029/0.1297, | CycSim prior total/iv/gm=0.2127/0.0941/0.1186, | CycMeas total/iv/gm=0.1185/0.0655/0.0530, | PriorBnd post/prior=2.79e-04/4.61e-04 | Best 3.8181 | Patience 14/40
 >> Epoch 027 | Train Total=3.9403 | Val post/prior Total=5.8102/4.4081, Recon post/prior=0.8759/0.8903, KL=2.9148, | CycSim post total/iv/gm=0.3472/0.1438/0.2034, | CycSim prior total/iv/gm=0.3511/0.1456/0.2055, | CycMeas total/iv/gm=0.1213/0.0643/0.0569, | PriorBnd post/prior=6.54e-05/9.26e-05 | Best 3.8181 | Patience 15/40
 >> Epoch 028 | Train Total=4.0248 | Val post/prior Total=6.2658/4.5766, Recon post/prior=0.8773/0.8954, KL=3.6492, | CycSim post total/iv/gm=0.3559/0.1499/0.2060, | CycSim prior total/iv/gm=0.3674/0.1544/0.2129, | CycMeas total/iv/gm=0.1111/0.0497/0.0615, | PriorBnd post/prior=2.32e-04/3.78e-04 | Best 3.8181 | Patience 16/40
 >> Epoch 029 | Train Total=4.0163 | Val post/prior Total=5.0476/3.6398, Recon post/prior=0.8823/0.9013, KL=2.7869, | CycSim post total/iv/gm=0.2767/0.1209/0.1558, | CycSim prior total/iv/gm=0.2731/0.1189/0.1541, | CycMeas total/iv/gm=0.1269/0.0701/0.0568, | PriorBnd post/prior=1.33e-04/2.36e-04 | Best 3.8181 | Patience 17/40
 >> Epoch 030 | Train Total=3.9852 | Val post/prior Total=6.9722/5.2069, Recon post/prior=0.8918/0.9115, KL=3.5999, | CycSim post total/iv/gm=0.4275/0.1814/0.2461, | CycSim prior total/iv/gm=0.4287/0.1810/0.2476, | CycMeas total/iv/gm=0.1355/0.0746/0.0609, | PriorBnd post/prior=4.51e-04/5.88e-04 | Best 3.8181 | Patience 18/40
 >> Epoch 031 | Train Total=4.1087 | Val post/prior Total=5.1714/3.5703, Recon post/prior=0.8789/0.8975, KL=2.9736, | CycSim post total/iv/gm=0.2801/0.1147/0.1654, | CycSim prior total/iv/gm=0.2665/0.1077/0.1587, | CycMeas total/iv/gm=0.1240/0.0616/0.0624, | PriorBnd post/prior=1.12e-04/1.78e-04 | Best 3.8181 | Patience 19/40
 >> Epoch 032 | Train Total=3.9679 | Val post/prior Total=4.7969/2.8549, Recon post/prior=0.8919/0.9088, KL=3.7069, | CycSim post total/iv/gm=0.2046/0.0868/0.1178, | CycSim prior total/iv/gm=0.1937/0.0832/0.1105, | CycMeas total/iv/gm=0.1432/0.0810/0.0623, | PriorBnd post/prior=3.85e-04/4.96e-04 | Best 3.8181 | Patience 20/40
 >> Epoch 033 | Train Total=3.8658 | Val post/prior Total=4.8428/3.3006, Recon post/prior=0.8789/0.8948, KL=3.0741, | CycSim post total/iv/gm=0.2422/0.1027/0.1395, | CycSim prior total/iv/gm=0.2397/0.0998/0.1398, | CycMeas total/iv/gm=0.1646/0.0822/0.0824, | PriorBnd post/prior=1.08e-04/1.52e-04 | Best 3.8181 | Patience 21/40
 >> Epoch 034 | Train Total=3.8358 | Val post/prior Total=5.4959/3.5683, Recon post/prior=0.8912/0.9150, KL=3.7276, | CycSim post total/iv/gm=0.2736/0.1141/0.1595, | CycSim prior total/iv/gm=0.2644/0.1077/0.1567, | CycMeas total/iv/gm=0.1431/0.0713/0.0718, | PriorBnd post/prior=1.15e-04/1.09e-04 | Best 3.8181 | Patience 22/40
 >> Epoch 035 | Train Total=3.7948 | Val post/prior Total=6.2738/4.2841, Recon post/prior=0.8890/0.9150, KL=4.1306, | CycSim post total/iv/gm=0.3314/0.1463/0.1851, | CycSim prior total/iv/gm=0.3359/0.1466/0.1893, | CycMeas total/iv/gm=0.1655/0.0897/0.0758, | PriorBnd post/prior=8.93e-05/1.17e-04 | Best 3.8181 | Patience 23/40
 >> Epoch 036 | Train Total=3.8236 | Val post/prior Total=5.6360/3.7767, Recon post/prior=0.8830/0.9069, KL=3.9946, | CycSim post total/iv/gm=0.2751/0.1139/0.1612, | CycSim prior total/iv/gm=0.2860/0.1168/0.1693, | CycMeas total/iv/gm=0.1476/0.0674/0.0802, | PriorBnd post/prior=1.08e-04/1.71e-04 | Best 3.8181 | Patience 24/40
 >> Epoch 037 | Train Total=3.7340 | Val post/prior Total=5.2575/3.1391, Recon post/prior=0.8858/0.9044, KL=4.1603, | CycSim post total/iv/gm=0.2286/0.0966/0.1320, | CycSim prior total/iv/gm=0.2225/0.0921/0.1304, | CycMeas total/iv/gm=0.1441/0.0706/0.0735, | PriorBnd post/prior=9.60e-05/2.96e-04 | Best 3.8181 | Patience 25/40
 >> Epoch 038 | Train Total=3.5820 | Val post/prior Total=5.5705/3.2000, Recon post/prior=0.8769/0.9024, KL=4.8134, | CycSim post total/iv/gm=0.2282/0.0960/0.1322, | CycSim prior total/iv/gm=0.2287/0.0947/0.1341, | CycMeas total/iv/gm=0.1704/0.0860/0.0845, | PriorBnd post/prior=4.64e-05/6.45e-05 | Best 3.8181 | Patience 26/40
 >> Epoch 039 | Train Total=3.5844 | Val post/prior Total=6.3827/4.2134, Recon post/prior=0.8859/0.9102, KL=4.6436, | CycSim post total/iv/gm=0.3170/0.1307/0.1862, | CycSim prior total/iv/gm=0.3293/0.1344/0.1949, | CycMeas total/iv/gm=0.1455/0.0631/0.0823, | PriorBnd post/prior=2.68e-04/4.26e-04 | Best 3.8181 | Patience 27/40
 >> Epoch 040 | Train Total=3.9086 | Val post/prior Total=6.9870/4.8716, Recon post/prior=0.8804/0.9084, KL=4.3714, | CycSim post total/iv/gm=0.3916/0.1606/0.2310, | CycSim prior total/iv/gm=0.3953/0.1606/0.2347, | CycMeas total/iv/gm=0.1576/0.0752/0.0824, | PriorBnd post/prior=4.77e-05/6.50e-05 | Best 3.8181 | Patience 28/40
 >> Epoch 041 | Train Total=3.7780 | Val post/prior Total=4.6824/2.7946, Recon post/prior=0.8841/0.9071, KL=3.6028, | CycSim post total/iv/gm=0.1992/0.0846/0.1146, | CycSim prior total/iv/gm=0.1876/0.0802/0.1075, | CycMeas total/iv/gm=0.1982/0.1012/0.0969, | PriorBnd post/prior=4.86e-05/1.07e-04 | Best 3.8181 | Patience 29/40
 >> Epoch 042 | Train Total=3.6979 | Val post/prior Total=5.5282/3.7659, Recon post/prior=0.8657/0.8863, KL=3.4680, | CycSim post total/iv/gm=0.2924/0.1208/0.1716, | CycSim prior total/iv/gm=0.2868/0.1165/0.1703, | CycMeas total/iv/gm=0.2181/0.0978/0.1202, | PriorBnd post/prior=3.87e-05/8.90e-05 | Best 3.8181 | Patience 30/40
 >> Epoch 043 | Train Total=3.7070 | Val post/prior Total=4.7787/2.6704, Recon post/prior=0.9014/0.9351, KL=4.0970, | CycSim post total/iv/gm=0.1823/0.0765/0.1058, | CycSim prior total/iv/gm=0.1724/0.0723/0.1000, | CycMeas total/iv/gm=0.1591/0.0780/0.0811, | PriorBnd post/prior=5.39e-04/1.05e-03 | Best 3.8181 | Patience 31/40
 >> Epoch 044 | Train Total=3.8304 | Val post/prior Total=5.9211/3.5911, Recon post/prior=0.8747/0.8920, KL=4.6540, | CycSim post total/iv/gm=0.2715/0.1138/0.1577, | CycSim prior total/iv/gm=0.2688/0.1101/0.1587, | CycMeas total/iv/gm=0.1900/0.0901/0.0999, | PriorBnd post/prior=5.83e-05/1.15e-04 | Best 3.8181 | Patience 32/40
 >> Epoch 045 | Train Total=3.5776 | Val post/prior Total=5.2113/2.7230, Recon post/prior=0.8804/0.9002, KL=5.0250, | CycSim post total/iv/gm=0.1813/0.0792/0.1021, | CycSim prior total/iv/gm=0.1812/0.0790/0.1021, | CycMeas total/iv/gm=0.1814/0.0947/0.0866, | PriorBnd post/prior=2.39e-04/5.62e-04 | Best 3.8181 | Patience 33/40
 >> Epoch 046 | Train Total=3.5728 | Val post/prior Total=4.7174/3.0514, Recon post/prior=0.8722/0.8875, KL=3.2698, | CycSim post total/iv/gm=0.2206/0.0930/0.1276, | CycSim prior total/iv/gm=0.2152/0.0892/0.1260, | CycMeas total/iv/gm=0.2022/0.0961/0.1060, | PriorBnd post/prior=1.39e-04/2.69e-04 | Best 3.8181 | Patience 34/40
 >> Epoch 047 | Train Total=3.4864 | Val post/prior Total=5.7713/3.9940, Recon post/prior=0.8697/0.8945, KL=3.7519, | CycSim post total/iv/gm=0.3021/0.1279/0.1742, | CycSim prior total/iv/gm=0.3088/0.1302/0.1785, | CycMeas total/iv/gm=0.2002/0.1021/0.0981, | PriorBnd post/prior=2.95e-05/5.18e-05 | Best 3.8181 | Patience 35/40
 >> Epoch 048 | Train Total=3.7447 | Val post/prior Total=4.0558/2.5479, Recon post/prior=0.8831/0.8997, KL=3.2664, | CycSim post total/iv/gm=0.1534/0.0660/0.0875, | CycSim prior total/iv/gm=0.1636/0.0716/0.0920, | CycMeas total/iv/gm=0.2181/0.1092/0.1089, | PriorBnd post/prior=1.49e-04/2.02e-04 | Best 3.8181 | Patience 36/40
 >> Epoch 049 | Train Total=3.5490 | Val post/prior Total=4.3771/2.3254, Recon post/prior=0.8782/0.8923, KL=4.2853, | CycSim post total/iv/gm=0.1351/0.0563/0.0789, | CycSim prior total/iv/gm=0.1421/0.0608/0.0813, | CycMeas total/iv/gm=0.2200/0.1117/0.1083, | PriorBnd post/prior=3.43e-05/4.99e-05 | Best 3.8181 | Patience 37/40
 >> Epoch 050 | Train Total=3.6214 | Val post/prior Total=4.3238/2.4484, Recon post/prior=0.8886/0.9161, KL=3.9832, | CycSim post total/iv/gm=0.1438/0.0599/0.0839, | CycSim prior total/iv/gm=0.1519/0.0664/0.0855, | CycMeas total/iv/gm=0.2008/0.1037/0.0971, | PriorBnd post/prior=3.92e-05/6.55e-05 | Best 3.8181 | Patience 38/40
 >> Epoch 051 | Train Total=3.5977 | Val post/prior Total=4.9514/3.1091, Recon post/prior=0.8856/0.9035, KL=3.8983, | CycSim post total/iv/gm=0.2111/0.0939/0.1173, | CycSim prior total/iv/gm=0.2192/0.0988/0.1204, | CycMeas total/iv/gm=0.2146/0.1121/0.1025, | PriorBnd post/prior=1.27e-04/1.79e-04 | Best 3.8181 | Patience 39/40
 >> Epoch 052 | Train Total=3.6859 | Val post/prior Total=4.5062/2.4505, Recon post/prior=0.8773/0.8939, KL=4.0825, | CycSim post total/iv/gm=0.1583/0.0621/0.0962, | CycSim prior total/iv/gm=0.1544/0.0623/0.0920, | CycMeas total/iv/gm=0.2197/0.1051/0.1146, | PriorBnd post/prior=6.02e-05/9.21e-05 | Best 3.8181 | Patience 40/40
[EarlyStop] at epoch 52
[Diag] Start to calcaulte diag in test preocess... 
[Diag] wrote 373 rows to temp_Unidi_cvae_14param_2channel\cvae_20251127-235708\diag_test.csv
[Diag] proxy_floor_ps  P50=0.0116  P90=0.0402  P95=0.0526  P99=0.0856
[Test] prior total=2.846464 | prior recon=0.979909 | kl=1.756260 | prior cyc_sim=0.182941 | cyc_meas=0.261729 | prior_l2=1.095361 | prior_bnd=0.001931 | 
