[log] tee initialized at 2025-11-06 13:02:22 -> temp_Bidi_cvae\session_20251106-130222.log
Using CUDA device 0: NVIDIA GeForce RTX 4060 Laptop GPU
[log] tee initialized at 2025-11-06 13:02:27 -> temp_Bidi_cvae\cvae_20251106-130227\train.log
[L_trust] using 20000 ref rows from temp_Bidi_cvae/proxy\proxy_Ytr_norm.npy
 >> Epoch 001 | Train Total=67.5583 | Val post/prior Total=57558815.5545/1.0731, Recon post/prior=16.6649/0.7673, KL=574616607.7044, CycSim post/prior=0.1670/0.1257, CycMeas=0.1908, PriorBnd post/prior=5.18e+00/9.53e-04 | Best inf | Patience 1/40
[Update] best val_cyc_meas improved to 0.190796 @ epoch 1
 >> Epoch 002 | Train Total=0.9800 | Val post/prior Total=3543.6919/0.9703, Recon post/prior=1.1410/0.7271, KL=34849.6133, CycSim post/prior=0.1315/0.0905, CycMeas=0.1653, PriorBnd post/prior=1.04e-01/4.01e-04 | Best 0.1908 | Patience 1/40
[Update] best val_cyc_meas improved to 0.165318 @ epoch 2
 >> Epoch 003 | Train Total=0.8536 | Val post/prior Total=792.5897/0.9263, Recon post/prior=0.7576/0.7122, KL=7911.0394, CycSim post/prior=0.1216/0.0847, CycMeas=0.1377, PriorBnd post/prior=1.21e-02/2.91e-04 | Best 0.1653 | Patience 1/40
[Update] best val_cyc_meas improved to 0.137719 @ epoch 3
 >> Epoch 004 | Train Total=0.8119 | Val post/prior Total=195.0823/0.8774, Recon post/prior=0.8733/0.6976, KL=1812.4684, CycSim post/prior=0.1059/0.0651, CycMeas=0.1237, PriorBnd post/prior=5.67e-02/2.77e-04 | Best 0.1377 | Patience 1/40
[Update] best val_cyc_meas improved to 0.123684 @ epoch 4
 >> Epoch 005 | Train Total=0.7865 | Val post/prior Total=4.8727/0.8808, Recon post/prior=0.7057/0.6954, KL=40.2618, CycSim post/prior=0.1029/0.0715, CycMeas=0.1215, PriorBnd post/prior=1.53e-03/1.62e-04 | Best 0.1237 | Patience 1/40
[Update] best val_cyc_meas improved to 0.121478 @ epoch 5
 >> Epoch 006 | Train Total=0.7713 | Val post/prior Total=21.3639/0.8634, Recon post/prior=0.7113/0.6825, KL=203.0118, CycSim post/prior=0.0976/0.0605, CycMeas=0.1318, PriorBnd post/prior=7.24e-03/1.78e-04 | Best 0.1215 | Patience 1/40
 >> Epoch 007 | Train Total=0.7590 | Val post/prior Total=1.2918/0.8568, Recon post/prior=0.6863/0.6786, KL=4.8621, CycSim post/prior=0.0942/0.0610, CycMeas=0.1279, PriorBnd post/prior=1.15e-03/1.42e-04 | Best 0.1215 | Patience 2/40
 >> Epoch 008 | Train Total=0.7497 | Val post/prior Total=3.6496/0.8302, Recon post/prior=0.6860/0.6737, KL=28.3252, CycSim post/prior=0.0851/0.0559, CycMeas=0.1081, PriorBnd post/prior=1.71e-03/1.28e-04 | Best 0.1215 | Patience 3/40
[Update] best val_cyc_meas improved to 0.108120 @ epoch 8
 >> Epoch 009 | Train Total=0.7434 | Val post/prior Total=2.1554/0.8317, Recon post/prior=0.6895/0.6704, KL=12.6749, CycSim post/prior=0.0851/0.0535, CycMeas=0.1176, PriorBnd post/prior=4.22e-03/1.33e-04 | Best 0.1081 | Patience 1/40
 >> Epoch 010 | Train Total=0.7375 | Val post/prior Total=1.5431/0.8101, Recon post/prior=0.6802/0.6649, KL=7.2295, CycSim post/prior=0.0846/0.0512, CycMeas=0.1009, PriorBnd post/prior=3.17e-03/1.21e-04 | Best 0.1081 | Patience 2/40
[Update] best val_cyc_meas improved to 0.100941 @ epoch 10
 >> Epoch 011 | Train Total=0.7340 | Val post/prior Total=1.2972/0.8061, Recon post/prior=0.6709/0.6606, KL=5.1099, CycSim post/prior=0.0851/0.0519, CycMeas=0.1001, PriorBnd post/prior=1.47e-03/1.39e-04 | Best 0.1009 | Patience 1/40
[Update] best val_cyc_meas improved to 0.100061 @ epoch 11
 >> Epoch 012 | Train Total=0.7291 | Val post/prior Total=0.8774/0.8077, Recon post/prior=0.6685/0.6603, KL=1.0322, CycSim post/prior=0.0809/0.0504, CycMeas=0.1049, PriorBnd post/prior=1.42e-03/1.14e-04 | Best 0.1001 | Patience 1/40
 >> Epoch 013 | Train Total=0.7256 | Val post/prior Total=0.8657/0.8092, Recon post/prior=0.6648/0.6574, KL=0.9947, CycSim post/prior=0.0791/0.0508, CycMeas=0.1098, PriorBnd post/prior=9.39e-04/1.00e-04 | Best 0.1001 | Patience 2/40
 >> Epoch 014 | Train Total=0.7207 | Val post/prior Total=0.8384/0.8040, Recon post/prior=0.6593/0.6510, KL=0.6854, CycSim post/prior=0.0852/0.0533, CycMeas=0.1073, PriorBnd post/prior=1.19e-03/9.04e-05 | Best 0.1001 | Patience 3/40
 >> Epoch 015 | Train Total=0.7162 | Val post/prior Total=0.8195/0.8140, Recon post/prior=0.6590/0.6515, KL=0.4902, CycSim post/prior=0.0845/0.0578, CycMeas=0.1126, PriorBnd post/prior=1.19e-03/9.69e-05 | Best 0.1001 | Patience 4/40
 >> Epoch 016 | Train Total=0.7115 | Val post/prior Total=0.7925/0.7918, Recon post/prior=0.6502/0.6430, KL=0.4282, CycSim post/prior=0.0785/0.0474, CycMeas=0.1107, PriorBnd post/prior=8.23e-04/9.55e-05 | Best 0.1001 | Patience 5/40
 >> Epoch 017 | Train Total=0.7089 | Val post/prior Total=0.7617/0.7810, Recon post/prior=0.6467/0.6412, KL=0.2042, CycSim post/prior=0.0759/0.0462, CycMeas=0.1013, PriorBnd post/prior=2.60e-04/8.82e-05 | Best 0.1001 | Patience 6/40
 >> Epoch 018 | Train Total=0.7085 | Val post/prior Total=0.7703/0.7802, Recon post/prior=0.6464/0.6395, KL=0.2926, CycSim post/prior=0.0747/0.0458, CycMeas=0.1030, PriorBnd post/prior=8.42e-04/8.31e-05 | Best 0.1001 | Patience 7/40
 >> Epoch 019 | Train Total=0.7042 | Val post/prior Total=0.7620/0.7844, Recon post/prior=0.6447/0.6396, KL=0.2206, CycSim post/prior=0.0766/0.0512, CycMeas=0.1000, PriorBnd post/prior=4.05e-04/8.89e-05 | Best 0.1001 | Patience 8/40
[Update] best val_cyc_meas improved to 0.099996 @ epoch 19
 >> Epoch 020 | Train Total=0.7028 | Val post/prior Total=0.7487/0.7743, Recon post/prior=0.6415/0.6338, KL=0.1065, CycSim post/prior=0.0740/0.0484, CycMeas=0.0986, PriorBnd post/prior=9.76e-04/1.24e-04 | Best 0.1000 | Patience 1/40
[Update] best val_cyc_meas improved to 0.098648 @ epoch 20
 >> Epoch 021 | Train Total=0.7003 | Val post/prior Total=0.7423/0.7736, Recon post/prior=0.6377/0.6323, KL=0.1444, CycSim post/prior=0.0716/0.0444, CycMeas=0.1057, PriorBnd post/prior=6.38e-04/9.12e-05 | Best 0.0986 | Patience 1/40
 >> Epoch 022 | Train Total=0.6976 | Val post/prior Total=0.7317/0.7759, Recon post/prior=0.6372/0.6330, KL=0.0526, CycSim post/prior=0.0715/0.0499, CycMeas=0.0997, PriorBnd post/prior=3.36e-04/1.01e-04 | Best 0.0986 | Patience 2/40
 >> Epoch 023 | Train Total=0.6955 | Val post/prior Total=0.7365/0.7814, Recon post/prior=0.6345/0.6302, KL=0.0652, CycSim post/prior=0.0769/0.0524, CycMeas=0.1063, PriorBnd post/prior=2.41e-04/6.86e-05 | Best 0.0986 | Patience 3/40
 >> Epoch 024 | Train Total=0.6927 | Val post/prior Total=0.7301/0.7780, Recon post/prior=0.6338/0.6300, KL=0.0388, CycSim post/prior=0.0743/0.0515, CycMeas=0.1037, PriorBnd post/prior=1.88e-04/7.28e-05 | Best 0.0986 | Patience 4/40
 >> Epoch 025 | Train Total=0.6919 | Val post/prior Total=0.7265/0.7682, Recon post/prior=0.6299/0.6253, KL=0.0671, CycSim post/prior=0.0720/0.0472, CycMeas=0.1035, PriorBnd post/prior=3.34e-04/7.86e-05 | Best 0.0986 | Patience 5/40
 >> Epoch 026 | Train Total=0.6914 | Val post/prior Total=0.7209/0.7604, Recon post/prior=0.6271/0.6225, KL=0.0762, CycSim post/prior=0.0687/0.0453, CycMeas=0.1001, PriorBnd post/prior=3.76e-04/8.78e-05 | Best 0.0986 | Patience 6/40
 >> Epoch 027 | Train Total=0.6903 | Val post/prior Total=0.7225/0.7740, Recon post/prior=0.6313/0.6284, KL=0.0379, CycSim post/prior=0.0702/0.0511, CycMeas=0.1012, PriorBnd post/prior=1.29e-04/6.92e-05 | Best 0.0986 | Patience 7/40
 >> Epoch 028 | Train Total=0.6887 | Val post/prior Total=0.7123/0.7503, Recon post/prior=0.6213/0.6160, KL=0.0570, CycSim post/prior=0.0677/0.0421, CycMeas=0.1002, PriorBnd post/prior=5.29e-04/1.00e-04 | Best 0.0986 | Patience 8/40
 >> Epoch 029 | Train Total=0.6873 | Val post/prior Total=0.7088/0.7525, Recon post/prior=0.6190/0.6148, KL=0.0481, CycSim post/prior=0.0678/0.0446, CycMeas=0.1005, PriorBnd post/prior=1.74e-04/9.25e-05 | Best 0.0986 | Patience 9/40
 >> Epoch 030 | Train Total=0.6853 | Val post/prior Total=0.7052/0.7491, Recon post/prior=0.6170/0.6123, KL=0.0502, CycSim post/prior=0.0662/0.0418, CycMeas=0.1037, PriorBnd post/prior=2.40e-04/9.58e-05 | Best 0.0986 | Patience 10/40
 >> Epoch 031 | Train Total=0.6843 | Val post/prior Total=0.7017/0.7452, Recon post/prior=0.6164/0.6114, KL=0.0439, CycSim post/prior=0.0642/0.0421, CycMeas=0.0994, PriorBnd post/prior=3.43e-04/8.93e-05 | Best 0.0986 | Patience 11/40
 >> Epoch 032 | Train Total=0.6824 | Val post/prior Total=0.7030/0.7510, Recon post/prior=0.6162/0.6124, KL=0.0425, CycSim post/prior=0.0658/0.0454, CycMeas=0.1005, PriorBnd post/prior=1.65e-04/8.92e-05 | Best 0.0986 | Patience 12/40
 >> Epoch 033 | Train Total=0.6818 | Val post/prior Total=0.7204/0.7810, Recon post/prior=0.6266/0.6243, KL=0.0561, CycSim post/prior=0.0707/0.0557, CycMeas=0.1080, PriorBnd post/prior=1.26e-04/9.32e-05 | Best 0.0986 | Patience 13/40
 >> Epoch 034 | Train Total=0.6813 | Val post/prior Total=0.6953/0.7380, Recon post/prior=0.6115/0.6066, KL=0.0394, CycSim post/prior=0.0635/0.0398, CycMeas=0.0997, PriorBnd post/prior=2.24e-04/9.68e-05 | Best 0.0986 | Patience 14/40
 >> Epoch 035 | Train Total=0.6818 | Val post/prior Total=0.6959/0.7388, Recon post/prior=0.6103/0.6056, KL=0.0371, CycSim post/prior=0.0651/0.0418, CycMeas=0.0990, PriorBnd post/prior=2.82e-04/9.73e-05 | Best 0.0986 | Patience 15/40
 >> Epoch 036 | Train Total=0.6812 | Val post/prior Total=0.6948/0.7410, Recon post/prior=0.6102/0.6061, KL=0.0373, CycSim post/prior=0.0642/0.0427, CycMeas=0.0999, PriorBnd post/prior=3.57e-04/9.90e-05 | Best 0.0986 | Patience 16/40
 >> Epoch 037 | Train Total=0.6811 | Val post/prior Total=0.6943/0.7394, Recon post/prior=0.6083/0.6038, KL=0.0368, CycSim post/prior=0.0654/0.0436, CycMeas=0.0994, PriorBnd post/prior=2.66e-04/1.02e-04 | Best 0.0986 | Patience 17/40
 >> Epoch 038 | Train Total=0.6802 | Val post/prior Total=0.6865/0.7333, Recon post/prior=0.6069/0.6027, KL=0.0318, CycSim post/prior=0.0605/0.0392, CycMeas=0.0997, PriorBnd post/prior=1.17e-04/9.70e-05 | Best 0.0986 | Patience 18/40
 >> Epoch 039 | Train Total=0.6788 | Val post/prior Total=0.6883/0.7376, Recon post/prior=0.6052/0.6006, KL=0.0366, CycSim post/prior=0.0630/0.0421, CycMeas=0.1032, PriorBnd post/prior=2.83e-04/9.94e-05 | Best 0.0986 | Patience 19/40
 >> Epoch 040 | Train Total=0.6781 | Val post/prior Total=0.6905/0.7382, Recon post/prior=0.6073/0.6035, KL=0.0300, CycSim post/prior=0.0638/0.0427, CycMeas=0.0996, PriorBnd post/prior=1.43e-04/8.92e-05 | Best 0.0986 | Patience 20/40
 >> Epoch 041 | Train Total=0.6782 | Val post/prior Total=0.6887/0.7351, Recon post/prior=0.6040/0.6003, KL=0.0332, CycSim post/prior=0.0647/0.0405, CycMeas=0.1029, PriorBnd post/prior=2.12e-04/9.38e-05 | Best 0.0986 | Patience 21/40
 >> Epoch 042 | Train Total=0.6783 | Val post/prior Total=0.6855/0.7343, Recon post/prior=0.6042/0.6000, KL=0.0313, CycSim post/prior=0.0621/0.0424, CycMeas=0.0995, PriorBnd post/prior=1.99e-04/9.34e-05 | Best 0.0986 | Patience 22/40
 >> Epoch 043 | Train Total=0.6781 | Val post/prior Total=0.6814/0.7313, Recon post/prior=0.6028/0.5990, KL=0.0292, CycSim post/prior=0.0600/0.0388, CycMeas=0.1022, PriorBnd post/prior=1.41e-04/9.03e-05 | Best 0.0986 | Patience 23/40
 >> Epoch 044 | Train Total=0.6788 | Val post/prior Total=0.6895/0.7410, Recon post/prior=0.6066/0.6027, KL=0.0262, CycSim post/prior=0.0640/0.0464, CycMeas=0.0987, PriorBnd post/prior=1.34e-04/9.07e-05 | Best 0.0986 | Patience 24/40
 >> Epoch 045 | Train Total=0.6775 | Val post/prior Total=0.6812/0.7302, Recon post/prior=0.6007/0.5968, KL=0.0317, CycSim post/prior=0.0613/0.0406, CycMeas=0.1011, PriorBnd post/prior=1.43e-04/1.03e-04 | Best 0.0986 | Patience 25/40
 >> Epoch 046 | Train Total=0.6779 | Val post/prior Total=0.6749/0.7284, Recon post/prior=0.5995/0.5958, KL=0.0294, CycSim post/prior=0.0571/0.0402, CycMeas=0.1005, PriorBnd post/prior=2.18e-04/9.45e-05 | Best 0.0986 | Patience 26/40
 >> Epoch 047 | Train Total=0.6760 | Val post/prior Total=0.6756/0.7274, Recon post/prior=0.5990/0.5949, KL=0.0295, CycSim post/prior=0.0581/0.0398, CycMeas=0.1010, PriorBnd post/prior=2.12e-04/9.49e-05 | Best 0.0986 | Patience 27/40
 >> Epoch 048 | Train Total=0.6778 | Val post/prior Total=0.6806/0.7270, Recon post/prior=0.5994/0.5950, KL=0.0291, CycSim post/prior=0.0622/0.0405, CycMeas=0.0996, PriorBnd post/prior=1.04e-04/9.12e-05 | Best 0.0986 | Patience 28/40
 >> Epoch 049 | Train Total=0.6766 | Val post/prior Total=0.6790/0.7245, Recon post/prior=0.5973/0.5929, KL=0.0275, CycSim post/prior=0.0626/0.0406, CycMeas=0.0988, PriorBnd post/prior=1.90e-04/1.06e-04 | Best 0.0986 | Patience 29/40
 >> Epoch 050 | Train Total=0.6778 | Val post/prior Total=0.6886/0.7443, Recon post/prior=0.6046/0.6015, KL=0.0239, CycSim post/prior=0.0650/0.0486, CycMeas=0.1011, PriorBnd post/prior=2.43e-04/7.96e-05 | Best 0.0986 | Patience 30/40
 >> Epoch 051 | Train Total=0.6796 | Val post/prior Total=0.6798/0.7288, Recon post/prior=0.5971/0.5931, KL=0.0293, CycSim post/prior=0.0633/0.0425, CycMeas=0.1010, PriorBnd post/prior=1.58e-04/1.01e-04 | Best 0.0986 | Patience 31/40
 >> Epoch 052 | Train Total=0.6780 | Val post/prior Total=0.6736/0.7209, Recon post/prior=0.5947/0.5898, KL=0.0292, CycSim post/prior=0.0602/0.0391, CycMeas=0.1003, PriorBnd post/prior=1.41e-04/1.08e-04 | Best 0.0986 | Patience 32/40
 >> Epoch 053 | Train Total=0.6781 | Val post/prior Total=0.6727/0.7183, Recon post/prior=0.5934/0.5890, KL=0.0285, CycSim post/prior=0.0606/0.0391, CycMeas=0.0979, PriorBnd post/prior=1.46e-04/1.09e-04 | Best 0.0986 | Patience 33/40
[Update] best val_cyc_meas improved to 0.097946 @ epoch 53
 >> Epoch 054 | Train Total=0.6792 | Val post/prior Total=0.6712/0.7215, Recon post/prior=0.5930/0.5883, KL=0.0280, CycSim post/prior=0.0596/0.0371, CycMeas=0.1058, PriorBnd post/prior=1.64e-04/1.07e-04 | Best 0.0979 | Patience 1/40
 >> Epoch 055 | Train Total=0.6778 | Val post/prior Total=0.6727/0.7218, Recon post/prior=0.5943/0.5899, KL=0.0247, CycSim post/prior=0.0601/0.0406, CycMeas=0.0992, PriorBnd post/prior=1.59e-04/1.01e-04 | Best 0.0979 | Patience 2/40
 >> Epoch 056 | Train Total=0.6790 | Val post/prior Total=0.6728/0.7242, Recon post/prior=0.5951/0.5918, KL=0.0272, CycSim post/prior=0.0594/0.0410, CycMeas=0.0992, PriorBnd post/prior=9.87e-05/8.96e-05 | Best 0.0979 | Patience 3/40
 >> Epoch 057 | Train Total=0.6801 | Val post/prior Total=0.6747/0.7249, Recon post/prior=0.5946/0.5910, KL=0.0269, CycSim post/prior=0.0614/0.0410, CycMeas=0.1011, PriorBnd post/prior=1.84e-04/1.05e-04 | Best 0.0979 | Patience 4/40
 >> Epoch 058 | Train Total=0.6801 | Val post/prior Total=0.6681/0.7165, Recon post/prior=0.5921/0.5878, KL=0.0247, CycSim post/prior=0.0580/0.0382, CycMeas=0.0986, PriorBnd post/prior=2.31e-04/1.14e-04 | Best 0.0979 | Patience 5/40
 >> Epoch 059 | Train Total=0.6804 | Val post/prior Total=0.6720/0.7213, Recon post/prior=0.5938/0.5900, KL=0.0231, CycSim post/prior=0.0602/0.0402, CycMeas=0.0991, PriorBnd post/prior=1.37e-04/1.01e-04 | Best 0.0979 | Patience 6/40
 >> Epoch 060 | Train Total=0.6810 | Val post/prior Total=0.6679/0.7180, Recon post/prior=0.5931/0.5891, KL=0.0260, CycSim post/prior=0.0569/0.0382, CycMeas=0.0989, PriorBnd post/prior=2.62e-04/9.79e-05 | Best 0.0979 | Patience 7/40
 >> Epoch 061 | Train Total=0.6825 | Val post/prior Total=0.6670/0.7190, Recon post/prior=0.5926/0.5895, KL=0.0243, CycSim post/prior=0.0569/0.0389, CycMeas=0.0987, PriorBnd post/prior=1.25e-04/9.60e-05 | Best 0.0979 | Patience 8/40
 >> Epoch 062 | Train Total=0.6811 | Val post/prior Total=0.6729/0.7213, Recon post/prior=0.5935/0.5896, KL=0.0255, CycSim post/prior=0.0609/0.0414, CycMeas=0.0978, PriorBnd post/prior=2.04e-04/9.78e-05 | Best 0.0979 | Patience 9/40
[Update] best val_cyc_meas improved to 0.097756 @ epoch 62
 >> Epoch 063 | Train Total=0.6810 | Val post/prior Total=0.6671/0.7177, Recon post/prior=0.5918/0.5882, KL=0.0259, CycSim post/prior=0.0574/0.0380, CycMeas=0.0999, PriorBnd post/prior=1.76e-04/1.01e-04 | Best 0.0978 | Patience 1/40
 >> Epoch 064 | Train Total=0.6812 | Val post/prior Total=0.6643/0.7138, Recon post/prior=0.5900/0.5859, KL=0.0245, CycSim post/prior=0.0567/0.0372, CycMeas=0.0989, PriorBnd post/prior=1.96e-04/1.10e-04 | Best 0.0978 | Patience 2/40
 >> Epoch 065 | Train Total=0.6839 | Val post/prior Total=0.6662/0.7167, Recon post/prior=0.5917/0.5876, KL=0.0264, CycSim post/prior=0.0567/0.0379, CycMeas=0.0997, PriorBnd post/prior=1.42e-04/1.01e-04 | Best 0.0978 | Patience 3/40
 >> Epoch 066 | Train Total=0.6818 | Val post/prior Total=0.6655/0.7163, Recon post/prior=0.5912/0.5872, KL=0.0241, CycSim post/prior=0.0567/0.0383, CycMeas=0.0989, PriorBnd post/prior=1.25e-04/1.03e-04 | Best 0.0978 | Patience 4/40
 >> Epoch 067 | Train Total=0.6828 | Val post/prior Total=0.6750/0.7255, Recon post/prior=0.5947/0.5910, KL=0.0244, CycSim post/prior=0.0619/0.0433, CycMeas=0.0985, PriorBnd post/prior=1.05e-04/1.00e-04 | Best 0.0978 | Patience 5/40
 >> Epoch 068 | Train Total=0.6858 | Val post/prior Total=0.6683/0.7230, Recon post/prior=0.5930/0.5901, KL=0.0224, CycSim post/prior=0.0578/0.0420, CycMeas=0.0983, PriorBnd post/prior=1.06e-04/9.06e-05 | Best 0.0978 | Patience 6/40
 >> Epoch 069 | Train Total=0.6851 | Val post/prior Total=0.6670/0.7130, Recon post/prior=0.5893/0.5849, KL=0.0253, CycSim post/prior=0.0594/0.0379, CycMeas=0.0983, PriorBnd post/prior=1.85e-04/1.09e-04 | Best 0.0978 | Patience 7/40
 >> Epoch 070 | Train Total=0.6862 | Val post/prior Total=0.6654/0.7167, Recon post/prior=0.5902/0.5867, KL=0.0247, CycSim post/prior=0.0575/0.0384, CycMeas=0.1000, PriorBnd post/prior=1.13e-04/1.06e-04 | Best 0.0978 | Patience 8/40
 >> Epoch 071 | Train Total=0.6855 | Val post/prior Total=0.6663/0.7116, Recon post/prior=0.5886/0.5840, KL=0.0240, CycSim post/prior=0.0594/0.0369, CycMeas=0.0991, PriorBnd post/prior=2.55e-04/1.12e-04 | Best 0.0978 | Patience 9/40
 >> Epoch 072 | Train Total=0.6872 | Val post/prior Total=0.6654/0.7114, Recon post/prior=0.5879/0.5830, KL=0.0253, CycSim post/prior=0.0592/0.0377, CycMeas=0.0988, PriorBnd post/prior=2.09e-04/1.19e-04 | Best 0.0978 | Patience 10/40
 >> Epoch 073 | Train Total=0.6875 | Val post/prior Total=0.6658/0.7139, Recon post/prior=0.5896/0.5855, KL=0.0226, CycSim post/prior=0.0585/0.0382, CycMeas=0.0983, PriorBnd post/prior=1.03e-04/1.02e-04 | Best 0.0978 | Patience 11/40
 >> Epoch 074 | Train Total=0.6893 | Val post/prior Total=0.6648/0.7127, Recon post/prior=0.5895/0.5852, KL=0.0222, CycSim post/prior=0.0577/0.0374, CycMeas=0.0983, PriorBnd post/prior=1.54e-04/1.16e-04 | Best 0.0978 | Patience 12/40
 >> Epoch 075 | Train Total=0.6887 | Val post/prior Total=0.6637/0.7127, Recon post/prior=0.5896/0.5856, KL=0.0247, CycSim post/prior=0.0565/0.0373, CycMeas=0.0980, PriorBnd post/prior=1.50e-04/1.07e-04 | Best 0.0978 | Patience 13/40
 >> Epoch 076 | Train Total=0.6903 | Val post/prior Total=0.6637/0.7106, Recon post/prior=0.5874/0.5829, KL=0.0267, CycSim post/prior=0.0581/0.0363, CycMeas=0.1002, PriorBnd post/prior=2.23e-04/1.14e-04 | Best 0.0978 | Patience 14/40
 >> Epoch 077 | Train Total=0.6903 | Val post/prior Total=0.7187/0.7759, Recon post/prior=0.6149/0.6124, KL=0.0377, CycSim post/prior=0.0807/0.0665, CycMeas=0.1006, PriorBnd post/prior=9.19e-05/7.11e-05 | Best 0.0978 | Patience 15/40
 >> Epoch 078 | Train Total=0.6904 | Val post/prior Total=0.6895/0.7472, Recon post/prior=0.6028/0.6007, KL=0.0282, CycSim post/prior=0.0670/0.0528, CycMeas=0.0996, PriorBnd post/prior=9.43e-05/7.17e-05 | Best 0.0978 | Patience 16/40
 >> Epoch 079 | Train Total=0.6926 | Val post/prior Total=0.6665/0.7182, Recon post/prior=0.5897/0.5863, KL=0.0223, CycSim post/prior=0.0590/0.0412, CycMeas=0.0982, PriorBnd post/prior=1.25e-04/9.73e-05 | Best 0.0978 | Patience 17/40
 >> Epoch 080 | Train Total=0.6940 | Val post/prior Total=0.6646/0.7120, Recon post/prior=0.5875/0.5836, KL=0.0241, CycSim post/prior=0.0590/0.0375, CycMeas=0.0992, PriorBnd post/prior=1.41e-04/1.11e-04 | Best 0.0978 | Patience 18/40
 >> Epoch 081 | Train Total=0.6947 | Val post/prior Total=0.6649/0.7119, Recon post/prior=0.5872/0.5819, KL=0.0267, CycSim post/prior=0.0591/0.0369, CycMeas=0.1020, PriorBnd post/prior=3.33e-04/1.17e-04 | Best 0.0978 | Patience 19/40
 >> Epoch 082 | Train Total=0.6936 | Val post/prior Total=0.7393/0.8051, Recon post/prior=0.6280/0.6269, KL=0.0479, CycSim post/prior=0.0863/0.0745, CycMeas=0.1072, PriorBnd post/prior=7.03e-05/7.06e-05 | Best 0.0978 | Patience 20/40
 >> Epoch 083 | Train Total=0.6956 | Val post/prior Total=0.6753/0.7332, Recon post/prior=0.5945/0.5911, KL=0.0211, CycSim post/prior=0.0626/0.0473, CycMeas=0.1020, PriorBnd post/prior=1.05e-04/8.23e-05 | Best 0.0978 | Patience 21/40
 >> Epoch 084 | Train Total=0.6956 | Val post/prior Total=0.6614/0.7130, Recon post/prior=0.5884/0.5843, KL=0.0240, CycSim post/prior=0.0556/0.0385, CycMeas=0.0981, PriorBnd post/prior=1.51e-04/1.04e-04 | Best 0.0978 | Patience 22/40
 >> Epoch 085 | Train Total=0.6979 | Val post/prior Total=0.6631/0.7136, Recon post/prior=0.5870/0.5829, KL=0.0252, CycSim post/prior=0.0581/0.0384, CycMeas=0.1008, PriorBnd post/prior=1.66e-04/1.07e-04 | Best 0.0978 | Patience 23/40
 >> Epoch 086 | Train Total=0.6970 | Val post/prior Total=0.6636/0.7104, Recon post/prior=0.5877/0.5830, KL=0.0239, CycSim post/prior=0.0580/0.0370, CycMeas=0.0987, PriorBnd post/prior=2.82e-04/1.04e-04 | Best 0.0978 | Patience 24/40
 >> Epoch 087 | Train Total=0.6980 | Val post/prior Total=0.6650/0.7114, Recon post/prior=0.5870/0.5821, KL=0.0240, CycSim post/prior=0.0598/0.0388, CycMeas=0.0984, PriorBnd post/prior=1.58e-04/1.09e-04 | Best 0.0978 | Patience 25/40
 >> Epoch 088 | Train Total=0.6995 | Val post/prior Total=0.6689/0.7108, Recon post/prior=0.5861/0.5812, KL=0.0257, CycSim post/prior=0.0635/0.0379, CycMeas=0.1000, PriorBnd post/prior=2.06e-04/1.27e-04 | Best 0.0978 | Patience 26/40
 >> Epoch 089 | Train Total=0.7001 | Val post/prior Total=0.6712/0.7230, Recon post/prior=0.5918/0.5882, KL=0.0240, CycSim post/prior=0.0611/0.0427, CycMeas=0.0997, PriorBnd post/prior=1.64e-04/1.04e-04 | Best 0.0978 | Patience 27/40
 >> Epoch 090 | Train Total=0.7012 | Val post/prior Total=0.6629/0.7114, Recon post/prior=0.5875/0.5835, KL=0.0238, CycSim post/prior=0.0576/0.0379, CycMeas=0.0979, PriorBnd post/prior=1.03e-04/1.06e-04 | Best 0.0978 | Patience 28/40
 >> Epoch 091 | Train Total=0.7008 | Val post/prior Total=0.6927/0.7520, Recon post/prior=0.6011/0.5990, KL=0.0219, CycSim post/prior=0.0716/0.0585, CycMeas=0.0990, PriorBnd post/prior=1.03e-04/6.70e-05 | Best 0.0978 | Patience 29/40
 >> Epoch 092 | Train Total=0.7013 | Val post/prior Total=0.6698/0.7207, Recon post/prior=0.5883/0.5852, KL=0.0263, CycSim post/prior=0.0625/0.0409, CycMeas=0.1031, PriorBnd post/prior=1.47e-04/1.11e-04 | Best 0.0978 | Patience 30/40
 >> Epoch 093 | Train Total=0.7026 | Val post/prior Total=0.6634/0.7101, Recon post/prior=0.5878/0.5833, KL=0.0250, CycSim post/prior=0.0577/0.0368, CycMeas=0.0983, PriorBnd post/prior=1.52e-04/1.09e-04 | Best 0.0978 | Patience 31/40
 >> Epoch 094 | Train Total=0.7050 | Val post/prior Total=0.6628/0.7111, Recon post/prior=0.5870/0.5828, KL=0.0238, CycSim post/prior=0.0579/0.0376, CycMeas=0.0989, PriorBnd post/prior=1.66e-04/1.06e-04 | Best 0.0978 | Patience 32/40
 >> Epoch 095 | Train Total=0.7039 | Val post/prior Total=0.6804/0.7356, Recon post/prior=0.5991/0.5959, KL=0.0234, CycSim post/prior=0.0630/0.0479, CycMeas=0.0983, PriorBnd post/prior=7.95e-05/7.26e-05 | Best 0.0978 | Patience 33/40
 >> Epoch 096 | Train Total=0.7050 | Val post/prior Total=0.6655/0.7089, Recon post/prior=0.5868/0.5816, KL=0.0265, CycSim post/prior=0.0601/0.0375, CycMeas=0.0978, PriorBnd post/prior=2.05e-04/1.13e-04 | Best 0.0978 | Patience 34/40
 >> Epoch 097 | Train Total=0.7055 | Val post/prior Total=0.6733/0.7242, Recon post/prior=0.5905/0.5869, KL=0.0244, CycSim post/prior=0.0638/0.0451, CycMeas=0.0992, PriorBnd post/prior=1.24e-04/1.01e-04 | Best 0.0978 | Patience 35/40
 >> Epoch 098 | Train Total=0.7068 | Val post/prior Total=0.6618/0.7082, Recon post/prior=0.5863/0.5824, KL=0.0254, CycSim post/prior=0.0575/0.0361, CycMeas=0.0980, PriorBnd post/prior=1.84e-04/1.15e-04 | Best 0.0978 | Patience 36/40
 >> Epoch 099 | Train Total=0.7085 | Val post/prior Total=0.6625/0.7166, Recon post/prior=0.5868/0.5823, KL=0.0253, CycSim post/prior=0.0577/0.0379, CycMeas=0.1060, PriorBnd post/prior=1.71e-04/1.15e-04 | Best 0.0978 | Patience 37/40
 >> Epoch 100 | Train Total=0.7074 | Val post/prior Total=0.6618/0.7079, Recon post/prior=0.5862/0.5815, KL=0.0255, CycSim post/prior=0.0576/0.0363, CycMeas=0.0985, PriorBnd post/prior=2.51e-04/1.18e-04 | Best 0.0978 | Patience 38/40
 >> Epoch 101 | Train Total=0.7091 | Val post/prior Total=0.6617/0.7078, Recon post/prior=0.5865/0.5817, KL=0.0260, CycSim post/prior=0.0572/0.0367, CycMeas=0.0976, PriorBnd post/prior=2.56e-04/1.16e-04 | Best 0.0978 | Patience 39/40
[Update] best val_cyc_meas improved to 0.097567 @ epoch 101
 >> Epoch 102 | Train Total=0.7080 | Val post/prior Total=0.6619/0.7113, Recon post/prior=0.5879/0.5843, KL=0.0239, CycSim post/prior=0.0564/0.0368, CycMeas=0.0986, PriorBnd post/prior=1.38e-04/1.06e-04 | Best 0.0976 | Patience 1/40
 >> Epoch 103 | Train Total=0.7113 | Val post/prior Total=0.6611/0.7130, Recon post/prior=0.5883/0.5849, KL=0.0242, CycSim post/prior=0.0555/0.0384, CycMeas=0.0976, PriorBnd post/prior=1.62e-04/1.10e-04 | Best 0.0976 | Patience 2/40
 >> Epoch 104 | Train Total=0.7096 | Val post/prior Total=0.6638/0.7163, Recon post/prior=0.5892/0.5855, KL=0.0234, CycSim post/prior=0.0570/0.0395, CycMeas=0.0993, PriorBnd post/prior=2.71e-04/1.07e-04 | Best 0.0976 | Patience 3/40
 >> Epoch 105 | Train Total=0.7143 | Val post/prior Total=0.6662/0.7151, Recon post/prior=0.5893/0.5858, KL=0.0248, CycSim post/prior=0.0588/0.0392, CycMeas=0.0980, PriorBnd post/prior=1.28e-04/1.04e-04 | Best 0.0976 | Patience 4/40
 >> Epoch 106 | Train Total=0.7143 | Val post/prior Total=0.7278/0.7943, Recon post/prior=0.6231/0.6221, KL=0.0448, CycSim post/prior=0.0809/0.0683, CycMeas=0.1088, PriorBnd post/prior=9.01e-05/7.73e-05 | Best 0.0976 | Patience 5/40
 >> Epoch 107 | Train Total=0.7147 | Val post/prior Total=0.6612/0.7081, Recon post/prior=0.5868/0.5821, KL=0.0258, CycSim post/prior=0.0567/0.0362, CycMeas=0.0981, PriorBnd post/prior=1.63e-04/1.12e-04 | Best 0.0976 | Patience 6/40
 >> Epoch 108 | Train Total=0.7141 | Val post/prior Total=0.6725/0.7280, Recon post/prior=0.5958/0.5932, KL=0.0247, CycSim post/prior=0.0588/0.0439, CycMeas=0.0978, PriorBnd post/prior=2.01e-04/8.53e-05 | Best 0.0976 | Patience 7/40
 >> Epoch 109 | Train Total=0.7162 | Val post/prior Total=0.6640/0.7083, Recon post/prior=0.5873/0.5819, KL=0.0278, CycSim post/prior=0.0584/0.0364, CycMeas=0.0984, PriorBnd post/prior=1.98e-04/1.15e-04 | Best 0.0976 | Patience 8/40
 >> Epoch 110 | Train Total=0.7173 | Val post/prior Total=0.6687/0.7127, Recon post/prior=0.5879/0.5826, KL=0.0236, CycSim post/prior=0.0622/0.0398, CycMeas=0.0979, PriorBnd post/prior=1.61e-04/1.09e-04 | Best 0.0976 | Patience 9/40
 >> Epoch 111 | Train Total=0.7148 | Val post/prior Total=0.6623/0.7110, Recon post/prior=0.5869/0.5824, KL=0.0238, CycSim post/prior=0.0576/0.0373, CycMeas=0.0999, PriorBnd post/prior=2.61e-04/1.10e-04 | Best 0.0976 | Patience 10/40
 >> Epoch 112 | Train Total=0.7161 | Val post/prior Total=0.7059/0.7629, Recon post/prior=0.6109/0.6089, KL=0.0392, CycSim post/prior=0.0731/0.0582, CycMeas=0.1009, PriorBnd post/prior=8.86e-05/8.09e-05 | Best 0.0976 | Patience 11/40
 >> Epoch 113 | Train Total=0.7178 | Val post/prior Total=0.6684/0.7158, Recon post/prior=0.5907/0.5866, KL=0.0269, CycSim post/prior=0.0594/0.0394, CycMeas=0.0977, PriorBnd post/prior=1.80e-04/1.01e-04 | Best 0.0976 | Patience 12/40
 >> Epoch 114 | Train Total=0.7176 | Val post/prior Total=0.6621/0.7112, Recon post/prior=0.5867/0.5828, KL=0.0253, CycSim post/prior=0.0575/0.0379, CycMeas=0.0987, PriorBnd post/prior=1.33e-04/1.13e-04 | Best 0.0976 | Patience 13/40
 >> Epoch 115 | Train Total=0.7189 | Val post/prior Total=0.6604/0.7087, Recon post/prior=0.5865/0.5819, KL=0.0266, CycSim post/prior=0.0561/0.0367, CycMeas=0.0984, PriorBnd post/prior=1.46e-04/1.07e-04 | Best 0.0976 | Patience 14/40
 >> Epoch 116 | Train Total=0.7173 | Val post/prior Total=0.6643/0.7089, Recon post/prior=0.5869/0.5824, KL=0.0278, CycSim post/prior=0.0590/0.0372, CycMeas=0.0973, PriorBnd post/prior=1.87e-04/1.17e-04 | Best 0.0976 | Patience 15/40
[Update] best val_cyc_meas improved to 0.097344 @ epoch 116
 >> Epoch 117 | Train Total=0.7167 | Val post/prior Total=0.6628/0.7105, Recon post/prior=0.5877/0.5834, KL=0.0242, CycSim post/prior=0.0573/0.0374, CycMeas=0.0978, PriorBnd post/prior=2.21e-04/1.16e-04 | Best 0.0973 | Patience 1/40
 >> Epoch 118 | Train Total=0.7161 | Val post/prior Total=0.6686/0.7184, Recon post/prior=0.5908/0.5872, KL=0.0226, CycSim post/prior=0.0598/0.0408, CycMeas=0.0980, PriorBnd post/prior=1.35e-04/9.11e-05 | Best 0.0973 | Patience 2/40
 >> Epoch 119 | Train Total=0.7166 | Val post/prior Total=0.6589/0.7111, Recon post/prior=0.5873/0.5841, KL=0.0236, CycSim post/prior=0.0544/0.0374, CycMeas=0.0976, PriorBnd post/prior=1.00e-04/1.00e-04 | Best 0.0973 | Patience 3/40
 >> Epoch 120 | Train Total=0.7172 | Val post/prior Total=0.6642/0.7093, Recon post/prior=0.5861/0.5822, KL=0.0266, CycSim post/prior=0.0596/0.0371, CycMeas=0.0981, PriorBnd post/prior=2.11e-04/1.20e-04 | Best 0.0973 | Patience 4/40
 >> Epoch 121 | Train Total=0.7171 | Val post/prior Total=0.6666/0.7182, Recon post/prior=0.5907/0.5873, KL=0.0230, CycSim post/prior=0.0582/0.0403, CycMeas=0.0985, PriorBnd post/prior=1.69e-04/1.01e-04 | Best 0.0973 | Patience 5/40
 >> Epoch 122 | Train Total=0.7164 | Val post/prior Total=0.6657/0.7164, Recon post/prior=0.5904/0.5854, KL=0.0248, CycSim post/prior=0.0574/0.0404, CycMeas=0.0984, PriorBnd post/prior=2.43e-04/9.84e-05 | Best 0.0973 | Patience 6/40
 >> Epoch 123 | Train Total=0.7183 | Val post/prior Total=0.6601/0.7097, Recon post/prior=0.5865/0.5819, KL=0.0247, CycSim post/prior=0.0560/0.0371, CycMeas=0.0990, PriorBnd post/prior=1.82e-04/1.14e-04 | Best 0.0973 | Patience 7/40
 >> Epoch 124 | Train Total=0.7166 | Val post/prior Total=0.6648/0.7122, Recon post/prior=0.5876/0.5837, KL=0.0250, CycSim post/prior=0.0590/0.0387, CycMeas=0.0976, PriorBnd post/prior=1.85e-04/1.11e-04 | Best 0.0973 | Patience 8/40
 >> Epoch 125 | Train Total=0.7153 | Val post/prior Total=0.6681/0.7138, Recon post/prior=0.5865/0.5816, KL=0.0256, CycSim post/prior=0.0626/0.0404, CycMeas=0.0997, PriorBnd post/prior=1.95e-04/1.16e-04 | Best 0.0973 | Patience 9/40
 >> Epoch 126 | Train Total=0.7160 | Val post/prior Total=0.7021/0.7600, Recon post/prior=0.6085/0.6059, KL=0.0283, CycSim post/prior=0.0729/0.0595, CycMeas=0.0991, PriorBnd post/prior=7.45e-05/6.28e-05 | Best 0.0973 | Patience 10/40
 >> Epoch 127 | Train Total=0.7173 | Val post/prior Total=0.6840/0.7388, Recon post/prior=0.5966/0.5930, KL=0.0242, CycSim post/prior=0.0679/0.0521, CycMeas=0.0996, PriorBnd post/prior=1.02e-04/8.13e-05 | Best 0.0973 | Patience 11/40
 >> Epoch 128 | Train Total=0.7138 | Val post/prior Total=0.6679/0.7170, Recon post/prior=0.5893/0.5861, KL=0.0294, CycSim post/prior=0.0599/0.0408, CycMeas=0.0976, PriorBnd post/prior=1.16e-04/1.06e-04 | Best 0.0973 | Patience 12/40
 >> Epoch 129 | Train Total=0.7157 | Val post/prior Total=0.6644/0.7170, Recon post/prior=0.5902/0.5870, KL=0.0238, CycSim post/prior=0.0568/0.0401, CycMeas=0.0975, PriorBnd post/prior=1.32e-04/1.06e-04 | Best 0.0973 | Patience 13/40
 >> Epoch 130 | Train Total=0.7155 | Val post/prior Total=0.6625/0.7144, Recon post/prior=0.5889/0.5858, KL=0.0232, CycSim post/prior=0.0562/0.0389, CycMeas=0.0975, PriorBnd post/prior=1.78e-04/1.03e-04 | Best 0.0973 | Patience 14/40
 >> Epoch 131 | Train Total=0.7147 | Val post/prior Total=0.6626/0.7096, Recon post/prior=0.5871/0.5825, KL=0.0246, CycSim post/prior=0.0577/0.0372, CycMeas=0.0981, PriorBnd post/prior=2.17e-04/1.06e-04 | Best 0.0973 | Patience 15/40
 >> Epoch 132 | Train Total=0.7147 | Val post/prior Total=0.6623/0.7090, Recon post/prior=0.5863/0.5815, KL=0.0259, CycSim post/prior=0.0580/0.0375, CycMeas=0.0981, PriorBnd post/prior=1.61e-04/1.16e-04 | Best 0.0973 | Patience 16/40
 >> Epoch 133 | Train Total=0.7159 | Val post/prior Total=0.6651/0.7146, Recon post/prior=0.5890/0.5846, KL=0.0243, CycSim post/prior=0.0583/0.0400, CycMeas=0.0976, PriorBnd post/prior=1.02e-04/9.85e-05 | Best 0.0973 | Patience 17/40
 >> Epoch 134 | Train Total=0.7145 | Val post/prior Total=0.6630/0.7086, Recon post/prior=0.5865/0.5811, KL=0.0276, CycSim post/prior=0.0581/0.0367, CycMeas=0.0994, PriorBnd post/prior=2.52e-04/1.18e-04 | Best 0.0973 | Patience 18/40
 >> Epoch 135 | Train Total=0.7158 | Val post/prior Total=0.6650/0.7102, Recon post/prior=0.5866/0.5825, KL=0.0264, CycSim post/prior=0.0599/0.0379, CycMeas=0.0978, PriorBnd post/prior=1.86e-04/1.13e-04 | Best 0.0973 | Patience 19/40
 >> Epoch 136 | Train Total=0.7168 | Val post/prior Total=0.6637/0.7161, Recon post/prior=0.5876/0.5835, KL=0.0245, CycSim post/prior=0.0583/0.0382, CycMeas=0.1036, PriorBnd post/prior=1.51e-04/1.07e-04 | Best 0.0973 | Patience 20/40
 >> Epoch 137 | Train Total=0.7155 | Val post/prior Total=0.6627/0.7092, Recon post/prior=0.5869/0.5827, KL=0.0252, CycSim post/prior=0.0579/0.0367, CycMeas=0.0981, PriorBnd post/prior=1.46e-04/1.10e-04 | Best 0.0973 | Patience 21/40
 >> Epoch 138 | Train Total=0.7167 | Val post/prior Total=0.6651/0.7097, Recon post/prior=0.5860/0.5815, KL=0.0257, CycSim post/prior=0.0605/0.0381, CycMeas=0.0980, PriorBnd post/prior=1.60e-04/1.16e-04 | Best 0.0973 | Patience 22/40
 >> Epoch 139 | Train Total=0.7158 | Val post/prior Total=0.6669/0.7152, Recon post/prior=0.5884/0.5844, KL=0.0246, CycSim post/prior=0.0602/0.0404, CycMeas=0.0980, PriorBnd post/prior=1.18e-04/1.08e-04 | Best 0.0973 | Patience 23/40
 >> Epoch 140 | Train Total=0.7157 | Val post/prior Total=0.6660/0.7106, Recon post/prior=0.5865/0.5817, KL=0.0241, CycSim post/prior=0.0610/0.0388, CycMeas=0.0979, PriorBnd post/prior=1.70e-04/1.14e-04 | Best 0.0973 | Patience 24/40
 >> Epoch 141 | Train Total=0.7156 | Val post/prior Total=0.6643/0.7091, Recon post/prior=0.5867/0.5824, KL=0.0246, CycSim post/prior=0.0594/0.0363, CycMeas=0.0989, PriorBnd post/prior=2.12e-04/1.16e-04 | Best 0.0973 | Patience 25/40
 >> Epoch 142 | Train Total=0.7151 | Val post/prior Total=0.6605/0.7079, Recon post/prior=0.5861/0.5812, KL=0.0240, CycSim post/prior=0.0568/0.0371, CycMeas=0.0975, PriorBnd post/prior=1.31e-04/1.09e-04 | Best 0.0973 | Patience 26/40
 >> Epoch 143 | Train Total=0.7157 | Val post/prior Total=0.6665/0.7149, Recon post/prior=0.5892/0.5859, KL=0.0276, CycSim post/prior=0.0590/0.0388, CycMeas=0.0982, PriorBnd post/prior=1.51e-04/1.05e-04 | Best 0.0973 | Patience 27/40
 >> Epoch 144 | Train Total=0.7156 | Val post/prior Total=0.6619/0.7103, Recon post/prior=0.5874/0.5827, KL=0.0252, CycSim post/prior=0.0567/0.0380, CycMeas=0.0975, PriorBnd post/prior=2.07e-04/1.08e-04 | Best 0.0973 | Patience 28/40
 >> Epoch 145 | Train Total=0.7151 | Val post/prior Total=0.6621/0.7127, Recon post/prior=0.5877/0.5842, KL=0.0248, CycSim post/prior=0.0568/0.0386, CycMeas=0.0978, PriorBnd post/prior=1.23e-04/1.04e-04 | Best 0.0973 | Patience 29/40
 >> Epoch 146 | Train Total=0.7145 | Val post/prior Total=0.6632/0.7085, Recon post/prior=0.5860/0.5809, KL=0.0249, CycSim post/prior=0.0590/0.0376, CycMeas=0.0980, PriorBnd post/prior=1.48e-04/1.15e-04 | Best 0.0973 | Patience 30/40
 >> Epoch 147 | Train Total=0.7152 | Val post/prior Total=0.6637/0.7100, Recon post/prior=0.5870/0.5827, KL=0.0238, CycSim post/prior=0.0586/0.0376, CycMeas=0.0977, PriorBnd post/prior=3.02e-04/1.15e-04 | Best 0.0973 | Patience 31/40
 >> Epoch 148 | Train Total=0.7160 | Val post/prior Total=0.6604/0.7124, Recon post/prior=0.5871/0.5831, KL=0.0229, CycSim post/prior=0.0560/0.0377, CycMeas=0.1000, PriorBnd post/prior=2.08e-04/1.10e-04 | Best 0.0973 | Patience 32/40
 >> Epoch 149 | Train Total=0.7149 | Val post/prior Total=0.6653/0.7159, Recon post/prior=0.5889/0.5854, KL=0.0251, CycSim post/prior=0.0584/0.0402, CycMeas=0.0980, PriorBnd post/prior=1.31e-04/1.02e-04 | Best 0.0973 | Patience 33/40
 >> Epoch 150 | Train Total=0.7164 | Val post/prior Total=0.6614/0.7114, Recon post/prior=0.5881/0.5840, KL=0.0239, CycSim post/prior=0.0558/0.0377, CycMeas=0.0977, PriorBnd post/prior=1.27e-04/1.02e-04 | Best 0.0973 | Patience 34/40
 >> Epoch 151 | Train Total=0.7151 | Val post/prior Total=0.6659/0.7090, Recon post/prior=0.5866/0.5819, KL=0.0271, CycSim post/prior=0.0605/0.0372, CycMeas=0.0980, PriorBnd post/prior=2.86e-04/1.19e-04 | Best 0.0973 | Patience 35/40
 >> Epoch 152 | Train Total=0.7149 | Val post/prior Total=0.6634/0.7065, Recon post/prior=0.5855/0.5803, KL=0.0282, CycSim post/prior=0.0593/0.0363, CycMeas=0.0981, PriorBnd post/prior=1.97e-04/1.20e-04 | Best 0.0973 | Patience 36/40
 >> Epoch 153 | Train Total=0.7155 | Val post/prior Total=0.6614/0.7108, Recon post/prior=0.5872/0.5829, KL=0.0247, CycSim post/prior=0.0564/0.0370, CycMeas=0.0992, PriorBnd post/prior=2.83e-04/1.09e-04 | Best 0.0973 | Patience 37/40
 >> Epoch 154 | Train Total=0.7156 | Val post/prior Total=0.6632/0.7120, Recon post/prior=0.5878/0.5840, KL=0.0263, CycSim post/prior=0.0575/0.0380, CycMeas=0.0981, PriorBnd post/prior=1.46e-04/1.09e-04 | Best 0.0973 | Patience 38/40
 >> Epoch 155 | Train Total=0.7157 | Val post/prior Total=0.6635/0.7126, Recon post/prior=0.5881/0.5842, KL=0.0253, CycSim post/prior=0.0575/0.0386, CycMeas=0.0977, PriorBnd post/prior=1.87e-04/1.06e-04 | Best 0.0973 | Patience 39/40
 >> Epoch 156 | Train Total=0.7146 | Val post/prior Total=0.6795/0.7323, Recon post/prior=0.5949/0.5919, KL=0.0249, CycSim post/prior=0.0654/0.0488, CycMeas=0.0979, PriorBnd post/prior=1.09e-04/8.45e-05 | Best 0.0973 | Patience 40/40
[EarlyStop] at epoch 156
[Diag] Start to calcaulte diag in test preocess... 
[Diag] wrote 28930 rows to temp_Bidi_cvae\cvae_20251106-130227\diag_test.csv
[Diag] proxy_floor_ps  P50=0.0095  P90=0.0228  P95=0.0348  P99=0.2440
[Test] prior total=0.706826 | prior recon=0.581399 | kl=0.017727 | prior cyc_sim=0.036229 | cyc_meas=0.097466 | prior_l2=0.397936 | prior_bnd=0.000056 | 
