[log] tee initialized at 2025-11-05 03:56:48 -> temp_Bidi_cvae\cvae_20251105-035648\train.log
[L_trust] using 20000 ref rows from temp_Bidi_cvae\proxy\proxy_Ytr_norm.npy
 >> Epoch 001 | Train Total=92.1057 | Val post/prior Total=51735073.5519/1.0719, Recon post/prior=18.2380/0.7666, KL=516247764.3938, CycSim post/prior=0.1676/0.1260, CycMeas=0.1899, PriorBnd post/prior=5.55e+00/9.32e-04 | Best inf | Patience 1/40
[Update] best val_cyc_meas improved to 0.189865 @ epoch 1
 >> Epoch 002 | Train Total=0.9774 | Val post/prior Total=4418.7163/0.9720, Recon post/prior=1.1772/0.7271, KL=43498.2361, CycSim post/prior=0.1317/0.0907, CycMeas=0.1672, PriorBnd post/prior=1.14e-01/4.01e-04 | Best 0.1899 | Patience 1/40
[Update] best val_cyc_meas improved to 0.167166 @ epoch 2
 >> Epoch 003 | Train Total=0.8523 | Val post/prior Total=729.6930/0.9245, Recon post/prior=0.7590/0.7119, KL=7281.7562, CycSim post/prior=0.1210/0.0840, CycMeas=0.1368, PriorBnd post/prior=1.25e-02/2.84e-04 | Best 0.1672 | Patience 1/40
[Update] best val_cyc_meas improved to 0.136815 @ epoch 3
 >> Epoch 004 | Train Total=0.8099 | Val post/prior Total=195.2577/0.8758, Recon post/prior=0.8743/0.6971, KL=1806.6382, CycSim post/prior=0.1059/0.0651, CycMeas=0.1223, PriorBnd post/prior=5.88e-02/2.68e-04 | Best 0.1368 | Patience 1/40
[Update] best val_cyc_meas improved to 0.122325 @ epoch 4
 >> Epoch 005 | Train Total=0.7847 | Val post/prior Total=4.8797/0.8784, Recon post/prior=0.7054/0.6952, KL=40.3469, CycSim post/prior=0.1025/0.0708, CycMeas=0.1197, PriorBnd post/prior=1.50e-03/1.67e-04 | Best 0.1223 | Patience 1/40
[Update] best val_cyc_meas improved to 0.119750 @ epoch 5
 >> Epoch 006 | Train Total=0.7698 | Val post/prior Total=20.5492/0.8620, Recon post/prior=0.7153/0.6823, KL=194.0074, CycSim post/prior=0.0973/0.0603, CycMeas=0.1307, PriorBnd post/prior=8.33e-03/1.86e-04 | Best 0.1197 | Patience 1/40
 >> Epoch 007 | Train Total=0.7576 | Val post/prior Total=1.2446/0.8606, Recon post/prior=0.6870/0.6786, KL=4.3605, CycSim post/prior=0.0949/0.0622, CycMeas=0.1308, PriorBnd post/prior=1.39e-03/1.39e-04 | Best 0.1197 | Patience 2/40
 >> Epoch 008 | Train Total=0.7484 | Val post/prior Total=3.0970/0.8318, Recon post/prior=0.6871/0.6737, KL=22.6731, CycSim post/prior=0.0856/0.0564, CycMeas=0.1094, PriorBnd post/prior=1.86e-03/1.27e-04 | Best 0.1197 | Patience 3/40
[Update] best val_cyc_meas improved to 0.109369 @ epoch 8
 >> Epoch 009 | Train Total=0.7420 | Val post/prior Total=2.0359/0.8319, Recon post/prior=0.6939/0.6705, KL=10.7882, CycSim post/prior=0.0852/0.0536, CycMeas=0.1177, PriorBnd post/prior=5.27e-03/1.29e-04 | Best 0.1094 | Patience 1/40
 >> Epoch 010 | Train Total=0.7361 | Val post/prior Total=1.5020/0.8095, Recon post/prior=0.6829/0.6648, KL=6.5709, CycSim post/prior=0.0842/0.0506, CycMeas=0.1011, PriorBnd post/prior=3.82e-03/1.22e-04 | Best 0.1094 | Patience 2/40
[Update] best val_cyc_meas improved to 0.101142 @ epoch 10
 >> Epoch 011 | Train Total=0.7327 | Val post/prior Total=1.2198/0.8070, Recon post/prior=0.6722/0.6608, KL=4.2762, CycSim post/prior=0.0849/0.0522, CycMeas=0.1005, PriorBnd post/prior=1.77e-03/1.39e-04 | Best 0.1011 | Patience 1/40
[Update] best val_cyc_meas improved to 0.100547 @ epoch 11
 >> Epoch 012 | Train Total=0.7277 | Val post/prior Total=0.8684/0.8057, Recon post/prior=0.6698/0.6603, KL=0.8857, CycSim post/prior=0.0810/0.0500, CycMeas=0.1031, PriorBnd post/prior=1.76e-03/1.19e-04 | Best 0.1005 | Patience 1/40
 >> Epoch 013 | Train Total=0.7244 | Val post/prior Total=0.8563/0.8095, Recon post/prior=0.6653/0.6575, KL=0.8829, CycSim post/prior=0.0794/0.0511, CycMeas=0.1094, PriorBnd post/prior=9.64e-04/1.01e-04 | Best 0.1005 | Patience 2/40
 >> Epoch 014 | Train Total=0.7196 | Val post/prior Total=0.8353/0.8058, Recon post/prior=0.6600/0.6511, KL=0.6232, CycSim post/prior=0.0855/0.0537, CycMeas=0.1090, PriorBnd post/prior=1.36e-03/9.44e-05 | Best 0.1005 | Patience 3/40
 >> Epoch 015 | Train Total=0.7146 | Val post/prior Total=0.8164/0.8150, Recon post/prior=0.6591/0.6514, KL=0.4492, CycSim post/prior=0.0847/0.0579, CycMeas=0.1139, PriorBnd post/prior=1.26e-03/1.02e-04 | Best 0.1005 | Patience 4/40
 >> Epoch 016 | Train Total=0.7101 | Val post/prior Total=0.7894/0.7914, Recon post/prior=0.6505/0.6429, KL=0.3862, CycSim post/prior=0.0785/0.0471, CycMeas=0.1109, PriorBnd post/prior=9.25e-04/9.79e-05 | Best 0.1005 | Patience 5/40
 >> Epoch 017 | Train Total=0.7077 | Val post/prior Total=0.7632/0.7814, Recon post/prior=0.6469/0.6412, KL=0.2078, CycSim post/prior=0.0766/0.0461, CycMeas=0.1019, PriorBnd post/prior=3.34e-04/9.35e-05 | Best 0.1005 | Patience 6/40
 >> Epoch 018 | Train Total=0.7070 | Val post/prior Total=0.7701/0.7806, Recon post/prior=0.6469/0.6395, KL=0.2797, CycSim post/prior=0.0747/0.0459, CycMeas=0.1033, PriorBnd post/prior=9.27e-04/8.44e-05 | Best 0.1005 | Patience 7/40
 >> Epoch 019 | Train Total=0.7030 | Val post/prior Total=0.7638/0.7863, Recon post/prior=0.6452/0.6400, KL=0.2186, CycSim post/prior=0.0777/0.0524, CycMeas=0.1002, PriorBnd post/prior=4.58e-04/9.32e-05 | Best 0.1005 | Patience 8/40
[Update] best val_cyc_meas improved to 0.100244 @ epoch 19
 >> Epoch 020 | Train Total=0.7012 | Val post/prior Total=0.7508/0.7725, Recon post/prior=0.6422/0.6336, KL=0.1050, CycSim post/prior=0.0737/0.0472, CycMeas=0.0985, PriorBnd post/prior=1.22e-03/1.18e-04 | Best 0.1002 | Patience 1/40
[Update] best val_cyc_meas improved to 0.098499 @ epoch 20
 >> Epoch 021 | Train Total=0.6989 | Val post/prior Total=0.7429/0.7723, Recon post/prior=0.6380/0.6323, KL=0.1388, CycSim post/prior=0.0722/0.0446, CycMeas=0.1039, PriorBnd post/prior=6.77e-04/8.85e-05 | Best 0.0985 | Patience 1/40
 >> Epoch 022 | Train Total=0.6960 | Val post/prior Total=0.7343/0.7804, Recon post/prior=0.6374/0.6330, KL=0.0534, CycSim post/prior=0.0733/0.0519, CycMeas=0.1022, PriorBnd post/prior=3.82e-04/1.05e-04 | Best 0.0985 | Patience 2/40
 >> Epoch 023 | Train Total=0.6939 | Val post/prior Total=0.7368/0.7805, Recon post/prior=0.6345/0.6300, KL=0.0646, CycSim post/prior=0.0770/0.0523, CycMeas=0.1055, PriorBnd post/prior=2.87e-04/7.36e-05 | Best 0.0985 | Patience 3/40
 >> Epoch 024 | Train Total=0.6911 | Val post/prior Total=0.7307/0.7786, Recon post/prior=0.6338/0.6299, KL=0.0395, CycSim post/prior=0.0747/0.0520, CycMeas=0.1036, PriorBnd post/prior=2.21e-04/8.18e-05 | Best 0.0985 | Patience 4/40
 >> Epoch 025 | Train Total=0.6900 | Val post/prior Total=0.7262/0.7671, Recon post/prior=0.6300/0.6252, KL=0.0656, CycSim post/prior=0.0717/0.0467, CycMeas=0.1030, PriorBnd post/prior=3.56e-04/7.83e-05 | Best 0.0985 | Patience 5/40
 >> Epoch 026 | Train Total=0.6896 | Val post/prior Total=0.7211/0.7595, Recon post/prior=0.6272/0.6223, KL=0.0727, CycSim post/prior=0.0690/0.0447, CycMeas=0.1001, PriorBnd post/prior=4.66e-04/9.14e-05 | Best 0.0985 | Patience 6/40
 >> Epoch 027 | Train Total=0.6885 | Val post/prior Total=0.7253/0.7757, Recon post/prior=0.6311/0.6281, KL=0.0391, CycSim post/prior=0.0725/0.0526, CycMeas=0.1015, PriorBnd post/prior=1.42e-04/7.83e-05 | Best 0.0985 | Patience 7/40
 >> Epoch 028 | Train Total=0.6871 | Val post/prior Total=0.7126/0.7488, Recon post/prior=0.6214/0.6157, KL=0.0563, CycSim post/prior=0.0677/0.0413, CycMeas=0.0999, PriorBnd post/prior=6.31e-04/1.00e-04 | Best 0.0985 | Patience 8/40
 >> Epoch 029 | Train Total=0.6856 | Val post/prior Total=0.7077/0.7499, Recon post/prior=0.6189/0.6146, KL=0.0460, CycSim post/prior=0.0672/0.0436, CycMeas=0.0991, PriorBnd post/prior=1.96e-04/9.50e-05 | Best 0.0985 | Patience 9/40
 >> Epoch 030 | Train Total=0.6835 | Val post/prior Total=0.7048/0.7477, Recon post/prior=0.6169/0.6120, KL=0.0465, CycSim post/prior=0.0663/0.0418, CycMeas=0.1023, PriorBnd post/prior=2.79e-04/1.01e-04 | Best 0.0985 | Patience 10/40
 >> Epoch 031 | Train Total=0.6824 | Val post/prior Total=0.7011/0.7439, Recon post/prior=0.6164/0.6111, KL=0.0421, CycSim post/prior=0.0638/0.0413, CycMeas=0.0993, PriorBnd post/prior=4.02e-04/9.23e-05 | Best 0.0985 | Patience 11/40
 >> Epoch 032 | Train Total=0.6808 | Val post/prior Total=0.7012/0.7478, Recon post/prior=0.6159/0.6121, KL=0.0409, CycSim post/prior=0.0646/0.0431, CycMeas=0.1004, PriorBnd post/prior=1.85e-04/9.10e-05 | Best 0.0985 | Patience 12/40
 >> Epoch 033 | Train Total=0.6797 | Val post/prior Total=0.7211/0.7812, Recon post/prior=0.6266/0.6243, KL=0.0562, CycSim post/prior=0.0713/0.0548, CycMeas=0.1095, PriorBnd post/prior=1.32e-04/9.79e-05 | Best 0.0985 | Patience 13/40
 >> Epoch 034 | Train Total=0.6800 | Val post/prior Total=0.6954/0.7395, Recon post/prior=0.6112/0.6062, KL=0.0383, CycSim post/prior=0.0638/0.0398, CycMeas=0.1023, PriorBnd post/prior=2.47e-04/9.80e-05 | Best 0.0985 | Patience 14/40
 >> Epoch 035 | Train Total=0.6802 | Val post/prior Total=0.6955/0.7389, Recon post/prior=0.6102/0.6055, KL=0.0363, CycSim post/prior=0.0648/0.0421, CycMeas=0.0989, PriorBnd post/prior=3.32e-04/1.05e-04 | Best 0.0985 | Patience 15/40
 >> Epoch 036 | Train Total=0.6794 | Val post/prior Total=0.6938/0.7398, Recon post/prior=0.6100/0.6058, KL=0.0361, CycSim post/prior=0.0636/0.0416, CycMeas=0.1004, PriorBnd post/prior=3.84e-04/1.00e-04 | Best 0.0985 | Patience 16/40
 >> Epoch 037 | Train Total=0.6791 | Val post/prior Total=0.6965/0.7420, Recon post/prior=0.6082/0.6035, KL=0.0370, CycSim post/prior=0.0673/0.0460, CycMeas=0.0993, PriorBnd post/prior=2.54e-04/9.89e-05 | Best 0.0985 | Patience 17/40
 >> Epoch 038 | Train Total=0.6780 | Val post/prior Total=0.6866/0.7350, Recon post/prior=0.6065/0.6023, KL=0.0322, CycSim post/prior=0.0609/0.0392, CycMeas=0.1023, PriorBnd post/prior=1.14e-04/1.03e-04 | Best 0.0985 | Patience 18/40
 >> Epoch 039 | Train Total=0.6767 | Val post/prior Total=0.6888/0.7383, Recon post/prior=0.6050/0.6003, KL=0.0362, CycSim post/prior=0.0635/0.0420, CycMeas=0.1048, PriorBnd post/prior=3.46e-04/1.04e-04 | Best 0.0985 | Patience 19/40
 >> Epoch 040 | Train Total=0.6756 | Val post/prior Total=0.6906/0.7380, Recon post/prior=0.6069/0.6032, KL=0.0305, CycSim post/prior=0.0641/0.0431, CycMeas=0.0993, PriorBnd post/prior=1.49e-04/9.33e-05 | Best 0.0985 | Patience 20/40
 >> Epoch 041 | Train Total=0.6757 | Val post/prior Total=0.6898/0.7356, Recon post/prior=0.6040/0.6003, KL=0.0326, CycSim post/prior=0.0656/0.0406, CycMeas=0.1034, PriorBnd post/prior=2.37e-04/1.03e-04 | Best 0.0985 | Patience 21/40
 >> Epoch 042 | Train Total=0.6771 | Val post/prior Total=0.6862/0.7352, Recon post/prior=0.6043/0.6000, KL=0.0312, CycSim post/prior=0.0626/0.0432, CycMeas=0.0995, PriorBnd post/prior=2.24e-04/9.86e-05 | Best 0.0985 | Patience 22/40
 >> Epoch 043 | Train Total=0.6756 | Val post/prior Total=0.6820/0.7316, Recon post/prior=0.6026/0.5987, KL=0.0297, CycSim post/prior=0.0606/0.0396, CycMeas=0.1018, PriorBnd post/prior=1.66e-04/9.46e-05 | Best 0.0985 | Patience 23/40
 >> Epoch 044 | Train Total=0.6757 | Val post/prior Total=0.6881/0.7376, Recon post/prior=0.6061/0.6023, KL=0.0267, CycSim post/prior=0.0632/0.0442, CycMeas=0.0983, PriorBnd post/prior=1.49e-04/9.58e-05 | Best 0.0985 | Patience 24/40
[Update] best val_cyc_meas improved to 0.098254 @ epoch 44
 >> Epoch 045 | Train Total=0.6758 | Val post/prior Total=0.6804/0.7274, Recon post/prior=0.6002/0.5962, KL=0.0315, CycSim post/prior=0.0611/0.0397, CycMeas=0.0996, PriorBnd post/prior=1.62e-04/1.07e-04 | Best 0.0983 | Patience 1/40
 >> Epoch 046 | Train Total=0.6758 | Val post/prior Total=0.6755/0.7264, Recon post/prior=0.5990/0.5950, KL=0.0294, CycSim post/prior=0.0581/0.0402, CycMeas=0.0990, PriorBnd post/prior=2.37e-04/1.01e-04 | Best 0.0983 | Patience 2/40
 >> Epoch 047 | Train Total=0.6735 | Val post/prior Total=0.6754/0.7258, Recon post/prior=0.5986/0.5945, KL=0.0297, CycSim post/prior=0.0583/0.0395, CycMeas=0.0999, PriorBnd post/prior=2.35e-04/1.03e-04 | Best 0.0983 | Patience 3/40
 >> Epoch 048 | Train Total=0.6754 | Val post/prior Total=0.6810/0.7271, Recon post/prior=0.5986/0.5940, KL=0.0295, CycSim post/prior=0.0631/0.0413, CycMeas=0.0998, PriorBnd post/prior=1.16e-04/9.93e-05 | Best 0.0983 | Patience 4/40
 >> Epoch 049 | Train Total=0.6742 | Val post/prior Total=0.6798/0.7247, Recon post/prior=0.5971/0.5924, KL=0.0278, CycSim post/prior=0.0635/0.0412, CycMeas=0.0987, PriorBnd post/prior=2.16e-04/1.16e-04 | Best 0.0983 | Patience 5/40
 >> Epoch 050 | Train Total=0.6751 | Val post/prior Total=0.6906/0.7461, Recon post/prior=0.6046/0.6016, KL=0.0247, CycSim post/prior=0.0665/0.0497, CycMeas=0.1014, PriorBnd post/prior=2.75e-04/8.78e-05 | Best 0.0983 | Patience 6/40
 >> Epoch 051 | Train Total=0.6770 | Val post/prior Total=0.6795/0.7284, Recon post/prior=0.5965/0.5925, KL=0.0291, CycSim post/prior=0.0636/0.0425, CycMeas=0.1013, PriorBnd post/prior=1.80e-04/1.11e-04 | Best 0.0983 | Patience 7/40
 >> Epoch 052 | Train Total=0.6760 | Val post/prior Total=0.6733/0.7200, Recon post/prior=0.5942/0.5893, KL=0.0288, CycSim post/prior=0.0604/0.0387, CycMeas=0.1003, PriorBnd post/prior=1.58e-04/1.19e-04 | Best 0.0983 | Patience 8/40
 >> Epoch 053 | Train Total=0.6752 | Val post/prior Total=0.6715/0.7162, Recon post/prior=0.5929/0.5885, KL=0.0287, CycSim post/prior=0.0599/0.0380, CycMeas=0.0976, PriorBnd post/prior=1.66e-04/1.23e-04 | Best 0.0983 | Patience 9/40
[Update] best val_cyc_meas improved to 0.097639 @ epoch 53
 >> Epoch 054 | Train Total=0.6763 | Val post/prior Total=0.6706/0.7208, Recon post/prior=0.5925/0.5879, KL=0.0279, CycSim post/prior=0.0595/0.0371, CycMeas=0.1054, PriorBnd post/prior=1.75e-04/1.18e-04 | Best 0.0976 | Patience 1/40
 >> Epoch 055 | Train Total=0.6755 | Val post/prior Total=0.6730/0.7211, Recon post/prior=0.5939/0.5894, KL=0.0248, CycSim post/prior=0.0606/0.0406, CycMeas=0.0987, PriorBnd post/prior=1.64e-04/1.12e-04 | Best 0.0976 | Patience 2/40
 >> Epoch 056 | Train Total=0.6764 | Val post/prior Total=0.6723/0.7224, Recon post/prior=0.5947/0.5912, KL=0.0273, CycSim post/prior=0.0593/0.0402, CycMeas=0.0988, PriorBnd post/prior=1.13e-04/9.90e-05 | Best 0.0976 | Patience 3/40
 >> Epoch 057 | Train Total=0.6767 | Val post/prior Total=0.6755/0.7259, Recon post/prior=0.5943/0.5909, KL=0.0269, CycSim post/prior=0.0623/0.0414, CycMeas=0.1019, PriorBnd post/prior=2.02e-04/1.11e-04 | Best 0.0976 | Patience 4/40
 >> Epoch 058 | Train Total=0.6772 | Val post/prior Total=0.6678/0.7152, Recon post/prior=0.5917/0.5874, KL=0.0246, CycSim post/prior=0.0581/0.0377, CycMeas=0.0982, PriorBnd post/prior=2.51e-04/1.28e-04 | Best 0.0976 | Patience 5/40
 >> Epoch 059 | Train Total=0.6780 | Val post/prior Total=0.6718/0.7201, Recon post/prior=0.5931/0.5892, KL=0.0237, CycSim post/prior=0.0605/0.0400, CycMeas=0.0988, PriorBnd post/prior=1.72e-04/1.15e-04 | Best 0.0976 | Patience 6/40
 >> Epoch 060 | Train Total=0.6781 | Val post/prior Total=0.6678/0.7175, Recon post/prior=0.5925/0.5884, KL=0.0258, CycSim post/prior=0.0574/0.0384, CycMeas=0.0990, PriorBnd post/prior=2.82e-04/1.12e-04 | Best 0.0976 | Patience 7/40
 >> Epoch 061 | Train Total=0.6806 | Val post/prior Total=0.6672/0.7182, Recon post/prior=0.5920/0.5888, KL=0.0245, CycSim post/prior=0.0575/0.0389, CycMeas=0.0985, PriorBnd post/prior=1.29e-04/1.10e-04 | Best 0.0976 | Patience 8/40
 >> Epoch 062 | Train Total=0.6792 | Val post/prior Total=0.6733/0.7206, Recon post/prior=0.5933/0.5893, KL=0.0259, CycSim post/prior=0.0614/0.0412, CycMeas=0.0975, PriorBnd post/prior=2.40e-04/1.11e-04 | Best 0.0976 | Patience 9/40
[Update] best val_cyc_meas improved to 0.097501 @ epoch 62
 >> Epoch 063 | Train Total=0.6788 | Val post/prior Total=0.6669/0.7166, Recon post/prior=0.5911/0.5874, KL=0.0257, CycSim post/prior=0.0578/0.0380, CycMeas=0.0996, PriorBnd post/prior=2.08e-04/1.13e-04 | Best 0.0975 | Patience 1/40
 >> Epoch 064 | Train Total=0.6798 | Val post/prior Total=0.6641/0.7129, Recon post/prior=0.5894/0.5854, KL=0.0244, CycSim post/prior=0.0569/0.0373, CycMeas=0.0983, PriorBnd post/prior=2.00e-04/1.23e-04 | Best 0.0975 | Patience 2/40
 >> Epoch 065 | Train Total=0.6821 | Val post/prior Total=0.6661/0.7167, Recon post/prior=0.5913/0.5873, KL=0.0266, CycSim post/prior=0.0570/0.0379, CycMeas=0.1000, PriorBnd post/prior=1.51e-04/1.14e-04 | Best 0.0975 | Patience 3/40
 >> Epoch 066 | Train Total=0.6804 | Val post/prior Total=0.6654/0.7156, Recon post/prior=0.5906/0.5865, KL=0.0244, CycSim post/prior=0.0571/0.0384, CycMeas=0.0988, PriorBnd post/prior=1.46e-04/1.14e-04 | Best 0.0975 | Patience 4/40
 >> Epoch 067 | Train Total=0.6808 | Val post/prior Total=0.6746/0.7247, Recon post/prior=0.5937/0.5901, KL=0.0249, CycSim post/prior=0.0623/0.0435, CycMeas=0.0983, PriorBnd post/prior=1.11e-04/1.12e-04 | Best 0.0975 | Patience 5/40
 >> Epoch 068 | Train Total=0.6829 | Val post/prior Total=0.6690/0.7227, Recon post/prior=0.5925/0.5896, KL=0.0229, CycSim post/prior=0.0587/0.0421, CycMeas=0.0983, PriorBnd post/prior=1.28e-04/1.03e-04 | Best 0.0975 | Patience 6/40
 >> Epoch 069 | Train Total=0.6828 | Val post/prior Total=0.6670/0.7129, Recon post/prior=0.5888/0.5844, KL=0.0254, CycSim post/prior=0.0598/0.0385, CycMeas=0.0980, PriorBnd post/prior=2.05e-04/1.21e-04 | Best 0.0975 | Patience 7/40
 >> Epoch 070 | Train Total=0.6837 | Val post/prior Total=0.6656/0.7162, Recon post/prior=0.5894/0.5860, KL=0.0248, CycSim post/prior=0.0583/0.0389, CycMeas=0.0995, PriorBnd post/prior=1.24e-04/1.19e-04 | Best 0.0975 | Patience 8/40
 >> Epoch 071 | Train Total=0.6838 | Val post/prior Total=0.6666/0.7118, Recon post/prior=0.5878/0.5833, KL=0.0244, CycSim post/prior=0.0603/0.0376, CycMeas=0.0992, PriorBnd post/prior=2.64e-04/1.25e-04 | Best 0.0975 | Patience 9/40
 >> Epoch 072 | Train Total=0.6845 | Val post/prior Total=0.6653/0.7109, Recon post/prior=0.5873/0.5824, KL=0.0251, CycSim post/prior=0.0595/0.0379, CycMeas=0.0986, PriorBnd post/prior=2.28e-04/1.34e-04 | Best 0.0975 | Patience 10/40
 >> Epoch 073 | Train Total=0.6852 | Val post/prior Total=0.6663/0.7144, Recon post/prior=0.5892/0.5851, KL=0.0229, CycSim post/prior=0.0592/0.0391, CycMeas=0.0980, PriorBnd post/prior=1.21e-04/1.15e-04 | Best 0.0975 | Patience 11/40
 >> Epoch 074 | Train Total=0.6865 | Val post/prior Total=0.6647/0.7123, Recon post/prior=0.5889/0.5846, KL=0.0224, CycSim post/prior=0.0581/0.0378, CycMeas=0.0980, PriorBnd post/prior=1.78e-04/1.29e-04 | Best 0.0975 | Patience 12/40
 >> Epoch 075 | Train Total=0.6860 | Val post/prior Total=0.6635/0.7122, Recon post/prior=0.5889/0.5848, KL=0.0247, CycSim post/prior=0.0568/0.0375, CycMeas=0.0980, PriorBnd post/prior=1.67e-04/1.20e-04 | Best 0.0975 | Patience 13/40
 >> Epoch 076 | Train Total=0.6872 | Val post/prior Total=0.6635/0.7096, Recon post/prior=0.5868/0.5823, KL=0.0269, CycSim post/prior=0.0584/0.0366, CycMeas=0.0992, PriorBnd post/prior=2.17e-04/1.29e-04 | Best 0.0975 | Patience 14/40
 >> Epoch 077 | Train Total=0.6876 | Val post/prior Total=0.7272/0.7843, Recon post/prior=0.6167/0.6143, KL=0.0419, CycSim post/prior=0.0860/0.0712, CycMeas=0.1016, PriorBnd post/prior=1.12e-04/8.38e-05 | Best 0.0975 | Patience 15/40
 >> Epoch 078 | Train Total=0.6878 | Val post/prior Total=0.6919/0.7479, Recon post/prior=0.6025/0.6004, KL=0.0293, CycSim post/prior=0.0692/0.0539, CycMeas=0.0991, PriorBnd post/prior=1.18e-04/8.76e-05 | Best 0.0975 | Patience 16/40
 >> Epoch 079 | Train Total=0.6900 | Val post/prior Total=0.6667/0.7178, Recon post/prior=0.5892/0.5858, KL=0.0224, CycSim post/prior=0.0596/0.0413, CycMeas=0.0982, PriorBnd post/prior=1.44e-04/1.10e-04 | Best 0.0975 | Patience 17/40
 >> Epoch 080 | Train Total=0.6904 | Val post/prior Total=0.6646/0.7119, Recon post/prior=0.5871/0.5831, KL=0.0242, CycSim post/prior=0.0594/0.0379, CycMeas=0.0991, PriorBnd post/prior=1.53e-04/1.25e-04 | Best 0.0975 | Patience 18/40
 >> Epoch 081 | Train Total=0.6912 | Val post/prior Total=0.6651/0.7097, Recon post/prior=0.5868/0.5814, KL=0.0267, CycSim post/prior=0.0595/0.0371, CycMeas=0.0996, PriorBnd post/prior=3.98e-04/1.33e-04 | Best 0.0975 | Patience 19/40
 >> Epoch 082 | Train Total=0.6916 | Val post/prior Total=0.7427/0.8056, Recon post/prior=0.6282/0.6271, KL=0.0487, CycSim post/prior=0.0888/0.0751, CycMeas=0.1067, PriorBnd post/prior=8.42e-05/8.04e-05 | Best 0.0975 | Patience 20/40
 >> Epoch 083 | Train Total=0.6929 | Val post/prior Total=0.6761/0.7314, Recon post/prior=0.5941/0.5908, KL=0.0218, CycSim post/prior=0.0635/0.0478, CycMeas=0.0995, PriorBnd post/prior=1.23e-04/9.84e-05 | Best 0.0975 | Patience 21/40
 >> Epoch 084 | Train Total=0.6930 | Val post/prior Total=0.6617/0.7121, Recon post/prior=0.5880/0.5839, KL=0.0240, CycSim post/prior=0.0561/0.0383, CycMeas=0.0978, PriorBnd post/prior=1.82e-04/1.16e-04 | Best 0.0975 | Patience 22/40
 >> Epoch 085 | Train Total=0.6944 | Val post/prior Total=0.6630/0.7118, Recon post/prior=0.5865/0.5823, KL=0.0254, CycSim post/prior=0.0584/0.0384, CycMeas=0.0993, PriorBnd post/prior=1.87e-04/1.20e-04 | Best 0.0975 | Patience 23/40
 >> Epoch 086 | Train Total=0.6954 | Val post/prior Total=0.6635/0.7093, Recon post/prior=0.5872/0.5824, KL=0.0240, CycSim post/prior=0.0582/0.0368, CycMeas=0.0984, PriorBnd post/prior=3.18e-04/1.18e-04 | Best 0.0975 | Patience 24/40
 >> Epoch 087 | Train Total=0.6962 | Val post/prior Total=0.6649/0.7102, Recon post/prior=0.5864/0.5815, KL=0.0242, CycSim post/prior=0.0601/0.0387, CycMeas=0.0978, PriorBnd post/prior=1.73e-04/1.23e-04 | Best 0.0975 | Patience 25/40
 >> Epoch 088 | Train Total=0.6966 | Val post/prior Total=0.6687/0.7107, Recon post/prior=0.5856/0.5808, KL=0.0258, CycSim post/prior=0.0638/0.0382, CycMeas=0.0999, PriorBnd post/prior=2.22e-04/1.44e-04 | Best 0.0975 | Patience 26/40
 >> Epoch 089 | Train Total=0.6975 | Val post/prior Total=0.6705/0.7213, Recon post/prior=0.5908/0.5871, KL=0.0240, CycSim post/prior=0.0613/0.0424, CycMeas=0.0995, PriorBnd post/prior=2.01e-04/1.20e-04 | Best 0.0975 | Patience 27/40
 >> Epoch 090 | Train Total=0.6992 | Val post/prior Total=0.6631/0.7106, Recon post/prior=0.5870/0.5829, KL=0.0239, CycSim post/prior=0.0582/0.0380, CycMeas=0.0975, PriorBnd post/prior=1.30e-04/1.21e-04 | Best 0.0975 | Patience 28/40
 >> Epoch 091 | Train Total=0.6988 | Val post/prior Total=0.6937/0.7517, Recon post/prior=0.6006/0.5985, KL=0.0228, CycSim post/prior=0.0728/0.0588, CycMeas=0.0989, PriorBnd post/prior=1.25e-04/8.10e-05 | Best 0.0975 | Patience 29/40
 >> Epoch 092 | Train Total=0.6978 | Val post/prior Total=0.6700/0.7223, Recon post/prior=0.5880/0.5849, KL=0.0266, CycSim post/prior=0.0630/0.0412, CycMeas=0.1049, PriorBnd post/prior=1.61e-04/1.27e-04 | Best 0.0975 | Patience 30/40
 >> Epoch 093 | Train Total=0.7007 | Val post/prior Total=0.6635/0.7099, Recon post/prior=0.5874/0.5828, KL=0.0250, CycSim post/prior=0.0582/0.0370, CycMeas=0.0983, PriorBnd post/prior=1.76e-04/1.23e-04 | Best 0.0975 | Patience 31/40
 >> Epoch 094 | Train Total=0.7026 | Val post/prior Total=0.6627/0.7105, Recon post/prior=0.5865/0.5822, KL=0.0240, CycSim post/prior=0.0582/0.0376, CycMeas=0.0989, PriorBnd post/prior=2.09e-04/1.21e-04 | Best 0.0975 | Patience 32/40
 >> Epoch 095 | Train Total=0.7017 | Val post/prior Total=0.6826/0.7368, Recon post/prior=0.5989/0.5958, KL=0.0242, CycSim post/prior=0.0649/0.0494, CycMeas=0.0978, PriorBnd post/prior=1.00e-04/8.79e-05 | Best 0.0975 | Patience 33/40
 >> Epoch 096 | Train Total=0.7021 | Val post/prior Total=0.6657/0.7082, Recon post/prior=0.5862/0.5810, KL=0.0266, CycSim post/prior=0.0607/0.0377, CycMeas=0.0975, PriorBnd post/prior=2.30e-04/1.29e-04 | Best 0.0975 | Patience 34/40
[Update] best val_cyc_meas improved to 0.097454 @ epoch 96
 >> Epoch 097 | Train Total=0.7026 | Val post/prior Total=0.6735/0.7238, Recon post/prior=0.5901/0.5865, KL=0.0247, CycSim post/prior=0.0643/0.0449, CycMeas=0.0994, PriorBnd post/prior=1.46e-04/1.14e-04 | Best 0.0975 | Patience 1/40
 >> Epoch 098 | Train Total=0.7047 | Val post/prior Total=0.6619/0.7078, Recon post/prior=0.5859/0.5819, KL=0.0256, CycSim post/prior=0.0579/0.0363, CycMeas=0.0978, PriorBnd post/prior=2.08e-04/1.30e-04 | Best 0.0975 | Patience 2/40
 >> Epoch 099 | Train Total=0.7059 | Val post/prior Total=0.6623/0.7140, Recon post/prior=0.5862/0.5816, KL=0.0252, CycSim post/prior=0.0581/0.0377, CycMeas=0.1039, PriorBnd post/prior=1.88e-04/1.30e-04 | Best 0.0975 | Patience 3/40
 >> Epoch 100 | Train Total=0.7042 | Val post/prior Total=0.6620/0.7074, Recon post/prior=0.5857/0.5809, KL=0.0257, CycSim post/prior=0.0580/0.0364, CycMeas=0.0983, PriorBnd post/prior=2.75e-04/1.32e-04 | Best 0.0975 | Patience 4/40
 >> Epoch 101 | Train Total=0.7067 | Val post/prior Total=0.6618/0.7068, Recon post/prior=0.5859/0.5809, KL=0.0261, CycSim post/prior=0.0577/0.0367, CycMeas=0.0971, PriorBnd post/prior=2.83e-04/1.32e-04 | Best 0.0975 | Patience 5/40
[Update] best val_cyc_meas improved to 0.097146 @ epoch 101
 >> Epoch 102 | Train Total=0.7060 | Val post/prior Total=0.6619/0.7107, Recon post/prior=0.5874/0.5837, KL=0.0241, CycSim post/prior=0.0569/0.0368, CycMeas=0.0986, PriorBnd post/prior=1.52e-04/1.22e-04 | Best 0.0971 | Patience 1/40
 >> Epoch 103 | Train Total=0.7082 | Val post/prior Total=0.6612/0.7119, Recon post/prior=0.5877/0.5842, KL=0.0242, CycSim post/prior=0.0560/0.0381, CycMeas=0.0975, PriorBnd post/prior=1.74e-04/1.24e-04 | Best 0.0971 | Patience 2/40
 >> Epoch 104 | Train Total=0.7076 | Val post/prior Total=0.6636/0.7151, Recon post/prior=0.5885/0.5848, KL=0.0234, CycSim post/prior=0.0573/0.0395, CycMeas=0.0989, PriorBnd post/prior=3.01e-04/1.22e-04 | Best 0.0971 | Patience 3/40
 >> Epoch 105 | Train Total=0.7120 | Val post/prior Total=0.6664/0.7147, Recon post/prior=0.5888/0.5852, KL=0.0252, CycSim post/prior=0.0594/0.0395, CycMeas=0.0977, PriorBnd post/prior=1.42e-04/1.18e-04 | Best 0.0971 | Patience 4/40
 >> Epoch 106 | Train Total=0.7116 | Val post/prior Total=0.7313/0.7988, Recon post/prior=0.6235/0.6226, KL=0.0452, CycSim post/prior=0.0834/0.0690, CycMeas=0.1128, PriorBnd post/prior=1.00e-04/8.93e-05 | Best 0.0971 | Patience 5/40
 >> Epoch 107 | Train Total=0.7117 | Val post/prior Total=0.6611/0.7072, Recon post/prior=0.5861/0.5814, KL=0.0256, CycSim post/prior=0.0571/0.0363, CycMeas=0.0979, PriorBnd post/prior=1.78e-04/1.28e-04 | Best 0.0971 | Patience 6/40
 >> Epoch 108 | Train Total=0.7119 | Val post/prior Total=0.6749/0.7293, Recon post/prior=0.5957/0.5931, KL=0.0256, CycSim post/prior=0.0607/0.0452, CycMeas=0.0978, PriorBnd post/prior=2.49e-04/1.00e-04 | Best 0.0971 | Patience 7/40
 >> Epoch 109 | Train Total=0.7137 | Val post/prior Total=0.6638/0.7073, Recon post/prior=0.5866/0.5812, KL=0.0279, CycSim post/prior=0.0587/0.0365, CycMeas=0.0979, PriorBnd post/prior=2.13e-04/1.30e-04 | Best 0.0971 | Patience 8/40
 >> Epoch 110 | Train Total=0.7138 | Val post/prior Total=0.6696/0.7129, Recon post/prior=0.5874/0.5821, KL=0.0239, CycSim post/prior=0.0633/0.0404, CycMeas=0.0979, PriorBnd post/prior=1.77e-04/1.22e-04 | Best 0.0971 | Patience 9/40
 >> Epoch 111 | Train Total=0.7132 | Val post/prior Total=0.6624/0.7100, Recon post/prior=0.5864/0.5819, KL=0.0238, CycSim post/prior=0.0580/0.0372, CycMeas=0.0995, PriorBnd post/prior=2.95e-04/1.26e-04 | Best 0.0971 | Patience 10/40
 >> Epoch 112 | Train Total=0.7138 | Val post/prior Total=0.7096/0.7648, Recon post/prior=0.6116/0.6098, KL=0.0396, CycSim post/prior=0.0756/0.0588, CycMeas=0.1011, PriorBnd post/prior=1.09e-04/9.92e-05 | Best 0.0971 | Patience 11/40
 >> Epoch 113 | Train Total=0.7144 | Val post/prior Total=0.6686/0.7155, Recon post/prior=0.5901/0.5860, KL=0.0271, CycSim post/prior=0.0600/0.0399, CycMeas=0.0973, PriorBnd post/prior=2.13e-04/1.16e-04 | Best 0.0971 | Patience 12/40
 >> Epoch 114 | Train Total=0.7146 | Val post/prior Total=0.6626/0.7105, Recon post/prior=0.5863/0.5824, KL=0.0255, CycSim post/prior=0.0582/0.0379, CycMeas=0.0983, PriorBnd post/prior=1.46e-04/1.27e-04 | Best 0.0971 | Patience 13/40
 >> Epoch 115 | Train Total=0.7152 | Val post/prior Total=0.6609/0.7077, Recon post/prior=0.5859/0.5812, KL=0.0268, CycSim post/prior=0.0569/0.0367, CycMeas=0.0981, PriorBnd post/prior=1.67e-04/1.23e-04 | Best 0.0971 | Patience 14/40
 >> Epoch 116 | Train Total=0.7154 | Val post/prior Total=0.6644/0.7084, Recon post/prior=0.5863/0.5818, KL=0.0279, CycSim post/prior=0.0595/0.0373, CycMeas=0.0972, PriorBnd post/prior=2.14e-04/1.32e-04 | Best 0.0971 | Patience 15/40
 >> Epoch 117 | Train Total=0.7134 | Val post/prior Total=0.6629/0.7099, Recon post/prior=0.5871/0.5828, KL=0.0247, CycSim post/prior=0.0578/0.0373, CycMeas=0.0979, PriorBnd post/prior=2.51e-04/1.30e-04 | Best 0.0971 | Patience 16/40
 >> Epoch 118 | Train Total=0.7135 | Val post/prior Total=0.6687/0.7177, Recon post/prior=0.5900/0.5863, KL=0.0231, CycSim post/prior=0.0605/0.0409, CycMeas=0.0982, PriorBnd post/prior=1.48e-04/1.04e-04 | Best 0.0971 | Patience 17/40
 >> Epoch 119 | Train Total=0.7150 | Val post/prior Total=0.6589/0.7104, Recon post/prior=0.5867/0.5835, KL=0.0238, CycSim post/prior=0.0550/0.0376, CycMeas=0.0973, PriorBnd post/prior=1.13e-04/1.14e-04 | Best 0.0971 | Patience 18/40
 >> Epoch 120 | Train Total=0.7141 | Val post/prior Total=0.6646/0.7086, Recon post/prior=0.5856/0.5817, KL=0.0265, CycSim post/prior=0.0602/0.0373, CycMeas=0.0975, PriorBnd post/prior=2.41e-04/1.36e-04 | Best 0.0971 | Patience 19/40
 >> Epoch 121 | Train Total=0.7155 | Val post/prior Total=0.6678/0.7189, Recon post/prior=0.5903/0.5869, KL=0.0236, CycSim post/prior=0.0595/0.0408, CycMeas=0.0991, PriorBnd post/prior=1.98e-04/1.14e-04 | Best 0.0971 | Patience 20/40
 >> Epoch 122 | Train Total=0.7141 | Val post/prior Total=0.6658/0.7153, Recon post/prior=0.5898/0.5846, KL=0.0250, CycSim post/prior=0.0579/0.0403, CycMeas=0.0981, PriorBnd post/prior=2.90e-04/1.09e-04 | Best 0.0971 | Patience 21/40
 >> Epoch 123 | Train Total=0.7163 | Val post/prior Total=0.6601/0.7081, Recon post/prior=0.5860/0.5813, KL=0.0249, CycSim post/prior=0.0563/0.0368, CycMeas=0.0981, PriorBnd post/prior=1.87e-04/1.32e-04 | Best 0.0971 | Patience 22/40
 >> Epoch 124 | Train Total=0.7152 | Val post/prior Total=0.6655/0.7115, Recon post/prior=0.5871/0.5830, KL=0.0251, CycSim post/prior=0.0600/0.0389, CycMeas=0.0973, PriorBnd post/prior=2.28e-04/1.27e-04 | Best 0.0971 | Patience 23/40
 >> Epoch 125 | Train Total=0.7130 | Val post/prior Total=0.6676/0.7134, Recon post/prior=0.5860/0.5811, KL=0.0256, CycSim post/prior=0.0626/0.0401, CycMeas=0.1003, PriorBnd post/prior=2.06e-04/1.30e-04 | Best 0.0971 | Patience 24/40
 >> Epoch 126 | Train Total=0.7128 | Val post/prior Total=0.7005/0.7563, Recon post/prior=0.6066/0.6040, KL=0.0279, CycSim post/prior=0.0732/0.0587, CycMeas=0.0980, PriorBnd post/prior=8.49e-05/7.84e-05 | Best 0.0971 | Patience 25/40
 >> Epoch 127 | Train Total=0.7144 | Val post/prior Total=0.6849/0.7394, Recon post/prior=0.5958/0.5923, KL=0.0251, CycSim post/prior=0.0691/0.0528, CycMeas=0.1001, PriorBnd post/prior=1.19e-04/9.56e-05 | Best 0.0971 | Patience 26/40
 >> Epoch 128 | Train Total=0.7122 | Val post/prior Total=0.6690/0.7172, Recon post/prior=0.5890/0.5859, KL=0.0297, CycSim post/prior=0.0610/0.0411, CycMeas=0.0975, PriorBnd post/prior=1.42e-04/1.22e-04 | Best 0.0971 | Patience 27/40
 >> Epoch 129 | Train Total=0.7143 | Val post/prior Total=0.6645/0.7158, Recon post/prior=0.5897/0.5865, KL=0.0244, CycSim post/prior=0.0572/0.0398, CycMeas=0.0971, PriorBnd post/prior=1.39e-04/1.21e-04 | Best 0.0971 | Patience 28/40
[Update] best val_cyc_meas improved to 0.097126 @ epoch 129
 >> Epoch 130 | Train Total=0.7145 | Val post/prior Total=0.6625/0.7135, Recon post/prior=0.5883/0.5851, KL=0.0236, CycSim post/prior=0.0567/0.0388, CycMeas=0.0973, PriorBnd post/prior=1.99e-04/1.16e-04 | Best 0.0971 | Patience 1/40
 >> Epoch 131 | Train Total=0.7135 | Val post/prior Total=0.6627/0.7087, Recon post/prior=0.5866/0.5820, KL=0.0246, CycSim post/prior=0.0581/0.0371, CycMeas=0.0977, PriorBnd post/prior=2.30e-04/1.20e-04 | Best 0.0971 | Patience 2/40
 >> Epoch 132 | Train Total=0.7125 | Val post/prior Total=0.6627/0.7084, Recon post/prior=0.5858/0.5811, KL=0.0258, CycSim post/prior=0.0586/0.0377, CycMeas=0.0976, PriorBnd post/prior=1.93e-04/1.32e-04 | Best 0.0971 | Patience 3/40
 >> Epoch 133 | Train Total=0.7121 | Val post/prior Total=0.6650/0.7131, Recon post/prior=0.5884/0.5839, KL=0.0244, CycSim post/prior=0.0587/0.0395, CycMeas=0.0973, PriorBnd post/prior=1.23e-04/1.11e-04 | Best 0.0971 | Patience 4/40
 >> Epoch 134 | Train Total=0.7126 | Val post/prior Total=0.6623/0.7076, Recon post/prior=0.5859/0.5806, KL=0.0279, CycSim post/prior=0.0580/0.0366, CycMeas=0.0987, PriorBnd post/prior=2.52e-04/1.32e-04 | Best 0.0971 | Patience 5/40
 >> Epoch 135 | Train Total=0.7140 | Val post/prior Total=0.6650/0.7094, Recon post/prior=0.5861/0.5820, KL=0.0264, CycSim post/prior=0.0602/0.0379, CycMeas=0.0975, PriorBnd post/prior=2.17e-04/1.28e-04 | Best 0.0971 | Patience 6/40
 >> Epoch 136 | Train Total=0.7141 | Val post/prior Total=0.6635/0.7156, Recon post/prior=0.5871/0.5830, KL=0.0247, CycSim post/prior=0.0584/0.0380, CycMeas=0.1039, PriorBnd post/prior=1.77e-04/1.21e-04 | Best 0.0971 | Patience 7/40
 >> Epoch 137 | Train Total=0.7131 | Val post/prior Total=0.6631/0.7090, Recon post/prior=0.5863/0.5822, KL=0.0252, CycSim post/prior=0.0587/0.0371, CycMeas=0.0979, PriorBnd post/prior=1.62e-04/1.26e-04 | Best 0.0971 | Patience 8/40
 >> Epoch 138 | Train Total=0.7150 | Val post/prior Total=0.6653/0.7090, Recon post/prior=0.5856/0.5811, KL=0.0258, CycSim post/prior=0.0610/0.0380, CycMeas=0.0977, PriorBnd post/prior=1.84e-04/1.31e-04 | Best 0.0971 | Patience 9/40
 >> Epoch 139 | Train Total=0.7138 | Val post/prior Total=0.6663/0.7141, Recon post/prior=0.5879/0.5840, KL=0.0250, CycSim post/prior=0.0601/0.0399, CycMeas=0.0978, PriorBnd post/prior=1.33e-04/1.24e-04 | Best 0.0971 | Patience 10/40
 >> Epoch 140 | Train Total=0.7142 | Val post/prior Total=0.6660/0.7104, Recon post/prior=0.5860/0.5812, KL=0.0244, CycSim post/prior=0.0614/0.0389, CycMeas=0.0981, PriorBnd post/prior=1.88e-04/1.30e-04 | Best 0.0971 | Patience 11/40
 >> Epoch 141 | Train Total=0.7148 | Val post/prior Total=0.6645/0.7086, Recon post/prior=0.5862/0.5819, KL=0.0247, CycSim post/prior=0.0599/0.0365, CycMeas=0.0986, PriorBnd post/prior=2.28e-04/1.32e-04 | Best 0.0971 | Patience 12/40
 >> Epoch 142 | Train Total=0.7132 | Val post/prior Total=0.6608/0.7071, Recon post/prior=0.5856/0.5807, KL=0.0239, CycSim post/prior=0.0574/0.0370, CycMeas=0.0974, PriorBnd post/prior=1.45e-04/1.24e-04 | Best 0.0971 | Patience 13/40
 >> Epoch 143 | Train Total=0.7146 | Val post/prior Total=0.6673/0.7149, Recon post/prior=0.5886/0.5853, KL=0.0278, CycSim post/prior=0.0601/0.0394, CycMeas=0.0980, PriorBnd post/prior=1.73e-04/1.19e-04 | Best 0.0971 | Patience 14/40
 >> Epoch 144 | Train Total=0.7143 | Val post/prior Total=0.6619/0.7098, Recon post/prior=0.5868/0.5822, KL=0.0252, CycSim post/prior=0.0572/0.0380, CycMeas=0.0974, PriorBnd post/prior=2.31e-04/1.25e-04 | Best 0.0971 | Patience 15/40
 >> Epoch 145 | Train Total=0.7126 | Val post/prior Total=0.6619/0.7116, Recon post/prior=0.5870/0.5835, KL=0.0250, CycSim post/prior=0.0571/0.0383, CycMeas=0.0977, PriorBnd post/prior=1.36e-04/1.17e-04 | Best 0.0971 | Patience 16/40
 >> Epoch 146 | Train Total=0.7134 | Val post/prior Total=0.6634/0.7077, Recon post/prior=0.5856/0.5805, KL=0.0250, CycSim post/prior=0.0594/0.0376, CycMeas=0.0976, PriorBnd post/prior=1.74e-04/1.31e-04 | Best 0.0971 | Patience 17/40
 >> Epoch 147 | Train Total=0.7132 | Val post/prior Total=0.6643/0.7095, Recon post/prior=0.5867/0.5822, KL=0.0243, CycSim post/prior=0.0593/0.0380, CycMeas=0.0971, PriorBnd post/prior=3.75e-04/1.28e-04 | Best 0.0971 | Patience 18/40
[Update] best val_cyc_meas improved to 0.097119 @ epoch 147
 >> Epoch 148 | Train Total=0.7145 | Val post/prior Total=0.6606/0.7112, Recon post/prior=0.5866/0.5825, KL=0.0230, CycSim post/prior=0.0564/0.0375, CycMeas=0.0997, PriorBnd post/prior=2.37e-04/1.24e-04 | Best 0.0971 | Patience 1/40
 >> Epoch 149 | Train Total=0.7138 | Val post/prior Total=0.6663/0.7163, Recon post/prior=0.5888/0.5853, KL=0.0256, CycSim post/prior=0.0593/0.0407, CycMeas=0.0977, PriorBnd post/prior=1.42e-04/1.15e-04 | Best 0.0971 | Patience 2/40
 >> Epoch 150 | Train Total=0.7154 | Val post/prior Total=0.6617/0.7104, Recon post/prior=0.5876/0.5834, KL=0.0240, CycSim post/prior=0.0564/0.0377, CycMeas=0.0972, PriorBnd post/prior=1.49e-04/1.18e-04 | Best 0.0971 | Patience 3/40
 >> Epoch 151 | Train Total=0.7132 | Val post/prior Total=0.6660/0.7086, Recon post/prior=0.5860/0.5813, KL=0.0273, CycSim post/prior=0.0610/0.0373, CycMeas=0.0980, PriorBnd post/prior=2.98e-04/1.34e-04 | Best 0.0971 | Patience 4/40
 >> Epoch 152 | Train Total=0.7137 | Val post/prior Total=0.6634/0.7058, Recon post/prior=0.5850/0.5798, KL=0.0283, CycSim post/prior=0.0597/0.0364, CycMeas=0.0977, PriorBnd post/prior=2.29e-04/1.36e-04 | Best 0.0971 | Patience 5/40
 >> Epoch 153 | Train Total=0.7130 | Val post/prior Total=0.6618/0.7099, Recon post/prior=0.5868/0.5823, KL=0.0248, CycSim post/prior=0.0570/0.0371, CycMeas=0.0988, PriorBnd post/prior=3.27e-04/1.23e-04 | Best 0.0971 | Patience 6/40
 >> Epoch 154 | Train Total=0.7137 | Val post/prior Total=0.6634/0.7117, Recon post/prior=0.5871/0.5834, KL=0.0263, CycSim post/prior=0.0581/0.0383, CycMeas=0.0980, PriorBnd post/prior=1.55e-04/1.22e-04 | Best 0.0971 | Patience 7/40
 >> Epoch 155 | Train Total=0.7142 | Val post/prior Total=0.6639/0.7120, Recon post/prior=0.5877/0.5838, KL=0.0259, CycSim post/prior=0.0581/0.0386, CycMeas=0.0974, PriorBnd post/prior=2.09e-04/1.22e-04 | Best 0.0971 | Patience 8/40
 >> Epoch 156 | Train Total=0.7131 | Val post/prior Total=0.6797/0.7316, Recon post/prior=0.5941/0.5911, KL=0.0254, CycSim post/prior=0.0662/0.0489, CycMeas=0.0976, PriorBnd post/prior=1.24e-04/9.95e-05 | Best 0.0971 | Patience 9/40
 >> Epoch 157 | Train Total=0.7154 | Val post/prior Total=0.6664/0.7135, Recon post/prior=0.5887/0.5851, KL=0.0241, CycSim post/prior=0.0596/0.0384, CycMeas=0.0979, PriorBnd post/prior=1.52e-04/1.18e-04 | Best 0.0971 | Patience 10/40
 >> Epoch 158 | Train Total=0.7158 | Val post/prior Total=0.6609/0.7085, Recon post/prior=0.5864/0.5813, KL=0.0277, CycSim post/prior=0.0564/0.0376, CycMeas=0.0977, PriorBnd post/prior=3.00e-04/1.27e-04 | Best 0.0971 | Patience 11/40
 >> Epoch 159 | Train Total=0.7145 | Val post/prior Total=0.6664/0.7156, Recon post/prior=0.5884/0.5846, KL=0.0270, CycSim post/prior=0.0596/0.0401, CycMeas=0.0988, PriorBnd post/prior=1.56e-04/1.17e-04 | Best 0.0971 | Patience 12/40
 >> Epoch 160 | Train Total=0.7141 | Val post/prior Total=0.6644/0.7086, Recon post/prior=0.5868/0.5814, KL=0.0265, CycSim post/prior=0.0591/0.0373, CycMeas=0.0979, PriorBnd post/prior=3.00e-04/1.23e-04 | Best 0.0971 | Patience 13/40
 >> Epoch 161 | Train Total=0.7134 | Val post/prior Total=0.6602/0.7088, Recon post/prior=0.5862/0.5822, KL=0.0268, CycSim post/prior=0.0561/0.0369, CycMeas=0.0978, PriorBnd post/prior=2.45e-04/1.30e-04 | Best 0.0971 | Patience 14/40
 >> Epoch 162 | Train Total=0.7122 | Val post/prior Total=0.6617/0.7111, Recon post/prior=0.5868/0.5828, KL=0.0237, CycSim post/prior=0.0572/0.0378, CycMeas=0.0985, PriorBnd post/prior=1.62e-04/1.26e-04 | Best 0.0971 | Patience 15/40
 >> Epoch 163 | Train Total=0.7143 | Val post/prior Total=0.6637/0.7102, Recon post/prior=0.5862/0.5815, KL=0.0223, CycSim post/prior=0.0595/0.0388, CycMeas=0.0977, PriorBnd post/prior=1.34e-04/1.19e-04 | Best 0.0971 | Patience 16/40
 >> Epoch 164 | Train Total=0.7151 | Val post/prior Total=0.6617/0.7099, Recon post/prior=0.5867/0.5818, KL=0.0269, CycSim post/prior=0.0570/0.0380, CycMeas=0.0981, PriorBnd post/prior=1.95e-04/1.26e-04 | Best 0.0971 | Patience 17/40
 >> Epoch 165 | Train Total=0.7136 | Val post/prior Total=0.6640/0.7083, Recon post/prior=0.5859/0.5813, KL=0.0260, CycSim post/prior=0.0597/0.0373, CycMeas=0.0977, PriorBnd post/prior=1.80e-04/1.30e-04 | Best 0.0971 | Patience 18/40
 >> Epoch 166 | Train Total=0.7135 | Val post/prior Total=0.6640/0.7157, Recon post/prior=0.5900/0.5865, KL=0.0244, CycSim post/prior=0.0565/0.0391, CycMeas=0.0979, PriorBnd post/prior=1.78e-04/1.14e-04 | Best 0.0971 | Patience 19/40
 >> Epoch 167 | Train Total=0.7133 | Val post/prior Total=0.6641/0.7105, Recon post/prior=0.5867/0.5819, KL=0.0212, CycSim post/prior=0.0595/0.0389, CycMeas=0.0974, PriorBnd post/prior=1.64e-04/1.24e-04 | Best 0.0971 | Patience 20/40
 >> Epoch 168 | Train Total=0.7133 | Val post/prior Total=0.6619/0.7065, Recon post/prior=0.5854/0.5806, KL=0.0265, CycSim post/prior=0.0583/0.0364, CycMeas=0.0976, PriorBnd post/prior=1.72e-04/1.33e-04 | Best 0.0971 | Patience 21/40
 >> Epoch 169 | Train Total=0.7121 | Val post/prior Total=0.6628/0.7087, Recon post/prior=0.5860/0.5812, KL=0.0259, CycSim post/prior=0.0586/0.0376, CycMeas=0.0980, PriorBnd post/prior=1.91e-04/1.25e-04 | Best 0.0971 | Patience 22/40
 >> Epoch 170 | Train Total=0.7154 | Val post/prior Total=0.6665/0.7174, Recon post/prior=0.5902/0.5861, KL=0.0243, CycSim post/prior=0.0585/0.0410, CycMeas=0.0980, PriorBnd post/prior=1.51e-04/1.08e-04 | Best 0.0971 | Patience 23/40
 >> Epoch 171 | Train Total=0.7135 | Val post/prior Total=0.6623/0.7071, Recon post/prior=0.5859/0.5807, KL=0.0263, CycSim post/prior=0.0581/0.0368, CycMeas=0.0976, PriorBnd post/prior=2.84e-04/1.25e-04 | Best 0.0971 | Patience 24/40
 >> Epoch 172 | Train Total=0.7123 | Val post/prior Total=0.6653/0.7127, Recon post/prior=0.5875/0.5830, KL=0.0241, CycSim post/prior=0.0596/0.0393, CycMeas=0.0983, PriorBnd post/prior=1.22e-04/1.17e-04 | Best 0.0971 | Patience 25/40
 >> Epoch 173 | Train Total=0.7153 | Val post/prior Total=0.6611/0.7117, Recon post/prior=0.5876/0.5839, KL=0.0218, CycSim post/prior=0.0562/0.0382, CycMeas=0.0974, PriorBnd post/prior=1.96e-04/1.21e-04 | Best 0.0971 | Patience 26/40
 >> Epoch 174 | Train Total=0.7144 | Val post/prior Total=0.6675/0.7126, Recon post/prior=0.5873/0.5828, KL=0.0278, CycSim post/prior=0.0612/0.0395, CycMeas=0.0979, PriorBnd post/prior=2.98e-04/1.28e-04 | Best 0.0971 | Patience 27/40
 >> Epoch 175 | Train Total=0.7158 | Val post/prior Total=0.6641/0.7111, Recon post/prior=0.5877/0.5838, KL=0.0238, CycSim post/prior=0.0584/0.0379, CycMeas=0.0973, PriorBnd post/prior=1.92e-04/1.21e-04 | Best 0.0971 | Patience 28/40
 >> Epoch 176 | Train Total=0.7146 | Val post/prior Total=0.6636/0.7081, Recon post/prior=0.5861/0.5810, KL=0.0258, CycSim post/prior=0.0591/0.0372, CycMeas=0.0981, PriorBnd post/prior=1.51e-04/1.28e-04 | Best 0.0971 | Patience 29/40
 >> Epoch 177 | Train Total=0.7140 | Val post/prior Total=0.6717/0.7255, Recon post/prior=0.5934/0.5912, KL=0.0288, CycSim post/prior=0.0598/0.0437, CycMeas=0.0977, PriorBnd post/prior=1.18e-04/1.12e-04 | Best 0.0971 | Patience 30/40
 >> Epoch 178 | Train Total=0.7128 | Val post/prior Total=0.6661/0.7125, Recon post/prior=0.5870/0.5824, KL=0.0239, CycSim post/prior=0.0607/0.0392, CycMeas=0.0989, PriorBnd post/prior=1.98e-04/1.25e-04 | Best 0.0971 | Patience 31/40
 >> Epoch 179 | Train Total=0.7140 | Val post/prior Total=0.6628/0.7077, Recon post/prior=0.5862/0.5816, KL=0.0243, CycSim post/prior=0.0585/0.0367, CycMeas=0.0975, PriorBnd post/prior=1.91e-04/1.27e-04 | Best 0.0971 | Patience 32/40
 >> Epoch 180 | Train Total=0.7144 | Val post/prior Total=0.6646/0.7137, Recon post/prior=0.5888/0.5851, KL=0.0220, CycSim post/prior=0.0582/0.0386, CycMeas=0.0981, PriorBnd post/prior=1.67e-04/1.20e-04 | Best 0.0971 | Patience 33/40
 >> Epoch 181 | Train Total=0.7131 | Val post/prior Total=0.6611/0.7106, Recon post/prior=0.5878/0.5831, KL=0.0233, CycSim post/prior=0.0559/0.0381, CycMeas=0.0971, PriorBnd post/prior=1.71e-04/1.18e-04 | Best 0.0971 | Patience 34/40
 >> Epoch 182 | Train Total=0.7137 | Val post/prior Total=0.6647/0.7133, Recon post/prior=0.5884/0.5842, KL=0.0230, CycSim post/prior=0.0585/0.0388, CycMeas=0.0983, PriorBnd post/prior=1.32e-04/1.16e-04 | Best 0.0971 | Patience 35/40
 >> Epoch 183 | Train Total=0.7149 | Val post/prior Total=0.6624/0.7065, Recon post/prior=0.5854/0.5806, KL=0.0262, CycSim post/prior=0.0586/0.0365, CycMeas=0.0975, PriorBnd post/prior=2.76e-04/1.41e-04 | Best 0.0971 | Patience 36/40
 >> Epoch 184 | Train Total=0.7136 | Val post/prior Total=0.6622/0.7109, Recon post/prior=0.5879/0.5840, KL=0.0232, CycSim post/prior=0.0568/0.0374, CycMeas=0.0978, PriorBnd post/prior=1.30e-04/1.17e-04 | Best 0.0971 | Patience 37/40
 >> Epoch 185 | Train Total=0.7136 | Val post/prior Total=0.6645/0.7100, Recon post/prior=0.5866/0.5824, KL=0.0243, CycSim post/prior=0.0596/0.0377, CycMeas=0.0980, PriorBnd post/prior=1.83e-04/1.25e-04 | Best 0.0971 | Patience 38/40
 >> Epoch 186 | Train Total=0.7133 | Val post/prior Total=0.6622/0.7067, Recon post/prior=0.5850/0.5805, KL=0.0266, CycSim post/prior=0.0588/0.0364, CycMeas=0.0980, PriorBnd post/prior=2.18e-04/1.36e-04 | Best 0.0971 | Patience 39/40
 >> Epoch 187 | Train Total=0.7147 | Val post/prior Total=0.6658/0.7166, Recon post/prior=0.5891/0.5858, KL=0.0239, CycSim post/prior=0.0588/0.0407, CycMeas=0.0975, PriorBnd post/prior=1.20e-04/1.12e-04 | Best 0.0971 | Patience 40/40
[EarlyStop] at epoch 187
[Diag] Start to calcaulte diag in test preocess... 
[Diag] wrote 28930 rows to temp_Bidi_cvae\cvae_20251105-035648\diag_test.csv
[Diag] proxy_floor_ps  P50=0.0095  P90=0.0228  P95=0.0348  P99=0.2440
[Test] prior total=0.707313 | prior recon=0.581160 | kl=0.018963 | prior cyc_sim=0.036980 | cyc_meas=0.097249 | prior_l2=0.397805 | prior_bnd=0.000060 | 
