[log] tee initialized at 2025-11-05 12:13:52 -> temp_Bidi_cvae\cvae_20251105-121352\train.log
[L_trust] using 20000 ref rows from temp_Bidi_cvae\proxy\proxy_Ytr_norm.npy
 >> Epoch 001 | Train Total=100.2622 | Val post/prior Total=131834003.2140/1.0872, Recon post/prior=24.7485/0.7717, KL=1316797633.0465, CycSim post/prior=0.1726/0.1318, CycMeas=0.1938, PriorBnd post/prior=6.58e+00/1.10e-03 | Best inf | Patience 1/40
[Update] best val_cyc_meas improved to 0.193764 @ epoch 1
 >> Epoch 002 | Train Total=0.9974 | Val post/prior Total=7676.7286/0.9798, Recon post/prior=1.3018/0.7299, KL=75610.4773, CycSim post/prior=0.1348/0.0933, CycMeas=0.1697, PriorBnd post/prior=1.42e-01/4.15e-04 | Best 0.1938 | Patience 1/40
[Update] best val_cyc_meas improved to 0.169720 @ epoch 2
 >> Epoch 003 | Train Total=0.8633 | Val post/prior Total=1088.0021/0.9340, Recon post/prior=0.7667/0.7147, KL=10863.2306, CycSim post/prior=0.1234/0.0861, CycMeas=0.1421, PriorBnd post/prior=1.41e-02/3.14e-04 | Best 0.1697 | Patience 1/40
[Update] best val_cyc_meas improved to 0.142106 @ epoch 3
 >> Epoch 004 | Train Total=0.8176 | Val post/prior Total=292.4722/0.8835, Recon post/prior=0.8969/0.6999, KL=2750.7690, CycSim post/prior=0.1080/0.0663, CycMeas=0.1267, PriorBnd post/prior=6.43e-02/2.98e-04 | Best 0.1421 | Patience 1/40
[Update] best val_cyc_meas improved to 0.126698 @ epoch 4
 >> Epoch 005 | Train Total=0.7910 | Val post/prior Total=6.3130/0.8843, Recon post/prior=0.7090/0.6977, KL=54.5547, CycSim post/prior=0.1054/0.0736, CycMeas=0.1197, PriorBnd post/prior=1.69e-03/1.77e-04 | Best 0.1267 | Patience 1/40
[Update] best val_cyc_meas improved to 0.119733 @ epoch 5
 >> Epoch 006 | Train Total=0.7748 | Val post/prior Total=29.0726/0.8636, Recon post/prior=0.7224/0.6844, KL=278.0357, CycSim post/prior=0.0984/0.0607, CycMeas=0.1294, PriorBnd post/prior=9.49e-03/2.00e-04 | Best 0.1197 | Patience 1/40
 >> Epoch 007 | Train Total=0.7615 | Val post/prior Total=1.4084/0.8639, Recon post/prior=0.6895/0.6808, KL=5.9506, CycSim post/prior=0.0962/0.0629, CycMeas=0.1311, PriorBnd post/prior=1.46e-03/1.38e-04 | Best 0.1197 | Patience 2/40
 >> Epoch 008 | Train Total=0.7521 | Val post/prior Total=3.7539/0.8356, Recon post/prior=0.6912/0.6761, KL=29.0481, CycSim post/prior=0.0868/0.0574, CycMeas=0.1097, PriorBnd post/prior=2.24e-03/1.37e-04 | Best 0.1197 | Patience 3/40
[Update] best val_cyc_meas improved to 0.109738 @ epoch 8
 >> Epoch 009 | Train Total=0.7458 | Val post/prior Total=2.5099/0.8349, Recon post/prior=0.6989/0.6728, KL=15.0686, CycSim post/prior=0.0869/0.0544, CycMeas=0.1175, PriorBnd post/prior=6.23e-03/1.39e-04 | Best 0.1097 | Patience 1/40
 >> Epoch 010 | Train Total=0.7398 | Val post/prior Total=1.7919/0.8134, Recon post/prior=0.6863/0.6673, KL=9.3331, CycSim post/prior=0.0861/0.0521, CycMeas=0.1007, PriorBnd post/prior=4.22e-03/1.27e-04 | Best 0.1097 | Patience 2/40
[Update] best val_cyc_meas improved to 0.100733 @ epoch 10
 >> Epoch 011 | Train Total=0.7364 | Val post/prior Total=1.4233/0.8097, Recon post/prior=0.6749/0.6633, KL=6.2425, CycSim post/prior=0.0862/0.0526, CycMeas=0.1002, PriorBnd post/prior=1.84e-03/1.46e-04 | Best 0.1007 | Patience 1/40
[Update] best val_cyc_meas improved to 0.100248 @ epoch 11
 >> Epoch 012 | Train Total=0.7314 | Val post/prior Total=0.9081/0.8138, Recon post/prior=0.6725/0.6630, KL=1.2399, CycSim post/prior=0.0822/0.0511, CycMeas=0.1081, PriorBnd post/prior=1.82e-03/1.20e-04 | Best 0.1002 | Patience 1/40
 >> Epoch 013 | Train Total=0.7280 | Val post/prior Total=0.8955/0.8136, Recon post/prior=0.6682/0.6601, KL=1.2253, CycSim post/prior=0.0808/0.0520, CycMeas=0.1101, PriorBnd post/prior=1.04e-03/1.05e-04 | Best 0.1002 | Patience 2/40
 >> Epoch 014 | Train Total=0.7231 | Val post/prior Total=0.8667/0.8090, Recon post/prior=0.6633/0.6540, KL=0.8825, CycSim post/prior=0.0862/0.0542, CycMeas=0.1085, PriorBnd post/prior=1.54e-03/9.86e-05 | Best 0.1002 | Patience 3/40
 >> Epoch 015 | Train Total=0.7183 | Val post/prior Total=0.8425/0.8265, Recon post/prior=0.6626/0.6544, KL=0.6423, CycSim post/prior=0.0861/0.0594, CycMeas=0.1223, PriorBnd post/prior=1.38e-03/1.04e-04 | Best 0.1002 | Patience 4/40
 >> Epoch 016 | Train Total=0.7135 | Val post/prior Total=0.8094/0.7937, Recon post/prior=0.6536/0.6458, KL=0.5443, CycSim post/prior=0.0789/0.0471, CycMeas=0.1101, PriorBnd post/prior=1.00e-03/1.01e-04 | Best 0.1002 | Patience 5/40
 >> Epoch 017 | Train Total=0.7108 | Val post/prior Total=0.7736/0.7860, Recon post/prior=0.6500/0.6440, KL=0.2632, CycSim post/prior=0.0779/0.0470, CycMeas=0.1029, PriorBnd post/prior=4.27e-04/9.68e-05 | Best 0.1002 | Patience 6/40
 >> Epoch 018 | Train Total=0.7105 | Val post/prior Total=0.7825/0.7838, Recon post/prior=0.6499/0.6421, KL=0.3563, CycSim post/prior=0.0758/0.0461, CycMeas=0.1037, PriorBnd post/prior=1.06e-03/9.18e-05 | Best 0.1002 | Patience 7/40
 >> Epoch 019 | Train Total=0.7063 | Val post/prior Total=0.7727/0.7877, Recon post/prior=0.6481/0.6427, KL=0.2844, CycSim post/prior=0.0772/0.0512, CycMeas=0.1004, PriorBnd post/prior=5.13e-04/9.66e-05 | Best 0.1002 | Patience 8/40
 >> Epoch 020 | Train Total=0.7046 | Val post/prior Total=0.7602/0.7768, Recon post/prior=0.6455/0.6363, KL=0.1318, CycSim post/prior=0.0750/0.0485, CycMeas=0.0985, PriorBnd post/prior=1.45e-03/1.30e-04 | Best 0.1002 | Patience 9/40
[Update] best val_cyc_meas improved to 0.098546 @ epoch 20
 >> Epoch 021 | Train Total=0.7021 | Val post/prior Total=0.7528/0.7767, Recon post/prior=0.6408/0.6349, KL=0.1836, CycSim post/prior=0.0741/0.0461, CycMeas=0.1040, PriorBnd post/prior=7.63e-04/9.73e-05 | Best 0.0985 | Patience 1/40
 >> Epoch 022 | Train Total=0.6991 | Val post/prior Total=0.7391/0.7813, Recon post/prior=0.6402/0.6357, KL=0.0620, CycSim post/prior=0.0742/0.0520, CycMeas=0.0998, PriorBnd post/prior=4.62e-04/1.10e-04 | Best 0.0985 | Patience 2/40
 >> Epoch 023 | Train Total=0.6971 | Val post/prior Total=0.7418/0.7875, Recon post/prior=0.6373/0.6326, KL=0.0811, CycSim post/prior=0.0774/0.0524, CycMeas=0.1109, PriorBnd post/prior=3.43e-04/7.48e-05 | Best 0.0985 | Patience 3/40
 >> Epoch 024 | Train Total=0.6942 | Val post/prior Total=0.7346/0.7819, Recon post/prior=0.6364/0.6325, KL=0.0437, CycSim post/prior=0.0755/0.0520, CycMeas=0.1047, PriorBnd post/prior=2.11e-04/8.20e-05 | Best 0.0985 | Patience 4/40
 >> Epoch 025 | Train Total=0.6933 | Val post/prior Total=0.7322/0.7706, Recon post/prior=0.6327/0.6278, KL=0.0834, CycSim post/prior=0.0729/0.0475, CycMeas=0.1031, PriorBnd post/prior=3.88e-04/8.48e-05 | Best 0.0985 | Patience 5/40
 >> Epoch 026 | Train Total=0.6926 | Val post/prior Total=0.7275/0.7633, Recon post/prior=0.6299/0.6248, KL=0.0900, CycSim post/prior=0.0705/0.0452, CycMeas=0.1010, PriorBnd post/prior=5.55e-04/9.47e-05 | Best 0.0985 | Patience 6/40
 >> Epoch 027 | Train Total=0.6916 | Val post/prior Total=0.7279/0.7767, Recon post/prior=0.6337/0.6306, KL=0.0433, CycSim post/prior=0.0722/0.0515, CycMeas=0.1012, PriorBnd post/prior=1.54e-04/7.78e-05 | Best 0.0985 | Patience 7/40
 >> Epoch 028 | Train Total=0.6898 | Val post/prior Total=0.7183/0.7504, Recon post/prior=0.6245/0.6182, KL=0.0666, CycSim post/prior=0.0687/0.0407, CycMeas=0.0996, PriorBnd post/prior=7.11e-04/1.01e-04 | Best 0.0985 | Patience 8/40
 >> Epoch 029 | Train Total=0.6888 | Val post/prior Total=0.7119/0.7515, Recon post/prior=0.6214/0.6170, KL=0.0537, CycSim post/prior=0.0679/0.0429, CycMeas=0.0993, PriorBnd post/prior=2.20e-04/9.39e-05 | Best 0.0985 | Patience 9/40
 >> Epoch 030 | Train Total=0.6863 | Val post/prior Total=0.7095/0.7509, Recon post/prior=0.6197/0.6147, KL=0.0555, CycSim post/prior=0.0671/0.0421, CycMeas=0.1024, PriorBnd post/prior=2.83e-04/1.07e-04 | Best 0.0985 | Patience 10/40
 >> Epoch 031 | Train Total=0.6856 | Val post/prior Total=0.7060/0.7470, Recon post/prior=0.6192/0.6137, KL=0.0487, CycSim post/prior=0.0649/0.0415, CycMeas=0.0998, PriorBnd post/prior=4.71e-04/9.40e-05 | Best 0.0985 | Patience 11/40
 >> Epoch 032 | Train Total=0.6836 | Val post/prior Total=0.7060/0.7518, Recon post/prior=0.6188/0.6148, KL=0.0477, CycSim post/prior=0.0657/0.0441, CycMeas=0.1006, PriorBnd post/prior=2.18e-04/9.52e-05 | Best 0.0985 | Patience 12/40
 >> Epoch 033 | Train Total=0.6829 | Val post/prior Total=0.7255/0.7869, Recon post/prior=0.6291/0.6268, KL=0.0612, CycSim post/prior=0.0725/0.0562, CycMeas=0.1115, PriorBnd post/prior=1.42e-04/9.57e-05 | Best 0.0985 | Patience 13/40
 >> Epoch 034 | Train Total=0.6826 | Val post/prior Total=0.6997/0.7411, Recon post/prior=0.6140/0.6089, KL=0.0441, CycSim post/prior=0.0647/0.0402, CycMeas=0.1003, PriorBnd post/prior=2.64e-04/9.91e-05 | Best 0.0985 | Patience 14/40
 >> Epoch 035 | Train Total=0.6828 | Val post/prior Total=0.7001/0.7418, Recon post/prior=0.6131/0.6081, KL=0.0409, CycSim post/prior=0.0658/0.0420, CycMeas=0.0994, PriorBnd post/prior=3.73e-04/1.03e-04 | Best 0.0985 | Patience 15/40
 >> Epoch 036 | Train Total=0.6820 | Val post/prior Total=0.6989/0.7445, Recon post/prior=0.6129/0.6084, KL=0.0414, CycSim post/prior=0.0649/0.0424, CycMeas=0.1018, PriorBnd post/prior=4.66e-04/1.03e-04 | Best 0.0985 | Patience 16/40
 >> Epoch 037 | Train Total=0.6817 | Val post/prior Total=0.6981/0.7419, Recon post/prior=0.6110/0.6062, KL=0.0425, CycSim post/prior=0.0658/0.0436, CycMeas=0.0996, PriorBnd post/prior=2.92e-04/1.09e-04 | Best 0.0985 | Patience 17/40
 >> Epoch 038 | Train Total=0.6811 | Val post/prior Total=0.6907/0.7372, Recon post/prior=0.6094/0.6049, KL=0.0350, CycSim post/prior=0.0618/0.0394, CycMeas=0.1015, PriorBnd post/prior=1.39e-04/1.11e-04 | Best 0.0985 | Patience 18/40
 >> Epoch 039 | Train Total=0.6796 | Val post/prior Total=0.6925/0.7420, Recon post/prior=0.6080/0.6031, KL=0.0404, CycSim post/prior=0.0637/0.0425, CycMeas=0.1051, PriorBnd post/prior=3.87e-04/1.10e-04 | Best 0.0985 | Patience 19/40
 >> Epoch 040 | Train Total=0.6788 | Val post/prior Total=0.6951/0.7414, Recon post/prior=0.6099/0.6060, KL=0.0339, CycSim post/prior=0.0652/0.0434, CycMeas=0.0995, PriorBnd post/prior=1.65e-04/9.71e-05 | Best 0.0985 | Patience 20/40
 >> Epoch 041 | Train Total=0.6790 | Val post/prior Total=0.6941/0.7374, Recon post/prior=0.6066/0.6026, KL=0.0360, CycSim post/prior=0.0667/0.0413, CycMeas=0.1017, PriorBnd post/prior=2.50e-04/1.05e-04 | Best 0.0985 | Patience 21/40
 >> Epoch 042 | Train Total=0.6792 | Val post/prior Total=0.6905/0.7390, Recon post/prior=0.6072/0.6028, KL=0.0348, CycSim post/prior=0.0635/0.0436, CycMeas=0.1002, PriorBnd post/prior=2.77e-04/1.08e-04 | Best 0.0985 | Patience 22/40
 >> Epoch 043 | Train Total=0.6787 | Val post/prior Total=0.6861/0.7340, Recon post/prior=0.6054/0.6015, KL=0.0335, CycSim post/prior=0.0614/0.0397, CycMeas=0.1013, PriorBnd post/prior=1.82e-04/1.01e-04 | Best 0.0985 | Patience 23/40
 >> Epoch 044 | Train Total=0.6793 | Val post/prior Total=0.6938/0.7435, Recon post/prior=0.6092/0.6052, KL=0.0294, CycSim post/prior=0.0652/0.0469, CycMeas=0.0982, PriorBnd post/prior=1.55e-04/9.88e-05 | Best 0.0985 | Patience 24/40
[Update] best val_cyc_meas improved to 0.098153 @ epoch 44
 >> Epoch 045 | Train Total=0.6782 | Val post/prior Total=0.6861/0.7320, Recon post/prior=0.6032/0.5990, KL=0.0353, CycSim post/prior=0.0630/0.0401, CycMeas=0.1014, PriorBnd post/prior=1.76e-04/1.14e-04 | Best 0.0982 | Patience 1/40
 >> Epoch 046 | Train Total=0.6785 | Val post/prior Total=0.6791/0.7305, Recon post/prior=0.6022/0.5981, KL=0.0329, CycSim post/prior=0.0582/0.0405, CycMeas=0.0998, PriorBnd post/prior=2.62e-04/1.05e-04 | Best 0.0982 | Patience 2/40
 >> Epoch 047 | Train Total=0.6767 | Val post/prior Total=0.6793/0.7287, Recon post/prior=0.6017/0.5974, KL=0.0329, CycSim post/prior=0.0586/0.0397, CycMeas=0.0997, PriorBnd post/prior=2.60e-04/1.08e-04 | Best 0.0982 | Patience 3/40
 >> Epoch 048 | Train Total=0.6785 | Val post/prior Total=0.6844/0.7290, Recon post/prior=0.6017/0.5970, KL=0.0329, CycSim post/prior=0.0632/0.0406, CycMeas=0.0995, PriorBnd post/prior=1.18e-04/1.03e-04 | Best 0.0982 | Patience 4/40
 >> Epoch 049 | Train Total=0.6772 | Val post/prior Total=0.6837/0.7274, Recon post/prior=0.6002/0.5954, KL=0.0305, CycSim post/prior=0.0639/0.0408, CycMeas=0.0989, PriorBnd post/prior=2.41e-04/1.22e-04 | Best 0.0982 | Patience 5/40
 >> Epoch 050 | Train Total=0.6783 | Val post/prior Total=0.6947/0.7502, Recon post/prior=0.6076/0.6044, KL=0.0264, CycSim post/prior=0.0673/0.0502, CycMeas=0.1024, PriorBnd post/prior=3.28e-04/8.74e-05 | Best 0.0982 | Patience 6/40
 >> Epoch 051 | Train Total=0.6801 | Val post/prior Total=0.6826/0.7290, Recon post/prior=0.5996/0.5955, KL=0.0324, CycSim post/prior=0.0634/0.0409, CycMeas=0.1006, PriorBnd post/prior=1.95e-04/1.12e-04 | Best 0.0982 | Patience 7/40
 >> Epoch 052 | Train Total=0.6788 | Val post/prior Total=0.6777/0.7234, Recon post/prior=0.5973/0.5922, KL=0.0322, CycSim post/prior=0.0612/0.0389, CycMeas=0.1007, PriorBnd post/prior=1.77e-04/1.21e-04 | Best 0.0982 | Patience 8/40
 >> Epoch 053 | Train Total=0.6787 | Val post/prior Total=0.6765/0.7205, Recon post/prior=0.5962/0.5917, KL=0.0322, CycSim post/prior=0.0611/0.0388, CycMeas=0.0979, PriorBnd post/prior=1.87e-04/1.25e-04 | Best 0.0982 | Patience 9/40
[Update] best val_cyc_meas improved to 0.097882 @ epoch 53
 >> Epoch 054 | Train Total=0.6797 | Val post/prior Total=0.6753/0.7242, Recon post/prior=0.5956/0.5909, KL=0.0314, CycSim post/prior=0.0606/0.0374, CycMeas=0.1054, PriorBnd post/prior=1.83e-04/1.20e-04 | Best 0.0979 | Patience 1/40
 >> Epoch 055 | Train Total=0.6783 | Val post/prior Total=0.6767/0.7244, Recon post/prior=0.5971/0.5926, KL=0.0275, CycSim post/prior=0.0609/0.0408, CycMeas=0.0988, PriorBnd post/prior=1.99e-04/1.14e-04 | Best 0.0979 | Patience 2/40
 >> Epoch 056 | Train Total=0.6795 | Val post/prior Total=0.6767/0.7265, Recon post/prior=0.5979/0.5946, KL=0.0312, CycSim post/prior=0.0600/0.0407, CycMeas=0.0991, PriorBnd post/prior=1.21e-04/9.81e-05 | Best 0.0979 | Patience 3/40
 >> Epoch 057 | Train Total=0.6807 | Val post/prior Total=0.6800/0.7296, Recon post/prior=0.5974/0.5937, KL=0.0302, CycSim post/prior=0.0632/0.0421, CycMeas=0.1020, PriorBnd post/prior=2.25e-04/1.12e-04 | Best 0.0979 | Patience 4/40
 >> Epoch 058 | Train Total=0.6808 | Val post/prior Total=0.6725/0.7196, Recon post/prior=0.5951/0.5906, KL=0.0268, CycSim post/prior=0.0590/0.0383, CycMeas=0.0989, PriorBnd post/prior=2.80e-04/1.28e-04 | Best 0.0979 | Patience 5/40
 >> Epoch 059 | Train Total=0.6806 | Val post/prior Total=0.6763/0.7239, Recon post/prior=0.5964/0.5923, KL=0.0255, CycSim post/prior=0.0613/0.0404, CycMeas=0.0990, PriorBnd post/prior=1.78e-04/1.15e-04 | Best 0.0979 | Patience 6/40
 >> Epoch 060 | Train Total=0.6815 | Val post/prior Total=0.6711/0.7207, Recon post/prior=0.5959/0.5917, KL=0.0286, CycSim post/prior=0.0571/0.0379, CycMeas=0.0995, PriorBnd post/prior=3.07e-04/1.12e-04 | Best 0.0979 | Patience 7/40
 >> Epoch 061 | Train Total=0.6827 | Val post/prior Total=0.6718/0.7220, Recon post/prior=0.5955/0.5923, KL=0.0270, CycSim post/prior=0.0582/0.0391, CycMeas=0.0986, PriorBnd post/prior=1.39e-04/1.10e-04 | Best 0.0979 | Patience 8/40
 >> Epoch 062 | Train Total=0.6814 | Val post/prior Total=0.6789/0.7258, Recon post/prior=0.5969/0.5928, KL=0.0283, CycSim post/prior=0.0628/0.0425, CycMeas=0.0978, PriorBnd post/prior=2.62e-04/1.11e-04 | Best 0.0979 | Patience 9/40
[Update] best val_cyc_meas improved to 0.097803 @ epoch 62
 >> Epoch 063 | Train Total=0.6816 | Val post/prior Total=0.6717/0.7200, Recon post/prior=0.5946/0.5909, KL=0.0286, CycSim post/prior=0.0586/0.0381, CycMeas=0.0994, PriorBnd post/prior=2.19e-04/1.14e-04 | Best 0.0978 | Patience 1/40
 >> Epoch 064 | Train Total=0.6818 | Val post/prior Total=0.6689/0.7169, Recon post/prior=0.5928/0.5887, KL=0.0269, CycSim post/prior=0.0579/0.0376, CycMeas=0.0988, PriorBnd post/prior=2.28e-04/1.24e-04 | Best 0.0978 | Patience 2/40
 >> Epoch 065 | Train Total=0.6846 | Val post/prior Total=0.6711/0.7195, Recon post/prior=0.5948/0.5905, KL=0.0293, CycSim post/prior=0.0580/0.0379, CycMeas=0.0995, PriorBnd post/prior=1.91e-04/1.14e-04 | Best 0.0978 | Patience 3/40
 >> Epoch 066 | Train Total=0.6825 | Val post/prior Total=0.6702/0.7195, Recon post/prior=0.5942/0.5899, KL=0.0267, CycSim post/prior=0.0580/0.0386, CycMeas=0.0991, PriorBnd post/prior=1.61e-04/1.15e-04 | Best 0.0978 | Patience 4/40
 >> Epoch 067 | Train Total=0.6834 | Val post/prior Total=0.6791/0.7287, Recon post/prior=0.5974/0.5937, KL=0.0265, CycSim post/prior=0.0628/0.0437, CycMeas=0.0986, PriorBnd post/prior=1.07e-04/1.15e-04 | Best 0.0978 | Patience 5/40
 >> Epoch 068 | Train Total=0.6866 | Val post/prior Total=0.6735/0.7268, Recon post/prior=0.5961/0.5930, KL=0.0244, CycSim post/prior=0.0594/0.0427, CycMeas=0.0983, PriorBnd post/prior=1.27e-04/1.02e-04 | Best 0.0978 | Patience 6/40
 >> Epoch 069 | Train Total=0.6857 | Val post/prior Total=0.6711/0.7160, Recon post/prior=0.5922/0.5877, KL=0.0278, CycSim post/prior=0.0603/0.0383, CycMeas=0.0980, PriorBnd post/prior=2.17e-04/1.19e-04 | Best 0.0978 | Patience 7/40
 >> Epoch 070 | Train Total=0.6869 | Val post/prior Total=0.6700/0.7199, Recon post/prior=0.5928/0.5893, KL=0.0275, CycSim post/prior=0.0588/0.0391, CycMeas=0.0997, PriorBnd post/prior=1.28e-04/1.20e-04 | Best 0.0978 | Patience 8/40
 >> Epoch 071 | Train Total=0.6863 | Val post/prior Total=0.6712/0.7152, Recon post/prior=0.5915/0.5867, KL=0.0262, CycSim post/prior=0.0609/0.0375, CycMeas=0.0993, PriorBnd post/prior=2.87e-04/1.23e-04 | Best 0.0978 | Patience 9/40
 >> Epoch 072 | Train Total=0.6879 | Val post/prior Total=0.6698/0.7151, Recon post/prior=0.5908/0.5858, KL=0.0275, CycSim post/prior=0.0602/0.0383, CycMeas=0.0991, PriorBnd post/prior=2.52e-04/1.33e-04 | Best 0.0978 | Patience 10/40
 >> Epoch 073 | Train Total=0.6882 | Val post/prior Total=0.6710/0.7186, Recon post/prior=0.5927/0.5885, KL=0.0247, CycSim post/prior=0.0601/0.0396, CycMeas=0.0984, PriorBnd post/prior=1.17e-04/1.15e-04 | Best 0.0978 | Patience 11/40
 >> Epoch 074 | Train Total=0.6897 | Val post/prior Total=0.6690/0.7161, Recon post/prior=0.5924/0.5881, KL=0.0243, CycSim post/prior=0.0586/0.0378, CycMeas=0.0984, PriorBnd post/prior=1.91e-04/1.28e-04 | Best 0.0978 | Patience 12/40
 >> Epoch 075 | Train Total=0.6895 | Val post/prior Total=0.6683/0.7161, Recon post/prior=0.5925/0.5883, KL=0.0273, CycSim post/prior=0.0577/0.0376, CycMeas=0.0984, PriorBnd post/prior=1.92e-04/1.19e-04 | Best 0.0978 | Patience 13/40
 >> Epoch 076 | Train Total=0.6908 | Val post/prior Total=0.6684/0.7145, Recon post/prior=0.5903/0.5857, KL=0.0297, CycSim post/prior=0.0593/0.0367, CycMeas=0.1008, PriorBnd post/prior=2.35e-04/1.27e-04 | Best 0.0978 | Patience 14/40
 >> Epoch 077 | Train Total=0.6910 | Val post/prior Total=0.7331/0.7909, Recon post/prior=0.6204/0.6181, KL=0.0439, CycSim post/prior=0.0876/0.0730, CycMeas=0.1026, PriorBnd post/prior=1.18e-04/7.57e-05 | Best 0.0978 | Patience 15/40
 >> Epoch 078 | Train Total=0.6910 | Val post/prior Total=0.6968/0.7532, Recon post/prior=0.6059/0.6037, KL=0.0308, CycSim post/prior=0.0703/0.0552, CycMeas=0.0997, PriorBnd post/prior=1.36e-04/8.47e-05 | Best 0.0978 | Patience 16/40
 >> Epoch 079 | Train Total=0.6933 | Val post/prior Total=0.6715/0.7221, Recon post/prior=0.5927/0.5892, KL=0.0243, CycSim post/prior=0.0605/0.0419, CycMeas=0.0985, PriorBnd post/prior=1.48e-04/1.08e-04 | Best 0.0978 | Patience 17/40
 >> Epoch 080 | Train Total=0.6947 | Val post/prior Total=0.6691/0.7159, Recon post/prior=0.5905/0.5865, KL=0.0266, CycSim post/prior=0.0601/0.0381, CycMeas=0.0996, PriorBnd post/prior=1.67e-04/1.24e-04 | Best 0.0978 | Patience 18/40
 >> Epoch 081 | Train Total=0.6952 | Val post/prior Total=0.6699/0.7145, Recon post/prior=0.5903/0.5848, KL=0.0297, CycSim post/prior=0.0603/0.0373, CycMeas=0.1011, PriorBnd post/prior=4.68e-04/1.30e-04 | Best 0.0978 | Patience 19/40
 >> Epoch 082 | Train Total=0.6943 | Val post/prior Total=0.7488/0.8142, Recon post/prior=0.6319/0.6309, KL=0.0507, CycSim post/prior=0.0907/0.0770, CycMeas=0.1099, PriorBnd post/prior=7.63e-05/7.53e-05 | Best 0.0978 | Patience 20/40
 >> Epoch 083 | Train Total=0.6962 | Val post/prior Total=0.6809/0.7359, Recon post/prior=0.5975/0.5940, KL=0.0231, CycSim post/prior=0.0646/0.0481, CycMeas=0.1006, PriorBnd post/prior=1.28e-04/9.54e-05 | Best 0.0978 | Patience 21/40
 >> Epoch 084 | Train Total=0.6962 | Val post/prior Total=0.6658/0.7157, Recon post/prior=0.5914/0.5872, KL=0.0266, CycSim post/prior=0.0565/0.0384, CycMeas=0.0980, PriorBnd post/prior=1.89e-04/1.14e-04 | Best 0.0978 | Patience 22/40
 >> Epoch 085 | Train Total=0.6986 | Val post/prior Total=0.6677/0.7164, Recon post/prior=0.5901/0.5857, KL=0.0281, CycSim post/prior=0.0591/0.0385, CycMeas=0.1005, PriorBnd post/prior=2.29e-04/1.19e-04 | Best 0.0978 | Patience 23/40
 >> Epoch 086 | Train Total=0.6977 | Val post/prior Total=0.6681/0.7130, Recon post/prior=0.5906/0.5858, KL=0.0263, CycSim post/prior=0.0590/0.0371, CycMeas=0.0983, PriorBnd post/prior=3.48e-04/1.18e-04 | Best 0.0978 | Patience 24/40
 >> Epoch 087 | Train Total=0.6989 | Val post/prior Total=0.6695/0.7143, Recon post/prior=0.5900/0.5850, KL=0.0263, CycSim post/prior=0.0608/0.0390, CycMeas=0.0981, PriorBnd post/prior=1.76e-04/1.23e-04 | Best 0.0978 | Patience 25/40
 >> Epoch 088 | Train Total=0.7002 | Val post/prior Total=0.6731/0.7153, Recon post/prior=0.5891/0.5842, KL=0.0279, CycSim post/prior=0.0643/0.0382, CycMeas=0.1015, PriorBnd post/prior=2.34e-04/1.42e-04 | Best 0.0978 | Patience 26/40
 >> Epoch 089 | Train Total=0.7006 | Val post/prior Total=0.6749/0.7256, Recon post/prior=0.5940/0.5901, KL=0.0262, CycSim post/prior=0.0622/0.0425, CycMeas=0.1009, PriorBnd post/prior=2.18e-04/1.18e-04 | Best 0.0978 | Patience 27/40
 >> Epoch 090 | Train Total=0.7020 | Val post/prior Total=0.6678/0.7147, Recon post/prior=0.5905/0.5863, KL=0.0266, CycSim post/prior=0.0590/0.0383, CycMeas=0.0980, PriorBnd post/prior=1.34e-04/1.20e-04 | Best 0.0978 | Patience 28/40
 >> Epoch 091 | Train Total=0.7014 | Val post/prior Total=0.6983/0.7555, Recon post/prior=0.6040/0.6017, KL=0.0240, CycSim post/prior=0.0737/0.0591, CycMeas=0.0991, PriorBnd post/prior=1.26e-04/7.71e-05 | Best 0.0978 | Patience 29/40
 >> Epoch 092 | Train Total=0.7020 | Val post/prior Total=0.6747/0.7260, Recon post/prior=0.5914/0.5882, KL=0.0288, CycSim post/prior=0.0638/0.0417, CycMeas=0.1047, PriorBnd post/prior=1.62e-04/1.26e-04 | Best 0.0978 | Patience 30/40
 >> Epoch 093 | Train Total=0.7032 | Val post/prior Total=0.6679/0.7133, Recon post/prior=0.5907/0.5862, KL=0.0276, CycSim post/prior=0.0588/0.0372, CycMeas=0.0982, PriorBnd post/prior=1.74e-04/1.23e-04 | Best 0.0978 | Patience 31/40
 >> Epoch 094 | Train Total=0.7058 | Val post/prior Total=0.6673/0.7146, Recon post/prior=0.5900/0.5857, KL=0.0266, CycSim post/prior=0.0589/0.0379, CycMeas=0.0992, PriorBnd post/prior=2.32e-04/1.22e-04 | Best 0.0978 | Patience 32/40
 >> Epoch 095 | Train Total=0.7046 | Val post/prior Total=0.6879/0.7417, Recon post/prior=0.6023/0.5991, KL=0.0257, CycSim post/prior=0.0663/0.0504, CycMeas=0.0982, PriorBnd post/prior=9.45e-05/8.58e-05 | Best 0.0978 | Patience 33/40
 >> Epoch 096 | Train Total=0.7058 | Val post/prior Total=0.6702/0.7121, Recon post/prior=0.5897/0.5844, KL=0.0290, CycSim post/prior=0.0614/0.0380, CycMeas=0.0977, PriorBnd post/prior=2.62e-04/1.26e-04 | Best 0.0978 | Patience 34/40
[Update] best val_cyc_meas improved to 0.097724 @ epoch 96
 >> Epoch 097 | Train Total=0.7064 | Val post/prior Total=0.6783/0.7285, Recon post/prior=0.5937/0.5900, KL=0.0269, CycSim post/prior=0.0653/0.0459, CycMeas=0.0996, PriorBnd post/prior=1.46e-04/1.16e-04 | Best 0.0977 | Patience 1/40
 >> Epoch 098 | Train Total=0.7074 | Val post/prior Total=0.6663/0.7119, Recon post/prior=0.5893/0.5853, KL=0.0281, CycSim post/prior=0.0586/0.0367, CycMeas=0.0982, PriorBnd post/prior=2.18e-04/1.31e-04 | Best 0.0977 | Patience 2/40
 >> Epoch 099 | Train Total=0.7093 | Val post/prior Total=0.6668/0.7186, Recon post/prior=0.5897/0.5850, KL=0.0279, CycSim post/prior=0.0587/0.0380, CycMeas=0.1048, PriorBnd post/prior=2.17e-04/1.28e-04 | Best 0.0977 | Patience 3/40
 >> Epoch 100 | Train Total=0.7081 | Val post/prior Total=0.6667/0.7116, Recon post/prior=0.5892/0.5843, KL=0.0285, CycSim post/prior=0.0588/0.0367, CycMeas=0.0990, PriorBnd post/prior=3.22e-04/1.31e-04 | Best 0.0977 | Patience 4/40
 >> Epoch 101 | Train Total=0.7099 | Val post/prior Total=0.6662/0.7110, Recon post/prior=0.5894/0.5844, KL=0.0290, CycSim post/prior=0.0583/0.0371, CycMeas=0.0975, PriorBnd post/prior=3.01e-04/1.31e-04 | Best 0.0977 | Patience 5/40
[Update] best val_cyc_meas improved to 0.097514 @ epoch 101
 >> Epoch 102 | Train Total=0.7087 | Val post/prior Total=0.6660/0.7146, Recon post/prior=0.5907/0.5870, KL=0.0265, CycSim post/prior=0.0573/0.0371, CycMeas=0.0989, PriorBnd post/prior=1.57e-04/1.21e-04 | Best 0.0975 | Patience 1/40
 >> Epoch 103 | Train Total=0.7121 | Val post/prior Total=0.6659/0.7163, Recon post/prior=0.5912/0.5876, KL=0.0265, CycSim post/prior=0.0568/0.0386, CycMeas=0.0981, PriorBnd post/prior=2.00e-04/1.24e-04 | Best 0.0975 | Patience 2/40
 >> Epoch 104 | Train Total=0.7103 | Val post/prior Total=0.6679/0.7193, Recon post/prior=0.5920/0.5882, KL=0.0260, CycSim post/prior=0.0577/0.0398, CycMeas=0.0994, PriorBnd post/prior=3.37e-04/1.22e-04 | Best 0.0975 | Patience 3/40
 >> Epoch 105 | Train Total=0.7150 | Val post/prior Total=0.6710/0.7187, Recon post/prior=0.5923/0.5887, KL=0.0277, CycSim post/prior=0.0601/0.0398, CycMeas=0.0980, PriorBnd post/prior=1.63e-04/1.17e-04 | Best 0.0975 | Patience 4/40
 >> Epoch 106 | Train Total=0.7150 | Val post/prior Total=0.7362/0.8023, Recon post/prior=0.6271/0.6261, KL=0.0475, CycSim post/prior=0.0844/0.0703, CycMeas=0.1107, PriorBnd post/prior=9.99e-05/8.19e-05 | Best 0.0975 | Patience 5/40
 >> Epoch 107 | Train Total=0.7156 | Val post/prior Total=0.6657/0.7114, Recon post/prior=0.5896/0.5848, KL=0.0285, CycSim post/prior=0.0578/0.0366, CycMeas=0.0983, PriorBnd post/prior=1.96e-04/1.26e-04 | Best 0.0975 | Patience 6/40
 >> Epoch 108 | Train Total=0.7149 | Val post/prior Total=0.6793/0.7331, Recon post/prior=0.5991/0.5963, KL=0.0271, CycSim post/prior=0.0615/0.0457, CycMeas=0.0978, PriorBnd post/prior=2.70e-04/9.71e-05 | Best 0.0975 | Patience 7/40
 >> Epoch 109 | Train Total=0.7169 | Val post/prior Total=0.6685/0.7113, Recon post/prior=0.5901/0.5845, KL=0.0310, CycSim post/prior=0.0594/0.0368, CycMeas=0.0983, PriorBnd post/prior=2.56e-04/1.29e-04 | Best 0.0975 | Patience 8/40
 >> Epoch 110 | Train Total=0.7182 | Val post/prior Total=0.6739/0.7170, Recon post/prior=0.5908/0.5855, KL=0.0261, CycSim post/prior=0.0639/0.0409, CycMeas=0.0981, PriorBnd post/prior=1.78e-04/1.21e-04 | Best 0.0975 | Patience 9/40
 >> Epoch 111 | Train Total=0.7156 | Val post/prior Total=0.6668/0.7140, Recon post/prior=0.5899/0.5852, KL=0.0262, CycSim post/prior=0.0586/0.0375, CycMeas=0.0996, PriorBnd post/prior=3.32e-04/1.26e-04 | Best 0.0975 | Patience 10/40
 >> Epoch 112 | Train Total=0.7167 | Val post/prior Total=0.7138/0.7695, Recon post/prior=0.6149/0.6130, KL=0.0420, CycSim post/prior=0.0762/0.0597, CycMeas=0.1018, PriorBnd post/prior=9.72e-05/8.73e-05 | Best 0.0975 | Patience 11/40
 >> Epoch 113 | Train Total=0.7185 | Val post/prior Total=0.6732/0.7198, Recon post/prior=0.5935/0.5893, KL=0.0293, CycSim post/prior=0.0609/0.0405, CycMeas=0.0977, PriorBnd post/prior=2.08e-04/1.14e-04 | Best 0.0975 | Patience 12/40
 >> Epoch 114 | Train Total=0.7185 | Val post/prior Total=0.6669/0.7145, Recon post/prior=0.5896/0.5857, KL=0.0282, CycSim post/prior=0.0588/0.0382, CycMeas=0.0986, PriorBnd post/prior=1.48e-04/1.28e-04 | Best 0.0975 | Patience 13/40
 >> Epoch 115 | Train Total=0.7198 | Val post/prior Total=0.6651/0.7116, Recon post/prior=0.5893/0.5845, KL=0.0298, CycSim post/prior=0.0574/0.0369, CycMeas=0.0984, PriorBnd post/prior=1.79e-04/1.22e-04 | Best 0.0975 | Patience 14/40
 >> Epoch 116 | Train Total=0.7183 | Val post/prior Total=0.6690/0.7122, Recon post/prior=0.5898/0.5852, KL=0.0308, CycSim post/prior=0.0602/0.0376, CycMeas=0.0974, PriorBnd post/prior=2.28e-04/1.29e-04 | Best 0.0975 | Patience 15/40
[Update] best val_cyc_meas improved to 0.097350 @ epoch 116
 >> Epoch 117 | Train Total=0.7176 | Val post/prior Total=0.6677/0.7137, Recon post/prior=0.5906/0.5861, KL=0.0268, CycSim post/prior=0.0587/0.0377, CycMeas=0.0979, PriorBnd post/prior=2.74e-04/1.28e-04 | Best 0.0974 | Patience 1/40
 >> Epoch 118 | Train Total=0.7168 | Val post/prior Total=0.6733/0.7218, Recon post/prior=0.5933/0.5895, KL=0.0253, CycSim post/prior=0.0614/0.0415, CycMeas=0.0983, PriorBnd post/prior=1.51e-04/1.04e-04 | Best 0.0974 | Patience 2/40
 >> Epoch 119 | Train Total=0.7174 | Val post/prior Total=0.6633/0.7143, Recon post/prior=0.5901/0.5869, KL=0.0261, CycSim post/prior=0.0556/0.0378, CycMeas=0.0976, PriorBnd post/prior=1.14e-04/1.14e-04 | Best 0.0974 | Patience 3/40
 >> Epoch 120 | Train Total=0.7182 | Val post/prior Total=0.6691/0.7126, Recon post/prior=0.5891/0.5851, KL=0.0288, CycSim post/prior=0.0609/0.0376, CycMeas=0.0979, PriorBnd post/prior=2.78e-04/1.35e-04 | Best 0.0974 | Patience 4/40
 >> Epoch 121 | Train Total=0.7181 | Val post/prior Total=0.6723/0.7231, Recon post/prior=0.5937/0.5902, KL=0.0252, CycSim post/prior=0.0603/0.0413, CycMeas=0.0993, PriorBnd post/prior=2.08e-04/1.13e-04 | Best 0.0974 | Patience 5/40
 >> Epoch 122 | Train Total=0.7175 | Val post/prior Total=0.6710/0.7199, Recon post/prior=0.5934/0.5880, KL=0.0277, CycSim post/prior=0.0589/0.0410, CycMeas=0.0986, PriorBnd post/prior=3.67e-04/1.09e-04 | Best 0.0974 | Patience 6/40
 >> Epoch 123 | Train Total=0.7194 | Val post/prior Total=0.6647/0.7119, Recon post/prior=0.5895/0.5846, KL=0.0277, CycSim post/prior=0.0571/0.0372, CycMeas=0.0982, PriorBnd post/prior=2.30e-04/1.30e-04 | Best 0.0974 | Patience 7/40
 >> Epoch 124 | Train Total=0.7179 | Val post/prior Total=0.6701/0.7155, Recon post/prior=0.5906/0.5864, KL=0.0273, CycSim post/prior=0.0607/0.0392, CycMeas=0.0977, PriorBnd post/prior=2.51e-04/1.25e-04 | Best 0.0974 | Patience 8/40
 >> Epoch 125 | Train Total=0.7163 | Val post/prior Total=0.6722/0.7179, Recon post/prior=0.5895/0.5845, KL=0.0282, CycSim post/prior=0.0633/0.0406, CycMeas=0.1008, PriorBnd post/prior=2.37e-04/1.30e-04 | Best 0.0974 | Patience 9/40
 >> Epoch 126 | Train Total=0.7169 | Val post/prior Total=0.7050/0.7604, Recon post/prior=0.6099/0.6072, KL=0.0295, CycSim post/prior=0.0740/0.0594, CycMeas=0.0980, PriorBnd post/prior=8.36e-05/7.29e-05 | Best 0.0974 | Patience 10/40
 >> Epoch 127 | Train Total=0.7184 | Val post/prior Total=0.6901/0.7437, Recon post/prior=0.5992/0.5955, KL=0.0265, CycSim post/prior=0.0706/0.0536, CycMeas=0.1004, PriorBnd post/prior=1.25e-04/9.03e-05 | Best 0.0974 | Patience 11/40
 >> Epoch 128 | Train Total=0.7149 | Val post/prior Total=0.6733/0.7213, Recon post/prior=0.5924/0.5892, KL=0.0319, CycSim post/prior=0.0616/0.0416, CycMeas=0.0977, PriorBnd post/prior=1.44e-04/1.16e-04 | Best 0.0974 | Patience 12/40
 >> Epoch 129 | Train Total=0.7169 | Val post/prior Total=0.6690/0.7200, Recon post/prior=0.5931/0.5897, KL=0.0260, CycSim post/prior=0.0580/0.0404, CycMeas=0.0974, PriorBnd post/prior=1.51e-04/1.18e-04 | Best 0.0974 | Patience 13/40
 >> Epoch 130 | Train Total=0.7168 | Val post/prior Total=0.6669/0.7174, Recon post/prior=0.5917/0.5885, KL=0.0260, CycSim post/prior=0.0573/0.0392, CycMeas=0.0975, PriorBnd post/prior=2.32e-04/1.15e-04 | Best 0.0974 | Patience 14/40
 >> Epoch 131 | Train Total=0.7159 | Val post/prior Total=0.6674/0.7125, Recon post/prior=0.5899/0.5853, KL=0.0271, CycSim post/prior=0.0590/0.0375, CycMeas=0.0979, PriorBnd post/prior=2.55e-04/1.19e-04 | Best 0.0974 | Patience 15/40
 >> Epoch 132 | Train Total=0.7161 | Val post/prior Total=0.6673/0.7124, Recon post/prior=0.5893/0.5845, KL=0.0286, CycSim post/prior=0.0593/0.0379, CycMeas=0.0980, PriorBnd post/prior=2.29e-04/1.28e-04 | Best 0.0974 | Patience 16/40
 >> Epoch 133 | Train Total=0.7170 | Val post/prior Total=0.6696/0.7174, Recon post/prior=0.5918/0.5874, KL=0.0274, CycSim post/prior=0.0594/0.0401, CycMeas=0.0976, PriorBnd post/prior=1.10e-04/1.11e-04 | Best 0.0974 | Patience 17/40
 >> Epoch 134 | Train Total=0.7157 | Val post/prior Total=0.6673/0.7116, Recon post/prior=0.5894/0.5840, KL=0.0313, CycSim post/prior=0.0588/0.0369, CycMeas=0.0992, PriorBnd post/prior=2.81e-04/1.29e-04 | Best 0.0974 | Patience 18/40
 >> Epoch 135 | Train Total=0.7170 | Val post/prior Total=0.6696/0.7135, Recon post/prior=0.5896/0.5853, KL=0.0290, CycSim post/prior=0.0609/0.0384, CycMeas=0.0977, PriorBnd post/prior=2.55e-04/1.26e-04 | Best 0.0974 | Patience 19/40
 >> Epoch 136 | Train Total=0.7181 | Val post/prior Total=0.6682/0.7186, Recon post/prior=0.5905/0.5864, KL=0.0273, CycSim post/prior=0.0592/0.0381, CycMeas=0.1032, PriorBnd post/prior=1.86e-04/1.21e-04 | Best 0.0974 | Patience 20/40
 >> Epoch 137 | Train Total=0.7168 | Val post/prior Total=0.6675/0.7128, Recon post/prior=0.5897/0.5855, KL=0.0280, CycSim post/prior=0.0593/0.0374, CycMeas=0.0981, PriorBnd post/prior=1.90e-04/1.25e-04 | Best 0.0974 | Patience 21/40
 >> Epoch 138 | Train Total=0.7181 | Val post/prior Total=0.6695/0.7131, Recon post/prior=0.5890/0.5845, KL=0.0287, CycSim post/prior=0.0615/0.0385, CycMeas=0.0980, PriorBnd post/prior=1.84e-04/1.32e-04 | Best 0.0974 | Patience 22/40
 >> Epoch 139 | Train Total=0.7172 | Val post/prior Total=0.6712/0.7184, Recon post/prior=0.5914/0.5874, KL=0.0274, CycSim post/prior=0.0610/0.0405, CycMeas=0.0982, PriorBnd post/prior=1.32e-04/1.22e-04 | Best 0.0974 | Patience 23/40
 >> Epoch 140 | Train Total=0.7171 | Val post/prior Total=0.6705/0.7145, Recon post/prior=0.5894/0.5846, KL=0.0267, CycSim post/prior=0.0620/0.0394, CycMeas=0.0982, PriorBnd post/prior=2.07e-04/1.32e-04 | Best 0.0974 | Patience 24/40
 >> Epoch 141 | Train Total=0.7171 | Val post/prior Total=0.6691/0.7127, Recon post/prior=0.5896/0.5853, KL=0.0273, CycSim post/prior=0.0607/0.0366, CycMeas=0.0993, PriorBnd post/prior=2.58e-04/1.31e-04 | Best 0.0974 | Patience 25/40
 >> Epoch 142 | Train Total=0.7166 | Val post/prior Total=0.6651/0.7110, Recon post/prior=0.5889/0.5840, KL=0.0264, CycSim post/prior=0.0580/0.0373, CycMeas=0.0976, PriorBnd post/prior=1.45e-04/1.22e-04 | Best 0.0974 | Patience 26/40
 >> Epoch 143 | Train Total=0.7171 | Val post/prior Total=0.6721/0.7190, Recon post/prior=0.5922/0.5887, KL=0.0300, CycSim post/prior=0.0609/0.0398, CycMeas=0.0982, PriorBnd post/prior=1.83e-04/1.16e-04 | Best 0.0974 | Patience 27/40
 >> Epoch 144 | Train Total=0.7172 | Val post/prior Total=0.6666/0.7140, Recon post/prior=0.5904/0.5856, KL=0.0281, CycSim post/prior=0.0579/0.0385, CycMeas=0.0978, PriorBnd post/prior=2.53e-04/1.23e-04 | Best 0.0974 | Patience 28/40
 >> Epoch 145 | Train Total=0.7167 | Val post/prior Total=0.6662/0.7154, Recon post/prior=0.5904/0.5869, KL=0.0275, CycSim post/prior=0.0577/0.0386, CycMeas=0.0978, PriorBnd post/prior=1.36e-04/1.18e-04 | Best 0.0974 | Patience 29/40
 >> Epoch 146 | Train Total=0.7161 | Val post/prior Total=0.6682/0.7118, Recon post/prior=0.5891/0.5838, KL=0.0275, CycSim post/prior=0.0604/0.0381, CycMeas=0.0979, PriorBnd post/prior=1.97e-04/1.28e-04 | Best 0.0974 | Patience 30/40
 >> Epoch 147 | Train Total=0.7167 | Val post/prior Total=0.6689/0.7132, Recon post/prior=0.5902/0.5855, KL=0.0260, CycSim post/prior=0.0600/0.0382, CycMeas=0.0974, PriorBnd post/prior=4.37e-04/1.28e-04 | Best 0.0974 | Patience 31/40
 >> Epoch 148 | Train Total=0.7177 | Val post/prior Total=0.6648/0.7153, Recon post/prior=0.5900/0.5859, KL=0.0252, CycSim post/prior=0.0570/0.0378, CycMeas=0.1002, PriorBnd post/prior=2.31e-04/1.24e-04 | Best 0.0974 | Patience 32/40
 >> Epoch 149 | Train Total=0.7167 | Val post/prior Total=0.6709/0.7201, Recon post/prior=0.5920/0.5885, KL=0.0273, CycSim post/prior=0.0603/0.0411, CycMeas=0.0981, PriorBnd post/prior=1.52e-04/1.13e-04 | Best 0.0974 | Patience 33/40
 >> Epoch 150 | Train Total=0.7181 | Val post/prior Total=0.6658/0.7144, Recon post/prior=0.5910/0.5868, KL=0.0267, CycSim post/prior=0.0569/0.0379, CycMeas=0.0975, PriorBnd post/prior=1.64e-04/1.16e-04 | Best 0.0974 | Patience 34/40
 >> Epoch 151 | Train Total=0.7166 | Val post/prior Total=0.6710/0.7125, Recon post/prior=0.5895/0.5847, KL=0.0301, CycSim post/prior=0.0620/0.0376, CycMeas=0.0982, PriorBnd post/prior=3.46e-04/1.33e-04 | Best 0.0974 | Patience 35/40
 >> Epoch 152 | Train Total=0.7166 | Val post/prior Total=0.6682/0.7097, Recon post/prior=0.5885/0.5832, KL=0.0318, CycSim post/prior=0.0604/0.0367, CycMeas=0.0980, PriorBnd post/prior=2.80e-04/1.34e-04 | Best 0.0974 | Patience 36/40
 >> Epoch 153 | Train Total=0.7173 | Val post/prior Total=0.6664/0.7135, Recon post/prior=0.5903/0.5857, KL=0.0274, CycSim post/prior=0.0576/0.0372, CycMeas=0.0991, PriorBnd post/prior=3.83e-04/1.22e-04 | Best 0.0974 | Patience 37/40
 >> Epoch 154 | Train Total=0.7173 | Val post/prior Total=0.6683/0.7155, Recon post/prior=0.5906/0.5867, KL=0.0295, CycSim post/prior=0.0590/0.0385, CycMeas=0.0982, PriorBnd post/prior=1.73e-04/1.20e-04 | Best 0.0974 | Patience 38/40
 >> Epoch 155 | Train Total=0.7174 | Val post/prior Total=0.6684/0.7160, Recon post/prior=0.5912/0.5871, KL=0.0276, CycSim post/prior=0.0588/0.0391, CycMeas=0.0976, PriorBnd post/prior=2.23e-04/1.19e-04 | Best 0.0974 | Patience 39/40
 >> Epoch 156 | Train Total=0.7166 | Val post/prior Total=0.6846/0.7361, Recon post/prior=0.5975/0.5944, KL=0.0269, CycSim post/prior=0.0674/0.0498, CycMeas=0.0979, PriorBnd post/prior=1.33e-04/9.75e-05 | Best 0.0974 | Patience 40/40
[EarlyStop] at epoch 156
[Diag] Start to calcaulte diag in test preocess... 
[Diag] wrote 28930 rows to temp_Bidi_cvae\cvae_20251105-121352\diag_test.csv
[Diag] proxy_floor_ps  P50=0.0095  P90=0.0228  P95=0.0348  P99=0.2440
[Test] prior total=0.710043 | prior recon=0.584252 | kl=0.019226 | prior cyc_sim=0.036567 | cyc_meas=0.097431 | prior_l2=0.396669 | prior_bnd=0.000060 | 
