[log] tee initialized at 2025-11-06 20:52:35 -> temp_Bidi_cvae\session_20251106-205235.log
Using CUDA device 0: NVIDIA GeForce RTX 4060 Laptop GPU
[log] tee initialized at 2025-11-06 20:52:39 -> temp_Bidi_cvae\cvae_20251106-205239\train.log
[L_trust] using 20000 ref rows from temp_Bidi_cvae/proxy\proxy_Ytr_norm.npy
 >> Epoch 001 | Train Total=101.9504 | Val post/prior Total=7875391.5349/1.1571, Recon post/prior=44.6589/0.7839, KL=75900866.7589, CycSim post/prior=0.1874/0.1608, CycMeas=0.2227, PriorBnd post/prior=8.69e+00/1.24e-03 | Best inf | Patience 1/40
[Update] best val_cyc_meas improved to 0.222701 @ epoch 1
 >> Epoch 002 | Train Total=1.1705 | Val post/prior Total=35.3207/1.0471, Recon post/prior=0.7849/0.7330, KL=335.7051, CycSim post/prior=0.1343/0.1072, CycMeas=0.2293, PriorBnd post/prior=1.46e-02/3.06e-04 | Best 0.2227 | Patience 1/40
 >> Epoch 003 | Train Total=0.9825 | Val post/prior Total=4.1231/0.9526, Recon post/prior=0.7444/0.7167, KL=30.2268, CycSim post/prior=0.1231/0.0989, CycMeas=0.1439, PriorBnd post/prior=7.17e-03/1.96e-04 | Best 0.2227 | Patience 2/40
[Update] best val_cyc_meas improved to 0.143923 @ epoch 3
 >> Epoch 004 | Train Total=0.9165 | Val post/prior Total=1.8042/0.8799, Recon post/prior=0.7251/0.7005, KL=7.5733, CycSim post/prior=0.0945/0.0727, CycMeas=0.1120, PriorBnd post/prior=7.45e-03/1.89e-04 | Best 0.1439 | Patience 1/40
[Update] best val_cyc_meas improved to 0.112020 @ epoch 4
 >> Epoch 005 | Train Total=0.8806 | Val post/prior Total=0.8416/0.8997, Recon post/prior=0.7022/0.6987, KL=0.1616, CycSim post/prior=0.1008/0.0803, CycMeas=0.1280, PriorBnd post/prior=2.81e-04/9.73e-05 | Best 0.1120 | Patience 1/40
 >> Epoch 006 | Train Total=0.8525 | Val post/prior Total=0.8116/0.8489, Recon post/prior=0.6914/0.6856, KL=0.1539, CycSim post/prior=0.0823/0.0623, CycMeas=0.1072, PriorBnd post/prior=1.14e-03/1.43e-04 | Best 0.1120 | Patience 2/40
[Update] best val_cyc_meas improved to 0.107165 @ epoch 6
 >> Epoch 007 | Train Total=0.8355 | Val post/prior Total=0.7976/0.8501, Recon post/prior=0.6854/0.6818, KL=0.0713, CycSim post/prior=0.0854/0.0641, CycMeas=0.1110, PriorBnd post/prior=2.72e-04/9.79e-05 | Best 0.1072 | Patience 1/40
 >> Epoch 008 | Train Total=0.8226 | Val post/prior Total=0.7834/0.8435, Recon post/prior=0.6807/0.6776, KL=0.0670, CycSim post/prior=0.0776/0.0613, CycMeas=0.1118, PriorBnd post/prior=2.24e-04/9.21e-05 | Best 0.1072 | Patience 2/40
 >> Epoch 009 | Train Total=0.8138 | Val post/prior Total=0.7805/0.8417, Recon post/prior=0.6776/0.6741, KL=0.0627, CycSim post/prior=0.0782/0.0586, CycMeas=0.1179, PriorBnd post/prior=1.99e-04/9.39e-05 | Best 0.1072 | Patience 3/40
 >> Epoch 010 | Train Total=0.8083 | Val post/prior Total=0.7742/0.8229, Recon post/prior=0.6732/0.6690, KL=0.0564, CycSim post/prior=0.0768/0.0564, CycMeas=0.1041, PriorBnd post/prior=3.31e-04/8.72e-05 | Best 0.1072 | Patience 4/40
[Update] best val_cyc_meas improved to 0.104062 @ epoch 10
 >> Epoch 011 | Train Total=0.8021 | Val post/prior Total=0.7632/0.8163, Recon post/prior=0.6687/0.6649, KL=0.0497, CycSim post/prior=0.0718/0.0571, CycMeas=0.0996, PriorBnd post/prior=3.90e-04/1.05e-04 | Best 0.1041 | Patience 1/40
[Update] best val_cyc_meas improved to 0.099586 @ epoch 11
 >> Epoch 012 | Train Total=0.7960 | Val post/prior Total=0.7626/0.8161, Recon post/prior=0.6681/0.6651, KL=0.0405, CycSim post/prior=0.0729/0.0541, CycMeas=0.1039, PriorBnd post/prior=2.16e-04/7.45e-05 | Best 0.0996 | Patience 1/40
 >> Epoch 013 | Train Total=0.7901 | Val post/prior Total=0.7544/0.8155, Recon post/prior=0.6661/0.6629, KL=0.0397, CycSim post/prior=0.0675/0.0544, CycMeas=0.1053, PriorBnd post/prior=4.43e-04/8.47e-05 | Best 0.0996 | Patience 2/40
 >> Epoch 014 | Train Total=0.7838 | Val post/prior Total=0.7661/0.8302, Recon post/prior=0.6613/0.6580, KL=0.0361, CycSim post/prior=0.0819/0.0588, CycMeas=0.1233, PriorBnd post/prior=1.64e-04/6.16e-05 | Best 0.0996 | Patience 3/40
 >> Epoch 015 | Train Total=0.7780 | Val post/prior Total=0.7582/0.8125, Recon post/prior=0.6607/0.6577, KL=0.0346, CycSim post/prior=0.0760/0.0580, CycMeas=0.1027, PriorBnd post/prior=2.06e-04/5.00e-05 | Best 0.0996 | Patience 4/40
 >> Epoch 016 | Train Total=0.7726 | Val post/prior Total=0.7458/0.7999, Recon post/prior=0.6539/0.6501, KL=0.0295, CycSim post/prior=0.0714/0.0510, CycMeas=0.1067, PriorBnd post/prior=3.32e-04/5.32e-05 | Best 0.0996 | Patience 5/40
 >> Epoch 017 | Train Total=0.7698 | Val post/prior Total=0.7407/0.7906, Recon post/prior=0.6519/0.6483, KL=0.0277, CycSim post/prior=0.0688/0.0495, CycMeas=0.0996, PriorBnd post/prior=3.27e-04/5.56e-05 | Best 0.0996 | Patience 6/40
 >> Epoch 018 | Train Total=0.7670 | Val post/prior Total=0.7388/0.7916, Recon post/prior=0.6500/0.6469, KL=0.0255, CycSim post/prior=0.0692/0.0501, CycMeas=0.1017, PriorBnd post/prior=1.04e-04/3.56e-05 | Best 0.0996 | Patience 7/40
 >> Epoch 019 | Train Total=0.7633 | Val post/prior Total=0.7374/0.7902, Recon post/prior=0.6493/0.6464, KL=0.0263, CycSim post/prior=0.0686/0.0505, CycMeas=0.1001, PriorBnd post/prior=1.79e-04/3.48e-05 | Best 0.0996 | Patience 8/40
 >> Epoch 020 | Train Total=0.7601 | Val post/prior Total=0.7270/0.7844, Recon post/prior=0.6441/0.6410, KL=0.0244, CycSim post/prior=0.0643/0.0507, CycMeas=0.0989, PriorBnd post/prior=2.60e-04/5.99e-05 | Best 0.0996 | Patience 9/40
[Update] best val_cyc_meas improved to 0.098921 @ epoch 20
 >> Epoch 021 | Train Total=0.7575 | Val post/prior Total=0.7298/0.7822, Recon post/prior=0.6429/0.6397, KL=0.0239, CycSim post/prior=0.0678/0.0480, CycMeas=0.1021, PriorBnd post/prior=1.84e-04/4.59e-05 | Best 0.0989 | Patience 1/40
 >> Epoch 022 | Train Total=0.7545 | Val post/prior Total=0.7281/0.7898, Recon post/prior=0.6440/0.6416, KL=0.0178, CycSim post/prior=0.0660/0.0543, CycMeas=0.0997, PriorBnd post/prior=1.39e-04/4.01e-05 | Best 0.0989 | Patience 2/40
 >> Epoch 023 | Train Total=0.7503 | Val post/prior Total=0.7271/0.7870, Recon post/prior=0.6406/0.6376, KL=0.0194, CycSim post/prior=0.0678/0.0526, CycMeas=0.1040, PriorBnd post/prior=2.45e-04/3.55e-05 | Best 0.0989 | Patience 3/40
 >> Epoch 024 | Train Total=0.7491 | Val post/prior Total=0.7286/0.7894, Recon post/prior=0.6414/0.6389, KL=0.0174, CycSim post/prior=0.0686/0.0523, CycMeas=0.1057, PriorBnd post/prior=1.14e-04/3.04e-05 | Best 0.0989 | Patience 4/40
 >> Epoch 025 | Train Total=0.7477 | Val post/prior Total=0.7219/0.7774, Recon post/prior=0.6367/0.6334, KL=0.0187, CycSim post/prior=0.0668/0.0488, CycMeas=0.1027, PriorBnd post/prior=1.28e-04/2.95e-05 | Best 0.0989 | Patience 5/40
 >> Epoch 026 | Train Total=0.7451 | Val post/prior Total=0.7210/0.7728, Recon post/prior=0.6340/0.6295, KL=0.0212, CycSim post/prior=0.0674/0.0477, CycMeas=0.1034, PriorBnd post/prior=5.56e-04/2.71e-05 | Best 0.0989 | Patience 6/40
 >> Epoch 027 | Train Total=0.7420 | Val post/prior Total=0.7195/0.7872, Recon post/prior=0.6385/0.6372, KL=0.0141, CycSim post/prior=0.0638/0.0541, CycMeas=0.1025, PriorBnd post/prior=3.30e-05/2.22e-05 | Best 0.0989 | Patience 7/40
 >> Epoch 028 | Train Total=0.7426 | Val post/prior Total=0.7069/0.7629, Recon post/prior=0.6274/0.6233, KL=0.0176, CycSim post/prior=0.0612/0.0441, CycMeas=0.1040, PriorBnd post/prior=4.62e-04/4.39e-05 | Best 0.0989 | Patience 8/40
 >> Epoch 029 | Train Total=0.7406 | Val post/prior Total=0.7071/0.7593, Recon post/prior=0.6255/0.6224, KL=0.0166, CycSim post/prior=0.0638/0.0443, CycMeas=0.1003, PriorBnd post/prior=1.16e-04/3.23e-05 | Best 0.0989 | Patience 9/40
 >> Epoch 030 | Train Total=0.7390 | Val post/prior Total=0.7010/0.7587, Recon post/prior=0.6243/0.6196, KL=0.0200, CycSim post/prior=0.0583/0.0471, CycMeas=0.0986, PriorBnd post/prior=6.26e-04/5.59e-05 | Best 0.0989 | Patience 10/40
[Update] best val_cyc_meas improved to 0.098556 @ epoch 30
 >> Epoch 031 | Train Total=0.7367 | Val post/prior Total=0.6964/0.7537, Recon post/prior=0.6222/0.6189, KL=0.0158, CycSim post/prior=0.0577/0.0432, CycMeas=0.0992, PriorBnd post/prior=1.53e-04/3.11e-05 | Best 0.0986 | Patience 1/40
 >> Epoch 032 | Train Total=0.7343 | Val post/prior Total=0.7086/0.7625, Recon post/prior=0.6235/0.6202, KL=0.0139, CycSim post/prior=0.0670/0.0494, CycMeas=0.0995, PriorBnd post/prior=1.67e-04/2.67e-05 | Best 0.0986 | Patience 2/40
 >> Epoch 033 | Train Total=0.7332 | Val post/prior Total=0.7187/0.7857, Recon post/prior=0.6322/0.6298, KL=0.0143, CycSim post/prior=0.0681/0.0579, CycMeas=0.1041, PriorBnd post/prior=2.81e-04/2.73e-05 | Best 0.0986 | Patience 3/40
 >> Epoch 034 | Train Total=0.7328 | Val post/prior Total=0.6951/0.7475, Recon post/prior=0.6194/0.6145, KL=0.0182, CycSim post/prior=0.0576/0.0422, CycMeas=0.0983, PriorBnd post/prior=5.50e-04/4.15e-05 | Best 0.0986 | Patience 4/40
[Update] best val_cyc_meas improved to 0.098268 @ epoch 34
 >> Epoch 035 | Train Total=0.7323 | Val post/prior Total=0.6920/0.7492, Recon post/prior=0.6173/0.6139, KL=0.0162, CycSim post/prior=0.0578/0.0427, CycMeas=0.1005, PriorBnd post/prior=3.00e-04/3.06e-05 | Best 0.0983 | Patience 1/40
 >> Epoch 036 | Train Total=0.7317 | Val post/prior Total=0.6951/0.7486, Recon post/prior=0.6178/0.6132, KL=0.0163, CycSim post/prior=0.0583/0.0440, CycMeas=0.0988, PriorBnd post/prior=7.26e-04/3.27e-05 | Best 0.0983 | Patience 2/40
 >> Epoch 037 | Train Total=0.7306 | Val post/prior Total=0.6913/0.7480, Recon post/prior=0.6155/0.6113, KL=0.0155, CycSim post/prior=0.0579/0.0445, CycMeas=0.0995, PriorBnd post/prior=5.11e-04/3.46e-05 | Best 0.0983 | Patience 3/40
 >> Epoch 038 | Train Total=0.7295 | Val post/prior Total=0.6861/0.7476, Recon post/prior=0.6138/0.6106, KL=0.0152, CycSim post/prior=0.0559/0.0443, CycMeas=0.1003, PriorBnd post/prior=2.38e-04/3.63e-05 | Best 0.0983 | Patience 4/40
 >> Epoch 039 | Train Total=0.7287 | Val post/prior Total=0.6920/0.7456, Recon post/prior=0.6135/0.6077, KL=0.0167, CycSim post/prior=0.0575/0.0451, CycMeas=0.1000, PriorBnd post/prior=9.85e-04/4.48e-05 | Best 0.0983 | Patience 5/40
 >> Epoch 040 | Train Total=0.7283 | Val post/prior Total=0.6951/0.7525, Recon post/prior=0.6157/0.6120, KL=0.0134, CycSim post/prior=0.0616/0.0473, CycMeas=0.1002, PriorBnd post/prior=4.34e-04/2.30e-05 | Best 0.0983 | Patience 6/40
 >> Epoch 041 | Train Total=0.7268 | Val post/prior Total=0.6884/0.7416, Recon post/prior=0.6107/0.6066, KL=0.0149, CycSim post/prior=0.0602/0.0428, CycMeas=0.0999, PriorBnd post/prior=3.25e-04/3.46e-05 | Best 0.0983 | Patience 7/40
 >> Epoch 042 | Train Total=0.7288 | Val post/prior Total=0.6910/0.7435, Recon post/prior=0.6133/0.6082, KL=0.0154, CycSim post/prior=0.0589/0.0433, CycMeas=0.0996, PriorBnd post/prior=6.66e-04/3.53e-05 | Best 0.0983 | Patience 8/40
 >> Epoch 043 | Train Total=0.7266 | Val post/prior Total=0.6829/0.7456, Recon post/prior=0.6107/0.6078, KL=0.0125, CycSim post/prior=0.0561/0.0458, CycMeas=0.0992, PriorBnd post/prior=2.33e-04/2.47e-05 | Best 0.0983 | Patience 9/40
 >> Epoch 044 | Train Total=0.7259 | Val post/prior Total=0.6981/0.7575, Recon post/prior=0.6160/0.6136, KL=0.0111, CycSim post/prior=0.0647/0.0518, CycMeas=0.0980, PriorBnd post/prior=1.18e-04/1.99e-05 | Best 0.0983 | Patience 10/40
[Update] best val_cyc_meas improved to 0.097989 @ epoch 44
 >> Epoch 045 | Train Total=0.7265 | Val post/prior Total=0.6883/0.7399, Recon post/prior=0.6094/0.6039, KL=0.0162, CycSim post/prior=0.0593/0.0440, CycMeas=0.0994, PriorBnd post/prior=7.73e-04/3.38e-05 | Best 0.0980 | Patience 1/40
 >> Epoch 046 | Train Total=0.7234 | Val post/prior Total=0.6830/0.7388, Recon post/prior=0.6085/0.6036, KL=0.0130, CycSim post/prior=0.0554/0.0440, CycMeas=0.0983, PriorBnd post/prior=7.23e-04/3.02e-05 | Best 0.0980 | Patience 2/40
 >> Epoch 047 | Train Total=0.7250 | Val post/prior Total=0.6758/0.7353, Recon post/prior=0.6061/0.6025, KL=0.0123, CycSim post/prior=0.0536/0.0417, CycMeas=0.0987, PriorBnd post/prior=3.57e-04/3.73e-05 | Best 0.0980 | Patience 3/40
 >> Epoch 048 | Train Total=0.7254 | Val post/prior Total=0.6819/0.7404, Recon post/prior=0.6074/0.6036, KL=0.0136, CycSim post/prior=0.0577/0.0446, CycMeas=0.0994, PriorBnd post/prior=3.26e-04/2.57e-05 | Best 0.0980 | Patience 4/40
 >> Epoch 049 | Train Total=0.7256 | Val post/prior Total=0.6827/0.7367, Recon post/prior=0.6063/0.6005, KL=0.0131, CycSim post/prior=0.0563/0.0426, CycMeas=0.1017, PriorBnd post/prior=8.93e-04/3.84e-05 | Best 0.0980 | Patience 5/40
 >> Epoch 050 | Train Total=0.7260 | Val post/prior Total=0.6947/0.7574, Recon post/prior=0.6135/0.6115, KL=0.0098, CycSim post/prior=0.0639/0.0525, CycMeas=0.0993, PriorBnd post/prior=2.40e-04/1.65e-05 | Best 0.0980 | Patience 6/40
 >> Epoch 051 | Train Total=0.7271 | Val post/prior Total=0.6888/0.7359, Recon post/prior=0.6083/0.6019, KL=0.0129, CycSim post/prior=0.0582/0.0428, CycMeas=0.0986, PriorBnd post/prior=9.53e-04/3.38e-05 | Best 0.0980 | Patience 7/40
 >> Epoch 052 | Train Total=0.7261 | Val post/prior Total=0.6779/0.7307, Recon post/prior=0.6032/0.5971, KL=0.0134, CycSim post/prior=0.0545/0.0423, CycMeas=0.0987, PriorBnd post/prior=8.71e-04/3.30e-05 | Best 0.0980 | Patience 8/40
 >> Epoch 053 | Train Total=0.7236 | Val post/prior Total=0.6742/0.7299, Recon post/prior=0.6012/0.5972, KL=0.0111, CycSim post/prior=0.0568/0.0422, CycMeas=0.0978, PriorBnd post/prior=2.18e-04/3.55e-05 | Best 0.0980 | Patience 9/40
[Update] best val_cyc_meas improved to 0.097766 @ epoch 53
 >> Epoch 054 | Train Total=0.7264 | Val post/prior Total=0.6727/0.7258, Recon post/prior=0.6006/0.5961, KL=0.0118, CycSim post/prior=0.0555/0.0393, CycMeas=0.0985, PriorBnd post/prior=4.29e-04/3.87e-05 | Best 0.0978 | Patience 1/40
 >> Epoch 055 | Train Total=0.7260 | Val post/prior Total=0.6776/0.7331, Recon post/prior=0.6030/0.5992, KL=0.0117, CycSim post/prior=0.0579/0.0427, CycMeas=0.0989, PriorBnd post/prior=2.85e-04/2.68e-05 | Best 0.0978 | Patience 2/40
 >> Epoch 056 | Train Total=0.7259 | Val post/prior Total=0.6729/0.7352, Recon post/prior=0.6029/0.6001, KL=0.0103, CycSim post/prior=0.0545/0.0431, CycMeas=0.0997, PriorBnd post/prior=1.76e-04/2.54e-05 | Best 0.0978 | Patience 3/40
 >> Epoch 057 | Train Total=0.7261 | Val post/prior Total=0.6748/0.7345, Recon post/prior=0.6038/0.6009, KL=0.0106, CycSim post/prior=0.0549/0.0427, CycMeas=0.0984, PriorBnd post/prior=3.84e-04/2.57e-05 | Best 0.0978 | Patience 4/40
 >> Epoch 058 | Train Total=0.7257 | Val post/prior Total=0.6740/0.7279, Recon post/prior=0.6011/0.5960, KL=0.0124, CycSim post/prior=0.0551/0.0413, CycMeas=0.0983, PriorBnd post/prior=6.66e-04/3.54e-05 | Best 0.0978 | Patience 5/40
 >> Epoch 059 | Train Total=0.7271 | Val post/prior Total=0.6782/0.7356, Recon post/prior=0.6030/0.5983, KL=0.0103, CycSim post/prior=0.0577/0.0450, CycMeas=0.0996, PriorBnd post/prior=5.75e-04/2.94e-05 | Best 0.0978 | Patience 6/40
 >> Epoch 060 | Train Total=0.7288 | Val post/prior Total=0.6699/0.7318, Recon post/prior=0.6003/0.5970, KL=0.0108, CycSim post/prior=0.0538/0.0433, CycMeas=0.0989, PriorBnd post/prior=2.53e-04/2.92e-05 | Best 0.0978 | Patience 7/40
 >> Epoch 061 | Train Total=0.7286 | Val post/prior Total=0.6692/0.7307, Recon post/prior=0.6006/0.5979, KL=0.0117, CycSim post/prior=0.0528/0.0421, CycMeas=0.0982, PriorBnd post/prior=2.96e-04/3.16e-05 | Best 0.0978 | Patience 8/40
 >> Epoch 062 | Train Total=0.7274 | Val post/prior Total=0.6787/0.7362, Recon post/prior=0.6032/0.5995, KL=0.0112, CycSim post/prior=0.0585/0.0456, CycMeas=0.0980, PriorBnd post/prior=3.85e-04/2.70e-05 | Best 0.0978 | Patience 9/40
 >> Epoch 063 | Train Total=0.7282 | Val post/prior Total=0.6664/0.7280, Recon post/prior=0.5994/0.5962, KL=0.0107, CycSim post/prior=0.0515/0.0410, CycMeas=0.0984, PriorBnd post/prior=4.12e-04/3.02e-05 | Best 0.0978 | Patience 10/40
 >> Epoch 064 | Train Total=0.7294 | Val post/prior Total=0.6669/0.7253, Recon post/prior=0.5981/0.5939, KL=0.0126, CycSim post/prior=0.0524/0.0407, CycMeas=0.0984, PriorBnd post/prior=4.81e-04/3.36e-05 | Best 0.0978 | Patience 11/40
 >> Epoch 065 | Train Total=0.7303 | Val post/prior Total=0.6714/0.7344, Recon post/prior=0.6013/0.5976, KL=0.0138, CycSim post/prior=0.0538/0.0443, CycMeas=0.0998, PriorBnd post/prior=4.08e-04/3.52e-05 | Best 0.0978 | Patience 12/40
 >> Epoch 066 | Train Total=0.7314 | Val post/prior Total=0.6683/0.7322, Recon post/prior=0.6006/0.5965, KL=0.0102, CycSim post/prior=0.0508/0.0444, CycMeas=0.0983, PriorBnd post/prior=6.34e-04/2.84e-05 | Best 0.0978 | Patience 13/40
 >> Epoch 067 | Train Total=0.7308 | Val post/prior Total=0.6803/0.7389, Recon post/prior=0.6033/0.6000, KL=0.0117, CycSim post/prior=0.0601/0.0468, CycMeas=0.0989, PriorBnd post/prior=3.26e-04/2.68e-05 | Best 0.0978 | Patience 14/40
 >> Epoch 068 | Train Total=0.7350 | Val post/prior Total=0.6776/0.7382, Recon post/prior=0.6032/0.5995, KL=0.0098, CycSim post/prior=0.0569/0.0471, CycMeas=0.0982, PriorBnd post/prior=5.99e-04/2.14e-05 | Best 0.0978 | Patience 15/40
 >> Epoch 069 | Train Total=0.7313 | Val post/prior Total=0.6659/0.7257, Recon post/prior=0.5971/0.5935, KL=0.0094, CycSim post/prior=0.0534/0.0410, CycMeas=0.0990, PriorBnd post/prior=3.28e-04/3.53e-05 | Best 0.0978 | Patience 16/40
 >> Epoch 070 | Train Total=0.7327 | Val post/prior Total=0.6687/0.7286, Recon post/prior=0.5981/0.5955, KL=0.0093, CycSim post/prior=0.0550/0.0414, CycMeas=0.0996, PriorBnd post/prior=1.20e-04/2.87e-05 | Best 0.0978 | Patience 17/40
 >> Epoch 071 | Train Total=0.7321 | Val post/prior Total=0.6708/0.7235, Recon post/prior=0.5974/0.5924, KL=0.0127, CycSim post/prior=0.0554/0.0404, CycMeas=0.0985, PriorBnd post/prior=6.62e-04/5.01e-05 | Best 0.0978 | Patience 18/40
 >> Epoch 072 | Train Total=0.7339 | Val post/prior Total=0.6702/0.7244, Recon post/prior=0.5965/0.5914, KL=0.0120, CycSim post/prior=0.0561/0.0410, CycMeas=0.1000, PriorBnd post/prior=6.12e-04/4.15e-05 | Best 0.0978 | Patience 19/40
 >> Epoch 073 | Train Total=0.7362 | Val post/prior Total=0.6729/0.7291, Recon post/prior=0.5998/0.5952, KL=0.0103, CycSim post/prior=0.0557/0.0432, CycMeas=0.0978, PriorBnd post/prior=5.63e-04/3.20e-05 | Best 0.0978 | Patience 20/40
 >> Epoch 074 | Train Total=0.7352 | Val post/prior Total=0.6710/0.7286, Recon post/prior=0.5996/0.5954, KL=0.0102, CycSim post/prior=0.0548/0.0426, CycMeas=0.0981, PriorBnd post/prior=4.70e-04/2.59e-05 | Best 0.0978 | Patience 21/40
 >> Epoch 075 | Train Total=0.7357 | Val post/prior Total=0.6708/0.7269, Recon post/prior=0.5994/0.5950, KL=0.0114, CycSim post/prior=0.0544/0.0413, CycMeas=0.0982, PriorBnd post/prior=5.03e-04/2.87e-05 | Best 0.0978 | Patience 22/40
 >> Epoch 076 | Train Total=0.7373 | Val post/prior Total=0.6683/0.7217, Recon post/prior=0.5967/0.5911, KL=0.0120, CycSim post/prior=0.0528/0.0400, CycMeas=0.0984, PriorBnd post/prior=8.00e-04/4.15e-05 | Best 0.0978 | Patience 23/40
 >> Epoch 077 | Train Total=0.7364 | Val post/prior Total=0.7237/0.7907, Recon post/prior=0.6226/0.6211, KL=0.0105, CycSim post/prior=0.0809/0.0710, CycMeas=0.1017, PriorBnd post/prior=1.89e-04/1.15e-05 | Best 0.0978 | Patience 24/40
 >> Epoch 078 | Train Total=0.7368 | Val post/prior Total=0.6935/0.7613, Recon post/prior=0.6120/0.6106, KL=0.0101, CycSim post/prior=0.0644/0.0567, CycMeas=0.0991, PriorBnd post/prior=2.00e-04/1.09e-05 | Best 0.0978 | Patience 25/40
 >> Epoch 079 | Train Total=0.7386 | Val post/prior Total=0.6765/0.7368, Recon post/prior=0.5996/0.5956, KL=0.0105, CycSim post/prior=0.0597/0.0491, CycMeas=0.0983, PriorBnd post/prior=4.74e-04/2.48e-05 | Best 0.0978 | Patience 26/40
 >> Epoch 080 | Train Total=0.7402 | Val post/prior Total=0.6714/0.7236, Recon post/prior=0.5972/0.5924, KL=0.0103, CycSim post/prior=0.0562/0.0404, CycMeas=0.0986, PriorBnd post/prior=6.08e-04/3.47e-05 | Best 0.0978 | Patience 27/40
 >> Epoch 081 | Train Total=0.7399 | Val post/prior Total=0.6746/0.7218, Recon post/prior=0.5973/0.5905, KL=0.0125, CycSim post/prior=0.0554/0.0405, CycMeas=0.0985, PriorBnd post/prior=9.54e-04/4.08e-05 | Best 0.0978 | Patience 28/40
 >> Epoch 082 | Train Total=0.7381 | Val post/prior Total=0.7548/0.8318, Recon post/prior=0.6332/0.6327, KL=0.0094, CycSim post/prior=0.0983/0.0899, CycMeas=0.1106, PriorBnd post/prior=1.33e-04/1.27e-05 | Best 0.0978 | Patience 29/40
 >> Epoch 083 | Train Total=0.7396 | Val post/prior Total=0.6841/0.7451, Recon post/prior=0.6058/0.6034, KL=0.0086, CycSim post/prior=0.0616/0.0498, CycMeas=0.0982, PriorBnd post/prior=2.63e-04/1.68e-05 | Best 0.0978 | Patience 30/40
 >> Epoch 084 | Train Total=0.7423 | Val post/prior Total=0.6612/0.7294, Recon post/prior=0.5969/0.5936, KL=0.0102, CycSim post/prior=0.0493/0.0448, CycMeas=0.0977, PriorBnd post/prior=3.25e-04/2.97e-05 | Best 0.0978 | Patience 31/40
[Update] best val_cyc_meas improved to 0.097705 @ epoch 84
 >> Epoch 085 | Train Total=0.7430 | Val post/prior Total=0.6637/0.7252, Recon post/prior=0.5951/0.5914, KL=0.0100, CycSim post/prior=0.0528/0.0424, CycMeas=0.0989, PriorBnd post/prior=3.08e-04/3.53e-05 | Best 0.0977 | Patience 1/40
 >> Epoch 086 | Train Total=0.7433 | Val post/prior Total=0.6661/0.7220, Recon post/prior=0.5960/0.5918, KL=0.0108, CycSim post/prior=0.0541/0.0400, CycMeas=0.0981, PriorBnd post/prior=2.95e-04/2.92e-05 | Best 0.0977 | Patience 2/40
 >> Epoch 087 | Train Total=0.7441 | Val post/prior Total=0.6728/0.7271, Recon post/prior=0.5963/0.5918, KL=0.0110, CycSim post/prior=0.0595/0.0439, CycMeas=0.0986, PriorBnd post/prior=3.10e-04/3.38e-05 | Best 0.0977 | Patience 3/40
 >> Epoch 088 | Train Total=0.7466 | Val post/prior Total=0.6841/0.7199, Recon post/prior=0.5975/0.5890, KL=0.0121, CycSim post/prior=0.0592/0.0397, CycMeas=0.0992, PriorBnd post/prior=1.58e-03/4.89e-05 | Best 0.0977 | Patience 4/40
 >> Epoch 089 | Train Total=0.7450 | Val post/prior Total=0.6748/0.7361, Recon post/prior=0.6022/0.5986, KL=0.0110, CycSim post/prior=0.0560/0.0452, CycMeas=0.0995, PriorBnd post/prior=4.25e-04/2.78e-05 | Best 0.0977 | Patience 5/40
 >> Epoch 090 | Train Total=0.7480 | Val post/prior Total=0.6682/0.7264, Recon post/prior=0.5964/0.5927, KL=0.0109, CycSim post/prior=0.0557/0.0428, CycMeas=0.0981, PriorBnd post/prior=2.29e-04/3.22e-05 | Best 0.0977 | Patience 6/40
 >> Epoch 091 | Train Total=0.7490 | Val post/prior Total=0.7026/0.7697, Recon post/prior=0.6126/0.6111, KL=0.0092, CycSim post/prior=0.0715/0.0624, CycMeas=0.1005, PriorBnd post/prior=1.81e-04/1.22e-05 | Best 0.0977 | Patience 7/40
 >> Epoch 092 | Train Total=0.7504 | Val post/prior Total=0.6759/0.7255, Recon post/prior=0.5984/0.5926, KL=0.0139, CycSim post/prior=0.0560/0.0421, CycMeas=0.0983, PriorBnd post/prior=9.95e-04/3.92e-05 | Best 0.0977 | Patience 8/40
 >> Epoch 093 | Train Total=0.7509 | Val post/prior Total=0.6671/0.7234, Recon post/prior=0.5969/0.5927, KL=0.0109, CycSim post/prior=0.0538/0.0401, CycMeas=0.0985, PriorBnd post/prior=4.41e-04/2.95e-05 | Best 0.0977 | Patience 9/40
 >> Epoch 094 | Train Total=0.7508 | Val post/prior Total=0.6689/0.7260, Recon post/prior=0.5961/0.5922, KL=0.0111, CycSim post/prior=0.0564/0.0429, CycMeas=0.0982, PriorBnd post/prior=3.62e-04/3.13e-05 | Best 0.0977 | Patience 10/40
 >> Epoch 095 | Train Total=0.7503 | Val post/prior Total=0.6894/0.7540, Recon post/prior=0.6104/0.6083, KL=0.0079, CycSim post/prior=0.0625/0.0533, CycMeas=0.0982, PriorBnd post/prior=1.20e-04/1.21e-05 | Best 0.0977 | Patience 11/40
 >> Epoch 096 | Train Total=0.7517 | Val post/prior Total=0.6665/0.7199, Recon post/prior=0.5954/0.5904, KL=0.0117, CycSim post/prior=0.0538/0.0394, CycMeas=0.0978, PriorBnd post/prior=5.29e-04/4.06e-05 | Best 0.0977 | Patience 12/40
 >> Epoch 097 | Train Total=0.7516 | Val post/prior Total=0.6779/0.7383, Recon post/prior=0.5999/0.5973, KL=0.0109, CycSim post/prior=0.0611/0.0483, CycMeas=0.0992, PriorBnd post/prior=1.68e-04/2.66e-05 | Best 0.0977 | Patience 13/40
 >> Epoch 098 | Train Total=0.7535 | Val post/prior Total=0.6636/0.7203, Recon post/prior=0.5953/0.5910, KL=0.0119, CycSim post/prior=0.0517/0.0393, CycMeas=0.0978, PriorBnd post/prior=5.08e-04/4.33e-05 | Best 0.0977 | Patience 14/40
 >> Epoch 099 | Train Total=0.7555 | Val post/prior Total=0.6638/0.7236, Recon post/prior=0.5954/0.5908, KL=0.0112, CycSim post/prior=0.0521/0.0421, CycMeas=0.0980, PriorBnd post/prior=5.08e-04/3.94e-05 | Best 0.0977 | Patience 15/40
 >> Epoch 100 | Train Total=0.7536 | Val post/prior Total=0.6623/0.7221, Recon post/prior=0.5945/0.5903, KL=0.0126, CycSim post/prior=0.0517/0.0412, CycMeas=0.0980, PriorBnd post/prior=4.19e-04/3.97e-05 | Best 0.0977 | Patience 16/40
 >> Epoch 101 | Train Total=0.7580 | Val post/prior Total=0.6621/0.7203, Recon post/prior=0.5951/0.5902, KL=0.0120, CycSim post/prior=0.0498/0.0397, CycMeas=0.0982, PriorBnd post/prior=7.92e-04/4.60e-05 | Best 0.0977 | Patience 17/40
 >> Epoch 102 | Train Total=0.7554 | Val post/prior Total=0.6634/0.7237, Recon post/prior=0.5968/0.5934, KL=0.0110, CycSim post/prior=0.0513/0.0397, CycMeas=0.0987, PriorBnd post/prior=2.99e-04/3.11e-05 | Best 0.0977 | Patience 18/40
 >> Epoch 103 | Train Total=0.7573 | Val post/prior Total=0.6638/0.7262, Recon post/prior=0.5971/0.5935, KL=0.0122, CycSim post/prior=0.0509/0.0419, CycMeas=0.0983, PriorBnd post/prior=3.90e-04/3.45e-05 | Best 0.0977 | Patience 19/40
 >> Epoch 104 | Train Total=0.7589 | Val post/prior Total=0.6643/0.7290, Recon post/prior=0.5975/0.5941, KL=0.0106, CycSim post/prior=0.0510/0.0430, CycMeas=0.0994, PriorBnd post/prior=4.25e-04/3.16e-05 | Best 0.0977 | Patience 20/40
 >> Epoch 105 | Train Total=0.7592 | Val post/prior Total=0.6729/0.7298, Recon post/prior=0.5995/0.5959, KL=0.0106, CycSim post/prior=0.0565/0.0433, CycMeas=0.0980, PriorBnd post/prior=4.66e-04/2.73e-05 | Best 0.0977 | Patience 21/40
 >> Epoch 106 | Train Total=0.7593 | Val post/prior Total=0.7308/0.8044, Recon post/prior=0.6257/0.6255, KL=0.0087, CycSim post/prior=0.0845/0.0763, CycMeas=0.1054, PriorBnd post/prior=6.03e-05/1.40e-05 | Best 0.0977 | Patience 22/40
 >> Epoch 107 | Train Total=0.7573 | Val post/prior Total=0.6609/0.7216, Recon post/prior=0.5952/0.5904, KL=0.0116, CycSim post/prior=0.0488/0.0405, CycMeas=0.0983, PriorBnd post/prior=5.86e-04/3.82e-05 | Best 0.0977 | Patience 23/40
 >> Epoch 108 | Train Total=0.7598 | Val post/prior Total=0.6803/0.7448, Recon post/prior=0.6058/0.6026, KL=0.0096, CycSim post/prior=0.0569/0.0501, CycMeas=0.0983, PriorBnd post/prior=5.77e-04/1.85e-05 | Best 0.0977 | Patience 24/40
 >> Epoch 109 | Train Total=0.7611 | Val post/prior Total=0.6702/0.7199, Recon post/prior=0.5965/0.5902, KL=0.0143, CycSim post/prior=0.0536/0.0393, CycMeas=0.0983, PriorBnd post/prior=9.47e-04/4.15e-05 | Best 0.0977 | Patience 25/40
 >> Epoch 110 | Train Total=0.7628 | Val post/prior Total=0.6764/0.7276, Recon post/prior=0.5965/0.5921, KL=0.0103, CycSim post/prior=0.0626/0.0446, CycMeas=0.0979, PriorBnd post/prior=2.38e-04/3.21e-05 | Best 0.0977 | Patience 26/40
 >> Epoch 111 | Train Total=0.7614 | Val post/prior Total=0.6660/0.7226, Recon post/prior=0.5957/0.5914, KL=0.0109, CycSim post/prior=0.0535/0.0409, CycMeas=0.0979, PriorBnd post/prior=5.02e-04/3.72e-05 | Best 0.0977 | Patience 27/40
 >> Epoch 112 | Train Total=0.7638 | Val post/prior Total=0.7184/0.7857, Recon post/prior=0.6163/0.6145, KL=0.0082, CycSim post/prior=0.0819/0.0695, CycMeas=0.1059, PriorBnd post/prior=1.21e-04/1.59e-05 | Best 0.0977 | Patience 28/40
 >> Epoch 113 | Train Total=0.7633 | Val post/prior Total=0.6743/0.7316, Recon post/prior=0.5999/0.5964, KL=0.0101, CycSim post/prior=0.0581/0.0439, CycMeas=0.0986, PriorBnd post/prior=2.32e-04/2.18e-05 | Best 0.0977 | Patience 29/40
 >> Epoch 114 | Train Total=0.7649 | Val post/prior Total=0.6621/0.7206, Recon post/prior=0.5946/0.5915, KL=0.0121, CycSim post/prior=0.0519/0.0390, CycMeas=0.0981, PriorBnd post/prior=2.61e-04/3.68e-05 | Best 0.0977 | Patience 30/40
 >> Epoch 115 | Train Total=0.7626 | Val post/prior Total=0.6589/0.7226, Recon post/prior=0.5949/0.5911, KL=0.0116, CycSim post/prior=0.0489/0.0410, CycMeas=0.0980, PriorBnd post/prior=3.93e-04/3.62e-05 | Best 0.0977 | Patience 31/40
 >> Epoch 116 | Train Total=0.7628 | Val post/prior Total=0.6691/0.7219, Recon post/prior=0.5967/0.5909, KL=0.0138, CycSim post/prior=0.0530/0.0408, CycMeas=0.0978, PriorBnd post/prior=9.61e-04/4.29e-05 | Best 0.0977 | Patience 32/40
 >> Epoch 117 | Train Total=0.7620 | Val post/prior Total=0.6669/0.7232, Recon post/prior=0.5968/0.5921, KL=0.0117, CycSim post/prior=0.0527/0.0408, CycMeas=0.0979, PriorBnd post/prior=6.53e-04/3.75e-05 | Best 0.0977 | Patience 33/40
 >> Epoch 118 | Train Total=0.7639 | Val post/prior Total=0.6753/0.7325, Recon post/prior=0.6008/0.5976, KL=0.0094, CycSim post/prior=0.0582/0.0440, CycMeas=0.0981, PriorBnd post/prior=2.50e-04/2.29e-05 | Best 0.0977 | Patience 34/40
 >> Epoch 119 | Train Total=0.7625 | Val post/prior Total=0.6619/0.7273, Recon post/prior=0.5968/0.5934, KL=0.0111, CycSim post/prior=0.0494/0.0432, CycMeas=0.0978, PriorBnd post/prior=4.33e-04/2.94e-05 | Best 0.0977 | Patience 35/40
 >> Epoch 120 | Train Total=0.7636 | Val post/prior Total=0.6734/0.7187, Recon post/prior=0.5962/0.5896, KL=0.0115, CycSim post/prior=0.0552/0.0391, CycMeas=0.0979, PriorBnd post/prior=1.01e-03/4.07e-05 | Best 0.0977 | Patience 36/40
 >> Epoch 121 | Train Total=0.7630 | Val post/prior Total=0.6744/0.7330, Recon post/prior=0.6010/0.5973, KL=0.0105, CycSim post/prior=0.0568/0.0448, CycMeas=0.0980, PriorBnd post/prior=4.03e-04/2.07e-05 | Best 0.0977 | Patience 37/40
 >> Epoch 122 | Train Total=0.7632 | Val post/prior Total=0.6747/0.7298, Recon post/prior=0.6008/0.5960, KL=0.0108, CycSim post/prior=0.0560/0.0432, CycMeas=0.0978, PriorBnd post/prior=6.69e-04/2.42e-05 | Best 0.0977 | Patience 38/40
 >> Epoch 123 | Train Total=0.7637 | Val post/prior Total=0.6611/0.7238, Recon post/prior=0.5949/0.5905, KL=0.0118, CycSim post/prior=0.0499/0.0426, CycMeas=0.0978, PriorBnd post/prior=6.13e-04/3.85e-05 | Best 0.0977 | Patience 39/40
 >> Epoch 124 | Train Total=0.7610 | Val post/prior Total=0.6731/0.7265, Recon post/prior=0.5975/0.5926, KL=0.0129, CycSim post/prior=0.0576/0.0427, CycMeas=0.0987, PriorBnd post/prior=6.83e-04/3.16e-05 | Best 0.0977 | Patience 40/40
[EarlyStop] at epoch 124
[Diag] Start to calcaulte diag in test preocess... 
[Diag] wrote 28930 rows to temp_Bidi_cvae\cvae_20251106-205239\diag_test.csv
[Diag] proxy_floor_ps  P50=0.0095  P90=0.0228  P95=0.0348  P99=0.2440
[Test] prior total=0.728079 | prior recon=0.593283 | kl=0.007954 | prior cyc_sim=0.043874 | cyc_meas=0.097881 | prior_l2=0.384214 | prior_bnd=0.000029 | 
