[log] tee initialized at 2025-11-05 11:30:10 -> temp_Bidi_cvae\session_20251105-113010.log
Using CUDA device 0: NVIDIA GeForce RTX 4060 Laptop GPU
[log] tee initialized at 2025-11-05 11:30:19 -> temp_Bidi_cvae\cvae_20251105-113019\train.log
[L_trust] using 20000 ref rows from temp_Bidi_cvae\proxy\proxy_Ytr_norm.npy
 >> Epoch 001 | Train Total=122.5978 | Val post/prior Total=325502932.8734/1.1009, Recon post/prior=41.6114/0.7764, KL=3252754473.9348, CycSim post/prior=0.1780/0.1368, CycMeas=0.1975, PriorBnd post/prior=8.07e+00/1.23e-03 | Best inf | Patience 1/40
[Update] best val_cyc_meas improved to 0.197494 @ epoch 1
 >> Epoch 002 | Train Total=1.0175 | Val post/prior Total=12863.2063/0.9874, Recon post/prior=1.6591/0.7328, KL=125596.2945, CycSim post/prior=0.1381/0.0963, CycMeas=0.1711, PriorBnd post/prior=2.29e-01/4.48e-04 | Best 0.1975 | Patience 1/40
[Update] best val_cyc_meas improved to 0.171114 @ epoch 2
 >> Epoch 003 | Train Total=0.8756 | Val post/prior Total=1739.8636/0.9377, Recon post/prior=0.7795/0.7170, KL=17377.8756, CycSim post/prior=0.1271/0.0895, CycMeas=0.1389, PriorBnd post/prior=1.70e-02/3.17e-04 | Best 0.1711 | Patience 1/40
[Update] best val_cyc_meas improved to 0.138895 @ epoch 3
 >> Epoch 004 | Train Total=0.8242 | Val post/prior Total=504.6559/0.8844, Recon post/prior=0.9475/0.7021, KL=4786.8735, CycSim post/prior=0.1087/0.0666, CycMeas=0.1247, PriorBnd post/prior=8.03e-02/3.25e-04 | Best 0.1389 | Patience 1/40
[Update] best val_cyc_meas improved to 0.124683 @ epoch 4
 >> Epoch 005 | Train Total=0.7963 | Val post/prior Total=9.6070/0.8871, Recon post/prior=0.7145/0.6999, KL=87.1723, CycSim post/prior=0.1081/0.0753, CycMeas=0.1181, PriorBnd post/prior=2.29e-03/1.95e-04 | Best 0.1247 | Patience 1/40
[Update] best val_cyc_meas improved to 0.118103 @ epoch 5
 >> Epoch 006 | Train Total=0.7796 | Val post/prior Total=44.8884/0.8658, Recon post/prior=0.7269/0.6867, KL=435.3083, CycSim post/prior=0.1000/0.0617, CycMeas=0.1279, PriorBnd post/prior=1.03e-02/2.18e-04 | Best 0.1181 | Patience 1/40
 >> Epoch 007 | Train Total=0.7660 | Val post/prior Total=1.7019/0.8694, Recon post/prior=0.6923/0.6831, KL=8.8235, CycSim post/prior=0.0977/0.0640, CycMeas=0.1336, PriorBnd post/prior=1.65e-03/1.55e-04 | Best 0.1181 | Patience 2/40
 >> Epoch 008 | Train Total=0.7564 | Val post/prior Total=6.0862/0.8395, Recon post/prior=0.6960/0.6784, KL=52.1052, CycSim post/prior=0.0883/0.0581, CycMeas=0.1107, PriorBnd post/prior=2.80e-03/1.40e-04 | Best 0.1181 | Patience 3/40
[Update] best val_cyc_meas improved to 0.110690 @ epoch 8
 >> Epoch 009 | Train Total=0.7500 | Val post/prior Total=3.5873/0.8389, Recon post/prior=0.7023/0.6752, KL=25.6270, CycSim post/prior=0.0892/0.0557, CycMeas=0.1175, PriorBnd post/prior=6.49e-03/1.48e-04 | Best 0.1107 | Patience 1/40
 >> Epoch 010 | Train Total=0.7439 | Val post/prior Total=2.3980/0.8182, Recon post/prior=0.6904/0.6698, KL=15.2171, CycSim post/prior=0.0880/0.0540, CycMeas=0.1008, PriorBnd post/prior=4.80e-03/1.42e-04 | Best 0.1107 | Patience 2/40
[Update] best val_cyc_meas improved to 0.100756 @ epoch 10
 >> Epoch 011 | Train Total=0.7404 | Val post/prior Total=1.8855/0.8119, Recon post/prior=0.6781/0.6656, KL=10.7721, CycSim post/prior=0.0867/0.0525, CycMeas=0.1001, PriorBnd post/prior=2.19e-03/1.62e-04 | Best 0.1008 | Patience 1/40
[Update] best val_cyc_meas improved to 0.100123 @ epoch 11
 >> Epoch 012 | Train Total=0.7353 | Val post/prior Total=0.9796/0.8179, Recon post/prior=0.6747/0.6653, KL=1.9222, CycSim post/prior=0.0834/0.0520, CycMeas=0.1089, PriorBnd post/prior=1.85e-03/1.35e-04 | Best 0.1001 | Patience 1/40
 >> Epoch 013 | Train Total=0.7319 | Val post/prior Total=0.9653/0.8174, Recon post/prior=0.6712/0.6626, KL=1.8656, CycSim post/prior=0.0819/0.0529, CycMeas=0.1103, PriorBnd post/prior=1.14e-03/1.13e-04 | Best 0.1001 | Patience 2/40
 >> Epoch 014 | Train Total=0.7269 | Val post/prior Total=0.9206/0.8128, Recon post/prior=0.6661/0.6568, KL=1.3744, CycSim post/prior=0.0880/0.0558, CycMeas=0.1076, PriorBnd post/prior=1.51e-03/9.98e-05 | Best 0.1001 | Patience 3/40
 >> Epoch 015 | Train Total=0.7219 | Val post/prior Total=0.8788/0.8349, Recon post/prior=0.6662/0.6571, KL=0.9038, CycSim post/prior=0.0891/0.0624, CycMeas=0.1249, PriorBnd post/prior=1.56e-03/9.96e-05 | Best 0.1001 | Patience 4/40
 >> Epoch 016 | Train Total=0.7172 | Val post/prior Total=0.8352/0.7978, Recon post/prior=0.6570/0.6486, KL=0.7419, CycSim post/prior=0.0805/0.0480, CycMeas=0.1104, PriorBnd post/prior=1.15e-03/1.05e-04 | Best 0.1001 | Patience 5/40
 >> Epoch 017 | Train Total=0.7147 | Val post/prior Total=0.7907/0.7918, Recon post/prior=0.6533/0.6472, KL=0.3780, CycSim post/prior=0.0798/0.0493, CycMeas=0.1028, PriorBnd post/prior=4.88e-04/1.03e-04 | Best 0.1001 | Patience 6/40
 >> Epoch 018 | Train Total=0.7142 | Val post/prior Total=0.8036/0.7870, Recon post/prior=0.6530/0.6449, KL=0.5170, CycSim post/prior=0.0769/0.0468, CycMeas=0.1033, PriorBnd post/prior=1.17e-03/8.95e-05 | Best 0.1001 | Patience 7/40
 >> Epoch 019 | Train Total=0.7100 | Val post/prior Total=0.7868/0.7907, Recon post/prior=0.6511/0.6456, KL=0.3912, CycSim post/prior=0.0775/0.0512, CycMeas=0.1006, PriorBnd post/prior=5.64e-04/9.68e-05 | Best 0.1001 | Patience 8/40
 >> Epoch 020 | Train Total=0.7083 | Val post/prior Total=0.7702/0.7800, Recon post/prior=0.6489/0.6390, KL=0.1532, CycSim post/prior=0.0769/0.0486, CycMeas=0.0991, PriorBnd post/prior=1.63e-03/1.36e-04 | Best 0.1001 | Patience 9/40
[Update] best val_cyc_meas improved to 0.099095 @ epoch 20
 >> Epoch 021 | Train Total=0.7057 | Val post/prior Total=0.7644/0.7810, Recon post/prior=0.6440/0.6377, KL=0.2433, CycSim post/prior=0.0757/0.0481, CycMeas=0.1028, PriorBnd post/prior=8.46e-04/8.95e-05 | Best 0.0991 | Patience 1/40
 >> Epoch 022 | Train Total=0.7028 | Val post/prior Total=0.7454/0.7871, Recon post/prior=0.6434/0.6385, KL=0.0717, CycSim post/prior=0.0757/0.0531, CycMeas=0.1021, PriorBnd post/prior=5.88e-04/1.02e-04 | Best 0.0991 | Patience 2/40
 >> Epoch 023 | Train Total=0.7005 | Val post/prior Total=0.7482/0.7908, Recon post/prior=0.6404/0.6355, KL=0.0966, CycSim post/prior=0.0787/0.0526, CycMeas=0.1111, PriorBnd post/prior=3.86e-04/7.36e-05 | Best 0.0991 | Patience 3/40
 >> Epoch 024 | Train Total=0.6977 | Val post/prior Total=0.7396/0.7853, Recon post/prior=0.6393/0.6353, KL=0.0475, CycSim post/prior=0.0769/0.0522, CycMeas=0.1051, PriorBnd post/prior=2.37e-04/8.83e-05 | Best 0.0991 | Patience 4/40
 >> Epoch 025 | Train Total=0.6969 | Val post/prior Total=0.7396/0.7747, Recon post/prior=0.6359/0.6307, KL=0.0998, CycSim post/prior=0.0751/0.0488, CycMeas=0.1026, PriorBnd post/prior=4.41e-04/8.71e-05 | Best 0.0991 | Patience 5/40
 >> Epoch 026 | Train Total=0.6960 | Val post/prior Total=0.7341/0.7663, Recon post/prior=0.6331/0.6276, KL=0.1101, CycSim post/prior=0.0715/0.0457, CycMeas=0.1005, PriorBnd post/prior=6.63e-04/9.37e-05 | Best 0.0991 | Patience 6/40
 >> Epoch 027 | Train Total=0.6949 | Val post/prior Total=0.7332/0.7807, Recon post/prior=0.6368/0.6337, KL=0.0478, CycSim post/prior=0.0736/0.0522, CycMeas=0.1014, PriorBnd post/prior=1.64e-04/7.67e-05 | Best 0.0991 | Patience 7/40
 >> Epoch 028 | Train Total=0.6932 | Val post/prior Total=0.7252/0.7542, Recon post/prior=0.6277/0.6211, KL=0.0805, CycSim post/prior=0.0701/0.0415, CycMeas=0.0994, PriorBnd post/prior=8.42e-04/1.09e-04 | Best 0.0991 | Patience 8/40
 >> Epoch 029 | Train Total=0.6920 | Val post/prior Total=0.7183/0.7554, Recon post/prior=0.6243/0.6196, KL=0.0628, CycSim post/prior=0.0701/0.0440, CycMeas=0.0992, PriorBnd post/prior=2.53e-04/9.98e-05 | Best 0.0991 | Patience 9/40
 >> Epoch 030 | Train Total=0.6898 | Val post/prior Total=0.7155/0.7553, Recon post/prior=0.6227/0.6176, KL=0.0650, CycSim post/prior=0.0688/0.0433, CycMeas=0.1026, PriorBnd post/prior=2.90e-04/1.11e-04 | Best 0.0991 | Patience 10/40
 >> Epoch 031 | Train Total=0.6891 | Val post/prior Total=0.7118/0.7503, Recon post/prior=0.6223/0.6165, KL=0.0562, CycSim post/prior=0.0663/0.0420, CycMeas=0.0996, PriorBnd post/prior=5.86e-04/9.40e-05 | Best 0.0991 | Patience 11/40
 >> Epoch 032 | Train Total=0.6868 | Val post/prior Total=0.7126/0.7572, Recon post/prior=0.6218/0.6177, KL=0.0572, CycSim post/prior=0.0680/0.0460, CycMeas=0.1008, PriorBnd post/prior=2.34e-04/8.99e-05 | Best 0.0991 | Patience 12/40
 >> Epoch 033 | Train Total=0.6860 | Val post/prior Total=0.7311/0.7895, Recon post/prior=0.6317/0.6291, KL=0.0680, CycSim post/prior=0.0744/0.0573, CycMeas=0.1103, PriorBnd post/prior=1.58e-04/1.02e-04 | Best 0.0991 | Patience 13/40
 >> Epoch 034 | Train Total=0.6860 | Val post/prior Total=0.7054/0.7441, Recon post/prior=0.6169/0.6117, KL=0.0516, CycSim post/prior=0.0663/0.0410, CycMeas=0.0994, PriorBnd post/prior=3.22e-04/1.02e-04 | Best 0.0991 | Patience 14/40
 >> Epoch 035 | Train Total=0.6860 | Val post/prior Total=0.7065/0.7468, Recon post/prior=0.6164/0.6113, KL=0.0463, CycSim post/prior=0.0679/0.0437, CycMeas=0.0992, PriorBnd post/prior=4.30e-04/1.01e-04 | Best 0.0991 | Patience 15/40
 >> Epoch 036 | Train Total=0.6854 | Val post/prior Total=0.7052/0.7496, Recon post/prior=0.6160/0.6112, KL=0.0484, CycSim post/prior=0.0669/0.0442, CycMeas=0.1020, PriorBnd post/prior=5.33e-04/1.08e-04 | Best 0.0991 | Patience 16/40
 >> Epoch 037 | Train Total=0.6849 | Val post/prior Total=0.7055/0.7497, Recon post/prior=0.6142/0.6092, KL=0.0491, CycSim post/prior=0.0687/0.0474, CycMeas=0.0998, PriorBnd post/prior=3.24e-04/1.12e-04 | Best 0.0991 | Patience 17/40
 >> Epoch 038 | Train Total=0.6843 | Val post/prior Total=0.6951/0.7400, Recon post/prior=0.6125/0.6081, KL=0.0384, CycSim post/prior=0.0626/0.0399, CycMeas=0.1003, PriorBnd post/prior=1.45e-04/1.07e-04 | Best 0.0991 | Patience 18/40
 >> Epoch 039 | Train Total=0.6829 | Val post/prior Total=0.6984/0.7487, Recon post/prior=0.6111/0.6059, KL=0.0457, CycSim post/prior=0.0655/0.0439, CycMeas=0.1080, PriorBnd post/prior=4.53e-04/1.13e-04 | Best 0.0991 | Patience 19/40
 >> Epoch 040 | Train Total=0.6821 | Val post/prior Total=0.6996/0.7457, Recon post/prior=0.6130/0.6090, KL=0.0373, CycSim post/prior=0.0662/0.0442, CycMeas=0.1000, PriorBnd post/prior=1.87e-04/9.63e-05 | Best 0.0991 | Patience 20/40
 >> Epoch 041 | Train Total=0.6821 | Val post/prior Total=0.6998/0.7412, Recon post/prior=0.6098/0.6057, KL=0.0402, CycSim post/prior=0.0684/0.0424, CycMeas=0.1012, PriorBnd post/prior=2.73e-04/1.10e-04 | Best 0.0991 | Patience 21/40
 >> Epoch 042 | Train Total=0.6826 | Val post/prior Total=0.6957/0.7434, Recon post/prior=0.6104/0.6057, KL=0.0394, CycSim post/prior=0.0647/0.0438, CycMeas=0.1019, PriorBnd post/prior=3.67e-04/1.07e-04 | Best 0.0991 | Patience 22/40
 >> Epoch 043 | Train Total=0.6821 | Val post/prior Total=0.6909/0.7390, Recon post/prior=0.6087/0.6048, KL=0.0378, CycSim post/prior=0.0623/0.0403, CycMeas=0.1026, PriorBnd post/prior=1.78e-04/9.77e-05 | Best 0.0991 | Patience 23/40
 >> Epoch 044 | Train Total=0.6824 | Val post/prior Total=0.7000/0.7490, Recon post/prior=0.6125/0.6086, KL=0.0327, CycSim post/prior=0.0673/0.0486, CycMeas=0.0982, PriorBnd post/prior=1.51e-04/9.19e-05 | Best 0.0991 | Patience 24/40
[Update] best val_cyc_meas improved to 0.098208 @ epoch 44
 >> Epoch 045 | Train Total=0.6821 | Val post/prior Total=0.6908/0.7360, Recon post/prior=0.6066/0.6024, KL=0.0406, CycSim post/prior=0.0637/0.0407, CycMeas=0.1012, PriorBnd post/prior=2.01e-04/1.16e-04 | Best 0.0982 | Patience 1/40
 >> Epoch 046 | Train Total=0.6823 | Val post/prior Total=0.6841/0.7343, Recon post/prior=0.6055/0.6015, KL=0.0375, CycSim post/prior=0.0591/0.0414, CycMeas=0.0990, PriorBnd post/prior=2.95e-04/1.08e-04 | Best 0.0982 | Patience 2/40
 >> Epoch 047 | Train Total=0.6801 | Val post/prior Total=0.6843/0.7324, Recon post/prior=0.6050/0.6007, KL=0.0369, CycSim post/prior=0.0598/0.0403, CycMeas=0.0993, PriorBnd post/prior=2.69e-04/1.10e-04 | Best 0.0982 | Patience 3/40
 >> Epoch 048 | Train Total=0.6817 | Val post/prior Total=0.6889/0.7331, Recon post/prior=0.6050/0.6003, KL=0.0366, CycSim post/prior=0.0639/0.0412, CycMeas=0.0995, PriorBnd post/prior=1.22e-04/1.05e-04 | Best 0.0982 | Patience 4/40
 >> Epoch 049 | Train Total=0.6804 | Val post/prior Total=0.6888/0.7312, Recon post/prior=0.6035/0.5988, KL=0.0340, CycSim post/prior=0.0651/0.0411, CycMeas=0.0991, PriorBnd post/prior=2.64e-04/1.20e-04 | Best 0.0982 | Patience 5/40
 >> Epoch 050 | Train Total=0.6817 | Val post/prior Total=0.7004/0.7541, Recon post/prior=0.6109/0.6076, KL=0.0281, CycSim post/prior=0.0691/0.0512, CycMeas=0.1018, PriorBnd post/prior=3.48e-04/8.41e-05 | Best 0.0982 | Patience 6/40
 >> Epoch 051 | Train Total=0.6835 | Val post/prior Total=0.6886/0.7335, Recon post/prior=0.6030/0.5988, KL=0.0371, CycSim post/prior=0.0651/0.0418, CycMeas=0.1009, PriorBnd post/prior=2.25e-04/1.12e-04 | Best 0.0982 | Patience 7/40
 >> Epoch 052 | Train Total=0.6822 | Val post/prior Total=0.6828/0.7265, Recon post/prior=0.6006/0.5954, KL=0.0361, CycSim post/prior=0.0622/0.0391, CycMeas=0.1002, PriorBnd post/prior=1.96e-04/1.23e-04 | Best 0.0982 | Patience 8/40
 >> Epoch 053 | Train Total=0.6820 | Val post/prior Total=0.6821/0.7250, Recon post/prior=0.5996/0.5950, KL=0.0367, CycSim post/prior=0.0625/0.0398, CycMeas=0.0979, PriorBnd post/prior=1.96e-04/1.23e-04 | Best 0.0982 | Patience 9/40
[Update] best val_cyc_meas improved to 0.097886 @ epoch 53
 >> Epoch 054 | Train Total=0.6831 | Val post/prior Total=0.6804/0.7285, Recon post/prior=0.5989/0.5943, KL=0.0358, CycSim post/prior=0.0617/0.0379, CycMeas=0.1059, PriorBnd post/prior=1.78e-04/1.16e-04 | Best 0.0979 | Patience 1/40
 >> Epoch 055 | Train Total=0.6817 | Val post/prior Total=0.6817/0.7293, Recon post/prior=0.6005/0.5960, KL=0.0306, CycSim post/prior=0.0620/0.0420, CycMeas=0.0989, PriorBnd post/prior=1.86e-04/1.13e-04 | Best 0.0979 | Patience 2/40
 >> Epoch 056 | Train Total=0.6831 | Val post/prior Total=0.6817/0.7303, Recon post/prior=0.6013/0.5980, KL=0.0362, CycSim post/prior=0.0609/0.0409, CycMeas=0.0992, PriorBnd post/prior=1.30e-04/9.70e-05 | Best 0.0979 | Patience 3/40
 >> Epoch 057 | Train Total=0.6841 | Val post/prior Total=0.6849/0.7326, Recon post/prior=0.6011/0.5974, KL=0.0344, CycSim post/prior=0.0639/0.0422, CycMeas=0.1009, PriorBnd post/prior=2.42e-04/1.10e-04 | Best 0.0979 | Patience 4/40
 >> Epoch 058 | Train Total=0.6842 | Val post/prior Total=0.6776/0.7235, Recon post/prior=0.5986/0.5941, KL=0.0297, CycSim post/prior=0.0601/0.0388, CycMeas=0.0986, PriorBnd post/prior=3.10e-04/1.27e-04 | Best 0.0979 | Patience 5/40
 >> Epoch 059 | Train Total=0.6844 | Val post/prior Total=0.6816/0.7281, Recon post/prior=0.6000/0.5960, KL=0.0279, CycSim post/prior=0.0626/0.0409, CycMeas=0.0990, PriorBnd post/prior=1.86e-04/1.15e-04 | Best 0.0979 | Patience 6/40
 >> Epoch 060 | Train Total=0.6850 | Val post/prior Total=0.6765/0.7245, Recon post/prior=0.5993/0.5950, KL=0.0317, CycSim post/prior=0.0585/0.0385, CycMeas=0.0992, PriorBnd post/prior=3.05e-04/1.11e-04 | Best 0.0979 | Patience 7/40
 >> Epoch 061 | Train Total=0.6866 | Val post/prior Total=0.6761/0.7261, Recon post/prior=0.5989/0.5958, KL=0.0303, CycSim post/prior=0.0587/0.0396, CycMeas=0.0986, PriorBnd post/prior=1.57e-04/1.10e-04 | Best 0.0979 | Patience 8/40
 >> Epoch 062 | Train Total=0.6856 | Val post/prior Total=0.6834/0.7294, Recon post/prior=0.6004/0.5963, KL=0.0313, CycSim post/prior=0.0634/0.0426, CycMeas=0.0978, PriorBnd post/prior=2.89e-04/1.10e-04 | Best 0.0979 | Patience 9/40
[Update] best val_cyc_meas improved to 0.097773 @ epoch 62
 >> Epoch 063 | Train Total=0.6853 | Val post/prior Total=0.6768/0.7245, Recon post/prior=0.5982/0.5944, KL=0.0324, CycSim post/prior=0.0596/0.0387, CycMeas=0.0998, PriorBnd post/prior=2.45e-04/1.15e-04 | Best 0.0978 | Patience 1/40
 >> Epoch 064 | Train Total=0.6856 | Val post/prior Total=0.6735/0.7204, Recon post/prior=0.5963/0.5922, KL=0.0299, CycSim post/prior=0.0586/0.0377, CycMeas=0.0988, PriorBnd post/prior=2.41e-04/1.24e-04 | Best 0.0978 | Patience 2/40
 >> Epoch 065 | Train Total=0.6881 | Val post/prior Total=0.6758/0.7236, Recon post/prior=0.5983/0.5940, KL=0.0328, CycSim post/prior=0.0587/0.0385, CycMeas=0.0994, PriorBnd post/prior=2.44e-04/1.14e-04 | Best 0.0978 | Patience 3/40
 >> Epoch 066 | Train Total=0.6861 | Val post/prior Total=0.6749/0.7235, Recon post/prior=0.5978/0.5935, KL=0.0295, CycSim post/prior=0.0587/0.0391, CycMeas=0.0990, PriorBnd post/prior=1.70e-04/1.14e-04 | Best 0.0978 | Patience 4/40
 >> Epoch 067 | Train Total=0.6871 | Val post/prior Total=0.6842/0.7339, Recon post/prior=0.6010/0.5973, KL=0.0283, CycSim post/prior=0.0640/0.0451, CycMeas=0.0985, PriorBnd post/prior=1.05e-04/1.12e-04 | Best 0.0978 | Patience 5/40
 >> Epoch 068 | Train Total=0.6901 | Val post/prior Total=0.6773/0.7299, Recon post/prior=0.5994/0.5963, KL=0.0262, CycSim post/prior=0.0597/0.0425, CycMeas=0.0985, PriorBnd post/prior=1.30e-04/1.02e-04 | Best 0.0978 | Patience 6/40
 >> Epoch 069 | Train Total=0.6894 | Val post/prior Total=0.6754/0.7199, Recon post/prior=0.5957/0.5913, KL=0.0314, CycSim post/prior=0.0606/0.0385, CycMeas=0.0981, PriorBnd post/prior=2.21e-04/1.21e-04 | Best 0.0978 | Patience 7/40
 >> Epoch 070 | Train Total=0.6907 | Val post/prior Total=0.6746/0.7245, Recon post/prior=0.5965/0.5930, KL=0.0307, CycSim post/prior=0.0594/0.0399, CycMeas=0.0997, PriorBnd post/prior=1.37e-04/1.15e-04 | Best 0.0978 | Patience 8/40
 >> Epoch 071 | Train Total=0.6900 | Val post/prior Total=0.6758/0.7195, Recon post/prior=0.5951/0.5902, KL=0.0285, CycSim post/prior=0.0616/0.0382, CycMeas=0.0994, PriorBnd post/prior=3.00e-04/1.26e-04 | Best 0.0978 | Patience 9/40
 >> Epoch 072 | Train Total=0.6914 | Val post/prior Total=0.6748/0.7196, Recon post/prior=0.5945/0.5894, KL=0.0311, CycSim post/prior=0.0610/0.0389, CycMeas=0.0992, PriorBnd post/prior=2.80e-04/1.35e-04 | Best 0.0978 | Patience 10/40
 >> Epoch 073 | Train Total=0.6918 | Val post/prior Total=0.6756/0.7228, Recon post/prior=0.5963/0.5921, KL=0.0269, CycSim post/prior=0.0607/0.0402, CycMeas=0.0982, PriorBnd post/prior=1.18e-04/1.18e-04 | Best 0.0978 | Patience 11/40
 >> Epoch 074 | Train Total=0.6934 | Val post/prior Total=0.6738/0.7203, Recon post/prior=0.5960/0.5917, KL=0.0267, CycSim post/prior=0.0594/0.0384, CycMeas=0.0983, PriorBnd post/prior=2.02e-04/1.28e-04 | Best 0.0978 | Patience 12/40
 >> Epoch 075 | Train Total=0.6932 | Val post/prior Total=0.6733/0.7203, Recon post/prior=0.5962/0.5920, KL=0.0303, CycSim post/prior=0.0585/0.0381, CycMeas=0.0984, PriorBnd post/prior=2.27e-04/1.20e-04 | Best 0.0978 | Patience 13/40
 >> Epoch 076 | Train Total=0.6944 | Val post/prior Total=0.6734/0.7175, Recon post/prior=0.5940/0.5893, KL=0.0338, CycSim post/prior=0.0600/0.0371, CycMeas=0.0997, PriorBnd post/prior=2.79e-04/1.30e-04 | Best 0.0978 | Patience 14/40
 >> Epoch 077 | Train Total=0.6947 | Val post/prior Total=0.7375/0.7942, Recon post/prior=0.6231/0.6206, KL=0.0454, CycSim post/prior=0.0890/0.0738, CycMeas=0.1026, PriorBnd post/prior=1.41e-04/7.52e-05 | Best 0.0978 | Patience 15/40
 >> Epoch 078 | Train Total=0.6947 | Val post/prior Total=0.7006/0.7558, Recon post/prior=0.6090/0.6066, KL=0.0322, CycSim post/prior=0.0708/0.0551, CycMeas=0.0994, PriorBnd post/prior=1.41e-04/8.41e-05 | Best 0.0978 | Patience 16/40
 >> Epoch 079 | Train Total=0.6968 | Val post/prior Total=0.6768/0.7265, Recon post/prior=0.5964/0.5929, KL=0.0266, CycSim post/prior=0.0617/0.0426, CycMeas=0.0984, PriorBnd post/prior=1.55e-04/1.07e-04 | Best 0.0978 | Patience 17/40
 >> Epoch 080 | Train Total=0.6983 | Val post/prior Total=0.6739/0.7198, Recon post/prior=0.5942/0.5902, KL=0.0294, CycSim post/prior=0.0607/0.0384, CycMeas=0.0995, PriorBnd post/prior=2.08e-04/1.25e-04 | Best 0.0978 | Patience 18/40
 >> Epoch 081 | Train Total=0.6988 | Val post/prior Total=0.6751/0.7177, Recon post/prior=0.5940/0.5884, KL=0.0340, CycSim post/prior=0.0613/0.0377, CycMeas=0.1000, PriorBnd post/prior=4.60e-04/1.35e-04 | Best 0.0978 | Patience 19/40
 >> Epoch 082 | Train Total=0.6980 | Val post/prior Total=0.7537/0.8197, Recon post/prior=0.6342/0.6331, KL=0.0536, CycSim post/prior=0.0926/0.0788, CycMeas=0.1113, PriorBnd post/prior=8.46e-05/8.00e-05 | Best 0.0978 | Patience 20/40
 >> Epoch 083 | Train Total=0.6998 | Val post/prior Total=0.6856/0.7402, Recon post/prior=0.6009/0.5975, KL=0.0245, CycSim post/prior=0.0655/0.0482, CycMeas=0.1015, PriorBnd post/prior=1.33e-04/9.41e-05 | Best 0.0978 | Patience 21/40
 >> Epoch 084 | Train Total=0.6998 | Val post/prior Total=0.6704/0.7200, Recon post/prior=0.5950/0.5909, KL=0.0297, CycSim post/prior=0.0571/0.0387, CycMeas=0.0983, PriorBnd post/prior=1.99e-04/1.14e-04 | Best 0.0978 | Patience 22/40
 >> Epoch 085 | Train Total=0.7023 | Val post/prior Total=0.6729/0.7207, Recon post/prior=0.5938/0.5895, KL=0.0316, CycSim post/prior=0.0600/0.0389, CycMeas=0.1007, PriorBnd post/prior=2.43e-04/1.19e-04 | Best 0.0978 | Patience 23/40
 >> Epoch 086 | Train Total=0.7015 | Val post/prior Total=0.6734/0.7170, Recon post/prior=0.5944/0.5895, KL=0.0292, CycSim post/prior=0.0599/0.0374, CycMeas=0.0983, PriorBnd post/prior=3.77e-04/1.18e-04 | Best 0.0978 | Patience 24/40
 >> Epoch 087 | Train Total=0.7025 | Val post/prior Total=0.6745/0.7184, Recon post/prior=0.5937/0.5887, KL=0.0289, CycSim post/prior=0.0617/0.0394, CycMeas=0.0981, PriorBnd post/prior=1.94e-04/1.22e-04 | Best 0.0978 | Patience 25/40
 >> Epoch 088 | Train Total=0.7038 | Val post/prior Total=0.6784/0.7191, Recon post/prior=0.5929/0.5878, KL=0.0310, CycSim post/prior=0.0654/0.0385, CycMeas=0.1012, PriorBnd post/prior=2.72e-04/1.45e-04 | Best 0.0978 | Patience 26/40
 >> Epoch 089 | Train Total=0.7044 | Val post/prior Total=0.6795/0.7292, Recon post/prior=0.5975/0.5936, KL=0.0290, CycSim post/prior=0.0628/0.0428, CycMeas=0.1007, PriorBnd post/prior=2.33e-04/1.20e-04 | Best 0.0978 | Patience 27/40
 >> Epoch 090 | Train Total=0.7057 | Val post/prior Total=0.6732/0.7188, Recon post/prior=0.5943/0.5900, KL=0.0297, CycSim post/prior=0.0601/0.0388, CycMeas=0.0978, PriorBnd post/prior=1.38e-04/1.20e-04 | Best 0.0978 | Patience 28/40
 >> Epoch 091 | Train Total=0.7051 | Val post/prior Total=0.7033/0.7596, Recon post/prior=0.6074/0.6050, KL=0.0253, CycSim post/prior=0.0750/0.0598, CycMeas=0.0991, PriorBnd post/prior=1.35e-04/7.37e-05 | Best 0.0978 | Patience 29/40
 >> Epoch 092 | Train Total=0.7057 | Val post/prior Total=0.6797/0.7287, Recon post/prior=0.5951/0.5919, KL=0.0314, CycSim post/prior=0.0647/0.0419, CycMeas=0.1032, PriorBnd post/prior=1.78e-04/1.27e-04 | Best 0.0978 | Patience 30/40
 >> Epoch 093 | Train Total=0.7071 | Val post/prior Total=0.6728/0.7173, Recon post/prior=0.5944/0.5899, KL=0.0308, CycSim post/prior=0.0595/0.0375, CycMeas=0.0981, PriorBnd post/prior=1.78e-04/1.23e-04 | Best 0.0978 | Patience 31/40
 >> Epoch 094 | Train Total=0.7095 | Val post/prior Total=0.6726/0.7187, Recon post/prior=0.5937/0.5894, KL=0.0297, CycSim post/prior=0.0599/0.0383, CycMeas=0.0993, PriorBnd post/prior=2.50e-04/1.20e-04 | Best 0.0978 | Patience 32/40
 >> Epoch 095 | Train Total=0.7085 | Val post/prior Total=0.6923/0.7454, Recon post/prior=0.6055/0.6021, KL=0.0272, CycSim post/prior=0.0673/0.0509, CycMeas=0.0983, PriorBnd post/prior=9.86e-05/8.45e-05 | Best 0.0978 | Patience 33/40
 >> Epoch 096 | Train Total=0.7095 | Val post/prior Total=0.6754/0.7162, Recon post/prior=0.5935/0.5881, KL=0.0320, CycSim post/prior=0.0623/0.0384, CycMeas=0.0976, PriorBnd post/prior=3.03e-04/1.27e-04 | Best 0.0978 | Patience 34/40
[Update] best val_cyc_meas improved to 0.097599 @ epoch 96
 >> Epoch 097 | Train Total=0.7100 | Val post/prior Total=0.6834/0.7330, Recon post/prior=0.5974/0.5937, KL=0.0291, CycSim post/prior=0.0662/0.0465, CycMeas=0.0996, PriorBnd post/prior=1.65e-04/1.14e-04 | Best 0.0976 | Patience 1/40
 >> Epoch 098 | Train Total=0.7112 | Val post/prior Total=0.6715/0.7158, Recon post/prior=0.5931/0.5889, KL=0.0312, CycSim post/prior=0.0594/0.0370, CycMeas=0.0981, PriorBnd post/prior=2.39e-04/1.34e-04 | Best 0.0976 | Patience 2/40
 >> Epoch 099 | Train Total=0.7129 | Val post/prior Total=0.6720/0.7225, Recon post/prior=0.5934/0.5887, KL=0.0313, CycSim post/prior=0.0596/0.0384, CycMeas=0.1046, PriorBnd post/prior=2.24e-04/1.30e-04 | Best 0.0976 | Patience 3/40
 >> Epoch 100 | Train Total=0.7118 | Val post/prior Total=0.6719/0.7157, Recon post/prior=0.5929/0.5879, KL=0.0325, CycSim post/prior=0.0597/0.0371, CycMeas=0.0990, PriorBnd post/prior=3.40e-04/1.33e-04 | Best 0.0976 | Patience 4/40
 >> Epoch 101 | Train Total=0.7135 | Val post/prior Total=0.6715/0.7149, Recon post/prior=0.5932/0.5881, KL=0.0327, CycSim post/prior=0.0591/0.0373, CycMeas=0.0975, PriorBnd post/prior=3.19e-04/1.33e-04 | Best 0.0976 | Patience 5/40
[Update] best val_cyc_meas improved to 0.097467 @ epoch 101
 >> Epoch 102 | Train Total=0.7124 | Val post/prior Total=0.6708/0.7186, Recon post/prior=0.5944/0.5906, KL=0.0291, CycSim post/prior=0.0581/0.0373, CycMeas=0.0992, PriorBnd post/prior=1.70e-04/1.22e-04 | Best 0.0975 | Patience 1/40
 >> Epoch 103 | Train Total=0.7159 | Val post/prior Total=0.6709/0.7202, Recon post/prior=0.5950/0.5913, KL=0.0298, CycSim post/prior=0.0575/0.0390, CycMeas=0.0976, PriorBnd post/prior=2.33e-04/1.26e-04 | Best 0.0975 | Patience 2/40
 >> Epoch 104 | Train Total=0.7139 | Val post/prior Total=0.6731/0.7234, Recon post/prior=0.5958/0.5918, KL=0.0290, CycSim post/prior=0.0586/0.0400, CycMeas=0.0996, PriorBnd post/prior=3.78e-04/1.23e-04 | Best 0.0975 | Patience 3/40
 >> Epoch 105 | Train Total=0.7187 | Val post/prior Total=0.6761/0.7229, Recon post/prior=0.5960/0.5922, KL=0.0308, CycSim post/prior=0.0611/0.0403, CycMeas=0.0981, PriorBnd post/prior=1.59e-04/1.16e-04 | Best 0.0975 | Patience 4/40
 >> Epoch 106 | Train Total=0.7188 | Val post/prior Total=0.7395/0.8064, Recon post/prior=0.6291/0.6280, KL=0.0507, CycSim post/prior=0.0852/0.0710, CycMeas=0.1126, PriorBnd post/prior=1.07e-04/8.53e-05 | Best 0.0975 | Patience 5/40
 >> Epoch 107 | Train Total=0.7192 | Val post/prior Total=0.6707/0.7153, Recon post/prior=0.5934/0.5885, KL=0.0322, CycSim post/prior=0.0584/0.0369, CycMeas=0.0981, PriorBnd post/prior=2.09e-04/1.29e-04 | Best 0.0975 | Patience 6/40
 >> Epoch 108 | Train Total=0.7186 | Val post/prior Total=0.6834/0.7363, Recon post/prior=0.6025/0.5995, KL=0.0287, CycSim post/prior=0.0619/0.0456, CycMeas=0.0979, PriorBnd post/prior=2.87e-04/9.94e-05 | Best 0.0975 | Patience 7/40
 >> Epoch 109 | Train Total=0.7205 | Val post/prior Total=0.6735/0.7151, Recon post/prior=0.5939/0.5881, KL=0.0355, CycSim post/prior=0.0601/0.0370, CycMeas=0.0982, PriorBnd post/prior=2.99e-04/1.31e-04 | Best 0.0975 | Patience 8/40
 >> Epoch 110 | Train Total=0.7217 | Val post/prior Total=0.6789/0.7210, Recon post/prior=0.5945/0.5893, KL=0.0287, CycSim post/prior=0.0647/0.0412, CycMeas=0.0981, PriorBnd post/prior=1.78e-04/1.19e-04 | Best 0.0975 | Patience 9/40
 >> Epoch 111 | Train Total=0.7195 | Val post/prior Total=0.6717/0.7174, Recon post/prior=0.5936/0.5889, KL=0.0293, CycSim post/prior=0.0593/0.0378, CycMeas=0.0991, PriorBnd post/prior=3.86e-04/1.26e-04 | Best 0.0975 | Patience 10/40
 >> Epoch 112 | Train Total=0.7205 | Val post/prior Total=0.7178/0.7728, Recon post/prior=0.6173/0.6153, KL=0.0452, CycSim post/prior=0.0772/0.0601, CycMeas=0.1025, PriorBnd post/prior=1.05e-04/9.01e-05 | Best 0.0975 | Patience 11/40
 >> Epoch 113 | Train Total=0.7223 | Val post/prior Total=0.6778/0.7237, Recon post/prior=0.5971/0.5929, KL=0.0327, CycSim post/prior=0.0615/0.0407, CycMeas=0.0977, PriorBnd post/prior=2.37e-04/1.17e-04 | Best 0.0975 | Patience 12/40
 >> Epoch 114 | Train Total=0.7222 | Val post/prior Total=0.6717/0.7185, Recon post/prior=0.5933/0.5894, KL=0.0314, CycSim post/prior=0.0595/0.0384, CycMeas=0.0986, PriorBnd post/prior=1.54e-04/1.24e-04 | Best 0.0975 | Patience 13/40
 >> Epoch 115 | Train Total=0.7236 | Val post/prior Total=0.6702/0.7156, Recon post/prior=0.5931/0.5883, KL=0.0335, CycSim post/prior=0.0581/0.0371, CycMeas=0.0984, PriorBnd post/prior=2.13e-04/1.22e-04 | Best 0.0975 | Patience 14/40
 >> Epoch 116 | Train Total=0.7221 | Val post/prior Total=0.6741/0.7164, Recon post/prior=0.5935/0.5888, KL=0.0347, CycSim post/prior=0.0610/0.0379, CycMeas=0.0975, PriorBnd post/prior=2.48e-04/1.31e-04 | Best 0.0975 | Patience 15/40
 >> Epoch 117 | Train Total=0.7211 | Val post/prior Total=0.6730/0.7179, Recon post/prior=0.5945/0.5898, KL=0.0294, CycSim post/prior=0.0596/0.0382, CycMeas=0.0978, PriorBnd post/prior=3.13e-04/1.30e-04 | Best 0.0975 | Patience 16/40
 >> Epoch 118 | Train Total=0.7205 | Val post/prior Total=0.6783/0.7257, Recon post/prior=0.5970/0.5933, KL=0.0275, CycSim post/prior=0.0623/0.0418, CycMeas=0.0981, PriorBnd post/prior=1.51e-04/9.92e-05 | Best 0.0975 | Patience 17/40
 >> Epoch 119 | Train Total=0.7212 | Val post/prior Total=0.6681/0.7180, Recon post/prior=0.5939/0.5905, KL=0.0289, CycSim post/prior=0.0562/0.0379, CycMeas=0.0975, PriorBnd post/prior=1.30e-04/1.13e-04 | Best 0.0975 | Patience 18/40
 >> Epoch 120 | Train Total=0.7218 | Val post/prior Total=0.6743/0.7166, Recon post/prior=0.5929/0.5888, KL=0.0326, CycSim post/prior=0.0618/0.0379, CycMeas=0.0978, PriorBnd post/prior=3.01e-04/1.38e-04 | Best 0.0975 | Patience 19/40
 >> Epoch 121 | Train Total=0.7219 | Val post/prior Total=0.6769/0.7267, Recon post/prior=0.5974/0.5937, KL=0.0269, CycSim post/prior=0.0609/0.0416, CycMeas=0.0991, PriorBnd post/prior=2.26e-04/1.14e-04 | Best 0.0975 | Patience 20/40
 >> Epoch 122 | Train Total=0.7212 | Val post/prior Total=0.6761/0.7239, Recon post/prior=0.5971/0.5916, KL=0.0311, CycSim post/prior=0.0598/0.0415, CycMeas=0.0985, PriorBnd post/prior=3.73e-04/1.10e-04 | Best 0.0975 | Patience 21/40
 >> Epoch 123 | Train Total=0.7231 | Val post/prior Total=0.6698/0.7162, Recon post/prior=0.5933/0.5883, KL=0.0313, CycSim post/prior=0.0578/0.0375, CycMeas=0.0987, PriorBnd post/prior=2.70e-04/1.31e-04 | Best 0.0975 | Patience 22/40
 >> Epoch 124 | Train Total=0.7218 | Val post/prior Total=0.6751/0.7198, Recon post/prior=0.5944/0.5901, KL=0.0297, CycSim post/prior=0.0615/0.0397, CycMeas=0.0977, PriorBnd post/prior=2.83e-04/1.26e-04 | Best 0.0975 | Patience 23/40
 >> Epoch 125 | Train Total=0.7201 | Val post/prior Total=0.6771/0.7220, Recon post/prior=0.5932/0.5882, KL=0.0315, CycSim post/prior=0.0640/0.0408, CycMeas=0.1010, PriorBnd post/prior=2.69e-04/1.32e-04 | Best 0.0975 | Patience 24/40
 >> Epoch 126 | Train Total=0.7206 | Val post/prior Total=0.7093/0.7642, Recon post/prior=0.6131/0.6102, KL=0.0308, CycSim post/prior=0.0749/0.0601, CycMeas=0.0982, PriorBnd post/prior=8.80e-05/6.90e-05 | Best 0.0975 | Patience 25/40
 >> Epoch 127 | Train Total=0.7221 | Val post/prior Total=0.6950/0.7481, Recon post/prior=0.6026/0.5988, KL=0.0280, CycSim post/prior=0.0717/0.0541, CycMeas=0.1009, PriorBnd post/prior=1.40e-04/9.04e-05 | Best 0.0975 | Patience 26/40
 >> Epoch 128 | Train Total=0.7187 | Val post/prior Total=0.6780/0.7248, Recon post/prior=0.5960/0.5925, KL=0.0350, CycSim post/prior=0.0623/0.0419, CycMeas=0.0977, PriorBnd post/prior=1.59e-04/1.19e-04 | Best 0.0975 | Patience 27/40
 >> Epoch 129 | Train Total=0.7207 | Val post/prior Total=0.6739/0.7241, Recon post/prior=0.5968/0.5933, KL=0.0281, CycSim post/prior=0.0588/0.0409, CycMeas=0.0974, PriorBnd post/prior=1.64e-04/1.19e-04 | Best 0.0975 | Patience 28/40
[Update] best val_cyc_meas improved to 0.097392 @ epoch 129
 >> Epoch 130 | Train Total=0.7206 | Val post/prior Total=0.6719/0.7215, Recon post/prior=0.5954/0.5921, KL=0.0291, CycSim post/prior=0.0581/0.0396, CycMeas=0.0976, PriorBnd post/prior=2.55e-04/1.14e-04 | Best 0.0974 | Patience 1/40
 >> Epoch 131 | Train Total=0.7198 | Val post/prior Total=0.6721/0.7166, Recon post/prior=0.5937/0.5890, KL=0.0301, CycSim post/prior=0.0597/0.0377, CycMeas=0.0979, PriorBnd post/prior=2.43e-04/1.19e-04 | Best 0.0974 | Patience 2/40
 >> Epoch 132 | Train Total=0.7198 | Val post/prior Total=0.6723/0.7165, Recon post/prior=0.5931/0.5881, KL=0.0319, CycSim post/prior=0.0601/0.0382, CycMeas=0.0981, PriorBnd post/prior=2.55e-04/1.30e-04 | Best 0.0974 | Patience 3/40
 >> Epoch 133 | Train Total=0.7207 | Val post/prior Total=0.6747/0.7217, Recon post/prior=0.5955/0.5911, KL=0.0312, CycSim post/prior=0.0603/0.0406, CycMeas=0.0976, PriorBnd post/prior=1.10e-04/1.10e-04 | Best 0.0974 | Patience 4/40
 >> Epoch 134 | Train Total=0.7193 | Val post/prior Total=0.6725/0.7155, Recon post/prior=0.5931/0.5876, KL=0.0361, CycSim post/prior=0.0596/0.0371, CycMeas=0.0992, PriorBnd post/prior=3.17e-04/1.33e-04 | Best 0.0974 | Patience 5/40
 >> Epoch 135 | Train Total=0.7207 | Val post/prior Total=0.6748/0.7177, Recon post/prior=0.5934/0.5890, KL=0.0327, CycSim post/prior=0.0617/0.0387, CycMeas=0.0979, PriorBnd post/prior=2.87e-04/1.30e-04 | Best 0.0974 | Patience 6/40
 >> Epoch 136 | Train Total=0.7220 | Val post/prior Total=0.6731/0.7222, Recon post/prior=0.5942/0.5900, KL=0.0304, CycSim post/prior=0.0600/0.0386, CycMeas=0.1023, PriorBnd post/prior=2.00e-04/1.22e-04 | Best 0.0974 | Patience 7/40
 >> Epoch 137 | Train Total=0.7204 | Val post/prior Total=0.6725/0.7168, Recon post/prior=0.5935/0.5892, KL=0.0316, CycSim post/prior=0.0600/0.0377, CycMeas=0.0981, PriorBnd post/prior=2.08e-04/1.26e-04 | Best 0.0974 | Patience 8/40
 >> Epoch 138 | Train Total=0.7219 | Val post/prior Total=0.6744/0.7171, Recon post/prior=0.5927/0.5882, KL=0.0322, CycSim post/prior=0.0622/0.0388, CycMeas=0.0980, PriorBnd post/prior=1.88e-04/1.33e-04 | Best 0.0974 | Patience 9/40
 >> Epoch 139 | Train Total=0.7208 | Val post/prior Total=0.6763/0.7225, Recon post/prior=0.5951/0.5911, KL=0.0307, CycSim post/prior=0.0620/0.0409, CycMeas=0.0981, PriorBnd post/prior=1.27e-04/1.21e-04 | Best 0.0974 | Patience 10/40
 >> Epoch 140 | Train Total=0.7209 | Val post/prior Total=0.6756/0.7185, Recon post/prior=0.5932/0.5883, KL=0.0295, CycSim post/prior=0.0630/0.0396, CycMeas=0.0984, PriorBnd post/prior=2.36e-04/1.32e-04 | Best 0.0974 | Patience 11/40
 >> Epoch 141 | Train Total=0.7208 | Val post/prior Total=0.6742/0.7168, Recon post/prior=0.5934/0.5890, KL=0.0309, CycSim post/prior=0.0614/0.0369, CycMeas=0.0994, PriorBnd post/prior=3.12e-04/1.32e-04 | Best 0.0974 | Patience 12/40
 >> Epoch 142 | Train Total=0.7202 | Val post/prior Total=0.6702/0.7149, Recon post/prior=0.5928/0.5877, KL=0.0294, CycSim post/prior=0.0588/0.0376, CycMeas=0.0976, PriorBnd post/prior=1.77e-04/1.23e-04 | Best 0.0974 | Patience 13/40
 >> Epoch 143 | Train Total=0.7207 | Val post/prior Total=0.6769/0.7230, Recon post/prior=0.5959/0.5924, KL=0.0331, CycSim post/prior=0.0616/0.0400, CycMeas=0.0984, PriorBnd post/prior=2.12e-04/1.18e-04 | Best 0.0974 | Patience 14/40
 >> Epoch 144 | Train Total=0.7209 | Val post/prior Total=0.6716/0.7179, Recon post/prior=0.5942/0.5893, KL=0.0319, CycSim post/prior=0.0586/0.0387, CycMeas=0.0977, PriorBnd post/prior=2.73e-04/1.25e-04 | Best 0.0974 | Patience 15/40
 >> Epoch 145 | Train Total=0.7205 | Val post/prior Total=0.6711/0.7196, Recon post/prior=0.5942/0.5907, KL=0.0304, CycSim post/prior=0.0584/0.0389, CycMeas=0.0978, PriorBnd post/prior=1.57e-04/1.13e-04 | Best 0.0974 | Patience 16/40
 >> Epoch 146 | Train Total=0.7197 | Val post/prior Total=0.6734/0.7160, Recon post/prior=0.5929/0.5876, KL=0.0304, CycSim post/prior=0.0612/0.0385, CycMeas=0.0978, PriorBnd post/prior=2.49e-04/1.30e-04 | Best 0.0974 | Patience 17/40
 >> Epoch 147 | Train Total=0.7204 | Val post/prior Total=0.6740/0.7170, Recon post/prior=0.5940/0.5891, KL=0.0284, CycSim post/prior=0.0608/0.0383, CycMeas=0.0974, PriorBnd post/prior=4.84e-04/1.31e-04 | Best 0.0974 | Patience 18/40
 >> Epoch 148 | Train Total=0.7215 | Val post/prior Total=0.6697/0.7195, Recon post/prior=0.5937/0.5896, KL=0.0278, CycSim post/prior=0.0577/0.0380, CycMeas=0.1004, PriorBnd post/prior=2.28e-04/1.22e-04 | Best 0.0974 | Patience 19/40
 >> Epoch 149 | Train Total=0.7203 | Val post/prior Total=0.6756/0.7240, Recon post/prior=0.5956/0.5919, KL=0.0292, CycSim post/prior=0.0611/0.0415, CycMeas=0.0980, PriorBnd post/prior=1.59e-04/1.15e-04 | Best 0.0974 | Patience 20/40
 >> Epoch 150 | Train Total=0.7220 | Val post/prior Total=0.6706/0.7182, Recon post/prior=0.5947/0.5904, KL=0.0299, CycSim post/prior=0.0575/0.0381, CycMeas=0.0975, PriorBnd post/prior=1.89e-04/1.15e-04 | Best 0.0974 | Patience 21/40
 >> Epoch 151 | Train Total=0.7202 | Val post/prior Total=0.6763/0.7164, Recon post/prior=0.5934/0.5884, KL=0.0340, CycSim post/prior=0.0628/0.0378, CycMeas=0.0983, PriorBnd post/prior=3.90e-04/1.36e-04 | Best 0.0974 | Patience 22/40
 >> Epoch 152 | Train Total=0.7204 | Val post/prior Total=0.6735/0.7138, Recon post/prior=0.5922/0.5869, KL=0.0372, CycSim post/prior=0.0613/0.0370, CycMeas=0.0981, PriorBnd post/prior=3.04e-04/1.37e-04 | Best 0.0974 | Patience 23/40
 >> Epoch 153 | Train Total=0.7208 | Val post/prior Total=0.6713/0.7177, Recon post/prior=0.5942/0.5894, KL=0.0307, CycSim post/prior=0.0581/0.0374, CycMeas=0.0993, PriorBnd post/prior=4.13e-04/1.20e-04 | Best 0.0974 | Patience 24/40
 >> Epoch 154 | Train Total=0.7212 | Val post/prior Total=0.6734/0.7194, Recon post/prior=0.5945/0.5904, KL=0.0330, CycSim post/prior=0.0599/0.0388, CycMeas=0.0982, PriorBnd post/prior=1.89e-04/1.20e-04 | Best 0.0974 | Patience 25/40
 >> Epoch 155 | Train Total=0.7212 | Val post/prior Total=0.6733/0.7199, Recon post/prior=0.5948/0.5906, KL=0.0298, CycSim post/prior=0.0597/0.0393, CycMeas=0.0976, PriorBnd post/prior=2.35e-04/1.21e-04 | Best 0.0974 | Patience 26/40
 >> Epoch 156 | Train Total=0.7203 | Val post/prior Total=0.6896/0.7402, Recon post/prior=0.6013/0.5981, KL=0.0284, CycSim post/prior=0.0682/0.0502, CycMeas=0.0979, PriorBnd post/prior=1.50e-04/9.37e-05 | Best 0.0974 | Patience 27/40
 >> Epoch 157 | Train Total=0.7221 | Val post/prior Total=0.6762/0.7219, Recon post/prior=0.5960/0.5922, KL=0.0286, CycSim post/prior=0.0614/0.0393, CycMeas=0.0983, PriorBnd post/prior=1.76e-04/1.18e-04 | Best 0.0974 | Patience 28/40
 >> Epoch 158 | Train Total=0.7229 | Val post/prior Total=0.6708/0.7170, Recon post/prior=0.5937/0.5883, KL=0.0348, CycSim post/prior=0.0578/0.0383, CycMeas=0.0984, PriorBnd post/prior=3.78e-04/1.29e-04 | Best 0.0974 | Patience 29/40
 >> Epoch 159 | Train Total=0.7209 | Val post/prior Total=0.6757/0.7235, Recon post/prior=0.5956/0.5918, KL=0.0325, CycSim post/prior=0.0609/0.0407, CycMeas=0.0988, PriorBnd post/prior=1.65e-04/1.15e-04 | Best 0.0974 | Patience 30/40
 >> Epoch 160 | Train Total=0.7205 | Val post/prior Total=0.6743/0.7167, Recon post/prior=0.5940/0.5884, KL=0.0323, CycSim post/prior=0.0608/0.0381, CycMeas=0.0982, PriorBnd post/prior=3.74e-04/1.25e-04 | Best 0.0974 | Patience 31/40
 >> Epoch 161 | Train Total=0.7205 | Val post/prior Total=0.6698/0.7167, Recon post/prior=0.5934/0.5893, KL=0.0339, CycSim post/prior=0.0575/0.0375, CycMeas=0.0980, PriorBnd post/prior=2.54e-04/1.29e-04 | Best 0.0974 | Patience 32/40
 >> Epoch 162 | Train Total=0.7200 | Val post/prior Total=0.6711/0.7194, Recon post/prior=0.5941/0.5899, KL=0.0290, CycSim post/prior=0.0586/0.0387, CycMeas=0.0989, PriorBnd post/prior=1.80e-04/1.26e-04 | Best 0.0974 | Patience 33/40
 >> Epoch 163 | Train Total=0.7213 | Val post/prior Total=0.6736/0.7182, Recon post/prior=0.5933/0.5886, KL=0.0264, CycSim post/prior=0.0615/0.0396, CycMeas=0.0977, PriorBnd post/prior=1.44e-04/1.15e-04 | Best 0.0974 | Patience 34/40
 >> Epoch 164 | Train Total=0.7217 | Val post/prior Total=0.6714/0.7188, Recon post/prior=0.5940/0.5888, KL=0.0345, CycSim post/prior=0.0584/0.0385, CycMeas=0.0996, PriorBnd post/prior=2.86e-04/1.26e-04 | Best 0.0974 | Patience 35/40
 >> Epoch 165 | Train Total=0.7207 | Val post/prior Total=0.6736/0.7164, Recon post/prior=0.5930/0.5883, KL=0.0324, CycSim post/prior=0.0612/0.0378, CycMeas=0.0983, PriorBnd post/prior=1.91e-04/1.29e-04 | Best 0.0974 | Patience 36/40
 >> Epoch 166 | Train Total=0.7216 | Val post/prior Total=0.6731/0.7235, Recon post/prior=0.5969/0.5933, KL=0.0292, CycSim post/prior=0.0579/0.0396, CycMeas=0.0985, PriorBnd post/prior=2.42e-04/1.14e-04 | Best 0.0974 | Patience 37/40
 >> Epoch 167 | Train Total=0.7207 | Val post/prior Total=0.6731/0.7184, Recon post/prior=0.5937/0.5889, KL=0.0245, CycSim post/prior=0.0609/0.0395, CycMeas=0.0977, PriorBnd post/prior=1.90e-04/1.25e-04 | Best 0.0974 | Patience 38/40
 >> Epoch 168 | Train Total=0.7212 | Val post/prior Total=0.6716/0.7143, Recon post/prior=0.5926/0.5877, KL=0.0326, CycSim post/prior=0.0598/0.0370, CycMeas=0.0978, PriorBnd post/prior=1.98e-04/1.34e-04 | Best 0.0974 | Patience 39/40
 >> Epoch 169 | Train Total=0.7199 | Val post/prior Total=0.6725/0.7166, Recon post/prior=0.5933/0.5883, KL=0.0318, CycSim post/prior=0.0601/0.0383, CycMeas=0.0979, PriorBnd post/prior=2.44e-04/1.23e-04 | Best 0.0974 | Patience 40/40
[EarlyStop] at epoch 169
[Diag] Start to calcaulte diag in test preocess... 
[Diag] wrote 28930 rows to temp_Bidi_cvae\cvae_20251105-113019\diag_test.csv
[Diag] proxy_floor_ps  P50=0.0095  P90=0.0228  P95=0.0348  P99=0.2440
[Test] prior total=0.722809 | prior recon=0.592378 | kl=0.021964 | prior cyc_sim=0.039708 | cyc_meas=0.098752 | prior_l2=0.377892 | prior_bnd=0.000049 | 
